[2024-06-18T13:42:13.242+0545] {processor.py:161} INFO - Started process (PID=14111) to work on /home/prabal/afenv/lib/python3.10/site-packages/airflow/example_dags/subdags/subdag.py
[2024-06-18T13:42:13.243+0545] {processor.py:830} INFO - Processing file /home/prabal/afenv/lib/python3.10/site-packages/airflow/example_dags/subdags/subdag.py for tasks to queue
[2024-06-18T13:42:13.245+0545] {logging_mixin.py:188} INFO - [2024-06-18T13:42:13.245+0545] {dagbag.py:545} INFO - Filling up the DagBag from /home/prabal/afenv/lib/python3.10/site-packages/airflow/example_dags/subdags/subdag.py
[2024-06-18T13:42:13.247+0545] {processor.py:842} WARNING - No viable dags retrieved from /home/prabal/afenv/lib/python3.10/site-packages/airflow/example_dags/subdags/subdag.py
[2024-06-18T13:42:13.258+0545] {processor.py:183} INFO - Processing /home/prabal/afenv/lib/python3.10/site-packages/airflow/example_dags/subdags/subdag.py took 0.024 seconds
[2024-06-18T13:43:14.833+0545] {processor.py:161} INFO - Started process (PID=14404) to work on /home/prabal/afenv/lib/python3.10/site-packages/airflow/example_dags/subdags/subdag.py
[2024-06-18T13:43:14.846+0545] {processor.py:830} INFO - Processing file /home/prabal/afenv/lib/python3.10/site-packages/airflow/example_dags/subdags/subdag.py for tasks to queue
[2024-06-18T13:43:14.850+0545] {logging_mixin.py:188} INFO - [2024-06-18T13:43:14.849+0545] {dagbag.py:545} INFO - Filling up the DagBag from /home/prabal/afenv/lib/python3.10/site-packages/airflow/example_dags/subdags/subdag.py
[2024-06-18T13:43:14.857+0545] {processor.py:842} WARNING - No viable dags retrieved from /home/prabal/afenv/lib/python3.10/site-packages/airflow/example_dags/subdags/subdag.py
[2024-06-18T13:43:14.874+0545] {processor.py:183} INFO - Processing /home/prabal/afenv/lib/python3.10/site-packages/airflow/example_dags/subdags/subdag.py took 0.055 seconds
[2024-06-18T13:44:12.212+0545] {processor.py:161} INFO - Started process (PID=14694) to work on /home/prabal/afenv/lib/python3.10/site-packages/airflow/example_dags/subdags/subdag.py
[2024-06-18T13:44:12.214+0545] {processor.py:830} INFO - Processing file /home/prabal/afenv/lib/python3.10/site-packages/airflow/example_dags/subdags/subdag.py for tasks to queue
[2024-06-18T13:44:12.218+0545] {logging_mixin.py:188} INFO - [2024-06-18T13:44:12.217+0545] {dagbag.py:545} INFO - Filling up the DagBag from /home/prabal/afenv/lib/python3.10/site-packages/airflow/example_dags/subdags/subdag.py
[2024-06-18T13:44:12.222+0545] {processor.py:842} WARNING - No viable dags retrieved from /home/prabal/afenv/lib/python3.10/site-packages/airflow/example_dags/subdags/subdag.py
[2024-06-18T13:44:12.245+0545] {processor.py:183} INFO - Processing /home/prabal/afenv/lib/python3.10/site-packages/airflow/example_dags/subdags/subdag.py took 0.047 seconds
[2024-06-18T13:45:15.214+0545] {processor.py:161} INFO - Started process (PID=14994) to work on /home/prabal/afenv/lib/python3.10/site-packages/airflow/example_dags/subdags/subdag.py
[2024-06-18T13:45:15.223+0545] {processor.py:830} INFO - Processing file /home/prabal/afenv/lib/python3.10/site-packages/airflow/example_dags/subdags/subdag.py for tasks to queue
[2024-06-18T13:45:15.226+0545] {logging_mixin.py:188} INFO - [2024-06-18T13:45:15.225+0545] {dagbag.py:545} INFO - Filling up the DagBag from /home/prabal/afenv/lib/python3.10/site-packages/airflow/example_dags/subdags/subdag.py
[2024-06-18T13:45:15.229+0545] {processor.py:842} WARNING - No viable dags retrieved from /home/prabal/afenv/lib/python3.10/site-packages/airflow/example_dags/subdags/subdag.py
[2024-06-18T13:45:15.250+0545] {processor.py:183} INFO - Processing /home/prabal/afenv/lib/python3.10/site-packages/airflow/example_dags/subdags/subdag.py took 0.052 seconds
[2024-06-18T13:46:07.345+0545] {processor.py:161} INFO - Started process (PID=15245) to work on /home/prabal/afenv/lib/python3.10/site-packages/airflow/example_dags/subdags/subdag.py
[2024-06-18T13:46:07.358+0545] {processor.py:830} INFO - Processing file /home/prabal/afenv/lib/python3.10/site-packages/airflow/example_dags/subdags/subdag.py for tasks to queue
[2024-06-18T13:46:07.362+0545] {logging_mixin.py:188} INFO - [2024-06-18T13:46:07.361+0545] {dagbag.py:545} INFO - Filling up the DagBag from /home/prabal/afenv/lib/python3.10/site-packages/airflow/example_dags/subdags/subdag.py
[2024-06-18T13:46:07.367+0545] {processor.py:842} WARNING - No viable dags retrieved from /home/prabal/afenv/lib/python3.10/site-packages/airflow/example_dags/subdags/subdag.py
[2024-06-18T13:46:07.386+0545] {processor.py:183} INFO - Processing /home/prabal/afenv/lib/python3.10/site-packages/airflow/example_dags/subdags/subdag.py took 0.057 seconds
[2024-06-18T13:47:00.122+0545] {processor.py:161} INFO - Started process (PID=15501) to work on /home/prabal/afenv/lib/python3.10/site-packages/airflow/example_dags/subdags/subdag.py
[2024-06-18T13:47:00.125+0545] {processor.py:830} INFO - Processing file /home/prabal/afenv/lib/python3.10/site-packages/airflow/example_dags/subdags/subdag.py for tasks to queue
[2024-06-18T13:47:00.128+0545] {logging_mixin.py:188} INFO - [2024-06-18T13:47:00.127+0545] {dagbag.py:545} INFO - Filling up the DagBag from /home/prabal/afenv/lib/python3.10/site-packages/airflow/example_dags/subdags/subdag.py
[2024-06-18T13:47:00.133+0545] {processor.py:842} WARNING - No viable dags retrieved from /home/prabal/afenv/lib/python3.10/site-packages/airflow/example_dags/subdags/subdag.py
[2024-06-18T13:47:00.151+0545] {processor.py:183} INFO - Processing /home/prabal/afenv/lib/python3.10/site-packages/airflow/example_dags/subdags/subdag.py took 0.045 seconds
[2024-06-18T13:47:49.741+0545] {processor.py:161} INFO - Started process (PID=15743) to work on /home/prabal/afenv/lib/python3.10/site-packages/airflow/example_dags/subdags/subdag.py
[2024-06-18T13:47:49.743+0545] {processor.py:830} INFO - Processing file /home/prabal/afenv/lib/python3.10/site-packages/airflow/example_dags/subdags/subdag.py for tasks to queue
[2024-06-18T13:47:49.748+0545] {logging_mixin.py:188} INFO - [2024-06-18T13:47:49.747+0545] {dagbag.py:545} INFO - Filling up the DagBag from /home/prabal/afenv/lib/python3.10/site-packages/airflow/example_dags/subdags/subdag.py
[2024-06-18T13:47:49.752+0545] {processor.py:842} WARNING - No viable dags retrieved from /home/prabal/afenv/lib/python3.10/site-packages/airflow/example_dags/subdags/subdag.py
[2024-06-18T13:47:49.767+0545] {processor.py:183} INFO - Processing /home/prabal/afenv/lib/python3.10/site-packages/airflow/example_dags/subdags/subdag.py took 0.039 seconds
[2024-06-18T13:48:40.460+0545] {processor.py:161} INFO - Started process (PID=16005) to work on /home/prabal/afenv/lib/python3.10/site-packages/airflow/example_dags/subdags/subdag.py
[2024-06-18T13:48:40.473+0545] {processor.py:830} INFO - Processing file /home/prabal/afenv/lib/python3.10/site-packages/airflow/example_dags/subdags/subdag.py for tasks to queue
[2024-06-18T13:48:40.476+0545] {logging_mixin.py:188} INFO - [2024-06-18T13:48:40.476+0545] {dagbag.py:545} INFO - Filling up the DagBag from /home/prabal/afenv/lib/python3.10/site-packages/airflow/example_dags/subdags/subdag.py
[2024-06-18T13:48:40.480+0545] {processor.py:842} WARNING - No viable dags retrieved from /home/prabal/afenv/lib/python3.10/site-packages/airflow/example_dags/subdags/subdag.py
[2024-06-18T13:48:40.496+0545] {processor.py:183} INFO - Processing /home/prabal/afenv/lib/python3.10/site-packages/airflow/example_dags/subdags/subdag.py took 0.049 seconds
[2024-06-18T13:49:43.633+0545] {processor.py:161} INFO - Started process (PID=16315) to work on /home/prabal/afenv/lib/python3.10/site-packages/airflow/example_dags/subdags/subdag.py
[2024-06-18T13:49:43.646+0545] {processor.py:830} INFO - Processing file /home/prabal/afenv/lib/python3.10/site-packages/airflow/example_dags/subdags/subdag.py for tasks to queue
[2024-06-18T13:49:43.651+0545] {logging_mixin.py:188} INFO - [2024-06-18T13:49:43.650+0545] {dagbag.py:545} INFO - Filling up the DagBag from /home/prabal/afenv/lib/python3.10/site-packages/airflow/example_dags/subdags/subdag.py
[2024-06-18T13:49:43.655+0545] {processor.py:842} WARNING - No viable dags retrieved from /home/prabal/afenv/lib/python3.10/site-packages/airflow/example_dags/subdags/subdag.py
[2024-06-18T13:49:43.679+0545] {processor.py:183} INFO - Processing /home/prabal/afenv/lib/python3.10/site-packages/airflow/example_dags/subdags/subdag.py took 0.059 seconds
[2024-06-18T13:51:04.332+0545] {processor.py:161} INFO - Started process (PID=16704) to work on /home/prabal/afenv/lib/python3.10/site-packages/airflow/example_dags/subdags/subdag.py
[2024-06-18T13:51:04.346+0545] {processor.py:830} INFO - Processing file /home/prabal/afenv/lib/python3.10/site-packages/airflow/example_dags/subdags/subdag.py for tasks to queue
[2024-06-18T13:51:04.348+0545] {logging_mixin.py:188} INFO - [2024-06-18T13:51:04.348+0545] {dagbag.py:545} INFO - Filling up the DagBag from /home/prabal/afenv/lib/python3.10/site-packages/airflow/example_dags/subdags/subdag.py
[2024-06-18T13:51:04.352+0545] {processor.py:842} WARNING - No viable dags retrieved from /home/prabal/afenv/lib/python3.10/site-packages/airflow/example_dags/subdags/subdag.py
[2024-06-18T13:51:04.374+0545] {processor.py:183} INFO - Processing /home/prabal/afenv/lib/python3.10/site-packages/airflow/example_dags/subdags/subdag.py took 0.054 seconds
[2024-06-18T13:52:14.379+0545] {processor.py:161} INFO - Started process (PID=17084) to work on /home/prabal/afenv/lib/python3.10/site-packages/airflow/example_dags/subdags/subdag.py
[2024-06-18T13:52:14.392+0545] {processor.py:830} INFO - Processing file /home/prabal/afenv/lib/python3.10/site-packages/airflow/example_dags/subdags/subdag.py for tasks to queue
[2024-06-18T13:52:14.395+0545] {logging_mixin.py:188} INFO - [2024-06-18T13:52:14.394+0545] {dagbag.py:545} INFO - Filling up the DagBag from /home/prabal/afenv/lib/python3.10/site-packages/airflow/example_dags/subdags/subdag.py
[2024-06-18T13:52:14.398+0545] {processor.py:842} WARNING - No viable dags retrieved from /home/prabal/afenv/lib/python3.10/site-packages/airflow/example_dags/subdags/subdag.py
[2024-06-18T13:52:14.416+0545] {processor.py:183} INFO - Processing /home/prabal/afenv/lib/python3.10/site-packages/airflow/example_dags/subdags/subdag.py took 0.045 seconds
[2024-06-18T13:53:28.994+0545] {processor.py:161} INFO - Started process (PID=17478) to work on /home/prabal/afenv/lib/python3.10/site-packages/airflow/example_dags/subdags/subdag.py
[2024-06-18T13:53:29.007+0545] {processor.py:830} INFO - Processing file /home/prabal/afenv/lib/python3.10/site-packages/airflow/example_dags/subdags/subdag.py for tasks to queue
[2024-06-18T13:53:29.010+0545] {logging_mixin.py:188} INFO - [2024-06-18T13:53:29.009+0545] {dagbag.py:545} INFO - Filling up the DagBag from /home/prabal/afenv/lib/python3.10/site-packages/airflow/example_dags/subdags/subdag.py
[2024-06-18T13:53:29.014+0545] {processor.py:842} WARNING - No viable dags retrieved from /home/prabal/afenv/lib/python3.10/site-packages/airflow/example_dags/subdags/subdag.py
[2024-06-18T13:53:29.027+0545] {processor.py:183} INFO - Processing /home/prabal/afenv/lib/python3.10/site-packages/airflow/example_dags/subdags/subdag.py took 0.043 seconds
[2024-06-18T13:54:22.595+0545] {processor.py:161} INFO - Started process (PID=17739) to work on /home/prabal/afenv/lib/python3.10/site-packages/airflow/example_dags/subdags/subdag.py
[2024-06-18T13:54:22.609+0545] {processor.py:830} INFO - Processing file /home/prabal/afenv/lib/python3.10/site-packages/airflow/example_dags/subdags/subdag.py for tasks to queue
[2024-06-18T13:54:22.613+0545] {logging_mixin.py:188} INFO - [2024-06-18T13:54:22.612+0545] {dagbag.py:545} INFO - Filling up the DagBag from /home/prabal/afenv/lib/python3.10/site-packages/airflow/example_dags/subdags/subdag.py
[2024-06-18T13:54:22.617+0545] {processor.py:842} WARNING - No viable dags retrieved from /home/prabal/afenv/lib/python3.10/site-packages/airflow/example_dags/subdags/subdag.py
[2024-06-18T13:54:22.633+0545] {processor.py:183} INFO - Processing /home/prabal/afenv/lib/python3.10/site-packages/airflow/example_dags/subdags/subdag.py took 0.054 seconds
[2024-06-18T13:55:26.216+0545] {processor.py:161} INFO - Started process (PID=18071) to work on /home/prabal/afenv/lib/python3.10/site-packages/airflow/example_dags/subdags/subdag.py
[2024-06-18T13:55:26.228+0545] {processor.py:830} INFO - Processing file /home/prabal/afenv/lib/python3.10/site-packages/airflow/example_dags/subdags/subdag.py for tasks to queue
[2024-06-18T13:55:26.230+0545] {logging_mixin.py:188} INFO - [2024-06-18T13:55:26.230+0545] {dagbag.py:545} INFO - Filling up the DagBag from /home/prabal/afenv/lib/python3.10/site-packages/airflow/example_dags/subdags/subdag.py
[2024-06-18T13:55:26.233+0545] {processor.py:842} WARNING - No viable dags retrieved from /home/prabal/afenv/lib/python3.10/site-packages/airflow/example_dags/subdags/subdag.py
[2024-06-18T13:55:26.243+0545] {processor.py:183} INFO - Processing /home/prabal/afenv/lib/python3.10/site-packages/airflow/example_dags/subdags/subdag.py took 0.034 seconds
[2024-06-18T13:56:22.162+0545] {processor.py:161} INFO - Started process (PID=18339) to work on /home/prabal/afenv/lib/python3.10/site-packages/airflow/example_dags/subdags/subdag.py
[2024-06-18T13:56:22.164+0545] {processor.py:830} INFO - Processing file /home/prabal/afenv/lib/python3.10/site-packages/airflow/example_dags/subdags/subdag.py for tasks to queue
[2024-06-18T13:56:22.166+0545] {logging_mixin.py:188} INFO - [2024-06-18T13:56:22.166+0545] {dagbag.py:545} INFO - Filling up the DagBag from /home/prabal/afenv/lib/python3.10/site-packages/airflow/example_dags/subdags/subdag.py
[2024-06-18T13:56:22.169+0545] {processor.py:842} WARNING - No viable dags retrieved from /home/prabal/afenv/lib/python3.10/site-packages/airflow/example_dags/subdags/subdag.py
[2024-06-18T13:56:22.179+0545] {processor.py:183} INFO - Processing /home/prabal/afenv/lib/python3.10/site-packages/airflow/example_dags/subdags/subdag.py took 0.026 seconds
[2024-06-18T13:57:09.894+0545] {processor.py:161} INFO - Started process (PID=18573) to work on /home/prabal/afenv/lib/python3.10/site-packages/airflow/example_dags/subdags/subdag.py
[2024-06-18T13:57:09.908+0545] {processor.py:830} INFO - Processing file /home/prabal/afenv/lib/python3.10/site-packages/airflow/example_dags/subdags/subdag.py for tasks to queue
[2024-06-18T13:57:09.912+0545] {logging_mixin.py:188} INFO - [2024-06-18T13:57:09.911+0545] {dagbag.py:545} INFO - Filling up the DagBag from /home/prabal/afenv/lib/python3.10/site-packages/airflow/example_dags/subdags/subdag.py
[2024-06-18T13:57:09.917+0545] {processor.py:842} WARNING - No viable dags retrieved from /home/prabal/afenv/lib/python3.10/site-packages/airflow/example_dags/subdags/subdag.py
[2024-06-18T13:57:09.942+0545] {processor.py:183} INFO - Processing /home/prabal/afenv/lib/python3.10/site-packages/airflow/example_dags/subdags/subdag.py took 0.066 seconds
[2024-06-18T14:05:04.041+0545] {processor.py:161} INFO - Started process (PID=20660) to work on /home/prabal/afenv/lib/python3.10/site-packages/airflow/example_dags/subdags/subdag.py
[2024-06-18T14:05:04.053+0545] {processor.py:830} INFO - Processing file /home/prabal/afenv/lib/python3.10/site-packages/airflow/example_dags/subdags/subdag.py for tasks to queue
[2024-06-18T14:05:04.055+0545] {logging_mixin.py:188} INFO - [2024-06-18T14:05:04.054+0545] {dagbag.py:545} INFO - Filling up the DagBag from /home/prabal/afenv/lib/python3.10/site-packages/airflow/example_dags/subdags/subdag.py
[2024-06-18T14:05:04.057+0545] {processor.py:842} WARNING - No viable dags retrieved from /home/prabal/afenv/lib/python3.10/site-packages/airflow/example_dags/subdags/subdag.py
[2024-06-18T14:05:04.067+0545] {processor.py:183} INFO - Processing /home/prabal/afenv/lib/python3.10/site-packages/airflow/example_dags/subdags/subdag.py took 0.032 seconds
[2024-06-18T14:06:09.149+0545] {processor.py:161} INFO - Started process (PID=20984) to work on /home/prabal/afenv/lib/python3.10/site-packages/airflow/example_dags/subdags/subdag.py
[2024-06-18T14:06:09.163+0545] {processor.py:830} INFO - Processing file /home/prabal/afenv/lib/python3.10/site-packages/airflow/example_dags/subdags/subdag.py for tasks to queue
[2024-06-18T14:06:09.167+0545] {logging_mixin.py:188} INFO - [2024-06-18T14:06:09.166+0545] {dagbag.py:545} INFO - Filling up the DagBag from /home/prabal/afenv/lib/python3.10/site-packages/airflow/example_dags/subdags/subdag.py
[2024-06-18T14:06:09.172+0545] {processor.py:842} WARNING - No viable dags retrieved from /home/prabal/afenv/lib/python3.10/site-packages/airflow/example_dags/subdags/subdag.py
[2024-06-18T14:06:09.190+0545] {processor.py:183} INFO - Processing /home/prabal/afenv/lib/python3.10/site-packages/airflow/example_dags/subdags/subdag.py took 0.055 seconds
[2024-06-18T14:07:06.521+0545] {processor.py:161} INFO - Started process (PID=21260) to work on /home/prabal/afenv/lib/python3.10/site-packages/airflow/example_dags/subdags/subdag.py
[2024-06-18T14:07:06.533+0545] {processor.py:830} INFO - Processing file /home/prabal/afenv/lib/python3.10/site-packages/airflow/example_dags/subdags/subdag.py for tasks to queue
[2024-06-18T14:07:06.537+0545] {logging_mixin.py:188} INFO - [2024-06-18T14:07:06.536+0545] {dagbag.py:545} INFO - Filling up the DagBag from /home/prabal/afenv/lib/python3.10/site-packages/airflow/example_dags/subdags/subdag.py
[2024-06-18T14:07:06.542+0545] {processor.py:842} WARNING - No viable dags retrieved from /home/prabal/afenv/lib/python3.10/site-packages/airflow/example_dags/subdags/subdag.py
[2024-06-18T14:07:06.559+0545] {processor.py:183} INFO - Processing /home/prabal/afenv/lib/python3.10/site-packages/airflow/example_dags/subdags/subdag.py took 0.052 seconds
[2024-06-18T14:08:03.388+0545] {processor.py:161} INFO - Started process (PID=21543) to work on /home/prabal/afenv/lib/python3.10/site-packages/airflow/example_dags/subdags/subdag.py
[2024-06-18T14:08:03.401+0545] {processor.py:830} INFO - Processing file /home/prabal/afenv/lib/python3.10/site-packages/airflow/example_dags/subdags/subdag.py for tasks to queue
[2024-06-18T14:08:03.405+0545] {logging_mixin.py:188} INFO - [2024-06-18T14:08:03.404+0545] {dagbag.py:545} INFO - Filling up the DagBag from /home/prabal/afenv/lib/python3.10/site-packages/airflow/example_dags/subdags/subdag.py
[2024-06-18T14:08:03.410+0545] {processor.py:842} WARNING - No viable dags retrieved from /home/prabal/afenv/lib/python3.10/site-packages/airflow/example_dags/subdags/subdag.py
[2024-06-18T14:08:03.432+0545] {processor.py:183} INFO - Processing /home/prabal/afenv/lib/python3.10/site-packages/airflow/example_dags/subdags/subdag.py took 0.058 seconds
[2024-06-18T14:08:57.194+0545] {processor.py:161} INFO - Started process (PID=21801) to work on /home/prabal/afenv/lib/python3.10/site-packages/airflow/example_dags/subdags/subdag.py
[2024-06-18T14:08:57.207+0545] {processor.py:830} INFO - Processing file /home/prabal/afenv/lib/python3.10/site-packages/airflow/example_dags/subdags/subdag.py for tasks to queue
[2024-06-18T14:08:57.210+0545] {logging_mixin.py:188} INFO - [2024-06-18T14:08:57.210+0545] {dagbag.py:545} INFO - Filling up the DagBag from /home/prabal/afenv/lib/python3.10/site-packages/airflow/example_dags/subdags/subdag.py
[2024-06-18T14:08:57.216+0545] {processor.py:842} WARNING - No viable dags retrieved from /home/prabal/afenv/lib/python3.10/site-packages/airflow/example_dags/subdags/subdag.py
[2024-06-18T14:08:57.233+0545] {processor.py:183} INFO - Processing /home/prabal/afenv/lib/python3.10/site-packages/airflow/example_dags/subdags/subdag.py took 0.052 seconds
[2024-06-18T14:09:52.653+0545] {processor.py:161} INFO - Started process (PID=22067) to work on /home/prabal/afenv/lib/python3.10/site-packages/airflow/example_dags/subdags/subdag.py
[2024-06-18T14:09:52.667+0545] {processor.py:830} INFO - Processing file /home/prabal/afenv/lib/python3.10/site-packages/airflow/example_dags/subdags/subdag.py for tasks to queue
[2024-06-18T14:09:52.670+0545] {logging_mixin.py:188} INFO - [2024-06-18T14:09:52.669+0545] {dagbag.py:545} INFO - Filling up the DagBag from /home/prabal/afenv/lib/python3.10/site-packages/airflow/example_dags/subdags/subdag.py
[2024-06-18T14:09:52.675+0545] {processor.py:842} WARNING - No viable dags retrieved from /home/prabal/afenv/lib/python3.10/site-packages/airflow/example_dags/subdags/subdag.py
[2024-06-18T14:09:52.699+0545] {processor.py:183} INFO - Processing /home/prabal/afenv/lib/python3.10/site-packages/airflow/example_dags/subdags/subdag.py took 0.064 seconds
[2024-06-18T14:10:47.262+0545] {processor.py:161} INFO - Started process (PID=22328) to work on /home/prabal/afenv/lib/python3.10/site-packages/airflow/example_dags/subdags/subdag.py
[2024-06-18T14:10:47.275+0545] {processor.py:830} INFO - Processing file /home/prabal/afenv/lib/python3.10/site-packages/airflow/example_dags/subdags/subdag.py for tasks to queue
[2024-06-18T14:10:47.279+0545] {logging_mixin.py:188} INFO - [2024-06-18T14:10:47.278+0545] {dagbag.py:545} INFO - Filling up the DagBag from /home/prabal/afenv/lib/python3.10/site-packages/airflow/example_dags/subdags/subdag.py
[2024-06-18T14:10:47.283+0545] {processor.py:842} WARNING - No viable dags retrieved from /home/prabal/afenv/lib/python3.10/site-packages/airflow/example_dags/subdags/subdag.py
[2024-06-18T14:10:47.306+0545] {processor.py:183} INFO - Processing /home/prabal/afenv/lib/python3.10/site-packages/airflow/example_dags/subdags/subdag.py took 0.058 seconds
[2024-06-18T14:11:38.082+0545] {processor.py:161} INFO - Started process (PID=22575) to work on /home/prabal/afenv/lib/python3.10/site-packages/airflow/example_dags/subdags/subdag.py
[2024-06-18T14:11:38.094+0545] {processor.py:830} INFO - Processing file /home/prabal/afenv/lib/python3.10/site-packages/airflow/example_dags/subdags/subdag.py for tasks to queue
[2024-06-18T14:11:38.097+0545] {logging_mixin.py:188} INFO - [2024-06-18T14:11:38.096+0545] {dagbag.py:545} INFO - Filling up the DagBag from /home/prabal/afenv/lib/python3.10/site-packages/airflow/example_dags/subdags/subdag.py
[2024-06-18T14:11:38.102+0545] {processor.py:842} WARNING - No viable dags retrieved from /home/prabal/afenv/lib/python3.10/site-packages/airflow/example_dags/subdags/subdag.py
[2024-06-18T14:11:38.124+0545] {processor.py:183} INFO - Processing /home/prabal/afenv/lib/python3.10/site-packages/airflow/example_dags/subdags/subdag.py took 0.058 seconds
[2024-06-18T14:12:28.973+0545] {processor.py:161} INFO - Started process (PID=22820) to work on /home/prabal/afenv/lib/python3.10/site-packages/airflow/example_dags/subdags/subdag.py
[2024-06-18T14:12:28.987+0545] {processor.py:830} INFO - Processing file /home/prabal/afenv/lib/python3.10/site-packages/airflow/example_dags/subdags/subdag.py for tasks to queue
[2024-06-18T14:12:28.990+0545] {logging_mixin.py:188} INFO - [2024-06-18T14:12:28.989+0545] {dagbag.py:545} INFO - Filling up the DagBag from /home/prabal/afenv/lib/python3.10/site-packages/airflow/example_dags/subdags/subdag.py
[2024-06-18T14:12:28.994+0545] {processor.py:842} WARNING - No viable dags retrieved from /home/prabal/afenv/lib/python3.10/site-packages/airflow/example_dags/subdags/subdag.py
[2024-06-18T14:12:29.017+0545] {processor.py:183} INFO - Processing /home/prabal/afenv/lib/python3.10/site-packages/airflow/example_dags/subdags/subdag.py took 0.058 seconds
[2024-06-18T14:13:18.875+0545] {processor.py:161} INFO - Started process (PID=23061) to work on /home/prabal/afenv/lib/python3.10/site-packages/airflow/example_dags/subdags/subdag.py
[2024-06-18T14:13:18.877+0545] {processor.py:830} INFO - Processing file /home/prabal/afenv/lib/python3.10/site-packages/airflow/example_dags/subdags/subdag.py for tasks to queue
[2024-06-18T14:13:18.881+0545] {logging_mixin.py:188} INFO - [2024-06-18T14:13:18.880+0545] {dagbag.py:545} INFO - Filling up the DagBag from /home/prabal/afenv/lib/python3.10/site-packages/airflow/example_dags/subdags/subdag.py
[2024-06-18T14:13:18.885+0545] {processor.py:842} WARNING - No viable dags retrieved from /home/prabal/afenv/lib/python3.10/site-packages/airflow/example_dags/subdags/subdag.py
[2024-06-18T14:13:18.908+0545] {processor.py:183} INFO - Processing /home/prabal/afenv/lib/python3.10/site-packages/airflow/example_dags/subdags/subdag.py took 0.045 seconds
[2024-06-18T14:14:12.532+0545] {processor.py:161} INFO - Started process (PID=23320) to work on /home/prabal/afenv/lib/python3.10/site-packages/airflow/example_dags/subdags/subdag.py
[2024-06-18T14:14:12.535+0545] {processor.py:830} INFO - Processing file /home/prabal/afenv/lib/python3.10/site-packages/airflow/example_dags/subdags/subdag.py for tasks to queue
[2024-06-18T14:14:12.538+0545] {logging_mixin.py:188} INFO - [2024-06-18T14:14:12.537+0545] {dagbag.py:545} INFO - Filling up the DagBag from /home/prabal/afenv/lib/python3.10/site-packages/airflow/example_dags/subdags/subdag.py
[2024-06-18T14:14:12.543+0545] {processor.py:842} WARNING - No viable dags retrieved from /home/prabal/afenv/lib/python3.10/site-packages/airflow/example_dags/subdags/subdag.py
[2024-06-18T14:14:12.565+0545] {processor.py:183} INFO - Processing /home/prabal/afenv/lib/python3.10/site-packages/airflow/example_dags/subdags/subdag.py took 0.046 seconds
[2024-06-18T14:15:06.205+0545] {processor.py:161} INFO - Started process (PID=23606) to work on /home/prabal/afenv/lib/python3.10/site-packages/airflow/example_dags/subdags/subdag.py
[2024-06-18T14:15:06.218+0545] {processor.py:830} INFO - Processing file /home/prabal/afenv/lib/python3.10/site-packages/airflow/example_dags/subdags/subdag.py for tasks to queue
[2024-06-18T14:15:06.221+0545] {logging_mixin.py:188} INFO - [2024-06-18T14:15:06.220+0545] {dagbag.py:545} INFO - Filling up the DagBag from /home/prabal/afenv/lib/python3.10/site-packages/airflow/example_dags/subdags/subdag.py
[2024-06-18T14:15:06.224+0545] {processor.py:842} WARNING - No viable dags retrieved from /home/prabal/afenv/lib/python3.10/site-packages/airflow/example_dags/subdags/subdag.py
[2024-06-18T14:15:06.236+0545] {processor.py:183} INFO - Processing /home/prabal/afenv/lib/python3.10/site-packages/airflow/example_dags/subdags/subdag.py took 0.038 seconds
[2024-06-18T14:16:13.615+0545] {processor.py:161} INFO - Started process (PID=23927) to work on /home/prabal/afenv/lib/python3.10/site-packages/airflow/example_dags/subdags/subdag.py
[2024-06-18T14:16:13.628+0545] {processor.py:830} INFO - Processing file /home/prabal/afenv/lib/python3.10/site-packages/airflow/example_dags/subdags/subdag.py for tasks to queue
[2024-06-18T14:16:13.632+0545] {logging_mixin.py:188} INFO - [2024-06-18T14:16:13.631+0545] {dagbag.py:545} INFO - Filling up the DagBag from /home/prabal/afenv/lib/python3.10/site-packages/airflow/example_dags/subdags/subdag.py
[2024-06-18T14:16:13.637+0545] {processor.py:842} WARNING - No viable dags retrieved from /home/prabal/afenv/lib/python3.10/site-packages/airflow/example_dags/subdags/subdag.py
[2024-06-18T14:16:13.660+0545] {processor.py:183} INFO - Processing /home/prabal/afenv/lib/python3.10/site-packages/airflow/example_dags/subdags/subdag.py took 0.059 seconds
[2024-06-18T14:17:07.178+0545] {processor.py:161} INFO - Started process (PID=24187) to work on /home/prabal/afenv/lib/python3.10/site-packages/airflow/example_dags/subdags/subdag.py
[2024-06-18T14:17:07.191+0545] {processor.py:830} INFO - Processing file /home/prabal/afenv/lib/python3.10/site-packages/airflow/example_dags/subdags/subdag.py for tasks to queue
[2024-06-18T14:17:07.194+0545] {logging_mixin.py:188} INFO - [2024-06-18T14:17:07.193+0545] {dagbag.py:545} INFO - Filling up the DagBag from /home/prabal/afenv/lib/python3.10/site-packages/airflow/example_dags/subdags/subdag.py
[2024-06-18T14:17:07.199+0545] {processor.py:842} WARNING - No viable dags retrieved from /home/prabal/afenv/lib/python3.10/site-packages/airflow/example_dags/subdags/subdag.py
[2024-06-18T14:17:07.214+0545] {processor.py:183} INFO - Processing /home/prabal/afenv/lib/python3.10/site-packages/airflow/example_dags/subdags/subdag.py took 0.050 seconds
[2024-06-18T14:18:01.948+0545] {processor.py:161} INFO - Started process (PID=24447) to work on /home/prabal/afenv/lib/python3.10/site-packages/airflow/example_dags/subdags/subdag.py
[2024-06-18T14:18:01.961+0545] {processor.py:830} INFO - Processing file /home/prabal/afenv/lib/python3.10/site-packages/airflow/example_dags/subdags/subdag.py for tasks to queue
[2024-06-18T14:18:01.963+0545] {logging_mixin.py:188} INFO - [2024-06-18T14:18:01.963+0545] {dagbag.py:545} INFO - Filling up the DagBag from /home/prabal/afenv/lib/python3.10/site-packages/airflow/example_dags/subdags/subdag.py
[2024-06-18T14:18:01.967+0545] {processor.py:842} WARNING - No viable dags retrieved from /home/prabal/afenv/lib/python3.10/site-packages/airflow/example_dags/subdags/subdag.py
[2024-06-18T14:18:01.979+0545] {processor.py:183} INFO - Processing /home/prabal/afenv/lib/python3.10/site-packages/airflow/example_dags/subdags/subdag.py took 0.044 seconds
[2024-06-18T14:18:57.154+0545] {processor.py:161} INFO - Started process (PID=24714) to work on /home/prabal/afenv/lib/python3.10/site-packages/airflow/example_dags/subdags/subdag.py
[2024-06-18T14:18:57.168+0545] {processor.py:830} INFO - Processing file /home/prabal/afenv/lib/python3.10/site-packages/airflow/example_dags/subdags/subdag.py for tasks to queue
[2024-06-18T14:18:57.171+0545] {logging_mixin.py:188} INFO - [2024-06-18T14:18:57.171+0545] {dagbag.py:545} INFO - Filling up the DagBag from /home/prabal/afenv/lib/python3.10/site-packages/airflow/example_dags/subdags/subdag.py
[2024-06-18T14:18:57.176+0545] {processor.py:842} WARNING - No viable dags retrieved from /home/prabal/afenv/lib/python3.10/site-packages/airflow/example_dags/subdags/subdag.py
[2024-06-18T14:18:57.199+0545] {processor.py:183} INFO - Processing /home/prabal/afenv/lib/python3.10/site-packages/airflow/example_dags/subdags/subdag.py took 0.059 seconds
[2024-06-18T14:19:53.849+0545] {processor.py:161} INFO - Started process (PID=24983) to work on /home/prabal/afenv/lib/python3.10/site-packages/airflow/example_dags/subdags/subdag.py
[2024-06-18T14:19:53.862+0545] {processor.py:830} INFO - Processing file /home/prabal/afenv/lib/python3.10/site-packages/airflow/example_dags/subdags/subdag.py for tasks to queue
[2024-06-18T14:19:53.865+0545] {logging_mixin.py:188} INFO - [2024-06-18T14:19:53.864+0545] {dagbag.py:545} INFO - Filling up the DagBag from /home/prabal/afenv/lib/python3.10/site-packages/airflow/example_dags/subdags/subdag.py
[2024-06-18T14:19:53.871+0545] {processor.py:842} WARNING - No viable dags retrieved from /home/prabal/afenv/lib/python3.10/site-packages/airflow/example_dags/subdags/subdag.py
[2024-06-18T14:19:53.894+0545] {processor.py:183} INFO - Processing /home/prabal/afenv/lib/python3.10/site-packages/airflow/example_dags/subdags/subdag.py took 0.060 seconds
[2024-06-18T14:20:44.496+0545] {processor.py:161} INFO - Started process (PID=25229) to work on /home/prabal/afenv/lib/python3.10/site-packages/airflow/example_dags/subdags/subdag.py
[2024-06-18T14:20:44.510+0545] {processor.py:830} INFO - Processing file /home/prabal/afenv/lib/python3.10/site-packages/airflow/example_dags/subdags/subdag.py for tasks to queue
[2024-06-18T14:20:44.514+0545] {logging_mixin.py:188} INFO - [2024-06-18T14:20:44.513+0545] {dagbag.py:545} INFO - Filling up the DagBag from /home/prabal/afenv/lib/python3.10/site-packages/airflow/example_dags/subdags/subdag.py
[2024-06-18T14:20:44.519+0545] {processor.py:842} WARNING - No viable dags retrieved from /home/prabal/afenv/lib/python3.10/site-packages/airflow/example_dags/subdags/subdag.py
[2024-06-18T14:20:44.543+0545] {processor.py:183} INFO - Processing /home/prabal/afenv/lib/python3.10/site-packages/airflow/example_dags/subdags/subdag.py took 0.062 seconds
[2024-06-18T14:21:37.700+0545] {processor.py:161} INFO - Started process (PID=25482) to work on /home/prabal/afenv/lib/python3.10/site-packages/airflow/example_dags/subdags/subdag.py
[2024-06-18T14:21:37.714+0545] {processor.py:830} INFO - Processing file /home/prabal/afenv/lib/python3.10/site-packages/airflow/example_dags/subdags/subdag.py for tasks to queue
[2024-06-18T14:21:37.718+0545] {logging_mixin.py:188} INFO - [2024-06-18T14:21:37.717+0545] {dagbag.py:545} INFO - Filling up the DagBag from /home/prabal/afenv/lib/python3.10/site-packages/airflow/example_dags/subdags/subdag.py
[2024-06-18T14:21:37.722+0545] {processor.py:842} WARNING - No viable dags retrieved from /home/prabal/afenv/lib/python3.10/site-packages/airflow/example_dags/subdags/subdag.py
[2024-06-18T14:21:37.740+0545] {processor.py:183} INFO - Processing /home/prabal/afenv/lib/python3.10/site-packages/airflow/example_dags/subdags/subdag.py took 0.055 seconds
[2024-06-18T14:22:33.127+0545] {processor.py:161} INFO - Started process (PID=25750) to work on /home/prabal/afenv/lib/python3.10/site-packages/airflow/example_dags/subdags/subdag.py
[2024-06-18T14:22:33.141+0545] {processor.py:830} INFO - Processing file /home/prabal/afenv/lib/python3.10/site-packages/airflow/example_dags/subdags/subdag.py for tasks to queue
[2024-06-18T14:22:33.145+0545] {logging_mixin.py:188} INFO - [2024-06-18T14:22:33.144+0545] {dagbag.py:545} INFO - Filling up the DagBag from /home/prabal/afenv/lib/python3.10/site-packages/airflow/example_dags/subdags/subdag.py
[2024-06-18T14:22:33.150+0545] {processor.py:842} WARNING - No viable dags retrieved from /home/prabal/afenv/lib/python3.10/site-packages/airflow/example_dags/subdags/subdag.py
[2024-06-18T14:22:33.173+0545] {processor.py:183} INFO - Processing /home/prabal/afenv/lib/python3.10/site-packages/airflow/example_dags/subdags/subdag.py took 0.060 seconds
[2024-06-18T14:23:25.747+0545] {processor.py:161} INFO - Started process (PID=26007) to work on /home/prabal/afenv/lib/python3.10/site-packages/airflow/example_dags/subdags/subdag.py
[2024-06-18T14:23:25.760+0545] {processor.py:830} INFO - Processing file /home/prabal/afenv/lib/python3.10/site-packages/airflow/example_dags/subdags/subdag.py for tasks to queue
[2024-06-18T14:23:25.764+0545] {logging_mixin.py:188} INFO - [2024-06-18T14:23:25.763+0545] {dagbag.py:545} INFO - Filling up the DagBag from /home/prabal/afenv/lib/python3.10/site-packages/airflow/example_dags/subdags/subdag.py
[2024-06-18T14:23:25.766+0545] {processor.py:842} WARNING - No viable dags retrieved from /home/prabal/afenv/lib/python3.10/site-packages/airflow/example_dags/subdags/subdag.py
[2024-06-18T14:23:25.776+0545] {processor.py:183} INFO - Processing /home/prabal/afenv/lib/python3.10/site-packages/airflow/example_dags/subdags/subdag.py took 0.044 seconds
[2024-06-18T17:15:42.858+0545] {processor.py:161} INFO - Started process (PID=4037) to work on /home/prabal/afenv/lib/python3.10/site-packages/airflow/example_dags/subdags/subdag.py
[2024-06-18T17:15:42.861+0545] {processor.py:830} INFO - Processing file /home/prabal/afenv/lib/python3.10/site-packages/airflow/example_dags/subdags/subdag.py for tasks to queue
[2024-06-18T17:15:42.864+0545] {logging_mixin.py:188} INFO - [2024-06-18T17:15:42.864+0545] {dagbag.py:545} INFO - Filling up the DagBag from /home/prabal/afenv/lib/python3.10/site-packages/airflow/example_dags/subdags/subdag.py
[2024-06-18T17:15:42.868+0545] {processor.py:842} WARNING - No viable dags retrieved from /home/prabal/afenv/lib/python3.10/site-packages/airflow/example_dags/subdags/subdag.py
[2024-06-18T17:15:42.886+0545] {processor.py:183} INFO - Processing /home/prabal/afenv/lib/python3.10/site-packages/airflow/example_dags/subdags/subdag.py took 0.042 seconds
[2024-06-18T17:17:25.847+0545] {processor.py:161} INFO - Started process (PID=4604) to work on /home/prabal/afenv/lib/python3.10/site-packages/airflow/example_dags/subdags/subdag.py
[2024-06-18T17:17:25.850+0545] {processor.py:830} INFO - Processing file /home/prabal/afenv/lib/python3.10/site-packages/airflow/example_dags/subdags/subdag.py for tasks to queue
[2024-06-18T17:17:25.852+0545] {logging_mixin.py:188} INFO - [2024-06-18T17:17:25.851+0545] {dagbag.py:545} INFO - Filling up the DagBag from /home/prabal/afenv/lib/python3.10/site-packages/airflow/example_dags/subdags/subdag.py
[2024-06-18T17:17:25.856+0545] {processor.py:842} WARNING - No viable dags retrieved from /home/prabal/afenv/lib/python3.10/site-packages/airflow/example_dags/subdags/subdag.py
[2024-06-18T17:17:25.875+0545] {processor.py:183} INFO - Processing /home/prabal/afenv/lib/python3.10/site-packages/airflow/example_dags/subdags/subdag.py took 0.040 seconds
[2024-06-18T17:18:26.268+0545] {processor.py:161} INFO - Started process (PID=4950) to work on /home/prabal/afenv/lib/python3.10/site-packages/airflow/example_dags/subdags/subdag.py
[2024-06-18T17:18:26.282+0545] {processor.py:830} INFO - Processing file /home/prabal/afenv/lib/python3.10/site-packages/airflow/example_dags/subdags/subdag.py for tasks to queue
[2024-06-18T17:18:26.284+0545] {logging_mixin.py:188} INFO - [2024-06-18T17:18:26.283+0545] {dagbag.py:545} INFO - Filling up the DagBag from /home/prabal/afenv/lib/python3.10/site-packages/airflow/example_dags/subdags/subdag.py
[2024-06-18T17:18:26.289+0545] {processor.py:842} WARNING - No viable dags retrieved from /home/prabal/afenv/lib/python3.10/site-packages/airflow/example_dags/subdags/subdag.py
[2024-06-18T17:18:26.311+0545] {processor.py:183} INFO - Processing /home/prabal/afenv/lib/python3.10/site-packages/airflow/example_dags/subdags/subdag.py took 0.057 seconds
[2024-06-18T17:19:26.460+0545] {processor.py:161} INFO - Started process (PID=5602) to work on /home/prabal/afenv/lib/python3.10/site-packages/airflow/example_dags/subdags/subdag.py
[2024-06-18T17:19:26.473+0545] {processor.py:830} INFO - Processing file /home/prabal/afenv/lib/python3.10/site-packages/airflow/example_dags/subdags/subdag.py for tasks to queue
[2024-06-18T17:19:26.475+0545] {logging_mixin.py:188} INFO - [2024-06-18T17:19:26.474+0545] {dagbag.py:545} INFO - Filling up the DagBag from /home/prabal/afenv/lib/python3.10/site-packages/airflow/example_dags/subdags/subdag.py
[2024-06-18T17:19:26.479+0545] {processor.py:842} WARNING - No viable dags retrieved from /home/prabal/afenv/lib/python3.10/site-packages/airflow/example_dags/subdags/subdag.py
[2024-06-18T17:19:26.497+0545] {processor.py:183} INFO - Processing /home/prabal/afenv/lib/python3.10/site-packages/airflow/example_dags/subdags/subdag.py took 0.050 seconds
[2024-06-18T17:20:19.512+0545] {processor.py:161} INFO - Started process (PID=6308) to work on /home/prabal/afenv/lib/python3.10/site-packages/airflow/example_dags/subdags/subdag.py
[2024-06-18T17:20:19.514+0545] {processor.py:830} INFO - Processing file /home/prabal/afenv/lib/python3.10/site-packages/airflow/example_dags/subdags/subdag.py for tasks to queue
[2024-06-18T17:20:19.516+0545] {logging_mixin.py:188} INFO - [2024-06-18T17:20:19.515+0545] {dagbag.py:545} INFO - Filling up the DagBag from /home/prabal/afenv/lib/python3.10/site-packages/airflow/example_dags/subdags/subdag.py
[2024-06-18T17:20:19.520+0545] {processor.py:842} WARNING - No viable dags retrieved from /home/prabal/afenv/lib/python3.10/site-packages/airflow/example_dags/subdags/subdag.py
[2024-06-18T17:20:19.539+0545] {processor.py:183} INFO - Processing /home/prabal/afenv/lib/python3.10/site-packages/airflow/example_dags/subdags/subdag.py took 0.040 seconds
[2024-06-18T17:21:53.361+0545] {processor.py:161} INFO - Started process (PID=6962) to work on /home/prabal/afenv/lib/python3.10/site-packages/airflow/example_dags/subdags/subdag.py
[2024-06-18T17:21:53.364+0545] {processor.py:830} INFO - Processing file /home/prabal/afenv/lib/python3.10/site-packages/airflow/example_dags/subdags/subdag.py for tasks to queue
[2024-06-18T17:21:53.367+0545] {logging_mixin.py:188} INFO - [2024-06-18T17:21:53.366+0545] {dagbag.py:545} INFO - Filling up the DagBag from /home/prabal/afenv/lib/python3.10/site-packages/airflow/example_dags/subdags/subdag.py
[2024-06-18T17:21:53.374+0545] {processor.py:842} WARNING - No viable dags retrieved from /home/prabal/afenv/lib/python3.10/site-packages/airflow/example_dags/subdags/subdag.py
[2024-06-18T17:21:53.401+0545] {processor.py:183} INFO - Processing /home/prabal/afenv/lib/python3.10/site-packages/airflow/example_dags/subdags/subdag.py took 0.052 seconds
[2024-06-18T17:23:00.368+0545] {processor.py:161} INFO - Started process (PID=7319) to work on /home/prabal/afenv/lib/python3.10/site-packages/airflow/example_dags/subdags/subdag.py
[2024-06-18T17:23:00.371+0545] {processor.py:830} INFO - Processing file /home/prabal/afenv/lib/python3.10/site-packages/airflow/example_dags/subdags/subdag.py for tasks to queue
[2024-06-18T17:23:00.374+0545] {logging_mixin.py:188} INFO - [2024-06-18T17:23:00.373+0545] {dagbag.py:545} INFO - Filling up the DagBag from /home/prabal/afenv/lib/python3.10/site-packages/airflow/example_dags/subdags/subdag.py
[2024-06-18T17:23:00.378+0545] {processor.py:842} WARNING - No viable dags retrieved from /home/prabal/afenv/lib/python3.10/site-packages/airflow/example_dags/subdags/subdag.py
[2024-06-18T17:23:00.397+0545] {processor.py:183} INFO - Processing /home/prabal/afenv/lib/python3.10/site-packages/airflow/example_dags/subdags/subdag.py took 0.041 seconds
