[2024-06-18T13:42:15.684+0545] {processor.py:161} INFO - Started process (PID=14124) to work on /home/prabal/afenv/lib/python3.10/site-packages/airflow/example_dags/plugins/decreasing_priority_weight_strategy.py
[2024-06-18T13:42:15.686+0545] {processor.py:830} INFO - Processing file /home/prabal/afenv/lib/python3.10/site-packages/airflow/example_dags/plugins/decreasing_priority_weight_strategy.py for tasks to queue
[2024-06-18T13:42:15.689+0545] {logging_mixin.py:188} INFO - [2024-06-18T13:42:15.688+0545] {dagbag.py:545} INFO - Filling up the DagBag from /home/prabal/afenv/lib/python3.10/site-packages/airflow/example_dags/plugins/decreasing_priority_weight_strategy.py
[2024-06-18T13:42:15.692+0545] {processor.py:842} WARNING - No viable dags retrieved from /home/prabal/afenv/lib/python3.10/site-packages/airflow/example_dags/plugins/decreasing_priority_weight_strategy.py
[2024-06-18T13:42:15.704+0545] {processor.py:183} INFO - Processing /home/prabal/afenv/lib/python3.10/site-packages/airflow/example_dags/plugins/decreasing_priority_weight_strategy.py took 0.032 seconds
[2024-06-18T13:43:17.688+0545] {processor.py:161} INFO - Started process (PID=14418) to work on /home/prabal/afenv/lib/python3.10/site-packages/airflow/example_dags/plugins/decreasing_priority_weight_strategy.py
[2024-06-18T13:43:17.701+0545] {processor.py:830} INFO - Processing file /home/prabal/afenv/lib/python3.10/site-packages/airflow/example_dags/plugins/decreasing_priority_weight_strategy.py for tasks to queue
[2024-06-18T13:43:17.704+0545] {logging_mixin.py:188} INFO - [2024-06-18T13:43:17.703+0545] {dagbag.py:545} INFO - Filling up the DagBag from /home/prabal/afenv/lib/python3.10/site-packages/airflow/example_dags/plugins/decreasing_priority_weight_strategy.py
[2024-06-18T13:43:17.708+0545] {processor.py:842} WARNING - No viable dags retrieved from /home/prabal/afenv/lib/python3.10/site-packages/airflow/example_dags/plugins/decreasing_priority_weight_strategy.py
[2024-06-18T13:43:17.721+0545] {processor.py:183} INFO - Processing /home/prabal/afenv/lib/python3.10/site-packages/airflow/example_dags/plugins/decreasing_priority_weight_strategy.py took 0.047 seconds
[2024-06-18T13:44:14.947+0545] {processor.py:161} INFO - Started process (PID=14707) to work on /home/prabal/afenv/lib/python3.10/site-packages/airflow/example_dags/plugins/decreasing_priority_weight_strategy.py
[2024-06-18T13:44:14.959+0545] {processor.py:830} INFO - Processing file /home/prabal/afenv/lib/python3.10/site-packages/airflow/example_dags/plugins/decreasing_priority_weight_strategy.py for tasks to queue
[2024-06-18T13:44:14.961+0545] {logging_mixin.py:188} INFO - [2024-06-18T13:44:14.961+0545] {dagbag.py:545} INFO - Filling up the DagBag from /home/prabal/afenv/lib/python3.10/site-packages/airflow/example_dags/plugins/decreasing_priority_weight_strategy.py
[2024-06-18T13:44:14.963+0545] {processor.py:842} WARNING - No viable dags retrieved from /home/prabal/afenv/lib/python3.10/site-packages/airflow/example_dags/plugins/decreasing_priority_weight_strategy.py
[2024-06-18T13:44:14.974+0545] {processor.py:183} INFO - Processing /home/prabal/afenv/lib/python3.10/site-packages/airflow/example_dags/plugins/decreasing_priority_weight_strategy.py took 0.039 seconds
[2024-06-18T13:45:17.940+0545] {processor.py:161} INFO - Started process (PID=15008) to work on /home/prabal/afenv/lib/python3.10/site-packages/airflow/example_dags/plugins/decreasing_priority_weight_strategy.py
[2024-06-18T13:45:17.942+0545] {processor.py:830} INFO - Processing file /home/prabal/afenv/lib/python3.10/site-packages/airflow/example_dags/plugins/decreasing_priority_weight_strategy.py for tasks to queue
[2024-06-18T13:45:17.945+0545] {logging_mixin.py:188} INFO - [2024-06-18T13:45:17.944+0545] {dagbag.py:545} INFO - Filling up the DagBag from /home/prabal/afenv/lib/python3.10/site-packages/airflow/example_dags/plugins/decreasing_priority_weight_strategy.py
[2024-06-18T13:45:17.947+0545] {processor.py:842} WARNING - No viable dags retrieved from /home/prabal/afenv/lib/python3.10/site-packages/airflow/example_dags/plugins/decreasing_priority_weight_strategy.py
[2024-06-18T13:45:17.967+0545] {processor.py:183} INFO - Processing /home/prabal/afenv/lib/python3.10/site-packages/airflow/example_dags/plugins/decreasing_priority_weight_strategy.py took 0.040 seconds
[2024-06-18T13:46:09.687+0545] {processor.py:161} INFO - Started process (PID=15257) to work on /home/prabal/afenv/lib/python3.10/site-packages/airflow/example_dags/plugins/decreasing_priority_weight_strategy.py
[2024-06-18T13:46:09.701+0545] {processor.py:830} INFO - Processing file /home/prabal/afenv/lib/python3.10/site-packages/airflow/example_dags/plugins/decreasing_priority_weight_strategy.py for tasks to queue
[2024-06-18T13:46:09.704+0545] {logging_mixin.py:188} INFO - [2024-06-18T13:46:09.703+0545] {dagbag.py:545} INFO - Filling up the DagBag from /home/prabal/afenv/lib/python3.10/site-packages/airflow/example_dags/plugins/decreasing_priority_weight_strategy.py
[2024-06-18T13:46:09.709+0545] {processor.py:842} WARNING - No viable dags retrieved from /home/prabal/afenv/lib/python3.10/site-packages/airflow/example_dags/plugins/decreasing_priority_weight_strategy.py
[2024-06-18T13:46:09.730+0545] {processor.py:183} INFO - Processing /home/prabal/afenv/lib/python3.10/site-packages/airflow/example_dags/plugins/decreasing_priority_weight_strategy.py took 0.057 seconds
[2024-06-18T13:47:02.784+0545] {processor.py:161} INFO - Started process (PID=15514) to work on /home/prabal/afenv/lib/python3.10/site-packages/airflow/example_dags/plugins/decreasing_priority_weight_strategy.py
[2024-06-18T13:47:02.786+0545] {processor.py:830} INFO - Processing file /home/prabal/afenv/lib/python3.10/site-packages/airflow/example_dags/plugins/decreasing_priority_weight_strategy.py for tasks to queue
[2024-06-18T13:47:02.788+0545] {logging_mixin.py:188} INFO - [2024-06-18T13:47:02.788+0545] {dagbag.py:545} INFO - Filling up the DagBag from /home/prabal/afenv/lib/python3.10/site-packages/airflow/example_dags/plugins/decreasing_priority_weight_strategy.py
[2024-06-18T13:47:02.790+0545] {processor.py:842} WARNING - No viable dags retrieved from /home/prabal/afenv/lib/python3.10/site-packages/airflow/example_dags/plugins/decreasing_priority_weight_strategy.py
[2024-06-18T13:47:02.802+0545] {processor.py:183} INFO - Processing /home/prabal/afenv/lib/python3.10/site-packages/airflow/example_dags/plugins/decreasing_priority_weight_strategy.py took 0.023 seconds
[2024-06-18T13:47:52.942+0545] {processor.py:161} INFO - Started process (PID=15758) to work on /home/prabal/afenv/lib/python3.10/site-packages/airflow/example_dags/plugins/decreasing_priority_weight_strategy.py
[2024-06-18T13:47:52.956+0545] {processor.py:830} INFO - Processing file /home/prabal/afenv/lib/python3.10/site-packages/airflow/example_dags/plugins/decreasing_priority_weight_strategy.py for tasks to queue
[2024-06-18T13:47:52.959+0545] {logging_mixin.py:188} INFO - [2024-06-18T13:47:52.958+0545] {dagbag.py:545} INFO - Filling up the DagBag from /home/prabal/afenv/lib/python3.10/site-packages/airflow/example_dags/plugins/decreasing_priority_weight_strategy.py
[2024-06-18T13:47:52.964+0545] {processor.py:842} WARNING - No viable dags retrieved from /home/prabal/afenv/lib/python3.10/site-packages/airflow/example_dags/plugins/decreasing_priority_weight_strategy.py
[2024-06-18T13:47:52.981+0545] {processor.py:183} INFO - Processing /home/prabal/afenv/lib/python3.10/site-packages/airflow/example_dags/plugins/decreasing_priority_weight_strategy.py took 0.053 seconds
[2024-06-18T13:48:43.665+0545] {processor.py:161} INFO - Started process (PID=16020) to work on /home/prabal/afenv/lib/python3.10/site-packages/airflow/example_dags/plugins/decreasing_priority_weight_strategy.py
[2024-06-18T13:48:43.668+0545] {processor.py:830} INFO - Processing file /home/prabal/afenv/lib/python3.10/site-packages/airflow/example_dags/plugins/decreasing_priority_weight_strategy.py for tasks to queue
[2024-06-18T13:48:43.673+0545] {logging_mixin.py:188} INFO - [2024-06-18T13:48:43.672+0545] {dagbag.py:545} INFO - Filling up the DagBag from /home/prabal/afenv/lib/python3.10/site-packages/airflow/example_dags/plugins/decreasing_priority_weight_strategy.py
[2024-06-18T13:48:43.681+0545] {processor.py:842} WARNING - No viable dags retrieved from /home/prabal/afenv/lib/python3.10/site-packages/airflow/example_dags/plugins/decreasing_priority_weight_strategy.py
[2024-06-18T13:48:43.705+0545] {processor.py:183} INFO - Processing /home/prabal/afenv/lib/python3.10/site-packages/airflow/example_dags/plugins/decreasing_priority_weight_strategy.py took 0.056 seconds
[2024-06-18T13:49:46.356+0545] {processor.py:161} INFO - Started process (PID=16329) to work on /home/prabal/afenv/lib/python3.10/site-packages/airflow/example_dags/plugins/decreasing_priority_weight_strategy.py
[2024-06-18T13:49:46.369+0545] {processor.py:830} INFO - Processing file /home/prabal/afenv/lib/python3.10/site-packages/airflow/example_dags/plugins/decreasing_priority_weight_strategy.py for tasks to queue
[2024-06-18T13:49:46.372+0545] {logging_mixin.py:188} INFO - [2024-06-18T13:49:46.372+0545] {dagbag.py:545} INFO - Filling up the DagBag from /home/prabal/afenv/lib/python3.10/site-packages/airflow/example_dags/plugins/decreasing_priority_weight_strategy.py
[2024-06-18T13:49:46.377+0545] {processor.py:842} WARNING - No viable dags retrieved from /home/prabal/afenv/lib/python3.10/site-packages/airflow/example_dags/plugins/decreasing_priority_weight_strategy.py
[2024-06-18T13:49:46.397+0545] {processor.py:183} INFO - Processing /home/prabal/afenv/lib/python3.10/site-packages/airflow/example_dags/plugins/decreasing_priority_weight_strategy.py took 0.057 seconds
[2024-06-18T13:51:07.790+0545] {processor.py:161} INFO - Started process (PID=16721) to work on /home/prabal/afenv/lib/python3.10/site-packages/airflow/example_dags/plugins/decreasing_priority_weight_strategy.py
[2024-06-18T13:51:07.792+0545] {processor.py:830} INFO - Processing file /home/prabal/afenv/lib/python3.10/site-packages/airflow/example_dags/plugins/decreasing_priority_weight_strategy.py for tasks to queue
[2024-06-18T13:51:07.796+0545] {logging_mixin.py:188} INFO - [2024-06-18T13:51:07.795+0545] {dagbag.py:545} INFO - Filling up the DagBag from /home/prabal/afenv/lib/python3.10/site-packages/airflow/example_dags/plugins/decreasing_priority_weight_strategy.py
[2024-06-18T13:51:07.801+0545] {processor.py:842} WARNING - No viable dags retrieved from /home/prabal/afenv/lib/python3.10/site-packages/airflow/example_dags/plugins/decreasing_priority_weight_strategy.py
[2024-06-18T13:51:07.825+0545] {processor.py:183} INFO - Processing /home/prabal/afenv/lib/python3.10/site-packages/airflow/example_dags/plugins/decreasing_priority_weight_strategy.py took 0.046 seconds
[2024-06-18T13:52:17.173+0545] {processor.py:161} INFO - Started process (PID=17097) to work on /home/prabal/afenv/lib/python3.10/site-packages/airflow/example_dags/plugins/decreasing_priority_weight_strategy.py
[2024-06-18T13:52:17.176+0545] {processor.py:830} INFO - Processing file /home/prabal/afenv/lib/python3.10/site-packages/airflow/example_dags/plugins/decreasing_priority_weight_strategy.py for tasks to queue
[2024-06-18T13:52:17.181+0545] {logging_mixin.py:188} INFO - [2024-06-18T13:52:17.179+0545] {dagbag.py:545} INFO - Filling up the DagBag from /home/prabal/afenv/lib/python3.10/site-packages/airflow/example_dags/plugins/decreasing_priority_weight_strategy.py
[2024-06-18T13:52:17.187+0545] {processor.py:842} WARNING - No viable dags retrieved from /home/prabal/afenv/lib/python3.10/site-packages/airflow/example_dags/plugins/decreasing_priority_weight_strategy.py
[2024-06-18T13:52:17.220+0545] {processor.py:183} INFO - Processing /home/prabal/afenv/lib/python3.10/site-packages/airflow/example_dags/plugins/decreasing_priority_weight_strategy.py took 0.062 seconds
[2024-06-18T13:53:32.516+0545] {processor.py:161} INFO - Started process (PID=17497) to work on /home/prabal/afenv/lib/python3.10/site-packages/airflow/example_dags/plugins/decreasing_priority_weight_strategy.py
[2024-06-18T13:53:32.529+0545] {processor.py:830} INFO - Processing file /home/prabal/afenv/lib/python3.10/site-packages/airflow/example_dags/plugins/decreasing_priority_weight_strategy.py for tasks to queue
[2024-06-18T13:53:32.533+0545] {logging_mixin.py:188} INFO - [2024-06-18T13:53:32.532+0545] {dagbag.py:545} INFO - Filling up the DagBag from /home/prabal/afenv/lib/python3.10/site-packages/airflow/example_dags/plugins/decreasing_priority_weight_strategy.py
[2024-06-18T13:53:32.537+0545] {processor.py:842} WARNING - No viable dags retrieved from /home/prabal/afenv/lib/python3.10/site-packages/airflow/example_dags/plugins/decreasing_priority_weight_strategy.py
[2024-06-18T13:53:32.560+0545] {processor.py:183} INFO - Processing /home/prabal/afenv/lib/python3.10/site-packages/airflow/example_dags/plugins/decreasing_priority_weight_strategy.py took 0.058 seconds
[2024-06-18T13:54:25.578+0545] {processor.py:161} INFO - Started process (PID=17754) to work on /home/prabal/afenv/lib/python3.10/site-packages/airflow/example_dags/plugins/decreasing_priority_weight_strategy.py
[2024-06-18T13:54:25.591+0545] {processor.py:830} INFO - Processing file /home/prabal/afenv/lib/python3.10/site-packages/airflow/example_dags/plugins/decreasing_priority_weight_strategy.py for tasks to queue
[2024-06-18T13:54:25.595+0545] {logging_mixin.py:188} INFO - [2024-06-18T13:54:25.594+0545] {dagbag.py:545} INFO - Filling up the DagBag from /home/prabal/afenv/lib/python3.10/site-packages/airflow/example_dags/plugins/decreasing_priority_weight_strategy.py
[2024-06-18T13:54:25.599+0545] {processor.py:842} WARNING - No viable dags retrieved from /home/prabal/afenv/lib/python3.10/site-packages/airflow/example_dags/plugins/decreasing_priority_weight_strategy.py
[2024-06-18T13:54:25.619+0545] {processor.py:183} INFO - Processing /home/prabal/afenv/lib/python3.10/site-packages/airflow/example_dags/plugins/decreasing_priority_weight_strategy.py took 0.055 seconds
[2024-06-18T13:55:28.883+0545] {processor.py:161} INFO - Started process (PID=18084) to work on /home/prabal/afenv/lib/python3.10/site-packages/airflow/example_dags/plugins/decreasing_priority_weight_strategy.py
[2024-06-18T13:55:28.886+0545] {processor.py:830} INFO - Processing file /home/prabal/afenv/lib/python3.10/site-packages/airflow/example_dags/plugins/decreasing_priority_weight_strategy.py for tasks to queue
[2024-06-18T13:55:28.889+0545] {logging_mixin.py:188} INFO - [2024-06-18T13:55:28.888+0545] {dagbag.py:545} INFO - Filling up the DagBag from /home/prabal/afenv/lib/python3.10/site-packages/airflow/example_dags/plugins/decreasing_priority_weight_strategy.py
[2024-06-18T13:55:28.893+0545] {processor.py:842} WARNING - No viable dags retrieved from /home/prabal/afenv/lib/python3.10/site-packages/airflow/example_dags/plugins/decreasing_priority_weight_strategy.py
[2024-06-18T13:55:28.913+0545] {processor.py:183} INFO - Processing /home/prabal/afenv/lib/python3.10/site-packages/airflow/example_dags/plugins/decreasing_priority_weight_strategy.py took 0.044 seconds
[2024-06-18T13:56:24.776+0545] {processor.py:161} INFO - Started process (PID=18352) to work on /home/prabal/afenv/lib/python3.10/site-packages/airflow/example_dags/plugins/decreasing_priority_weight_strategy.py
[2024-06-18T13:56:24.790+0545] {processor.py:830} INFO - Processing file /home/prabal/afenv/lib/python3.10/site-packages/airflow/example_dags/plugins/decreasing_priority_weight_strategy.py for tasks to queue
[2024-06-18T13:56:24.793+0545] {logging_mixin.py:188} INFO - [2024-06-18T13:56:24.793+0545] {dagbag.py:545} INFO - Filling up the DagBag from /home/prabal/afenv/lib/python3.10/site-packages/airflow/example_dags/plugins/decreasing_priority_weight_strategy.py
[2024-06-18T13:56:24.798+0545] {processor.py:842} WARNING - No viable dags retrieved from /home/prabal/afenv/lib/python3.10/site-packages/airflow/example_dags/plugins/decreasing_priority_weight_strategy.py
[2024-06-18T13:56:24.820+0545] {processor.py:183} INFO - Processing /home/prabal/afenv/lib/python3.10/site-packages/airflow/example_dags/plugins/decreasing_priority_weight_strategy.py took 0.058 seconds
[2024-06-18T13:57:13.411+0545] {processor.py:161} INFO - Started process (PID=18591) to work on /home/prabal/afenv/lib/python3.10/site-packages/airflow/example_dags/plugins/decreasing_priority_weight_strategy.py
[2024-06-18T13:57:13.425+0545] {processor.py:830} INFO - Processing file /home/prabal/afenv/lib/python3.10/site-packages/airflow/example_dags/plugins/decreasing_priority_weight_strategy.py for tasks to queue
[2024-06-18T13:57:13.428+0545] {logging_mixin.py:188} INFO - [2024-06-18T13:57:13.427+0545] {dagbag.py:545} INFO - Filling up the DagBag from /home/prabal/afenv/lib/python3.10/site-packages/airflow/example_dags/plugins/decreasing_priority_weight_strategy.py
[2024-06-18T13:57:13.434+0545] {processor.py:842} WARNING - No viable dags retrieved from /home/prabal/afenv/lib/python3.10/site-packages/airflow/example_dags/plugins/decreasing_priority_weight_strategy.py
[2024-06-18T13:57:13.455+0545] {processor.py:183} INFO - Processing /home/prabal/afenv/lib/python3.10/site-packages/airflow/example_dags/plugins/decreasing_priority_weight_strategy.py took 0.058 seconds
[2024-06-18T14:05:14.068+0545] {processor.py:161} INFO - Started process (PID=20706) to work on /home/prabal/afenv/lib/python3.10/site-packages/airflow/example_dags/plugins/decreasing_priority_weight_strategy.py
[2024-06-18T14:05:14.082+0545] {processor.py:830} INFO - Processing file /home/prabal/afenv/lib/python3.10/site-packages/airflow/example_dags/plugins/decreasing_priority_weight_strategy.py for tasks to queue
[2024-06-18T14:05:14.084+0545] {logging_mixin.py:188} INFO - [2024-06-18T14:05:14.084+0545] {dagbag.py:545} INFO - Filling up the DagBag from /home/prabal/afenv/lib/python3.10/site-packages/airflow/example_dags/plugins/decreasing_priority_weight_strategy.py
[2024-06-18T14:05:14.089+0545] {processor.py:842} WARNING - No viable dags retrieved from /home/prabal/afenv/lib/python3.10/site-packages/airflow/example_dags/plugins/decreasing_priority_weight_strategy.py
[2024-06-18T14:05:14.109+0545] {processor.py:183} INFO - Processing /home/prabal/afenv/lib/python3.10/site-packages/airflow/example_dags/plugins/decreasing_priority_weight_strategy.py took 0.054 seconds
[2024-06-18T14:06:11.815+0545] {processor.py:161} INFO - Started process (PID=20997) to work on /home/prabal/afenv/lib/python3.10/site-packages/airflow/example_dags/plugins/decreasing_priority_weight_strategy.py
[2024-06-18T14:06:11.829+0545] {processor.py:830} INFO - Processing file /home/prabal/afenv/lib/python3.10/site-packages/airflow/example_dags/plugins/decreasing_priority_weight_strategy.py for tasks to queue
[2024-06-18T14:06:11.833+0545] {logging_mixin.py:188} INFO - [2024-06-18T14:06:11.832+0545] {dagbag.py:545} INFO - Filling up the DagBag from /home/prabal/afenv/lib/python3.10/site-packages/airflow/example_dags/plugins/decreasing_priority_weight_strategy.py
[2024-06-18T14:06:11.837+0545] {processor.py:842} WARNING - No viable dags retrieved from /home/prabal/afenv/lib/python3.10/site-packages/airflow/example_dags/plugins/decreasing_priority_weight_strategy.py
[2024-06-18T14:06:11.848+0545] {processor.py:183} INFO - Processing /home/prabal/afenv/lib/python3.10/site-packages/airflow/example_dags/plugins/decreasing_priority_weight_strategy.py took 0.047 seconds
[2024-06-18T14:07:09.481+0545] {processor.py:161} INFO - Started process (PID=21274) to work on /home/prabal/afenv/lib/python3.10/site-packages/airflow/example_dags/plugins/decreasing_priority_weight_strategy.py
[2024-06-18T14:07:09.491+0545] {processor.py:830} INFO - Processing file /home/prabal/afenv/lib/python3.10/site-packages/airflow/example_dags/plugins/decreasing_priority_weight_strategy.py for tasks to queue
[2024-06-18T14:07:09.494+0545] {logging_mixin.py:188} INFO - [2024-06-18T14:07:09.493+0545] {dagbag.py:545} INFO - Filling up the DagBag from /home/prabal/afenv/lib/python3.10/site-packages/airflow/example_dags/plugins/decreasing_priority_weight_strategy.py
[2024-06-18T14:07:09.498+0545] {processor.py:842} WARNING - No viable dags retrieved from /home/prabal/afenv/lib/python3.10/site-packages/airflow/example_dags/plugins/decreasing_priority_weight_strategy.py
[2024-06-18T14:07:09.522+0545] {processor.py:183} INFO - Processing /home/prabal/afenv/lib/python3.10/site-packages/airflow/example_dags/plugins/decreasing_priority_weight_strategy.py took 0.054 seconds
[2024-06-18T14:08:06.223+0545] {processor.py:161} INFO - Started process (PID=21557) to work on /home/prabal/afenv/lib/python3.10/site-packages/airflow/example_dags/plugins/decreasing_priority_weight_strategy.py
[2024-06-18T14:08:06.237+0545] {processor.py:830} INFO - Processing file /home/prabal/afenv/lib/python3.10/site-packages/airflow/example_dags/plugins/decreasing_priority_weight_strategy.py for tasks to queue
[2024-06-18T14:08:06.240+0545] {logging_mixin.py:188} INFO - [2024-06-18T14:08:06.239+0545] {dagbag.py:545} INFO - Filling up the DagBag from /home/prabal/afenv/lib/python3.10/site-packages/airflow/example_dags/plugins/decreasing_priority_weight_strategy.py
[2024-06-18T14:08:06.245+0545] {processor.py:842} WARNING - No viable dags retrieved from /home/prabal/afenv/lib/python3.10/site-packages/airflow/example_dags/plugins/decreasing_priority_weight_strategy.py
[2024-06-18T14:08:06.267+0545] {processor.py:183} INFO - Processing /home/prabal/afenv/lib/python3.10/site-packages/airflow/example_dags/plugins/decreasing_priority_weight_strategy.py took 0.059 seconds
[2024-06-18T14:09:00.215+0545] {processor.py:161} INFO - Started process (PID=21815) to work on /home/prabal/afenv/lib/python3.10/site-packages/airflow/example_dags/plugins/decreasing_priority_weight_strategy.py
[2024-06-18T14:09:00.228+0545] {processor.py:830} INFO - Processing file /home/prabal/afenv/lib/python3.10/site-packages/airflow/example_dags/plugins/decreasing_priority_weight_strategy.py for tasks to queue
[2024-06-18T14:09:00.231+0545] {logging_mixin.py:188} INFO - [2024-06-18T14:09:00.231+0545] {dagbag.py:545} INFO - Filling up the DagBag from /home/prabal/afenv/lib/python3.10/site-packages/airflow/example_dags/plugins/decreasing_priority_weight_strategy.py
[2024-06-18T14:09:00.236+0545] {processor.py:842} WARNING - No viable dags retrieved from /home/prabal/afenv/lib/python3.10/site-packages/airflow/example_dags/plugins/decreasing_priority_weight_strategy.py
[2024-06-18T14:09:00.259+0545] {processor.py:183} INFO - Processing /home/prabal/afenv/lib/python3.10/site-packages/airflow/example_dags/plugins/decreasing_priority_weight_strategy.py took 0.061 seconds
[2024-06-18T14:09:54.920+0545] {processor.py:161} INFO - Started process (PID=22079) to work on /home/prabal/afenv/lib/python3.10/site-packages/airflow/example_dags/plugins/decreasing_priority_weight_strategy.py
[2024-06-18T14:09:54.932+0545] {processor.py:830} INFO - Processing file /home/prabal/afenv/lib/python3.10/site-packages/airflow/example_dags/plugins/decreasing_priority_weight_strategy.py for tasks to queue
[2024-06-18T14:09:54.935+0545] {logging_mixin.py:188} INFO - [2024-06-18T14:09:54.934+0545] {dagbag.py:545} INFO - Filling up the DagBag from /home/prabal/afenv/lib/python3.10/site-packages/airflow/example_dags/plugins/decreasing_priority_weight_strategy.py
[2024-06-18T14:09:54.939+0545] {processor.py:842} WARNING - No viable dags retrieved from /home/prabal/afenv/lib/python3.10/site-packages/airflow/example_dags/plugins/decreasing_priority_weight_strategy.py
[2024-06-18T14:09:54.961+0545] {processor.py:183} INFO - Processing /home/prabal/afenv/lib/python3.10/site-packages/airflow/example_dags/plugins/decreasing_priority_weight_strategy.py took 0.055 seconds
[2024-06-18T14:10:49.826+0545] {processor.py:161} INFO - Started process (PID=22341) to work on /home/prabal/afenv/lib/python3.10/site-packages/airflow/example_dags/plugins/decreasing_priority_weight_strategy.py
[2024-06-18T14:10:49.839+0545] {processor.py:830} INFO - Processing file /home/prabal/afenv/lib/python3.10/site-packages/airflow/example_dags/plugins/decreasing_priority_weight_strategy.py for tasks to queue
[2024-06-18T14:10:49.843+0545] {logging_mixin.py:188} INFO - [2024-06-18T14:10:49.842+0545] {dagbag.py:545} INFO - Filling up the DagBag from /home/prabal/afenv/lib/python3.10/site-packages/airflow/example_dags/plugins/decreasing_priority_weight_strategy.py
[2024-06-18T14:10:49.847+0545] {processor.py:842} WARNING - No viable dags retrieved from /home/prabal/afenv/lib/python3.10/site-packages/airflow/example_dags/plugins/decreasing_priority_weight_strategy.py
[2024-06-18T14:10:49.868+0545] {processor.py:183} INFO - Processing /home/prabal/afenv/lib/python3.10/site-packages/airflow/example_dags/plugins/decreasing_priority_weight_strategy.py took 0.055 seconds
[2024-06-18T14:11:40.853+0545] {processor.py:161} INFO - Started process (PID=22589) to work on /home/prabal/afenv/lib/python3.10/site-packages/airflow/example_dags/plugins/decreasing_priority_weight_strategy.py
[2024-06-18T14:11:40.866+0545] {processor.py:830} INFO - Processing file /home/prabal/afenv/lib/python3.10/site-packages/airflow/example_dags/plugins/decreasing_priority_weight_strategy.py for tasks to queue
[2024-06-18T14:11:40.870+0545] {logging_mixin.py:188} INFO - [2024-06-18T14:11:40.869+0545] {dagbag.py:545} INFO - Filling up the DagBag from /home/prabal/afenv/lib/python3.10/site-packages/airflow/example_dags/plugins/decreasing_priority_weight_strategy.py
[2024-06-18T14:11:40.875+0545] {processor.py:842} WARNING - No viable dags retrieved from /home/prabal/afenv/lib/python3.10/site-packages/airflow/example_dags/plugins/decreasing_priority_weight_strategy.py
[2024-06-18T14:11:40.897+0545] {processor.py:183} INFO - Processing /home/prabal/afenv/lib/python3.10/site-packages/airflow/example_dags/plugins/decreasing_priority_weight_strategy.py took 0.057 seconds
[2024-06-18T14:12:31.711+0545] {processor.py:161} INFO - Started process (PID=22834) to work on /home/prabal/afenv/lib/python3.10/site-packages/airflow/example_dags/plugins/decreasing_priority_weight_strategy.py
[2024-06-18T14:12:31.724+0545] {processor.py:830} INFO - Processing file /home/prabal/afenv/lib/python3.10/site-packages/airflow/example_dags/plugins/decreasing_priority_weight_strategy.py for tasks to queue
[2024-06-18T14:12:31.727+0545] {logging_mixin.py:188} INFO - [2024-06-18T14:12:31.726+0545] {dagbag.py:545} INFO - Filling up the DagBag from /home/prabal/afenv/lib/python3.10/site-packages/airflow/example_dags/plugins/decreasing_priority_weight_strategy.py
[2024-06-18T14:12:31.732+0545] {processor.py:842} WARNING - No viable dags retrieved from /home/prabal/afenv/lib/python3.10/site-packages/airflow/example_dags/plugins/decreasing_priority_weight_strategy.py
[2024-06-18T14:12:31.748+0545] {processor.py:183} INFO - Processing /home/prabal/afenv/lib/python3.10/site-packages/airflow/example_dags/plugins/decreasing_priority_weight_strategy.py took 0.052 seconds
[2024-06-18T14:13:22.193+0545] {processor.py:161} INFO - Started process (PID=23077) to work on /home/prabal/afenv/lib/python3.10/site-packages/airflow/example_dags/plugins/decreasing_priority_weight_strategy.py
[2024-06-18T14:13:22.195+0545] {processor.py:830} INFO - Processing file /home/prabal/afenv/lib/python3.10/site-packages/airflow/example_dags/plugins/decreasing_priority_weight_strategy.py for tasks to queue
[2024-06-18T14:13:22.197+0545] {logging_mixin.py:188} INFO - [2024-06-18T14:13:22.197+0545] {dagbag.py:545} INFO - Filling up the DagBag from /home/prabal/afenv/lib/python3.10/site-packages/airflow/example_dags/plugins/decreasing_priority_weight_strategy.py
[2024-06-18T14:13:22.200+0545] {processor.py:842} WARNING - No viable dags retrieved from /home/prabal/afenv/lib/python3.10/site-packages/airflow/example_dags/plugins/decreasing_priority_weight_strategy.py
[2024-06-18T14:13:22.213+0545] {processor.py:183} INFO - Processing /home/prabal/afenv/lib/python3.10/site-packages/airflow/example_dags/plugins/decreasing_priority_weight_strategy.py took 0.032 seconds
[2024-06-18T14:14:16.022+0545] {processor.py:161} INFO - Started process (PID=23336) to work on /home/prabal/afenv/lib/python3.10/site-packages/airflow/example_dags/plugins/decreasing_priority_weight_strategy.py
[2024-06-18T14:14:16.035+0545] {processor.py:830} INFO - Processing file /home/prabal/afenv/lib/python3.10/site-packages/airflow/example_dags/plugins/decreasing_priority_weight_strategy.py for tasks to queue
[2024-06-18T14:14:16.038+0545] {logging_mixin.py:188} INFO - [2024-06-18T14:14:16.037+0545] {dagbag.py:545} INFO - Filling up the DagBag from /home/prabal/afenv/lib/python3.10/site-packages/airflow/example_dags/plugins/decreasing_priority_weight_strategy.py
[2024-06-18T14:14:16.042+0545] {processor.py:842} WARNING - No viable dags retrieved from /home/prabal/afenv/lib/python3.10/site-packages/airflow/example_dags/plugins/decreasing_priority_weight_strategy.py
[2024-06-18T14:14:16.062+0545] {processor.py:183} INFO - Processing /home/prabal/afenv/lib/python3.10/site-packages/airflow/example_dags/plugins/decreasing_priority_weight_strategy.py took 0.054 seconds
[2024-06-18T14:15:16.184+0545] {processor.py:161} INFO - Started process (PID=23650) to work on /home/prabal/afenv/lib/python3.10/site-packages/airflow/example_dags/plugins/decreasing_priority_weight_strategy.py
[2024-06-18T14:15:16.186+0545] {processor.py:830} INFO - Processing file /home/prabal/afenv/lib/python3.10/site-packages/airflow/example_dags/plugins/decreasing_priority_weight_strategy.py for tasks to queue
[2024-06-18T14:15:16.189+0545] {logging_mixin.py:188} INFO - [2024-06-18T14:15:16.189+0545] {dagbag.py:545} INFO - Filling up the DagBag from /home/prabal/afenv/lib/python3.10/site-packages/airflow/example_dags/plugins/decreasing_priority_weight_strategy.py
[2024-06-18T14:15:16.193+0545] {processor.py:842} WARNING - No viable dags retrieved from /home/prabal/afenv/lib/python3.10/site-packages/airflow/example_dags/plugins/decreasing_priority_weight_strategy.py
[2024-06-18T14:15:16.212+0545] {processor.py:183} INFO - Processing /home/prabal/afenv/lib/python3.10/site-packages/airflow/example_dags/plugins/decreasing_priority_weight_strategy.py took 0.043 seconds
[2024-06-18T14:16:15.849+0545] {processor.py:161} INFO - Started process (PID=23938) to work on /home/prabal/afenv/lib/python3.10/site-packages/airflow/example_dags/plugins/decreasing_priority_weight_strategy.py
[2024-06-18T14:16:15.862+0545] {processor.py:830} INFO - Processing file /home/prabal/afenv/lib/python3.10/site-packages/airflow/example_dags/plugins/decreasing_priority_weight_strategy.py for tasks to queue
[2024-06-18T14:16:15.865+0545] {logging_mixin.py:188} INFO - [2024-06-18T14:16:15.864+0545] {dagbag.py:545} INFO - Filling up the DagBag from /home/prabal/afenv/lib/python3.10/site-packages/airflow/example_dags/plugins/decreasing_priority_weight_strategy.py
[2024-06-18T14:16:15.870+0545] {processor.py:842} WARNING - No viable dags retrieved from /home/prabal/afenv/lib/python3.10/site-packages/airflow/example_dags/plugins/decreasing_priority_weight_strategy.py
[2024-06-18T14:16:15.893+0545] {processor.py:183} INFO - Processing /home/prabal/afenv/lib/python3.10/site-packages/airflow/example_dags/plugins/decreasing_priority_weight_strategy.py took 0.058 seconds
[2024-06-18T14:17:10.415+0545] {processor.py:161} INFO - Started process (PID=24202) to work on /home/prabal/afenv/lib/python3.10/site-packages/airflow/example_dags/plugins/decreasing_priority_weight_strategy.py
[2024-06-18T14:17:10.429+0545] {processor.py:830} INFO - Processing file /home/prabal/afenv/lib/python3.10/site-packages/airflow/example_dags/plugins/decreasing_priority_weight_strategy.py for tasks to queue
[2024-06-18T14:17:10.432+0545] {logging_mixin.py:188} INFO - [2024-06-18T14:17:10.431+0545] {dagbag.py:545} INFO - Filling up the DagBag from /home/prabal/afenv/lib/python3.10/site-packages/airflow/example_dags/plugins/decreasing_priority_weight_strategy.py
[2024-06-18T14:17:10.437+0545] {processor.py:842} WARNING - No viable dags retrieved from /home/prabal/afenv/lib/python3.10/site-packages/airflow/example_dags/plugins/decreasing_priority_weight_strategy.py
[2024-06-18T14:17:10.459+0545] {processor.py:183} INFO - Processing /home/prabal/afenv/lib/python3.10/site-packages/airflow/example_dags/plugins/decreasing_priority_weight_strategy.py took 0.059 seconds
[2024-06-18T14:18:05.085+0545] {processor.py:161} INFO - Started process (PID=24463) to work on /home/prabal/afenv/lib/python3.10/site-packages/airflow/example_dags/plugins/decreasing_priority_weight_strategy.py
[2024-06-18T14:18:05.098+0545] {processor.py:830} INFO - Processing file /home/prabal/afenv/lib/python3.10/site-packages/airflow/example_dags/plugins/decreasing_priority_weight_strategy.py for tasks to queue
[2024-06-18T14:18:05.102+0545] {logging_mixin.py:188} INFO - [2024-06-18T14:18:05.101+0545] {dagbag.py:545} INFO - Filling up the DagBag from /home/prabal/afenv/lib/python3.10/site-packages/airflow/example_dags/plugins/decreasing_priority_weight_strategy.py
[2024-06-18T14:18:05.108+0545] {processor.py:842} WARNING - No viable dags retrieved from /home/prabal/afenv/lib/python3.10/site-packages/airflow/example_dags/plugins/decreasing_priority_weight_strategy.py
[2024-06-18T14:18:05.128+0545] {processor.py:183} INFO - Processing /home/prabal/afenv/lib/python3.10/site-packages/airflow/example_dags/plugins/decreasing_priority_weight_strategy.py took 0.057 seconds
[2024-06-18T14:19:00.651+0545] {processor.py:161} INFO - Started process (PID=24730) to work on /home/prabal/afenv/lib/python3.10/site-packages/airflow/example_dags/plugins/decreasing_priority_weight_strategy.py
[2024-06-18T14:19:00.665+0545] {processor.py:830} INFO - Processing file /home/prabal/afenv/lib/python3.10/site-packages/airflow/example_dags/plugins/decreasing_priority_weight_strategy.py for tasks to queue
[2024-06-18T14:19:00.669+0545] {logging_mixin.py:188} INFO - [2024-06-18T14:19:00.668+0545] {dagbag.py:545} INFO - Filling up the DagBag from /home/prabal/afenv/lib/python3.10/site-packages/airflow/example_dags/plugins/decreasing_priority_weight_strategy.py
[2024-06-18T14:19:00.673+0545] {processor.py:842} WARNING - No viable dags retrieved from /home/prabal/afenv/lib/python3.10/site-packages/airflow/example_dags/plugins/decreasing_priority_weight_strategy.py
[2024-06-18T14:19:00.692+0545] {processor.py:183} INFO - Processing /home/prabal/afenv/lib/python3.10/site-packages/airflow/example_dags/plugins/decreasing_priority_weight_strategy.py took 0.055 seconds
[2024-06-18T14:19:56.888+0545] {processor.py:161} INFO - Started process (PID=24998) to work on /home/prabal/afenv/lib/python3.10/site-packages/airflow/example_dags/plugins/decreasing_priority_weight_strategy.py
[2024-06-18T14:19:56.890+0545] {processor.py:830} INFO - Processing file /home/prabal/afenv/lib/python3.10/site-packages/airflow/example_dags/plugins/decreasing_priority_weight_strategy.py for tasks to queue
[2024-06-18T14:19:56.892+0545] {logging_mixin.py:188} INFO - [2024-06-18T14:19:56.891+0545] {dagbag.py:545} INFO - Filling up the DagBag from /home/prabal/afenv/lib/python3.10/site-packages/airflow/example_dags/plugins/decreasing_priority_weight_strategy.py
[2024-06-18T14:19:56.896+0545] {processor.py:842} WARNING - No viable dags retrieved from /home/prabal/afenv/lib/python3.10/site-packages/airflow/example_dags/plugins/decreasing_priority_weight_strategy.py
[2024-06-18T14:19:56.920+0545] {processor.py:183} INFO - Processing /home/prabal/afenv/lib/python3.10/site-packages/airflow/example_dags/plugins/decreasing_priority_weight_strategy.py took 0.045 seconds
[2024-06-18T14:20:47.164+0545] {processor.py:161} INFO - Started process (PID=25242) to work on /home/prabal/afenv/lib/python3.10/site-packages/airflow/example_dags/plugins/decreasing_priority_weight_strategy.py
[2024-06-18T14:20:47.177+0545] {processor.py:830} INFO - Processing file /home/prabal/afenv/lib/python3.10/site-packages/airflow/example_dags/plugins/decreasing_priority_weight_strategy.py for tasks to queue
[2024-06-18T14:20:47.181+0545] {logging_mixin.py:188} INFO - [2024-06-18T14:20:47.180+0545] {dagbag.py:545} INFO - Filling up the DagBag from /home/prabal/afenv/lib/python3.10/site-packages/airflow/example_dags/plugins/decreasing_priority_weight_strategy.py
[2024-06-18T14:20:47.185+0545] {processor.py:842} WARNING - No viable dags retrieved from /home/prabal/afenv/lib/python3.10/site-packages/airflow/example_dags/plugins/decreasing_priority_weight_strategy.py
[2024-06-18T14:20:47.209+0545] {processor.py:183} INFO - Processing /home/prabal/afenv/lib/python3.10/site-packages/airflow/example_dags/plugins/decreasing_priority_weight_strategy.py took 0.060 seconds
[2024-06-18T14:21:40.654+0545] {processor.py:161} INFO - Started process (PID=25497) to work on /home/prabal/afenv/lib/python3.10/site-packages/airflow/example_dags/plugins/decreasing_priority_weight_strategy.py
[2024-06-18T14:21:40.656+0545] {processor.py:830} INFO - Processing file /home/prabal/afenv/lib/python3.10/site-packages/airflow/example_dags/plugins/decreasing_priority_weight_strategy.py for tasks to queue
[2024-06-18T14:21:40.658+0545] {logging_mixin.py:188} INFO - [2024-06-18T14:21:40.658+0545] {dagbag.py:545} INFO - Filling up the DagBag from /home/prabal/afenv/lib/python3.10/site-packages/airflow/example_dags/plugins/decreasing_priority_weight_strategy.py
[2024-06-18T14:21:40.661+0545] {processor.py:842} WARNING - No viable dags retrieved from /home/prabal/afenv/lib/python3.10/site-packages/airflow/example_dags/plugins/decreasing_priority_weight_strategy.py
[2024-06-18T14:21:40.682+0545] {processor.py:183} INFO - Processing /home/prabal/afenv/lib/python3.10/site-packages/airflow/example_dags/plugins/decreasing_priority_weight_strategy.py took 0.040 seconds
[2024-06-18T14:22:35.474+0545] {processor.py:161} INFO - Started process (PID=25762) to work on /home/prabal/afenv/lib/python3.10/site-packages/airflow/example_dags/plugins/decreasing_priority_weight_strategy.py
[2024-06-18T14:22:35.488+0545] {processor.py:830} INFO - Processing file /home/prabal/afenv/lib/python3.10/site-packages/airflow/example_dags/plugins/decreasing_priority_weight_strategy.py for tasks to queue
[2024-06-18T14:22:35.492+0545] {logging_mixin.py:188} INFO - [2024-06-18T14:22:35.491+0545] {dagbag.py:545} INFO - Filling up the DagBag from /home/prabal/afenv/lib/python3.10/site-packages/airflow/example_dags/plugins/decreasing_priority_weight_strategy.py
[2024-06-18T14:22:35.496+0545] {processor.py:842} WARNING - No viable dags retrieved from /home/prabal/afenv/lib/python3.10/site-packages/airflow/example_dags/plugins/decreasing_priority_weight_strategy.py
[2024-06-18T14:22:35.518+0545] {processor.py:183} INFO - Processing /home/prabal/afenv/lib/python3.10/site-packages/airflow/example_dags/plugins/decreasing_priority_weight_strategy.py took 0.059 seconds
[2024-06-18T14:23:28.934+0545] {processor.py:161} INFO - Started process (PID=26022) to work on /home/prabal/afenv/lib/python3.10/site-packages/airflow/example_dags/plugins/decreasing_priority_weight_strategy.py
[2024-06-18T14:23:28.947+0545] {processor.py:830} INFO - Processing file /home/prabal/afenv/lib/python3.10/site-packages/airflow/example_dags/plugins/decreasing_priority_weight_strategy.py for tasks to queue
[2024-06-18T14:23:28.951+0545] {logging_mixin.py:188} INFO - [2024-06-18T14:23:28.950+0545] {dagbag.py:545} INFO - Filling up the DagBag from /home/prabal/afenv/lib/python3.10/site-packages/airflow/example_dags/plugins/decreasing_priority_weight_strategy.py
[2024-06-18T14:23:28.956+0545] {processor.py:842} WARNING - No viable dags retrieved from /home/prabal/afenv/lib/python3.10/site-packages/airflow/example_dags/plugins/decreasing_priority_weight_strategy.py
[2024-06-18T14:23:28.978+0545] {processor.py:183} INFO - Processing /home/prabal/afenv/lib/python3.10/site-packages/airflow/example_dags/plugins/decreasing_priority_weight_strategy.py took 0.052 seconds
[2024-06-18T17:15:45.551+0545] {processor.py:161} INFO - Started process (PID=4050) to work on /home/prabal/afenv/lib/python3.10/site-packages/airflow/example_dags/plugins/decreasing_priority_weight_strategy.py
[2024-06-18T17:15:45.559+0545] {processor.py:830} INFO - Processing file /home/prabal/afenv/lib/python3.10/site-packages/airflow/example_dags/plugins/decreasing_priority_weight_strategy.py for tasks to queue
[2024-06-18T17:15:45.562+0545] {logging_mixin.py:188} INFO - [2024-06-18T17:15:45.562+0545] {dagbag.py:545} INFO - Filling up the DagBag from /home/prabal/afenv/lib/python3.10/site-packages/airflow/example_dags/plugins/decreasing_priority_weight_strategy.py
[2024-06-18T17:15:45.566+0545] {processor.py:842} WARNING - No viable dags retrieved from /home/prabal/afenv/lib/python3.10/site-packages/airflow/example_dags/plugins/decreasing_priority_weight_strategy.py
[2024-06-18T17:15:45.594+0545] {processor.py:183} INFO - Processing /home/prabal/afenv/lib/python3.10/site-packages/airflow/example_dags/plugins/decreasing_priority_weight_strategy.py took 0.053 seconds
[2024-06-18T17:17:28.900+0545] {processor.py:161} INFO - Started process (PID=4619) to work on /home/prabal/afenv/lib/python3.10/site-packages/airflow/example_dags/plugins/decreasing_priority_weight_strategy.py
[2024-06-18T17:17:28.913+0545] {processor.py:830} INFO - Processing file /home/prabal/afenv/lib/python3.10/site-packages/airflow/example_dags/plugins/decreasing_priority_weight_strategy.py for tasks to queue
[2024-06-18T17:17:28.914+0545] {logging_mixin.py:188} INFO - [2024-06-18T17:17:28.914+0545] {dagbag.py:545} INFO - Filling up the DagBag from /home/prabal/afenv/lib/python3.10/site-packages/airflow/example_dags/plugins/decreasing_priority_weight_strategy.py
[2024-06-18T17:17:28.918+0545] {processor.py:842} WARNING - No viable dags retrieved from /home/prabal/afenv/lib/python3.10/site-packages/airflow/example_dags/plugins/decreasing_priority_weight_strategy.py
[2024-06-18T17:17:28.936+0545] {processor.py:183} INFO - Processing /home/prabal/afenv/lib/python3.10/site-packages/airflow/example_dags/plugins/decreasing_priority_weight_strategy.py took 0.047 seconds
[2024-06-18T17:18:29.559+0545] {processor.py:161} INFO - Started process (PID=4966) to work on /home/prabal/afenv/lib/python3.10/site-packages/airflow/example_dags/plugins/decreasing_priority_weight_strategy.py
[2024-06-18T17:18:29.563+0545] {processor.py:830} INFO - Processing file /home/prabal/afenv/lib/python3.10/site-packages/airflow/example_dags/plugins/decreasing_priority_weight_strategy.py for tasks to queue
[2024-06-18T17:18:29.566+0545] {logging_mixin.py:188} INFO - [2024-06-18T17:18:29.565+0545] {dagbag.py:545} INFO - Filling up the DagBag from /home/prabal/afenv/lib/python3.10/site-packages/airflow/example_dags/plugins/decreasing_priority_weight_strategy.py
[2024-06-18T17:18:29.572+0545] {processor.py:842} WARNING - No viable dags retrieved from /home/prabal/afenv/lib/python3.10/site-packages/airflow/example_dags/plugins/decreasing_priority_weight_strategy.py
[2024-06-18T17:18:29.595+0545] {processor.py:183} INFO - Processing /home/prabal/afenv/lib/python3.10/site-packages/airflow/example_dags/plugins/decreasing_priority_weight_strategy.py took 0.052 seconds
[2024-06-18T17:19:28.451+0545] {processor.py:161} INFO - Started process (PID=5613) to work on /home/prabal/afenv/lib/python3.10/site-packages/airflow/example_dags/plugins/decreasing_priority_weight_strategy.py
[2024-06-18T17:19:28.464+0545] {processor.py:830} INFO - Processing file /home/prabal/afenv/lib/python3.10/site-packages/airflow/example_dags/plugins/decreasing_priority_weight_strategy.py for tasks to queue
[2024-06-18T17:19:28.466+0545] {logging_mixin.py:188} INFO - [2024-06-18T17:19:28.465+0545] {dagbag.py:545} INFO - Filling up the DagBag from /home/prabal/afenv/lib/python3.10/site-packages/airflow/example_dags/plugins/decreasing_priority_weight_strategy.py
[2024-06-18T17:19:28.470+0545] {processor.py:842} WARNING - No viable dags retrieved from /home/prabal/afenv/lib/python3.10/site-packages/airflow/example_dags/plugins/decreasing_priority_weight_strategy.py
[2024-06-18T17:19:28.489+0545] {processor.py:183} INFO - Processing /home/prabal/afenv/lib/python3.10/site-packages/airflow/example_dags/plugins/decreasing_priority_weight_strategy.py took 0.050 seconds
[2024-06-18T17:20:22.247+0545] {processor.py:161} INFO - Started process (PID=6420) to work on /home/prabal/afenv/lib/python3.10/site-packages/airflow/example_dags/plugins/decreasing_priority_weight_strategy.py
[2024-06-18T17:20:22.255+0545] {processor.py:830} INFO - Processing file /home/prabal/afenv/lib/python3.10/site-packages/airflow/example_dags/plugins/decreasing_priority_weight_strategy.py for tasks to queue
[2024-06-18T17:20:22.256+0545] {logging_mixin.py:188} INFO - [2024-06-18T17:20:22.256+0545] {dagbag.py:545} INFO - Filling up the DagBag from /home/prabal/afenv/lib/python3.10/site-packages/airflow/example_dags/plugins/decreasing_priority_weight_strategy.py
[2024-06-18T17:20:22.260+0545] {processor.py:842} WARNING - No viable dags retrieved from /home/prabal/afenv/lib/python3.10/site-packages/airflow/example_dags/plugins/decreasing_priority_weight_strategy.py
[2024-06-18T17:20:22.279+0545] {processor.py:183} INFO - Processing /home/prabal/afenv/lib/python3.10/site-packages/airflow/example_dags/plugins/decreasing_priority_weight_strategy.py took 0.044 seconds
[2024-06-18T17:21:55.882+0545] {processor.py:161} INFO - Started process (PID=6977) to work on /home/prabal/afenv/lib/python3.10/site-packages/airflow/example_dags/plugins/decreasing_priority_weight_strategy.py
[2024-06-18T17:21:55.885+0545] {processor.py:830} INFO - Processing file /home/prabal/afenv/lib/python3.10/site-packages/airflow/example_dags/plugins/decreasing_priority_weight_strategy.py for tasks to queue
[2024-06-18T17:21:55.891+0545] {logging_mixin.py:188} INFO - [2024-06-18T17:21:55.890+0545] {dagbag.py:545} INFO - Filling up the DagBag from /home/prabal/afenv/lib/python3.10/site-packages/airflow/example_dags/plugins/decreasing_priority_weight_strategy.py
[2024-06-18T17:21:55.896+0545] {processor.py:842} WARNING - No viable dags retrieved from /home/prabal/afenv/lib/python3.10/site-packages/airflow/example_dags/plugins/decreasing_priority_weight_strategy.py
[2024-06-18T17:21:55.923+0545] {processor.py:183} INFO - Processing /home/prabal/afenv/lib/python3.10/site-packages/airflow/example_dags/plugins/decreasing_priority_weight_strategy.py took 0.059 seconds
[2024-06-18T17:23:03.198+0545] {processor.py:161} INFO - Started process (PID=7333) to work on /home/prabal/afenv/lib/python3.10/site-packages/airflow/example_dags/plugins/decreasing_priority_weight_strategy.py
[2024-06-18T17:23:03.211+0545] {processor.py:830} INFO - Processing file /home/prabal/afenv/lib/python3.10/site-packages/airflow/example_dags/plugins/decreasing_priority_weight_strategy.py for tasks to queue
[2024-06-18T17:23:03.214+0545] {logging_mixin.py:188} INFO - [2024-06-18T17:23:03.213+0545] {dagbag.py:545} INFO - Filling up the DagBag from /home/prabal/afenv/lib/python3.10/site-packages/airflow/example_dags/plugins/decreasing_priority_weight_strategy.py
[2024-06-18T17:23:03.218+0545] {processor.py:842} WARNING - No viable dags retrieved from /home/prabal/afenv/lib/python3.10/site-packages/airflow/example_dags/plugins/decreasing_priority_weight_strategy.py
[2024-06-18T17:23:03.233+0545] {processor.py:183} INFO - Processing /home/prabal/afenv/lib/python3.10/site-packages/airflow/example_dags/plugins/decreasing_priority_weight_strategy.py took 0.048 seconds
