[2024-06-18T13:42:16.829+0545] {processor.py:161} INFO - Started process (PID=14130) to work on /home/prabal/afenv/lib/python3.10/site-packages/airflow/example_dags/plugins/listener_plugin.py
[2024-06-18T13:42:16.830+0545] {processor.py:830} INFO - Processing file /home/prabal/afenv/lib/python3.10/site-packages/airflow/example_dags/plugins/listener_plugin.py for tasks to queue
[2024-06-18T13:42:16.831+0545] {logging_mixin.py:188} INFO - [2024-06-18T13:42:16.831+0545] {dagbag.py:545} INFO - Filling up the DagBag from /home/prabal/afenv/lib/python3.10/site-packages/airflow/example_dags/plugins/listener_plugin.py
[2024-06-18T13:42:16.833+0545] {processor.py:842} WARNING - No viable dags retrieved from /home/prabal/afenv/lib/python3.10/site-packages/airflow/example_dags/plugins/listener_plugin.py
[2024-06-18T13:42:16.842+0545] {processor.py:183} INFO - Processing /home/prabal/afenv/lib/python3.10/site-packages/airflow/example_dags/plugins/listener_plugin.py took 0.018 seconds
[2024-06-18T13:43:18.875+0545] {processor.py:161} INFO - Started process (PID=14423) to work on /home/prabal/afenv/lib/python3.10/site-packages/airflow/example_dags/plugins/listener_plugin.py
[2024-06-18T13:43:18.886+0545] {processor.py:830} INFO - Processing file /home/prabal/afenv/lib/python3.10/site-packages/airflow/example_dags/plugins/listener_plugin.py for tasks to queue
[2024-06-18T13:43:18.890+0545] {logging_mixin.py:188} INFO - [2024-06-18T13:43:18.889+0545] {dagbag.py:545} INFO - Filling up the DagBag from /home/prabal/afenv/lib/python3.10/site-packages/airflow/example_dags/plugins/listener_plugin.py
[2024-06-18T13:43:18.895+0545] {processor.py:842} WARNING - No viable dags retrieved from /home/prabal/afenv/lib/python3.10/site-packages/airflow/example_dags/plugins/listener_plugin.py
[2024-06-18T13:43:18.906+0545] {processor.py:183} INFO - Processing /home/prabal/afenv/lib/python3.10/site-packages/airflow/example_dags/plugins/listener_plugin.py took 0.047 seconds
[2024-06-18T13:44:16.107+0545] {processor.py:161} INFO - Started process (PID=14713) to work on /home/prabal/afenv/lib/python3.10/site-packages/airflow/example_dags/plugins/listener_plugin.py
[2024-06-18T13:44:16.119+0545] {processor.py:830} INFO - Processing file /home/prabal/afenv/lib/python3.10/site-packages/airflow/example_dags/plugins/listener_plugin.py for tasks to queue
[2024-06-18T13:44:16.121+0545] {logging_mixin.py:188} INFO - [2024-06-18T13:44:16.121+0545] {dagbag.py:545} INFO - Filling up the DagBag from /home/prabal/afenv/lib/python3.10/site-packages/airflow/example_dags/plugins/listener_plugin.py
[2024-06-18T13:44:16.124+0545] {processor.py:842} WARNING - No viable dags retrieved from /home/prabal/afenv/lib/python3.10/site-packages/airflow/example_dags/plugins/listener_plugin.py
[2024-06-18T13:44:16.135+0545] {processor.py:183} INFO - Processing /home/prabal/afenv/lib/python3.10/site-packages/airflow/example_dags/plugins/listener_plugin.py took 0.035 seconds
[2024-06-18T13:45:18.622+0545] {processor.py:161} INFO - Started process (PID=15011) to work on /home/prabal/afenv/lib/python3.10/site-packages/airflow/example_dags/plugins/listener_plugin.py
[2024-06-18T13:45:18.635+0545] {processor.py:830} INFO - Processing file /home/prabal/afenv/lib/python3.10/site-packages/airflow/example_dags/plugins/listener_plugin.py for tasks to queue
[2024-06-18T13:45:18.637+0545] {logging_mixin.py:188} INFO - [2024-06-18T13:45:18.636+0545] {dagbag.py:545} INFO - Filling up the DagBag from /home/prabal/afenv/lib/python3.10/site-packages/airflow/example_dags/plugins/listener_plugin.py
[2024-06-18T13:45:18.640+0545] {processor.py:842} WARNING - No viable dags retrieved from /home/prabal/afenv/lib/python3.10/site-packages/airflow/example_dags/plugins/listener_plugin.py
[2024-06-18T13:45:18.652+0545] {processor.py:183} INFO - Processing /home/prabal/afenv/lib/python3.10/site-packages/airflow/example_dags/plugins/listener_plugin.py took 0.038 seconds
[2024-06-18T13:46:10.883+0545] {processor.py:161} INFO - Started process (PID=15262) to work on /home/prabal/afenv/lib/python3.10/site-packages/airflow/example_dags/plugins/listener_plugin.py
[2024-06-18T13:46:10.897+0545] {processor.py:830} INFO - Processing file /home/prabal/afenv/lib/python3.10/site-packages/airflow/example_dags/plugins/listener_plugin.py for tasks to queue
[2024-06-18T13:46:10.901+0545] {logging_mixin.py:188} INFO - [2024-06-18T13:46:10.900+0545] {dagbag.py:545} INFO - Filling up the DagBag from /home/prabal/afenv/lib/python3.10/site-packages/airflow/example_dags/plugins/listener_plugin.py
[2024-06-18T13:46:10.906+0545] {processor.py:842} WARNING - No viable dags retrieved from /home/prabal/afenv/lib/python3.10/site-packages/airflow/example_dags/plugins/listener_plugin.py
[2024-06-18T13:46:10.920+0545] {processor.py:183} INFO - Processing /home/prabal/afenv/lib/python3.10/site-packages/airflow/example_dags/plugins/listener_plugin.py took 0.053 seconds
[2024-06-18T13:47:03.940+0545] {processor.py:161} INFO - Started process (PID=15520) to work on /home/prabal/afenv/lib/python3.10/site-packages/airflow/example_dags/plugins/listener_plugin.py
[2024-06-18T13:47:03.952+0545] {processor.py:830} INFO - Processing file /home/prabal/afenv/lib/python3.10/site-packages/airflow/example_dags/plugins/listener_plugin.py for tasks to queue
[2024-06-18T13:47:03.955+0545] {logging_mixin.py:188} INFO - [2024-06-18T13:47:03.955+0545] {dagbag.py:545} INFO - Filling up the DagBag from /home/prabal/afenv/lib/python3.10/site-packages/airflow/example_dags/plugins/listener_plugin.py
[2024-06-18T13:47:03.960+0545] {processor.py:842} WARNING - No viable dags retrieved from /home/prabal/afenv/lib/python3.10/site-packages/airflow/example_dags/plugins/listener_plugin.py
[2024-06-18T13:47:03.975+0545] {processor.py:183} INFO - Processing /home/prabal/afenv/lib/python3.10/site-packages/airflow/example_dags/plugins/listener_plugin.py took 0.045 seconds
[2024-06-18T13:47:53.745+0545] {processor.py:161} INFO - Started process (PID=15762) to work on /home/prabal/afenv/lib/python3.10/site-packages/airflow/example_dags/plugins/listener_plugin.py
[2024-06-18T13:47:53.761+0545] {processor.py:830} INFO - Processing file /home/prabal/afenv/lib/python3.10/site-packages/airflow/example_dags/plugins/listener_plugin.py for tasks to queue
[2024-06-18T13:47:53.764+0545] {logging_mixin.py:188} INFO - [2024-06-18T13:47:53.764+0545] {dagbag.py:545} INFO - Filling up the DagBag from /home/prabal/afenv/lib/python3.10/site-packages/airflow/example_dags/plugins/listener_plugin.py
[2024-06-18T13:47:53.767+0545] {processor.py:842} WARNING - No viable dags retrieved from /home/prabal/afenv/lib/python3.10/site-packages/airflow/example_dags/plugins/listener_plugin.py
[2024-06-18T13:47:53.776+0545] {processor.py:183} INFO - Processing /home/prabal/afenv/lib/python3.10/site-packages/airflow/example_dags/plugins/listener_plugin.py took 0.047 seconds
[2024-06-18T13:48:44.818+0545] {processor.py:161} INFO - Started process (PID=16026) to work on /home/prabal/afenv/lib/python3.10/site-packages/airflow/example_dags/plugins/listener_plugin.py
[2024-06-18T13:48:44.820+0545] {processor.py:830} INFO - Processing file /home/prabal/afenv/lib/python3.10/site-packages/airflow/example_dags/plugins/listener_plugin.py for tasks to queue
[2024-06-18T13:48:44.822+0545] {logging_mixin.py:188} INFO - [2024-06-18T13:48:44.821+0545] {dagbag.py:545} INFO - Filling up the DagBag from /home/prabal/afenv/lib/python3.10/site-packages/airflow/example_dags/plugins/listener_plugin.py
[2024-06-18T13:48:44.826+0545] {processor.py:842} WARNING - No viable dags retrieved from /home/prabal/afenv/lib/python3.10/site-packages/airflow/example_dags/plugins/listener_plugin.py
[2024-06-18T13:48:44.837+0545] {processor.py:183} INFO - Processing /home/prabal/afenv/lib/python3.10/site-packages/airflow/example_dags/plugins/listener_plugin.py took 0.027 seconds
[2024-06-18T13:49:47.522+0545] {processor.py:161} INFO - Started process (PID=16334) to work on /home/prabal/afenv/lib/python3.10/site-packages/airflow/example_dags/plugins/listener_plugin.py
[2024-06-18T13:49:47.534+0545] {processor.py:830} INFO - Processing file /home/prabal/afenv/lib/python3.10/site-packages/airflow/example_dags/plugins/listener_plugin.py for tasks to queue
[2024-06-18T13:49:47.537+0545] {logging_mixin.py:188} INFO - [2024-06-18T13:49:47.536+0545] {dagbag.py:545} INFO - Filling up the DagBag from /home/prabal/afenv/lib/python3.10/site-packages/airflow/example_dags/plugins/listener_plugin.py
[2024-06-18T13:49:47.541+0545] {processor.py:842} WARNING - No viable dags retrieved from /home/prabal/afenv/lib/python3.10/site-packages/airflow/example_dags/plugins/listener_plugin.py
[2024-06-18T13:49:47.556+0545] {processor.py:183} INFO - Processing /home/prabal/afenv/lib/python3.10/site-packages/airflow/example_dags/plugins/listener_plugin.py took 0.041 seconds
[2024-06-18T13:51:08.284+0545] {processor.py:161} INFO - Started process (PID=16723) to work on /home/prabal/afenv/lib/python3.10/site-packages/airflow/example_dags/plugins/listener_plugin.py
[2024-06-18T13:51:08.296+0545] {processor.py:830} INFO - Processing file /home/prabal/afenv/lib/python3.10/site-packages/airflow/example_dags/plugins/listener_plugin.py for tasks to queue
[2024-06-18T13:51:08.298+0545] {logging_mixin.py:188} INFO - [2024-06-18T13:51:08.298+0545] {dagbag.py:545} INFO - Filling up the DagBag from /home/prabal/afenv/lib/python3.10/site-packages/airflow/example_dags/plugins/listener_plugin.py
[2024-06-18T13:51:08.302+0545] {processor.py:842} WARNING - No viable dags retrieved from /home/prabal/afenv/lib/python3.10/site-packages/airflow/example_dags/plugins/listener_plugin.py
[2024-06-18T13:51:08.314+0545] {processor.py:183} INFO - Processing /home/prabal/afenv/lib/python3.10/site-packages/airflow/example_dags/plugins/listener_plugin.py took 0.036 seconds
[2024-06-18T13:52:18.325+0545] {processor.py:161} INFO - Started process (PID=17103) to work on /home/prabal/afenv/lib/python3.10/site-packages/airflow/example_dags/plugins/listener_plugin.py
[2024-06-18T13:52:18.327+0545] {processor.py:830} INFO - Processing file /home/prabal/afenv/lib/python3.10/site-packages/airflow/example_dags/plugins/listener_plugin.py for tasks to queue
[2024-06-18T13:52:18.329+0545] {logging_mixin.py:188} INFO - [2024-06-18T13:52:18.328+0545] {dagbag.py:545} INFO - Filling up the DagBag from /home/prabal/afenv/lib/python3.10/site-packages/airflow/example_dags/plugins/listener_plugin.py
[2024-06-18T13:52:18.331+0545] {processor.py:842} WARNING - No viable dags retrieved from /home/prabal/afenv/lib/python3.10/site-packages/airflow/example_dags/plugins/listener_plugin.py
[2024-06-18T13:52:18.346+0545] {processor.py:183} INFO - Processing /home/prabal/afenv/lib/python3.10/site-packages/airflow/example_dags/plugins/listener_plugin.py took 0.032 seconds
[2024-06-18T13:53:33.565+0545] {processor.py:161} INFO - Started process (PID=17502) to work on /home/prabal/afenv/lib/python3.10/site-packages/airflow/example_dags/plugins/listener_plugin.py
[2024-06-18T13:53:33.578+0545] {processor.py:830} INFO - Processing file /home/prabal/afenv/lib/python3.10/site-packages/airflow/example_dags/plugins/listener_plugin.py for tasks to queue
[2024-06-18T13:53:33.582+0545] {logging_mixin.py:188} INFO - [2024-06-18T13:53:33.581+0545] {dagbag.py:545} INFO - Filling up the DagBag from /home/prabal/afenv/lib/python3.10/site-packages/airflow/example_dags/plugins/listener_plugin.py
[2024-06-18T13:53:33.587+0545] {processor.py:842} WARNING - No viable dags retrieved from /home/prabal/afenv/lib/python3.10/site-packages/airflow/example_dags/plugins/listener_plugin.py
[2024-06-18T13:53:33.608+0545] {processor.py:183} INFO - Processing /home/prabal/afenv/lib/python3.10/site-packages/airflow/example_dags/plugins/listener_plugin.py took 0.058 seconds
[2024-06-18T13:54:26.586+0545] {processor.py:161} INFO - Started process (PID=17759) to work on /home/prabal/afenv/lib/python3.10/site-packages/airflow/example_dags/plugins/listener_plugin.py
[2024-06-18T13:54:26.600+0545] {processor.py:830} INFO - Processing file /home/prabal/afenv/lib/python3.10/site-packages/airflow/example_dags/plugins/listener_plugin.py for tasks to queue
[2024-06-18T13:54:26.604+0545] {logging_mixin.py:188} INFO - [2024-06-18T13:54:26.603+0545] {dagbag.py:545} INFO - Filling up the DagBag from /home/prabal/afenv/lib/python3.10/site-packages/airflow/example_dags/plugins/listener_plugin.py
[2024-06-18T13:54:26.610+0545] {processor.py:842} WARNING - No viable dags retrieved from /home/prabal/afenv/lib/python3.10/site-packages/airflow/example_dags/plugins/listener_plugin.py
[2024-06-18T13:54:26.633+0545] {processor.py:183} INFO - Processing /home/prabal/afenv/lib/python3.10/site-packages/airflow/example_dags/plugins/listener_plugin.py took 0.062 seconds
[2024-06-18T13:55:30.027+0545] {processor.py:161} INFO - Started process (PID=18090) to work on /home/prabal/afenv/lib/python3.10/site-packages/airflow/example_dags/plugins/listener_plugin.py
[2024-06-18T13:55:30.039+0545] {processor.py:830} INFO - Processing file /home/prabal/afenv/lib/python3.10/site-packages/airflow/example_dags/plugins/listener_plugin.py for tasks to queue
[2024-06-18T13:55:30.041+0545] {logging_mixin.py:188} INFO - [2024-06-18T13:55:30.041+0545] {dagbag.py:545} INFO - Filling up the DagBag from /home/prabal/afenv/lib/python3.10/site-packages/airflow/example_dags/plugins/listener_plugin.py
[2024-06-18T13:55:30.046+0545] {processor.py:842} WARNING - No viable dags retrieved from /home/prabal/afenv/lib/python3.10/site-packages/airflow/example_dags/plugins/listener_plugin.py
[2024-06-18T13:55:30.062+0545] {processor.py:183} INFO - Processing /home/prabal/afenv/lib/python3.10/site-packages/airflow/example_dags/plugins/listener_plugin.py took 0.042 seconds
[2024-06-18T13:56:25.924+0545] {processor.py:161} INFO - Started process (PID=18358) to work on /home/prabal/afenv/lib/python3.10/site-packages/airflow/example_dags/plugins/listener_plugin.py
[2024-06-18T13:56:25.936+0545] {processor.py:830} INFO - Processing file /home/prabal/afenv/lib/python3.10/site-packages/airflow/example_dags/plugins/listener_plugin.py for tasks to queue
[2024-06-18T13:56:25.939+0545] {logging_mixin.py:188} INFO - [2024-06-18T13:56:25.938+0545] {dagbag.py:545} INFO - Filling up the DagBag from /home/prabal/afenv/lib/python3.10/site-packages/airflow/example_dags/plugins/listener_plugin.py
[2024-06-18T13:56:25.942+0545] {processor.py:842} WARNING - No viable dags retrieved from /home/prabal/afenv/lib/python3.10/site-packages/airflow/example_dags/plugins/listener_plugin.py
[2024-06-18T13:56:25.953+0545] {processor.py:183} INFO - Processing /home/prabal/afenv/lib/python3.10/site-packages/airflow/example_dags/plugins/listener_plugin.py took 0.035 seconds
[2024-06-18T13:57:14.275+0545] {processor.py:161} INFO - Started process (PID=18596) to work on /home/prabal/afenv/lib/python3.10/site-packages/airflow/example_dags/plugins/listener_plugin.py
[2024-06-18T13:57:14.277+0545] {processor.py:830} INFO - Processing file /home/prabal/afenv/lib/python3.10/site-packages/airflow/example_dags/plugins/listener_plugin.py for tasks to queue
[2024-06-18T13:57:14.279+0545] {logging_mixin.py:188} INFO - [2024-06-18T13:57:14.279+0545] {dagbag.py:545} INFO - Filling up the DagBag from /home/prabal/afenv/lib/python3.10/site-packages/airflow/example_dags/plugins/listener_plugin.py
[2024-06-18T13:57:14.283+0545] {processor.py:842} WARNING - No viable dags retrieved from /home/prabal/afenv/lib/python3.10/site-packages/airflow/example_dags/plugins/listener_plugin.py
[2024-06-18T13:57:14.302+0545] {processor.py:183} INFO - Processing /home/prabal/afenv/lib/python3.10/site-packages/airflow/example_dags/plugins/listener_plugin.py took 0.036 seconds
[2024-06-18T14:05:15.242+0545] {processor.py:161} INFO - Started process (PID=20712) to work on /home/prabal/afenv/lib/python3.10/site-packages/airflow/example_dags/plugins/listener_plugin.py
[2024-06-18T14:05:15.256+0545] {processor.py:830} INFO - Processing file /home/prabal/afenv/lib/python3.10/site-packages/airflow/example_dags/plugins/listener_plugin.py for tasks to queue
[2024-06-18T14:05:15.260+0545] {logging_mixin.py:188} INFO - [2024-06-18T14:05:15.259+0545] {dagbag.py:545} INFO - Filling up the DagBag from /home/prabal/afenv/lib/python3.10/site-packages/airflow/example_dags/plugins/listener_plugin.py
[2024-06-18T14:05:15.267+0545] {processor.py:842} WARNING - No viable dags retrieved from /home/prabal/afenv/lib/python3.10/site-packages/airflow/example_dags/plugins/listener_plugin.py
[2024-06-18T14:05:15.286+0545] {processor.py:183} INFO - Processing /home/prabal/afenv/lib/python3.10/site-packages/airflow/example_dags/plugins/listener_plugin.py took 0.062 seconds
[2024-06-18T14:06:12.972+0545] {processor.py:161} INFO - Started process (PID=21003) to work on /home/prabal/afenv/lib/python3.10/site-packages/airflow/example_dags/plugins/listener_plugin.py
[2024-06-18T14:06:12.985+0545] {processor.py:830} INFO - Processing file /home/prabal/afenv/lib/python3.10/site-packages/airflow/example_dags/plugins/listener_plugin.py for tasks to queue
[2024-06-18T14:06:12.989+0545] {logging_mixin.py:188} INFO - [2024-06-18T14:06:12.988+0545] {dagbag.py:545} INFO - Filling up the DagBag from /home/prabal/afenv/lib/python3.10/site-packages/airflow/example_dags/plugins/listener_plugin.py
[2024-06-18T14:06:12.995+0545] {processor.py:842} WARNING - No viable dags retrieved from /home/prabal/afenv/lib/python3.10/site-packages/airflow/example_dags/plugins/listener_plugin.py
[2024-06-18T14:06:13.016+0545] {processor.py:183} INFO - Processing /home/prabal/afenv/lib/python3.10/site-packages/airflow/example_dags/plugins/listener_plugin.py took 0.051 seconds
[2024-06-18T14:07:10.645+0545] {processor.py:161} INFO - Started process (PID=21280) to work on /home/prabal/afenv/lib/python3.10/site-packages/airflow/example_dags/plugins/listener_plugin.py
[2024-06-18T14:07:10.660+0545] {processor.py:830} INFO - Processing file /home/prabal/afenv/lib/python3.10/site-packages/airflow/example_dags/plugins/listener_plugin.py for tasks to queue
[2024-06-18T14:07:10.664+0545] {logging_mixin.py:188} INFO - [2024-06-18T14:07:10.663+0545] {dagbag.py:545} INFO - Filling up the DagBag from /home/prabal/afenv/lib/python3.10/site-packages/airflow/example_dags/plugins/listener_plugin.py
[2024-06-18T14:07:10.671+0545] {processor.py:842} WARNING - No viable dags retrieved from /home/prabal/afenv/lib/python3.10/site-packages/airflow/example_dags/plugins/listener_plugin.py
[2024-06-18T14:07:10.686+0545] {processor.py:183} INFO - Processing /home/prabal/afenv/lib/python3.10/site-packages/airflow/example_dags/plugins/listener_plugin.py took 0.055 seconds
[2024-06-18T14:08:07.415+0545] {processor.py:161} INFO - Started process (PID=21562) to work on /home/prabal/afenv/lib/python3.10/site-packages/airflow/example_dags/plugins/listener_plugin.py
[2024-06-18T14:08:07.427+0545] {processor.py:830} INFO - Processing file /home/prabal/afenv/lib/python3.10/site-packages/airflow/example_dags/plugins/listener_plugin.py for tasks to queue
[2024-06-18T14:08:07.430+0545] {logging_mixin.py:188} INFO - [2024-06-18T14:08:07.429+0545] {dagbag.py:545} INFO - Filling up the DagBag from /home/prabal/afenv/lib/python3.10/site-packages/airflow/example_dags/plugins/listener_plugin.py
[2024-06-18T14:08:07.437+0545] {processor.py:842} WARNING - No viable dags retrieved from /home/prabal/afenv/lib/python3.10/site-packages/airflow/example_dags/plugins/listener_plugin.py
[2024-06-18T14:08:07.459+0545] {processor.py:183} INFO - Processing /home/prabal/afenv/lib/python3.10/site-packages/airflow/example_dags/plugins/listener_plugin.py took 0.060 seconds
[2024-06-18T14:09:01.377+0545] {processor.py:161} INFO - Started process (PID=21821) to work on /home/prabal/afenv/lib/python3.10/site-packages/airflow/example_dags/plugins/listener_plugin.py
[2024-06-18T14:09:01.391+0545] {processor.py:830} INFO - Processing file /home/prabal/afenv/lib/python3.10/site-packages/airflow/example_dags/plugins/listener_plugin.py for tasks to queue
[2024-06-18T14:09:01.394+0545] {logging_mixin.py:188} INFO - [2024-06-18T14:09:01.393+0545] {dagbag.py:545} INFO - Filling up the DagBag from /home/prabal/afenv/lib/python3.10/site-packages/airflow/example_dags/plugins/listener_plugin.py
[2024-06-18T14:09:01.399+0545] {processor.py:842} WARNING - No viable dags retrieved from /home/prabal/afenv/lib/python3.10/site-packages/airflow/example_dags/plugins/listener_plugin.py
[2024-06-18T14:09:01.418+0545] {processor.py:183} INFO - Processing /home/prabal/afenv/lib/python3.10/site-packages/airflow/example_dags/plugins/listener_plugin.py took 0.057 seconds
[2024-06-18T14:09:55.376+0545] {processor.py:161} INFO - Started process (PID=22082) to work on /home/prabal/afenv/lib/python3.10/site-packages/airflow/example_dags/plugins/listener_plugin.py
[2024-06-18T14:09:55.389+0545] {processor.py:830} INFO - Processing file /home/prabal/afenv/lib/python3.10/site-packages/airflow/example_dags/plugins/listener_plugin.py for tasks to queue
[2024-06-18T14:09:55.393+0545] {logging_mixin.py:188} INFO - [2024-06-18T14:09:55.392+0545] {dagbag.py:545} INFO - Filling up the DagBag from /home/prabal/afenv/lib/python3.10/site-packages/airflow/example_dags/plugins/listener_plugin.py
[2024-06-18T14:09:55.397+0545] {processor.py:842} WARNING - No viable dags retrieved from /home/prabal/afenv/lib/python3.10/site-packages/airflow/example_dags/plugins/listener_plugin.py
[2024-06-18T14:09:55.419+0545] {processor.py:183} INFO - Processing /home/prabal/afenv/lib/python3.10/site-packages/airflow/example_dags/plugins/listener_plugin.py took 0.056 seconds
[2024-06-18T14:10:50.985+0545] {processor.py:161} INFO - Started process (PID=22346) to work on /home/prabal/afenv/lib/python3.10/site-packages/airflow/example_dags/plugins/listener_plugin.py
[2024-06-18T14:10:50.998+0545] {processor.py:830} INFO - Processing file /home/prabal/afenv/lib/python3.10/site-packages/airflow/example_dags/plugins/listener_plugin.py for tasks to queue
[2024-06-18T14:10:51.001+0545] {logging_mixin.py:188} INFO - [2024-06-18T14:10:51.000+0545] {dagbag.py:545} INFO - Filling up the DagBag from /home/prabal/afenv/lib/python3.10/site-packages/airflow/example_dags/plugins/listener_plugin.py
[2024-06-18T14:10:51.006+0545] {processor.py:842} WARNING - No viable dags retrieved from /home/prabal/afenv/lib/python3.10/site-packages/airflow/example_dags/plugins/listener_plugin.py
[2024-06-18T14:10:51.025+0545] {processor.py:183} INFO - Processing /home/prabal/afenv/lib/python3.10/site-packages/airflow/example_dags/plugins/listener_plugin.py took 0.055 seconds
[2024-06-18T14:11:42.018+0545] {processor.py:161} INFO - Started process (PID=22595) to work on /home/prabal/afenv/lib/python3.10/site-packages/airflow/example_dags/plugins/listener_plugin.py
[2024-06-18T14:11:42.031+0545] {processor.py:830} INFO - Processing file /home/prabal/afenv/lib/python3.10/site-packages/airflow/example_dags/plugins/listener_plugin.py for tasks to queue
[2024-06-18T14:11:42.035+0545] {logging_mixin.py:188} INFO - [2024-06-18T14:11:42.034+0545] {dagbag.py:545} INFO - Filling up the DagBag from /home/prabal/afenv/lib/python3.10/site-packages/airflow/example_dags/plugins/listener_plugin.py
[2024-06-18T14:11:42.040+0545] {processor.py:842} WARNING - No viable dags retrieved from /home/prabal/afenv/lib/python3.10/site-packages/airflow/example_dags/plugins/listener_plugin.py
[2024-06-18T14:11:42.061+0545] {processor.py:183} INFO - Processing /home/prabal/afenv/lib/python3.10/site-packages/airflow/example_dags/plugins/listener_plugin.py took 0.055 seconds
[2024-06-18T14:12:32.895+0545] {processor.py:161} INFO - Started process (PID=22839) to work on /home/prabal/afenv/lib/python3.10/site-packages/airflow/example_dags/plugins/listener_plugin.py
[2024-06-18T14:12:32.908+0545] {processor.py:830} INFO - Processing file /home/prabal/afenv/lib/python3.10/site-packages/airflow/example_dags/plugins/listener_plugin.py for tasks to queue
[2024-06-18T14:12:32.911+0545] {logging_mixin.py:188} INFO - [2024-06-18T14:12:32.911+0545] {dagbag.py:545} INFO - Filling up the DagBag from /home/prabal/afenv/lib/python3.10/site-packages/airflow/example_dags/plugins/listener_plugin.py
[2024-06-18T14:12:32.917+0545] {processor.py:842} WARNING - No viable dags retrieved from /home/prabal/afenv/lib/python3.10/site-packages/airflow/example_dags/plugins/listener_plugin.py
[2024-06-18T14:12:32.941+0545] {processor.py:183} INFO - Processing /home/prabal/afenv/lib/python3.10/site-packages/airflow/example_dags/plugins/listener_plugin.py took 0.062 seconds
[2024-06-18T14:13:23.357+0545] {processor.py:161} INFO - Started process (PID=23082) to work on /home/prabal/afenv/lib/python3.10/site-packages/airflow/example_dags/plugins/listener_plugin.py
[2024-06-18T14:13:23.359+0545] {processor.py:830} INFO - Processing file /home/prabal/afenv/lib/python3.10/site-packages/airflow/example_dags/plugins/listener_plugin.py for tasks to queue
[2024-06-18T14:13:23.362+0545] {logging_mixin.py:188} INFO - [2024-06-18T14:13:23.362+0545] {dagbag.py:545} INFO - Filling up the DagBag from /home/prabal/afenv/lib/python3.10/site-packages/airflow/example_dags/plugins/listener_plugin.py
[2024-06-18T14:13:23.368+0545] {processor.py:842} WARNING - No viable dags retrieved from /home/prabal/afenv/lib/python3.10/site-packages/airflow/example_dags/plugins/listener_plugin.py
[2024-06-18T14:13:23.382+0545] {processor.py:183} INFO - Processing /home/prabal/afenv/lib/python3.10/site-packages/airflow/example_dags/plugins/listener_plugin.py took 0.041 seconds
[2024-06-18T14:14:16.217+0545] {processor.py:161} INFO - Started process (PID=23338) to work on /home/prabal/afenv/lib/python3.10/site-packages/airflow/example_dags/plugins/listener_plugin.py
[2024-06-18T14:14:16.229+0545] {processor.py:830} INFO - Processing file /home/prabal/afenv/lib/python3.10/site-packages/airflow/example_dags/plugins/listener_plugin.py for tasks to queue
[2024-06-18T14:14:16.232+0545] {logging_mixin.py:188} INFO - [2024-06-18T14:14:16.231+0545] {dagbag.py:545} INFO - Filling up the DagBag from /home/prabal/afenv/lib/python3.10/site-packages/airflow/example_dags/plugins/listener_plugin.py
[2024-06-18T14:14:16.236+0545] {processor.py:842} WARNING - No viable dags retrieved from /home/prabal/afenv/lib/python3.10/site-packages/airflow/example_dags/plugins/listener_plugin.py
[2024-06-18T14:14:16.253+0545] {processor.py:183} INFO - Processing /home/prabal/afenv/lib/python3.10/site-packages/airflow/example_dags/plugins/listener_plugin.py took 0.044 seconds
[2024-06-18T14:15:17.345+0545] {processor.py:161} INFO - Started process (PID=23655) to work on /home/prabal/afenv/lib/python3.10/site-packages/airflow/example_dags/plugins/listener_plugin.py
[2024-06-18T14:15:17.351+0545] {processor.py:830} INFO - Processing file /home/prabal/afenv/lib/python3.10/site-packages/airflow/example_dags/plugins/listener_plugin.py for tasks to queue
[2024-06-18T14:15:17.354+0545] {logging_mixin.py:188} INFO - [2024-06-18T14:15:17.354+0545] {dagbag.py:545} INFO - Filling up the DagBag from /home/prabal/afenv/lib/python3.10/site-packages/airflow/example_dags/plugins/listener_plugin.py
[2024-06-18T14:15:17.360+0545] {processor.py:842} WARNING - No viable dags retrieved from /home/prabal/afenv/lib/python3.10/site-packages/airflow/example_dags/plugins/listener_plugin.py
[2024-06-18T14:15:17.382+0545] {processor.py:183} INFO - Processing /home/prabal/afenv/lib/python3.10/site-packages/airflow/example_dags/plugins/listener_plugin.py took 0.050 seconds
[2024-06-18T14:16:16.355+0545] {processor.py:161} INFO - Started process (PID=23941) to work on /home/prabal/afenv/lib/python3.10/site-packages/airflow/example_dags/plugins/listener_plugin.py
[2024-06-18T14:16:16.368+0545] {processor.py:830} INFO - Processing file /home/prabal/afenv/lib/python3.10/site-packages/airflow/example_dags/plugins/listener_plugin.py for tasks to queue
[2024-06-18T14:16:16.372+0545] {logging_mixin.py:188} INFO - [2024-06-18T14:16:16.371+0545] {dagbag.py:545} INFO - Filling up the DagBag from /home/prabal/afenv/lib/python3.10/site-packages/airflow/example_dags/plugins/listener_plugin.py
[2024-06-18T14:16:16.378+0545] {processor.py:842} WARNING - No viable dags retrieved from /home/prabal/afenv/lib/python3.10/site-packages/airflow/example_dags/plugins/listener_plugin.py
[2024-06-18T14:16:16.401+0545] {processor.py:183} INFO - Processing /home/prabal/afenv/lib/python3.10/site-packages/airflow/example_dags/plugins/listener_plugin.py took 0.060 seconds
[2024-06-18T14:17:11.575+0545] {processor.py:161} INFO - Started process (PID=24208) to work on /home/prabal/afenv/lib/python3.10/site-packages/airflow/example_dags/plugins/listener_plugin.py
[2024-06-18T14:17:11.588+0545] {processor.py:830} INFO - Processing file /home/prabal/afenv/lib/python3.10/site-packages/airflow/example_dags/plugins/listener_plugin.py for tasks to queue
[2024-06-18T14:17:11.591+0545] {logging_mixin.py:188} INFO - [2024-06-18T14:17:11.591+0545] {dagbag.py:545} INFO - Filling up the DagBag from /home/prabal/afenv/lib/python3.10/site-packages/airflow/example_dags/plugins/listener_plugin.py
[2024-06-18T14:17:11.597+0545] {processor.py:842} WARNING - No viable dags retrieved from /home/prabal/afenv/lib/python3.10/site-packages/airflow/example_dags/plugins/listener_plugin.py
[2024-06-18T14:17:11.616+0545] {processor.py:183} INFO - Processing /home/prabal/afenv/lib/python3.10/site-packages/airflow/example_dags/plugins/listener_plugin.py took 0.057 seconds
[2024-06-18T14:18:06.274+0545] {processor.py:161} INFO - Started process (PID=24468) to work on /home/prabal/afenv/lib/python3.10/site-packages/airflow/example_dags/plugins/listener_plugin.py
[2024-06-18T14:18:06.287+0545] {processor.py:830} INFO - Processing file /home/prabal/afenv/lib/python3.10/site-packages/airflow/example_dags/plugins/listener_plugin.py for tasks to queue
[2024-06-18T14:18:06.291+0545] {logging_mixin.py:188} INFO - [2024-06-18T14:18:06.290+0545] {dagbag.py:545} INFO - Filling up the DagBag from /home/prabal/afenv/lib/python3.10/site-packages/airflow/example_dags/plugins/listener_plugin.py
[2024-06-18T14:18:06.296+0545] {processor.py:842} WARNING - No viable dags retrieved from /home/prabal/afenv/lib/python3.10/site-packages/airflow/example_dags/plugins/listener_plugin.py
[2024-06-18T14:18:06.309+0545] {processor.py:183} INFO - Processing /home/prabal/afenv/lib/python3.10/site-packages/airflow/example_dags/plugins/listener_plugin.py took 0.050 seconds
[2024-06-18T14:19:01.688+0545] {processor.py:161} INFO - Started process (PID=24735) to work on /home/prabal/afenv/lib/python3.10/site-packages/airflow/example_dags/plugins/listener_plugin.py
[2024-06-18T14:19:01.698+0545] {processor.py:830} INFO - Processing file /home/prabal/afenv/lib/python3.10/site-packages/airflow/example_dags/plugins/listener_plugin.py for tasks to queue
[2024-06-18T14:19:01.702+0545] {logging_mixin.py:188} INFO - [2024-06-18T14:19:01.701+0545] {dagbag.py:545} INFO - Filling up the DagBag from /home/prabal/afenv/lib/python3.10/site-packages/airflow/example_dags/plugins/listener_plugin.py
[2024-06-18T14:19:01.708+0545] {processor.py:842} WARNING - No viable dags retrieved from /home/prabal/afenv/lib/python3.10/site-packages/airflow/example_dags/plugins/listener_plugin.py
[2024-06-18T14:19:01.731+0545] {processor.py:183} INFO - Processing /home/prabal/afenv/lib/python3.10/site-packages/airflow/example_dags/plugins/listener_plugin.py took 0.060 seconds
[2024-06-18T14:19:57.315+0545] {processor.py:161} INFO - Started process (PID=25000) to work on /home/prabal/afenv/lib/python3.10/site-packages/airflow/example_dags/plugins/listener_plugin.py
[2024-06-18T14:19:57.328+0545] {processor.py:830} INFO - Processing file /home/prabal/afenv/lib/python3.10/site-packages/airflow/example_dags/plugins/listener_plugin.py for tasks to queue
[2024-06-18T14:19:57.331+0545] {logging_mixin.py:188} INFO - [2024-06-18T14:19:57.331+0545] {dagbag.py:545} INFO - Filling up the DagBag from /home/prabal/afenv/lib/python3.10/site-packages/airflow/example_dags/plugins/listener_plugin.py
[2024-06-18T14:19:57.338+0545] {processor.py:842} WARNING - No viable dags retrieved from /home/prabal/afenv/lib/python3.10/site-packages/airflow/example_dags/plugins/listener_plugin.py
[2024-06-18T14:19:57.361+0545] {processor.py:183} INFO - Processing /home/prabal/afenv/lib/python3.10/site-packages/airflow/example_dags/plugins/listener_plugin.py took 0.059 seconds
[2024-06-18T14:20:48.328+0545] {processor.py:161} INFO - Started process (PID=25247) to work on /home/prabal/afenv/lib/python3.10/site-packages/airflow/example_dags/plugins/listener_plugin.py
[2024-06-18T14:20:48.341+0545] {processor.py:830} INFO - Processing file /home/prabal/afenv/lib/python3.10/site-packages/airflow/example_dags/plugins/listener_plugin.py for tasks to queue
[2024-06-18T14:20:48.344+0545] {logging_mixin.py:188} INFO - [2024-06-18T14:20:48.343+0545] {dagbag.py:545} INFO - Filling up the DagBag from /home/prabal/afenv/lib/python3.10/site-packages/airflow/example_dags/plugins/listener_plugin.py
[2024-06-18T14:20:48.351+0545] {processor.py:842} WARNING - No viable dags retrieved from /home/prabal/afenv/lib/python3.10/site-packages/airflow/example_dags/plugins/listener_plugin.py
[2024-06-18T14:20:48.372+0545] {processor.py:183} INFO - Processing /home/prabal/afenv/lib/python3.10/site-packages/airflow/example_dags/plugins/listener_plugin.py took 0.059 seconds
[2024-06-18T14:21:41.818+0545] {processor.py:161} INFO - Started process (PID=25502) to work on /home/prabal/afenv/lib/python3.10/site-packages/airflow/example_dags/plugins/listener_plugin.py
[2024-06-18T14:21:41.831+0545] {processor.py:830} INFO - Processing file /home/prabal/afenv/lib/python3.10/site-packages/airflow/example_dags/plugins/listener_plugin.py for tasks to queue
[2024-06-18T14:21:41.835+0545] {logging_mixin.py:188} INFO - [2024-06-18T14:21:41.834+0545] {dagbag.py:545} INFO - Filling up the DagBag from /home/prabal/afenv/lib/python3.10/site-packages/airflow/example_dags/plugins/listener_plugin.py
[2024-06-18T14:21:41.840+0545] {processor.py:842} WARNING - No viable dags retrieved from /home/prabal/afenv/lib/python3.10/site-packages/airflow/example_dags/plugins/listener_plugin.py
[2024-06-18T14:21:41.864+0545] {processor.py:183} INFO - Processing /home/prabal/afenv/lib/python3.10/site-packages/airflow/example_dags/plugins/listener_plugin.py took 0.061 seconds
[2024-06-18T14:22:36.641+0545] {processor.py:161} INFO - Started process (PID=25768) to work on /home/prabal/afenv/lib/python3.10/site-packages/airflow/example_dags/plugins/listener_plugin.py
[2024-06-18T14:22:36.653+0545] {processor.py:830} INFO - Processing file /home/prabal/afenv/lib/python3.10/site-packages/airflow/example_dags/plugins/listener_plugin.py for tasks to queue
[2024-06-18T14:22:36.654+0545] {logging_mixin.py:188} INFO - [2024-06-18T14:22:36.654+0545] {dagbag.py:545} INFO - Filling up the DagBag from /home/prabal/afenv/lib/python3.10/site-packages/airflow/example_dags/plugins/listener_plugin.py
[2024-06-18T14:22:36.657+0545] {processor.py:842} WARNING - No viable dags retrieved from /home/prabal/afenv/lib/python3.10/site-packages/airflow/example_dags/plugins/listener_plugin.py
[2024-06-18T14:22:36.666+0545] {processor.py:183} INFO - Processing /home/prabal/afenv/lib/python3.10/site-packages/airflow/example_dags/plugins/listener_plugin.py took 0.031 seconds
[2024-06-18T14:23:30.109+0545] {processor.py:161} INFO - Started process (PID=26028) to work on /home/prabal/afenv/lib/python3.10/site-packages/airflow/example_dags/plugins/listener_plugin.py
[2024-06-18T14:23:30.122+0545] {processor.py:830} INFO - Processing file /home/prabal/afenv/lib/python3.10/site-packages/airflow/example_dags/plugins/listener_plugin.py for tasks to queue
[2024-06-18T14:23:30.126+0545] {logging_mixin.py:188} INFO - [2024-06-18T14:23:30.125+0545] {dagbag.py:545} INFO - Filling up the DagBag from /home/prabal/afenv/lib/python3.10/site-packages/airflow/example_dags/plugins/listener_plugin.py
[2024-06-18T14:23:30.131+0545] {processor.py:842} WARNING - No viable dags retrieved from /home/prabal/afenv/lib/python3.10/site-packages/airflow/example_dags/plugins/listener_plugin.py
[2024-06-18T14:23:30.146+0545] {processor.py:183} INFO - Processing /home/prabal/afenv/lib/python3.10/site-packages/airflow/example_dags/plugins/listener_plugin.py took 0.054 seconds
[2024-06-18T17:15:46.719+0545] {processor.py:161} INFO - Started process (PID=4056) to work on /home/prabal/afenv/lib/python3.10/site-packages/airflow/example_dags/plugins/listener_plugin.py
[2024-06-18T17:15:46.721+0545] {processor.py:830} INFO - Processing file /home/prabal/afenv/lib/python3.10/site-packages/airflow/example_dags/plugins/listener_plugin.py for tasks to queue
[2024-06-18T17:15:46.729+0545] {logging_mixin.py:188} INFO - [2024-06-18T17:15:46.729+0545] {dagbag.py:545} INFO - Filling up the DagBag from /home/prabal/afenv/lib/python3.10/site-packages/airflow/example_dags/plugins/listener_plugin.py
[2024-06-18T17:15:46.734+0545] {processor.py:842} WARNING - No viable dags retrieved from /home/prabal/afenv/lib/python3.10/site-packages/airflow/example_dags/plugins/listener_plugin.py
[2024-06-18T17:15:46.757+0545] {processor.py:183} INFO - Processing /home/prabal/afenv/lib/python3.10/site-packages/airflow/example_dags/plugins/listener_plugin.py took 0.050 seconds
[2024-06-18T17:17:30.051+0545] {processor.py:161} INFO - Started process (PID=4624) to work on /home/prabal/afenv/lib/python3.10/site-packages/airflow/example_dags/plugins/listener_plugin.py
[2024-06-18T17:17:30.064+0545] {processor.py:830} INFO - Processing file /home/prabal/afenv/lib/python3.10/site-packages/airflow/example_dags/plugins/listener_plugin.py for tasks to queue
[2024-06-18T17:17:30.065+0545] {logging_mixin.py:188} INFO - [2024-06-18T17:17:30.065+0545] {dagbag.py:545} INFO - Filling up the DagBag from /home/prabal/afenv/lib/python3.10/site-packages/airflow/example_dags/plugins/listener_plugin.py
[2024-06-18T17:17:30.070+0545] {processor.py:842} WARNING - No viable dags retrieved from /home/prabal/afenv/lib/python3.10/site-packages/airflow/example_dags/plugins/listener_plugin.py
[2024-06-18T17:17:30.088+0545] {processor.py:183} INFO - Processing /home/prabal/afenv/lib/python3.10/site-packages/airflow/example_dags/plugins/listener_plugin.py took 0.048 seconds
[2024-06-18T17:18:30.263+0545] {processor.py:161} INFO - Started process (PID=4970) to work on /home/prabal/afenv/lib/python3.10/site-packages/airflow/example_dags/plugins/listener_plugin.py
[2024-06-18T17:18:30.277+0545] {processor.py:830} INFO - Processing file /home/prabal/afenv/lib/python3.10/site-packages/airflow/example_dags/plugins/listener_plugin.py for tasks to queue
[2024-06-18T17:18:30.278+0545] {logging_mixin.py:188} INFO - [2024-06-18T17:18:30.278+0545] {dagbag.py:545} INFO - Filling up the DagBag from /home/prabal/afenv/lib/python3.10/site-packages/airflow/example_dags/plugins/listener_plugin.py
[2024-06-18T17:18:30.284+0545] {processor.py:842} WARNING - No viable dags retrieved from /home/prabal/afenv/lib/python3.10/site-packages/airflow/example_dags/plugins/listener_plugin.py
[2024-06-18T17:18:30.306+0545] {processor.py:183} INFO - Processing /home/prabal/afenv/lib/python3.10/site-packages/airflow/example_dags/plugins/listener_plugin.py took 0.055 seconds
[2024-06-18T17:19:29.609+0545] {processor.py:161} INFO - Started process (PID=5618) to work on /home/prabal/afenv/lib/python3.10/site-packages/airflow/example_dags/plugins/listener_plugin.py
[2024-06-18T17:19:29.622+0545] {processor.py:830} INFO - Processing file /home/prabal/afenv/lib/python3.10/site-packages/airflow/example_dags/plugins/listener_plugin.py for tasks to queue
[2024-06-18T17:19:29.624+0545] {logging_mixin.py:188} INFO - [2024-06-18T17:19:29.623+0545] {dagbag.py:545} INFO - Filling up the DagBag from /home/prabal/afenv/lib/python3.10/site-packages/airflow/example_dags/plugins/listener_plugin.py
[2024-06-18T17:19:29.629+0545] {processor.py:842} WARNING - No viable dags retrieved from /home/prabal/afenv/lib/python3.10/site-packages/airflow/example_dags/plugins/listener_plugin.py
[2024-06-18T17:19:29.649+0545] {processor.py:183} INFO - Processing /home/prabal/afenv/lib/python3.10/site-packages/airflow/example_dags/plugins/listener_plugin.py took 0.053 seconds
[2024-06-18T17:20:23.399+0545] {processor.py:161} INFO - Started process (PID=6425) to work on /home/prabal/afenv/lib/python3.10/site-packages/airflow/example_dags/plugins/listener_plugin.py
[2024-06-18T17:20:23.413+0545] {processor.py:830} INFO - Processing file /home/prabal/afenv/lib/python3.10/site-packages/airflow/example_dags/plugins/listener_plugin.py for tasks to queue
[2024-06-18T17:20:23.414+0545] {logging_mixin.py:188} INFO - [2024-06-18T17:20:23.414+0545] {dagbag.py:545} INFO - Filling up the DagBag from /home/prabal/afenv/lib/python3.10/site-packages/airflow/example_dags/plugins/listener_plugin.py
[2024-06-18T17:20:23.420+0545] {processor.py:842} WARNING - No viable dags retrieved from /home/prabal/afenv/lib/python3.10/site-packages/airflow/example_dags/plugins/listener_plugin.py
[2024-06-18T17:20:23.439+0545] {processor.py:183} INFO - Processing /home/prabal/afenv/lib/python3.10/site-packages/airflow/example_dags/plugins/listener_plugin.py took 0.051 seconds
[2024-06-18T17:21:57.059+0545] {processor.py:161} INFO - Started process (PID=6982) to work on /home/prabal/afenv/lib/python3.10/site-packages/airflow/example_dags/plugins/listener_plugin.py
[2024-06-18T17:21:57.064+0545] {processor.py:830} INFO - Processing file /home/prabal/afenv/lib/python3.10/site-packages/airflow/example_dags/plugins/listener_plugin.py for tasks to queue
[2024-06-18T17:21:57.067+0545] {logging_mixin.py:188} INFO - [2024-06-18T17:21:57.066+0545] {dagbag.py:545} INFO - Filling up the DagBag from /home/prabal/afenv/lib/python3.10/site-packages/airflow/example_dags/plugins/listener_plugin.py
[2024-06-18T17:21:57.073+0545] {processor.py:842} WARNING - No viable dags retrieved from /home/prabal/afenv/lib/python3.10/site-packages/airflow/example_dags/plugins/listener_plugin.py
[2024-06-18T17:21:57.093+0545] {processor.py:183} INFO - Processing /home/prabal/afenv/lib/python3.10/site-packages/airflow/example_dags/plugins/listener_plugin.py took 0.047 seconds
[2024-06-18T17:23:04.366+0545] {processor.py:161} INFO - Started process (PID=7338) to work on /home/prabal/afenv/lib/python3.10/site-packages/airflow/example_dags/plugins/listener_plugin.py
[2024-06-18T17:23:04.369+0545] {processor.py:830} INFO - Processing file /home/prabal/afenv/lib/python3.10/site-packages/airflow/example_dags/plugins/listener_plugin.py for tasks to queue
[2024-06-18T17:23:04.372+0545] {logging_mixin.py:188} INFO - [2024-06-18T17:23:04.371+0545] {dagbag.py:545} INFO - Filling up the DagBag from /home/prabal/afenv/lib/python3.10/site-packages/airflow/example_dags/plugins/listener_plugin.py
[2024-06-18T17:23:04.378+0545] {processor.py:842} WARNING - No viable dags retrieved from /home/prabal/afenv/lib/python3.10/site-packages/airflow/example_dags/plugins/listener_plugin.py
[2024-06-18T17:23:04.402+0545] {processor.py:183} INFO - Processing /home/prabal/afenv/lib/python3.10/site-packages/airflow/example_dags/plugins/listener_plugin.py took 0.050 seconds
