[2024-06-18T13:42:22.840+0545] {processor.py:161} INFO - Started process (PID=14158) to work on /home/prabal/afenv/lib/python3.10/site-packages/airflow/example_dags/example_short_circuit_operator.py
[2024-06-18T13:42:22.842+0545] {processor.py:830} INFO - Processing file /home/prabal/afenv/lib/python3.10/site-packages/airflow/example_dags/example_short_circuit_operator.py for tasks to queue
[2024-06-18T13:42:22.845+0545] {logging_mixin.py:188} INFO - [2024-06-18T13:42:22.845+0545] {dagbag.py:545} INFO - Filling up the DagBag from /home/prabal/afenv/lib/python3.10/site-packages/airflow/example_dags/example_short_circuit_operator.py
[2024-06-18T13:42:22.865+0545] {processor.py:840} INFO - DAG(s) 'example_short_circuit_operator' retrieved from /home/prabal/afenv/lib/python3.10/site-packages/airflow/example_dags/example_short_circuit_operator.py
[2024-06-18T13:42:22.975+0545] {logging_mixin.py:188} INFO - [2024-06-18T13:42:22.975+0545] {override.py:1829} INFO - Created Permission View: can read on DAG:example_short_circuit_operator
[2024-06-18T13:42:22.984+0545] {logging_mixin.py:188} INFO - [2024-06-18T13:42:22.984+0545] {override.py:1829} INFO - Created Permission View: can edit on DAG:example_short_circuit_operator
[2024-06-18T13:42:22.990+0545] {logging_mixin.py:188} INFO - [2024-06-18T13:42:22.990+0545] {override.py:1829} INFO - Created Permission View: can delete on DAG:example_short_circuit_operator
[2024-06-18T13:42:22.990+0545] {logging_mixin.py:188} INFO - [2024-06-18T13:42:22.990+0545] {dag.py:3096} INFO - Sync 1 DAGs
[2024-06-18T13:42:23.000+0545] {logging_mixin.py:188} INFO - [2024-06-18T13:42:23.000+0545] {dag.py:3118} INFO - Creating ORM DAG for example_short_circuit_operator
[2024-06-18T13:42:23.008+0545] {logging_mixin.py:188} INFO - [2024-06-18T13:42:23.008+0545] {dag.py:3954} INFO - Setting next_dagrun for example_short_circuit_operator to 2024-06-17 00:00:00+00:00, run_after=2024-06-18 00:00:00+00:00
[2024-06-18T13:42:23.024+0545] {processor.py:183} INFO - Processing /home/prabal/afenv/lib/python3.10/site-packages/airflow/example_dags/example_short_circuit_operator.py took 0.198 seconds
[2024-06-18T13:43:24.107+0545] {processor.py:161} INFO - Started process (PID=14450) to work on /home/prabal/afenv/lib/python3.10/site-packages/airflow/example_dags/example_short_circuit_operator.py
[2024-06-18T13:43:24.109+0545] {processor.py:830} INFO - Processing file /home/prabal/afenv/lib/python3.10/site-packages/airflow/example_dags/example_short_circuit_operator.py for tasks to queue
[2024-06-18T13:43:24.111+0545] {logging_mixin.py:188} INFO - [2024-06-18T13:43:24.111+0545] {dagbag.py:545} INFO - Filling up the DagBag from /home/prabal/afenv/lib/python3.10/site-packages/airflow/example_dags/example_short_circuit_operator.py
[2024-06-18T13:43:24.119+0545] {processor.py:840} INFO - DAG(s) 'example_short_circuit_operator' retrieved from /home/prabal/afenv/lib/python3.10/site-packages/airflow/example_dags/example_short_circuit_operator.py
[2024-06-18T13:43:24.141+0545] {logging_mixin.py:188} INFO - [2024-06-18T13:43:24.140+0545] {dag.py:3096} INFO - Sync 1 DAGs
[2024-06-18T13:43:24.166+0545] {logging_mixin.py:188} INFO - [2024-06-18T13:43:24.166+0545] {dag.py:3954} INFO - Setting next_dagrun for example_short_circuit_operator to 2024-06-17 00:00:00+00:00, run_after=2024-06-18 00:00:00+00:00
[2024-06-18T13:43:24.186+0545] {processor.py:183} INFO - Processing /home/prabal/afenv/lib/python3.10/site-packages/airflow/example_dags/example_short_circuit_operator.py took 0.085 seconds
[2024-06-18T13:44:22.328+0545] {processor.py:161} INFO - Started process (PID=14742) to work on /home/prabal/afenv/lib/python3.10/site-packages/airflow/example_dags/example_short_circuit_operator.py
[2024-06-18T13:44:22.341+0545] {processor.py:830} INFO - Processing file /home/prabal/afenv/lib/python3.10/site-packages/airflow/example_dags/example_short_circuit_operator.py for tasks to queue
[2024-06-18T13:44:22.345+0545] {logging_mixin.py:188} INFO - [2024-06-18T13:44:22.345+0545] {dagbag.py:545} INFO - Filling up the DagBag from /home/prabal/afenv/lib/python3.10/site-packages/airflow/example_dags/example_short_circuit_operator.py
[2024-06-18T13:44:22.363+0545] {processor.py:840} INFO - DAG(s) 'example_short_circuit_operator' retrieved from /home/prabal/afenv/lib/python3.10/site-packages/airflow/example_dags/example_short_circuit_operator.py
[2024-06-18T13:44:22.399+0545] {logging_mixin.py:188} INFO - [2024-06-18T13:44:22.399+0545] {dag.py:3096} INFO - Sync 1 DAGs
[2024-06-18T13:44:22.515+0545] {logging_mixin.py:188} INFO - [2024-06-18T13:44:22.515+0545] {dag.py:3954} INFO - Setting next_dagrun for example_short_circuit_operator to 2024-06-17 00:00:00+00:00, run_after=2024-06-18 00:00:00+00:00
[2024-06-18T13:44:22.543+0545] {processor.py:183} INFO - Processing /home/prabal/afenv/lib/python3.10/site-packages/airflow/example_dags/example_short_circuit_operator.py took 0.229 seconds
[2024-06-18T13:45:24.393+0545] {processor.py:161} INFO - Started process (PID=15039) to work on /home/prabal/afenv/lib/python3.10/site-packages/airflow/example_dags/example_short_circuit_operator.py
[2024-06-18T13:45:24.406+0545] {processor.py:830} INFO - Processing file /home/prabal/afenv/lib/python3.10/site-packages/airflow/example_dags/example_short_circuit_operator.py for tasks to queue
[2024-06-18T13:45:24.409+0545] {logging_mixin.py:188} INFO - [2024-06-18T13:45:24.408+0545] {dagbag.py:545} INFO - Filling up the DagBag from /home/prabal/afenv/lib/python3.10/site-packages/airflow/example_dags/example_short_circuit_operator.py
[2024-06-18T13:45:24.420+0545] {processor.py:840} INFO - DAG(s) 'example_short_circuit_operator' retrieved from /home/prabal/afenv/lib/python3.10/site-packages/airflow/example_dags/example_short_circuit_operator.py
[2024-06-18T13:45:24.454+0545] {logging_mixin.py:188} INFO - [2024-06-18T13:45:24.453+0545] {dag.py:3096} INFO - Sync 1 DAGs
[2024-06-18T13:45:24.475+0545] {logging_mixin.py:188} INFO - [2024-06-18T13:45:24.475+0545] {dag.py:3954} INFO - Setting next_dagrun for example_short_circuit_operator to 2024-06-17 00:00:00+00:00, run_after=2024-06-18 00:00:00+00:00
[2024-06-18T13:45:24.507+0545] {processor.py:183} INFO - Processing /home/prabal/afenv/lib/python3.10/site-packages/airflow/example_dags/example_short_circuit_operator.py took 0.122 seconds
[2024-06-18T13:46:16.123+0545] {processor.py:161} INFO - Started process (PID=15288) to work on /home/prabal/afenv/lib/python3.10/site-packages/airflow/example_dags/example_short_circuit_operator.py
[2024-06-18T13:46:16.136+0545] {processor.py:830} INFO - Processing file /home/prabal/afenv/lib/python3.10/site-packages/airflow/example_dags/example_short_circuit_operator.py for tasks to queue
[2024-06-18T13:46:16.138+0545] {logging_mixin.py:188} INFO - [2024-06-18T13:46:16.137+0545] {dagbag.py:545} INFO - Filling up the DagBag from /home/prabal/afenv/lib/python3.10/site-packages/airflow/example_dags/example_short_circuit_operator.py
[2024-06-18T13:46:16.151+0545] {processor.py:840} INFO - DAG(s) 'example_short_circuit_operator' retrieved from /home/prabal/afenv/lib/python3.10/site-packages/airflow/example_dags/example_short_circuit_operator.py
[2024-06-18T13:46:16.173+0545] {logging_mixin.py:188} INFO - [2024-06-18T13:46:16.173+0545] {dag.py:3096} INFO - Sync 1 DAGs
[2024-06-18T13:46:16.196+0545] {logging_mixin.py:188} INFO - [2024-06-18T13:46:16.196+0545] {dag.py:3954} INFO - Setting next_dagrun for example_short_circuit_operator to 2024-06-17 00:00:00+00:00, run_after=2024-06-18 00:00:00+00:00
[2024-06-18T13:46:16.214+0545] {processor.py:183} INFO - Processing /home/prabal/afenv/lib/python3.10/site-packages/airflow/example_dags/example_short_circuit_operator.py took 0.097 seconds
[2024-06-18T13:47:08.066+0545] {processor.py:161} INFO - Started process (PID=15541) to work on /home/prabal/afenv/lib/python3.10/site-packages/airflow/example_dags/example_short_circuit_operator.py
[2024-06-18T13:47:08.068+0545] {processor.py:830} INFO - Processing file /home/prabal/afenv/lib/python3.10/site-packages/airflow/example_dags/example_short_circuit_operator.py for tasks to queue
[2024-06-18T13:47:08.071+0545] {logging_mixin.py:188} INFO - [2024-06-18T13:47:08.070+0545] {dagbag.py:545} INFO - Filling up the DagBag from /home/prabal/afenv/lib/python3.10/site-packages/airflow/example_dags/example_short_circuit_operator.py
[2024-06-18T13:47:08.081+0545] {processor.py:840} INFO - DAG(s) 'example_short_circuit_operator' retrieved from /home/prabal/afenv/lib/python3.10/site-packages/airflow/example_dags/example_short_circuit_operator.py
[2024-06-18T13:47:08.101+0545] {logging_mixin.py:188} INFO - [2024-06-18T13:47:08.100+0545] {dag.py:3096} INFO - Sync 1 DAGs
[2024-06-18T13:47:08.129+0545] {logging_mixin.py:188} INFO - [2024-06-18T13:47:08.128+0545] {dag.py:3954} INFO - Setting next_dagrun for example_short_circuit_operator to 2024-06-17 00:00:00+00:00, run_after=2024-06-18 00:00:00+00:00
[2024-06-18T13:47:08.151+0545] {processor.py:183} INFO - Processing /home/prabal/afenv/lib/python3.10/site-packages/airflow/example_dags/example_short_circuit_operator.py took 0.100 seconds
[2024-06-18T13:47:58.930+0545] {processor.py:161} INFO - Started process (PID=15787) to work on /home/prabal/afenv/lib/python3.10/site-packages/airflow/example_dags/example_short_circuit_operator.py
[2024-06-18T13:47:58.943+0545] {processor.py:830} INFO - Processing file /home/prabal/afenv/lib/python3.10/site-packages/airflow/example_dags/example_short_circuit_operator.py for tasks to queue
[2024-06-18T13:47:58.947+0545] {logging_mixin.py:188} INFO - [2024-06-18T13:47:58.946+0545] {dagbag.py:545} INFO - Filling up the DagBag from /home/prabal/afenv/lib/python3.10/site-packages/airflow/example_dags/example_short_circuit_operator.py
[2024-06-18T13:47:58.960+0545] {processor.py:840} INFO - DAG(s) 'example_short_circuit_operator' retrieved from /home/prabal/afenv/lib/python3.10/site-packages/airflow/example_dags/example_short_circuit_operator.py
[2024-06-18T13:47:58.980+0545] {logging_mixin.py:188} INFO - [2024-06-18T13:47:58.979+0545] {dag.py:3096} INFO - Sync 1 DAGs
[2024-06-18T13:47:58.998+0545] {logging_mixin.py:188} INFO - [2024-06-18T13:47:58.998+0545] {dag.py:3954} INFO - Setting next_dagrun for example_short_circuit_operator to 2024-06-17 00:00:00+00:00, run_after=2024-06-18 00:00:00+00:00
[2024-06-18T13:47:59.017+0545] {processor.py:183} INFO - Processing /home/prabal/afenv/lib/python3.10/site-packages/airflow/example_dags/example_short_circuit_operator.py took 0.098 seconds
[2024-06-18T13:49:25.583+0545] {processor.py:161} INFO - Started process (PID=16225) to work on /home/prabal/afenv/lib/python3.10/site-packages/airflow/example_dags/example_short_circuit_operator.py
[2024-06-18T13:49:25.584+0545] {processor.py:830} INFO - Processing file /home/prabal/afenv/lib/python3.10/site-packages/airflow/example_dags/example_short_circuit_operator.py for tasks to queue
[2024-06-18T13:49:25.586+0545] {logging_mixin.py:188} INFO - [2024-06-18T13:49:25.585+0545] {dagbag.py:545} INFO - Filling up the DagBag from /home/prabal/afenv/lib/python3.10/site-packages/airflow/example_dags/example_short_circuit_operator.py
[2024-06-18T13:49:25.594+0545] {processor.py:840} INFO - DAG(s) 'example_short_circuit_operator' retrieved from /home/prabal/afenv/lib/python3.10/site-packages/airflow/example_dags/example_short_circuit_operator.py
[2024-06-18T13:49:25.612+0545] {logging_mixin.py:188} INFO - [2024-06-18T13:49:25.611+0545] {dag.py:3096} INFO - Sync 1 DAGs
[2024-06-18T13:49:25.633+0545] {logging_mixin.py:188} INFO - [2024-06-18T13:49:25.633+0545] {dag.py:3954} INFO - Setting next_dagrun for example_short_circuit_operator to 2024-06-17 00:00:00+00:00, run_after=2024-06-18 00:00:00+00:00
[2024-06-18T13:49:25.652+0545] {processor.py:183} INFO - Processing /home/prabal/afenv/lib/python3.10/site-packages/airflow/example_dags/example_short_circuit_operator.py took 0.075 seconds
[2024-06-18T13:51:14.651+0545] {processor.py:161} INFO - Started process (PID=16755) to work on /home/prabal/afenv/lib/python3.10/site-packages/airflow/example_dags/example_short_circuit_operator.py
[2024-06-18T13:51:14.653+0545] {processor.py:830} INFO - Processing file /home/prabal/afenv/lib/python3.10/site-packages/airflow/example_dags/example_short_circuit_operator.py for tasks to queue
[2024-06-18T13:51:14.659+0545] {logging_mixin.py:188} INFO - [2024-06-18T13:51:14.658+0545] {dagbag.py:545} INFO - Filling up the DagBag from /home/prabal/afenv/lib/python3.10/site-packages/airflow/example_dags/example_short_circuit_operator.py
[2024-06-18T13:51:14.672+0545] {processor.py:840} INFO - DAG(s) 'example_short_circuit_operator' retrieved from /home/prabal/afenv/lib/python3.10/site-packages/airflow/example_dags/example_short_circuit_operator.py
[2024-06-18T13:51:14.712+0545] {logging_mixin.py:188} INFO - [2024-06-18T13:51:14.712+0545] {dag.py:3096} INFO - Sync 1 DAGs
[2024-06-18T13:51:14.773+0545] {logging_mixin.py:188} INFO - [2024-06-18T13:51:14.772+0545] {dag.py:3954} INFO - Setting next_dagrun for example_short_circuit_operator to 2024-06-17 00:00:00+00:00, run_after=2024-06-18 00:00:00+00:00
[2024-06-18T13:51:14.835+0545] {processor.py:183} INFO - Processing /home/prabal/afenv/lib/python3.10/site-packages/airflow/example_dags/example_short_circuit_operator.py took 0.195 seconds
[2024-06-18T13:52:23.735+0545] {processor.py:161} INFO - Started process (PID=17139) to work on /home/prabal/afenv/lib/python3.10/site-packages/airflow/example_dags/example_short_circuit_operator.py
[2024-06-18T13:52:23.747+0545] {processor.py:830} INFO - Processing file /home/prabal/afenv/lib/python3.10/site-packages/airflow/example_dags/example_short_circuit_operator.py for tasks to queue
[2024-06-18T13:52:23.749+0545] {logging_mixin.py:188} INFO - [2024-06-18T13:52:23.749+0545] {dagbag.py:545} INFO - Filling up the DagBag from /home/prabal/afenv/lib/python3.10/site-packages/airflow/example_dags/example_short_circuit_operator.py
[2024-06-18T13:52:23.758+0545] {processor.py:840} INFO - DAG(s) 'example_short_circuit_operator' retrieved from /home/prabal/afenv/lib/python3.10/site-packages/airflow/example_dags/example_short_circuit_operator.py
[2024-06-18T13:52:23.790+0545] {logging_mixin.py:188} INFO - [2024-06-18T13:52:23.790+0545] {dag.py:3096} INFO - Sync 1 DAGs
[2024-06-18T13:52:23.821+0545] {logging_mixin.py:188} INFO - [2024-06-18T13:52:23.821+0545] {dag.py:3954} INFO - Setting next_dagrun for example_short_circuit_operator to 2024-06-17 00:00:00+00:00, run_after=2024-06-18 00:00:00+00:00
[2024-06-18T13:52:23.848+0545] {processor.py:183} INFO - Processing /home/prabal/afenv/lib/python3.10/site-packages/airflow/example_dags/example_short_circuit_operator.py took 0.134 seconds
[2024-06-18T13:53:39.138+0545] {processor.py:161} INFO - Started process (PID=17528) to work on /home/prabal/afenv/lib/python3.10/site-packages/airflow/example_dags/example_short_circuit_operator.py
[2024-06-18T13:53:39.139+0545] {processor.py:830} INFO - Processing file /home/prabal/afenv/lib/python3.10/site-packages/airflow/example_dags/example_short_circuit_operator.py for tasks to queue
[2024-06-18T13:53:39.142+0545] {logging_mixin.py:188} INFO - [2024-06-18T13:53:39.141+0545] {dagbag.py:545} INFO - Filling up the DagBag from /home/prabal/afenv/lib/python3.10/site-packages/airflow/example_dags/example_short_circuit_operator.py
[2024-06-18T13:53:39.149+0545] {processor.py:840} INFO - DAG(s) 'example_short_circuit_operator' retrieved from /home/prabal/afenv/lib/python3.10/site-packages/airflow/example_dags/example_short_circuit_operator.py
[2024-06-18T13:53:39.167+0545] {logging_mixin.py:188} INFO - [2024-06-18T13:53:39.167+0545] {dag.py:3096} INFO - Sync 1 DAGs
[2024-06-18T13:53:39.186+0545] {logging_mixin.py:188} INFO - [2024-06-18T13:53:39.186+0545] {dag.py:3954} INFO - Setting next_dagrun for example_short_circuit_operator to 2024-06-17 00:00:00+00:00, run_after=2024-06-18 00:00:00+00:00
[2024-06-18T13:53:39.205+0545] {processor.py:183} INFO - Processing /home/prabal/afenv/lib/python3.10/site-packages/airflow/example_dags/example_short_circuit_operator.py took 0.074 seconds
[2024-06-18T13:54:31.762+0545] {processor.py:161} INFO - Started process (PID=17784) to work on /home/prabal/afenv/lib/python3.10/site-packages/airflow/example_dags/example_short_circuit_operator.py
[2024-06-18T13:54:31.764+0545] {processor.py:830} INFO - Processing file /home/prabal/afenv/lib/python3.10/site-packages/airflow/example_dags/example_short_circuit_operator.py for tasks to queue
[2024-06-18T13:54:31.765+0545] {logging_mixin.py:188} INFO - [2024-06-18T13:54:31.765+0545] {dagbag.py:545} INFO - Filling up the DagBag from /home/prabal/afenv/lib/python3.10/site-packages/airflow/example_dags/example_short_circuit_operator.py
[2024-06-18T13:54:31.775+0545] {processor.py:840} INFO - DAG(s) 'example_short_circuit_operator' retrieved from /home/prabal/afenv/lib/python3.10/site-packages/airflow/example_dags/example_short_circuit_operator.py
[2024-06-18T13:54:31.797+0545] {logging_mixin.py:188} INFO - [2024-06-18T13:54:31.796+0545] {dag.py:3096} INFO - Sync 1 DAGs
[2024-06-18T13:54:31.826+0545] {logging_mixin.py:188} INFO - [2024-06-18T13:54:31.826+0545] {dag.py:3954} INFO - Setting next_dagrun for example_short_circuit_operator to 2024-06-17 00:00:00+00:00, run_after=2024-06-18 00:00:00+00:00
[2024-06-18T13:54:31.867+0545] {processor.py:183} INFO - Processing /home/prabal/afenv/lib/python3.10/site-packages/airflow/example_dags/example_short_circuit_operator.py took 0.111 seconds
[2024-06-18T13:55:35.264+0545] {processor.py:161} INFO - Started process (PID=18115) to work on /home/prabal/afenv/lib/python3.10/site-packages/airflow/example_dags/example_short_circuit_operator.py
[2024-06-18T13:55:35.277+0545] {processor.py:830} INFO - Processing file /home/prabal/afenv/lib/python3.10/site-packages/airflow/example_dags/example_short_circuit_operator.py for tasks to queue
[2024-06-18T13:55:35.281+0545] {logging_mixin.py:188} INFO - [2024-06-18T13:55:35.280+0545] {dagbag.py:545} INFO - Filling up the DagBag from /home/prabal/afenv/lib/python3.10/site-packages/airflow/example_dags/example_short_circuit_operator.py
[2024-06-18T13:55:35.297+0545] {processor.py:840} INFO - DAG(s) 'example_short_circuit_operator' retrieved from /home/prabal/afenv/lib/python3.10/site-packages/airflow/example_dags/example_short_circuit_operator.py
[2024-06-18T13:55:35.318+0545] {logging_mixin.py:188} INFO - [2024-06-18T13:55:35.318+0545] {dag.py:3096} INFO - Sync 1 DAGs
[2024-06-18T13:55:35.338+0545] {logging_mixin.py:188} INFO - [2024-06-18T13:55:35.338+0545] {dag.py:3954} INFO - Setting next_dagrun for example_short_circuit_operator to 2024-06-17 00:00:00+00:00, run_after=2024-06-18 00:00:00+00:00
[2024-06-18T13:55:35.358+0545] {processor.py:183} INFO - Processing /home/prabal/afenv/lib/python3.10/site-packages/airflow/example_dags/example_short_circuit_operator.py took 0.112 seconds
[2024-06-18T13:56:30.137+0545] {processor.py:161} INFO - Started process (PID=18381) to work on /home/prabal/afenv/lib/python3.10/site-packages/airflow/example_dags/example_short_circuit_operator.py
[2024-06-18T13:56:30.149+0545] {processor.py:830} INFO - Processing file /home/prabal/afenv/lib/python3.10/site-packages/airflow/example_dags/example_short_circuit_operator.py for tasks to queue
[2024-06-18T13:56:30.151+0545] {logging_mixin.py:188} INFO - [2024-06-18T13:56:30.150+0545] {dagbag.py:545} INFO - Filling up the DagBag from /home/prabal/afenv/lib/python3.10/site-packages/airflow/example_dags/example_short_circuit_operator.py
[2024-06-18T13:56:30.161+0545] {processor.py:840} INFO - DAG(s) 'example_short_circuit_operator' retrieved from /home/prabal/afenv/lib/python3.10/site-packages/airflow/example_dags/example_short_circuit_operator.py
[2024-06-18T13:56:30.187+0545] {logging_mixin.py:188} INFO - [2024-06-18T13:56:30.187+0545] {dag.py:3096} INFO - Sync 1 DAGs
[2024-06-18T13:56:30.214+0545] {logging_mixin.py:188} INFO - [2024-06-18T13:56:30.214+0545] {dag.py:3954} INFO - Setting next_dagrun for example_short_circuit_operator to 2024-06-17 00:00:00+00:00, run_after=2024-06-18 00:00:00+00:00
[2024-06-18T13:56:30.235+0545] {processor.py:183} INFO - Processing /home/prabal/afenv/lib/python3.10/site-packages/airflow/example_dags/example_short_circuit_operator.py took 0.105 seconds
[2024-06-18T13:57:20.051+0545] {processor.py:161} INFO - Started process (PID=18623) to work on /home/prabal/afenv/lib/python3.10/site-packages/airflow/example_dags/example_short_circuit_operator.py
[2024-06-18T13:57:20.063+0545] {processor.py:830} INFO - Processing file /home/prabal/afenv/lib/python3.10/site-packages/airflow/example_dags/example_short_circuit_operator.py for tasks to queue
[2024-06-18T13:57:20.066+0545] {logging_mixin.py:188} INFO - [2024-06-18T13:57:20.065+0545] {dagbag.py:545} INFO - Filling up the DagBag from /home/prabal/afenv/lib/python3.10/site-packages/airflow/example_dags/example_short_circuit_operator.py
[2024-06-18T13:57:20.076+0545] {processor.py:840} INFO - DAG(s) 'example_short_circuit_operator' retrieved from /home/prabal/afenv/lib/python3.10/site-packages/airflow/example_dags/example_short_circuit_operator.py
[2024-06-18T13:57:20.094+0545] {logging_mixin.py:188} INFO - [2024-06-18T13:57:20.093+0545] {dag.py:3096} INFO - Sync 1 DAGs
[2024-06-18T13:57:20.111+0545] {logging_mixin.py:188} INFO - [2024-06-18T13:57:20.111+0545] {dag.py:3954} INFO - Setting next_dagrun for example_short_circuit_operator to 2024-06-17 00:00:00+00:00, run_after=2024-06-18 00:00:00+00:00
[2024-06-18T13:57:20.130+0545] {processor.py:183} INFO - Processing /home/prabal/afenv/lib/python3.10/site-packages/airflow/example_dags/example_short_circuit_operator.py took 0.092 seconds
[2024-06-18T14:05:20.892+0545] {processor.py:161} INFO - Started process (PID=20739) to work on /home/prabal/afenv/lib/python3.10/site-packages/airflow/example_dags/example_short_circuit_operator.py
[2024-06-18T14:05:20.894+0545] {processor.py:830} INFO - Processing file /home/prabal/afenv/lib/python3.10/site-packages/airflow/example_dags/example_short_circuit_operator.py for tasks to queue
[2024-06-18T14:05:20.896+0545] {logging_mixin.py:188} INFO - [2024-06-18T14:05:20.896+0545] {dagbag.py:545} INFO - Filling up the DagBag from /home/prabal/afenv/lib/python3.10/site-packages/airflow/example_dags/example_short_circuit_operator.py
[2024-06-18T14:05:20.909+0545] {processor.py:840} INFO - DAG(s) 'example_short_circuit_operator' retrieved from /home/prabal/afenv/lib/python3.10/site-packages/airflow/example_dags/example_short_circuit_operator.py
[2024-06-18T14:05:20.947+0545] {logging_mixin.py:188} INFO - [2024-06-18T14:05:20.947+0545] {dag.py:3096} INFO - Sync 1 DAGs
[2024-06-18T14:05:20.978+0545] {logging_mixin.py:188} INFO - [2024-06-18T14:05:20.978+0545] {dag.py:3954} INFO - Setting next_dagrun for example_short_circuit_operator to 2024-06-17 00:00:00+00:00, run_after=2024-06-18 00:00:00+00:00
[2024-06-18T14:05:20.999+0545] {processor.py:183} INFO - Processing /home/prabal/afenv/lib/python3.10/site-packages/airflow/example_dags/example_short_circuit_operator.py took 0.116 seconds
[2024-06-18T14:06:18.369+0545] {processor.py:161} INFO - Started process (PID=21029) to work on /home/prabal/afenv/lib/python3.10/site-packages/airflow/example_dags/example_short_circuit_operator.py
[2024-06-18T14:06:18.381+0545] {processor.py:830} INFO - Processing file /home/prabal/afenv/lib/python3.10/site-packages/airflow/example_dags/example_short_circuit_operator.py for tasks to queue
[2024-06-18T14:06:18.384+0545] {logging_mixin.py:188} INFO - [2024-06-18T14:06:18.384+0545] {dagbag.py:545} INFO - Filling up the DagBag from /home/prabal/afenv/lib/python3.10/site-packages/airflow/example_dags/example_short_circuit_operator.py
[2024-06-18T14:06:18.399+0545] {processor.py:840} INFO - DAG(s) 'example_short_circuit_operator' retrieved from /home/prabal/afenv/lib/python3.10/site-packages/airflow/example_dags/example_short_circuit_operator.py
[2024-06-18T14:06:18.420+0545] {logging_mixin.py:188} INFO - [2024-06-18T14:06:18.420+0545] {dag.py:3096} INFO - Sync 1 DAGs
[2024-06-18T14:06:18.437+0545] {logging_mixin.py:188} INFO - [2024-06-18T14:06:18.436+0545] {dag.py:3954} INFO - Setting next_dagrun for example_short_circuit_operator to 2024-06-17 00:00:00+00:00, run_after=2024-06-18 00:00:00+00:00
[2024-06-18T14:06:18.453+0545] {processor.py:183} INFO - Processing /home/prabal/afenv/lib/python3.10/site-packages/airflow/example_dags/example_short_circuit_operator.py took 0.097 seconds
[2024-06-18T14:07:15.249+0545] {processor.py:161} INFO - Started process (PID=21303) to work on /home/prabal/afenv/lib/python3.10/site-packages/airflow/example_dags/example_short_circuit_operator.py
[2024-06-18T14:07:15.262+0545] {processor.py:830} INFO - Processing file /home/prabal/afenv/lib/python3.10/site-packages/airflow/example_dags/example_short_circuit_operator.py for tasks to queue
[2024-06-18T14:07:15.266+0545] {logging_mixin.py:188} INFO - [2024-06-18T14:07:15.265+0545] {dagbag.py:545} INFO - Filling up the DagBag from /home/prabal/afenv/lib/python3.10/site-packages/airflow/example_dags/example_short_circuit_operator.py
[2024-06-18T14:07:15.283+0545] {processor.py:840} INFO - DAG(s) 'example_short_circuit_operator' retrieved from /home/prabal/afenv/lib/python3.10/site-packages/airflow/example_dags/example_short_circuit_operator.py
[2024-06-18T14:07:15.398+0545] {logging_mixin.py:188} INFO - [2024-06-18T14:07:15.398+0545] {dag.py:3096} INFO - Sync 1 DAGs
[2024-06-18T14:07:15.415+0545] {logging_mixin.py:188} INFO - [2024-06-18T14:07:15.415+0545] {dag.py:3954} INFO - Setting next_dagrun for example_short_circuit_operator to 2024-06-17 00:00:00+00:00, run_after=2024-06-18 00:00:00+00:00
[2024-06-18T14:07:15.462+0545] {processor.py:183} INFO - Processing /home/prabal/afenv/lib/python3.10/site-packages/airflow/example_dags/example_short_circuit_operator.py took 0.227 seconds
[2024-06-18T14:08:12.801+0545] {processor.py:161} INFO - Started process (PID=21588) to work on /home/prabal/afenv/lib/python3.10/site-packages/airflow/example_dags/example_short_circuit_operator.py
[2024-06-18T14:08:12.815+0545] {processor.py:830} INFO - Processing file /home/prabal/afenv/lib/python3.10/site-packages/airflow/example_dags/example_short_circuit_operator.py for tasks to queue
[2024-06-18T14:08:12.818+0545] {logging_mixin.py:188} INFO - [2024-06-18T14:08:12.817+0545] {dagbag.py:545} INFO - Filling up the DagBag from /home/prabal/afenv/lib/python3.10/site-packages/airflow/example_dags/example_short_circuit_operator.py
[2024-06-18T14:08:12.836+0545] {processor.py:840} INFO - DAG(s) 'example_short_circuit_operator' retrieved from /home/prabal/afenv/lib/python3.10/site-packages/airflow/example_dags/example_short_circuit_operator.py
[2024-06-18T14:08:12.872+0545] {logging_mixin.py:188} INFO - [2024-06-18T14:08:12.871+0545] {dag.py:3096} INFO - Sync 1 DAGs
[2024-06-18T14:08:12.898+0545] {logging_mixin.py:188} INFO - [2024-06-18T14:08:12.898+0545] {dag.py:3954} INFO - Setting next_dagrun for example_short_circuit_operator to 2024-06-17 00:00:00+00:00, run_after=2024-06-18 00:00:00+00:00
[2024-06-18T14:08:12.919+0545] {processor.py:183} INFO - Processing /home/prabal/afenv/lib/python3.10/site-packages/airflow/example_dags/example_short_circuit_operator.py took 0.133 seconds
[2024-06-18T14:09:07.196+0545] {processor.py:161} INFO - Started process (PID=21848) to work on /home/prabal/afenv/lib/python3.10/site-packages/airflow/example_dags/example_short_circuit_operator.py
[2024-06-18T14:09:07.209+0545] {processor.py:830} INFO - Processing file /home/prabal/afenv/lib/python3.10/site-packages/airflow/example_dags/example_short_circuit_operator.py for tasks to queue
[2024-06-18T14:09:07.212+0545] {logging_mixin.py:188} INFO - [2024-06-18T14:09:07.211+0545] {dagbag.py:545} INFO - Filling up the DagBag from /home/prabal/afenv/lib/python3.10/site-packages/airflow/example_dags/example_short_circuit_operator.py
[2024-06-18T14:09:07.228+0545] {processor.py:840} INFO - DAG(s) 'example_short_circuit_operator' retrieved from /home/prabal/afenv/lib/python3.10/site-packages/airflow/example_dags/example_short_circuit_operator.py
[2024-06-18T14:09:07.269+0545] {logging_mixin.py:188} INFO - [2024-06-18T14:09:07.268+0545] {dag.py:3096} INFO - Sync 1 DAGs
[2024-06-18T14:09:07.301+0545] {logging_mixin.py:188} INFO - [2024-06-18T14:09:07.301+0545] {dag.py:3954} INFO - Setting next_dagrun for example_short_circuit_operator to 2024-06-17 00:00:00+00:00, run_after=2024-06-18 00:00:00+00:00
[2024-06-18T14:09:07.354+0545] {processor.py:183} INFO - Processing /home/prabal/afenv/lib/python3.10/site-packages/airflow/example_dags/example_short_circuit_operator.py took 0.174 seconds
[2024-06-18T14:10:01.615+0545] {processor.py:161} INFO - Started process (PID=22111) to work on /home/prabal/afenv/lib/python3.10/site-packages/airflow/example_dags/example_short_circuit_operator.py
[2024-06-18T14:10:01.628+0545] {processor.py:830} INFO - Processing file /home/prabal/afenv/lib/python3.10/site-packages/airflow/example_dags/example_short_circuit_operator.py for tasks to queue
[2024-06-18T14:10:01.632+0545] {logging_mixin.py:188} INFO - [2024-06-18T14:10:01.631+0545] {dagbag.py:545} INFO - Filling up the DagBag from /home/prabal/afenv/lib/python3.10/site-packages/airflow/example_dags/example_short_circuit_operator.py
[2024-06-18T14:10:01.649+0545] {processor.py:840} INFO - DAG(s) 'example_short_circuit_operator' retrieved from /home/prabal/afenv/lib/python3.10/site-packages/airflow/example_dags/example_short_circuit_operator.py
[2024-06-18T14:10:01.678+0545] {logging_mixin.py:188} INFO - [2024-06-18T14:10:01.678+0545] {dag.py:3096} INFO - Sync 1 DAGs
[2024-06-18T14:10:01.700+0545] {logging_mixin.py:188} INFO - [2024-06-18T14:10:01.700+0545] {dag.py:3954} INFO - Setting next_dagrun for example_short_circuit_operator to 2024-06-17 00:00:00+00:00, run_after=2024-06-18 00:00:00+00:00
[2024-06-18T14:10:01.729+0545] {processor.py:183} INFO - Processing /home/prabal/afenv/lib/python3.10/site-packages/airflow/example_dags/example_short_circuit_operator.py took 0.128 seconds
[2024-06-18T14:10:55.101+0545] {processor.py:161} INFO - Started process (PID=22367) to work on /home/prabal/afenv/lib/python3.10/site-packages/airflow/example_dags/example_short_circuit_operator.py
[2024-06-18T14:10:55.113+0545] {processor.py:830} INFO - Processing file /home/prabal/afenv/lib/python3.10/site-packages/airflow/example_dags/example_short_circuit_operator.py for tasks to queue
[2024-06-18T14:10:55.117+0545] {logging_mixin.py:188} INFO - [2024-06-18T14:10:55.116+0545] {dagbag.py:545} INFO - Filling up the DagBag from /home/prabal/afenv/lib/python3.10/site-packages/airflow/example_dags/example_short_circuit_operator.py
[2024-06-18T14:10:55.131+0545] {processor.py:840} INFO - DAG(s) 'example_short_circuit_operator' retrieved from /home/prabal/afenv/lib/python3.10/site-packages/airflow/example_dags/example_short_circuit_operator.py
[2024-06-18T14:10:55.152+0545] {logging_mixin.py:188} INFO - [2024-06-18T14:10:55.152+0545] {dag.py:3096} INFO - Sync 1 DAGs
[2024-06-18T14:10:55.191+0545] {logging_mixin.py:188} INFO - [2024-06-18T14:10:55.191+0545] {dag.py:3954} INFO - Setting next_dagrun for example_short_circuit_operator to 2024-06-17 00:00:00+00:00, run_after=2024-06-18 00:00:00+00:00
[2024-06-18T14:10:55.229+0545] {processor.py:183} INFO - Processing /home/prabal/afenv/lib/python3.10/site-packages/airflow/example_dags/example_short_circuit_operator.py took 0.142 seconds
[2024-06-18T14:11:47.511+0545] {processor.py:161} INFO - Started process (PID=22621) to work on /home/prabal/afenv/lib/python3.10/site-packages/airflow/example_dags/example_short_circuit_operator.py
[2024-06-18T14:11:47.524+0545] {processor.py:830} INFO - Processing file /home/prabal/afenv/lib/python3.10/site-packages/airflow/example_dags/example_short_circuit_operator.py for tasks to queue
[2024-06-18T14:11:47.528+0545] {logging_mixin.py:188} INFO - [2024-06-18T14:11:47.527+0545] {dagbag.py:545} INFO - Filling up the DagBag from /home/prabal/afenv/lib/python3.10/site-packages/airflow/example_dags/example_short_circuit_operator.py
[2024-06-18T14:11:47.545+0545] {processor.py:840} INFO - DAG(s) 'example_short_circuit_operator' retrieved from /home/prabal/afenv/lib/python3.10/site-packages/airflow/example_dags/example_short_circuit_operator.py
[2024-06-18T14:11:47.581+0545] {logging_mixin.py:188} INFO - [2024-06-18T14:11:47.581+0545] {dag.py:3096} INFO - Sync 1 DAGs
[2024-06-18T14:11:47.599+0545] {logging_mixin.py:188} INFO - [2024-06-18T14:11:47.598+0545] {dag.py:3954} INFO - Setting next_dagrun for example_short_circuit_operator to 2024-06-17 00:00:00+00:00, run_after=2024-06-18 00:00:00+00:00
[2024-06-18T14:11:47.618+0545] {processor.py:183} INFO - Processing /home/prabal/afenv/lib/python3.10/site-packages/airflow/example_dags/example_short_circuit_operator.py took 0.120 seconds
[2024-06-18T14:12:38.053+0545] {processor.py:161} INFO - Started process (PID=22864) to work on /home/prabal/afenv/lib/python3.10/site-packages/airflow/example_dags/example_short_circuit_operator.py
[2024-06-18T14:12:38.054+0545] {processor.py:830} INFO - Processing file /home/prabal/afenv/lib/python3.10/site-packages/airflow/example_dags/example_short_circuit_operator.py for tasks to queue
[2024-06-18T14:12:38.056+0545] {logging_mixin.py:188} INFO - [2024-06-18T14:12:38.056+0545] {dagbag.py:545} INFO - Filling up the DagBag from /home/prabal/afenv/lib/python3.10/site-packages/airflow/example_dags/example_short_circuit_operator.py
[2024-06-18T14:12:38.064+0545] {processor.py:840} INFO - DAG(s) 'example_short_circuit_operator' retrieved from /home/prabal/afenv/lib/python3.10/site-packages/airflow/example_dags/example_short_circuit_operator.py
[2024-06-18T14:12:38.083+0545] {logging_mixin.py:188} INFO - [2024-06-18T14:12:38.082+0545] {dag.py:3096} INFO - Sync 1 DAGs
[2024-06-18T14:12:38.107+0545] {logging_mixin.py:188} INFO - [2024-06-18T14:12:38.106+0545] {dag.py:3954} INFO - Setting next_dagrun for example_short_circuit_operator to 2024-06-17 00:00:00+00:00, run_after=2024-06-18 00:00:00+00:00
[2024-06-18T14:12:38.147+0545] {processor.py:183} INFO - Processing /home/prabal/afenv/lib/python3.10/site-packages/airflow/example_dags/example_short_circuit_operator.py took 0.101 seconds
[2024-06-18T14:13:28.787+0545] {processor.py:161} INFO - Started process (PID=23108) to work on /home/prabal/afenv/lib/python3.10/site-packages/airflow/example_dags/example_short_circuit_operator.py
[2024-06-18T14:13:28.801+0545] {processor.py:830} INFO - Processing file /home/prabal/afenv/lib/python3.10/site-packages/airflow/example_dags/example_short_circuit_operator.py for tasks to queue
[2024-06-18T14:13:28.804+0545] {logging_mixin.py:188} INFO - [2024-06-18T14:13:28.803+0545] {dagbag.py:545} INFO - Filling up the DagBag from /home/prabal/afenv/lib/python3.10/site-packages/airflow/example_dags/example_short_circuit_operator.py
[2024-06-18T14:13:28.815+0545] {processor.py:840} INFO - DAG(s) 'example_short_circuit_operator' retrieved from /home/prabal/afenv/lib/python3.10/site-packages/airflow/example_dags/example_short_circuit_operator.py
[2024-06-18T14:13:28.833+0545] {logging_mixin.py:188} INFO - [2024-06-18T14:13:28.832+0545] {dag.py:3096} INFO - Sync 1 DAGs
[2024-06-18T14:13:28.850+0545] {logging_mixin.py:188} INFO - [2024-06-18T14:13:28.850+0545] {dag.py:3954} INFO - Setting next_dagrun for example_short_circuit_operator to 2024-06-17 00:00:00+00:00, run_after=2024-06-18 00:00:00+00:00
[2024-06-18T14:13:28.869+0545] {processor.py:183} INFO - Processing /home/prabal/afenv/lib/python3.10/site-packages/airflow/example_dags/example_short_circuit_operator.py took 0.096 seconds
[2024-06-18T14:14:21.683+0545] {processor.py:161} INFO - Started process (PID=23364) to work on /home/prabal/afenv/lib/python3.10/site-packages/airflow/example_dags/example_short_circuit_operator.py
[2024-06-18T14:14:21.695+0545] {processor.py:830} INFO - Processing file /home/prabal/afenv/lib/python3.10/site-packages/airflow/example_dags/example_short_circuit_operator.py for tasks to queue
[2024-06-18T14:14:21.697+0545] {logging_mixin.py:188} INFO - [2024-06-18T14:14:21.697+0545] {dagbag.py:545} INFO - Filling up the DagBag from /home/prabal/afenv/lib/python3.10/site-packages/airflow/example_dags/example_short_circuit_operator.py
[2024-06-18T14:14:21.708+0545] {processor.py:840} INFO - DAG(s) 'example_short_circuit_operator' retrieved from /home/prabal/afenv/lib/python3.10/site-packages/airflow/example_dags/example_short_circuit_operator.py
[2024-06-18T14:14:21.726+0545] {logging_mixin.py:188} INFO - [2024-06-18T14:14:21.726+0545] {dag.py:3096} INFO - Sync 1 DAGs
[2024-06-18T14:14:21.744+0545] {logging_mixin.py:188} INFO - [2024-06-18T14:14:21.744+0545] {dag.py:3954} INFO - Setting next_dagrun for example_short_circuit_operator to 2024-06-17 00:00:00+00:00, run_after=2024-06-18 00:00:00+00:00
[2024-06-18T14:14:21.763+0545] {processor.py:183} INFO - Processing /home/prabal/afenv/lib/python3.10/site-packages/airflow/example_dags/example_short_circuit_operator.py took 0.086 seconds
[2024-06-18T14:15:22.747+0545] {processor.py:161} INFO - Started process (PID=23681) to work on /home/prabal/afenv/lib/python3.10/site-packages/airflow/example_dags/example_short_circuit_operator.py
[2024-06-18T14:15:22.760+0545] {processor.py:830} INFO - Processing file /home/prabal/afenv/lib/python3.10/site-packages/airflow/example_dags/example_short_circuit_operator.py for tasks to queue
[2024-06-18T14:15:22.763+0545] {logging_mixin.py:188} INFO - [2024-06-18T14:15:22.762+0545] {dagbag.py:545} INFO - Filling up the DagBag from /home/prabal/afenv/lib/python3.10/site-packages/airflow/example_dags/example_short_circuit_operator.py
[2024-06-18T14:15:22.778+0545] {processor.py:840} INFO - DAG(s) 'example_short_circuit_operator' retrieved from /home/prabal/afenv/lib/python3.10/site-packages/airflow/example_dags/example_short_circuit_operator.py
[2024-06-18T14:15:22.805+0545] {logging_mixin.py:188} INFO - [2024-06-18T14:15:22.805+0545] {dag.py:3096} INFO - Sync 1 DAGs
[2024-06-18T14:15:22.826+0545] {logging_mixin.py:188} INFO - [2024-06-18T14:15:22.825+0545] {dag.py:3954} INFO - Setting next_dagrun for example_short_circuit_operator to 2024-06-17 00:00:00+00:00, run_after=2024-06-18 00:00:00+00:00
[2024-06-18T14:15:22.864+0545] {processor.py:183} INFO - Processing /home/prabal/afenv/lib/python3.10/site-packages/airflow/example_dags/example_short_circuit_operator.py took 0.130 seconds
[2024-06-18T14:16:22.715+0545] {processor.py:161} INFO - Started process (PID=23971) to work on /home/prabal/afenv/lib/python3.10/site-packages/airflow/example_dags/example_short_circuit_operator.py
[2024-06-18T14:16:22.728+0545] {processor.py:830} INFO - Processing file /home/prabal/afenv/lib/python3.10/site-packages/airflow/example_dags/example_short_circuit_operator.py for tasks to queue
[2024-06-18T14:16:22.731+0545] {logging_mixin.py:188} INFO - [2024-06-18T14:16:22.730+0545] {dagbag.py:545} INFO - Filling up the DagBag from /home/prabal/afenv/lib/python3.10/site-packages/airflow/example_dags/example_short_circuit_operator.py
[2024-06-18T14:16:22.749+0545] {processor.py:840} INFO - DAG(s) 'example_short_circuit_operator' retrieved from /home/prabal/afenv/lib/python3.10/site-packages/airflow/example_dags/example_short_circuit_operator.py
[2024-06-18T14:16:22.784+0545] {logging_mixin.py:188} INFO - [2024-06-18T14:16:22.784+0545] {dag.py:3096} INFO - Sync 1 DAGs
[2024-06-18T14:16:22.816+0545] {logging_mixin.py:188} INFO - [2024-06-18T14:16:22.815+0545] {dag.py:3954} INFO - Setting next_dagrun for example_short_circuit_operator to 2024-06-17 00:00:00+00:00, run_after=2024-06-18 00:00:00+00:00
[2024-06-18T14:16:22.844+0545] {processor.py:183} INFO - Processing /home/prabal/afenv/lib/python3.10/site-packages/airflow/example_dags/example_short_circuit_operator.py took 0.146 seconds
[2024-06-18T14:17:16.175+0545] {processor.py:161} INFO - Started process (PID=24231) to work on /home/prabal/afenv/lib/python3.10/site-packages/airflow/example_dags/example_short_circuit_operator.py
[2024-06-18T14:17:16.188+0545] {processor.py:830} INFO - Processing file /home/prabal/afenv/lib/python3.10/site-packages/airflow/example_dags/example_short_circuit_operator.py for tasks to queue
[2024-06-18T14:17:16.192+0545] {logging_mixin.py:188} INFO - [2024-06-18T14:17:16.191+0545] {dagbag.py:545} INFO - Filling up the DagBag from /home/prabal/afenv/lib/python3.10/site-packages/airflow/example_dags/example_short_circuit_operator.py
[2024-06-18T14:17:16.208+0545] {processor.py:840} INFO - DAG(s) 'example_short_circuit_operator' retrieved from /home/prabal/afenv/lib/python3.10/site-packages/airflow/example_dags/example_short_circuit_operator.py
[2024-06-18T14:17:16.234+0545] {logging_mixin.py:188} INFO - [2024-06-18T14:17:16.234+0545] {dag.py:3096} INFO - Sync 1 DAGs
[2024-06-18T14:17:16.256+0545] {logging_mixin.py:188} INFO - [2024-06-18T14:17:16.255+0545] {dag.py:3954} INFO - Setting next_dagrun for example_short_circuit_operator to 2024-06-17 00:00:00+00:00, run_after=2024-06-18 00:00:00+00:00
[2024-06-18T14:17:16.285+0545] {processor.py:183} INFO - Processing /home/prabal/afenv/lib/python3.10/site-packages/airflow/example_dags/example_short_circuit_operator.py took 0.123 seconds
[2024-06-18T14:18:11.567+0545] {processor.py:161} INFO - Started process (PID=24496) to work on /home/prabal/afenv/lib/python3.10/site-packages/airflow/example_dags/example_short_circuit_operator.py
[2024-06-18T14:18:11.580+0545] {processor.py:830} INFO - Processing file /home/prabal/afenv/lib/python3.10/site-packages/airflow/example_dags/example_short_circuit_operator.py for tasks to queue
[2024-06-18T14:18:11.583+0545] {logging_mixin.py:188} INFO - [2024-06-18T14:18:11.582+0545] {dagbag.py:545} INFO - Filling up the DagBag from /home/prabal/afenv/lib/python3.10/site-packages/airflow/example_dags/example_short_circuit_operator.py
[2024-06-18T14:18:11.601+0545] {processor.py:840} INFO - DAG(s) 'example_short_circuit_operator' retrieved from /home/prabal/afenv/lib/python3.10/site-packages/airflow/example_dags/example_short_circuit_operator.py
[2024-06-18T14:18:11.638+0545] {logging_mixin.py:188} INFO - [2024-06-18T14:18:11.637+0545] {dag.py:3096} INFO - Sync 1 DAGs
[2024-06-18T14:18:11.658+0545] {logging_mixin.py:188} INFO - [2024-06-18T14:18:11.657+0545] {dag.py:3954} INFO - Setting next_dagrun for example_short_circuit_operator to 2024-06-17 00:00:00+00:00, run_after=2024-06-18 00:00:00+00:00
[2024-06-18T14:18:11.676+0545] {processor.py:183} INFO - Processing /home/prabal/afenv/lib/python3.10/site-packages/airflow/example_dags/example_short_circuit_operator.py took 0.123 seconds
[2024-06-18T14:19:07.137+0545] {processor.py:161} INFO - Started process (PID=24761) to work on /home/prabal/afenv/lib/python3.10/site-packages/airflow/example_dags/example_short_circuit_operator.py
[2024-06-18T14:19:07.151+0545] {processor.py:830} INFO - Processing file /home/prabal/afenv/lib/python3.10/site-packages/airflow/example_dags/example_short_circuit_operator.py for tasks to queue
[2024-06-18T14:19:07.154+0545] {logging_mixin.py:188} INFO - [2024-06-18T14:19:07.153+0545] {dagbag.py:545} INFO - Filling up the DagBag from /home/prabal/afenv/lib/python3.10/site-packages/airflow/example_dags/example_short_circuit_operator.py
[2024-06-18T14:19:07.169+0545] {processor.py:840} INFO - DAG(s) 'example_short_circuit_operator' retrieved from /home/prabal/afenv/lib/python3.10/site-packages/airflow/example_dags/example_short_circuit_operator.py
[2024-06-18T14:19:07.205+0545] {logging_mixin.py:188} INFO - [2024-06-18T14:19:07.205+0545] {dag.py:3096} INFO - Sync 1 DAGs
[2024-06-18T14:19:07.245+0545] {logging_mixin.py:188} INFO - [2024-06-18T14:19:07.244+0545] {dag.py:3954} INFO - Setting next_dagrun for example_short_circuit_operator to 2024-06-17 00:00:00+00:00, run_after=2024-06-18 00:00:00+00:00
[2024-06-18T14:19:07.297+0545] {processor.py:183} INFO - Processing /home/prabal/afenv/lib/python3.10/site-packages/airflow/example_dags/example_short_circuit_operator.py took 0.175 seconds
[2024-06-18T14:20:02.187+0545] {processor.py:161} INFO - Started process (PID=25024) to work on /home/prabal/afenv/lib/python3.10/site-packages/airflow/example_dags/example_short_circuit_operator.py
[2024-06-18T14:20:02.190+0545] {processor.py:830} INFO - Processing file /home/prabal/afenv/lib/python3.10/site-packages/airflow/example_dags/example_short_circuit_operator.py for tasks to queue
[2024-06-18T14:20:02.193+0545] {logging_mixin.py:188} INFO - [2024-06-18T14:20:02.192+0545] {dagbag.py:545} INFO - Filling up the DagBag from /home/prabal/afenv/lib/python3.10/site-packages/airflow/example_dags/example_short_circuit_operator.py
[2024-06-18T14:20:02.209+0545] {processor.py:840} INFO - DAG(s) 'example_short_circuit_operator' retrieved from /home/prabal/afenv/lib/python3.10/site-packages/airflow/example_dags/example_short_circuit_operator.py
[2024-06-18T14:20:02.237+0545] {logging_mixin.py:188} INFO - [2024-06-18T14:20:02.237+0545] {dag.py:3096} INFO - Sync 1 DAGs
[2024-06-18T14:20:02.273+0545] {logging_mixin.py:188} INFO - [2024-06-18T14:20:02.273+0545] {dag.py:3954} INFO - Setting next_dagrun for example_short_circuit_operator to 2024-06-17 00:00:00+00:00, run_after=2024-06-18 00:00:00+00:00
[2024-06-18T14:20:02.320+0545] {processor.py:183} INFO - Processing /home/prabal/afenv/lib/python3.10/site-packages/airflow/example_dags/example_short_circuit_operator.py took 0.148 seconds
[2024-06-18T14:20:53.791+0545] {processor.py:161} INFO - Started process (PID=25274) to work on /home/prabal/afenv/lib/python3.10/site-packages/airflow/example_dags/example_short_circuit_operator.py
[2024-06-18T14:20:53.804+0545] {processor.py:830} INFO - Processing file /home/prabal/afenv/lib/python3.10/site-packages/airflow/example_dags/example_short_circuit_operator.py for tasks to queue
[2024-06-18T14:20:53.808+0545] {logging_mixin.py:188} INFO - [2024-06-18T14:20:53.807+0545] {dagbag.py:545} INFO - Filling up the DagBag from /home/prabal/afenv/lib/python3.10/site-packages/airflow/example_dags/example_short_circuit_operator.py
[2024-06-18T14:20:53.826+0545] {processor.py:840} INFO - DAG(s) 'example_short_circuit_operator' retrieved from /home/prabal/afenv/lib/python3.10/site-packages/airflow/example_dags/example_short_circuit_operator.py
[2024-06-18T14:20:53.857+0545] {logging_mixin.py:188} INFO - [2024-06-18T14:20:53.856+0545] {dag.py:3096} INFO - Sync 1 DAGs
[2024-06-18T14:20:53.877+0545] {logging_mixin.py:188} INFO - [2024-06-18T14:20:53.877+0545] {dag.py:3954} INFO - Setting next_dagrun for example_short_circuit_operator to 2024-06-17 00:00:00+00:00, run_after=2024-06-18 00:00:00+00:00
[2024-06-18T14:20:53.899+0545] {processor.py:183} INFO - Processing /home/prabal/afenv/lib/python3.10/site-packages/airflow/example_dags/example_short_circuit_operator.py took 0.122 seconds
[2024-06-18T14:21:47.073+0545] {processor.py:161} INFO - Started process (PID=25527) to work on /home/prabal/afenv/lib/python3.10/site-packages/airflow/example_dags/example_short_circuit_operator.py
[2024-06-18T14:21:47.087+0545] {processor.py:830} INFO - Processing file /home/prabal/afenv/lib/python3.10/site-packages/airflow/example_dags/example_short_circuit_operator.py for tasks to queue
[2024-06-18T14:21:47.091+0545] {logging_mixin.py:188} INFO - [2024-06-18T14:21:47.090+0545] {dagbag.py:545} INFO - Filling up the DagBag from /home/prabal/afenv/lib/python3.10/site-packages/airflow/example_dags/example_short_circuit_operator.py
[2024-06-18T14:21:47.110+0545] {processor.py:840} INFO - DAG(s) 'example_short_circuit_operator' retrieved from /home/prabal/afenv/lib/python3.10/site-packages/airflow/example_dags/example_short_circuit_operator.py
[2024-06-18T14:21:47.149+0545] {logging_mixin.py:188} INFO - [2024-06-18T14:21:47.148+0545] {dag.py:3096} INFO - Sync 1 DAGs
[2024-06-18T14:21:47.181+0545] {logging_mixin.py:188} INFO - [2024-06-18T14:21:47.181+0545] {dag.py:3954} INFO - Setting next_dagrun for example_short_circuit_operator to 2024-06-17 00:00:00+00:00, run_after=2024-06-18 00:00:00+00:00
[2024-06-18T14:21:47.206+0545] {processor.py:183} INFO - Processing /home/prabal/afenv/lib/python3.10/site-packages/airflow/example_dags/example_short_circuit_operator.py took 0.146 seconds
[2024-06-18T14:22:42.057+0545] {processor.py:161} INFO - Started process (PID=25794) to work on /home/prabal/afenv/lib/python3.10/site-packages/airflow/example_dags/example_short_circuit_operator.py
[2024-06-18T14:22:42.070+0545] {processor.py:830} INFO - Processing file /home/prabal/afenv/lib/python3.10/site-packages/airflow/example_dags/example_short_circuit_operator.py for tasks to queue
[2024-06-18T14:22:42.073+0545] {logging_mixin.py:188} INFO - [2024-06-18T14:22:42.072+0545] {dagbag.py:545} INFO - Filling up the DagBag from /home/prabal/afenv/lib/python3.10/site-packages/airflow/example_dags/example_short_circuit_operator.py
[2024-06-18T14:22:42.091+0545] {processor.py:840} INFO - DAG(s) 'example_short_circuit_operator' retrieved from /home/prabal/afenv/lib/python3.10/site-packages/airflow/example_dags/example_short_circuit_operator.py
[2024-06-18T14:22:42.111+0545] {logging_mixin.py:188} INFO - [2024-06-18T14:22:42.110+0545] {dag.py:3096} INFO - Sync 1 DAGs
[2024-06-18T14:22:42.127+0545] {logging_mixin.py:188} INFO - [2024-06-18T14:22:42.127+0545] {dag.py:3954} INFO - Setting next_dagrun for example_short_circuit_operator to 2024-06-17 00:00:00+00:00, run_after=2024-06-18 00:00:00+00:00
[2024-06-18T14:22:42.145+0545] {processor.py:183} INFO - Processing /home/prabal/afenv/lib/python3.10/site-packages/airflow/example_dags/example_short_circuit_operator.py took 0.104 seconds
[2024-06-18T14:23:34.743+0545] {processor.py:161} INFO - Started process (PID=26051) to work on /home/prabal/afenv/lib/python3.10/site-packages/airflow/example_dags/example_short_circuit_operator.py
[2024-06-18T14:23:34.757+0545] {processor.py:830} INFO - Processing file /home/prabal/afenv/lib/python3.10/site-packages/airflow/example_dags/example_short_circuit_operator.py for tasks to queue
[2024-06-18T14:23:34.760+0545] {logging_mixin.py:188} INFO - [2024-06-18T14:23:34.759+0545] {dagbag.py:545} INFO - Filling up the DagBag from /home/prabal/afenv/lib/python3.10/site-packages/airflow/example_dags/example_short_circuit_operator.py
[2024-06-18T14:23:34.776+0545] {processor.py:840} INFO - DAG(s) 'example_short_circuit_operator' retrieved from /home/prabal/afenv/lib/python3.10/site-packages/airflow/example_dags/example_short_circuit_operator.py
[2024-06-18T14:23:34.803+0545] {logging_mixin.py:188} INFO - [2024-06-18T14:23:34.803+0545] {dag.py:3096} INFO - Sync 1 DAGs
[2024-06-18T14:23:34.825+0545] {logging_mixin.py:188} INFO - [2024-06-18T14:23:34.824+0545] {dag.py:3954} INFO - Setting next_dagrun for example_short_circuit_operator to 2024-06-17 00:00:00+00:00, run_after=2024-06-18 00:00:00+00:00
[2024-06-18T14:23:34.860+0545] {processor.py:183} INFO - Processing /home/prabal/afenv/lib/python3.10/site-packages/airflow/example_dags/example_short_circuit_operator.py took 0.129 seconds
[2024-06-18T17:15:52.232+0545] {processor.py:161} INFO - Started process (PID=4086) to work on /home/prabal/afenv/lib/python3.10/site-packages/airflow/example_dags/example_short_circuit_operator.py
[2024-06-18T17:15:52.239+0545] {processor.py:830} INFO - Processing file /home/prabal/afenv/lib/python3.10/site-packages/airflow/example_dags/example_short_circuit_operator.py for tasks to queue
[2024-06-18T17:15:52.241+0545] {logging_mixin.py:188} INFO - [2024-06-18T17:15:52.241+0545] {dagbag.py:545} INFO - Filling up the DagBag from /home/prabal/afenv/lib/python3.10/site-packages/airflow/example_dags/example_short_circuit_operator.py
[2024-06-18T17:15:52.253+0545] {processor.py:840} INFO - DAG(s) 'example_short_circuit_operator' retrieved from /home/prabal/afenv/lib/python3.10/site-packages/airflow/example_dags/example_short_circuit_operator.py
[2024-06-18T17:15:52.263+0545] {logging_mixin.py:188} INFO - [2024-06-18T17:15:52.262+0545] {dag.py:3096} INFO - Sync 1 DAGs
[2024-06-18T17:15:52.288+0545] {logging_mixin.py:188} INFO - [2024-06-18T17:15:52.287+0545] {dag.py:3954} INFO - Setting next_dagrun for example_short_circuit_operator to 2024-06-17 00:00:00+00:00, run_after=2024-06-18 00:00:00+00:00
[2024-06-18T17:15:52.316+0545] {processor.py:183} INFO - Processing /home/prabal/afenv/lib/python3.10/site-packages/airflow/example_dags/example_short_circuit_operator.py took 0.096 seconds
[2024-06-18T17:17:35.758+0545] {processor.py:161} INFO - Started process (PID=4651) to work on /home/prabal/afenv/lib/python3.10/site-packages/airflow/example_dags/example_short_circuit_operator.py
[2024-06-18T17:17:35.771+0545] {processor.py:830} INFO - Processing file /home/prabal/afenv/lib/python3.10/site-packages/airflow/example_dags/example_short_circuit_operator.py for tasks to queue
[2024-06-18T17:17:35.772+0545] {logging_mixin.py:188} INFO - [2024-06-18T17:17:35.772+0545] {dagbag.py:545} INFO - Filling up the DagBag from /home/prabal/afenv/lib/python3.10/site-packages/airflow/example_dags/example_short_circuit_operator.py
[2024-06-18T17:17:35.790+0545] {processor.py:840} INFO - DAG(s) 'example_short_circuit_operator' retrieved from /home/prabal/afenv/lib/python3.10/site-packages/airflow/example_dags/example_short_circuit_operator.py
[2024-06-18T17:17:35.963+0545] {logging_mixin.py:188} INFO - [2024-06-18T17:17:35.962+0545] {dag.py:3096} INFO - Sync 1 DAGs
[2024-06-18T17:17:35.974+0545] {logging_mixin.py:188} INFO - [2024-06-18T17:17:35.974+0545] {dag.py:3954} INFO - Setting next_dagrun for example_short_circuit_operator to 2024-06-17 00:00:00+00:00, run_after=2024-06-18 00:00:00+00:00
[2024-06-18T17:17:36.008+0545] {processor.py:183} INFO - Processing /home/prabal/afenv/lib/python3.10/site-packages/airflow/example_dags/example_short_circuit_operator.py took 0.262 seconds
[2024-06-18T17:18:36.907+0545] {processor.py:161} INFO - Started process (PID=5079) to work on /home/prabal/afenv/lib/python3.10/site-packages/airflow/example_dags/example_short_circuit_operator.py
[2024-06-18T17:18:36.910+0545] {processor.py:830} INFO - Processing file /home/prabal/afenv/lib/python3.10/site-packages/airflow/example_dags/example_short_circuit_operator.py for tasks to queue
[2024-06-18T17:18:36.911+0545] {logging_mixin.py:188} INFO - [2024-06-18T17:18:36.911+0545] {dagbag.py:545} INFO - Filling up the DagBag from /home/prabal/afenv/lib/python3.10/site-packages/airflow/example_dags/example_short_circuit_operator.py
[2024-06-18T17:18:36.928+0545] {processor.py:840} INFO - DAG(s) 'example_short_circuit_operator' retrieved from /home/prabal/afenv/lib/python3.10/site-packages/airflow/example_dags/example_short_circuit_operator.py
[2024-06-18T17:18:36.953+0545] {logging_mixin.py:188} INFO - [2024-06-18T17:18:36.953+0545] {dag.py:3096} INFO - Sync 1 DAGs
[2024-06-18T17:18:37.095+0545] {logging_mixin.py:188} INFO - [2024-06-18T17:18:37.095+0545] {dag.py:3954} INFO - Setting next_dagrun for example_short_circuit_operator to 2024-06-17 00:00:00+00:00, run_after=2024-06-18 00:00:00+00:00
[2024-06-18T17:18:37.149+0545] {processor.py:183} INFO - Processing /home/prabal/afenv/lib/python3.10/site-packages/airflow/example_dags/example_short_circuit_operator.py took 0.254 seconds
[2024-06-18T17:19:35.783+0545] {processor.py:161} INFO - Started process (PID=5648) to work on /home/prabal/afenv/lib/python3.10/site-packages/airflow/example_dags/example_short_circuit_operator.py
[2024-06-18T17:19:35.797+0545] {processor.py:830} INFO - Processing file /home/prabal/afenv/lib/python3.10/site-packages/airflow/example_dags/example_short_circuit_operator.py for tasks to queue
[2024-06-18T17:19:35.799+0545] {logging_mixin.py:188} INFO - [2024-06-18T17:19:35.798+0545] {dagbag.py:545} INFO - Filling up the DagBag from /home/prabal/afenv/lib/python3.10/site-packages/airflow/example_dags/example_short_circuit_operator.py
[2024-06-18T17:19:35.816+0545] {processor.py:840} INFO - DAG(s) 'example_short_circuit_operator' retrieved from /home/prabal/afenv/lib/python3.10/site-packages/airflow/example_dags/example_short_circuit_operator.py
[2024-06-18T17:19:35.836+0545] {logging_mixin.py:188} INFO - [2024-06-18T17:19:35.836+0545] {dag.py:3096} INFO - Sync 1 DAGs
[2024-06-18T17:19:35.868+0545] {logging_mixin.py:188} INFO - [2024-06-18T17:19:35.867+0545] {dag.py:3954} INFO - Setting next_dagrun for example_short_circuit_operator to 2024-06-17 00:00:00+00:00, run_after=2024-06-18 00:00:00+00:00
[2024-06-18T17:19:35.907+0545] {processor.py:183} INFO - Processing /home/prabal/afenv/lib/python3.10/site-packages/airflow/example_dags/example_short_circuit_operator.py took 0.137 seconds
[2024-06-18T17:20:29.442+0545] {processor.py:161} INFO - Started process (PID=6453) to work on /home/prabal/afenv/lib/python3.10/site-packages/airflow/example_dags/example_short_circuit_operator.py
[2024-06-18T17:20:29.444+0545] {processor.py:830} INFO - Processing file /home/prabal/afenv/lib/python3.10/site-packages/airflow/example_dags/example_short_circuit_operator.py for tasks to queue
[2024-06-18T17:20:29.444+0545] {logging_mixin.py:188} INFO - [2024-06-18T17:20:29.444+0545] {dagbag.py:545} INFO - Filling up the DagBag from /home/prabal/afenv/lib/python3.10/site-packages/airflow/example_dags/example_short_circuit_operator.py
[2024-06-18T17:20:29.452+0545] {processor.py:840} INFO - DAG(s) 'example_short_circuit_operator' retrieved from /home/prabal/afenv/lib/python3.10/site-packages/airflow/example_dags/example_short_circuit_operator.py
[2024-06-18T17:20:29.478+0545] {logging_mixin.py:188} INFO - [2024-06-18T17:20:29.478+0545] {dag.py:3096} INFO - Sync 1 DAGs
[2024-06-18T17:20:29.494+0545] {logging_mixin.py:188} INFO - [2024-06-18T17:20:29.494+0545] {dag.py:3954} INFO - Setting next_dagrun for example_short_circuit_operator to 2024-06-17 00:00:00+00:00, run_after=2024-06-18 00:00:00+00:00
[2024-06-18T17:20:29.515+0545] {processor.py:183} INFO - Processing /home/prabal/afenv/lib/python3.10/site-packages/airflow/example_dags/example_short_circuit_operator.py took 0.077 seconds
[2024-06-18T17:22:02.433+0545] {processor.py:161} INFO - Started process (PID=7014) to work on /home/prabal/afenv/lib/python3.10/site-packages/airflow/example_dags/example_short_circuit_operator.py
[2024-06-18T17:22:02.447+0545] {processor.py:830} INFO - Processing file /home/prabal/afenv/lib/python3.10/site-packages/airflow/example_dags/example_short_circuit_operator.py for tasks to queue
[2024-06-18T17:22:02.451+0545] {logging_mixin.py:188} INFO - [2024-06-18T17:22:02.450+0545] {dagbag.py:545} INFO - Filling up the DagBag from /home/prabal/afenv/lib/python3.10/site-packages/airflow/example_dags/example_short_circuit_operator.py
[2024-06-18T17:22:02.472+0545] {processor.py:840} INFO - DAG(s) 'example_short_circuit_operator' retrieved from /home/prabal/afenv/lib/python3.10/site-packages/airflow/example_dags/example_short_circuit_operator.py
[2024-06-18T17:22:02.496+0545] {logging_mixin.py:188} INFO - [2024-06-18T17:22:02.495+0545] {dag.py:3096} INFO - Sync 1 DAGs
[2024-06-18T17:22:02.537+0545] {logging_mixin.py:188} INFO - [2024-06-18T17:22:02.537+0545] {dag.py:3954} INFO - Setting next_dagrun for example_short_circuit_operator to 2024-06-17 00:00:00+00:00, run_after=2024-06-18 00:00:00+00:00
[2024-06-18T17:22:02.577+0545] {processor.py:183} INFO - Processing /home/prabal/afenv/lib/python3.10/site-packages/airflow/example_dags/example_short_circuit_operator.py took 0.158 seconds
[2024-06-18T17:23:10.337+0545] {processor.py:161} INFO - Started process (PID=7366) to work on /home/prabal/afenv/lib/python3.10/site-packages/airflow/example_dags/example_short_circuit_operator.py
[2024-06-18T17:23:10.338+0545] {processor.py:830} INFO - Processing file /home/prabal/afenv/lib/python3.10/site-packages/airflow/example_dags/example_short_circuit_operator.py for tasks to queue
[2024-06-18T17:23:10.341+0545] {logging_mixin.py:188} INFO - [2024-06-18T17:23:10.341+0545] {dagbag.py:545} INFO - Filling up the DagBag from /home/prabal/afenv/lib/python3.10/site-packages/airflow/example_dags/example_short_circuit_operator.py
[2024-06-18T17:23:10.358+0545] {processor.py:840} INFO - DAG(s) 'example_short_circuit_operator' retrieved from /home/prabal/afenv/lib/python3.10/site-packages/airflow/example_dags/example_short_circuit_operator.py
[2024-06-18T17:23:10.546+0545] {logging_mixin.py:188} INFO - [2024-06-18T17:23:10.545+0545] {dag.py:3096} INFO - Sync 1 DAGs
[2024-06-18T17:23:10.558+0545] {logging_mixin.py:188} INFO - [2024-06-18T17:23:10.558+0545] {dag.py:3954} INFO - Setting next_dagrun for example_short_circuit_operator to 2024-06-17 00:00:00+00:00, run_after=2024-06-18 00:00:00+00:00
[2024-06-18T17:23:10.592+0545] {processor.py:183} INFO - Processing /home/prabal/afenv/lib/python3.10/site-packages/airflow/example_dags/example_short_circuit_operator.py took 0.267 seconds
