[2024-06-18T13:42:56.512+0545] {processor.py:161} INFO - Started process (PID=14314) to work on /home/prabal/afenv/lib/python3.10/site-packages/airflow/example_dags/example_branch_day_of_week_operator.py
[2024-06-18T13:42:56.515+0545] {processor.py:830} INFO - Processing file /home/prabal/afenv/lib/python3.10/site-packages/airflow/example_dags/example_branch_day_of_week_operator.py for tasks to queue
[2024-06-18T13:42:56.518+0545] {logging_mixin.py:188} INFO - [2024-06-18T13:42:56.517+0545] {dagbag.py:545} INFO - Filling up the DagBag from /home/prabal/afenv/lib/python3.10/site-packages/airflow/example_dags/example_branch_day_of_week_operator.py
[2024-06-18T13:42:56.529+0545] {processor.py:840} INFO - DAG(s) 'example_weekday_branch_operator' retrieved from /home/prabal/afenv/lib/python3.10/site-packages/airflow/example_dags/example_branch_day_of_week_operator.py
[2024-06-18T13:42:56.626+0545] {logging_mixin.py:188} INFO - [2024-06-18T13:42:56.626+0545] {override.py:1829} INFO - Created Permission View: can read on DAG:example_weekday_branch_operator
[2024-06-18T13:42:56.635+0545] {logging_mixin.py:188} INFO - [2024-06-18T13:42:56.635+0545] {override.py:1829} INFO - Created Permission View: can edit on DAG:example_weekday_branch_operator
[2024-06-18T13:42:56.642+0545] {logging_mixin.py:188} INFO - [2024-06-18T13:42:56.641+0545] {override.py:1829} INFO - Created Permission View: can delete on DAG:example_weekday_branch_operator
[2024-06-18T13:42:56.642+0545] {logging_mixin.py:188} INFO - [2024-06-18T13:42:56.642+0545] {dag.py:3096} INFO - Sync 1 DAGs
[2024-06-18T13:42:56.734+0545] {logging_mixin.py:188} INFO - [2024-06-18T13:42:56.734+0545] {dag.py:3118} INFO - Creating ORM DAG for example_weekday_branch_operator
[2024-06-18T13:42:56.742+0545] {logging_mixin.py:188} INFO - [2024-06-18T13:42:56.741+0545] {dag.py:3954} INFO - Setting next_dagrun for example_weekday_branch_operator to 2024-06-17 00:00:00+00:00, run_after=2024-06-18 00:00:00+00:00
[2024-06-18T13:42:56.768+0545] {processor.py:183} INFO - Processing /home/prabal/afenv/lib/python3.10/site-packages/airflow/example_dags/example_branch_day_of_week_operator.py took 0.269 seconds
[2024-06-18T13:43:53.190+0545] {processor.py:161} INFO - Started process (PID=14604) to work on /home/prabal/afenv/lib/python3.10/site-packages/airflow/example_dags/example_branch_day_of_week_operator.py
[2024-06-18T13:43:53.192+0545] {processor.py:830} INFO - Processing file /home/prabal/afenv/lib/python3.10/site-packages/airflow/example_dags/example_branch_day_of_week_operator.py for tasks to queue
[2024-06-18T13:43:53.195+0545] {logging_mixin.py:188} INFO - [2024-06-18T13:43:53.194+0545] {dagbag.py:545} INFO - Filling up the DagBag from /home/prabal/afenv/lib/python3.10/site-packages/airflow/example_dags/example_branch_day_of_week_operator.py
[2024-06-18T13:43:53.213+0545] {processor.py:840} INFO - DAG(s) 'example_weekday_branch_operator' retrieved from /home/prabal/afenv/lib/python3.10/site-packages/airflow/example_dags/example_branch_day_of_week_operator.py
[2024-06-18T13:43:53.252+0545] {logging_mixin.py:188} INFO - [2024-06-18T13:43:53.251+0545] {dag.py:3096} INFO - Sync 1 DAGs
[2024-06-18T13:43:53.290+0545] {logging_mixin.py:188} INFO - [2024-06-18T13:43:53.290+0545] {dag.py:3954} INFO - Setting next_dagrun for example_weekday_branch_operator to 2024-06-17 00:00:00+00:00, run_after=2024-06-18 00:00:00+00:00
[2024-06-18T13:43:53.487+0545] {processor.py:183} INFO - Processing /home/prabal/afenv/lib/python3.10/site-packages/airflow/example_dags/example_branch_day_of_week_operator.py took 0.312 seconds
[2024-06-18T13:44:56.848+0545] {processor.py:161} INFO - Started process (PID=14907) to work on /home/prabal/afenv/lib/python3.10/site-packages/airflow/example_dags/example_branch_day_of_week_operator.py
[2024-06-18T13:44:56.861+0545] {processor.py:830} INFO - Processing file /home/prabal/afenv/lib/python3.10/site-packages/airflow/example_dags/example_branch_day_of_week_operator.py for tasks to queue
[2024-06-18T13:44:56.866+0545] {logging_mixin.py:188} INFO - [2024-06-18T13:44:56.865+0545] {dagbag.py:545} INFO - Filling up the DagBag from /home/prabal/afenv/lib/python3.10/site-packages/airflow/example_dags/example_branch_day_of_week_operator.py
[2024-06-18T13:44:56.882+0545] {processor.py:840} INFO - DAG(s) 'example_weekday_branch_operator' retrieved from /home/prabal/afenv/lib/python3.10/site-packages/airflow/example_dags/example_branch_day_of_week_operator.py
[2024-06-18T13:44:56.911+0545] {logging_mixin.py:188} INFO - [2024-06-18T13:44:56.911+0545] {dag.py:3096} INFO - Sync 1 DAGs
[2024-06-18T13:44:56.955+0545] {logging_mixin.py:188} INFO - [2024-06-18T13:44:56.954+0545] {dag.py:3954} INFO - Setting next_dagrun for example_weekday_branch_operator to 2024-06-17 00:00:00+00:00, run_after=2024-06-18 00:00:00+00:00
[2024-06-18T13:44:56.995+0545] {processor.py:183} INFO - Processing /home/prabal/afenv/lib/python3.10/site-packages/airflow/example_dags/example_branch_day_of_week_operator.py took 0.162 seconds
[2024-06-18T13:45:52.424+0545] {processor.py:161} INFO - Started process (PID=15174) to work on /home/prabal/afenv/lib/python3.10/site-packages/airflow/example_dags/example_branch_day_of_week_operator.py
[2024-06-18T13:45:52.437+0545] {processor.py:830} INFO - Processing file /home/prabal/afenv/lib/python3.10/site-packages/airflow/example_dags/example_branch_day_of_week_operator.py for tasks to queue
[2024-06-18T13:45:52.440+0545] {logging_mixin.py:188} INFO - [2024-06-18T13:45:52.439+0545] {dagbag.py:545} INFO - Filling up the DagBag from /home/prabal/afenv/lib/python3.10/site-packages/airflow/example_dags/example_branch_day_of_week_operator.py
[2024-06-18T13:45:52.452+0545] {processor.py:840} INFO - DAG(s) 'example_weekday_branch_operator' retrieved from /home/prabal/afenv/lib/python3.10/site-packages/airflow/example_dags/example_branch_day_of_week_operator.py
[2024-06-18T13:45:52.470+0545] {logging_mixin.py:188} INFO - [2024-06-18T13:45:52.470+0545] {dag.py:3096} INFO - Sync 1 DAGs
[2024-06-18T13:45:52.489+0545] {logging_mixin.py:188} INFO - [2024-06-18T13:45:52.489+0545] {dag.py:3954} INFO - Setting next_dagrun for example_weekday_branch_operator to 2024-06-17 00:00:00+00:00, run_after=2024-06-18 00:00:00+00:00
[2024-06-18T13:45:52.513+0545] {processor.py:183} INFO - Processing /home/prabal/afenv/lib/python3.10/site-packages/airflow/example_dags/example_branch_day_of_week_operator.py took 0.103 seconds
[2024-06-18T13:46:48.466+0545] {processor.py:161} INFO - Started process (PID=15445) to work on /home/prabal/afenv/lib/python3.10/site-packages/airflow/example_dags/example_branch_day_of_week_operator.py
[2024-06-18T13:46:48.479+0545] {processor.py:830} INFO - Processing file /home/prabal/afenv/lib/python3.10/site-packages/airflow/example_dags/example_branch_day_of_week_operator.py for tasks to queue
[2024-06-18T13:46:48.484+0545] {logging_mixin.py:188} INFO - [2024-06-18T13:46:48.483+0545] {dagbag.py:545} INFO - Filling up the DagBag from /home/prabal/afenv/lib/python3.10/site-packages/airflow/example_dags/example_branch_day_of_week_operator.py
[2024-06-18T13:46:48.504+0545] {processor.py:840} INFO - DAG(s) 'example_weekday_branch_operator' retrieved from /home/prabal/afenv/lib/python3.10/site-packages/airflow/example_dags/example_branch_day_of_week_operator.py
[2024-06-18T13:46:48.521+0545] {logging_mixin.py:188} INFO - [2024-06-18T13:46:48.521+0545] {dag.py:3096} INFO - Sync 1 DAGs
[2024-06-18T13:46:48.540+0545] {logging_mixin.py:188} INFO - [2024-06-18T13:46:48.539+0545] {dag.py:3954} INFO - Setting next_dagrun for example_weekday_branch_operator to 2024-06-17 00:00:00+00:00, run_after=2024-06-18 00:00:00+00:00
[2024-06-18T13:46:48.563+0545] {processor.py:183} INFO - Processing /home/prabal/afenv/lib/python3.10/site-packages/airflow/example_dags/example_branch_day_of_week_operator.py took 0.111 seconds
[2024-06-18T13:48:04.214+0545] {processor.py:161} INFO - Started process (PID=15815) to work on /home/prabal/afenv/lib/python3.10/site-packages/airflow/example_dags/example_branch_day_of_week_operator.py
[2024-06-18T13:48:04.227+0545] {processor.py:830} INFO - Processing file /home/prabal/afenv/lib/python3.10/site-packages/airflow/example_dags/example_branch_day_of_week_operator.py for tasks to queue
[2024-06-18T13:48:04.228+0545] {logging_mixin.py:188} INFO - [2024-06-18T13:48:04.228+0545] {dagbag.py:545} INFO - Filling up the DagBag from /home/prabal/afenv/lib/python3.10/site-packages/airflow/example_dags/example_branch_day_of_week_operator.py
[2024-06-18T13:48:04.242+0545] {processor.py:840} INFO - DAG(s) 'example_weekday_branch_operator' retrieved from /home/prabal/afenv/lib/python3.10/site-packages/airflow/example_dags/example_branch_day_of_week_operator.py
[2024-06-18T13:48:04.263+0545] {logging_mixin.py:188} INFO - [2024-06-18T13:48:04.263+0545] {dag.py:3096} INFO - Sync 1 DAGs
[2024-06-18T13:48:04.280+0545] {logging_mixin.py:188} INFO - [2024-06-18T13:48:04.280+0545] {dag.py:3954} INFO - Setting next_dagrun for example_weekday_branch_operator to 2024-06-17 00:00:00+00:00, run_after=2024-06-18 00:00:00+00:00
[2024-06-18T13:48:04.299+0545] {processor.py:183} INFO - Processing /home/prabal/afenv/lib/python3.10/site-packages/airflow/example_dags/example_branch_day_of_week_operator.py took 0.091 seconds
[2024-06-18T13:50:15.044+0545] {processor.py:161} INFO - Started process (PID=16465) to work on /home/prabal/afenv/lib/python3.10/site-packages/airflow/example_dags/example_branch_day_of_week_operator.py
[2024-06-18T13:50:15.057+0545] {processor.py:830} INFO - Processing file /home/prabal/afenv/lib/python3.10/site-packages/airflow/example_dags/example_branch_day_of_week_operator.py for tasks to queue
[2024-06-18T13:50:15.061+0545] {logging_mixin.py:188} INFO - [2024-06-18T13:50:15.060+0545] {dagbag.py:545} INFO - Filling up the DagBag from /home/prabal/afenv/lib/python3.10/site-packages/airflow/example_dags/example_branch_day_of_week_operator.py
[2024-06-18T13:50:15.077+0545] {processor.py:840} INFO - DAG(s) 'example_weekday_branch_operator' retrieved from /home/prabal/afenv/lib/python3.10/site-packages/airflow/example_dags/example_branch_day_of_week_operator.py
[2024-06-18T13:50:15.113+0545] {logging_mixin.py:188} INFO - [2024-06-18T13:50:15.113+0545] {dag.py:3096} INFO - Sync 1 DAGs
[2024-06-18T13:50:15.134+0545] {logging_mixin.py:188} INFO - [2024-06-18T13:50:15.134+0545] {dag.py:3954} INFO - Setting next_dagrun for example_weekday_branch_operator to 2024-06-17 00:00:00+00:00, run_after=2024-06-18 00:00:00+00:00
[2024-06-18T13:50:15.158+0545] {processor.py:183} INFO - Processing /home/prabal/afenv/lib/python3.10/site-packages/airflow/example_dags/example_branch_day_of_week_operator.py took 0.127 seconds
[2024-06-18T13:51:59.564+0545] {processor.py:161} INFO - Started process (PID=17012) to work on /home/prabal/afenv/lib/python3.10/site-packages/airflow/example_dags/example_branch_day_of_week_operator.py
[2024-06-18T13:51:59.566+0545] {processor.py:830} INFO - Processing file /home/prabal/afenv/lib/python3.10/site-packages/airflow/example_dags/example_branch_day_of_week_operator.py for tasks to queue
[2024-06-18T13:51:59.568+0545] {logging_mixin.py:188} INFO - [2024-06-18T13:51:59.567+0545] {dagbag.py:545} INFO - Filling up the DagBag from /home/prabal/afenv/lib/python3.10/site-packages/airflow/example_dags/example_branch_day_of_week_operator.py
[2024-06-18T13:51:59.575+0545] {processor.py:840} INFO - DAG(s) 'example_weekday_branch_operator' retrieved from /home/prabal/afenv/lib/python3.10/site-packages/airflow/example_dags/example_branch_day_of_week_operator.py
[2024-06-18T13:51:59.606+0545] {logging_mixin.py:188} INFO - [2024-06-18T13:51:59.606+0545] {dag.py:3096} INFO - Sync 1 DAGs
[2024-06-18T13:51:59.633+0545] {logging_mixin.py:188} INFO - [2024-06-18T13:51:59.633+0545] {dag.py:3954} INFO - Setting next_dagrun for example_weekday_branch_operator to 2024-06-17 00:00:00+00:00, run_after=2024-06-18 00:00:00+00:00
[2024-06-18T13:51:59.657+0545] {processor.py:183} INFO - Processing /home/prabal/afenv/lib/python3.10/site-packages/airflow/example_dags/example_branch_day_of_week_operator.py took 0.105 seconds
[2024-06-18T13:53:13.367+0545] {processor.py:161} INFO - Started process (PID=17404) to work on /home/prabal/afenv/lib/python3.10/site-packages/airflow/example_dags/example_branch_day_of_week_operator.py
[2024-06-18T13:53:13.380+0545] {processor.py:830} INFO - Processing file /home/prabal/afenv/lib/python3.10/site-packages/airflow/example_dags/example_branch_day_of_week_operator.py for tasks to queue
[2024-06-18T13:53:13.383+0545] {logging_mixin.py:188} INFO - [2024-06-18T13:53:13.383+0545] {dagbag.py:545} INFO - Filling up the DagBag from /home/prabal/afenv/lib/python3.10/site-packages/airflow/example_dags/example_branch_day_of_week_operator.py
[2024-06-18T13:53:13.400+0545] {processor.py:840} INFO - DAG(s) 'example_weekday_branch_operator' retrieved from /home/prabal/afenv/lib/python3.10/site-packages/airflow/example_dags/example_branch_day_of_week_operator.py
[2024-06-18T13:53:13.426+0545] {logging_mixin.py:188} INFO - [2024-06-18T13:53:13.426+0545] {dag.py:3096} INFO - Sync 1 DAGs
[2024-06-18T13:53:13.450+0545] {logging_mixin.py:188} INFO - [2024-06-18T13:53:13.450+0545] {dag.py:3954} INFO - Setting next_dagrun for example_weekday_branch_operator to 2024-06-17 00:00:00+00:00, run_after=2024-06-18 00:00:00+00:00
[2024-06-18T13:53:13.481+0545] {processor.py:183} INFO - Processing /home/prabal/afenv/lib/python3.10/site-packages/airflow/example_dags/example_branch_day_of_week_operator.py took 0.129 seconds
[2024-06-18T13:54:15.435+0545] {processor.py:161} INFO - Started process (PID=17705) to work on /home/prabal/afenv/lib/python3.10/site-packages/airflow/example_dags/example_branch_day_of_week_operator.py
[2024-06-18T13:54:15.436+0545] {processor.py:830} INFO - Processing file /home/prabal/afenv/lib/python3.10/site-packages/airflow/example_dags/example_branch_day_of_week_operator.py for tasks to queue
[2024-06-18T13:54:15.438+0545] {logging_mixin.py:188} INFO - [2024-06-18T13:54:15.438+0545] {dagbag.py:545} INFO - Filling up the DagBag from /home/prabal/afenv/lib/python3.10/site-packages/airflow/example_dags/example_branch_day_of_week_operator.py
[2024-06-18T13:54:15.451+0545] {processor.py:840} INFO - DAG(s) 'example_weekday_branch_operator' retrieved from /home/prabal/afenv/lib/python3.10/site-packages/airflow/example_dags/example_branch_day_of_week_operator.py
[2024-06-18T13:54:15.467+0545] {logging_mixin.py:188} INFO - [2024-06-18T13:54:15.467+0545] {dag.py:3096} INFO - Sync 1 DAGs
[2024-06-18T13:54:15.486+0545] {logging_mixin.py:188} INFO - [2024-06-18T13:54:15.486+0545] {dag.py:3954} INFO - Setting next_dagrun for example_weekday_branch_operator to 2024-06-17 00:00:00+00:00, run_after=2024-06-18 00:00:00+00:00
[2024-06-18T13:54:15.513+0545] {processor.py:183} INFO - Processing /home/prabal/afenv/lib/python3.10/site-packages/airflow/example_dags/example_branch_day_of_week_operator.py took 0.090 seconds
[2024-06-18T13:55:17.239+0545] {processor.py:161} INFO - Started process (PID=18027) to work on /home/prabal/afenv/lib/python3.10/site-packages/airflow/example_dags/example_branch_day_of_week_operator.py
[2024-06-18T13:55:17.241+0545] {processor.py:830} INFO - Processing file /home/prabal/afenv/lib/python3.10/site-packages/airflow/example_dags/example_branch_day_of_week_operator.py for tasks to queue
[2024-06-18T13:55:17.245+0545] {logging_mixin.py:188} INFO - [2024-06-18T13:55:17.244+0545] {dagbag.py:545} INFO - Filling up the DagBag from /home/prabal/afenv/lib/python3.10/site-packages/airflow/example_dags/example_branch_day_of_week_operator.py
[2024-06-18T13:55:17.264+0545] {processor.py:840} INFO - DAG(s) 'example_weekday_branch_operator' retrieved from /home/prabal/afenv/lib/python3.10/site-packages/airflow/example_dags/example_branch_day_of_week_operator.py
[2024-06-18T13:55:17.292+0545] {logging_mixin.py:188} INFO - [2024-06-18T13:55:17.292+0545] {dag.py:3096} INFO - Sync 1 DAGs
[2024-06-18T13:55:17.310+0545] {logging_mixin.py:188} INFO - [2024-06-18T13:55:17.310+0545] {dag.py:3954} INFO - Setting next_dagrun for example_weekday_branch_operator to 2024-06-17 00:00:00+00:00, run_after=2024-06-18 00:00:00+00:00
[2024-06-18T13:55:17.329+0545] {processor.py:183} INFO - Processing /home/prabal/afenv/lib/python3.10/site-packages/airflow/example_dags/example_branch_day_of_week_operator.py took 0.106 seconds
[2024-06-18T13:56:18.171+0545] {processor.py:161} INFO - Started process (PID=18320) to work on /home/prabal/afenv/lib/python3.10/site-packages/airflow/example_dags/example_branch_day_of_week_operator.py
[2024-06-18T13:56:18.184+0545] {processor.py:830} INFO - Processing file /home/prabal/afenv/lib/python3.10/site-packages/airflow/example_dags/example_branch_day_of_week_operator.py for tasks to queue
[2024-06-18T13:56:18.188+0545] {logging_mixin.py:188} INFO - [2024-06-18T13:56:18.187+0545] {dagbag.py:545} INFO - Filling up the DagBag from /home/prabal/afenv/lib/python3.10/site-packages/airflow/example_dags/example_branch_day_of_week_operator.py
[2024-06-18T13:56:18.206+0545] {processor.py:840} INFO - DAG(s) 'example_weekday_branch_operator' retrieved from /home/prabal/afenv/lib/python3.10/site-packages/airflow/example_dags/example_branch_day_of_week_operator.py
[2024-06-18T13:56:18.240+0545] {logging_mixin.py:188} INFO - [2024-06-18T13:56:18.239+0545] {dag.py:3096} INFO - Sync 1 DAGs
[2024-06-18T13:56:18.265+0545] {logging_mixin.py:188} INFO - [2024-06-18T13:56:18.264+0545] {dag.py:3954} INFO - Setting next_dagrun for example_weekday_branch_operator to 2024-06-17 00:00:00+00:00, run_after=2024-06-18 00:00:00+00:00
[2024-06-18T13:56:18.288+0545] {processor.py:183} INFO - Processing /home/prabal/afenv/lib/python3.10/site-packages/airflow/example_dags/example_branch_day_of_week_operator.py took 0.132 seconds
[2024-06-18T13:57:32.592+0545] {processor.py:161} INFO - Started process (PID=18683) to work on /home/prabal/afenv/lib/python3.10/site-packages/airflow/example_dags/example_branch_day_of_week_operator.py
[2024-06-18T13:57:32.604+0545] {processor.py:830} INFO - Processing file /home/prabal/afenv/lib/python3.10/site-packages/airflow/example_dags/example_branch_day_of_week_operator.py for tasks to queue
[2024-06-18T13:57:32.607+0545] {logging_mixin.py:188} INFO - [2024-06-18T13:57:32.606+0545] {dagbag.py:545} INFO - Filling up the DagBag from /home/prabal/afenv/lib/python3.10/site-packages/airflow/example_dags/example_branch_day_of_week_operator.py
[2024-06-18T13:57:32.617+0545] {processor.py:840} INFO - DAG(s) 'example_weekday_branch_operator' retrieved from /home/prabal/afenv/lib/python3.10/site-packages/airflow/example_dags/example_branch_day_of_week_operator.py
[2024-06-18T13:57:32.636+0545] {logging_mixin.py:188} INFO - [2024-06-18T13:57:32.636+0545] {dag.py:3096} INFO - Sync 1 DAGs
[2024-06-18T13:57:32.665+0545] {logging_mixin.py:188} INFO - [2024-06-18T13:57:32.665+0545] {dag.py:3954} INFO - Setting next_dagrun for example_weekday_branch_operator to 2024-06-17 00:00:00+00:00, run_after=2024-06-18 00:00:00+00:00
[2024-06-18T13:57:32.692+0545] {processor.py:183} INFO - Processing /home/prabal/afenv/lib/python3.10/site-packages/airflow/example_dags/example_branch_day_of_week_operator.py took 0.110 seconds
[2024-06-18T14:05:49.526+0545] {processor.py:161} INFO - Started process (PID=20891) to work on /home/prabal/afenv/lib/python3.10/site-packages/airflow/example_dags/example_branch_day_of_week_operator.py
[2024-06-18T14:05:49.540+0545] {processor.py:830} INFO - Processing file /home/prabal/afenv/lib/python3.10/site-packages/airflow/example_dags/example_branch_day_of_week_operator.py for tasks to queue
[2024-06-18T14:05:49.544+0545] {logging_mixin.py:188} INFO - [2024-06-18T14:05:49.543+0545] {dagbag.py:545} INFO - Filling up the DagBag from /home/prabal/afenv/lib/python3.10/site-packages/airflow/example_dags/example_branch_day_of_week_operator.py
[2024-06-18T14:05:49.562+0545] {processor.py:840} INFO - DAG(s) 'example_weekday_branch_operator' retrieved from /home/prabal/afenv/lib/python3.10/site-packages/airflow/example_dags/example_branch_day_of_week_operator.py
[2024-06-18T14:05:49.596+0545] {logging_mixin.py:188} INFO - [2024-06-18T14:05:49.596+0545] {dag.py:3096} INFO - Sync 1 DAGs
[2024-06-18T14:05:49.623+0545] {logging_mixin.py:188} INFO - [2024-06-18T14:05:49.623+0545] {dag.py:3954} INFO - Setting next_dagrun for example_weekday_branch_operator to 2024-06-17 00:00:00+00:00, run_after=2024-06-18 00:00:00+00:00
[2024-06-18T14:05:49.666+0545] {processor.py:183} INFO - Processing /home/prabal/afenv/lib/python3.10/site-packages/airflow/example_dags/example_branch_day_of_week_operator.py took 0.155 seconds
[2024-06-18T14:06:48.309+0545] {processor.py:161} INFO - Started process (PID=21171) to work on /home/prabal/afenv/lib/python3.10/site-packages/airflow/example_dags/example_branch_day_of_week_operator.py
[2024-06-18T14:06:48.322+0545] {processor.py:830} INFO - Processing file /home/prabal/afenv/lib/python3.10/site-packages/airflow/example_dags/example_branch_day_of_week_operator.py for tasks to queue
[2024-06-18T14:06:48.323+0545] {logging_mixin.py:188} INFO - [2024-06-18T14:06:48.323+0545] {dagbag.py:545} INFO - Filling up the DagBag from /home/prabal/afenv/lib/python3.10/site-packages/airflow/example_dags/example_branch_day_of_week_operator.py
[2024-06-18T14:06:48.332+0545] {processor.py:840} INFO - DAG(s) 'example_weekday_branch_operator' retrieved from /home/prabal/afenv/lib/python3.10/site-packages/airflow/example_dags/example_branch_day_of_week_operator.py
[2024-06-18T14:06:48.358+0545] {logging_mixin.py:188} INFO - [2024-06-18T14:06:48.358+0545] {dag.py:3096} INFO - Sync 1 DAGs
[2024-06-18T14:06:48.378+0545] {logging_mixin.py:188} INFO - [2024-06-18T14:06:48.378+0545] {dag.py:3954} INFO - Setting next_dagrun for example_weekday_branch_operator to 2024-06-17 00:00:00+00:00, run_after=2024-06-18 00:00:00+00:00
[2024-06-18T14:06:48.496+0545] {processor.py:183} INFO - Processing /home/prabal/afenv/lib/python3.10/site-packages/airflow/example_dags/example_branch_day_of_week_operator.py took 0.196 seconds
[2024-06-18T14:07:45.278+0545] {processor.py:161} INFO - Started process (PID=21457) to work on /home/prabal/afenv/lib/python3.10/site-packages/airflow/example_dags/example_branch_day_of_week_operator.py
[2024-06-18T14:07:45.290+0545] {processor.py:830} INFO - Processing file /home/prabal/afenv/lib/python3.10/site-packages/airflow/example_dags/example_branch_day_of_week_operator.py for tasks to queue
[2024-06-18T14:07:45.293+0545] {logging_mixin.py:188} INFO - [2024-06-18T14:07:45.293+0545] {dagbag.py:545} INFO - Filling up the DagBag from /home/prabal/afenv/lib/python3.10/site-packages/airflow/example_dags/example_branch_day_of_week_operator.py
[2024-06-18T14:07:45.309+0545] {processor.py:840} INFO - DAG(s) 'example_weekday_branch_operator' retrieved from /home/prabal/afenv/lib/python3.10/site-packages/airflow/example_dags/example_branch_day_of_week_operator.py
[2024-06-18T14:07:45.328+0545] {logging_mixin.py:188} INFO - [2024-06-18T14:07:45.327+0545] {dag.py:3096} INFO - Sync 1 DAGs
[2024-06-18T14:07:45.365+0545] {logging_mixin.py:188} INFO - [2024-06-18T14:07:45.365+0545] {dag.py:3954} INFO - Setting next_dagrun for example_weekday_branch_operator to 2024-06-17 00:00:00+00:00, run_after=2024-06-18 00:00:00+00:00
[2024-06-18T14:07:45.393+0545] {processor.py:183} INFO - Processing /home/prabal/afenv/lib/python3.10/site-packages/airflow/example_dags/example_branch_day_of_week_operator.py took 0.129 seconds
[2024-06-18T14:08:42.311+0545] {processor.py:161} INFO - Started process (PID=21728) to work on /home/prabal/afenv/lib/python3.10/site-packages/airflow/example_dags/example_branch_day_of_week_operator.py
[2024-06-18T14:08:42.324+0545] {processor.py:830} INFO - Processing file /home/prabal/afenv/lib/python3.10/site-packages/airflow/example_dags/example_branch_day_of_week_operator.py for tasks to queue
[2024-06-18T14:08:42.327+0545] {logging_mixin.py:188} INFO - [2024-06-18T14:08:42.327+0545] {dagbag.py:545} INFO - Filling up the DagBag from /home/prabal/afenv/lib/python3.10/site-packages/airflow/example_dags/example_branch_day_of_week_operator.py
[2024-06-18T14:08:42.345+0545] {processor.py:840} INFO - DAG(s) 'example_weekday_branch_operator' retrieved from /home/prabal/afenv/lib/python3.10/site-packages/airflow/example_dags/example_branch_day_of_week_operator.py
[2024-06-18T14:08:42.369+0545] {logging_mixin.py:188} INFO - [2024-06-18T14:08:42.368+0545] {dag.py:3096} INFO - Sync 1 DAGs
[2024-06-18T14:08:42.399+0545] {logging_mixin.py:188} INFO - [2024-06-18T14:08:42.398+0545] {dag.py:3954} INFO - Setting next_dagrun for example_weekday_branch_operator to 2024-06-17 00:00:00+00:00, run_after=2024-06-18 00:00:00+00:00
[2024-06-18T14:08:42.417+0545] {processor.py:183} INFO - Processing /home/prabal/afenv/lib/python3.10/site-packages/airflow/example_dags/example_branch_day_of_week_operator.py took 0.121 seconds
[2024-06-18T14:09:37.198+0545] {processor.py:161} INFO - Started process (PID=21994) to work on /home/prabal/afenv/lib/python3.10/site-packages/airflow/example_dags/example_branch_day_of_week_operator.py
[2024-06-18T14:09:37.212+0545] {processor.py:830} INFO - Processing file /home/prabal/afenv/lib/python3.10/site-packages/airflow/example_dags/example_branch_day_of_week_operator.py for tasks to queue
[2024-06-18T14:09:37.215+0545] {logging_mixin.py:188} INFO - [2024-06-18T14:09:37.215+0545] {dagbag.py:545} INFO - Filling up the DagBag from /home/prabal/afenv/lib/python3.10/site-packages/airflow/example_dags/example_branch_day_of_week_operator.py
[2024-06-18T14:09:37.231+0545] {processor.py:840} INFO - DAG(s) 'example_weekday_branch_operator' retrieved from /home/prabal/afenv/lib/python3.10/site-packages/airflow/example_dags/example_branch_day_of_week_operator.py
[2024-06-18T14:09:37.245+0545] {logging_mixin.py:188} INFO - [2024-06-18T14:09:37.245+0545] {dag.py:3096} INFO - Sync 1 DAGs
[2024-06-18T14:09:37.265+0545] {logging_mixin.py:188} INFO - [2024-06-18T14:09:37.264+0545] {dag.py:3954} INFO - Setting next_dagrun for example_weekday_branch_operator to 2024-06-17 00:00:00+00:00, run_after=2024-06-18 00:00:00+00:00
[2024-06-18T14:09:37.305+0545] {processor.py:183} INFO - Processing /home/prabal/afenv/lib/python3.10/site-packages/airflow/example_dags/example_branch_day_of_week_operator.py took 0.124 seconds
[2024-06-18T14:10:32.920+0545] {processor.py:161} INFO - Started process (PID=22260) to work on /home/prabal/afenv/lib/python3.10/site-packages/airflow/example_dags/example_branch_day_of_week_operator.py
[2024-06-18T14:10:32.933+0545] {processor.py:830} INFO - Processing file /home/prabal/afenv/lib/python3.10/site-packages/airflow/example_dags/example_branch_day_of_week_operator.py for tasks to queue
[2024-06-18T14:10:32.936+0545] {logging_mixin.py:188} INFO - [2024-06-18T14:10:32.935+0545] {dagbag.py:545} INFO - Filling up the DagBag from /home/prabal/afenv/lib/python3.10/site-packages/airflow/example_dags/example_branch_day_of_week_operator.py
[2024-06-18T14:10:32.951+0545] {processor.py:840} INFO - DAG(s) 'example_weekday_branch_operator' retrieved from /home/prabal/afenv/lib/python3.10/site-packages/airflow/example_dags/example_branch_day_of_week_operator.py
[2024-06-18T14:10:32.967+0545] {logging_mixin.py:188} INFO - [2024-06-18T14:10:32.967+0545] {dag.py:3096} INFO - Sync 1 DAGs
[2024-06-18T14:10:32.986+0545] {logging_mixin.py:188} INFO - [2024-06-18T14:10:32.986+0545] {dag.py:3954} INFO - Setting next_dagrun for example_weekday_branch_operator to 2024-06-17 00:00:00+00:00, run_after=2024-06-18 00:00:00+00:00
[2024-06-18T14:10:33.011+0545] {processor.py:183} INFO - Processing /home/prabal/afenv/lib/python3.10/site-packages/airflow/example_dags/example_branch_day_of_week_operator.py took 0.106 seconds
[2024-06-18T14:11:24.097+0545] {processor.py:161} INFO - Started process (PID=22507) to work on /home/prabal/afenv/lib/python3.10/site-packages/airflow/example_dags/example_branch_day_of_week_operator.py
[2024-06-18T14:11:24.111+0545] {processor.py:830} INFO - Processing file /home/prabal/afenv/lib/python3.10/site-packages/airflow/example_dags/example_branch_day_of_week_operator.py for tasks to queue
[2024-06-18T14:11:24.116+0545] {logging_mixin.py:188} INFO - [2024-06-18T14:11:24.115+0545] {dagbag.py:545} INFO - Filling up the DagBag from /home/prabal/afenv/lib/python3.10/site-packages/airflow/example_dags/example_branch_day_of_week_operator.py
[2024-06-18T14:11:24.136+0545] {processor.py:840} INFO - DAG(s) 'example_weekday_branch_operator' retrieved from /home/prabal/afenv/lib/python3.10/site-packages/airflow/example_dags/example_branch_day_of_week_operator.py
[2024-06-18T14:11:24.171+0545] {logging_mixin.py:188} INFO - [2024-06-18T14:11:24.170+0545] {dag.py:3096} INFO - Sync 1 DAGs
[2024-06-18T14:11:24.190+0545] {logging_mixin.py:188} INFO - [2024-06-18T14:11:24.190+0545] {dag.py:3954} INFO - Setting next_dagrun for example_weekday_branch_operator to 2024-06-17 00:00:00+00:00, run_after=2024-06-18 00:00:00+00:00
[2024-06-18T14:11:24.208+0545] {processor.py:183} INFO - Processing /home/prabal/afenv/lib/python3.10/site-packages/airflow/example_dags/example_branch_day_of_week_operator.py took 0.124 seconds
[2024-06-18T14:12:18.527+0545] {processor.py:161} INFO - Started process (PID=22770) to work on /home/prabal/afenv/lib/python3.10/site-packages/airflow/example_dags/example_branch_day_of_week_operator.py
[2024-06-18T14:12:18.540+0545] {processor.py:830} INFO - Processing file /home/prabal/afenv/lib/python3.10/site-packages/airflow/example_dags/example_branch_day_of_week_operator.py for tasks to queue
[2024-06-18T14:12:18.544+0545] {logging_mixin.py:188} INFO - [2024-06-18T14:12:18.543+0545] {dagbag.py:545} INFO - Filling up the DagBag from /home/prabal/afenv/lib/python3.10/site-packages/airflow/example_dags/example_branch_day_of_week_operator.py
[2024-06-18T14:12:18.562+0545] {processor.py:840} INFO - DAG(s) 'example_weekday_branch_operator' retrieved from /home/prabal/afenv/lib/python3.10/site-packages/airflow/example_dags/example_branch_day_of_week_operator.py
[2024-06-18T14:12:18.587+0545] {logging_mixin.py:188} INFO - [2024-06-18T14:12:18.587+0545] {dag.py:3096} INFO - Sync 1 DAGs
[2024-06-18T14:12:18.605+0545] {logging_mixin.py:188} INFO - [2024-06-18T14:12:18.605+0545] {dag.py:3954} INFO - Setting next_dagrun for example_weekday_branch_operator to 2024-06-17 00:00:00+00:00, run_after=2024-06-18 00:00:00+00:00
[2024-06-18T14:12:18.629+0545] {processor.py:183} INFO - Processing /home/prabal/afenv/lib/python3.10/site-packages/airflow/example_dags/example_branch_day_of_week_operator.py took 0.116 seconds
[2024-06-18T14:13:34.331+0545] {processor.py:161} INFO - Started process (PID=23135) to work on /home/prabal/afenv/lib/python3.10/site-packages/airflow/example_dags/example_branch_day_of_week_operator.py
[2024-06-18T14:13:34.345+0545] {processor.py:830} INFO - Processing file /home/prabal/afenv/lib/python3.10/site-packages/airflow/example_dags/example_branch_day_of_week_operator.py for tasks to queue
[2024-06-18T14:13:34.348+0545] {logging_mixin.py:188} INFO - [2024-06-18T14:13:34.347+0545] {dagbag.py:545} INFO - Filling up the DagBag from /home/prabal/afenv/lib/python3.10/site-packages/airflow/example_dags/example_branch_day_of_week_operator.py
[2024-06-18T14:13:34.368+0545] {processor.py:840} INFO - DAG(s) 'example_weekday_branch_operator' retrieved from /home/prabal/afenv/lib/python3.10/site-packages/airflow/example_dags/example_branch_day_of_week_operator.py
[2024-06-18T14:13:34.394+0545] {logging_mixin.py:188} INFO - [2024-06-18T14:13:34.394+0545] {dag.py:3096} INFO - Sync 1 DAGs
[2024-06-18T14:13:34.421+0545] {logging_mixin.py:188} INFO - [2024-06-18T14:13:34.420+0545] {dag.py:3954} INFO - Setting next_dagrun for example_weekday_branch_operator to 2024-06-17 00:00:00+00:00, run_after=2024-06-18 00:00:00+00:00
[2024-06-18T14:13:34.446+0545] {processor.py:183} INFO - Processing /home/prabal/afenv/lib/python3.10/site-packages/airflow/example_dags/example_branch_day_of_week_operator.py took 0.128 seconds
[2024-06-18T14:14:26.381+0545] {processor.py:161} INFO - Started process (PID=23387) to work on /home/prabal/afenv/lib/python3.10/site-packages/airflow/example_dags/example_branch_day_of_week_operator.py
[2024-06-18T14:14:26.394+0545] {processor.py:830} INFO - Processing file /home/prabal/afenv/lib/python3.10/site-packages/airflow/example_dags/example_branch_day_of_week_operator.py for tasks to queue
[2024-06-18T14:14:26.397+0545] {logging_mixin.py:188} INFO - [2024-06-18T14:14:26.396+0545] {dagbag.py:545} INFO - Filling up the DagBag from /home/prabal/afenv/lib/python3.10/site-packages/airflow/example_dags/example_branch_day_of_week_operator.py
[2024-06-18T14:14:26.412+0545] {processor.py:840} INFO - DAG(s) 'example_weekday_branch_operator' retrieved from /home/prabal/afenv/lib/python3.10/site-packages/airflow/example_dags/example_branch_day_of_week_operator.py
[2024-06-18T14:14:26.426+0545] {logging_mixin.py:188} INFO - [2024-06-18T14:14:26.425+0545] {dag.py:3096} INFO - Sync 1 DAGs
[2024-06-18T14:14:26.442+0545] {logging_mixin.py:188} INFO - [2024-06-18T14:14:26.442+0545] {dag.py:3954} INFO - Setting next_dagrun for example_weekday_branch_operator to 2024-06-17 00:00:00+00:00, run_after=2024-06-18 00:00:00+00:00
[2024-06-18T14:14:26.471+0545] {processor.py:183} INFO - Processing /home/prabal/afenv/lib/python3.10/site-packages/airflow/example_dags/example_branch_day_of_week_operator.py took 0.104 seconds
[2024-06-18T14:15:57.632+0545] {processor.py:161} INFO - Started process (PID=23851) to work on /home/prabal/afenv/lib/python3.10/site-packages/airflow/example_dags/example_branch_day_of_week_operator.py
[2024-06-18T14:15:57.636+0545] {processor.py:830} INFO - Processing file /home/prabal/afenv/lib/python3.10/site-packages/airflow/example_dags/example_branch_day_of_week_operator.py for tasks to queue
[2024-06-18T14:15:57.639+0545] {logging_mixin.py:188} INFO - [2024-06-18T14:15:57.639+0545] {dagbag.py:545} INFO - Filling up the DagBag from /home/prabal/afenv/lib/python3.10/site-packages/airflow/example_dags/example_branch_day_of_week_operator.py
[2024-06-18T14:15:57.658+0545] {processor.py:840} INFO - DAG(s) 'example_weekday_branch_operator' retrieved from /home/prabal/afenv/lib/python3.10/site-packages/airflow/example_dags/example_branch_day_of_week_operator.py
[2024-06-18T14:15:57.683+0545] {logging_mixin.py:188} INFO - [2024-06-18T14:15:57.682+0545] {dag.py:3096} INFO - Sync 1 DAGs
[2024-06-18T14:15:57.702+0545] {logging_mixin.py:188} INFO - [2024-06-18T14:15:57.702+0545] {dag.py:3954} INFO - Setting next_dagrun for example_weekday_branch_operator to 2024-06-17 00:00:00+00:00, run_after=2024-06-18 00:00:00+00:00
[2024-06-18T14:15:57.727+0545] {processor.py:183} INFO - Processing /home/prabal/afenv/lib/python3.10/site-packages/airflow/example_dags/example_branch_day_of_week_operator.py took 0.110 seconds
[2024-06-18T14:16:55.240+0545] {processor.py:161} INFO - Started process (PID=24126) to work on /home/prabal/afenv/lib/python3.10/site-packages/airflow/example_dags/example_branch_day_of_week_operator.py
[2024-06-18T14:16:55.254+0545] {processor.py:830} INFO - Processing file /home/prabal/afenv/lib/python3.10/site-packages/airflow/example_dags/example_branch_day_of_week_operator.py for tasks to queue
[2024-06-18T14:16:55.257+0545] {logging_mixin.py:188} INFO - [2024-06-18T14:16:55.256+0545] {dagbag.py:545} INFO - Filling up the DagBag from /home/prabal/afenv/lib/python3.10/site-packages/airflow/example_dags/example_branch_day_of_week_operator.py
[2024-06-18T14:16:55.275+0545] {processor.py:840} INFO - DAG(s) 'example_weekday_branch_operator' retrieved from /home/prabal/afenv/lib/python3.10/site-packages/airflow/example_dags/example_branch_day_of_week_operator.py
[2024-06-18T14:16:55.306+0545] {logging_mixin.py:188} INFO - [2024-06-18T14:16:55.306+0545] {dag.py:3096} INFO - Sync 1 DAGs
[2024-06-18T14:16:55.333+0545] {logging_mixin.py:188} INFO - [2024-06-18T14:16:55.332+0545] {dag.py:3954} INFO - Setting next_dagrun for example_weekday_branch_operator to 2024-06-17 00:00:00+00:00, run_after=2024-06-18 00:00:00+00:00
[2024-06-18T14:16:55.351+0545] {processor.py:183} INFO - Processing /home/prabal/afenv/lib/python3.10/site-packages/airflow/example_dags/example_branch_day_of_week_operator.py took 0.125 seconds
[2024-06-18T14:17:49.542+0545] {processor.py:161} INFO - Started process (PID=24389) to work on /home/prabal/afenv/lib/python3.10/site-packages/airflow/example_dags/example_branch_day_of_week_operator.py
[2024-06-18T14:17:49.555+0545] {processor.py:830} INFO - Processing file /home/prabal/afenv/lib/python3.10/site-packages/airflow/example_dags/example_branch_day_of_week_operator.py for tasks to queue
[2024-06-18T14:17:49.557+0545] {logging_mixin.py:188} INFO - [2024-06-18T14:17:49.557+0545] {dagbag.py:545} INFO - Filling up the DagBag from /home/prabal/afenv/lib/python3.10/site-packages/airflow/example_dags/example_branch_day_of_week_operator.py
[2024-06-18T14:17:49.568+0545] {processor.py:840} INFO - DAG(s) 'example_weekday_branch_operator' retrieved from /home/prabal/afenv/lib/python3.10/site-packages/airflow/example_dags/example_branch_day_of_week_operator.py
[2024-06-18T14:17:49.585+0545] {logging_mixin.py:188} INFO - [2024-06-18T14:17:49.585+0545] {dag.py:3096} INFO - Sync 1 DAGs
[2024-06-18T14:17:49.608+0545] {logging_mixin.py:188} INFO - [2024-06-18T14:17:49.608+0545] {dag.py:3954} INFO - Setting next_dagrun for example_weekday_branch_operator to 2024-06-17 00:00:00+00:00, run_after=2024-06-18 00:00:00+00:00
[2024-06-18T14:17:49.631+0545] {processor.py:183} INFO - Processing /home/prabal/afenv/lib/python3.10/site-packages/airflow/example_dags/example_branch_day_of_week_operator.py took 0.104 seconds
[2024-06-18T14:18:45.159+0545] {processor.py:161} INFO - Started process (PID=24656) to work on /home/prabal/afenv/lib/python3.10/site-packages/airflow/example_dags/example_branch_day_of_week_operator.py
[2024-06-18T14:18:45.171+0545] {processor.py:830} INFO - Processing file /home/prabal/afenv/lib/python3.10/site-packages/airflow/example_dags/example_branch_day_of_week_operator.py for tasks to queue
[2024-06-18T14:18:45.175+0545] {logging_mixin.py:188} INFO - [2024-06-18T14:18:45.174+0545] {dagbag.py:545} INFO - Filling up the DagBag from /home/prabal/afenv/lib/python3.10/site-packages/airflow/example_dags/example_branch_day_of_week_operator.py
[2024-06-18T14:18:45.190+0545] {processor.py:840} INFO - DAG(s) 'example_weekday_branch_operator' retrieved from /home/prabal/afenv/lib/python3.10/site-packages/airflow/example_dags/example_branch_day_of_week_operator.py
[2024-06-18T14:18:45.208+0545] {logging_mixin.py:188} INFO - [2024-06-18T14:18:45.208+0545] {dag.py:3096} INFO - Sync 1 DAGs
[2024-06-18T14:18:45.224+0545] {logging_mixin.py:188} INFO - [2024-06-18T14:18:45.223+0545] {dag.py:3954} INFO - Setting next_dagrun for example_weekday_branch_operator to 2024-06-17 00:00:00+00:00, run_after=2024-06-18 00:00:00+00:00
[2024-06-18T14:18:45.250+0545] {processor.py:183} INFO - Processing /home/prabal/afenv/lib/python3.10/site-packages/airflow/example_dags/example_branch_day_of_week_operator.py took 0.109 seconds
[2024-06-18T14:19:40.378+0545] {processor.py:161} INFO - Started process (PID=24919) to work on /home/prabal/afenv/lib/python3.10/site-packages/airflow/example_dags/example_branch_day_of_week_operator.py
[2024-06-18T14:19:40.390+0545] {processor.py:830} INFO - Processing file /home/prabal/afenv/lib/python3.10/site-packages/airflow/example_dags/example_branch_day_of_week_operator.py for tasks to queue
[2024-06-18T14:19:40.394+0545] {logging_mixin.py:188} INFO - [2024-06-18T14:19:40.393+0545] {dagbag.py:545} INFO - Filling up the DagBag from /home/prabal/afenv/lib/python3.10/site-packages/airflow/example_dags/example_branch_day_of_week_operator.py
[2024-06-18T14:19:40.408+0545] {processor.py:840} INFO - DAG(s) 'example_weekday_branch_operator' retrieved from /home/prabal/afenv/lib/python3.10/site-packages/airflow/example_dags/example_branch_day_of_week_operator.py
[2024-06-18T14:19:40.425+0545] {logging_mixin.py:188} INFO - [2024-06-18T14:19:40.425+0545] {dag.py:3096} INFO - Sync 1 DAGs
[2024-06-18T14:19:40.443+0545] {logging_mixin.py:188} INFO - [2024-06-18T14:19:40.443+0545] {dag.py:3954} INFO - Setting next_dagrun for example_weekday_branch_operator to 2024-06-17 00:00:00+00:00, run_after=2024-06-18 00:00:00+00:00
[2024-06-18T14:19:40.464+0545] {processor.py:183} INFO - Processing /home/prabal/afenv/lib/python3.10/site-packages/airflow/example_dags/example_branch_day_of_week_operator.py took 0.102 seconds
[2024-06-18T14:20:33.089+0545] {processor.py:161} INFO - Started process (PID=25173) to work on /home/prabal/afenv/lib/python3.10/site-packages/airflow/example_dags/example_branch_day_of_week_operator.py
[2024-06-18T14:20:33.103+0545] {processor.py:830} INFO - Processing file /home/prabal/afenv/lib/python3.10/site-packages/airflow/example_dags/example_branch_day_of_week_operator.py for tasks to queue
[2024-06-18T14:20:33.106+0545] {logging_mixin.py:188} INFO - [2024-06-18T14:20:33.105+0545] {dagbag.py:545} INFO - Filling up the DagBag from /home/prabal/afenv/lib/python3.10/site-packages/airflow/example_dags/example_branch_day_of_week_operator.py
[2024-06-18T14:20:33.125+0545] {processor.py:840} INFO - DAG(s) 'example_weekday_branch_operator' retrieved from /home/prabal/afenv/lib/python3.10/site-packages/airflow/example_dags/example_branch_day_of_week_operator.py
[2024-06-18T14:20:33.162+0545] {logging_mixin.py:188} INFO - [2024-06-18T14:20:33.161+0545] {dag.py:3096} INFO - Sync 1 DAGs
[2024-06-18T14:20:33.199+0545] {logging_mixin.py:188} INFO - [2024-06-18T14:20:33.198+0545] {dag.py:3954} INFO - Setting next_dagrun for example_weekday_branch_operator to 2024-06-17 00:00:00+00:00, run_after=2024-06-18 00:00:00+00:00
[2024-06-18T14:20:33.249+0545] {processor.py:183} INFO - Processing /home/prabal/afenv/lib/python3.10/site-packages/airflow/example_dags/example_branch_day_of_week_operator.py took 0.174 seconds
[2024-06-18T14:21:53.546+0545] {processor.py:161} INFO - Started process (PID=25558) to work on /home/prabal/afenv/lib/python3.10/site-packages/airflow/example_dags/example_branch_day_of_week_operator.py
[2024-06-18T14:21:53.559+0545] {processor.py:830} INFO - Processing file /home/prabal/afenv/lib/python3.10/site-packages/airflow/example_dags/example_branch_day_of_week_operator.py for tasks to queue
[2024-06-18T14:21:53.562+0545] {logging_mixin.py:188} INFO - [2024-06-18T14:21:53.561+0545] {dagbag.py:545} INFO - Filling up the DagBag from /home/prabal/afenv/lib/python3.10/site-packages/airflow/example_dags/example_branch_day_of_week_operator.py
[2024-06-18T14:21:53.575+0545] {processor.py:840} INFO - DAG(s) 'example_weekday_branch_operator' retrieved from /home/prabal/afenv/lib/python3.10/site-packages/airflow/example_dags/example_branch_day_of_week_operator.py
[2024-06-18T14:21:53.594+0545] {logging_mixin.py:188} INFO - [2024-06-18T14:21:53.594+0545] {dag.py:3096} INFO - Sync 1 DAGs
[2024-06-18T14:21:53.613+0545] {logging_mixin.py:188} INFO - [2024-06-18T14:21:53.613+0545] {dag.py:3954} INFO - Setting next_dagrun for example_weekday_branch_operator to 2024-06-17 00:00:00+00:00, run_after=2024-06-18 00:00:00+00:00
[2024-06-18T14:21:53.632+0545] {processor.py:183} INFO - Processing /home/prabal/afenv/lib/python3.10/site-packages/airflow/example_dags/example_branch_day_of_week_operator.py took 0.099 seconds
[2024-06-18T14:22:49.429+0545] {processor.py:161} INFO - Started process (PID=25828) to work on /home/prabal/afenv/lib/python3.10/site-packages/airflow/example_dags/example_branch_day_of_week_operator.py
[2024-06-18T14:22:49.441+0545] {processor.py:830} INFO - Processing file /home/prabal/afenv/lib/python3.10/site-packages/airflow/example_dags/example_branch_day_of_week_operator.py for tasks to queue
[2024-06-18T14:22:49.444+0545] {logging_mixin.py:188} INFO - [2024-06-18T14:22:49.443+0545] {dagbag.py:545} INFO - Filling up the DagBag from /home/prabal/afenv/lib/python3.10/site-packages/airflow/example_dags/example_branch_day_of_week_operator.py
[2024-06-18T14:22:49.452+0545] {processor.py:840} INFO - DAG(s) 'example_weekday_branch_operator' retrieved from /home/prabal/afenv/lib/python3.10/site-packages/airflow/example_dags/example_branch_day_of_week_operator.py
[2024-06-18T14:22:49.465+0545] {logging_mixin.py:188} INFO - [2024-06-18T14:22:49.465+0545] {dag.py:3096} INFO - Sync 1 DAGs
[2024-06-18T14:22:49.487+0545] {logging_mixin.py:188} INFO - [2024-06-18T14:22:49.486+0545] {dag.py:3954} INFO - Setting next_dagrun for example_weekday_branch_operator to 2024-06-17 00:00:00+00:00, run_after=2024-06-18 00:00:00+00:00
[2024-06-18T14:22:49.526+0545] {processor.py:183} INFO - Processing /home/prabal/afenv/lib/python3.10/site-packages/airflow/example_dags/example_branch_day_of_week_operator.py took 0.111 seconds
[2024-06-18T14:24:06.501+0545] {processor.py:161} INFO - Started process (PID=26204) to work on /home/prabal/afenv/lib/python3.10/site-packages/airflow/example_dags/example_branch_day_of_week_operator.py
[2024-06-18T14:24:06.514+0545] {processor.py:830} INFO - Processing file /home/prabal/afenv/lib/python3.10/site-packages/airflow/example_dags/example_branch_day_of_week_operator.py for tasks to queue
[2024-06-18T14:24:06.516+0545] {logging_mixin.py:188} INFO - [2024-06-18T14:24:06.516+0545] {dagbag.py:545} INFO - Filling up the DagBag from /home/prabal/afenv/lib/python3.10/site-packages/airflow/example_dags/example_branch_day_of_week_operator.py
[2024-06-18T14:24:06.525+0545] {processor.py:840} INFO - DAG(s) 'example_weekday_branch_operator' retrieved from /home/prabal/afenv/lib/python3.10/site-packages/airflow/example_dags/example_branch_day_of_week_operator.py
[2024-06-18T14:24:06.549+0545] {logging_mixin.py:188} INFO - [2024-06-18T14:24:06.548+0545] {dag.py:3096} INFO - Sync 1 DAGs
[2024-06-18T14:24:06.574+0545] {logging_mixin.py:188} INFO - [2024-06-18T14:24:06.574+0545] {dag.py:3954} INFO - Setting next_dagrun for example_weekday_branch_operator to 2024-06-17 00:00:00+00:00, run_after=2024-06-18 00:00:00+00:00
[2024-06-18T14:24:06.595+0545] {processor.py:183} INFO - Processing /home/prabal/afenv/lib/python3.10/site-packages/airflow/example_dags/example_branch_day_of_week_operator.py took 0.101 seconds
[2024-06-18T17:17:04.722+0545] {processor.py:161} INFO - Started process (PID=4505) to work on /home/prabal/afenv/lib/python3.10/site-packages/airflow/example_dags/example_branch_day_of_week_operator.py
[2024-06-18T17:17:04.725+0545] {processor.py:830} INFO - Processing file /home/prabal/afenv/lib/python3.10/site-packages/airflow/example_dags/example_branch_day_of_week_operator.py for tasks to queue
[2024-06-18T17:17:04.727+0545] {logging_mixin.py:188} INFO - [2024-06-18T17:17:04.726+0545] {dagbag.py:545} INFO - Filling up the DagBag from /home/prabal/afenv/lib/python3.10/site-packages/airflow/example_dags/example_branch_day_of_week_operator.py
[2024-06-18T17:17:04.740+0545] {processor.py:840} INFO - DAG(s) 'example_weekday_branch_operator' retrieved from /home/prabal/afenv/lib/python3.10/site-packages/airflow/example_dags/example_branch_day_of_week_operator.py
[2024-06-18T17:17:04.827+0545] {logging_mixin.py:188} INFO - [2024-06-18T17:17:04.827+0545] {dag.py:3096} INFO - Sync 1 DAGs
[2024-06-18T17:17:04.917+0545] {logging_mixin.py:188} INFO - [2024-06-18T17:17:04.917+0545] {dag.py:3954} INFO - Setting next_dagrun for example_weekday_branch_operator to 2024-06-17 00:00:00+00:00, run_after=2024-06-18 00:00:00+00:00
[2024-06-18T17:17:04.935+0545] {processor.py:183} INFO - Processing /home/prabal/afenv/lib/python3.10/site-packages/airflow/example_dags/example_branch_day_of_week_operator.py took 0.224 seconds
[2024-06-18T17:18:08.857+0545] {processor.py:161} INFO - Started process (PID=4864) to work on /home/prabal/afenv/lib/python3.10/site-packages/airflow/example_dags/example_branch_day_of_week_operator.py
[2024-06-18T17:18:08.870+0545] {processor.py:830} INFO - Processing file /home/prabal/afenv/lib/python3.10/site-packages/airflow/example_dags/example_branch_day_of_week_operator.py for tasks to queue
[2024-06-18T17:18:08.872+0545] {logging_mixin.py:188} INFO - [2024-06-18T17:18:08.871+0545] {dagbag.py:545} INFO - Filling up the DagBag from /home/prabal/afenv/lib/python3.10/site-packages/airflow/example_dags/example_branch_day_of_week_operator.py
[2024-06-18T17:18:08.886+0545] {processor.py:840} INFO - DAG(s) 'example_weekday_branch_operator' retrieved from /home/prabal/afenv/lib/python3.10/site-packages/airflow/example_dags/example_branch_day_of_week_operator.py
[2024-06-18T17:18:08.915+0545] {logging_mixin.py:188} INFO - [2024-06-18T17:18:08.915+0545] {dag.py:3096} INFO - Sync 1 DAGs
[2024-06-18T17:18:08.950+0545] {logging_mixin.py:188} INFO - [2024-06-18T17:18:08.949+0545] {dag.py:3954} INFO - Setting next_dagrun for example_weekday_branch_operator to 2024-06-17 00:00:00+00:00, run_after=2024-06-18 00:00:00+00:00
[2024-06-18T17:18:09.093+0545] {processor.py:183} INFO - Processing /home/prabal/afenv/lib/python3.10/site-packages/airflow/example_dags/example_branch_day_of_week_operator.py took 0.247 seconds
[2024-06-18T17:19:10.329+0545] {processor.py:161} INFO - Started process (PID=5526) to work on /home/prabal/afenv/lib/python3.10/site-packages/airflow/example_dags/example_branch_day_of_week_operator.py
[2024-06-18T17:19:10.342+0545] {processor.py:830} INFO - Processing file /home/prabal/afenv/lib/python3.10/site-packages/airflow/example_dags/example_branch_day_of_week_operator.py for tasks to queue
[2024-06-18T17:19:10.344+0545] {logging_mixin.py:188} INFO - [2024-06-18T17:19:10.343+0545] {dagbag.py:545} INFO - Filling up the DagBag from /home/prabal/afenv/lib/python3.10/site-packages/airflow/example_dags/example_branch_day_of_week_operator.py
[2024-06-18T17:19:10.359+0545] {processor.py:840} INFO - DAG(s) 'example_weekday_branch_operator' retrieved from /home/prabal/afenv/lib/python3.10/site-packages/airflow/example_dags/example_branch_day_of_week_operator.py
[2024-06-18T17:19:10.382+0545] {logging_mixin.py:188} INFO - [2024-06-18T17:19:10.382+0545] {dag.py:3096} INFO - Sync 1 DAGs
[2024-06-18T17:19:10.399+0545] {logging_mixin.py:188} INFO - [2024-06-18T17:19:10.398+0545] {dag.py:3954} INFO - Setting next_dagrun for example_weekday_branch_operator to 2024-06-17 00:00:00+00:00, run_after=2024-06-18 00:00:00+00:00
[2024-06-18T17:19:10.420+0545] {processor.py:183} INFO - Processing /home/prabal/afenv/lib/python3.10/site-packages/airflow/example_dags/example_branch_day_of_week_operator.py took 0.103 seconds
[2024-06-18T17:20:06.993+0545] {processor.py:161} INFO - Started process (PID=5948) to work on /home/prabal/afenv/lib/python3.10/site-packages/airflow/example_dags/example_branch_day_of_week_operator.py
[2024-06-18T17:20:07.007+0545] {processor.py:830} INFO - Processing file /home/prabal/afenv/lib/python3.10/site-packages/airflow/example_dags/example_branch_day_of_week_operator.py for tasks to queue
[2024-06-18T17:20:07.009+0545] {logging_mixin.py:188} INFO - [2024-06-18T17:20:07.008+0545] {dagbag.py:545} INFO - Filling up the DagBag from /home/prabal/afenv/lib/python3.10/site-packages/airflow/example_dags/example_branch_day_of_week_operator.py
[2024-06-18T17:20:07.025+0545] {processor.py:840} INFO - DAG(s) 'example_weekday_branch_operator' retrieved from /home/prabal/afenv/lib/python3.10/site-packages/airflow/example_dags/example_branch_day_of_week_operator.py
[2024-06-18T17:20:07.049+0545] {logging_mixin.py:188} INFO - [2024-06-18T17:20:07.049+0545] {dag.py:3096} INFO - Sync 1 DAGs
[2024-06-18T17:20:07.065+0545] {logging_mixin.py:188} INFO - [2024-06-18T17:20:07.065+0545] {dag.py:3954} INFO - Setting next_dagrun for example_weekday_branch_operator to 2024-06-17 00:00:00+00:00, run_after=2024-06-18 00:00:00+00:00
[2024-06-18T17:20:07.083+0545] {processor.py:183} INFO - Processing /home/prabal/afenv/lib/python3.10/site-packages/airflow/example_dags/example_branch_day_of_week_operator.py took 0.103 seconds
[2024-06-18T17:21:01.696+0545] {processor.py:161} INFO - Started process (PID=6630) to work on /home/prabal/afenv/lib/python3.10/site-packages/airflow/example_dags/example_branch_day_of_week_operator.py
[2024-06-18T17:21:01.709+0545] {processor.py:830} INFO - Processing file /home/prabal/afenv/lib/python3.10/site-packages/airflow/example_dags/example_branch_day_of_week_operator.py for tasks to queue
[2024-06-18T17:21:01.711+0545] {logging_mixin.py:188} INFO - [2024-06-18T17:21:01.710+0545] {dagbag.py:545} INFO - Filling up the DagBag from /home/prabal/afenv/lib/python3.10/site-packages/airflow/example_dags/example_branch_day_of_week_operator.py
[2024-06-18T17:21:01.729+0545] {processor.py:840} INFO - DAG(s) 'example_weekday_branch_operator' retrieved from /home/prabal/afenv/lib/python3.10/site-packages/airflow/example_dags/example_branch_day_of_week_operator.py
[2024-06-18T17:21:01.770+0545] {logging_mixin.py:188} INFO - [2024-06-18T17:21:01.770+0545] {dag.py:3096} INFO - Sync 1 DAGs
[2024-06-18T17:21:01.811+0545] {logging_mixin.py:188} INFO - [2024-06-18T17:21:01.810+0545] {dag.py:3954} INFO - Setting next_dagrun for example_weekday_branch_operator to 2024-06-17 00:00:00+00:00, run_after=2024-06-18 00:00:00+00:00
[2024-06-18T17:21:01.860+0545] {processor.py:183} INFO - Processing /home/prabal/afenv/lib/python3.10/site-packages/airflow/example_dags/example_branch_day_of_week_operator.py took 0.178 seconds
[2024-06-18T17:22:39.880+0545] {processor.py:161} INFO - Started process (PID=7216) to work on /home/prabal/afenv/lib/python3.10/site-packages/airflow/example_dags/example_branch_day_of_week_operator.py
[2024-06-18T17:22:39.881+0545] {processor.py:830} INFO - Processing file /home/prabal/afenv/lib/python3.10/site-packages/airflow/example_dags/example_branch_day_of_week_operator.py for tasks to queue
[2024-06-18T17:22:39.884+0545] {logging_mixin.py:188} INFO - [2024-06-18T17:22:39.883+0545] {dagbag.py:545} INFO - Filling up the DagBag from /home/prabal/afenv/lib/python3.10/site-packages/airflow/example_dags/example_branch_day_of_week_operator.py
[2024-06-18T17:22:39.895+0545] {processor.py:840} INFO - DAG(s) 'example_weekday_branch_operator' retrieved from /home/prabal/afenv/lib/python3.10/site-packages/airflow/example_dags/example_branch_day_of_week_operator.py
[2024-06-18T17:22:39.965+0545] {logging_mixin.py:188} INFO - [2024-06-18T17:22:39.965+0545] {dag.py:3096} INFO - Sync 1 DAGs
[2024-06-18T17:22:40.066+0545] {logging_mixin.py:188} INFO - [2024-06-18T17:22:40.066+0545] {dag.py:3954} INFO - Setting next_dagrun for example_weekday_branch_operator to 2024-06-17 00:00:00+00:00, run_after=2024-06-18 00:00:00+00:00
[2024-06-18T17:22:40.097+0545] {processor.py:183} INFO - Processing /home/prabal/afenv/lib/python3.10/site-packages/airflow/example_dags/example_branch_day_of_week_operator.py took 0.226 seconds
