[2024-06-18T13:42:19.161+0545] {processor.py:161} INFO - Started process (PID=14141) to work on /home/prabal/afenv/lib/python3.10/site-packages/airflow/example_dags/example_trigger_controller_dag.py
[2024-06-18T13:42:19.161+0545] {processor.py:830} INFO - Processing file /home/prabal/afenv/lib/python3.10/site-packages/airflow/example_dags/example_trigger_controller_dag.py for tasks to queue
[2024-06-18T13:42:19.163+0545] {logging_mixin.py:188} INFO - [2024-06-18T13:42:19.163+0545] {dagbag.py:545} INFO - Filling up the DagBag from /home/prabal/afenv/lib/python3.10/site-packages/airflow/example_dags/example_trigger_controller_dag.py
[2024-06-18T13:42:19.170+0545] {processor.py:840} INFO - DAG(s) 'example_trigger_controller_dag' retrieved from /home/prabal/afenv/lib/python3.10/site-packages/airflow/example_dags/example_trigger_controller_dag.py
[2024-06-18T13:42:19.273+0545] {logging_mixin.py:188} INFO - [2024-06-18T13:42:19.272+0545] {override.py:1829} INFO - Created Permission View: can read on DAG:example_trigger_controller_dag
[2024-06-18T13:42:19.289+0545] {logging_mixin.py:188} INFO - [2024-06-18T13:42:19.289+0545] {override.py:1829} INFO - Created Permission View: can edit on DAG:example_trigger_controller_dag
[2024-06-18T13:42:19.296+0545] {logging_mixin.py:188} INFO - [2024-06-18T13:42:19.295+0545] {override.py:1829} INFO - Created Permission View: can delete on DAG:example_trigger_controller_dag
[2024-06-18T13:42:19.296+0545] {logging_mixin.py:188} INFO - [2024-06-18T13:42:19.296+0545] {dag.py:3096} INFO - Sync 1 DAGs
[2024-06-18T13:42:19.305+0545] {logging_mixin.py:188} INFO - [2024-06-18T13:42:19.305+0545] {dag.py:3118} INFO - Creating ORM DAG for example_trigger_controller_dag
[2024-06-18T13:42:19.311+0545] {logging_mixin.py:188} INFO - [2024-06-18T13:42:19.311+0545] {dag.py:3954} INFO - Setting next_dagrun for example_trigger_controller_dag to 2021-01-01 00:00:00+00:00, run_after=2021-01-01 00:00:00+00:00
[2024-06-18T13:42:19.327+0545] {processor.py:183} INFO - Processing /home/prabal/afenv/lib/python3.10/site-packages/airflow/example_dags/example_trigger_controller_dag.py took 0.174 seconds
[2024-06-18T13:43:20.464+0545] {processor.py:161} INFO - Started process (PID=14432) to work on /home/prabal/afenv/lib/python3.10/site-packages/airflow/example_dags/example_trigger_controller_dag.py
[2024-06-18T13:43:20.467+0545] {processor.py:830} INFO - Processing file /home/prabal/afenv/lib/python3.10/site-packages/airflow/example_dags/example_trigger_controller_dag.py for tasks to queue
[2024-06-18T13:43:20.470+0545] {logging_mixin.py:188} INFO - [2024-06-18T13:43:20.470+0545] {dagbag.py:545} INFO - Filling up the DagBag from /home/prabal/afenv/lib/python3.10/site-packages/airflow/example_dags/example_trigger_controller_dag.py
[2024-06-18T13:43:20.482+0545] {processor.py:840} INFO - DAG(s) 'example_trigger_controller_dag' retrieved from /home/prabal/afenv/lib/python3.10/site-packages/airflow/example_dags/example_trigger_controller_dag.py
[2024-06-18T13:43:20.505+0545] {logging_mixin.py:188} INFO - [2024-06-18T13:43:20.505+0545] {dag.py:3096} INFO - Sync 1 DAGs
[2024-06-18T13:43:20.533+0545] {logging_mixin.py:188} INFO - [2024-06-18T13:43:20.533+0545] {dag.py:3954} INFO - Setting next_dagrun for example_trigger_controller_dag to 2021-01-01 00:00:00+00:00, run_after=2021-01-01 00:00:00+00:00
[2024-06-18T13:43:20.560+0545] {processor.py:183} INFO - Processing /home/prabal/afenv/lib/python3.10/site-packages/airflow/example_dags/example_trigger_controller_dag.py took 0.109 seconds
[2024-06-18T13:44:18.550+0545] {processor.py:161} INFO - Started process (PID=14724) to work on /home/prabal/afenv/lib/python3.10/site-packages/airflow/example_dags/example_trigger_controller_dag.py
[2024-06-18T13:44:18.563+0545] {processor.py:830} INFO - Processing file /home/prabal/afenv/lib/python3.10/site-packages/airflow/example_dags/example_trigger_controller_dag.py for tasks to queue
[2024-06-18T13:44:18.566+0545] {logging_mixin.py:188} INFO - [2024-06-18T13:44:18.565+0545] {dagbag.py:545} INFO - Filling up the DagBag from /home/prabal/afenv/lib/python3.10/site-packages/airflow/example_dags/example_trigger_controller_dag.py
[2024-06-18T13:44:18.574+0545] {processor.py:840} INFO - DAG(s) 'example_trigger_controller_dag' retrieved from /home/prabal/afenv/lib/python3.10/site-packages/airflow/example_dags/example_trigger_controller_dag.py
[2024-06-18T13:44:18.591+0545] {logging_mixin.py:188} INFO - [2024-06-18T13:44:18.591+0545] {dag.py:3096} INFO - Sync 1 DAGs
[2024-06-18T13:44:18.692+0545] {logging_mixin.py:188} INFO - [2024-06-18T13:44:18.691+0545] {dag.py:3954} INFO - Setting next_dagrun for example_trigger_controller_dag to 2021-01-01 00:00:00+00:00, run_after=2021-01-01 00:00:00+00:00
[2024-06-18T13:44:18.718+0545] {processor.py:183} INFO - Processing /home/prabal/afenv/lib/python3.10/site-packages/airflow/example_dags/example_trigger_controller_dag.py took 0.179 seconds
[2024-06-18T13:45:21.040+0545] {processor.py:161} INFO - Started process (PID=15023) to work on /home/prabal/afenv/lib/python3.10/site-packages/airflow/example_dags/example_trigger_controller_dag.py
[2024-06-18T13:45:21.042+0545] {processor.py:830} INFO - Processing file /home/prabal/afenv/lib/python3.10/site-packages/airflow/example_dags/example_trigger_controller_dag.py for tasks to queue
[2024-06-18T13:45:21.046+0545] {logging_mixin.py:188} INFO - [2024-06-18T13:45:21.046+0545] {dagbag.py:545} INFO - Filling up the DagBag from /home/prabal/afenv/lib/python3.10/site-packages/airflow/example_dags/example_trigger_controller_dag.py
[2024-06-18T13:45:21.061+0545] {processor.py:840} INFO - DAG(s) 'example_trigger_controller_dag' retrieved from /home/prabal/afenv/lib/python3.10/site-packages/airflow/example_dags/example_trigger_controller_dag.py
[2024-06-18T13:45:21.091+0545] {logging_mixin.py:188} INFO - [2024-06-18T13:45:21.091+0545] {dag.py:3096} INFO - Sync 1 DAGs
[2024-06-18T13:45:21.131+0545] {logging_mixin.py:188} INFO - [2024-06-18T13:45:21.130+0545] {dag.py:3954} INFO - Setting next_dagrun for example_trigger_controller_dag to 2021-01-01 00:00:00+00:00, run_after=2021-01-01 00:00:00+00:00
[2024-06-18T13:45:21.177+0545] {processor.py:183} INFO - Processing /home/prabal/afenv/lib/python3.10/site-packages/airflow/example_dags/example_trigger_controller_dag.py took 0.156 seconds
[2024-06-18T13:46:13.304+0545] {processor.py:161} INFO - Started process (PID=15274) to work on /home/prabal/afenv/lib/python3.10/site-packages/airflow/example_dags/example_trigger_controller_dag.py
[2024-06-18T13:46:13.317+0545] {processor.py:830} INFO - Processing file /home/prabal/afenv/lib/python3.10/site-packages/airflow/example_dags/example_trigger_controller_dag.py for tasks to queue
[2024-06-18T13:46:13.321+0545] {logging_mixin.py:188} INFO - [2024-06-18T13:46:13.320+0545] {dagbag.py:545} INFO - Filling up the DagBag from /home/prabal/afenv/lib/python3.10/site-packages/airflow/example_dags/example_trigger_controller_dag.py
[2024-06-18T13:46:13.333+0545] {processor.py:840} INFO - DAG(s) 'example_trigger_controller_dag' retrieved from /home/prabal/afenv/lib/python3.10/site-packages/airflow/example_dags/example_trigger_controller_dag.py
[2024-06-18T13:46:13.367+0545] {logging_mixin.py:188} INFO - [2024-06-18T13:46:13.367+0545] {dag.py:3096} INFO - Sync 1 DAGs
[2024-06-18T13:46:13.393+0545] {logging_mixin.py:188} INFO - [2024-06-18T13:46:13.392+0545] {dag.py:3954} INFO - Setting next_dagrun for example_trigger_controller_dag to 2021-01-01 00:00:00+00:00, run_after=2021-01-01 00:00:00+00:00
[2024-06-18T13:46:13.413+0545] {processor.py:183} INFO - Processing /home/prabal/afenv/lib/python3.10/site-packages/airflow/example_dags/example_trigger_controller_dag.py took 0.123 seconds
[2024-06-18T13:47:05.175+0545] {processor.py:161} INFO - Started process (PID=15526) to work on /home/prabal/afenv/lib/python3.10/site-packages/airflow/example_dags/example_trigger_controller_dag.py
[2024-06-18T13:47:05.177+0545] {processor.py:830} INFO - Processing file /home/prabal/afenv/lib/python3.10/site-packages/airflow/example_dags/example_trigger_controller_dag.py for tasks to queue
[2024-06-18T13:47:05.179+0545] {logging_mixin.py:188} INFO - [2024-06-18T13:47:05.179+0545] {dagbag.py:545} INFO - Filling up the DagBag from /home/prabal/afenv/lib/python3.10/site-packages/airflow/example_dags/example_trigger_controller_dag.py
[2024-06-18T13:47:05.189+0545] {processor.py:840} INFO - DAG(s) 'example_trigger_controller_dag' retrieved from /home/prabal/afenv/lib/python3.10/site-packages/airflow/example_dags/example_trigger_controller_dag.py
[2024-06-18T13:47:05.222+0545] {logging_mixin.py:188} INFO - [2024-06-18T13:47:05.221+0545] {dag.py:3096} INFO - Sync 1 DAGs
[2024-06-18T13:47:05.245+0545] {logging_mixin.py:188} INFO - [2024-06-18T13:47:05.244+0545] {dag.py:3954} INFO - Setting next_dagrun for example_trigger_controller_dag to 2021-01-01 00:00:00+00:00, run_after=2021-01-01 00:00:00+00:00
[2024-06-18T13:47:05.266+0545] {processor.py:183} INFO - Processing /home/prabal/afenv/lib/python3.10/site-packages/airflow/example_dags/example_trigger_controller_dag.py took 0.107 seconds
[2024-06-18T13:47:55.542+0545] {processor.py:161} INFO - Started process (PID=15771) to work on /home/prabal/afenv/lib/python3.10/site-packages/airflow/example_dags/example_trigger_controller_dag.py
[2024-06-18T13:47:55.555+0545] {processor.py:830} INFO - Processing file /home/prabal/afenv/lib/python3.10/site-packages/airflow/example_dags/example_trigger_controller_dag.py for tasks to queue
[2024-06-18T13:47:55.559+0545] {logging_mixin.py:188} INFO - [2024-06-18T13:47:55.558+0545] {dagbag.py:545} INFO - Filling up the DagBag from /home/prabal/afenv/lib/python3.10/site-packages/airflow/example_dags/example_trigger_controller_dag.py
[2024-06-18T13:47:55.572+0545] {processor.py:840} INFO - DAG(s) 'example_trigger_controller_dag' retrieved from /home/prabal/afenv/lib/python3.10/site-packages/airflow/example_dags/example_trigger_controller_dag.py
[2024-06-18T13:47:55.591+0545] {logging_mixin.py:188} INFO - [2024-06-18T13:47:55.591+0545] {dag.py:3096} INFO - Sync 1 DAGs
[2024-06-18T13:47:55.614+0545] {logging_mixin.py:188} INFO - [2024-06-18T13:47:55.613+0545] {dag.py:3954} INFO - Setting next_dagrun for example_trigger_controller_dag to 2021-01-01 00:00:00+00:00, run_after=2021-01-01 00:00:00+00:00
[2024-06-18T13:47:55.631+0545] {processor.py:183} INFO - Processing /home/prabal/afenv/lib/python3.10/site-packages/airflow/example_dags/example_trigger_controller_dag.py took 0.104 seconds
[2024-06-18T13:48:46.780+0545] {processor.py:161} INFO - Started process (PID=16035) to work on /home/prabal/afenv/lib/python3.10/site-packages/airflow/example_dags/example_trigger_controller_dag.py
[2024-06-18T13:48:46.803+0545] {processor.py:830} INFO - Processing file /home/prabal/afenv/lib/python3.10/site-packages/airflow/example_dags/example_trigger_controller_dag.py for tasks to queue
[2024-06-18T13:48:46.806+0545] {logging_mixin.py:188} INFO - [2024-06-18T13:48:46.805+0545] {dagbag.py:545} INFO - Filling up the DagBag from /home/prabal/afenv/lib/python3.10/site-packages/airflow/example_dags/example_trigger_controller_dag.py
[2024-06-18T13:48:46.819+0545] {processor.py:840} INFO - DAG(s) 'example_trigger_controller_dag' retrieved from /home/prabal/afenv/lib/python3.10/site-packages/airflow/example_dags/example_trigger_controller_dag.py
[2024-06-18T13:48:46.847+0545] {logging_mixin.py:188} INFO - [2024-06-18T13:48:46.847+0545] {dag.py:3096} INFO - Sync 1 DAGs
[2024-06-18T13:48:46.884+0545] {logging_mixin.py:188} INFO - [2024-06-18T13:48:46.884+0545] {dag.py:3954} INFO - Setting next_dagrun for example_trigger_controller_dag to 2021-01-01 00:00:00+00:00, run_after=2021-01-01 00:00:00+00:00
[2024-06-18T13:48:46.921+0545] {processor.py:183} INFO - Processing /home/prabal/afenv/lib/python3.10/site-packages/airflow/example_dags/example_trigger_controller_dag.py took 0.155 seconds
[2024-06-18T13:49:49.882+0545] {processor.py:161} INFO - Started process (PID=16345) to work on /home/prabal/afenv/lib/python3.10/site-packages/airflow/example_dags/example_trigger_controller_dag.py
[2024-06-18T13:49:49.889+0545] {processor.py:830} INFO - Processing file /home/prabal/afenv/lib/python3.10/site-packages/airflow/example_dags/example_trigger_controller_dag.py for tasks to queue
[2024-06-18T13:49:49.892+0545] {logging_mixin.py:188} INFO - [2024-06-18T13:49:49.891+0545] {dagbag.py:545} INFO - Filling up the DagBag from /home/prabal/afenv/lib/python3.10/site-packages/airflow/example_dags/example_trigger_controller_dag.py
[2024-06-18T13:49:49.904+0545] {processor.py:840} INFO - DAG(s) 'example_trigger_controller_dag' retrieved from /home/prabal/afenv/lib/python3.10/site-packages/airflow/example_dags/example_trigger_controller_dag.py
[2024-06-18T13:49:49.936+0545] {logging_mixin.py:188} INFO - [2024-06-18T13:49:49.936+0545] {dag.py:3096} INFO - Sync 1 DAGs
[2024-06-18T13:49:49.979+0545] {logging_mixin.py:188} INFO - [2024-06-18T13:49:49.979+0545] {dag.py:3954} INFO - Setting next_dagrun for example_trigger_controller_dag to 2021-01-01 00:00:00+00:00, run_after=2021-01-01 00:00:00+00:00
[2024-06-18T13:49:50.038+0545] {processor.py:183} INFO - Processing /home/prabal/afenv/lib/python3.10/site-packages/airflow/example_dags/example_trigger_controller_dag.py took 0.169 seconds
[2024-06-18T13:51:10.747+0545] {processor.py:161} INFO - Started process (PID=16735) to work on /home/prabal/afenv/lib/python3.10/site-packages/airflow/example_dags/example_trigger_controller_dag.py
[2024-06-18T13:51:10.759+0545] {processor.py:830} INFO - Processing file /home/prabal/afenv/lib/python3.10/site-packages/airflow/example_dags/example_trigger_controller_dag.py for tasks to queue
[2024-06-18T13:51:10.761+0545] {logging_mixin.py:188} INFO - [2024-06-18T13:51:10.761+0545] {dagbag.py:545} INFO - Filling up the DagBag from /home/prabal/afenv/lib/python3.10/site-packages/airflow/example_dags/example_trigger_controller_dag.py
[2024-06-18T13:51:10.767+0545] {processor.py:840} INFO - DAG(s) 'example_trigger_controller_dag' retrieved from /home/prabal/afenv/lib/python3.10/site-packages/airflow/example_dags/example_trigger_controller_dag.py
[2024-06-18T13:51:10.784+0545] {logging_mixin.py:188} INFO - [2024-06-18T13:51:10.784+0545] {dag.py:3096} INFO - Sync 1 DAGs
[2024-06-18T13:51:10.810+0545] {logging_mixin.py:188} INFO - [2024-06-18T13:51:10.809+0545] {dag.py:3954} INFO - Setting next_dagrun for example_trigger_controller_dag to 2021-01-01 00:00:00+00:00, run_after=2021-01-01 00:00:00+00:00
[2024-06-18T13:51:10.842+0545] {processor.py:183} INFO - Processing /home/prabal/afenv/lib/python3.10/site-packages/airflow/example_dags/example_trigger_controller_dag.py took 0.107 seconds
[2024-06-18T13:52:20.727+0545] {processor.py:161} INFO - Started process (PID=17114) to work on /home/prabal/afenv/lib/python3.10/site-packages/airflow/example_dags/example_trigger_controller_dag.py
[2024-06-18T13:52:20.728+0545] {processor.py:830} INFO - Processing file /home/prabal/afenv/lib/python3.10/site-packages/airflow/example_dags/example_trigger_controller_dag.py for tasks to queue
[2024-06-18T13:52:20.730+0545] {logging_mixin.py:188} INFO - [2024-06-18T13:52:20.730+0545] {dagbag.py:545} INFO - Filling up the DagBag from /home/prabal/afenv/lib/python3.10/site-packages/airflow/example_dags/example_trigger_controller_dag.py
[2024-06-18T13:52:20.736+0545] {processor.py:840} INFO - DAG(s) 'example_trigger_controller_dag' retrieved from /home/prabal/afenv/lib/python3.10/site-packages/airflow/example_dags/example_trigger_controller_dag.py
[2024-06-18T13:52:20.762+0545] {logging_mixin.py:188} INFO - [2024-06-18T13:52:20.762+0545] {dag.py:3096} INFO - Sync 1 DAGs
[2024-06-18T13:52:20.784+0545] {logging_mixin.py:188} INFO - [2024-06-18T13:52:20.783+0545] {dag.py:3954} INFO - Setting next_dagrun for example_trigger_controller_dag to 2021-01-01 00:00:00+00:00, run_after=2021-01-01 00:00:00+00:00
[2024-06-18T13:52:20.809+0545] {processor.py:183} INFO - Processing /home/prabal/afenv/lib/python3.10/site-packages/airflow/example_dags/example_trigger_controller_dag.py took 0.090 seconds
[2024-06-18T13:53:35.347+0545] {processor.py:161} INFO - Started process (PID=17511) to work on /home/prabal/afenv/lib/python3.10/site-packages/airflow/example_dags/example_trigger_controller_dag.py
[2024-06-18T13:53:35.360+0545] {processor.py:830} INFO - Processing file /home/prabal/afenv/lib/python3.10/site-packages/airflow/example_dags/example_trigger_controller_dag.py for tasks to queue
[2024-06-18T13:53:35.364+0545] {logging_mixin.py:188} INFO - [2024-06-18T13:53:35.363+0545] {dagbag.py:545} INFO - Filling up the DagBag from /home/prabal/afenv/lib/python3.10/site-packages/airflow/example_dags/example_trigger_controller_dag.py
[2024-06-18T13:53:35.375+0545] {processor.py:840} INFO - DAG(s) 'example_trigger_controller_dag' retrieved from /home/prabal/afenv/lib/python3.10/site-packages/airflow/example_dags/example_trigger_controller_dag.py
[2024-06-18T13:53:35.403+0545] {logging_mixin.py:188} INFO - [2024-06-18T13:53:35.402+0545] {dag.py:3096} INFO - Sync 1 DAGs
[2024-06-18T13:53:35.436+0545] {logging_mixin.py:188} INFO - [2024-06-18T13:53:35.436+0545] {dag.py:3954} INFO - Setting next_dagrun for example_trigger_controller_dag to 2021-01-01 00:00:00+00:00, run_after=2021-01-01 00:00:00+00:00
[2024-06-18T13:53:35.456+0545] {processor.py:183} INFO - Processing /home/prabal/afenv/lib/python3.10/site-packages/airflow/example_dags/example_trigger_controller_dag.py took 0.123 seconds
[2024-06-18T13:54:28.896+0545] {processor.py:161} INFO - Started process (PID=17770) to work on /home/prabal/afenv/lib/python3.10/site-packages/airflow/example_dags/example_trigger_controller_dag.py
[2024-06-18T13:54:28.902+0545] {processor.py:830} INFO - Processing file /home/prabal/afenv/lib/python3.10/site-packages/airflow/example_dags/example_trigger_controller_dag.py for tasks to queue
[2024-06-18T13:54:28.903+0545] {logging_mixin.py:188} INFO - [2024-06-18T13:54:28.903+0545] {dagbag.py:545} INFO - Filling up the DagBag from /home/prabal/afenv/lib/python3.10/site-packages/airflow/example_dags/example_trigger_controller_dag.py
[2024-06-18T13:54:28.908+0545] {processor.py:840} INFO - DAG(s) 'example_trigger_controller_dag' retrieved from /home/prabal/afenv/lib/python3.10/site-packages/airflow/example_dags/example_trigger_controller_dag.py
[2024-06-18T13:54:28.922+0545] {logging_mixin.py:188} INFO - [2024-06-18T13:54:28.921+0545] {dag.py:3096} INFO - Sync 1 DAGs
[2024-06-18T13:54:28.940+0545] {logging_mixin.py:188} INFO - [2024-06-18T13:54:28.940+0545] {dag.py:3954} INFO - Setting next_dagrun for example_trigger_controller_dag to 2021-01-01 00:00:00+00:00, run_after=2021-01-01 00:00:00+00:00
[2024-06-18T13:54:28.965+0545] {processor.py:183} INFO - Processing /home/prabal/afenv/lib/python3.10/site-packages/airflow/example_dags/example_trigger_controller_dag.py took 0.074 seconds
[2024-06-18T13:55:31.504+0545] {processor.py:161} INFO - Started process (PID=18097) to work on /home/prabal/afenv/lib/python3.10/site-packages/airflow/example_dags/example_trigger_controller_dag.py
[2024-06-18T13:55:31.517+0545] {processor.py:830} INFO - Processing file /home/prabal/afenv/lib/python3.10/site-packages/airflow/example_dags/example_trigger_controller_dag.py for tasks to queue
[2024-06-18T13:55:31.519+0545] {logging_mixin.py:188} INFO - [2024-06-18T13:55:31.519+0545] {dagbag.py:545} INFO - Filling up the DagBag from /home/prabal/afenv/lib/python3.10/site-packages/airflow/example_dags/example_trigger_controller_dag.py
[2024-06-18T13:55:31.526+0545] {processor.py:840} INFO - DAG(s) 'example_trigger_controller_dag' retrieved from /home/prabal/afenv/lib/python3.10/site-packages/airflow/example_dags/example_trigger_controller_dag.py
[2024-06-18T13:55:31.540+0545] {logging_mixin.py:188} INFO - [2024-06-18T13:55:31.540+0545] {dag.py:3096} INFO - Sync 1 DAGs
[2024-06-18T13:55:31.557+0545] {logging_mixin.py:188} INFO - [2024-06-18T13:55:31.557+0545] {dag.py:3954} INFO - Setting next_dagrun for example_trigger_controller_dag to 2021-01-01 00:00:00+00:00, run_after=2021-01-01 00:00:00+00:00
[2024-06-18T13:55:31.587+0545] {processor.py:183} INFO - Processing /home/prabal/afenv/lib/python3.10/site-packages/airflow/example_dags/example_trigger_controller_dag.py took 0.105 seconds
[2024-06-18T13:56:27.330+0545] {processor.py:161} INFO - Started process (PID=18365) to work on /home/prabal/afenv/lib/python3.10/site-packages/airflow/example_dags/example_trigger_controller_dag.py
[2024-06-18T13:56:27.332+0545] {processor.py:830} INFO - Processing file /home/prabal/afenv/lib/python3.10/site-packages/airflow/example_dags/example_trigger_controller_dag.py for tasks to queue
[2024-06-18T13:56:27.335+0545] {logging_mixin.py:188} INFO - [2024-06-18T13:56:27.334+0545] {dagbag.py:545} INFO - Filling up the DagBag from /home/prabal/afenv/lib/python3.10/site-packages/airflow/example_dags/example_trigger_controller_dag.py
[2024-06-18T13:56:27.341+0545] {processor.py:840} INFO - DAG(s) 'example_trigger_controller_dag' retrieved from /home/prabal/afenv/lib/python3.10/site-packages/airflow/example_dags/example_trigger_controller_dag.py
[2024-06-18T13:56:27.361+0545] {logging_mixin.py:188} INFO - [2024-06-18T13:56:27.360+0545] {dag.py:3096} INFO - Sync 1 DAGs
[2024-06-18T13:56:27.385+0545] {logging_mixin.py:188} INFO - [2024-06-18T13:56:27.385+0545] {dag.py:3954} INFO - Setting next_dagrun for example_trigger_controller_dag to 2021-01-01 00:00:00+00:00, run_after=2021-01-01 00:00:00+00:00
[2024-06-18T13:56:27.409+0545] {processor.py:183} INFO - Processing /home/prabal/afenv/lib/python3.10/site-packages/airflow/example_dags/example_trigger_controller_dag.py took 0.088 seconds
[2024-06-18T13:57:16.747+0545] {processor.py:161} INFO - Started process (PID=18607) to work on /home/prabal/afenv/lib/python3.10/site-packages/airflow/example_dags/example_trigger_controller_dag.py
[2024-06-18T13:57:16.760+0545] {processor.py:830} INFO - Processing file /home/prabal/afenv/lib/python3.10/site-packages/airflow/example_dags/example_trigger_controller_dag.py for tasks to queue
[2024-06-18T13:57:16.765+0545] {logging_mixin.py:188} INFO - [2024-06-18T13:57:16.763+0545] {dagbag.py:545} INFO - Filling up the DagBag from /home/prabal/afenv/lib/python3.10/site-packages/airflow/example_dags/example_trigger_controller_dag.py
[2024-06-18T13:57:16.775+0545] {processor.py:840} INFO - DAG(s) 'example_trigger_controller_dag' retrieved from /home/prabal/afenv/lib/python3.10/site-packages/airflow/example_dags/example_trigger_controller_dag.py
[2024-06-18T13:57:16.792+0545] {logging_mixin.py:188} INFO - [2024-06-18T13:57:16.792+0545] {dag.py:3096} INFO - Sync 1 DAGs
[2024-06-18T13:57:16.809+0545] {logging_mixin.py:188} INFO - [2024-06-18T13:57:16.809+0545] {dag.py:3954} INFO - Setting next_dagrun for example_trigger_controller_dag to 2021-01-01 00:00:00+00:00, run_after=2021-01-01 00:00:00+00:00
[2024-06-18T13:57:16.830+0545] {processor.py:183} INFO - Processing /home/prabal/afenv/lib/python3.10/site-packages/airflow/example_dags/example_trigger_controller_dag.py took 0.098 seconds
[2024-06-18T14:05:17.671+0545] {processor.py:161} INFO - Started process (PID=20723) to work on /home/prabal/afenv/lib/python3.10/site-packages/airflow/example_dags/example_trigger_controller_dag.py
[2024-06-18T14:05:17.684+0545] {processor.py:830} INFO - Processing file /home/prabal/afenv/lib/python3.10/site-packages/airflow/example_dags/example_trigger_controller_dag.py for tasks to queue
[2024-06-18T14:05:17.688+0545] {logging_mixin.py:188} INFO - [2024-06-18T14:05:17.687+0545] {dagbag.py:545} INFO - Filling up the DagBag from /home/prabal/afenv/lib/python3.10/site-packages/airflow/example_dags/example_trigger_controller_dag.py
[2024-06-18T14:05:17.700+0545] {processor.py:840} INFO - DAG(s) 'example_trigger_controller_dag' retrieved from /home/prabal/afenv/lib/python3.10/site-packages/airflow/example_dags/example_trigger_controller_dag.py
[2024-06-18T14:05:17.715+0545] {logging_mixin.py:188} INFO - [2024-06-18T14:05:17.715+0545] {dag.py:3096} INFO - Sync 1 DAGs
[2024-06-18T14:05:17.731+0545] {logging_mixin.py:188} INFO - [2024-06-18T14:05:17.731+0545] {dag.py:3954} INFO - Setting next_dagrun for example_trigger_controller_dag to 2021-01-01 00:00:00+00:00, run_after=2021-01-01 00:00:00+00:00
[2024-06-18T14:05:17.759+0545] {processor.py:183} INFO - Processing /home/prabal/afenv/lib/python3.10/site-packages/airflow/example_dags/example_trigger_controller_dag.py took 0.099 seconds
[2024-06-18T14:06:15.257+0545] {processor.py:161} INFO - Started process (PID=21014) to work on /home/prabal/afenv/lib/python3.10/site-packages/airflow/example_dags/example_trigger_controller_dag.py
[2024-06-18T14:06:15.271+0545] {processor.py:830} INFO - Processing file /home/prabal/afenv/lib/python3.10/site-packages/airflow/example_dags/example_trigger_controller_dag.py for tasks to queue
[2024-06-18T14:06:15.274+0545] {logging_mixin.py:188} INFO - [2024-06-18T14:06:15.273+0545] {dagbag.py:545} INFO - Filling up the DagBag from /home/prabal/afenv/lib/python3.10/site-packages/airflow/example_dags/example_trigger_controller_dag.py
[2024-06-18T14:06:15.286+0545] {processor.py:840} INFO - DAG(s) 'example_trigger_controller_dag' retrieved from /home/prabal/afenv/lib/python3.10/site-packages/airflow/example_dags/example_trigger_controller_dag.py
[2024-06-18T14:06:15.315+0545] {logging_mixin.py:188} INFO - [2024-06-18T14:06:15.314+0545] {dag.py:3096} INFO - Sync 1 DAGs
[2024-06-18T14:06:15.354+0545] {logging_mixin.py:188} INFO - [2024-06-18T14:06:15.354+0545] {dag.py:3954} INFO - Setting next_dagrun for example_trigger_controller_dag to 2021-01-01 00:00:00+00:00, run_after=2021-01-01 00:00:00+00:00
[2024-06-18T14:06:15.377+0545] {processor.py:183} INFO - Processing /home/prabal/afenv/lib/python3.10/site-packages/airflow/example_dags/example_trigger_controller_dag.py took 0.135 seconds
[2024-06-18T14:07:13.055+0545] {processor.py:161} INFO - Started process (PID=21291) to work on /home/prabal/afenv/lib/python3.10/site-packages/airflow/example_dags/example_trigger_controller_dag.py
[2024-06-18T14:07:13.066+0545] {processor.py:830} INFO - Processing file /home/prabal/afenv/lib/python3.10/site-packages/airflow/example_dags/example_trigger_controller_dag.py for tasks to queue
[2024-06-18T14:07:13.070+0545] {logging_mixin.py:188} INFO - [2024-06-18T14:07:13.069+0545] {dagbag.py:545} INFO - Filling up the DagBag from /home/prabal/afenv/lib/python3.10/site-packages/airflow/example_dags/example_trigger_controller_dag.py
[2024-06-18T14:07:13.081+0545] {processor.py:840} INFO - DAG(s) 'example_trigger_controller_dag' retrieved from /home/prabal/afenv/lib/python3.10/site-packages/airflow/example_dags/example_trigger_controller_dag.py
[2024-06-18T14:07:13.099+0545] {logging_mixin.py:188} INFO - [2024-06-18T14:07:13.098+0545] {dag.py:3096} INFO - Sync 1 DAGs
[2024-06-18T14:07:13.194+0545] {logging_mixin.py:188} INFO - [2024-06-18T14:07:13.194+0545] {dag.py:3954} INFO - Setting next_dagrun for example_trigger_controller_dag to 2021-01-01 00:00:00+00:00, run_after=2021-01-01 00:00:00+00:00
[2024-06-18T14:07:13.211+0545] {processor.py:183} INFO - Processing /home/prabal/afenv/lib/python3.10/site-packages/airflow/example_dags/example_trigger_controller_dag.py took 0.171 seconds
[2024-06-18T14:08:09.022+0545] {processor.py:161} INFO - Started process (PID=21571) to work on /home/prabal/afenv/lib/python3.10/site-packages/airflow/example_dags/example_trigger_controller_dag.py
[2024-06-18T14:08:09.035+0545] {processor.py:830} INFO - Processing file /home/prabal/afenv/lib/python3.10/site-packages/airflow/example_dags/example_trigger_controller_dag.py for tasks to queue
[2024-06-18T14:08:09.038+0545] {logging_mixin.py:188} INFO - [2024-06-18T14:08:09.038+0545] {dagbag.py:545} INFO - Filling up the DagBag from /home/prabal/afenv/lib/python3.10/site-packages/airflow/example_dags/example_trigger_controller_dag.py
[2024-06-18T14:08:09.050+0545] {processor.py:840} INFO - DAG(s) 'example_trigger_controller_dag' retrieved from /home/prabal/afenv/lib/python3.10/site-packages/airflow/example_dags/example_trigger_controller_dag.py
[2024-06-18T14:08:09.081+0545] {logging_mixin.py:188} INFO - [2024-06-18T14:08:09.080+0545] {dag.py:3096} INFO - Sync 1 DAGs
[2024-06-18T14:08:09.116+0545] {logging_mixin.py:188} INFO - [2024-06-18T14:08:09.116+0545] {dag.py:3954} INFO - Setting next_dagrun for example_trigger_controller_dag to 2021-01-01 00:00:00+00:00, run_after=2021-01-01 00:00:00+00:00
[2024-06-18T14:08:09.154+0545] {processor.py:183} INFO - Processing /home/prabal/afenv/lib/python3.10/site-packages/airflow/example_dags/example_trigger_controller_dag.py took 0.146 seconds
[2024-06-18T14:09:03.281+0545] {processor.py:161} INFO - Started process (PID=21830) to work on /home/prabal/afenv/lib/python3.10/site-packages/airflow/example_dags/example_trigger_controller_dag.py
[2024-06-18T14:09:03.294+0545] {processor.py:830} INFO - Processing file /home/prabal/afenv/lib/python3.10/site-packages/airflow/example_dags/example_trigger_controller_dag.py for tasks to queue
[2024-06-18T14:09:03.298+0545] {logging_mixin.py:188} INFO - [2024-06-18T14:09:03.297+0545] {dagbag.py:545} INFO - Filling up the DagBag from /home/prabal/afenv/lib/python3.10/site-packages/airflow/example_dags/example_trigger_controller_dag.py
[2024-06-18T14:09:03.309+0545] {processor.py:840} INFO - DAG(s) 'example_trigger_controller_dag' retrieved from /home/prabal/afenv/lib/python3.10/site-packages/airflow/example_dags/example_trigger_controller_dag.py
[2024-06-18T14:09:03.336+0545] {logging_mixin.py:188} INFO - [2024-06-18T14:09:03.336+0545] {dag.py:3096} INFO - Sync 1 DAGs
[2024-06-18T14:09:03.356+0545] {logging_mixin.py:188} INFO - [2024-06-18T14:09:03.356+0545] {dag.py:3954} INFO - Setting next_dagrun for example_trigger_controller_dag to 2021-01-01 00:00:00+00:00, run_after=2021-01-01 00:00:00+00:00
[2024-06-18T14:09:03.376+0545] {processor.py:183} INFO - Processing /home/prabal/afenv/lib/python3.10/site-packages/airflow/example_dags/example_trigger_controller_dag.py took 0.109 seconds
[2024-06-18T14:09:57.819+0545] {processor.py:161} INFO - Started process (PID=22093) to work on /home/prabal/afenv/lib/python3.10/site-packages/airflow/example_dags/example_trigger_controller_dag.py
[2024-06-18T14:09:57.833+0545] {processor.py:830} INFO - Processing file /home/prabal/afenv/lib/python3.10/site-packages/airflow/example_dags/example_trigger_controller_dag.py for tasks to queue
[2024-06-18T14:09:57.836+0545] {logging_mixin.py:188} INFO - [2024-06-18T14:09:57.835+0545] {dagbag.py:545} INFO - Filling up the DagBag from /home/prabal/afenv/lib/python3.10/site-packages/airflow/example_dags/example_trigger_controller_dag.py
[2024-06-18T14:09:57.848+0545] {processor.py:840} INFO - DAG(s) 'example_trigger_controller_dag' retrieved from /home/prabal/afenv/lib/python3.10/site-packages/airflow/example_dags/example_trigger_controller_dag.py
[2024-06-18T14:09:57.877+0545] {logging_mixin.py:188} INFO - [2024-06-18T14:09:57.876+0545] {dag.py:3096} INFO - Sync 1 DAGs
[2024-06-18T14:09:57.898+0545] {logging_mixin.py:188} INFO - [2024-06-18T14:09:57.897+0545] {dag.py:3954} INFO - Setting next_dagrun for example_trigger_controller_dag to 2021-01-01 00:00:00+00:00, run_after=2021-01-01 00:00:00+00:00
[2024-06-18T14:09:57.933+0545] {processor.py:183} INFO - Processing /home/prabal/afenv/lib/python3.10/site-packages/airflow/example_dags/example_trigger_controller_dag.py took 0.130 seconds
[2024-06-18T14:10:52.655+0545] {processor.py:161} INFO - Started process (PID=22355) to work on /home/prabal/afenv/lib/python3.10/site-packages/airflow/example_dags/example_trigger_controller_dag.py
[2024-06-18T14:10:52.669+0545] {processor.py:830} INFO - Processing file /home/prabal/afenv/lib/python3.10/site-packages/airflow/example_dags/example_trigger_controller_dag.py for tasks to queue
[2024-06-18T14:10:52.672+0545] {logging_mixin.py:188} INFO - [2024-06-18T14:10:52.671+0545] {dagbag.py:545} INFO - Filling up the DagBag from /home/prabal/afenv/lib/python3.10/site-packages/airflow/example_dags/example_trigger_controller_dag.py
[2024-06-18T14:10:52.683+0545] {processor.py:840} INFO - DAG(s) 'example_trigger_controller_dag' retrieved from /home/prabal/afenv/lib/python3.10/site-packages/airflow/example_dags/example_trigger_controller_dag.py
[2024-06-18T14:10:52.711+0545] {logging_mixin.py:188} INFO - [2024-06-18T14:10:52.710+0545] {dag.py:3096} INFO - Sync 1 DAGs
[2024-06-18T14:10:52.729+0545] {logging_mixin.py:188} INFO - [2024-06-18T14:10:52.728+0545] {dag.py:3954} INFO - Setting next_dagrun for example_trigger_controller_dag to 2021-01-01 00:00:00+00:00, run_after=2021-01-01 00:00:00+00:00
[2024-06-18T14:10:52.748+0545] {processor.py:183} INFO - Processing /home/prabal/afenv/lib/python3.10/site-packages/airflow/example_dags/example_trigger_controller_dag.py took 0.105 seconds
[2024-06-18T14:11:44.022+0545] {processor.py:161} INFO - Started process (PID=22604) to work on /home/prabal/afenv/lib/python3.10/site-packages/airflow/example_dags/example_trigger_controller_dag.py
[2024-06-18T14:11:44.035+0545] {processor.py:830} INFO - Processing file /home/prabal/afenv/lib/python3.10/site-packages/airflow/example_dags/example_trigger_controller_dag.py for tasks to queue
[2024-06-18T14:11:44.038+0545] {logging_mixin.py:188} INFO - [2024-06-18T14:11:44.038+0545] {dagbag.py:545} INFO - Filling up the DagBag from /home/prabal/afenv/lib/python3.10/site-packages/airflow/example_dags/example_trigger_controller_dag.py
[2024-06-18T14:11:44.051+0545] {processor.py:840} INFO - DAG(s) 'example_trigger_controller_dag' retrieved from /home/prabal/afenv/lib/python3.10/site-packages/airflow/example_dags/example_trigger_controller_dag.py
[2024-06-18T14:11:44.072+0545] {logging_mixin.py:188} INFO - [2024-06-18T14:11:44.072+0545] {dag.py:3096} INFO - Sync 1 DAGs
[2024-06-18T14:11:44.090+0545] {logging_mixin.py:188} INFO - [2024-06-18T14:11:44.090+0545] {dag.py:3954} INFO - Setting next_dagrun for example_trigger_controller_dag to 2021-01-01 00:00:00+00:00, run_after=2021-01-01 00:00:00+00:00
[2024-06-18T14:11:44.119+0545] {processor.py:183} INFO - Processing /home/prabal/afenv/lib/python3.10/site-packages/airflow/example_dags/example_trigger_controller_dag.py took 0.112 seconds
[2024-06-18T14:12:35.089+0545] {processor.py:161} INFO - Started process (PID=22850) to work on /home/prabal/afenv/lib/python3.10/site-packages/airflow/example_dags/example_trigger_controller_dag.py
[2024-06-18T14:12:35.102+0545] {processor.py:830} INFO - Processing file /home/prabal/afenv/lib/python3.10/site-packages/airflow/example_dags/example_trigger_controller_dag.py for tasks to queue
[2024-06-18T14:12:35.106+0545] {logging_mixin.py:188} INFO - [2024-06-18T14:12:35.105+0545] {dagbag.py:545} INFO - Filling up the DagBag from /home/prabal/afenv/lib/python3.10/site-packages/airflow/example_dags/example_trigger_controller_dag.py
[2024-06-18T14:12:35.118+0545] {processor.py:840} INFO - DAG(s) 'example_trigger_controller_dag' retrieved from /home/prabal/afenv/lib/python3.10/site-packages/airflow/example_dags/example_trigger_controller_dag.py
[2024-06-18T14:12:35.141+0545] {logging_mixin.py:188} INFO - [2024-06-18T14:12:35.141+0545] {dag.py:3096} INFO - Sync 1 DAGs
[2024-06-18T14:12:35.177+0545] {logging_mixin.py:188} INFO - [2024-06-18T14:12:35.176+0545] {dag.py:3954} INFO - Setting next_dagrun for example_trigger_controller_dag to 2021-01-01 00:00:00+00:00, run_after=2021-01-01 00:00:00+00:00
[2024-06-18T14:12:35.214+0545] {processor.py:183} INFO - Processing /home/prabal/afenv/lib/python3.10/site-packages/airflow/example_dags/example_trigger_controller_dag.py took 0.140 seconds
[2024-06-18T14:13:25.029+0545] {processor.py:161} INFO - Started process (PID=23091) to work on /home/prabal/afenv/lib/python3.10/site-packages/airflow/example_dags/example_trigger_controller_dag.py
[2024-06-18T14:13:25.043+0545] {processor.py:830} INFO - Processing file /home/prabal/afenv/lib/python3.10/site-packages/airflow/example_dags/example_trigger_controller_dag.py for tasks to queue
[2024-06-18T14:13:25.046+0545] {logging_mixin.py:188} INFO - [2024-06-18T14:13:25.045+0545] {dagbag.py:545} INFO - Filling up the DagBag from /home/prabal/afenv/lib/python3.10/site-packages/airflow/example_dags/example_trigger_controller_dag.py
[2024-06-18T14:13:25.057+0545] {processor.py:840} INFO - DAG(s) 'example_trigger_controller_dag' retrieved from /home/prabal/afenv/lib/python3.10/site-packages/airflow/example_dags/example_trigger_controller_dag.py
[2024-06-18T14:13:25.075+0545] {logging_mixin.py:188} INFO - [2024-06-18T14:13:25.074+0545] {dag.py:3096} INFO - Sync 1 DAGs
[2024-06-18T14:13:25.116+0545] {logging_mixin.py:188} INFO - [2024-06-18T14:13:25.115+0545] {dag.py:3954} INFO - Setting next_dagrun for example_trigger_controller_dag to 2021-01-01 00:00:00+00:00, run_after=2021-01-01 00:00:00+00:00
[2024-06-18T14:13:25.157+0545] {processor.py:183} INFO - Processing /home/prabal/afenv/lib/python3.10/site-packages/airflow/example_dags/example_trigger_controller_dag.py took 0.143 seconds
[2024-06-18T14:14:17.830+0545] {processor.py:161} INFO - Started process (PID=23346) to work on /home/prabal/afenv/lib/python3.10/site-packages/airflow/example_dags/example_trigger_controller_dag.py
[2024-06-18T14:14:17.843+0545] {processor.py:830} INFO - Processing file /home/prabal/afenv/lib/python3.10/site-packages/airflow/example_dags/example_trigger_controller_dag.py for tasks to queue
[2024-06-18T14:14:17.847+0545] {logging_mixin.py:188} INFO - [2024-06-18T14:14:17.846+0545] {dagbag.py:545} INFO - Filling up the DagBag from /home/prabal/afenv/lib/python3.10/site-packages/airflow/example_dags/example_trigger_controller_dag.py
[2024-06-18T14:14:17.860+0545] {processor.py:840} INFO - DAG(s) 'example_trigger_controller_dag' retrieved from /home/prabal/afenv/lib/python3.10/site-packages/airflow/example_dags/example_trigger_controller_dag.py
[2024-06-18T14:14:17.886+0545] {logging_mixin.py:188} INFO - [2024-06-18T14:14:17.885+0545] {dag.py:3096} INFO - Sync 1 DAGs
[2024-06-18T14:14:17.917+0545] {logging_mixin.py:188} INFO - [2024-06-18T14:14:17.917+0545] {dag.py:3954} INFO - Setting next_dagrun for example_trigger_controller_dag to 2021-01-01 00:00:00+00:00, run_after=2021-01-01 00:00:00+00:00
[2024-06-18T14:14:17.945+0545] {processor.py:183} INFO - Processing /home/prabal/afenv/lib/python3.10/site-packages/airflow/example_dags/example_trigger_controller_dag.py took 0.133 seconds
[2024-06-18T14:15:18.826+0545] {processor.py:161} INFO - Started process (PID=23663) to work on /home/prabal/afenv/lib/python3.10/site-packages/airflow/example_dags/example_trigger_controller_dag.py
[2024-06-18T14:15:18.840+0545] {processor.py:830} INFO - Processing file /home/prabal/afenv/lib/python3.10/site-packages/airflow/example_dags/example_trigger_controller_dag.py for tasks to queue
[2024-06-18T14:15:18.843+0545] {logging_mixin.py:188} INFO - [2024-06-18T14:15:18.842+0545] {dagbag.py:545} INFO - Filling up the DagBag from /home/prabal/afenv/lib/python3.10/site-packages/airflow/example_dags/example_trigger_controller_dag.py
[2024-06-18T14:15:18.854+0545] {processor.py:840} INFO - DAG(s) 'example_trigger_controller_dag' retrieved from /home/prabal/afenv/lib/python3.10/site-packages/airflow/example_dags/example_trigger_controller_dag.py
[2024-06-18T14:15:18.888+0545] {logging_mixin.py:188} INFO - [2024-06-18T14:15:18.888+0545] {dag.py:3096} INFO - Sync 1 DAGs
[2024-06-18T14:15:18.927+0545] {logging_mixin.py:188} INFO - [2024-06-18T14:15:18.926+0545] {dag.py:3954} INFO - Setting next_dagrun for example_trigger_controller_dag to 2021-01-01 00:00:00+00:00, run_after=2021-01-01 00:00:00+00:00
[2024-06-18T14:15:18.967+0545] {processor.py:183} INFO - Processing /home/prabal/afenv/lib/python3.10/site-packages/airflow/example_dags/example_trigger_controller_dag.py took 0.154 seconds
[2024-06-18T14:16:18.808+0545] {processor.py:161} INFO - Started process (PID=23953) to work on /home/prabal/afenv/lib/python3.10/site-packages/airflow/example_dags/example_trigger_controller_dag.py
[2024-06-18T14:16:18.821+0545] {processor.py:830} INFO - Processing file /home/prabal/afenv/lib/python3.10/site-packages/airflow/example_dags/example_trigger_controller_dag.py for tasks to queue
[2024-06-18T14:16:18.825+0545] {logging_mixin.py:188} INFO - [2024-06-18T14:16:18.824+0545] {dagbag.py:545} INFO - Filling up the DagBag from /home/prabal/afenv/lib/python3.10/site-packages/airflow/example_dags/example_trigger_controller_dag.py
[2024-06-18T14:16:18.836+0545] {processor.py:840} INFO - DAG(s) 'example_trigger_controller_dag' retrieved from /home/prabal/afenv/lib/python3.10/site-packages/airflow/example_dags/example_trigger_controller_dag.py
[2024-06-18T14:16:18.868+0545] {logging_mixin.py:188} INFO - [2024-06-18T14:16:18.868+0545] {dag.py:3096} INFO - Sync 1 DAGs
[2024-06-18T14:16:18.910+0545] {logging_mixin.py:188} INFO - [2024-06-18T14:16:18.909+0545] {dag.py:3954} INFO - Setting next_dagrun for example_trigger_controller_dag to 2021-01-01 00:00:00+00:00, run_after=2021-01-01 00:00:00+00:00
[2024-06-18T14:16:18.959+0545] {processor.py:183} INFO - Processing /home/prabal/afenv/lib/python3.10/site-packages/airflow/example_dags/example_trigger_controller_dag.py took 0.165 seconds
[2024-06-18T14:17:13.248+0545] {processor.py:161} INFO - Started process (PID=24216) to work on /home/prabal/afenv/lib/python3.10/site-packages/airflow/example_dags/example_trigger_controller_dag.py
[2024-06-18T14:17:13.250+0545] {processor.py:830} INFO - Processing file /home/prabal/afenv/lib/python3.10/site-packages/airflow/example_dags/example_trigger_controller_dag.py for tasks to queue
[2024-06-18T14:17:13.253+0545] {logging_mixin.py:188} INFO - [2024-06-18T14:17:13.252+0545] {dagbag.py:545} INFO - Filling up the DagBag from /home/prabal/afenv/lib/python3.10/site-packages/airflow/example_dags/example_trigger_controller_dag.py
[2024-06-18T14:17:13.265+0545] {processor.py:840} INFO - DAG(s) 'example_trigger_controller_dag' retrieved from /home/prabal/afenv/lib/python3.10/site-packages/airflow/example_dags/example_trigger_controller_dag.py
[2024-06-18T14:17:13.295+0545] {logging_mixin.py:188} INFO - [2024-06-18T14:17:13.295+0545] {dag.py:3096} INFO - Sync 1 DAGs
[2024-06-18T14:17:13.315+0545] {logging_mixin.py:188} INFO - [2024-06-18T14:17:13.315+0545] {dag.py:3954} INFO - Setting next_dagrun for example_trigger_controller_dag to 2021-01-01 00:00:00+00:00, run_after=2021-01-01 00:00:00+00:00
[2024-06-18T14:17:13.335+0545] {processor.py:183} INFO - Processing /home/prabal/afenv/lib/python3.10/site-packages/airflow/example_dags/example_trigger_controller_dag.py took 0.101 seconds
[2024-06-18T14:18:08.435+0545] {processor.py:161} INFO - Started process (PID=24478) to work on /home/prabal/afenv/lib/python3.10/site-packages/airflow/example_dags/example_trigger_controller_dag.py
[2024-06-18T14:18:08.448+0545] {processor.py:830} INFO - Processing file /home/prabal/afenv/lib/python3.10/site-packages/airflow/example_dags/example_trigger_controller_dag.py for tasks to queue
[2024-06-18T14:18:08.452+0545] {logging_mixin.py:188} INFO - [2024-06-18T14:18:08.451+0545] {dagbag.py:545} INFO - Filling up the DagBag from /home/prabal/afenv/lib/python3.10/site-packages/airflow/example_dags/example_trigger_controller_dag.py
[2024-06-18T14:18:08.464+0545] {processor.py:840} INFO - DAG(s) 'example_trigger_controller_dag' retrieved from /home/prabal/afenv/lib/python3.10/site-packages/airflow/example_dags/example_trigger_controller_dag.py
[2024-06-18T14:18:08.484+0545] {logging_mixin.py:188} INFO - [2024-06-18T14:18:08.484+0545] {dag.py:3096} INFO - Sync 1 DAGs
[2024-06-18T14:18:08.502+0545] {logging_mixin.py:188} INFO - [2024-06-18T14:18:08.501+0545] {dag.py:3954} INFO - Setting next_dagrun for example_trigger_controller_dag to 2021-01-01 00:00:00+00:00, run_after=2021-01-01 00:00:00+00:00
[2024-06-18T14:18:08.522+0545] {processor.py:183} INFO - Processing /home/prabal/afenv/lib/python3.10/site-packages/airflow/example_dags/example_trigger_controller_dag.py took 0.102 seconds
[2024-06-18T14:19:03.364+0545] {processor.py:161} INFO - Started process (PID=24744) to work on /home/prabal/afenv/lib/python3.10/site-packages/airflow/example_dags/example_trigger_controller_dag.py
[2024-06-18T14:19:03.378+0545] {processor.py:830} INFO - Processing file /home/prabal/afenv/lib/python3.10/site-packages/airflow/example_dags/example_trigger_controller_dag.py for tasks to queue
[2024-06-18T14:19:03.381+0545] {logging_mixin.py:188} INFO - [2024-06-18T14:19:03.380+0545] {dagbag.py:545} INFO - Filling up the DagBag from /home/prabal/afenv/lib/python3.10/site-packages/airflow/example_dags/example_trigger_controller_dag.py
[2024-06-18T14:19:03.393+0545] {processor.py:840} INFO - DAG(s) 'example_trigger_controller_dag' retrieved from /home/prabal/afenv/lib/python3.10/site-packages/airflow/example_dags/example_trigger_controller_dag.py
[2024-06-18T14:19:03.420+0545] {logging_mixin.py:188} INFO - [2024-06-18T14:19:03.419+0545] {dag.py:3096} INFO - Sync 1 DAGs
[2024-06-18T14:19:03.438+0545] {logging_mixin.py:188} INFO - [2024-06-18T14:19:03.438+0545] {dag.py:3954} INFO - Setting next_dagrun for example_trigger_controller_dag to 2021-01-01 00:00:00+00:00, run_after=2021-01-01 00:00:00+00:00
[2024-06-18T14:19:03.472+0545] {processor.py:183} INFO - Processing /home/prabal/afenv/lib/python3.10/site-packages/airflow/example_dags/example_trigger_controller_dag.py took 0.121 seconds
[2024-06-18T14:19:59.040+0545] {processor.py:161} INFO - Started process (PID=25009) to work on /home/prabal/afenv/lib/python3.10/site-packages/airflow/example_dags/example_trigger_controller_dag.py
[2024-06-18T14:19:59.042+0545] {processor.py:830} INFO - Processing file /home/prabal/afenv/lib/python3.10/site-packages/airflow/example_dags/example_trigger_controller_dag.py for tasks to queue
[2024-06-18T14:19:59.045+0545] {logging_mixin.py:188} INFO - [2024-06-18T14:19:59.045+0545] {dagbag.py:545} INFO - Filling up the DagBag from /home/prabal/afenv/lib/python3.10/site-packages/airflow/example_dags/example_trigger_controller_dag.py
[2024-06-18T14:19:59.057+0545] {processor.py:840} INFO - DAG(s) 'example_trigger_controller_dag' retrieved from /home/prabal/afenv/lib/python3.10/site-packages/airflow/example_dags/example_trigger_controller_dag.py
[2024-06-18T14:19:59.086+0545] {logging_mixin.py:188} INFO - [2024-06-18T14:19:59.085+0545] {dag.py:3096} INFO - Sync 1 DAGs
[2024-06-18T14:19:59.106+0545] {logging_mixin.py:188} INFO - [2024-06-18T14:19:59.106+0545] {dag.py:3954} INFO - Setting next_dagrun for example_trigger_controller_dag to 2021-01-01 00:00:00+00:00, run_after=2021-01-01 00:00:00+00:00
[2024-06-18T14:19:59.125+0545] {processor.py:183} INFO - Processing /home/prabal/afenv/lib/python3.10/site-packages/airflow/example_dags/example_trigger_controller_dag.py took 0.100 seconds
[2024-06-18T14:20:50.737+0545] {processor.py:161} INFO - Started process (PID=25259) to work on /home/prabal/afenv/lib/python3.10/site-packages/airflow/example_dags/example_trigger_controller_dag.py
[2024-06-18T14:20:50.751+0545] {processor.py:830} INFO - Processing file /home/prabal/afenv/lib/python3.10/site-packages/airflow/example_dags/example_trigger_controller_dag.py for tasks to queue
[2024-06-18T14:20:50.755+0545] {logging_mixin.py:188} INFO - [2024-06-18T14:20:50.754+0545] {dagbag.py:545} INFO - Filling up the DagBag from /home/prabal/afenv/lib/python3.10/site-packages/airflow/example_dags/example_trigger_controller_dag.py
[2024-06-18T14:20:50.770+0545] {processor.py:840} INFO - DAG(s) 'example_trigger_controller_dag' retrieved from /home/prabal/afenv/lib/python3.10/site-packages/airflow/example_dags/example_trigger_controller_dag.py
[2024-06-18T14:20:50.796+0545] {logging_mixin.py:188} INFO - [2024-06-18T14:20:50.795+0545] {dag.py:3096} INFO - Sync 1 DAGs
[2024-06-18T14:20:50.828+0545] {logging_mixin.py:188} INFO - [2024-06-18T14:20:50.827+0545] {dag.py:3954} INFO - Setting next_dagrun for example_trigger_controller_dag to 2021-01-01 00:00:00+00:00, run_after=2021-01-01 00:00:00+00:00
[2024-06-18T14:20:50.859+0545] {processor.py:183} INFO - Processing /home/prabal/afenv/lib/python3.10/site-packages/airflow/example_dags/example_trigger_controller_dag.py took 0.138 seconds
[2024-06-18T14:21:43.273+0545] {processor.py:161} INFO - Started process (PID=25510) to work on /home/prabal/afenv/lib/python3.10/site-packages/airflow/example_dags/example_trigger_controller_dag.py
[2024-06-18T14:21:43.287+0545] {processor.py:830} INFO - Processing file /home/prabal/afenv/lib/python3.10/site-packages/airflow/example_dags/example_trigger_controller_dag.py for tasks to queue
[2024-06-18T14:21:43.290+0545] {logging_mixin.py:188} INFO - [2024-06-18T14:21:43.289+0545] {dagbag.py:545} INFO - Filling up the DagBag from /home/prabal/afenv/lib/python3.10/site-packages/airflow/example_dags/example_trigger_controller_dag.py
[2024-06-18T14:21:43.301+0545] {processor.py:840} INFO - DAG(s) 'example_trigger_controller_dag' retrieved from /home/prabal/afenv/lib/python3.10/site-packages/airflow/example_dags/example_trigger_controller_dag.py
[2024-06-18T14:21:43.330+0545] {logging_mixin.py:188} INFO - [2024-06-18T14:21:43.330+0545] {dag.py:3096} INFO - Sync 1 DAGs
[2024-06-18T14:21:43.349+0545] {logging_mixin.py:188} INFO - [2024-06-18T14:21:43.348+0545] {dag.py:3954} INFO - Setting next_dagrun for example_trigger_controller_dag to 2021-01-01 00:00:00+00:00, run_after=2021-01-01 00:00:00+00:00
[2024-06-18T14:21:43.385+0545] {processor.py:183} INFO - Processing /home/prabal/afenv/lib/python3.10/site-packages/airflow/example_dags/example_trigger_controller_dag.py took 0.128 seconds
[2024-06-18T14:22:39.050+0545] {processor.py:161} INFO - Started process (PID=25779) to work on /home/prabal/afenv/lib/python3.10/site-packages/airflow/example_dags/example_trigger_controller_dag.py
[2024-06-18T14:22:39.064+0545] {processor.py:830} INFO - Processing file /home/prabal/afenv/lib/python3.10/site-packages/airflow/example_dags/example_trigger_controller_dag.py for tasks to queue
[2024-06-18T14:22:39.067+0545] {logging_mixin.py:188} INFO - [2024-06-18T14:22:39.066+0545] {dagbag.py:545} INFO - Filling up the DagBag from /home/prabal/afenv/lib/python3.10/site-packages/airflow/example_dags/example_trigger_controller_dag.py
[2024-06-18T14:22:39.079+0545] {processor.py:840} INFO - DAG(s) 'example_trigger_controller_dag' retrieved from /home/prabal/afenv/lib/python3.10/site-packages/airflow/example_dags/example_trigger_controller_dag.py
[2024-06-18T14:22:39.102+0545] {logging_mixin.py:188} INFO - [2024-06-18T14:22:39.102+0545] {dag.py:3096} INFO - Sync 1 DAGs
[2024-06-18T14:22:39.119+0545] {logging_mixin.py:188} INFO - [2024-06-18T14:22:39.119+0545] {dag.py:3954} INFO - Setting next_dagrun for example_trigger_controller_dag to 2021-01-01 00:00:00+00:00, run_after=2021-01-01 00:00:00+00:00
[2024-06-18T14:22:39.136+0545] {processor.py:183} INFO - Processing /home/prabal/afenv/lib/python3.10/site-packages/airflow/example_dags/example_trigger_controller_dag.py took 0.100 seconds
[2024-06-18T14:23:32.535+0545] {processor.py:161} INFO - Started process (PID=26039) to work on /home/prabal/afenv/lib/python3.10/site-packages/airflow/example_dags/example_trigger_controller_dag.py
[2024-06-18T14:23:32.537+0545] {processor.py:830} INFO - Processing file /home/prabal/afenv/lib/python3.10/site-packages/airflow/example_dags/example_trigger_controller_dag.py for tasks to queue
[2024-06-18T14:23:32.540+0545] {logging_mixin.py:188} INFO - [2024-06-18T14:23:32.540+0545] {dagbag.py:545} INFO - Filling up the DagBag from /home/prabal/afenv/lib/python3.10/site-packages/airflow/example_dags/example_trigger_controller_dag.py
[2024-06-18T14:23:32.549+0545] {processor.py:840} INFO - DAG(s) 'example_trigger_controller_dag' retrieved from /home/prabal/afenv/lib/python3.10/site-packages/airflow/example_dags/example_trigger_controller_dag.py
[2024-06-18T14:23:32.563+0545] {logging_mixin.py:188} INFO - [2024-06-18T14:23:32.563+0545] {dag.py:3096} INFO - Sync 1 DAGs
[2024-06-18T14:23:32.579+0545] {logging_mixin.py:188} INFO - [2024-06-18T14:23:32.579+0545] {dag.py:3954} INFO - Setting next_dagrun for example_trigger_controller_dag to 2021-01-01 00:00:00+00:00, run_after=2021-01-01 00:00:00+00:00
[2024-06-18T14:23:32.597+0545] {processor.py:183} INFO - Processing /home/prabal/afenv/lib/python3.10/site-packages/airflow/example_dags/example_trigger_controller_dag.py took 0.077 seconds
[2024-06-18T17:15:49.254+0545] {processor.py:161} INFO - Started process (PID=4067) to work on /home/prabal/afenv/lib/python3.10/site-packages/airflow/example_dags/example_trigger_controller_dag.py
[2024-06-18T17:15:49.263+0545] {processor.py:830} INFO - Processing file /home/prabal/afenv/lib/python3.10/site-packages/airflow/example_dags/example_trigger_controller_dag.py for tasks to queue
[2024-06-18T17:15:49.267+0545] {logging_mixin.py:188} INFO - [2024-06-18T17:15:49.266+0545] {dagbag.py:545} INFO - Filling up the DagBag from /home/prabal/afenv/lib/python3.10/site-packages/airflow/example_dags/example_trigger_controller_dag.py
[2024-06-18T17:15:49.300+0545] {processor.py:840} INFO - DAG(s) 'example_trigger_controller_dag' retrieved from /home/prabal/afenv/lib/python3.10/site-packages/airflow/example_dags/example_trigger_controller_dag.py
[2024-06-18T17:15:49.314+0545] {logging_mixin.py:188} INFO - [2024-06-18T17:15:49.314+0545] {dag.py:3096} INFO - Sync 1 DAGs
[2024-06-18T17:15:49.354+0545] {logging_mixin.py:188} INFO - [2024-06-18T17:15:49.354+0545] {dag.py:3954} INFO - Setting next_dagrun for example_trigger_controller_dag to 2021-01-01 00:00:00+00:00, run_after=2021-01-01 00:00:00+00:00
[2024-06-18T17:15:49.405+0545] {processor.py:183} INFO - Processing /home/prabal/afenv/lib/python3.10/site-packages/airflow/example_dags/example_trigger_controller_dag.py took 0.164 seconds
[2024-06-18T17:17:31.730+0545] {processor.py:161} INFO - Started process (PID=4633) to work on /home/prabal/afenv/lib/python3.10/site-packages/airflow/example_dags/example_trigger_controller_dag.py
[2024-06-18T17:17:31.743+0545] {processor.py:830} INFO - Processing file /home/prabal/afenv/lib/python3.10/site-packages/airflow/example_dags/example_trigger_controller_dag.py for tasks to queue
[2024-06-18T17:17:31.745+0545] {logging_mixin.py:188} INFO - [2024-06-18T17:17:31.744+0545] {dagbag.py:545} INFO - Filling up the DagBag from /home/prabal/afenv/lib/python3.10/site-packages/airflow/example_dags/example_trigger_controller_dag.py
[2024-06-18T17:17:31.756+0545] {processor.py:840} INFO - DAG(s) 'example_trigger_controller_dag' retrieved from /home/prabal/afenv/lib/python3.10/site-packages/airflow/example_dags/example_trigger_controller_dag.py
[2024-06-18T17:17:31.973+0545] {logging_mixin.py:188} INFO - [2024-06-18T17:17:31.973+0545] {dag.py:3096} INFO - Sync 1 DAGs
[2024-06-18T17:17:31.990+0545] {logging_mixin.py:188} INFO - [2024-06-18T17:17:31.990+0545] {dag.py:3954} INFO - Setting next_dagrun for example_trigger_controller_dag to 2021-01-01 00:00:00+00:00, run_after=2021-01-01 00:00:00+00:00
[2024-06-18T17:17:32.034+0545] {processor.py:183} INFO - Processing /home/prabal/afenv/lib/python3.10/site-packages/airflow/example_dags/example_trigger_controller_dag.py took 0.315 seconds
[2024-06-18T17:18:32.804+0545] {processor.py:161} INFO - Started process (PID=5049) to work on /home/prabal/afenv/lib/python3.10/site-packages/airflow/example_dags/example_trigger_controller_dag.py
[2024-06-18T17:18:32.818+0545] {processor.py:830} INFO - Processing file /home/prabal/afenv/lib/python3.10/site-packages/airflow/example_dags/example_trigger_controller_dag.py for tasks to queue
[2024-06-18T17:18:32.819+0545] {logging_mixin.py:188} INFO - [2024-06-18T17:18:32.819+0545] {dagbag.py:545} INFO - Filling up the DagBag from /home/prabal/afenv/lib/python3.10/site-packages/airflow/example_dags/example_trigger_controller_dag.py
[2024-06-18T17:18:32.829+0545] {processor.py:840} INFO - DAG(s) 'example_trigger_controller_dag' retrieved from /home/prabal/afenv/lib/python3.10/site-packages/airflow/example_dags/example_trigger_controller_dag.py
[2024-06-18T17:18:32.856+0545] {logging_mixin.py:188} INFO - [2024-06-18T17:18:32.855+0545] {dag.py:3096} INFO - Sync 1 DAGs
[2024-06-18T17:18:32.978+0545] {logging_mixin.py:188} INFO - [2024-06-18T17:18:32.978+0545] {dag.py:3954} INFO - Setting next_dagrun for example_trigger_controller_dag to 2021-01-01 00:00:00+00:00, run_after=2021-01-01 00:00:00+00:00
[2024-06-18T17:18:33.006+0545] {processor.py:183} INFO - Processing /home/prabal/afenv/lib/python3.10/site-packages/airflow/example_dags/example_trigger_controller_dag.py took 0.216 seconds
[2024-06-18T17:19:32.024+0545] {processor.py:161} INFO - Started process (PID=5631) to work on /home/prabal/afenv/lib/python3.10/site-packages/airflow/example_dags/example_trigger_controller_dag.py
[2024-06-18T17:19:32.038+0545] {processor.py:830} INFO - Processing file /home/prabal/afenv/lib/python3.10/site-packages/airflow/example_dags/example_trigger_controller_dag.py for tasks to queue
[2024-06-18T17:19:32.040+0545] {logging_mixin.py:188} INFO - [2024-06-18T17:19:32.039+0545] {dagbag.py:545} INFO - Filling up the DagBag from /home/prabal/afenv/lib/python3.10/site-packages/airflow/example_dags/example_trigger_controller_dag.py
[2024-06-18T17:19:32.050+0545] {processor.py:840} INFO - DAG(s) 'example_trigger_controller_dag' retrieved from /home/prabal/afenv/lib/python3.10/site-packages/airflow/example_dags/example_trigger_controller_dag.py
[2024-06-18T17:19:32.072+0545] {logging_mixin.py:188} INFO - [2024-06-18T17:19:32.072+0545] {dag.py:3096} INFO - Sync 1 DAGs
[2024-06-18T17:19:32.088+0545] {logging_mixin.py:188} INFO - [2024-06-18T17:19:32.088+0545] {dag.py:3954} INFO - Setting next_dagrun for example_trigger_controller_dag to 2021-01-01 00:00:00+00:00, run_after=2021-01-01 00:00:00+00:00
[2024-06-18T17:19:32.106+0545] {processor.py:183} INFO - Processing /home/prabal/afenv/lib/python3.10/site-packages/airflow/example_dags/example_trigger_controller_dag.py took 0.096 seconds
[2024-06-18T17:20:25.569+0545] {processor.py:161} INFO - Started process (PID=6435) to work on /home/prabal/afenv/lib/python3.10/site-packages/airflow/example_dags/example_trigger_controller_dag.py
[2024-06-18T17:20:25.572+0545] {processor.py:830} INFO - Processing file /home/prabal/afenv/lib/python3.10/site-packages/airflow/example_dags/example_trigger_controller_dag.py for tasks to queue
[2024-06-18T17:20:25.574+0545] {logging_mixin.py:188} INFO - [2024-06-18T17:20:25.574+0545] {dagbag.py:545} INFO - Filling up the DagBag from /home/prabal/afenv/lib/python3.10/site-packages/airflow/example_dags/example_trigger_controller_dag.py
[2024-06-18T17:20:25.590+0545] {processor.py:840} INFO - DAG(s) 'example_trigger_controller_dag' retrieved from /home/prabal/afenv/lib/python3.10/site-packages/airflow/example_dags/example_trigger_controller_dag.py
[2024-06-18T17:20:25.636+0545] {logging_mixin.py:188} INFO - [2024-06-18T17:20:25.635+0545] {dag.py:3096} INFO - Sync 1 DAGs
[2024-06-18T17:20:25.687+0545] {logging_mixin.py:188} INFO - [2024-06-18T17:20:25.686+0545] {dag.py:3954} INFO - Setting next_dagrun for example_trigger_controller_dag to 2021-01-01 00:00:00+00:00, run_after=2021-01-01 00:00:00+00:00
[2024-06-18T17:20:25.747+0545] {processor.py:183} INFO - Processing /home/prabal/afenv/lib/python3.10/site-packages/airflow/example_dags/example_trigger_controller_dag.py took 0.196 seconds
[2024-06-18T17:21:59.485+0545] {processor.py:161} INFO - Started process (PID=6994) to work on /home/prabal/afenv/lib/python3.10/site-packages/airflow/example_dags/example_trigger_controller_dag.py
[2024-06-18T17:21:59.498+0545] {processor.py:830} INFO - Processing file /home/prabal/afenv/lib/python3.10/site-packages/airflow/example_dags/example_trigger_controller_dag.py for tasks to queue
[2024-06-18T17:21:59.502+0545] {logging_mixin.py:188} INFO - [2024-06-18T17:21:59.501+0545] {dagbag.py:545} INFO - Filling up the DagBag from /home/prabal/afenv/lib/python3.10/site-packages/airflow/example_dags/example_trigger_controller_dag.py
[2024-06-18T17:21:59.515+0545] {processor.py:840} INFO - DAG(s) 'example_trigger_controller_dag' retrieved from /home/prabal/afenv/lib/python3.10/site-packages/airflow/example_dags/example_trigger_controller_dag.py
[2024-06-18T17:21:59.529+0545] {logging_mixin.py:188} INFO - [2024-06-18T17:21:59.528+0545] {dag.py:3096} INFO - Sync 1 DAGs
[2024-06-18T17:21:59.555+0545] {logging_mixin.py:188} INFO - [2024-06-18T17:21:59.554+0545] {dag.py:3954} INFO - Setting next_dagrun for example_trigger_controller_dag to 2021-01-01 00:00:00+00:00, run_after=2021-01-01 00:00:00+00:00
[2024-06-18T17:21:59.583+0545] {processor.py:183} INFO - Processing /home/prabal/afenv/lib/python3.10/site-packages/airflow/example_dags/example_trigger_controller_dag.py took 0.110 seconds
[2024-06-18T17:23:06.048+0545] {processor.py:161} INFO - Started process (PID=7347) to work on /home/prabal/afenv/lib/python3.10/site-packages/airflow/example_dags/example_trigger_controller_dag.py
[2024-06-18T17:23:06.050+0545] {processor.py:830} INFO - Processing file /home/prabal/afenv/lib/python3.10/site-packages/airflow/example_dags/example_trigger_controller_dag.py for tasks to queue
[2024-06-18T17:23:06.054+0545] {logging_mixin.py:188} INFO - [2024-06-18T17:23:06.054+0545] {dagbag.py:545} INFO - Filling up the DagBag from /home/prabal/afenv/lib/python3.10/site-packages/airflow/example_dags/example_trigger_controller_dag.py
[2024-06-18T17:23:06.067+0545] {processor.py:840} INFO - DAG(s) 'example_trigger_controller_dag' retrieved from /home/prabal/afenv/lib/python3.10/site-packages/airflow/example_dags/example_trigger_controller_dag.py
[2024-06-18T17:23:06.342+0545] {logging_mixin.py:188} INFO - [2024-06-18T17:23:06.341+0545] {dag.py:3096} INFO - Sync 1 DAGs
[2024-06-18T17:23:06.363+0545] {logging_mixin.py:188} INFO - [2024-06-18T17:23:06.362+0545] {dag.py:3954} INFO - Setting next_dagrun for example_trigger_controller_dag to 2021-01-01 00:00:00+00:00, run_after=2021-01-01 00:00:00+00:00
[2024-06-18T17:23:06.391+0545] {processor.py:183} INFO - Processing /home/prabal/afenv/lib/python3.10/site-packages/airflow/example_dags/example_trigger_controller_dag.py took 0.360 seconds
