[2024-06-18T13:42:47.394+0545] {processor.py:161} INFO - Started process (PID=14272) to work on /home/prabal/afenv/lib/python3.10/site-packages/airflow/example_dags/example_kubernetes_executor.py
[2024-06-18T13:42:47.396+0545] {processor.py:830} INFO - Processing file /home/prabal/afenv/lib/python3.10/site-packages/airflow/example_dags/example_kubernetes_executor.py for tasks to queue
[2024-06-18T13:42:47.398+0545] {logging_mixin.py:188} INFO - [2024-06-18T13:42:47.398+0545] {dagbag.py:545} INFO - Filling up the DagBag from /home/prabal/afenv/lib/python3.10/site-packages/airflow/example_dags/example_kubernetes_executor.py
[2024-06-18T13:42:47.402+0545] {logging_mixin.py:188} INFO - [2024-06-18T13:42:47.402+0545] {example_kubernetes_executor.py:39} WARNING - The example_kubernetes_executor example DAG requires the kubernetes provider. Please install it with: pip install apache-airflow[cncf.kubernetes]
[2024-06-18T13:42:47.403+0545] {processor.py:842} WARNING - No viable dags retrieved from /home/prabal/afenv/lib/python3.10/site-packages/airflow/example_dags/example_kubernetes_executor.py
[2024-06-18T13:42:47.412+0545] {processor.py:183} INFO - Processing /home/prabal/afenv/lib/python3.10/site-packages/airflow/example_dags/example_kubernetes_executor.py took 0.032 seconds
[2024-06-18T13:43:45.980+0545] {processor.py:161} INFO - Started process (PID=14567) to work on /home/prabal/afenv/lib/python3.10/site-packages/airflow/example_dags/example_kubernetes_executor.py
[2024-06-18T13:43:45.982+0545] {processor.py:830} INFO - Processing file /home/prabal/afenv/lib/python3.10/site-packages/airflow/example_dags/example_kubernetes_executor.py for tasks to queue
[2024-06-18T13:43:45.986+0545] {logging_mixin.py:188} INFO - [2024-06-18T13:43:45.985+0545] {dagbag.py:545} INFO - Filling up the DagBag from /home/prabal/afenv/lib/python3.10/site-packages/airflow/example_dags/example_kubernetes_executor.py
[2024-06-18T13:43:45.991+0545] {logging_mixin.py:188} INFO - [2024-06-18T13:43:45.990+0545] {example_kubernetes_executor.py:39} WARNING - The example_kubernetes_executor example DAG requires the kubernetes provider. Please install it with: pip install apache-airflow[cncf.kubernetes]
[2024-06-18T13:43:45.991+0545] {processor.py:842} WARNING - No viable dags retrieved from /home/prabal/afenv/lib/python3.10/site-packages/airflow/example_dags/example_kubernetes_executor.py
[2024-06-18T13:43:46.009+0545] {processor.py:183} INFO - Processing /home/prabal/afenv/lib/python3.10/site-packages/airflow/example_dags/example_kubernetes_executor.py took 0.043 seconds
[2024-06-18T13:44:49.205+0545] {processor.py:161} INFO - Started process (PID=14870) to work on /home/prabal/afenv/lib/python3.10/site-packages/airflow/example_dags/example_kubernetes_executor.py
[2024-06-18T13:44:49.207+0545] {processor.py:830} INFO - Processing file /home/prabal/afenv/lib/python3.10/site-packages/airflow/example_dags/example_kubernetes_executor.py for tasks to queue
[2024-06-18T13:44:49.209+0545] {logging_mixin.py:188} INFO - [2024-06-18T13:44:49.208+0545] {dagbag.py:545} INFO - Filling up the DagBag from /home/prabal/afenv/lib/python3.10/site-packages/airflow/example_dags/example_kubernetes_executor.py
[2024-06-18T13:44:49.213+0545] {logging_mixin.py:188} INFO - [2024-06-18T13:44:49.213+0545] {example_kubernetes_executor.py:39} WARNING - The example_kubernetes_executor example DAG requires the kubernetes provider. Please install it with: pip install apache-airflow[cncf.kubernetes]
[2024-06-18T13:44:49.213+0545] {processor.py:842} WARNING - No viable dags retrieved from /home/prabal/afenv/lib/python3.10/site-packages/airflow/example_dags/example_kubernetes_executor.py
[2024-06-18T13:44:49.227+0545] {processor.py:183} INFO - Processing /home/prabal/afenv/lib/python3.10/site-packages/airflow/example_dags/example_kubernetes_executor.py took 0.034 seconds
[2024-06-18T13:45:46.223+0545] {processor.py:161} INFO - Started process (PID=15143) to work on /home/prabal/afenv/lib/python3.10/site-packages/airflow/example_dags/example_kubernetes_executor.py
[2024-06-18T13:45:46.225+0545] {processor.py:830} INFO - Processing file /home/prabal/afenv/lib/python3.10/site-packages/airflow/example_dags/example_kubernetes_executor.py for tasks to queue
[2024-06-18T13:45:46.228+0545] {logging_mixin.py:188} INFO - [2024-06-18T13:45:46.227+0545] {dagbag.py:545} INFO - Filling up the DagBag from /home/prabal/afenv/lib/python3.10/site-packages/airflow/example_dags/example_kubernetes_executor.py
[2024-06-18T13:45:46.233+0545] {logging_mixin.py:188} INFO - [2024-06-18T13:45:46.233+0545] {example_kubernetes_executor.py:39} WARNING - The example_kubernetes_executor example DAG requires the kubernetes provider. Please install it with: pip install apache-airflow[cncf.kubernetes]
[2024-06-18T13:45:46.234+0545] {processor.py:842} WARNING - No viable dags retrieved from /home/prabal/afenv/lib/python3.10/site-packages/airflow/example_dags/example_kubernetes_executor.py
[2024-06-18T13:45:46.250+0545] {processor.py:183} INFO - Processing /home/prabal/afenv/lib/python3.10/site-packages/airflow/example_dags/example_kubernetes_executor.py took 0.040 seconds
[2024-06-18T13:46:40.220+0545] {processor.py:161} INFO - Started process (PID=15406) to work on /home/prabal/afenv/lib/python3.10/site-packages/airflow/example_dags/example_kubernetes_executor.py
[2024-06-18T13:46:40.222+0545] {processor.py:830} INFO - Processing file /home/prabal/afenv/lib/python3.10/site-packages/airflow/example_dags/example_kubernetes_executor.py for tasks to queue
[2024-06-18T13:46:40.226+0545] {logging_mixin.py:188} INFO - [2024-06-18T13:46:40.225+0545] {dagbag.py:545} INFO - Filling up the DagBag from /home/prabal/afenv/lib/python3.10/site-packages/airflow/example_dags/example_kubernetes_executor.py
[2024-06-18T13:46:40.232+0545] {logging_mixin.py:188} INFO - [2024-06-18T13:46:40.232+0545] {example_kubernetes_executor.py:39} WARNING - The example_kubernetes_executor example DAG requires the kubernetes provider. Please install it with: pip install apache-airflow[cncf.kubernetes]
[2024-06-18T13:46:40.233+0545] {processor.py:842} WARNING - No viable dags retrieved from /home/prabal/afenv/lib/python3.10/site-packages/airflow/example_dags/example_kubernetes_executor.py
[2024-06-18T13:46:40.253+0545] {processor.py:183} INFO - Processing /home/prabal/afenv/lib/python3.10/site-packages/airflow/example_dags/example_kubernetes_executor.py took 0.046 seconds
[2024-06-18T13:47:32.476+0545] {processor.py:161} INFO - Started process (PID=15657) to work on /home/prabal/afenv/lib/python3.10/site-packages/airflow/example_dags/example_kubernetes_executor.py
[2024-06-18T13:47:32.489+0545] {processor.py:830} INFO - Processing file /home/prabal/afenv/lib/python3.10/site-packages/airflow/example_dags/example_kubernetes_executor.py for tasks to queue
[2024-06-18T13:47:32.491+0545] {logging_mixin.py:188} INFO - [2024-06-18T13:47:32.491+0545] {dagbag.py:545} INFO - Filling up the DagBag from /home/prabal/afenv/lib/python3.10/site-packages/airflow/example_dags/example_kubernetes_executor.py
[2024-06-18T13:47:32.497+0545] {logging_mixin.py:188} INFO - [2024-06-18T13:47:32.496+0545] {example_kubernetes_executor.py:39} WARNING - The example_kubernetes_executor example DAG requires the kubernetes provider. Please install it with: pip install apache-airflow[cncf.kubernetes]
[2024-06-18T13:47:32.497+0545] {processor.py:842} WARNING - No viable dags retrieved from /home/prabal/afenv/lib/python3.10/site-packages/airflow/example_dags/example_kubernetes_executor.py
[2024-06-18T13:47:32.510+0545] {processor.py:183} INFO - Processing /home/prabal/afenv/lib/python3.10/site-packages/airflow/example_dags/example_kubernetes_executor.py took 0.041 seconds
[2024-06-18T13:48:24.523+0545] {processor.py:161} INFO - Started process (PID=15913) to work on /home/prabal/afenv/lib/python3.10/site-packages/airflow/example_dags/example_kubernetes_executor.py
[2024-06-18T13:48:24.535+0545] {processor.py:830} INFO - Processing file /home/prabal/afenv/lib/python3.10/site-packages/airflow/example_dags/example_kubernetes_executor.py for tasks to queue
[2024-06-18T13:48:24.539+0545] {logging_mixin.py:188} INFO - [2024-06-18T13:48:24.538+0545] {dagbag.py:545} INFO - Filling up the DagBag from /home/prabal/afenv/lib/python3.10/site-packages/airflow/example_dags/example_kubernetes_executor.py
[2024-06-18T13:48:24.544+0545] {logging_mixin.py:188} INFO - [2024-06-18T13:48:24.544+0545] {example_kubernetes_executor.py:39} WARNING - The example_kubernetes_executor example DAG requires the kubernetes provider. Please install it with: pip install apache-airflow[cncf.kubernetes]
[2024-06-18T13:48:24.545+0545] {processor.py:842} WARNING - No viable dags retrieved from /home/prabal/afenv/lib/python3.10/site-packages/airflow/example_dags/example_kubernetes_executor.py
[2024-06-18T13:48:24.560+0545] {processor.py:183} INFO - Processing /home/prabal/afenv/lib/python3.10/site-packages/airflow/example_dags/example_kubernetes_executor.py took 0.047 seconds
[2024-06-18T13:50:08.470+0545] {processor.py:161} INFO - Started process (PID=16434) to work on /home/prabal/afenv/lib/python3.10/site-packages/airflow/example_dags/example_kubernetes_executor.py
[2024-06-18T13:50:08.483+0545] {processor.py:830} INFO - Processing file /home/prabal/afenv/lib/python3.10/site-packages/airflow/example_dags/example_kubernetes_executor.py for tasks to queue
[2024-06-18T13:50:08.486+0545] {logging_mixin.py:188} INFO - [2024-06-18T13:50:08.486+0545] {dagbag.py:545} INFO - Filling up the DagBag from /home/prabal/afenv/lib/python3.10/site-packages/airflow/example_dags/example_kubernetes_executor.py
[2024-06-18T13:50:08.491+0545] {logging_mixin.py:188} INFO - [2024-06-18T13:50:08.490+0545] {example_kubernetes_executor.py:39} WARNING - The example_kubernetes_executor example DAG requires the kubernetes provider. Please install it with: pip install apache-airflow[cncf.kubernetes]
[2024-06-18T13:50:08.491+0545] {processor.py:842} WARNING - No viable dags retrieved from /home/prabal/afenv/lib/python3.10/site-packages/airflow/example_dags/example_kubernetes_executor.py
[2024-06-18T13:50:08.506+0545] {processor.py:183} INFO - Processing /home/prabal/afenv/lib/python3.10/site-packages/airflow/example_dags/example_kubernetes_executor.py took 0.053 seconds
[2024-06-18T13:51:53.674+0545] {processor.py:161} INFO - Started process (PID=16969) to work on /home/prabal/afenv/lib/python3.10/site-packages/airflow/example_dags/example_kubernetes_executor.py
[2024-06-18T13:51:53.686+0545] {processor.py:830} INFO - Processing file /home/prabal/afenv/lib/python3.10/site-packages/airflow/example_dags/example_kubernetes_executor.py for tasks to queue
[2024-06-18T13:51:53.688+0545] {logging_mixin.py:188} INFO - [2024-06-18T13:51:53.688+0545] {dagbag.py:545} INFO - Filling up the DagBag from /home/prabal/afenv/lib/python3.10/site-packages/airflow/example_dags/example_kubernetes_executor.py
[2024-06-18T13:51:53.691+0545] {logging_mixin.py:188} INFO - [2024-06-18T13:51:53.691+0545] {example_kubernetes_executor.py:39} WARNING - The example_kubernetes_executor example DAG requires the kubernetes provider. Please install it with: pip install apache-airflow[cncf.kubernetes]
[2024-06-18T13:51:53.691+0545] {processor.py:842} WARNING - No viable dags retrieved from /home/prabal/afenv/lib/python3.10/site-packages/airflow/example_dags/example_kubernetes_executor.py
[2024-06-18T13:51:53.707+0545] {processor.py:183} INFO - Processing /home/prabal/afenv/lib/python3.10/site-packages/airflow/example_dags/example_kubernetes_executor.py took 0.044 seconds
[2024-06-18T13:53:05.846+0545] {processor.py:161} INFO - Started process (PID=17368) to work on /home/prabal/afenv/lib/python3.10/site-packages/airflow/example_dags/example_kubernetes_executor.py
[2024-06-18T13:53:05.848+0545] {processor.py:830} INFO - Processing file /home/prabal/afenv/lib/python3.10/site-packages/airflow/example_dags/example_kubernetes_executor.py for tasks to queue
[2024-06-18T13:53:05.850+0545] {logging_mixin.py:188} INFO - [2024-06-18T13:53:05.850+0545] {dagbag.py:545} INFO - Filling up the DagBag from /home/prabal/afenv/lib/python3.10/site-packages/airflow/example_dags/example_kubernetes_executor.py
[2024-06-18T13:53:05.854+0545] {logging_mixin.py:188} INFO - [2024-06-18T13:53:05.853+0545] {example_kubernetes_executor.py:39} WARNING - The example_kubernetes_executor example DAG requires the kubernetes provider. Please install it with: pip install apache-airflow[cncf.kubernetes]
[2024-06-18T13:53:05.854+0545] {processor.py:842} WARNING - No viable dags retrieved from /home/prabal/afenv/lib/python3.10/site-packages/airflow/example_dags/example_kubernetes_executor.py
[2024-06-18T13:53:05.865+0545] {processor.py:183} INFO - Processing /home/prabal/afenv/lib/python3.10/site-packages/airflow/example_dags/example_kubernetes_executor.py took 0.027 seconds
[2024-06-18T13:54:09.390+0545] {processor.py:161} INFO - Started process (PID=17675) to work on /home/prabal/afenv/lib/python3.10/site-packages/airflow/example_dags/example_kubernetes_executor.py
[2024-06-18T13:54:09.403+0545] {processor.py:830} INFO - Processing file /home/prabal/afenv/lib/python3.10/site-packages/airflow/example_dags/example_kubernetes_executor.py for tasks to queue
[2024-06-18T13:54:09.407+0545] {logging_mixin.py:188} INFO - [2024-06-18T13:54:09.406+0545] {dagbag.py:545} INFO - Filling up the DagBag from /home/prabal/afenv/lib/python3.10/site-packages/airflow/example_dags/example_kubernetes_executor.py
[2024-06-18T13:54:09.413+0545] {logging_mixin.py:188} INFO - [2024-06-18T13:54:09.413+0545] {example_kubernetes_executor.py:39} WARNING - The example_kubernetes_executor example DAG requires the kubernetes provider. Please install it with: pip install apache-airflow[cncf.kubernetes]
[2024-06-18T13:54:09.414+0545] {processor.py:842} WARNING - No viable dags retrieved from /home/prabal/afenv/lib/python3.10/site-packages/airflow/example_dags/example_kubernetes_executor.py
[2024-06-18T13:54:09.435+0545] {processor.py:183} INFO - Processing /home/prabal/afenv/lib/python3.10/site-packages/airflow/example_dags/example_kubernetes_executor.py took 0.057 seconds
[2024-06-18T13:54:59.419+0545] {processor.py:161} INFO - Started process (PID=17919) to work on /home/prabal/afenv/lib/python3.10/site-packages/airflow/example_dags/example_kubernetes_executor.py
[2024-06-18T13:54:59.432+0545] {processor.py:830} INFO - Processing file /home/prabal/afenv/lib/python3.10/site-packages/airflow/example_dags/example_kubernetes_executor.py for tasks to queue
[2024-06-18T13:54:59.434+0545] {logging_mixin.py:188} INFO - [2024-06-18T13:54:59.433+0545] {dagbag.py:545} INFO - Filling up the DagBag from /home/prabal/afenv/lib/python3.10/site-packages/airflow/example_dags/example_kubernetes_executor.py
[2024-06-18T13:54:59.438+0545] {logging_mixin.py:188} INFO - [2024-06-18T13:54:59.438+0545] {example_kubernetes_executor.py:39} WARNING - The example_kubernetes_executor example DAG requires the kubernetes provider. Please install it with: pip install apache-airflow[cncf.kubernetes]
[2024-06-18T13:54:59.438+0545] {processor.py:842} WARNING - No viable dags retrieved from /home/prabal/afenv/lib/python3.10/site-packages/airflow/example_dags/example_kubernetes_executor.py
[2024-06-18T13:54:59.450+0545] {processor.py:183} INFO - Processing /home/prabal/afenv/lib/python3.10/site-packages/airflow/example_dags/example_kubernetes_executor.py took 0.037 seconds
[2024-06-18T13:56:09.603+0545] {processor.py:161} INFO - Started process (PID=18280) to work on /home/prabal/afenv/lib/python3.10/site-packages/airflow/example_dags/example_kubernetes_executor.py
[2024-06-18T13:56:09.615+0545] {processor.py:830} INFO - Processing file /home/prabal/afenv/lib/python3.10/site-packages/airflow/example_dags/example_kubernetes_executor.py for tasks to queue
[2024-06-18T13:56:09.618+0545] {logging_mixin.py:188} INFO - [2024-06-18T13:56:09.617+0545] {dagbag.py:545} INFO - Filling up the DagBag from /home/prabal/afenv/lib/python3.10/site-packages/airflow/example_dags/example_kubernetes_executor.py
[2024-06-18T13:56:09.621+0545] {logging_mixin.py:188} INFO - [2024-06-18T13:56:09.621+0545] {example_kubernetes_executor.py:39} WARNING - The example_kubernetes_executor example DAG requires the kubernetes provider. Please install it with: pip install apache-airflow[cncf.kubernetes]
[2024-06-18T13:56:09.621+0545] {processor.py:842} WARNING - No viable dags retrieved from /home/prabal/afenv/lib/python3.10/site-packages/airflow/example_dags/example_kubernetes_executor.py
[2024-06-18T13:56:09.632+0545] {processor.py:183} INFO - Processing /home/prabal/afenv/lib/python3.10/site-packages/airflow/example_dags/example_kubernetes_executor.py took 0.034 seconds
[2024-06-18T13:57:02.162+0545] {processor.py:161} INFO - Started process (PID=18533) to work on /home/prabal/afenv/lib/python3.10/site-packages/airflow/example_dags/example_kubernetes_executor.py
[2024-06-18T13:57:02.164+0545] {processor.py:830} INFO - Processing file /home/prabal/afenv/lib/python3.10/site-packages/airflow/example_dags/example_kubernetes_executor.py for tasks to queue
[2024-06-18T13:57:02.166+0545] {logging_mixin.py:188} INFO - [2024-06-18T13:57:02.166+0545] {dagbag.py:545} INFO - Filling up the DagBag from /home/prabal/afenv/lib/python3.10/site-packages/airflow/example_dags/example_kubernetes_executor.py
[2024-06-18T13:57:02.171+0545] {logging_mixin.py:188} INFO - [2024-06-18T13:57:02.170+0545] {example_kubernetes_executor.py:39} WARNING - The example_kubernetes_executor example DAG requires the kubernetes provider. Please install it with: pip install apache-airflow[cncf.kubernetes]
[2024-06-18T13:57:02.171+0545] {processor.py:842} WARNING - No viable dags retrieved from /home/prabal/afenv/lib/python3.10/site-packages/airflow/example_dags/example_kubernetes_executor.py
[2024-06-18T13:57:02.188+0545] {processor.py:183} INFO - Processing /home/prabal/afenv/lib/python3.10/site-packages/airflow/example_dags/example_kubernetes_executor.py took 0.043 seconds
[2024-06-18T13:57:53.260+0545] {processor.py:161} INFO - Started process (PID=18783) to work on /home/prabal/afenv/lib/python3.10/site-packages/airflow/example_dags/example_kubernetes_executor.py
[2024-06-18T13:57:53.273+0545] {processor.py:830} INFO - Processing file /home/prabal/afenv/lib/python3.10/site-packages/airflow/example_dags/example_kubernetes_executor.py for tasks to queue
[2024-06-18T13:57:53.277+0545] {logging_mixin.py:188} INFO - [2024-06-18T13:57:53.276+0545] {dagbag.py:545} INFO - Filling up the DagBag from /home/prabal/afenv/lib/python3.10/site-packages/airflow/example_dags/example_kubernetes_executor.py
[2024-06-18T13:57:53.283+0545] {logging_mixin.py:188} INFO - [2024-06-18T13:57:53.282+0545] {example_kubernetes_executor.py:39} WARNING - The example_kubernetes_executor example DAG requires the kubernetes provider. Please install it with: pip install apache-airflow[cncf.kubernetes]
[2024-06-18T13:57:53.283+0545] {processor.py:842} WARNING - No viable dags retrieved from /home/prabal/afenv/lib/python3.10/site-packages/airflow/example_dags/example_kubernetes_executor.py
[2024-06-18T13:57:53.298+0545] {processor.py:183} INFO - Processing /home/prabal/afenv/lib/python3.10/site-packages/airflow/example_dags/example_kubernetes_executor.py took 0.054 seconds
[2024-06-18T14:05:41.799+0545] {processor.py:161} INFO - Started process (PID=20855) to work on /home/prabal/afenv/lib/python3.10/site-packages/airflow/example_dags/example_kubernetes_executor.py
[2024-06-18T14:05:41.812+0545] {processor.py:830} INFO - Processing file /home/prabal/afenv/lib/python3.10/site-packages/airflow/example_dags/example_kubernetes_executor.py for tasks to queue
[2024-06-18T14:05:41.816+0545] {logging_mixin.py:188} INFO - [2024-06-18T14:05:41.815+0545] {dagbag.py:545} INFO - Filling up the DagBag from /home/prabal/afenv/lib/python3.10/site-packages/airflow/example_dags/example_kubernetes_executor.py
[2024-06-18T14:05:41.822+0545] {logging_mixin.py:188} INFO - [2024-06-18T14:05:41.822+0545] {example_kubernetes_executor.py:39} WARNING - The example_kubernetes_executor example DAG requires the kubernetes provider. Please install it with: pip install apache-airflow[cncf.kubernetes]
[2024-06-18T14:05:41.823+0545] {processor.py:842} WARNING - No viable dags retrieved from /home/prabal/afenv/lib/python3.10/site-packages/airflow/example_dags/example_kubernetes_executor.py
[2024-06-18T14:05:41.841+0545] {processor.py:183} INFO - Processing /home/prabal/afenv/lib/python3.10/site-packages/airflow/example_dags/example_kubernetes_executor.py took 0.056 seconds
[2024-06-18T14:06:39.265+0545] {processor.py:161} INFO - Started process (PID=21129) to work on /home/prabal/afenv/lib/python3.10/site-packages/airflow/example_dags/example_kubernetes_executor.py
[2024-06-18T14:06:39.277+0545] {processor.py:830} INFO - Processing file /home/prabal/afenv/lib/python3.10/site-packages/airflow/example_dags/example_kubernetes_executor.py for tasks to queue
[2024-06-18T14:06:39.280+0545] {logging_mixin.py:188} INFO - [2024-06-18T14:06:39.279+0545] {dagbag.py:545} INFO - Filling up the DagBag from /home/prabal/afenv/lib/python3.10/site-packages/airflow/example_dags/example_kubernetes_executor.py
[2024-06-18T14:06:39.284+0545] {logging_mixin.py:188} INFO - [2024-06-18T14:06:39.283+0545] {example_kubernetes_executor.py:39} WARNING - The example_kubernetes_executor example DAG requires the kubernetes provider. Please install it with: pip install apache-airflow[cncf.kubernetes]
[2024-06-18T14:06:39.284+0545] {processor.py:842} WARNING - No viable dags retrieved from /home/prabal/afenv/lib/python3.10/site-packages/airflow/example_dags/example_kubernetes_executor.py
[2024-06-18T14:06:39.297+0545] {processor.py:183} INFO - Processing /home/prabal/afenv/lib/python3.10/site-packages/airflow/example_dags/example_kubernetes_executor.py took 0.050 seconds
[2024-06-18T14:07:38.339+0545] {processor.py:161} INFO - Started process (PID=21417) to work on /home/prabal/afenv/lib/python3.10/site-packages/airflow/example_dags/example_kubernetes_executor.py
[2024-06-18T14:07:38.351+0545] {processor.py:830} INFO - Processing file /home/prabal/afenv/lib/python3.10/site-packages/airflow/example_dags/example_kubernetes_executor.py for tasks to queue
[2024-06-18T14:07:38.353+0545] {logging_mixin.py:188} INFO - [2024-06-18T14:07:38.353+0545] {dagbag.py:545} INFO - Filling up the DagBag from /home/prabal/afenv/lib/python3.10/site-packages/airflow/example_dags/example_kubernetes_executor.py
[2024-06-18T14:07:38.358+0545] {logging_mixin.py:188} INFO - [2024-06-18T14:07:38.358+0545] {example_kubernetes_executor.py:39} WARNING - The example_kubernetes_executor example DAG requires the kubernetes provider. Please install it with: pip install apache-airflow[cncf.kubernetes]
[2024-06-18T14:07:38.359+0545] {processor.py:842} WARNING - No viable dags retrieved from /home/prabal/afenv/lib/python3.10/site-packages/airflow/example_dags/example_kubernetes_executor.py
[2024-06-18T14:07:38.372+0545] {processor.py:183} INFO - Processing /home/prabal/afenv/lib/python3.10/site-packages/airflow/example_dags/example_kubernetes_executor.py took 0.039 seconds
[2024-06-18T14:08:34.800+0545] {processor.py:161} INFO - Started process (PID=21692) to work on /home/prabal/afenv/lib/python3.10/site-packages/airflow/example_dags/example_kubernetes_executor.py
[2024-06-18T14:08:34.813+0545] {processor.py:830} INFO - Processing file /home/prabal/afenv/lib/python3.10/site-packages/airflow/example_dags/example_kubernetes_executor.py for tasks to queue
[2024-06-18T14:08:34.817+0545] {logging_mixin.py:188} INFO - [2024-06-18T14:08:34.816+0545] {dagbag.py:545} INFO - Filling up the DagBag from /home/prabal/afenv/lib/python3.10/site-packages/airflow/example_dags/example_kubernetes_executor.py
[2024-06-18T14:08:34.824+0545] {logging_mixin.py:188} INFO - [2024-06-18T14:08:34.823+0545] {example_kubernetes_executor.py:39} WARNING - The example_kubernetes_executor example DAG requires the kubernetes provider. Please install it with: pip install apache-airflow[cncf.kubernetes]
[2024-06-18T14:08:34.824+0545] {processor.py:842} WARNING - No viable dags retrieved from /home/prabal/afenv/lib/python3.10/site-packages/airflow/example_dags/example_kubernetes_executor.py
[2024-06-18T14:08:34.838+0545] {processor.py:183} INFO - Processing /home/prabal/afenv/lib/python3.10/site-packages/airflow/example_dags/example_kubernetes_executor.py took 0.052 seconds
[2024-06-18T14:09:29.728+0545] {processor.py:161} INFO - Started process (PID=21958) to work on /home/prabal/afenv/lib/python3.10/site-packages/airflow/example_dags/example_kubernetes_executor.py
[2024-06-18T14:09:29.742+0545] {processor.py:830} INFO - Processing file /home/prabal/afenv/lib/python3.10/site-packages/airflow/example_dags/example_kubernetes_executor.py for tasks to queue
[2024-06-18T14:09:29.746+0545] {logging_mixin.py:188} INFO - [2024-06-18T14:09:29.745+0545] {dagbag.py:545} INFO - Filling up the DagBag from /home/prabal/afenv/lib/python3.10/site-packages/airflow/example_dags/example_kubernetes_executor.py
[2024-06-18T14:09:29.752+0545] {logging_mixin.py:188} INFO - [2024-06-18T14:09:29.752+0545] {example_kubernetes_executor.py:39} WARNING - The example_kubernetes_executor example DAG requires the kubernetes provider. Please install it with: pip install apache-airflow[cncf.kubernetes]
[2024-06-18T14:09:29.752+0545] {processor.py:842} WARNING - No viable dags retrieved from /home/prabal/afenv/lib/python3.10/site-packages/airflow/example_dags/example_kubernetes_executor.py
[2024-06-18T14:09:29.775+0545] {processor.py:183} INFO - Processing /home/prabal/afenv/lib/python3.10/site-packages/airflow/example_dags/example_kubernetes_executor.py took 0.063 seconds
[2024-06-18T14:10:26.141+0545] {processor.py:161} INFO - Started process (PID=22226) to work on /home/prabal/afenv/lib/python3.10/site-packages/airflow/example_dags/example_kubernetes_executor.py
[2024-06-18T14:10:26.154+0545] {processor.py:830} INFO - Processing file /home/prabal/afenv/lib/python3.10/site-packages/airflow/example_dags/example_kubernetes_executor.py for tasks to queue
[2024-06-18T14:10:26.156+0545] {logging_mixin.py:188} INFO - [2024-06-18T14:10:26.156+0545] {dagbag.py:545} INFO - Filling up the DagBag from /home/prabal/afenv/lib/python3.10/site-packages/airflow/example_dags/example_kubernetes_executor.py
[2024-06-18T14:10:26.161+0545] {logging_mixin.py:188} INFO - [2024-06-18T14:10:26.160+0545] {example_kubernetes_executor.py:39} WARNING - The example_kubernetes_executor example DAG requires the kubernetes provider. Please install it with: pip install apache-airflow[cncf.kubernetes]
[2024-06-18T14:10:26.161+0545] {processor.py:842} WARNING - No viable dags retrieved from /home/prabal/afenv/lib/python3.10/site-packages/airflow/example_dags/example_kubernetes_executor.py
[2024-06-18T14:10:26.183+0545] {processor.py:183} INFO - Processing /home/prabal/afenv/lib/python3.10/site-packages/airflow/example_dags/example_kubernetes_executor.py took 0.059 seconds
[2024-06-18T14:11:18.590+0545] {processor.py:161} INFO - Started process (PID=22479) to work on /home/prabal/afenv/lib/python3.10/site-packages/airflow/example_dags/example_kubernetes_executor.py
[2024-06-18T14:11:18.604+0545] {processor.py:830} INFO - Processing file /home/prabal/afenv/lib/python3.10/site-packages/airflow/example_dags/example_kubernetes_executor.py for tasks to queue
[2024-06-18T14:11:18.607+0545] {logging_mixin.py:188} INFO - [2024-06-18T14:11:18.606+0545] {dagbag.py:545} INFO - Filling up the DagBag from /home/prabal/afenv/lib/python3.10/site-packages/airflow/example_dags/example_kubernetes_executor.py
[2024-06-18T14:11:18.614+0545] {logging_mixin.py:188} INFO - [2024-06-18T14:11:18.613+0545] {example_kubernetes_executor.py:39} WARNING - The example_kubernetes_executor example DAG requires the kubernetes provider. Please install it with: pip install apache-airflow[cncf.kubernetes]
[2024-06-18T14:11:18.614+0545] {processor.py:842} WARNING - No viable dags retrieved from /home/prabal/afenv/lib/python3.10/site-packages/airflow/example_dags/example_kubernetes_executor.py
[2024-06-18T14:11:18.638+0545] {processor.py:183} INFO - Processing /home/prabal/afenv/lib/python3.10/site-packages/airflow/example_dags/example_kubernetes_executor.py took 0.062 seconds
[2024-06-18T14:12:10.689+0545] {processor.py:161} INFO - Started process (PID=22732) to work on /home/prabal/afenv/lib/python3.10/site-packages/airflow/example_dags/example_kubernetes_executor.py
[2024-06-18T14:12:10.702+0545] {processor.py:830} INFO - Processing file /home/prabal/afenv/lib/python3.10/site-packages/airflow/example_dags/example_kubernetes_executor.py for tasks to queue
[2024-06-18T14:12:10.705+0545] {logging_mixin.py:188} INFO - [2024-06-18T14:12:10.704+0545] {dagbag.py:545} INFO - Filling up the DagBag from /home/prabal/afenv/lib/python3.10/site-packages/airflow/example_dags/example_kubernetes_executor.py
[2024-06-18T14:12:10.711+0545] {logging_mixin.py:188} INFO - [2024-06-18T14:12:10.711+0545] {example_kubernetes_executor.py:39} WARNING - The example_kubernetes_executor example DAG requires the kubernetes provider. Please install it with: pip install apache-airflow[cncf.kubernetes]
[2024-06-18T14:12:10.712+0545] {processor.py:842} WARNING - No viable dags retrieved from /home/prabal/afenv/lib/python3.10/site-packages/airflow/example_dags/example_kubernetes_executor.py
[2024-06-18T14:12:10.734+0545] {processor.py:183} INFO - Processing /home/prabal/afenv/lib/python3.10/site-packages/airflow/example_dags/example_kubernetes_executor.py took 0.059 seconds
[2024-06-18T14:13:01.734+0545] {processor.py:161} INFO - Started process (PID=22979) to work on /home/prabal/afenv/lib/python3.10/site-packages/airflow/example_dags/example_kubernetes_executor.py
[2024-06-18T14:13:01.747+0545] {processor.py:830} INFO - Processing file /home/prabal/afenv/lib/python3.10/site-packages/airflow/example_dags/example_kubernetes_executor.py for tasks to queue
[2024-06-18T14:13:01.751+0545] {logging_mixin.py:188} INFO - [2024-06-18T14:13:01.750+0545] {dagbag.py:545} INFO - Filling up the DagBag from /home/prabal/afenv/lib/python3.10/site-packages/airflow/example_dags/example_kubernetes_executor.py
[2024-06-18T14:13:01.756+0545] {logging_mixin.py:188} INFO - [2024-06-18T14:13:01.756+0545] {example_kubernetes_executor.py:39} WARNING - The example_kubernetes_executor example DAG requires the kubernetes provider. Please install it with: pip install apache-airflow[cncf.kubernetes]
[2024-06-18T14:13:01.757+0545] {processor.py:842} WARNING - No viable dags retrieved from /home/prabal/afenv/lib/python3.10/site-packages/airflow/example_dags/example_kubernetes_executor.py
[2024-06-18T14:13:01.772+0545] {processor.py:183} INFO - Processing /home/prabal/afenv/lib/python3.10/site-packages/airflow/example_dags/example_kubernetes_executor.py took 0.052 seconds
[2024-06-18T14:13:53.982+0545] {processor.py:161} INFO - Started process (PID=23231) to work on /home/prabal/afenv/lib/python3.10/site-packages/airflow/example_dags/example_kubernetes_executor.py
[2024-06-18T14:13:53.996+0545] {processor.py:830} INFO - Processing file /home/prabal/afenv/lib/python3.10/site-packages/airflow/example_dags/example_kubernetes_executor.py for tasks to queue
[2024-06-18T14:13:53.999+0545] {logging_mixin.py:188} INFO - [2024-06-18T14:13:53.998+0545] {dagbag.py:545} INFO - Filling up the DagBag from /home/prabal/afenv/lib/python3.10/site-packages/airflow/example_dags/example_kubernetes_executor.py
[2024-06-18T14:13:54.005+0545] {logging_mixin.py:188} INFO - [2024-06-18T14:13:54.005+0545] {example_kubernetes_executor.py:39} WARNING - The example_kubernetes_executor example DAG requires the kubernetes provider. Please install it with: pip install apache-airflow[cncf.kubernetes]
[2024-06-18T14:13:54.006+0545] {processor.py:842} WARNING - No viable dags retrieved from /home/prabal/afenv/lib/python3.10/site-packages/airflow/example_dags/example_kubernetes_executor.py
[2024-06-18T14:13:54.026+0545] {processor.py:183} INFO - Processing /home/prabal/afenv/lib/python3.10/site-packages/airflow/example_dags/example_kubernetes_executor.py took 0.057 seconds
[2024-06-18T14:14:46.357+0545] {processor.py:161} INFO - Started process (PID=23483) to work on /home/prabal/afenv/lib/python3.10/site-packages/airflow/example_dags/example_kubernetes_executor.py
[2024-06-18T14:14:46.370+0545] {processor.py:830} INFO - Processing file /home/prabal/afenv/lib/python3.10/site-packages/airflow/example_dags/example_kubernetes_executor.py for tasks to queue
[2024-06-18T14:14:46.374+0545] {logging_mixin.py:188} INFO - [2024-06-18T14:14:46.373+0545] {dagbag.py:545} INFO - Filling up the DagBag from /home/prabal/afenv/lib/python3.10/site-packages/airflow/example_dags/example_kubernetes_executor.py
[2024-06-18T14:14:46.381+0545] {logging_mixin.py:188} INFO - [2024-06-18T14:14:46.380+0545] {example_kubernetes_executor.py:39} WARNING - The example_kubernetes_executor example DAG requires the kubernetes provider. Please install it with: pip install apache-airflow[cncf.kubernetes]
[2024-06-18T14:14:46.381+0545] {processor.py:842} WARNING - No viable dags retrieved from /home/prabal/afenv/lib/python3.10/site-packages/airflow/example_dags/example_kubernetes_executor.py
[2024-06-18T14:14:46.402+0545] {processor.py:183} INFO - Processing /home/prabal/afenv/lib/python3.10/site-packages/airflow/example_dags/example_kubernetes_executor.py took 0.060 seconds
[2024-06-18T14:15:50.146+0545] {processor.py:161} INFO - Started process (PID=23815) to work on /home/prabal/afenv/lib/python3.10/site-packages/airflow/example_dags/example_kubernetes_executor.py
[2024-06-18T14:15:50.159+0545] {processor.py:830} INFO - Processing file /home/prabal/afenv/lib/python3.10/site-packages/airflow/example_dags/example_kubernetes_executor.py for tasks to queue
[2024-06-18T14:15:50.163+0545] {logging_mixin.py:188} INFO - [2024-06-18T14:15:50.162+0545] {dagbag.py:545} INFO - Filling up the DagBag from /home/prabal/afenv/lib/python3.10/site-packages/airflow/example_dags/example_kubernetes_executor.py
[2024-06-18T14:15:50.169+0545] {logging_mixin.py:188} INFO - [2024-06-18T14:15:50.169+0545] {example_kubernetes_executor.py:39} WARNING - The example_kubernetes_executor example DAG requires the kubernetes provider. Please install it with: pip install apache-airflow[cncf.kubernetes]
[2024-06-18T14:15:50.170+0545] {processor.py:842} WARNING - No viable dags retrieved from /home/prabal/afenv/lib/python3.10/site-packages/airflow/example_dags/example_kubernetes_executor.py
[2024-06-18T14:15:50.190+0545] {processor.py:183} INFO - Processing /home/prabal/afenv/lib/python3.10/site-packages/airflow/example_dags/example_kubernetes_executor.py took 0.057 seconds
[2024-06-18T14:16:47.367+0545] {processor.py:161} INFO - Started process (PID=24088) to work on /home/prabal/afenv/lib/python3.10/site-packages/airflow/example_dags/example_kubernetes_executor.py
[2024-06-18T14:16:47.381+0545] {processor.py:830} INFO - Processing file /home/prabal/afenv/lib/python3.10/site-packages/airflow/example_dags/example_kubernetes_executor.py for tasks to queue
[2024-06-18T14:16:47.386+0545] {logging_mixin.py:188} INFO - [2024-06-18T14:16:47.384+0545] {dagbag.py:545} INFO - Filling up the DagBag from /home/prabal/afenv/lib/python3.10/site-packages/airflow/example_dags/example_kubernetes_executor.py
[2024-06-18T14:16:47.392+0545] {logging_mixin.py:188} INFO - [2024-06-18T14:16:47.392+0545] {example_kubernetes_executor.py:39} WARNING - The example_kubernetes_executor example DAG requires the kubernetes provider. Please install it with: pip install apache-airflow[cncf.kubernetes]
[2024-06-18T14:16:47.393+0545] {processor.py:842} WARNING - No viable dags retrieved from /home/prabal/afenv/lib/python3.10/site-packages/airflow/example_dags/example_kubernetes_executor.py
[2024-06-18T14:16:47.415+0545] {processor.py:183} INFO - Processing /home/prabal/afenv/lib/python3.10/site-packages/airflow/example_dags/example_kubernetes_executor.py took 0.063 seconds
[2024-06-18T14:17:42.795+0545] {processor.py:161} INFO - Started process (PID=24355) to work on /home/prabal/afenv/lib/python3.10/site-packages/airflow/example_dags/example_kubernetes_executor.py
[2024-06-18T14:17:42.808+0545] {processor.py:830} INFO - Processing file /home/prabal/afenv/lib/python3.10/site-packages/airflow/example_dags/example_kubernetes_executor.py for tasks to queue
[2024-06-18T14:17:42.811+0545] {logging_mixin.py:188} INFO - [2024-06-18T14:17:42.810+0545] {dagbag.py:545} INFO - Filling up the DagBag from /home/prabal/afenv/lib/python3.10/site-packages/airflow/example_dags/example_kubernetes_executor.py
[2024-06-18T14:17:42.817+0545] {logging_mixin.py:188} INFO - [2024-06-18T14:17:42.817+0545] {example_kubernetes_executor.py:39} WARNING - The example_kubernetes_executor example DAG requires the kubernetes provider. Please install it with: pip install apache-airflow[cncf.kubernetes]
[2024-06-18T14:17:42.818+0545] {processor.py:842} WARNING - No viable dags retrieved from /home/prabal/afenv/lib/python3.10/site-packages/airflow/example_dags/example_kubernetes_executor.py
[2024-06-18T14:17:42.841+0545] {processor.py:183} INFO - Processing /home/prabal/afenv/lib/python3.10/site-packages/airflow/example_dags/example_kubernetes_executor.py took 0.058 seconds
[2024-06-18T14:18:37.493+0545] {processor.py:161} INFO - Started process (PID=24620) to work on /home/prabal/afenv/lib/python3.10/site-packages/airflow/example_dags/example_kubernetes_executor.py
[2024-06-18T14:18:37.506+0545] {processor.py:830} INFO - Processing file /home/prabal/afenv/lib/python3.10/site-packages/airflow/example_dags/example_kubernetes_executor.py for tasks to queue
[2024-06-18T14:18:37.509+0545] {logging_mixin.py:188} INFO - [2024-06-18T14:18:37.508+0545] {dagbag.py:545} INFO - Filling up the DagBag from /home/prabal/afenv/lib/python3.10/site-packages/airflow/example_dags/example_kubernetes_executor.py
[2024-06-18T14:18:37.515+0545] {logging_mixin.py:188} INFO - [2024-06-18T14:18:37.515+0545] {example_kubernetes_executor.py:39} WARNING - The example_kubernetes_executor example DAG requires the kubernetes provider. Please install it with: pip install apache-airflow[cncf.kubernetes]
[2024-06-18T14:18:37.515+0545] {processor.py:842} WARNING - No viable dags retrieved from /home/prabal/afenv/lib/python3.10/site-packages/airflow/example_dags/example_kubernetes_executor.py
[2024-06-18T14:18:37.538+0545] {processor.py:183} INFO - Processing /home/prabal/afenv/lib/python3.10/site-packages/airflow/example_dags/example_kubernetes_executor.py took 0.057 seconds
[2024-06-18T14:19:32.118+0545] {processor.py:161} INFO - Started process (PID=24880) to work on /home/prabal/afenv/lib/python3.10/site-packages/airflow/example_dags/example_kubernetes_executor.py
[2024-06-18T14:19:32.131+0545] {processor.py:830} INFO - Processing file /home/prabal/afenv/lib/python3.10/site-packages/airflow/example_dags/example_kubernetes_executor.py for tasks to queue
[2024-06-18T14:19:32.134+0545] {logging_mixin.py:188} INFO - [2024-06-18T14:19:32.133+0545] {dagbag.py:545} INFO - Filling up the DagBag from /home/prabal/afenv/lib/python3.10/site-packages/airflow/example_dags/example_kubernetes_executor.py
[2024-06-18T14:19:32.140+0545] {logging_mixin.py:188} INFO - [2024-06-18T14:19:32.140+0545] {example_kubernetes_executor.py:39} WARNING - The example_kubernetes_executor example DAG requires the kubernetes provider. Please install it with: pip install apache-airflow[cncf.kubernetes]
[2024-06-18T14:19:32.141+0545] {processor.py:842} WARNING - No viable dags retrieved from /home/prabal/afenv/lib/python3.10/site-packages/airflow/example_dags/example_kubernetes_executor.py
[2024-06-18T14:19:32.161+0545] {processor.py:183} INFO - Processing /home/prabal/afenv/lib/python3.10/site-packages/airflow/example_dags/example_kubernetes_executor.py took 0.057 seconds
[2024-06-18T14:20:26.304+0545] {processor.py:161} INFO - Started process (PID=25139) to work on /home/prabal/afenv/lib/python3.10/site-packages/airflow/example_dags/example_kubernetes_executor.py
[2024-06-18T14:20:26.317+0545] {processor.py:830} INFO - Processing file /home/prabal/afenv/lib/python3.10/site-packages/airflow/example_dags/example_kubernetes_executor.py for tasks to queue
[2024-06-18T14:20:26.320+0545] {logging_mixin.py:188} INFO - [2024-06-18T14:20:26.319+0545] {dagbag.py:545} INFO - Filling up the DagBag from /home/prabal/afenv/lib/python3.10/site-packages/airflow/example_dags/example_kubernetes_executor.py
[2024-06-18T14:20:26.327+0545] {logging_mixin.py:188} INFO - [2024-06-18T14:20:26.326+0545] {example_kubernetes_executor.py:39} WARNING - The example_kubernetes_executor example DAG requires the kubernetes provider. Please install it with: pip install apache-airflow[cncf.kubernetes]
[2024-06-18T14:20:26.327+0545] {processor.py:842} WARNING - No viable dags retrieved from /home/prabal/afenv/lib/python3.10/site-packages/airflow/example_dags/example_kubernetes_executor.py
[2024-06-18T14:20:26.349+0545] {processor.py:183} INFO - Processing /home/prabal/afenv/lib/python3.10/site-packages/airflow/example_dags/example_kubernetes_executor.py took 0.061 seconds
[2024-06-18T14:21:18.740+0545] {processor.py:161} INFO - Started process (PID=25393) to work on /home/prabal/afenv/lib/python3.10/site-packages/airflow/example_dags/example_kubernetes_executor.py
[2024-06-18T14:21:18.753+0545] {processor.py:830} INFO - Processing file /home/prabal/afenv/lib/python3.10/site-packages/airflow/example_dags/example_kubernetes_executor.py for tasks to queue
[2024-06-18T14:21:18.757+0545] {logging_mixin.py:188} INFO - [2024-06-18T14:21:18.756+0545] {dagbag.py:545} INFO - Filling up the DagBag from /home/prabal/afenv/lib/python3.10/site-packages/airflow/example_dags/example_kubernetes_executor.py
[2024-06-18T14:21:18.763+0545] {logging_mixin.py:188} INFO - [2024-06-18T14:21:18.763+0545] {example_kubernetes_executor.py:39} WARNING - The example_kubernetes_executor example DAG requires the kubernetes provider. Please install it with: pip install apache-airflow[cncf.kubernetes]
[2024-06-18T14:21:18.764+0545] {processor.py:842} WARNING - No viable dags retrieved from /home/prabal/afenv/lib/python3.10/site-packages/airflow/example_dags/example_kubernetes_executor.py
[2024-06-18T14:21:18.787+0545] {processor.py:183} INFO - Processing /home/prabal/afenv/lib/python3.10/site-packages/airflow/example_dags/example_kubernetes_executor.py took 0.060 seconds
[2024-06-18T14:22:12.819+0545] {processor.py:161} INFO - Started process (PID=25652) to work on /home/prabal/afenv/lib/python3.10/site-packages/airflow/example_dags/example_kubernetes_executor.py
[2024-06-18T14:22:12.832+0545] {processor.py:830} INFO - Processing file /home/prabal/afenv/lib/python3.10/site-packages/airflow/example_dags/example_kubernetes_executor.py for tasks to queue
[2024-06-18T14:22:12.836+0545] {logging_mixin.py:188} INFO - [2024-06-18T14:22:12.835+0545] {dagbag.py:545} INFO - Filling up the DagBag from /home/prabal/afenv/lib/python3.10/site-packages/airflow/example_dags/example_kubernetes_executor.py
[2024-06-18T14:22:12.842+0545] {logging_mixin.py:188} INFO - [2024-06-18T14:22:12.842+0545] {example_kubernetes_executor.py:39} WARNING - The example_kubernetes_executor example DAG requires the kubernetes provider. Please install it with: pip install apache-airflow[cncf.kubernetes]
[2024-06-18T14:22:12.843+0545] {processor.py:842} WARNING - No viable dags retrieved from /home/prabal/afenv/lib/python3.10/site-packages/airflow/example_dags/example_kubernetes_executor.py
[2024-06-18T14:22:12.858+0545] {processor.py:183} INFO - Processing /home/prabal/afenv/lib/python3.10/site-packages/airflow/example_dags/example_kubernetes_executor.py took 0.053 seconds
[2024-06-18T14:23:08.048+0545] {processor.py:161} INFO - Started process (PID=25919) to work on /home/prabal/afenv/lib/python3.10/site-packages/airflow/example_dags/example_kubernetes_executor.py
[2024-06-18T14:23:08.061+0545] {processor.py:830} INFO - Processing file /home/prabal/afenv/lib/python3.10/site-packages/airflow/example_dags/example_kubernetes_executor.py for tasks to queue
[2024-06-18T14:23:08.066+0545] {logging_mixin.py:188} INFO - [2024-06-18T14:23:08.065+0545] {dagbag.py:545} INFO - Filling up the DagBag from /home/prabal/afenv/lib/python3.10/site-packages/airflow/example_dags/example_kubernetes_executor.py
[2024-06-18T14:23:08.072+0545] {logging_mixin.py:188} INFO - [2024-06-18T14:23:08.072+0545] {example_kubernetes_executor.py:39} WARNING - The example_kubernetes_executor example DAG requires the kubernetes provider. Please install it with: pip install apache-airflow[cncf.kubernetes]
[2024-06-18T14:23:08.073+0545] {processor.py:842} WARNING - No viable dags retrieved from /home/prabal/afenv/lib/python3.10/site-packages/airflow/example_dags/example_kubernetes_executor.py
[2024-06-18T14:23:08.089+0545] {processor.py:183} INFO - Processing /home/prabal/afenv/lib/python3.10/site-packages/airflow/example_dags/example_kubernetes_executor.py took 0.057 seconds
[2024-06-18T14:24:00.423+0545] {processor.py:161} INFO - Started process (PID=26175) to work on /home/prabal/afenv/lib/python3.10/site-packages/airflow/example_dags/example_kubernetes_executor.py
[2024-06-18T14:24:00.436+0545] {processor.py:830} INFO - Processing file /home/prabal/afenv/lib/python3.10/site-packages/airflow/example_dags/example_kubernetes_executor.py for tasks to queue
[2024-06-18T14:24:00.440+0545] {logging_mixin.py:188} INFO - [2024-06-18T14:24:00.439+0545] {dagbag.py:545} INFO - Filling up the DagBag from /home/prabal/afenv/lib/python3.10/site-packages/airflow/example_dags/example_kubernetes_executor.py
[2024-06-18T14:24:00.446+0545] {logging_mixin.py:188} INFO - [2024-06-18T14:24:00.446+0545] {example_kubernetes_executor.py:39} WARNING - The example_kubernetes_executor example DAG requires the kubernetes provider. Please install it with: pip install apache-airflow[cncf.kubernetes]
[2024-06-18T14:24:00.447+0545] {processor.py:842} WARNING - No viable dags retrieved from /home/prabal/afenv/lib/python3.10/site-packages/airflow/example_dags/example_kubernetes_executor.py
[2024-06-18T14:24:00.469+0545] {processor.py:183} INFO - Processing /home/prabal/afenv/lib/python3.10/site-packages/airflow/example_dags/example_kubernetes_executor.py took 0.060 seconds
[2024-06-18T17:16:56.098+0545] {processor.py:161} INFO - Started process (PID=4462) to work on /home/prabal/afenv/lib/python3.10/site-packages/airflow/example_dags/example_kubernetes_executor.py
[2024-06-18T17:16:56.100+0545] {processor.py:830} INFO - Processing file /home/prabal/afenv/lib/python3.10/site-packages/airflow/example_dags/example_kubernetes_executor.py for tasks to queue
[2024-06-18T17:16:56.102+0545] {logging_mixin.py:188} INFO - [2024-06-18T17:16:56.101+0545] {dagbag.py:545} INFO - Filling up the DagBag from /home/prabal/afenv/lib/python3.10/site-packages/airflow/example_dags/example_kubernetes_executor.py
[2024-06-18T17:16:56.105+0545] {logging_mixin.py:188} INFO - [2024-06-18T17:16:56.105+0545] {example_kubernetes_executor.py:39} WARNING - The example_kubernetes_executor example DAG requires the kubernetes provider. Please install it with: pip install apache-airflow[cncf.kubernetes]
[2024-06-18T17:16:56.106+0545] {processor.py:842} WARNING - No viable dags retrieved from /home/prabal/afenv/lib/python3.10/site-packages/airflow/example_dags/example_kubernetes_executor.py
[2024-06-18T17:16:56.114+0545] {processor.py:183} INFO - Processing /home/prabal/afenv/lib/python3.10/site-packages/airflow/example_dags/example_kubernetes_executor.py took 0.022 seconds
[2024-06-18T17:18:02.103+0545] {processor.py:161} INFO - Started process (PID=4777) to work on /home/prabal/afenv/lib/python3.10/site-packages/airflow/example_dags/example_kubernetes_executor.py
[2024-06-18T17:18:02.117+0545] {processor.py:830} INFO - Processing file /home/prabal/afenv/lib/python3.10/site-packages/airflow/example_dags/example_kubernetes_executor.py for tasks to queue
[2024-06-18T17:18:02.119+0545] {logging_mixin.py:188} INFO - [2024-06-18T17:18:02.118+0545] {dagbag.py:545} INFO - Filling up the DagBag from /home/prabal/afenv/lib/python3.10/site-packages/airflow/example_dags/example_kubernetes_executor.py
[2024-06-18T17:18:02.124+0545] {logging_mixin.py:188} INFO - [2024-06-18T17:18:02.123+0545] {example_kubernetes_executor.py:39} WARNING - The example_kubernetes_executor example DAG requires the kubernetes provider. Please install it with: pip install apache-airflow[cncf.kubernetes]
[2024-06-18T17:18:02.124+0545] {processor.py:842} WARNING - No viable dags retrieved from /home/prabal/afenv/lib/python3.10/site-packages/airflow/example_dags/example_kubernetes_executor.py
[2024-06-18T17:18:02.142+0545] {processor.py:183} INFO - Processing /home/prabal/afenv/lib/python3.10/site-packages/airflow/example_dags/example_kubernetes_executor.py took 0.051 seconds
[2024-06-18T17:19:03.119+0545] {processor.py:161} INFO - Started process (PID=5490) to work on /home/prabal/afenv/lib/python3.10/site-packages/airflow/example_dags/example_kubernetes_executor.py
[2024-06-18T17:19:03.122+0545] {processor.py:830} INFO - Processing file /home/prabal/afenv/lib/python3.10/site-packages/airflow/example_dags/example_kubernetes_executor.py for tasks to queue
[2024-06-18T17:19:03.124+0545] {logging_mixin.py:188} INFO - [2024-06-18T17:19:03.123+0545] {dagbag.py:545} INFO - Filling up the DagBag from /home/prabal/afenv/lib/python3.10/site-packages/airflow/example_dags/example_kubernetes_executor.py
[2024-06-18T17:19:03.129+0545] {logging_mixin.py:188} INFO - [2024-06-18T17:19:03.129+0545] {example_kubernetes_executor.py:39} WARNING - The example_kubernetes_executor example DAG requires the kubernetes provider. Please install it with: pip install apache-airflow[cncf.kubernetes]
[2024-06-18T17:19:03.130+0545] {processor.py:842} WARNING - No viable dags retrieved from /home/prabal/afenv/lib/python3.10/site-packages/airflow/example_dags/example_kubernetes_executor.py
[2024-06-18T17:19:03.150+0545] {processor.py:183} INFO - Processing /home/prabal/afenv/lib/python3.10/site-packages/airflow/example_dags/example_kubernetes_executor.py took 0.042 seconds
[2024-06-18T17:19:58.892+0545] {processor.py:161} INFO - Started process (PID=5910) to work on /home/prabal/afenv/lib/python3.10/site-packages/airflow/example_dags/example_kubernetes_executor.py
[2024-06-18T17:19:58.894+0545] {processor.py:830} INFO - Processing file /home/prabal/afenv/lib/python3.10/site-packages/airflow/example_dags/example_kubernetes_executor.py for tasks to queue
[2024-06-18T17:19:58.896+0545] {logging_mixin.py:188} INFO - [2024-06-18T17:19:58.895+0545] {dagbag.py:545} INFO - Filling up the DagBag from /home/prabal/afenv/lib/python3.10/site-packages/airflow/example_dags/example_kubernetes_executor.py
[2024-06-18T17:19:58.901+0545] {logging_mixin.py:188} INFO - [2024-06-18T17:19:58.901+0545] {example_kubernetes_executor.py:39} WARNING - The example_kubernetes_executor example DAG requires the kubernetes provider. Please install it with: pip install apache-airflow[cncf.kubernetes]
[2024-06-18T17:19:58.902+0545] {processor.py:842} WARNING - No viable dags retrieved from /home/prabal/afenv/lib/python3.10/site-packages/airflow/example_dags/example_kubernetes_executor.py
[2024-06-18T17:19:58.920+0545] {processor.py:183} INFO - Processing /home/prabal/afenv/lib/python3.10/site-packages/airflow/example_dags/example_kubernetes_executor.py took 0.040 seconds
[2024-06-18T17:20:53.910+0545] {processor.py:161} INFO - Started process (PID=6582) to work on /home/prabal/afenv/lib/python3.10/site-packages/airflow/example_dags/example_kubernetes_executor.py
[2024-06-18T17:20:53.922+0545] {processor.py:830} INFO - Processing file /home/prabal/afenv/lib/python3.10/site-packages/airflow/example_dags/example_kubernetes_executor.py for tasks to queue
[2024-06-18T17:20:53.923+0545] {logging_mixin.py:188} INFO - [2024-06-18T17:20:53.923+0545] {dagbag.py:545} INFO - Filling up the DagBag from /home/prabal/afenv/lib/python3.10/site-packages/airflow/example_dags/example_kubernetes_executor.py
[2024-06-18T17:20:53.928+0545] {logging_mixin.py:188} INFO - [2024-06-18T17:20:53.927+0545] {example_kubernetes_executor.py:39} WARNING - The example_kubernetes_executor example DAG requires the kubernetes provider. Please install it with: pip install apache-airflow[cncf.kubernetes]
[2024-06-18T17:20:53.928+0545] {processor.py:842} WARNING - No viable dags retrieved from /home/prabal/afenv/lib/python3.10/site-packages/airflow/example_dags/example_kubernetes_executor.py
[2024-06-18T17:20:53.939+0545] {processor.py:183} INFO - Processing /home/prabal/afenv/lib/python3.10/site-packages/airflow/example_dags/example_kubernetes_executor.py took 0.034 seconds
[2024-06-18T17:22:22.175+0545] {processor.py:161} INFO - Started process (PID=7113) to work on /home/prabal/afenv/lib/python3.10/site-packages/airflow/example_dags/example_kubernetes_executor.py
[2024-06-18T17:22:22.177+0545] {processor.py:830} INFO - Processing file /home/prabal/afenv/lib/python3.10/site-packages/airflow/example_dags/example_kubernetes_executor.py for tasks to queue
[2024-06-18T17:22:22.181+0545] {logging_mixin.py:188} INFO - [2024-06-18T17:22:22.180+0545] {dagbag.py:545} INFO - Filling up the DagBag from /home/prabal/afenv/lib/python3.10/site-packages/airflow/example_dags/example_kubernetes_executor.py
[2024-06-18T17:22:22.185+0545] {logging_mixin.py:188} INFO - [2024-06-18T17:22:22.185+0545] {example_kubernetes_executor.py:39} WARNING - The example_kubernetes_executor example DAG requires the kubernetes provider. Please install it with: pip install apache-airflow[cncf.kubernetes]
[2024-06-18T17:22:22.186+0545] {processor.py:842} WARNING - No viable dags retrieved from /home/prabal/afenv/lib/python3.10/site-packages/airflow/example_dags/example_kubernetes_executor.py
[2024-06-18T17:22:22.198+0545] {processor.py:183} INFO - Processing /home/prabal/afenv/lib/python3.10/site-packages/airflow/example_dags/example_kubernetes_executor.py took 0.034 seconds
