[2024-06-18T13:42:57.875+0545] {processor.py:161} INFO - Started process (PID=14320) to work on /home/prabal/afenv/lib/python3.10/site-packages/airflow/example_dags/example_params_ui_tutorial.py
[2024-06-18T13:42:57.877+0545] {processor.py:830} INFO - Processing file /home/prabal/afenv/lib/python3.10/site-packages/airflow/example_dags/example_params_ui_tutorial.py for tasks to queue
[2024-06-18T13:42:57.880+0545] {logging_mixin.py:188} INFO - [2024-06-18T13:42:57.879+0545] {dagbag.py:545} INFO - Filling up the DagBag from /home/prabal/afenv/lib/python3.10/site-packages/airflow/example_dags/example_params_ui_tutorial.py
[2024-06-18T13:42:57.894+0545] {processor.py:840} INFO - DAG(s) 'example_params_ui_tutorial' retrieved from /home/prabal/afenv/lib/python3.10/site-packages/airflow/example_dags/example_params_ui_tutorial.py
[2024-06-18T13:42:58.055+0545] {logging_mixin.py:188} INFO - [2024-06-18T13:42:58.054+0545] {override.py:1829} INFO - Created Permission View: can read on DAG:example_params_ui_tutorial
[2024-06-18T13:42:58.178+0545] {logging_mixin.py:188} INFO - [2024-06-18T13:42:58.177+0545] {override.py:1829} INFO - Created Permission View: can edit on DAG:example_params_ui_tutorial
[2024-06-18T13:42:58.187+0545] {logging_mixin.py:188} INFO - [2024-06-18T13:42:58.186+0545] {override.py:1829} INFO - Created Permission View: can delete on DAG:example_params_ui_tutorial
[2024-06-18T13:42:58.187+0545] {logging_mixin.py:188} INFO - [2024-06-18T13:42:58.187+0545] {dag.py:3096} INFO - Sync 1 DAGs
[2024-06-18T13:42:58.197+0545] {logging_mixin.py:188} INFO - [2024-06-18T13:42:58.197+0545] {dag.py:3118} INFO - Creating ORM DAG for example_params_ui_tutorial
[2024-06-18T13:42:58.197+0545] {logging_mixin.py:188} INFO - [2024-06-18T13:42:58.197+0545] {dag.py:3954} INFO - Setting next_dagrun for example_params_ui_tutorial to None, run_after=None
[2024-06-18T13:42:58.213+0545] {processor.py:183} INFO - Processing /home/prabal/afenv/lib/python3.10/site-packages/airflow/example_dags/example_params_ui_tutorial.py took 0.352 seconds
[2024-06-18T13:43:53.894+0545] {processor.py:161} INFO - Started process (PID=14608) to work on /home/prabal/afenv/lib/python3.10/site-packages/airflow/example_dags/example_params_ui_tutorial.py
[2024-06-18T13:43:53.906+0545] {processor.py:830} INFO - Processing file /home/prabal/afenv/lib/python3.10/site-packages/airflow/example_dags/example_params_ui_tutorial.py for tasks to queue
[2024-06-18T13:43:53.908+0545] {logging_mixin.py:188} INFO - [2024-06-18T13:43:53.908+0545] {dagbag.py:545} INFO - Filling up the DagBag from /home/prabal/afenv/lib/python3.10/site-packages/airflow/example_dags/example_params_ui_tutorial.py
[2024-06-18T13:43:53.926+0545] {processor.py:840} INFO - DAG(s) 'example_params_ui_tutorial' retrieved from /home/prabal/afenv/lib/python3.10/site-packages/airflow/example_dags/example_params_ui_tutorial.py
[2024-06-18T13:43:53.972+0545] {logging_mixin.py:188} INFO - [2024-06-18T13:43:53.972+0545] {dag.py:3096} INFO - Sync 1 DAGs
[2024-06-18T13:43:53.985+0545] {logging_mixin.py:188} INFO - [2024-06-18T13:43:53.985+0545] {dag.py:3954} INFO - Setting next_dagrun for example_params_ui_tutorial to None, run_after=None
[2024-06-18T13:43:54.106+0545] {processor.py:183} INFO - Processing /home/prabal/afenv/lib/python3.10/site-packages/airflow/example_dags/example_params_ui_tutorial.py took 0.218 seconds
[2024-06-18T13:44:58.100+0545] {processor.py:161} INFO - Started process (PID=14913) to work on /home/prabal/afenv/lib/python3.10/site-packages/airflow/example_dags/example_params_ui_tutorial.py
[2024-06-18T13:44:58.112+0545] {processor.py:830} INFO - Processing file /home/prabal/afenv/lib/python3.10/site-packages/airflow/example_dags/example_params_ui_tutorial.py for tasks to queue
[2024-06-18T13:44:58.114+0545] {logging_mixin.py:188} INFO - [2024-06-18T13:44:58.114+0545] {dagbag.py:545} INFO - Filling up the DagBag from /home/prabal/afenv/lib/python3.10/site-packages/airflow/example_dags/example_params_ui_tutorial.py
[2024-06-18T13:44:58.129+0545] {processor.py:840} INFO - DAG(s) 'example_params_ui_tutorial' retrieved from /home/prabal/afenv/lib/python3.10/site-packages/airflow/example_dags/example_params_ui_tutorial.py
[2024-06-18T13:44:58.183+0545] {logging_mixin.py:188} INFO - [2024-06-18T13:44:58.182+0545] {dag.py:3096} INFO - Sync 1 DAGs
[2024-06-18T13:44:58.193+0545] {logging_mixin.py:188} INFO - [2024-06-18T13:44:58.192+0545] {dag.py:3954} INFO - Setting next_dagrun for example_params_ui_tutorial to None, run_after=None
[2024-06-18T13:44:58.216+0545] {processor.py:183} INFO - Processing /home/prabal/afenv/lib/python3.10/site-packages/airflow/example_dags/example_params_ui_tutorial.py took 0.123 seconds
[2024-06-18T13:45:53.667+0545] {processor.py:161} INFO - Started process (PID=15180) to work on /home/prabal/afenv/lib/python3.10/site-packages/airflow/example_dags/example_params_ui_tutorial.py
[2024-06-18T13:45:53.681+0545] {processor.py:830} INFO - Processing file /home/prabal/afenv/lib/python3.10/site-packages/airflow/example_dags/example_params_ui_tutorial.py for tasks to queue
[2024-06-18T13:45:53.684+0545] {logging_mixin.py:188} INFO - [2024-06-18T13:45:53.683+0545] {dagbag.py:545} INFO - Filling up the DagBag from /home/prabal/afenv/lib/python3.10/site-packages/airflow/example_dags/example_params_ui_tutorial.py
[2024-06-18T13:45:53.713+0545] {processor.py:840} INFO - DAG(s) 'example_params_ui_tutorial' retrieved from /home/prabal/afenv/lib/python3.10/site-packages/airflow/example_dags/example_params_ui_tutorial.py
[2024-06-18T13:45:53.775+0545] {logging_mixin.py:188} INFO - [2024-06-18T13:45:53.775+0545] {dag.py:3096} INFO - Sync 1 DAGs
[2024-06-18T13:45:53.786+0545] {logging_mixin.py:188} INFO - [2024-06-18T13:45:53.786+0545] {dag.py:3954} INFO - Setting next_dagrun for example_params_ui_tutorial to None, run_after=None
[2024-06-18T13:45:53.817+0545] {processor.py:183} INFO - Processing /home/prabal/afenv/lib/python3.10/site-packages/airflow/example_dags/example_params_ui_tutorial.py took 0.162 seconds
[2024-06-18T13:46:49.736+0545] {processor.py:161} INFO - Started process (PID=15451) to work on /home/prabal/afenv/lib/python3.10/site-packages/airflow/example_dags/example_params_ui_tutorial.py
[2024-06-18T13:46:49.749+0545] {processor.py:830} INFO - Processing file /home/prabal/afenv/lib/python3.10/site-packages/airflow/example_dags/example_params_ui_tutorial.py for tasks to queue
[2024-06-18T13:46:49.752+0545] {logging_mixin.py:188} INFO - [2024-06-18T13:46:49.752+0545] {dagbag.py:545} INFO - Filling up the DagBag from /home/prabal/afenv/lib/python3.10/site-packages/airflow/example_dags/example_params_ui_tutorial.py
[2024-06-18T13:46:49.780+0545] {processor.py:840} INFO - DAG(s) 'example_params_ui_tutorial' retrieved from /home/prabal/afenv/lib/python3.10/site-packages/airflow/example_dags/example_params_ui_tutorial.py
[2024-06-18T13:46:49.853+0545] {logging_mixin.py:188} INFO - [2024-06-18T13:46:49.853+0545] {dag.py:3096} INFO - Sync 1 DAGs
[2024-06-18T13:46:49.870+0545] {logging_mixin.py:188} INFO - [2024-06-18T13:46:49.870+0545] {dag.py:3954} INFO - Setting next_dagrun for example_params_ui_tutorial to None, run_after=None
[2024-06-18T13:46:49.912+0545] {processor.py:183} INFO - Processing /home/prabal/afenv/lib/python3.10/site-packages/airflow/example_dags/example_params_ui_tutorial.py took 0.192 seconds
[2024-06-18T13:48:04.741+0545] {processor.py:161} INFO - Started process (PID=15818) to work on /home/prabal/afenv/lib/python3.10/site-packages/airflow/example_dags/example_params_ui_tutorial.py
[2024-06-18T13:48:04.754+0545] {processor.py:830} INFO - Processing file /home/prabal/afenv/lib/python3.10/site-packages/airflow/example_dags/example_params_ui_tutorial.py for tasks to queue
[2024-06-18T13:48:04.758+0545] {logging_mixin.py:188} INFO - [2024-06-18T13:48:04.757+0545] {dagbag.py:545} INFO - Filling up the DagBag from /home/prabal/afenv/lib/python3.10/site-packages/airflow/example_dags/example_params_ui_tutorial.py
[2024-06-18T13:48:04.782+0545] {processor.py:840} INFO - DAG(s) 'example_params_ui_tutorial' retrieved from /home/prabal/afenv/lib/python3.10/site-packages/airflow/example_dags/example_params_ui_tutorial.py
[2024-06-18T13:48:04.854+0545] {logging_mixin.py:188} INFO - [2024-06-18T13:48:04.854+0545] {dag.py:3096} INFO - Sync 1 DAGs
[2024-06-18T13:48:04.868+0545] {logging_mixin.py:188} INFO - [2024-06-18T13:48:04.867+0545] {dag.py:3954} INFO - Setting next_dagrun for example_params_ui_tutorial to None, run_after=None
[2024-06-18T13:48:04.903+0545] {processor.py:183} INFO - Processing /home/prabal/afenv/lib/python3.10/site-packages/airflow/example_dags/example_params_ui_tutorial.py took 0.177 seconds
[2024-06-18T13:50:16.322+0545] {processor.py:161} INFO - Started process (PID=16471) to work on /home/prabal/afenv/lib/python3.10/site-packages/airflow/example_dags/example_params_ui_tutorial.py
[2024-06-18T13:50:16.334+0545] {processor.py:830} INFO - Processing file /home/prabal/afenv/lib/python3.10/site-packages/airflow/example_dags/example_params_ui_tutorial.py for tasks to queue
[2024-06-18T13:50:16.338+0545] {logging_mixin.py:188} INFO - [2024-06-18T13:50:16.337+0545] {dagbag.py:545} INFO - Filling up the DagBag from /home/prabal/afenv/lib/python3.10/site-packages/airflow/example_dags/example_params_ui_tutorial.py
[2024-06-18T13:50:16.354+0545] {processor.py:840} INFO - DAG(s) 'example_params_ui_tutorial' retrieved from /home/prabal/afenv/lib/python3.10/site-packages/airflow/example_dags/example_params_ui_tutorial.py
[2024-06-18T13:50:16.409+0545] {logging_mixin.py:188} INFO - [2024-06-18T13:50:16.408+0545] {dag.py:3096} INFO - Sync 1 DAGs
[2024-06-18T13:50:16.423+0545] {logging_mixin.py:188} INFO - [2024-06-18T13:50:16.423+0545] {dag.py:3954} INFO - Setting next_dagrun for example_params_ui_tutorial to None, run_after=None
[2024-06-18T13:50:16.445+0545] {processor.py:183} INFO - Processing /home/prabal/afenv/lib/python3.10/site-packages/airflow/example_dags/example_params_ui_tutorial.py took 0.135 seconds
[2024-06-18T13:51:59.992+0545] {processor.py:161} INFO - Started process (PID=17015) to work on /home/prabal/afenv/lib/python3.10/site-packages/airflow/example_dags/example_params_ui_tutorial.py
[2024-06-18T13:51:59.994+0545] {processor.py:830} INFO - Processing file /home/prabal/afenv/lib/python3.10/site-packages/airflow/example_dags/example_params_ui_tutorial.py for tasks to queue
[2024-06-18T13:51:59.998+0545] {logging_mixin.py:188} INFO - [2024-06-18T13:51:59.997+0545] {dagbag.py:545} INFO - Filling up the DagBag from /home/prabal/afenv/lib/python3.10/site-packages/airflow/example_dags/example_params_ui_tutorial.py
[2024-06-18T13:52:00.023+0545] {processor.py:840} INFO - DAG(s) 'example_params_ui_tutorial' retrieved from /home/prabal/afenv/lib/python3.10/site-packages/airflow/example_dags/example_params_ui_tutorial.py
[2024-06-18T13:52:00.085+0545] {logging_mixin.py:188} INFO - [2024-06-18T13:52:00.085+0545] {dag.py:3096} INFO - Sync 1 DAGs
[2024-06-18T13:52:00.097+0545] {logging_mixin.py:188} INFO - [2024-06-18T13:52:00.096+0545] {dag.py:3954} INFO - Setting next_dagrun for example_params_ui_tutorial to None, run_after=None
[2024-06-18T13:52:00.125+0545] {processor.py:183} INFO - Processing /home/prabal/afenv/lib/python3.10/site-packages/airflow/example_dags/example_params_ui_tutorial.py took 0.143 seconds
[2024-06-18T13:53:14.651+0545] {processor.py:161} INFO - Started process (PID=17410) to work on /home/prabal/afenv/lib/python3.10/site-packages/airflow/example_dags/example_params_ui_tutorial.py
[2024-06-18T13:53:14.664+0545] {processor.py:830} INFO - Processing file /home/prabal/afenv/lib/python3.10/site-packages/airflow/example_dags/example_params_ui_tutorial.py for tasks to queue
[2024-06-18T13:53:14.666+0545] {logging_mixin.py:188} INFO - [2024-06-18T13:53:14.665+0545] {dagbag.py:545} INFO - Filling up the DagBag from /home/prabal/afenv/lib/python3.10/site-packages/airflow/example_dags/example_params_ui_tutorial.py
[2024-06-18T13:53:14.680+0545] {processor.py:840} INFO - DAG(s) 'example_params_ui_tutorial' retrieved from /home/prabal/afenv/lib/python3.10/site-packages/airflow/example_dags/example_params_ui_tutorial.py
[2024-06-18T13:53:14.744+0545] {logging_mixin.py:188} INFO - [2024-06-18T13:53:14.744+0545] {dag.py:3096} INFO - Sync 1 DAGs
[2024-06-18T13:53:14.755+0545] {logging_mixin.py:188} INFO - [2024-06-18T13:53:14.755+0545] {dag.py:3954} INFO - Setting next_dagrun for example_params_ui_tutorial to None, run_after=None
[2024-06-18T13:53:14.788+0545] {processor.py:183} INFO - Processing /home/prabal/afenv/lib/python3.10/site-packages/airflow/example_dags/example_params_ui_tutorial.py took 0.150 seconds
[2024-06-18T13:54:16.134+0545] {processor.py:161} INFO - Started process (PID=17708) to work on /home/prabal/afenv/lib/python3.10/site-packages/airflow/example_dags/example_params_ui_tutorial.py
[2024-06-18T13:54:16.136+0545] {processor.py:830} INFO - Processing file /home/prabal/afenv/lib/python3.10/site-packages/airflow/example_dags/example_params_ui_tutorial.py for tasks to queue
[2024-06-18T13:54:16.137+0545] {logging_mixin.py:188} INFO - [2024-06-18T13:54:16.137+0545] {dagbag.py:545} INFO - Filling up the DagBag from /home/prabal/afenv/lib/python3.10/site-packages/airflow/example_dags/example_params_ui_tutorial.py
[2024-06-18T13:54:16.149+0545] {processor.py:840} INFO - DAG(s) 'example_params_ui_tutorial' retrieved from /home/prabal/afenv/lib/python3.10/site-packages/airflow/example_dags/example_params_ui_tutorial.py
[2024-06-18T13:54:16.190+0545] {logging_mixin.py:188} INFO - [2024-06-18T13:54:16.190+0545] {dag.py:3096} INFO - Sync 1 DAGs
[2024-06-18T13:54:16.200+0545] {logging_mixin.py:188} INFO - [2024-06-18T13:54:16.200+0545] {dag.py:3954} INFO - Setting next_dagrun for example_params_ui_tutorial to None, run_after=None
[2024-06-18T13:54:16.218+0545] {processor.py:183} INFO - Processing /home/prabal/afenv/lib/python3.10/site-packages/airflow/example_dags/example_params_ui_tutorial.py took 0.090 seconds
[2024-06-18T13:55:50.574+0545] {processor.py:161} INFO - Started process (PID=18187) to work on /home/prabal/afenv/lib/python3.10/site-packages/airflow/example_dags/example_params_ui_tutorial.py
[2024-06-18T13:55:50.587+0545] {processor.py:830} INFO - Processing file /home/prabal/afenv/lib/python3.10/site-packages/airflow/example_dags/example_params_ui_tutorial.py for tasks to queue
[2024-06-18T13:55:50.591+0545] {logging_mixin.py:188} INFO - [2024-06-18T13:55:50.590+0545] {dagbag.py:545} INFO - Filling up the DagBag from /home/prabal/afenv/lib/python3.10/site-packages/airflow/example_dags/example_params_ui_tutorial.py
[2024-06-18T13:55:50.618+0545] {processor.py:840} INFO - DAG(s) 'example_params_ui_tutorial' retrieved from /home/prabal/afenv/lib/python3.10/site-packages/airflow/example_dags/example_params_ui_tutorial.py
[2024-06-18T13:55:50.696+0545] {logging_mixin.py:188} INFO - [2024-06-18T13:55:50.696+0545] {dag.py:3096} INFO - Sync 1 DAGs
[2024-06-18T13:55:50.708+0545] {logging_mixin.py:188} INFO - [2024-06-18T13:55:50.707+0545] {dag.py:3954} INFO - Setting next_dagrun for example_params_ui_tutorial to None, run_after=None
[2024-06-18T13:55:50.738+0545] {processor.py:183} INFO - Processing /home/prabal/afenv/lib/python3.10/site-packages/airflow/example_dags/example_params_ui_tutorial.py took 0.179 seconds
[2024-06-18T13:56:44.194+0545] {processor.py:161} INFO - Started process (PID=18448) to work on /home/prabal/afenv/lib/python3.10/site-packages/airflow/example_dags/example_params_ui_tutorial.py
[2024-06-18T13:56:44.197+0545] {processor.py:830} INFO - Processing file /home/prabal/afenv/lib/python3.10/site-packages/airflow/example_dags/example_params_ui_tutorial.py for tasks to queue
[2024-06-18T13:56:44.201+0545] {logging_mixin.py:188} INFO - [2024-06-18T13:56:44.200+0545] {dagbag.py:545} INFO - Filling up the DagBag from /home/prabal/afenv/lib/python3.10/site-packages/airflow/example_dags/example_params_ui_tutorial.py
[2024-06-18T13:56:44.234+0545] {processor.py:840} INFO - DAG(s) 'example_params_ui_tutorial' retrieved from /home/prabal/afenv/lib/python3.10/site-packages/airflow/example_dags/example_params_ui_tutorial.py
[2024-06-18T13:56:44.297+0545] {logging_mixin.py:188} INFO - [2024-06-18T13:56:44.296+0545] {dag.py:3096} INFO - Sync 1 DAGs
[2024-06-18T13:56:44.315+0545] {logging_mixin.py:188} INFO - [2024-06-18T13:56:44.314+0545] {dag.py:3954} INFO - Setting next_dagrun for example_params_ui_tutorial to None, run_after=None
[2024-06-18T13:56:44.352+0545] {processor.py:183} INFO - Processing /home/prabal/afenv/lib/python3.10/site-packages/airflow/example_dags/example_params_ui_tutorial.py took 0.170 seconds
[2024-06-18T13:57:59.029+0545] {processor.py:161} INFO - Started process (PID=18817) to work on /home/prabal/afenv/lib/python3.10/site-packages/airflow/example_dags/example_params_ui_tutorial.py
[2024-06-18T13:57:59.032+0545] {processor.py:830} INFO - Processing file /home/prabal/afenv/lib/python3.10/site-packages/airflow/example_dags/example_params_ui_tutorial.py for tasks to queue
[2024-06-18T13:57:59.036+0545] {logging_mixin.py:188} INFO - [2024-06-18T13:57:59.035+0545] {dagbag.py:545} INFO - Filling up the DagBag from /home/prabal/afenv/lib/python3.10/site-packages/airflow/example_dags/example_params_ui_tutorial.py
[2024-06-18T13:57:59.060+0545] {processor.py:840} INFO - DAG(s) 'example_params_ui_tutorial' retrieved from /home/prabal/afenv/lib/python3.10/site-packages/airflow/example_dags/example_params_ui_tutorial.py
[2024-06-18T13:57:59.120+0545] {logging_mixin.py:188} INFO - [2024-06-18T13:57:59.120+0545] {dag.py:3096} INFO - Sync 1 DAGs
[2024-06-18T13:57:59.147+0545] {logging_mixin.py:188} INFO - [2024-06-18T13:57:59.146+0545] {dag.py:3954} INFO - Setting next_dagrun for example_params_ui_tutorial to None, run_after=None
[2024-06-18T13:57:59.189+0545] {processor.py:183} INFO - Processing /home/prabal/afenv/lib/python3.10/site-packages/airflow/example_dags/example_params_ui_tutorial.py took 0.174 seconds
[2024-06-18T14:05:50.817+0545] {processor.py:161} INFO - Started process (PID=20897) to work on /home/prabal/afenv/lib/python3.10/site-packages/airflow/example_dags/example_params_ui_tutorial.py
[2024-06-18T14:05:50.830+0545] {processor.py:830} INFO - Processing file /home/prabal/afenv/lib/python3.10/site-packages/airflow/example_dags/example_params_ui_tutorial.py for tasks to queue
[2024-06-18T14:05:50.833+0545] {logging_mixin.py:188} INFO - [2024-06-18T14:05:50.833+0545] {dagbag.py:545} INFO - Filling up the DagBag from /home/prabal/afenv/lib/python3.10/site-packages/airflow/example_dags/example_params_ui_tutorial.py
[2024-06-18T14:05:50.847+0545] {processor.py:840} INFO - DAG(s) 'example_params_ui_tutorial' retrieved from /home/prabal/afenv/lib/python3.10/site-packages/airflow/example_dags/example_params_ui_tutorial.py
[2024-06-18T14:05:50.891+0545] {logging_mixin.py:188} INFO - [2024-06-18T14:05:50.891+0545] {dag.py:3096} INFO - Sync 1 DAGs
[2024-06-18T14:05:50.902+0545] {logging_mixin.py:188} INFO - [2024-06-18T14:05:50.901+0545] {dag.py:3954} INFO - Setting next_dagrun for example_params_ui_tutorial to None, run_after=None
[2024-06-18T14:05:50.920+0545] {processor.py:183} INFO - Processing /home/prabal/afenv/lib/python3.10/site-packages/airflow/example_dags/example_params_ui_tutorial.py took 0.118 seconds
[2024-06-18T14:06:49.568+0545] {processor.py:161} INFO - Started process (PID=21177) to work on /home/prabal/afenv/lib/python3.10/site-packages/airflow/example_dags/example_params_ui_tutorial.py
[2024-06-18T14:06:49.582+0545] {processor.py:830} INFO - Processing file /home/prabal/afenv/lib/python3.10/site-packages/airflow/example_dags/example_params_ui_tutorial.py for tasks to queue
[2024-06-18T14:06:49.585+0545] {logging_mixin.py:188} INFO - [2024-06-18T14:06:49.584+0545] {dagbag.py:545} INFO - Filling up the DagBag from /home/prabal/afenv/lib/python3.10/site-packages/airflow/example_dags/example_params_ui_tutorial.py
[2024-06-18T14:06:49.611+0545] {processor.py:840} INFO - DAG(s) 'example_params_ui_tutorial' retrieved from /home/prabal/afenv/lib/python3.10/site-packages/airflow/example_dags/example_params_ui_tutorial.py
[2024-06-18T14:06:49.679+0545] {logging_mixin.py:188} INFO - [2024-06-18T14:06:49.679+0545] {dag.py:3096} INFO - Sync 1 DAGs
[2024-06-18T14:06:49.691+0545] {logging_mixin.py:188} INFO - [2024-06-18T14:06:49.691+0545] {dag.py:3954} INFO - Setting next_dagrun for example_params_ui_tutorial to None, run_after=None
[2024-06-18T14:06:49.813+0545] {processor.py:183} INFO - Processing /home/prabal/afenv/lib/python3.10/site-packages/airflow/example_dags/example_params_ui_tutorial.py took 0.257 seconds
[2024-06-18T14:07:45.877+0545] {processor.py:161} INFO - Started process (PID=21460) to work on /home/prabal/afenv/lib/python3.10/site-packages/airflow/example_dags/example_params_ui_tutorial.py
[2024-06-18T14:07:45.891+0545] {processor.py:830} INFO - Processing file /home/prabal/afenv/lib/python3.10/site-packages/airflow/example_dags/example_params_ui_tutorial.py for tasks to queue
[2024-06-18T14:07:45.895+0545] {logging_mixin.py:188} INFO - [2024-06-18T14:07:45.894+0545] {dagbag.py:545} INFO - Filling up the DagBag from /home/prabal/afenv/lib/python3.10/site-packages/airflow/example_dags/example_params_ui_tutorial.py
[2024-06-18T14:07:45.925+0545] {processor.py:840} INFO - DAG(s) 'example_params_ui_tutorial' retrieved from /home/prabal/afenv/lib/python3.10/site-packages/airflow/example_dags/example_params_ui_tutorial.py
[2024-06-18T14:07:45.983+0545] {logging_mixin.py:188} INFO - [2024-06-18T14:07:45.982+0545] {dag.py:3096} INFO - Sync 1 DAGs
[2024-06-18T14:07:45.995+0545] {logging_mixin.py:188} INFO - [2024-06-18T14:07:45.995+0545] {dag.py:3954} INFO - Setting next_dagrun for example_params_ui_tutorial to None, run_after=None
[2024-06-18T14:07:46.041+0545] {processor.py:183} INFO - Processing /home/prabal/afenv/lib/python3.10/site-packages/airflow/example_dags/example_params_ui_tutorial.py took 0.178 seconds
[2024-06-18T14:08:42.681+0545] {processor.py:161} INFO - Started process (PID=21731) to work on /home/prabal/afenv/lib/python3.10/site-packages/airflow/example_dags/example_params_ui_tutorial.py
[2024-06-18T14:08:42.695+0545] {processor.py:830} INFO - Processing file /home/prabal/afenv/lib/python3.10/site-packages/airflow/example_dags/example_params_ui_tutorial.py for tasks to queue
[2024-06-18T14:08:42.698+0545] {logging_mixin.py:188} INFO - [2024-06-18T14:08:42.697+0545] {dagbag.py:545} INFO - Filling up the DagBag from /home/prabal/afenv/lib/python3.10/site-packages/airflow/example_dags/example_params_ui_tutorial.py
[2024-06-18T14:08:42.729+0545] {processor.py:840} INFO - DAG(s) 'example_params_ui_tutorial' retrieved from /home/prabal/afenv/lib/python3.10/site-packages/airflow/example_dags/example_params_ui_tutorial.py
[2024-06-18T14:08:42.813+0545] {logging_mixin.py:188} INFO - [2024-06-18T14:08:42.812+0545] {dag.py:3096} INFO - Sync 1 DAGs
[2024-06-18T14:08:42.823+0545] {logging_mixin.py:188} INFO - [2024-06-18T14:08:42.823+0545] {dag.py:3954} INFO - Setting next_dagrun for example_params_ui_tutorial to None, run_after=None
[2024-06-18T14:08:42.858+0545] {processor.py:183} INFO - Processing /home/prabal/afenv/lib/python3.10/site-packages/airflow/example_dags/example_params_ui_tutorial.py took 0.190 seconds
[2024-06-18T14:09:38.458+0545] {processor.py:161} INFO - Started process (PID=22000) to work on /home/prabal/afenv/lib/python3.10/site-packages/airflow/example_dags/example_params_ui_tutorial.py
[2024-06-18T14:09:38.460+0545] {processor.py:830} INFO - Processing file /home/prabal/afenv/lib/python3.10/site-packages/airflow/example_dags/example_params_ui_tutorial.py for tasks to queue
[2024-06-18T14:09:38.463+0545] {logging_mixin.py:188} INFO - [2024-06-18T14:09:38.463+0545] {dagbag.py:545} INFO - Filling up the DagBag from /home/prabal/afenv/lib/python3.10/site-packages/airflow/example_dags/example_params_ui_tutorial.py
[2024-06-18T14:09:38.480+0545] {processor.py:840} INFO - DAG(s) 'example_params_ui_tutorial' retrieved from /home/prabal/afenv/lib/python3.10/site-packages/airflow/example_dags/example_params_ui_tutorial.py
[2024-06-18T14:09:38.525+0545] {logging_mixin.py:188} INFO - [2024-06-18T14:09:38.525+0545] {dag.py:3096} INFO - Sync 1 DAGs
[2024-06-18T14:09:38.539+0545] {logging_mixin.py:188} INFO - [2024-06-18T14:09:38.539+0545] {dag.py:3954} INFO - Setting next_dagrun for example_params_ui_tutorial to None, run_after=None
[2024-06-18T14:09:38.560+0545] {processor.py:183} INFO - Processing /home/prabal/afenv/lib/python3.10/site-packages/airflow/example_dags/example_params_ui_tutorial.py took 0.117 seconds
[2024-06-18T14:10:33.411+0545] {processor.py:161} INFO - Started process (PID=22263) to work on /home/prabal/afenv/lib/python3.10/site-packages/airflow/example_dags/example_params_ui_tutorial.py
[2024-06-18T14:10:33.413+0545] {processor.py:830} INFO - Processing file /home/prabal/afenv/lib/python3.10/site-packages/airflow/example_dags/example_params_ui_tutorial.py for tasks to queue
[2024-06-18T14:10:33.416+0545] {logging_mixin.py:188} INFO - [2024-06-18T14:10:33.415+0545] {dagbag.py:545} INFO - Filling up the DagBag from /home/prabal/afenv/lib/python3.10/site-packages/airflow/example_dags/example_params_ui_tutorial.py
[2024-06-18T14:10:33.445+0545] {processor.py:840} INFO - DAG(s) 'example_params_ui_tutorial' retrieved from /home/prabal/afenv/lib/python3.10/site-packages/airflow/example_dags/example_params_ui_tutorial.py
[2024-06-18T14:10:33.496+0545] {logging_mixin.py:188} INFO - [2024-06-18T14:10:33.495+0545] {dag.py:3096} INFO - Sync 1 DAGs
[2024-06-18T14:10:33.506+0545] {logging_mixin.py:188} INFO - [2024-06-18T14:10:33.506+0545] {dag.py:3954} INFO - Setting next_dagrun for example_params_ui_tutorial to None, run_after=None
[2024-06-18T14:10:33.529+0545] {processor.py:183} INFO - Processing /home/prabal/afenv/lib/python3.10/site-packages/airflow/example_dags/example_params_ui_tutorial.py took 0.132 seconds
[2024-06-18T14:11:25.386+0545] {processor.py:161} INFO - Started process (PID=22513) to work on /home/prabal/afenv/lib/python3.10/site-packages/airflow/example_dags/example_params_ui_tutorial.py
[2024-06-18T14:11:25.399+0545] {processor.py:830} INFO - Processing file /home/prabal/afenv/lib/python3.10/site-packages/airflow/example_dags/example_params_ui_tutorial.py for tasks to queue
[2024-06-18T14:11:25.403+0545] {logging_mixin.py:188} INFO - [2024-06-18T14:11:25.402+0545] {dagbag.py:545} INFO - Filling up the DagBag from /home/prabal/afenv/lib/python3.10/site-packages/airflow/example_dags/example_params_ui_tutorial.py
[2024-06-18T14:11:25.431+0545] {processor.py:840} INFO - DAG(s) 'example_params_ui_tutorial' retrieved from /home/prabal/afenv/lib/python3.10/site-packages/airflow/example_dags/example_params_ui_tutorial.py
[2024-06-18T14:11:25.487+0545] {logging_mixin.py:188} INFO - [2024-06-18T14:11:25.487+0545] {dag.py:3096} INFO - Sync 1 DAGs
[2024-06-18T14:11:25.498+0545] {logging_mixin.py:188} INFO - [2024-06-18T14:11:25.498+0545] {dag.py:3954} INFO - Setting next_dagrun for example_params_ui_tutorial to None, run_after=None
[2024-06-18T14:11:25.535+0545] {processor.py:183} INFO - Processing /home/prabal/afenv/lib/python3.10/site-packages/airflow/example_dags/example_params_ui_tutorial.py took 0.164 seconds
[2024-06-18T14:12:42.076+0545] {processor.py:161} INFO - Started process (PID=22884) to work on /home/prabal/afenv/lib/python3.10/site-packages/airflow/example_dags/example_params_ui_tutorial.py
[2024-06-18T14:12:42.089+0545] {processor.py:830} INFO - Processing file /home/prabal/afenv/lib/python3.10/site-packages/airflow/example_dags/example_params_ui_tutorial.py for tasks to queue
[2024-06-18T14:12:42.092+0545] {logging_mixin.py:188} INFO - [2024-06-18T14:12:42.091+0545] {dagbag.py:545} INFO - Filling up the DagBag from /home/prabal/afenv/lib/python3.10/site-packages/airflow/example_dags/example_params_ui_tutorial.py
[2024-06-18T14:12:42.111+0545] {processor.py:840} INFO - DAG(s) 'example_params_ui_tutorial' retrieved from /home/prabal/afenv/lib/python3.10/site-packages/airflow/example_dags/example_params_ui_tutorial.py
[2024-06-18T14:12:42.179+0545] {logging_mixin.py:188} INFO - [2024-06-18T14:12:42.179+0545] {dag.py:3096} INFO - Sync 1 DAGs
[2024-06-18T14:12:42.192+0545] {logging_mixin.py:188} INFO - [2024-06-18T14:12:42.191+0545] {dag.py:3954} INFO - Setting next_dagrun for example_params_ui_tutorial to None, run_after=None
[2024-06-18T14:12:42.225+0545] {processor.py:183} INFO - Processing /home/prabal/afenv/lib/python3.10/site-packages/airflow/example_dags/example_params_ui_tutorial.py took 0.164 seconds
[2024-06-18T14:13:59.633+0545] {processor.py:161} INFO - Started process (PID=23259) to work on /home/prabal/afenv/lib/python3.10/site-packages/airflow/example_dags/example_params_ui_tutorial.py
[2024-06-18T14:13:59.646+0545] {processor.py:830} INFO - Processing file /home/prabal/afenv/lib/python3.10/site-packages/airflow/example_dags/example_params_ui_tutorial.py for tasks to queue
[2024-06-18T14:13:59.650+0545] {logging_mixin.py:188} INFO - [2024-06-18T14:13:59.649+0545] {dagbag.py:545} INFO - Filling up the DagBag from /home/prabal/afenv/lib/python3.10/site-packages/airflow/example_dags/example_params_ui_tutorial.py
[2024-06-18T14:13:59.675+0545] {processor.py:840} INFO - DAG(s) 'example_params_ui_tutorial' retrieved from /home/prabal/afenv/lib/python3.10/site-packages/airflow/example_dags/example_params_ui_tutorial.py
[2024-06-18T14:13:59.737+0545] {logging_mixin.py:188} INFO - [2024-06-18T14:13:59.737+0545] {dag.py:3096} INFO - Sync 1 DAGs
[2024-06-18T14:13:59.748+0545] {logging_mixin.py:188} INFO - [2024-06-18T14:13:59.748+0545] {dag.py:3954} INFO - Setting next_dagrun for example_params_ui_tutorial to None, run_after=None
[2024-06-18T14:13:59.790+0545] {processor.py:183} INFO - Processing /home/prabal/afenv/lib/python3.10/site-packages/airflow/example_dags/example_params_ui_tutorial.py took 0.172 seconds
[2024-06-18T14:14:52.545+0545] {processor.py:161} INFO - Started process (PID=23513) to work on /home/prabal/afenv/lib/python3.10/site-packages/airflow/example_dags/example_params_ui_tutorial.py
[2024-06-18T14:14:52.558+0545] {processor.py:830} INFO - Processing file /home/prabal/afenv/lib/python3.10/site-packages/airflow/example_dags/example_params_ui_tutorial.py for tasks to queue
[2024-06-18T14:14:52.562+0545] {logging_mixin.py:188} INFO - [2024-06-18T14:14:52.561+0545] {dagbag.py:545} INFO - Filling up the DagBag from /home/prabal/afenv/lib/python3.10/site-packages/airflow/example_dags/example_params_ui_tutorial.py
[2024-06-18T14:14:52.591+0545] {processor.py:840} INFO - DAG(s) 'example_params_ui_tutorial' retrieved from /home/prabal/afenv/lib/python3.10/site-packages/airflow/example_dags/example_params_ui_tutorial.py
[2024-06-18T14:14:52.674+0545] {logging_mixin.py:188} INFO - [2024-06-18T14:14:52.673+0545] {dag.py:3096} INFO - Sync 1 DAGs
[2024-06-18T14:14:52.685+0545] {logging_mixin.py:188} INFO - [2024-06-18T14:14:52.684+0545] {dag.py:3954} INFO - Setting next_dagrun for example_params_ui_tutorial to None, run_after=None
[2024-06-18T14:14:52.724+0545] {processor.py:183} INFO - Processing /home/prabal/afenv/lib/python3.10/site-packages/airflow/example_dags/example_params_ui_tutorial.py took 0.193 seconds
[2024-06-18T14:15:58.897+0545] {processor.py:161} INFO - Started process (PID=23857) to work on /home/prabal/afenv/lib/python3.10/site-packages/airflow/example_dags/example_params_ui_tutorial.py
[2024-06-18T14:15:58.910+0545] {processor.py:830} INFO - Processing file /home/prabal/afenv/lib/python3.10/site-packages/airflow/example_dags/example_params_ui_tutorial.py for tasks to queue
[2024-06-18T14:15:58.913+0545] {logging_mixin.py:188} INFO - [2024-06-18T14:15:58.913+0545] {dagbag.py:545} INFO - Filling up the DagBag from /home/prabal/afenv/lib/python3.10/site-packages/airflow/example_dags/example_params_ui_tutorial.py
[2024-06-18T14:15:58.941+0545] {processor.py:840} INFO - DAG(s) 'example_params_ui_tutorial' retrieved from /home/prabal/afenv/lib/python3.10/site-packages/airflow/example_dags/example_params_ui_tutorial.py
[2024-06-18T14:15:59.040+0545] {logging_mixin.py:188} INFO - [2024-06-18T14:15:59.039+0545] {dag.py:3096} INFO - Sync 1 DAGs
[2024-06-18T14:15:59.053+0545] {logging_mixin.py:188} INFO - [2024-06-18T14:15:59.053+0545] {dag.py:3954} INFO - Setting next_dagrun for example_params_ui_tutorial to None, run_after=None
[2024-06-18T14:15:59.099+0545] {processor.py:183} INFO - Processing /home/prabal/afenv/lib/python3.10/site-packages/airflow/example_dags/example_params_ui_tutorial.py took 0.217 seconds
[2024-06-18T14:16:55.655+0545] {processor.py:161} INFO - Started process (PID=24128) to work on /home/prabal/afenv/lib/python3.10/site-packages/airflow/example_dags/example_params_ui_tutorial.py
[2024-06-18T14:16:55.668+0545] {processor.py:830} INFO - Processing file /home/prabal/afenv/lib/python3.10/site-packages/airflow/example_dags/example_params_ui_tutorial.py for tasks to queue
[2024-06-18T14:16:55.671+0545] {logging_mixin.py:188} INFO - [2024-06-18T14:16:55.670+0545] {dagbag.py:545} INFO - Filling up the DagBag from /home/prabal/afenv/lib/python3.10/site-packages/airflow/example_dags/example_params_ui_tutorial.py
[2024-06-18T14:16:55.690+0545] {processor.py:840} INFO - DAG(s) 'example_params_ui_tutorial' retrieved from /home/prabal/afenv/lib/python3.10/site-packages/airflow/example_dags/example_params_ui_tutorial.py
[2024-06-18T14:16:55.755+0545] {logging_mixin.py:188} INFO - [2024-06-18T14:16:55.755+0545] {dag.py:3096} INFO - Sync 1 DAGs
[2024-06-18T14:16:55.771+0545] {logging_mixin.py:188} INFO - [2024-06-18T14:16:55.771+0545] {dag.py:3954} INFO - Setting next_dagrun for example_params_ui_tutorial to None, run_after=None
[2024-06-18T14:16:55.817+0545] {processor.py:183} INFO - Processing /home/prabal/afenv/lib/python3.10/site-packages/airflow/example_dags/example_params_ui_tutorial.py took 0.177 seconds
[2024-06-18T14:17:50.845+0545] {processor.py:161} INFO - Started process (PID=24395) to work on /home/prabal/afenv/lib/python3.10/site-packages/airflow/example_dags/example_params_ui_tutorial.py
[2024-06-18T14:17:50.848+0545] {processor.py:830} INFO - Processing file /home/prabal/afenv/lib/python3.10/site-packages/airflow/example_dags/example_params_ui_tutorial.py for tasks to queue
[2024-06-18T14:17:50.851+0545] {logging_mixin.py:188} INFO - [2024-06-18T14:17:50.850+0545] {dagbag.py:545} INFO - Filling up the DagBag from /home/prabal/afenv/lib/python3.10/site-packages/airflow/example_dags/example_params_ui_tutorial.py
[2024-06-18T14:17:50.871+0545] {processor.py:840} INFO - DAG(s) 'example_params_ui_tutorial' retrieved from /home/prabal/afenv/lib/python3.10/site-packages/airflow/example_dags/example_params_ui_tutorial.py
[2024-06-18T14:17:50.941+0545] {logging_mixin.py:188} INFO - [2024-06-18T14:17:50.941+0545] {dag.py:3096} INFO - Sync 1 DAGs
[2024-06-18T14:17:50.951+0545] {logging_mixin.py:188} INFO - [2024-06-18T14:17:50.951+0545] {dag.py:3954} INFO - Setting next_dagrun for example_params_ui_tutorial to None, run_after=None
[2024-06-18T14:17:50.991+0545] {processor.py:183} INFO - Processing /home/prabal/afenv/lib/python3.10/site-packages/airflow/example_dags/example_params_ui_tutorial.py took 0.160 seconds
[2024-06-18T14:18:46.398+0545] {processor.py:161} INFO - Started process (PID=24662) to work on /home/prabal/afenv/lib/python3.10/site-packages/airflow/example_dags/example_params_ui_tutorial.py
[2024-06-18T14:18:46.410+0545] {processor.py:830} INFO - Processing file /home/prabal/afenv/lib/python3.10/site-packages/airflow/example_dags/example_params_ui_tutorial.py for tasks to queue
[2024-06-18T14:18:46.414+0545] {logging_mixin.py:188} INFO - [2024-06-18T14:18:46.413+0545] {dagbag.py:545} INFO - Filling up the DagBag from /home/prabal/afenv/lib/python3.10/site-packages/airflow/example_dags/example_params_ui_tutorial.py
[2024-06-18T14:18:46.433+0545] {processor.py:840} INFO - DAG(s) 'example_params_ui_tutorial' retrieved from /home/prabal/afenv/lib/python3.10/site-packages/airflow/example_dags/example_params_ui_tutorial.py
[2024-06-18T14:18:46.481+0545] {logging_mixin.py:188} INFO - [2024-06-18T14:18:46.480+0545] {dag.py:3096} INFO - Sync 1 DAGs
[2024-06-18T14:18:46.498+0545] {logging_mixin.py:188} INFO - [2024-06-18T14:18:46.497+0545] {dag.py:3954} INFO - Setting next_dagrun for example_params_ui_tutorial to None, run_after=None
[2024-06-18T14:18:46.522+0545] {processor.py:183} INFO - Processing /home/prabal/afenv/lib/python3.10/site-packages/airflow/example_dags/example_params_ui_tutorial.py took 0.137 seconds
[2024-06-18T14:19:41.641+0545] {processor.py:161} INFO - Started process (PID=24925) to work on /home/prabal/afenv/lib/python3.10/site-packages/airflow/example_dags/example_params_ui_tutorial.py
[2024-06-18T14:19:41.654+0545] {processor.py:830} INFO - Processing file /home/prabal/afenv/lib/python3.10/site-packages/airflow/example_dags/example_params_ui_tutorial.py for tasks to queue
[2024-06-18T14:19:41.657+0545] {logging_mixin.py:188} INFO - [2024-06-18T14:19:41.656+0545] {dagbag.py:545} INFO - Filling up the DagBag from /home/prabal/afenv/lib/python3.10/site-packages/airflow/example_dags/example_params_ui_tutorial.py
[2024-06-18T14:19:41.674+0545] {processor.py:840} INFO - DAG(s) 'example_params_ui_tutorial' retrieved from /home/prabal/afenv/lib/python3.10/site-packages/airflow/example_dags/example_params_ui_tutorial.py
[2024-06-18T14:19:41.719+0545] {logging_mixin.py:188} INFO - [2024-06-18T14:19:41.719+0545] {dag.py:3096} INFO - Sync 1 DAGs
[2024-06-18T14:19:41.729+0545] {logging_mixin.py:188} INFO - [2024-06-18T14:19:41.729+0545] {dag.py:3954} INFO - Setting next_dagrun for example_params_ui_tutorial to None, run_after=None
[2024-06-18T14:19:41.749+0545] {processor.py:183} INFO - Processing /home/prabal/afenv/lib/python3.10/site-packages/airflow/example_dags/example_params_ui_tutorial.py took 0.121 seconds
[2024-06-18T14:20:58.661+0545] {processor.py:161} INFO - Started process (PID=25297) to work on /home/prabal/afenv/lib/python3.10/site-packages/airflow/example_dags/example_params_ui_tutorial.py
[2024-06-18T14:20:58.674+0545] {processor.py:830} INFO - Processing file /home/prabal/afenv/lib/python3.10/site-packages/airflow/example_dags/example_params_ui_tutorial.py for tasks to queue
[2024-06-18T14:20:58.677+0545] {logging_mixin.py:188} INFO - [2024-06-18T14:20:58.677+0545] {dagbag.py:545} INFO - Filling up the DagBag from /home/prabal/afenv/lib/python3.10/site-packages/airflow/example_dags/example_params_ui_tutorial.py
[2024-06-18T14:20:58.702+0545] {processor.py:840} INFO - DAG(s) 'example_params_ui_tutorial' retrieved from /home/prabal/afenv/lib/python3.10/site-packages/airflow/example_dags/example_params_ui_tutorial.py
[2024-06-18T14:20:58.748+0545] {logging_mixin.py:188} INFO - [2024-06-18T14:20:58.748+0545] {dag.py:3096} INFO - Sync 1 DAGs
[2024-06-18T14:20:58.771+0545] {logging_mixin.py:188} INFO - [2024-06-18T14:20:58.770+0545] {dag.py:3954} INFO - Setting next_dagrun for example_params_ui_tutorial to None, run_after=None
[2024-06-18T14:20:58.823+0545] {processor.py:183} INFO - Processing /home/prabal/afenv/lib/python3.10/site-packages/airflow/example_dags/example_params_ui_tutorial.py took 0.180 seconds
[2024-06-18T14:21:54.857+0545] {processor.py:161} INFO - Started process (PID=25564) to work on /home/prabal/afenv/lib/python3.10/site-packages/airflow/example_dags/example_params_ui_tutorial.py
[2024-06-18T14:21:54.871+0545] {processor.py:830} INFO - Processing file /home/prabal/afenv/lib/python3.10/site-packages/airflow/example_dags/example_params_ui_tutorial.py for tasks to queue
[2024-06-18T14:21:54.874+0545] {logging_mixin.py:188} INFO - [2024-06-18T14:21:54.873+0545] {dagbag.py:545} INFO - Filling up the DagBag from /home/prabal/afenv/lib/python3.10/site-packages/airflow/example_dags/example_params_ui_tutorial.py
[2024-06-18T14:21:54.908+0545] {processor.py:840} INFO - DAG(s) 'example_params_ui_tutorial' retrieved from /home/prabal/afenv/lib/python3.10/site-packages/airflow/example_dags/example_params_ui_tutorial.py
[2024-06-18T14:21:54.973+0545] {logging_mixin.py:188} INFO - [2024-06-18T14:21:54.972+0545] {dag.py:3096} INFO - Sync 1 DAGs
[2024-06-18T14:21:54.988+0545] {logging_mixin.py:188} INFO - [2024-06-18T14:21:54.988+0545] {dag.py:3954} INFO - Setting next_dagrun for example_params_ui_tutorial to None, run_after=None
[2024-06-18T14:21:55.009+0545] {processor.py:183} INFO - Processing /home/prabal/afenv/lib/python3.10/site-packages/airflow/example_dags/example_params_ui_tutorial.py took 0.169 seconds
[2024-06-18T14:22:50.267+0545] {processor.py:161} INFO - Started process (PID=25833) to work on /home/prabal/afenv/lib/python3.10/site-packages/airflow/example_dags/example_params_ui_tutorial.py
[2024-06-18T14:22:50.281+0545] {processor.py:830} INFO - Processing file /home/prabal/afenv/lib/python3.10/site-packages/airflow/example_dags/example_params_ui_tutorial.py for tasks to queue
[2024-06-18T14:22:50.284+0545] {logging_mixin.py:188} INFO - [2024-06-18T14:22:50.283+0545] {dagbag.py:545} INFO - Filling up the DagBag from /home/prabal/afenv/lib/python3.10/site-packages/airflow/example_dags/example_params_ui_tutorial.py
[2024-06-18T14:22:50.312+0545] {processor.py:840} INFO - DAG(s) 'example_params_ui_tutorial' retrieved from /home/prabal/afenv/lib/python3.10/site-packages/airflow/example_dags/example_params_ui_tutorial.py
[2024-06-18T14:22:50.395+0545] {logging_mixin.py:188} INFO - [2024-06-18T14:22:50.395+0545] {dag.py:3096} INFO - Sync 1 DAGs
[2024-06-18T14:22:50.406+0545] {logging_mixin.py:188} INFO - [2024-06-18T14:22:50.406+0545] {dag.py:3954} INFO - Setting next_dagrun for example_params_ui_tutorial to None, run_after=None
[2024-06-18T14:22:50.437+0545] {processor.py:183} INFO - Processing /home/prabal/afenv/lib/python3.10/site-packages/airflow/example_dags/example_params_ui_tutorial.py took 0.187 seconds
[2024-06-18T14:24:07.775+0545] {processor.py:161} INFO - Started process (PID=26210) to work on /home/prabal/afenv/lib/python3.10/site-packages/airflow/example_dags/example_params_ui_tutorial.py
[2024-06-18T14:24:07.788+0545] {processor.py:830} INFO - Processing file /home/prabal/afenv/lib/python3.10/site-packages/airflow/example_dags/example_params_ui_tutorial.py for tasks to queue
[2024-06-18T14:24:07.791+0545] {logging_mixin.py:188} INFO - [2024-06-18T14:24:07.791+0545] {dagbag.py:545} INFO - Filling up the DagBag from /home/prabal/afenv/lib/python3.10/site-packages/airflow/example_dags/example_params_ui_tutorial.py
[2024-06-18T14:24:07.829+0545] {processor.py:840} INFO - DAG(s) 'example_params_ui_tutorial' retrieved from /home/prabal/afenv/lib/python3.10/site-packages/airflow/example_dags/example_params_ui_tutorial.py
[2024-06-18T14:24:07.896+0545] {logging_mixin.py:188} INFO - [2024-06-18T14:24:07.896+0545] {dag.py:3096} INFO - Sync 1 DAGs
[2024-06-18T14:24:07.911+0545] {logging_mixin.py:188} INFO - [2024-06-18T14:24:07.911+0545] {dag.py:3954} INFO - Setting next_dagrun for example_params_ui_tutorial to None, run_after=None
[2024-06-18T14:24:07.944+0545] {processor.py:183} INFO - Processing /home/prabal/afenv/lib/python3.10/site-packages/airflow/example_dags/example_params_ui_tutorial.py took 0.184 seconds
[2024-06-18T17:17:05.106+0545] {processor.py:161} INFO - Started process (PID=4508) to work on /home/prabal/afenv/lib/python3.10/site-packages/airflow/example_dags/example_params_ui_tutorial.py
[2024-06-18T17:17:05.109+0545] {processor.py:830} INFO - Processing file /home/prabal/afenv/lib/python3.10/site-packages/airflow/example_dags/example_params_ui_tutorial.py for tasks to queue
[2024-06-18T17:17:05.110+0545] {logging_mixin.py:188} INFO - [2024-06-18T17:17:05.110+0545] {dagbag.py:545} INFO - Filling up the DagBag from /home/prabal/afenv/lib/python3.10/site-packages/airflow/example_dags/example_params_ui_tutorial.py
[2024-06-18T17:17:05.134+0545] {processor.py:840} INFO - DAG(s) 'example_params_ui_tutorial' retrieved from /home/prabal/afenv/lib/python3.10/site-packages/airflow/example_dags/example_params_ui_tutorial.py
[2024-06-18T17:17:05.320+0545] {logging_mixin.py:188} INFO - [2024-06-18T17:17:05.320+0545] {dag.py:3096} INFO - Sync 1 DAGs
[2024-06-18T17:17:05.328+0545] {logging_mixin.py:188} INFO - [2024-06-18T17:17:05.328+0545] {dag.py:3954} INFO - Setting next_dagrun for example_params_ui_tutorial to None, run_after=None
[2024-06-18T17:17:05.348+0545] {processor.py:183} INFO - Processing /home/prabal/afenv/lib/python3.10/site-packages/airflow/example_dags/example_params_ui_tutorial.py took 0.253 seconds
[2024-06-18T17:18:10.242+0545] {processor.py:161} INFO - Started process (PID=4870) to work on /home/prabal/afenv/lib/python3.10/site-packages/airflow/example_dags/example_params_ui_tutorial.py
[2024-06-18T17:18:10.255+0545] {processor.py:830} INFO - Processing file /home/prabal/afenv/lib/python3.10/site-packages/airflow/example_dags/example_params_ui_tutorial.py for tasks to queue
[2024-06-18T17:18:10.258+0545] {logging_mixin.py:188} INFO - [2024-06-18T17:18:10.257+0545] {dagbag.py:545} INFO - Filling up the DagBag from /home/prabal/afenv/lib/python3.10/site-packages/airflow/example_dags/example_params_ui_tutorial.py
[2024-06-18T17:18:10.280+0545] {processor.py:840} INFO - DAG(s) 'example_params_ui_tutorial' retrieved from /home/prabal/afenv/lib/python3.10/site-packages/airflow/example_dags/example_params_ui_tutorial.py
[2024-06-18T17:18:10.320+0545] {logging_mixin.py:188} INFO - [2024-06-18T17:18:10.320+0545] {dag.py:3096} INFO - Sync 1 DAGs
[2024-06-18T17:18:10.330+0545] {logging_mixin.py:188} INFO - [2024-06-18T17:18:10.329+0545] {dag.py:3954} INFO - Setting next_dagrun for example_params_ui_tutorial to None, run_after=None
[2024-06-18T17:18:10.431+0545] {processor.py:183} INFO - Processing /home/prabal/afenv/lib/python3.10/site-packages/airflow/example_dags/example_params_ui_tutorial.py took 0.200 seconds
[2024-06-18T17:19:11.587+0545] {processor.py:161} INFO - Started process (PID=5531) to work on /home/prabal/afenv/lib/python3.10/site-packages/airflow/example_dags/example_params_ui_tutorial.py
[2024-06-18T17:19:11.600+0545] {processor.py:830} INFO - Processing file /home/prabal/afenv/lib/python3.10/site-packages/airflow/example_dags/example_params_ui_tutorial.py for tasks to queue
[2024-06-18T17:19:11.602+0545] {logging_mixin.py:188} INFO - [2024-06-18T17:19:11.601+0545] {dagbag.py:545} INFO - Filling up the DagBag from /home/prabal/afenv/lib/python3.10/site-packages/airflow/example_dags/example_params_ui_tutorial.py
[2024-06-18T17:19:11.623+0545] {processor.py:840} INFO - DAG(s) 'example_params_ui_tutorial' retrieved from /home/prabal/afenv/lib/python3.10/site-packages/airflow/example_dags/example_params_ui_tutorial.py
[2024-06-18T17:19:11.665+0545] {logging_mixin.py:188} INFO - [2024-06-18T17:19:11.665+0545] {dag.py:3096} INFO - Sync 1 DAGs
[2024-06-18T17:19:11.674+0545] {logging_mixin.py:188} INFO - [2024-06-18T17:19:11.674+0545] {dag.py:3954} INFO - Setting next_dagrun for example_params_ui_tutorial to None, run_after=None
[2024-06-18T17:19:11.693+0545] {processor.py:183} INFO - Processing /home/prabal/afenv/lib/python3.10/site-packages/airflow/example_dags/example_params_ui_tutorial.py took 0.118 seconds
[2024-06-18T17:20:08.253+0545] {processor.py:161} INFO - Started process (PID=5962) to work on /home/prabal/afenv/lib/python3.10/site-packages/airflow/example_dags/example_params_ui_tutorial.py
[2024-06-18T17:20:08.266+0545] {processor.py:830} INFO - Processing file /home/prabal/afenv/lib/python3.10/site-packages/airflow/example_dags/example_params_ui_tutorial.py for tasks to queue
[2024-06-18T17:20:08.268+0545] {logging_mixin.py:188} INFO - [2024-06-18T17:20:08.267+0545] {dagbag.py:545} INFO - Filling up the DagBag from /home/prabal/afenv/lib/python3.10/site-packages/airflow/example_dags/example_params_ui_tutorial.py
[2024-06-18T17:20:08.290+0545] {processor.py:840} INFO - DAG(s) 'example_params_ui_tutorial' retrieved from /home/prabal/afenv/lib/python3.10/site-packages/airflow/example_dags/example_params_ui_tutorial.py
[2024-06-18T17:20:08.337+0545] {logging_mixin.py:188} INFO - [2024-06-18T17:20:08.337+0545] {dag.py:3096} INFO - Sync 1 DAGs
[2024-06-18T17:20:08.346+0545] {logging_mixin.py:188} INFO - [2024-06-18T17:20:08.346+0545] {dag.py:3954} INFO - Setting next_dagrun for example_params_ui_tutorial to None, run_after=None
[2024-06-18T17:20:08.365+0545] {processor.py:183} INFO - Processing /home/prabal/afenv/lib/python3.10/site-packages/airflow/example_dags/example_params_ui_tutorial.py took 0.125 seconds
[2024-06-18T17:21:02.310+0545] {processor.py:161} INFO - Started process (PID=6634) to work on /home/prabal/afenv/lib/python3.10/site-packages/airflow/example_dags/example_params_ui_tutorial.py
[2024-06-18T17:21:02.323+0545] {processor.py:830} INFO - Processing file /home/prabal/afenv/lib/python3.10/site-packages/airflow/example_dags/example_params_ui_tutorial.py for tasks to queue
[2024-06-18T17:21:02.325+0545] {logging_mixin.py:188} INFO - [2024-06-18T17:21:02.324+0545] {dagbag.py:545} INFO - Filling up the DagBag from /home/prabal/afenv/lib/python3.10/site-packages/airflow/example_dags/example_params_ui_tutorial.py
[2024-06-18T17:21:02.350+0545] {processor.py:840} INFO - DAG(s) 'example_params_ui_tutorial' retrieved from /home/prabal/afenv/lib/python3.10/site-packages/airflow/example_dags/example_params_ui_tutorial.py
[2024-06-18T17:21:02.398+0545] {logging_mixin.py:188} INFO - [2024-06-18T17:21:02.398+0545] {dag.py:3096} INFO - Sync 1 DAGs
[2024-06-18T17:21:02.408+0545] {logging_mixin.py:188} INFO - [2024-06-18T17:21:02.408+0545] {dag.py:3954} INFO - Setting next_dagrun for example_params_ui_tutorial to None, run_after=None
[2024-06-18T17:21:02.427+0545] {processor.py:183} INFO - Processing /home/prabal/afenv/lib/python3.10/site-packages/airflow/example_dags/example_params_ui_tutorial.py took 0.128 seconds
[2024-06-18T17:22:41.268+0545] {processor.py:161} INFO - Started process (PID=7223) to work on /home/prabal/afenv/lib/python3.10/site-packages/airflow/example_dags/example_params_ui_tutorial.py
[2024-06-18T17:22:41.280+0545] {processor.py:830} INFO - Processing file /home/prabal/afenv/lib/python3.10/site-packages/airflow/example_dags/example_params_ui_tutorial.py for tasks to queue
[2024-06-18T17:22:41.283+0545] {logging_mixin.py:188} INFO - [2024-06-18T17:22:41.283+0545] {dagbag.py:545} INFO - Filling up the DagBag from /home/prabal/afenv/lib/python3.10/site-packages/airflow/example_dags/example_params_ui_tutorial.py
[2024-06-18T17:22:41.306+0545] {processor.py:840} INFO - DAG(s) 'example_params_ui_tutorial' retrieved from /home/prabal/afenv/lib/python3.10/site-packages/airflow/example_dags/example_params_ui_tutorial.py
[2024-06-18T17:22:41.494+0545] {logging_mixin.py:188} INFO - [2024-06-18T17:22:41.494+0545] {dag.py:3096} INFO - Sync 1 DAGs
[2024-06-18T17:22:41.502+0545] {logging_mixin.py:188} INFO - [2024-06-18T17:22:41.502+0545] {dag.py:3954} INFO - Setting next_dagrun for example_params_ui_tutorial to None, run_after=None
[2024-06-18T17:22:41.521+0545] {processor.py:183} INFO - Processing /home/prabal/afenv/lib/python3.10/site-packages/airflow/example_dags/example_params_ui_tutorial.py took 0.264 seconds
