[2024-06-18T13:42:18.022+0545] {processor.py:161} INFO - Started process (PID=14135) to work on /home/prabal/afenv/lib/python3.10/site-packages/airflow/example_dags/example_skip_dag.py
[2024-06-18T13:42:18.024+0545] {processor.py:830} INFO - Processing file /home/prabal/afenv/lib/python3.10/site-packages/airflow/example_dags/example_skip_dag.py for tasks to queue
[2024-06-18T13:42:18.027+0545] {logging_mixin.py:188} INFO - [2024-06-18T13:42:18.027+0545] {dagbag.py:545} INFO - Filling up the DagBag from /home/prabal/afenv/lib/python3.10/site-packages/airflow/example_dags/example_skip_dag.py
[2024-06-18T13:42:18.041+0545] {processor.py:840} INFO - DAG(s) 'example_skip_dag' retrieved from /home/prabal/afenv/lib/python3.10/site-packages/airflow/example_dags/example_skip_dag.py
[2024-06-18T13:42:18.202+0545] {logging_mixin.py:188} INFO - [2024-06-18T13:42:18.201+0545] {override.py:1829} INFO - Created Permission View: can read on DAG:example_skip_dag
[2024-06-18T13:42:18.215+0545] {logging_mixin.py:188} INFO - [2024-06-18T13:42:18.215+0545] {override.py:1829} INFO - Created Permission View: can edit on DAG:example_skip_dag
[2024-06-18T13:42:18.227+0545] {logging_mixin.py:188} INFO - [2024-06-18T13:42:18.227+0545] {override.py:1829} INFO - Created Permission View: can delete on DAG:example_skip_dag
[2024-06-18T13:42:18.228+0545] {logging_mixin.py:188} INFO - [2024-06-18T13:42:18.228+0545] {dag.py:3096} INFO - Sync 1 DAGs
[2024-06-18T13:42:18.249+0545] {logging_mixin.py:188} INFO - [2024-06-18T13:42:18.249+0545] {dag.py:3118} INFO - Creating ORM DAG for example_skip_dag
[2024-06-18T13:42:18.263+0545] {logging_mixin.py:188} INFO - [2024-06-18T13:42:18.263+0545] {dag.py:3954} INFO - Setting next_dagrun for example_skip_dag to 2024-06-17 00:00:00+00:00, run_after=2024-06-18 00:00:00+00:00
[2024-06-18T13:42:18.291+0545] {processor.py:183} INFO - Processing /home/prabal/afenv/lib/python3.10/site-packages/airflow/example_dags/example_skip_dag.py took 0.283 seconds
[2024-06-18T13:43:20.033+0545] {processor.py:161} INFO - Started process (PID=14429) to work on /home/prabal/afenv/lib/python3.10/site-packages/airflow/example_dags/example_skip_dag.py
[2024-06-18T13:43:20.048+0545] {processor.py:830} INFO - Processing file /home/prabal/afenv/lib/python3.10/site-packages/airflow/example_dags/example_skip_dag.py for tasks to queue
[2024-06-18T13:43:20.051+0545] {logging_mixin.py:188} INFO - [2024-06-18T13:43:20.051+0545] {dagbag.py:545} INFO - Filling up the DagBag from /home/prabal/afenv/lib/python3.10/site-packages/airflow/example_dags/example_skip_dag.py
[2024-06-18T13:43:20.067+0545] {processor.py:840} INFO - DAG(s) 'example_skip_dag' retrieved from /home/prabal/afenv/lib/python3.10/site-packages/airflow/example_dags/example_skip_dag.py
[2024-06-18T13:43:20.097+0545] {logging_mixin.py:188} INFO - [2024-06-18T13:43:20.097+0545] {dag.py:3096} INFO - Sync 1 DAGs
[2024-06-18T13:43:20.134+0545] {logging_mixin.py:188} INFO - [2024-06-18T13:43:20.134+0545] {dag.py:3954} INFO - Setting next_dagrun for example_skip_dag to 2024-06-17 00:00:00+00:00, run_after=2024-06-18 00:00:00+00:00
[2024-06-18T13:43:20.168+0545] {processor.py:183} INFO - Processing /home/prabal/afenv/lib/python3.10/site-packages/airflow/example_dags/example_skip_dag.py took 0.148 seconds
[2024-06-18T13:44:17.190+0545] {processor.py:161} INFO - Started process (PID=14718) to work on /home/prabal/afenv/lib/python3.10/site-packages/airflow/example_dags/example_skip_dag.py
[2024-06-18T13:44:17.204+0545] {processor.py:830} INFO - Processing file /home/prabal/afenv/lib/python3.10/site-packages/airflow/example_dags/example_skip_dag.py for tasks to queue
[2024-06-18T13:44:17.207+0545] {logging_mixin.py:188} INFO - [2024-06-18T13:44:17.207+0545] {dagbag.py:545} INFO - Filling up the DagBag from /home/prabal/afenv/lib/python3.10/site-packages/airflow/example_dags/example_skip_dag.py
[2024-06-18T13:44:17.222+0545] {processor.py:840} INFO - DAG(s) 'example_skip_dag' retrieved from /home/prabal/afenv/lib/python3.10/site-packages/airflow/example_dags/example_skip_dag.py
[2024-06-18T13:44:17.255+0545] {logging_mixin.py:188} INFO - [2024-06-18T13:44:17.255+0545] {dag.py:3096} INFO - Sync 1 DAGs
[2024-06-18T13:44:17.357+0545] {logging_mixin.py:188} INFO - [2024-06-18T13:44:17.357+0545] {dag.py:3954} INFO - Setting next_dagrun for example_skip_dag to 2024-06-17 00:00:00+00:00, run_after=2024-06-18 00:00:00+00:00
[2024-06-18T13:44:17.373+0545] {processor.py:183} INFO - Processing /home/prabal/afenv/lib/python3.10/site-packages/airflow/example_dags/example_skip_dag.py took 0.195 seconds
[2024-06-18T13:45:19.772+0545] {processor.py:161} INFO - Started process (PID=15017) to work on /home/prabal/afenv/lib/python3.10/site-packages/airflow/example_dags/example_skip_dag.py
[2024-06-18T13:45:19.784+0545] {processor.py:830} INFO - Processing file /home/prabal/afenv/lib/python3.10/site-packages/airflow/example_dags/example_skip_dag.py for tasks to queue
[2024-06-18T13:45:19.788+0545] {logging_mixin.py:188} INFO - [2024-06-18T13:45:19.787+0545] {dagbag.py:545} INFO - Filling up the DagBag from /home/prabal/afenv/lib/python3.10/site-packages/airflow/example_dags/example_skip_dag.py
[2024-06-18T13:45:19.801+0545] {processor.py:840} INFO - DAG(s) 'example_skip_dag' retrieved from /home/prabal/afenv/lib/python3.10/site-packages/airflow/example_dags/example_skip_dag.py
[2024-06-18T13:45:19.819+0545] {logging_mixin.py:188} INFO - [2024-06-18T13:45:19.819+0545] {dag.py:3096} INFO - Sync 1 DAGs
[2024-06-18T13:45:19.844+0545] {logging_mixin.py:188} INFO - [2024-06-18T13:45:19.843+0545] {dag.py:3954} INFO - Setting next_dagrun for example_skip_dag to 2024-06-17 00:00:00+00:00, run_after=2024-06-18 00:00:00+00:00
[2024-06-18T13:45:19.869+0545] {processor.py:183} INFO - Processing /home/prabal/afenv/lib/python3.10/site-packages/airflow/example_dags/example_skip_dag.py took 0.106 seconds
[2024-06-18T13:46:12.050+0545] {processor.py:161} INFO - Started process (PID=15268) to work on /home/prabal/afenv/lib/python3.10/site-packages/airflow/example_dags/example_skip_dag.py
[2024-06-18T13:46:12.063+0545] {processor.py:830} INFO - Processing file /home/prabal/afenv/lib/python3.10/site-packages/airflow/example_dags/example_skip_dag.py for tasks to queue
[2024-06-18T13:46:12.067+0545] {logging_mixin.py:188} INFO - [2024-06-18T13:46:12.067+0545] {dagbag.py:545} INFO - Filling up the DagBag from /home/prabal/afenv/lib/python3.10/site-packages/airflow/example_dags/example_skip_dag.py
[2024-06-18T13:46:12.086+0545] {processor.py:840} INFO - DAG(s) 'example_skip_dag' retrieved from /home/prabal/afenv/lib/python3.10/site-packages/airflow/example_dags/example_skip_dag.py
[2024-06-18T13:46:12.116+0545] {logging_mixin.py:188} INFO - [2024-06-18T13:46:12.116+0545] {dag.py:3096} INFO - Sync 1 DAGs
[2024-06-18T13:46:12.135+0545] {logging_mixin.py:188} INFO - [2024-06-18T13:46:12.135+0545] {dag.py:3954} INFO - Setting next_dagrun for example_skip_dag to 2024-06-17 00:00:00+00:00, run_after=2024-06-18 00:00:00+00:00
[2024-06-18T13:46:12.157+0545] {processor.py:183} INFO - Processing /home/prabal/afenv/lib/python3.10/site-packages/airflow/example_dags/example_skip_dag.py took 0.120 seconds
[2024-06-18T13:47:04.187+0545] {processor.py:161} INFO - Started process (PID=15522) to work on /home/prabal/afenv/lib/python3.10/site-packages/airflow/example_dags/example_skip_dag.py
[2024-06-18T13:47:04.199+0545] {processor.py:830} INFO - Processing file /home/prabal/afenv/lib/python3.10/site-packages/airflow/example_dags/example_skip_dag.py for tasks to queue
[2024-06-18T13:47:04.202+0545] {logging_mixin.py:188} INFO - [2024-06-18T13:47:04.202+0545] {dagbag.py:545} INFO - Filling up the DagBag from /home/prabal/afenv/lib/python3.10/site-packages/airflow/example_dags/example_skip_dag.py
[2024-06-18T13:47:04.212+0545] {processor.py:840} INFO - DAG(s) 'example_skip_dag' retrieved from /home/prabal/afenv/lib/python3.10/site-packages/airflow/example_dags/example_skip_dag.py
[2024-06-18T13:47:04.231+0545] {logging_mixin.py:188} INFO - [2024-06-18T13:47:04.231+0545] {dag.py:3096} INFO - Sync 1 DAGs
[2024-06-18T13:47:04.252+0545] {logging_mixin.py:188} INFO - [2024-06-18T13:47:04.251+0545] {dag.py:3954} INFO - Setting next_dagrun for example_skip_dag to 2024-06-17 00:00:00+00:00, run_after=2024-06-18 00:00:00+00:00
[2024-06-18T13:47:04.281+0545] {processor.py:183} INFO - Processing /home/prabal/afenv/lib/python3.10/site-packages/airflow/example_dags/example_skip_dag.py took 0.103 seconds
[2024-06-18T13:47:54.276+0545] {processor.py:161} INFO - Started process (PID=15765) to work on /home/prabal/afenv/lib/python3.10/site-packages/airflow/example_dags/example_skip_dag.py
[2024-06-18T13:47:54.289+0545] {processor.py:830} INFO - Processing file /home/prabal/afenv/lib/python3.10/site-packages/airflow/example_dags/example_skip_dag.py for tasks to queue
[2024-06-18T13:47:54.292+0545] {logging_mixin.py:188} INFO - [2024-06-18T13:47:54.292+0545] {dagbag.py:545} INFO - Filling up the DagBag from /home/prabal/afenv/lib/python3.10/site-packages/airflow/example_dags/example_skip_dag.py
[2024-06-18T13:47:54.307+0545] {processor.py:840} INFO - DAG(s) 'example_skip_dag' retrieved from /home/prabal/afenv/lib/python3.10/site-packages/airflow/example_dags/example_skip_dag.py
[2024-06-18T13:47:54.326+0545] {logging_mixin.py:188} INFO - [2024-06-18T13:47:54.326+0545] {dag.py:3096} INFO - Sync 1 DAGs
[2024-06-18T13:47:54.344+0545] {logging_mixin.py:188} INFO - [2024-06-18T13:47:54.343+0545] {dag.py:3954} INFO - Setting next_dagrun for example_skip_dag to 2024-06-17 00:00:00+00:00, run_after=2024-06-18 00:00:00+00:00
[2024-06-18T13:47:54.363+0545] {processor.py:183} INFO - Processing /home/prabal/afenv/lib/python3.10/site-packages/airflow/example_dags/example_skip_dag.py took 0.104 seconds
[2024-06-18T13:48:45.610+0545] {processor.py:161} INFO - Started process (PID=16030) to work on /home/prabal/afenv/lib/python3.10/site-packages/airflow/example_dags/example_skip_dag.py
[2024-06-18T13:48:45.622+0545] {processor.py:830} INFO - Processing file /home/prabal/afenv/lib/python3.10/site-packages/airflow/example_dags/example_skip_dag.py for tasks to queue
[2024-06-18T13:48:45.623+0545] {logging_mixin.py:188} INFO - [2024-06-18T13:48:45.623+0545] {dagbag.py:545} INFO - Filling up the DagBag from /home/prabal/afenv/lib/python3.10/site-packages/airflow/example_dags/example_skip_dag.py
[2024-06-18T13:48:45.633+0545] {processor.py:840} INFO - DAG(s) 'example_skip_dag' retrieved from /home/prabal/afenv/lib/python3.10/site-packages/airflow/example_dags/example_skip_dag.py
[2024-06-18T13:48:45.652+0545] {logging_mixin.py:188} INFO - [2024-06-18T13:48:45.651+0545] {dag.py:3096} INFO - Sync 1 DAGs
[2024-06-18T13:48:45.674+0545] {logging_mixin.py:188} INFO - [2024-06-18T13:48:45.674+0545] {dag.py:3954} INFO - Setting next_dagrun for example_skip_dag to 2024-06-17 00:00:00+00:00, run_after=2024-06-18 00:00:00+00:00
[2024-06-18T13:48:45.695+0545] {processor.py:183} INFO - Processing /home/prabal/afenv/lib/python3.10/site-packages/airflow/example_dags/example_skip_dag.py took 0.091 seconds
[2024-06-18T13:49:48.706+0545] {processor.py:161} INFO - Started process (PID=16340) to work on /home/prabal/afenv/lib/python3.10/site-packages/airflow/example_dags/example_skip_dag.py
[2024-06-18T13:49:48.708+0545] {processor.py:830} INFO - Processing file /home/prabal/afenv/lib/python3.10/site-packages/airflow/example_dags/example_skip_dag.py for tasks to queue
[2024-06-18T13:49:48.710+0545] {logging_mixin.py:188} INFO - [2024-06-18T13:49:48.710+0545] {dagbag.py:545} INFO - Filling up the DagBag from /home/prabal/afenv/lib/python3.10/site-packages/airflow/example_dags/example_skip_dag.py
[2024-06-18T13:49:48.721+0545] {processor.py:840} INFO - DAG(s) 'example_skip_dag' retrieved from /home/prabal/afenv/lib/python3.10/site-packages/airflow/example_dags/example_skip_dag.py
[2024-06-18T13:49:48.739+0545] {logging_mixin.py:188} INFO - [2024-06-18T13:49:48.738+0545] {dag.py:3096} INFO - Sync 1 DAGs
[2024-06-18T13:49:48.758+0545] {logging_mixin.py:188} INFO - [2024-06-18T13:49:48.758+0545] {dag.py:3954} INFO - Setting next_dagrun for example_skip_dag to 2024-06-17 00:00:00+00:00, run_after=2024-06-18 00:00:00+00:00
[2024-06-18T13:49:48.780+0545] {processor.py:183} INFO - Processing /home/prabal/afenv/lib/python3.10/site-packages/airflow/example_dags/example_skip_dag.py took 0.080 seconds
[2024-06-18T13:51:09.488+0545] {processor.py:161} INFO - Started process (PID=16729) to work on /home/prabal/afenv/lib/python3.10/site-packages/airflow/example_dags/example_skip_dag.py
[2024-06-18T13:51:09.501+0545] {processor.py:830} INFO - Processing file /home/prabal/afenv/lib/python3.10/site-packages/airflow/example_dags/example_skip_dag.py for tasks to queue
[2024-06-18T13:51:09.504+0545] {logging_mixin.py:188} INFO - [2024-06-18T13:51:09.503+0545] {dagbag.py:545} INFO - Filling up the DagBag from /home/prabal/afenv/lib/python3.10/site-packages/airflow/example_dags/example_skip_dag.py
[2024-06-18T13:51:09.519+0545] {processor.py:840} INFO - DAG(s) 'example_skip_dag' retrieved from /home/prabal/afenv/lib/python3.10/site-packages/airflow/example_dags/example_skip_dag.py
[2024-06-18T13:51:09.547+0545] {logging_mixin.py:188} INFO - [2024-06-18T13:51:09.547+0545] {dag.py:3096} INFO - Sync 1 DAGs
[2024-06-18T13:51:09.578+0545] {logging_mixin.py:188} INFO - [2024-06-18T13:51:09.578+0545] {dag.py:3954} INFO - Setting next_dagrun for example_skip_dag to 2024-06-17 00:00:00+00:00, run_after=2024-06-18 00:00:00+00:00
[2024-06-18T13:51:09.606+0545] {processor.py:183} INFO - Processing /home/prabal/afenv/lib/python3.10/site-packages/airflow/example_dags/example_skip_dag.py took 0.132 seconds
[2024-06-18T13:52:19.483+0545] {processor.py:161} INFO - Started process (PID=17108) to work on /home/prabal/afenv/lib/python3.10/site-packages/airflow/example_dags/example_skip_dag.py
[2024-06-18T13:52:19.496+0545] {processor.py:830} INFO - Processing file /home/prabal/afenv/lib/python3.10/site-packages/airflow/example_dags/example_skip_dag.py for tasks to queue
[2024-06-18T13:52:19.499+0545] {logging_mixin.py:188} INFO - [2024-06-18T13:52:19.499+0545] {dagbag.py:545} INFO - Filling up the DagBag from /home/prabal/afenv/lib/python3.10/site-packages/airflow/example_dags/example_skip_dag.py
[2024-06-18T13:52:19.515+0545] {processor.py:840} INFO - DAG(s) 'example_skip_dag' retrieved from /home/prabal/afenv/lib/python3.10/site-packages/airflow/example_dags/example_skip_dag.py
[2024-06-18T13:52:19.543+0545] {logging_mixin.py:188} INFO - [2024-06-18T13:52:19.543+0545] {dag.py:3096} INFO - Sync 1 DAGs
[2024-06-18T13:52:19.571+0545] {logging_mixin.py:188} INFO - [2024-06-18T13:52:19.570+0545] {dag.py:3954} INFO - Setting next_dagrun for example_skip_dag to 2024-06-17 00:00:00+00:00, run_after=2024-06-18 00:00:00+00:00
[2024-06-18T13:52:19.607+0545] {processor.py:183} INFO - Processing /home/prabal/afenv/lib/python3.10/site-packages/airflow/example_dags/example_skip_dag.py took 0.140 seconds
[2024-06-18T13:53:34.175+0545] {processor.py:161} INFO - Started process (PID=17505) to work on /home/prabal/afenv/lib/python3.10/site-packages/airflow/example_dags/example_skip_dag.py
[2024-06-18T13:53:34.187+0545] {processor.py:830} INFO - Processing file /home/prabal/afenv/lib/python3.10/site-packages/airflow/example_dags/example_skip_dag.py for tasks to queue
[2024-06-18T13:53:34.189+0545] {logging_mixin.py:188} INFO - [2024-06-18T13:53:34.188+0545] {dagbag.py:545} INFO - Filling up the DagBag from /home/prabal/afenv/lib/python3.10/site-packages/airflow/example_dags/example_skip_dag.py
[2024-06-18T13:53:34.198+0545] {processor.py:840} INFO - DAG(s) 'example_skip_dag' retrieved from /home/prabal/afenv/lib/python3.10/site-packages/airflow/example_dags/example_skip_dag.py
[2024-06-18T13:53:34.214+0545] {logging_mixin.py:188} INFO - [2024-06-18T13:53:34.213+0545] {dag.py:3096} INFO - Sync 1 DAGs
[2024-06-18T13:53:34.231+0545] {logging_mixin.py:188} INFO - [2024-06-18T13:53:34.231+0545] {dag.py:3954} INFO - Setting next_dagrun for example_skip_dag to 2024-06-17 00:00:00+00:00, run_after=2024-06-18 00:00:00+00:00
[2024-06-18T13:53:34.251+0545] {processor.py:183} INFO - Processing /home/prabal/afenv/lib/python3.10/site-packages/airflow/example_dags/example_skip_dag.py took 0.084 seconds
[2024-06-18T13:54:27.760+0545] {processor.py:161} INFO - Started process (PID=17764) to work on /home/prabal/afenv/lib/python3.10/site-packages/airflow/example_dags/example_skip_dag.py
[2024-06-18T13:54:27.772+0545] {processor.py:830} INFO - Processing file /home/prabal/afenv/lib/python3.10/site-packages/airflow/example_dags/example_skip_dag.py for tasks to queue
[2024-06-18T13:54:27.774+0545] {logging_mixin.py:188} INFO - [2024-06-18T13:54:27.773+0545] {dagbag.py:545} INFO - Filling up the DagBag from /home/prabal/afenv/lib/python3.10/site-packages/airflow/example_dags/example_skip_dag.py
[2024-06-18T13:54:27.782+0545] {processor.py:840} INFO - DAG(s) 'example_skip_dag' retrieved from /home/prabal/afenv/lib/python3.10/site-packages/airflow/example_dags/example_skip_dag.py
[2024-06-18T13:54:27.801+0545] {logging_mixin.py:188} INFO - [2024-06-18T13:54:27.801+0545] {dag.py:3096} INFO - Sync 1 DAGs
[2024-06-18T13:54:27.821+0545] {logging_mixin.py:188} INFO - [2024-06-18T13:54:27.821+0545] {dag.py:3954} INFO - Setting next_dagrun for example_skip_dag to 2024-06-17 00:00:00+00:00, run_after=2024-06-18 00:00:00+00:00
[2024-06-18T13:54:27.842+0545] {processor.py:183} INFO - Processing /home/prabal/afenv/lib/python3.10/site-packages/airflow/example_dags/example_skip_dag.py took 0.088 seconds
[2024-06-18T13:55:30.218+0545] {processor.py:161} INFO - Started process (PID=18091) to work on /home/prabal/afenv/lib/python3.10/site-packages/airflow/example_dags/example_skip_dag.py
[2024-06-18T13:55:30.229+0545] {processor.py:830} INFO - Processing file /home/prabal/afenv/lib/python3.10/site-packages/airflow/example_dags/example_skip_dag.py for tasks to queue
[2024-06-18T13:55:30.232+0545] {logging_mixin.py:188} INFO - [2024-06-18T13:55:30.232+0545] {dagbag.py:545} INFO - Filling up the DagBag from /home/prabal/afenv/lib/python3.10/site-packages/airflow/example_dags/example_skip_dag.py
[2024-06-18T13:55:30.243+0545] {processor.py:840} INFO - DAG(s) 'example_skip_dag' retrieved from /home/prabal/afenv/lib/python3.10/site-packages/airflow/example_dags/example_skip_dag.py
[2024-06-18T13:55:30.266+0545] {logging_mixin.py:188} INFO - [2024-06-18T13:55:30.265+0545] {dag.py:3096} INFO - Sync 1 DAGs
[2024-06-18T13:55:30.284+0545] {logging_mixin.py:188} INFO - [2024-06-18T13:55:30.283+0545] {dag.py:3954} INFO - Setting next_dagrun for example_skip_dag to 2024-06-17 00:00:00+00:00, run_after=2024-06-18 00:00:00+00:00
[2024-06-18T13:55:30.307+0545] {processor.py:183} INFO - Processing /home/prabal/afenv/lib/python3.10/site-packages/airflow/example_dags/example_skip_dag.py took 0.097 seconds
[2024-06-18T13:56:27.076+0545] {processor.py:161} INFO - Started process (PID=18363) to work on /home/prabal/afenv/lib/python3.10/site-packages/airflow/example_dags/example_skip_dag.py
[2024-06-18T13:56:27.077+0545] {processor.py:830} INFO - Processing file /home/prabal/afenv/lib/python3.10/site-packages/airflow/example_dags/example_skip_dag.py for tasks to queue
[2024-06-18T13:56:27.081+0545] {logging_mixin.py:188} INFO - [2024-06-18T13:56:27.080+0545] {dagbag.py:545} INFO - Filling up the DagBag from /home/prabal/afenv/lib/python3.10/site-packages/airflow/example_dags/example_skip_dag.py
[2024-06-18T13:56:27.089+0545] {processor.py:840} INFO - DAG(s) 'example_skip_dag' retrieved from /home/prabal/afenv/lib/python3.10/site-packages/airflow/example_dags/example_skip_dag.py
[2024-06-18T13:56:27.111+0545] {logging_mixin.py:188} INFO - [2024-06-18T13:56:27.111+0545] {dag.py:3096} INFO - Sync 1 DAGs
[2024-06-18T13:56:27.133+0545] {logging_mixin.py:188} INFO - [2024-06-18T13:56:27.132+0545] {dag.py:3954} INFO - Setting next_dagrun for example_skip_dag to 2024-06-17 00:00:00+00:00, run_after=2024-06-18 00:00:00+00:00
[2024-06-18T13:56:27.156+0545] {processor.py:183} INFO - Processing /home/prabal/afenv/lib/python3.10/site-packages/airflow/example_dags/example_skip_dag.py took 0.088 seconds
[2024-06-18T13:57:15.480+0545] {processor.py:161} INFO - Started process (PID=18602) to work on /home/prabal/afenv/lib/python3.10/site-packages/airflow/example_dags/example_skip_dag.py
[2024-06-18T13:57:15.494+0545] {processor.py:830} INFO - Processing file /home/prabal/afenv/lib/python3.10/site-packages/airflow/example_dags/example_skip_dag.py for tasks to queue
[2024-06-18T13:57:15.497+0545] {logging_mixin.py:188} INFO - [2024-06-18T13:57:15.496+0545] {dagbag.py:545} INFO - Filling up the DagBag from /home/prabal/afenv/lib/python3.10/site-packages/airflow/example_dags/example_skip_dag.py
[2024-06-18T13:57:15.511+0545] {processor.py:840} INFO - DAG(s) 'example_skip_dag' retrieved from /home/prabal/afenv/lib/python3.10/site-packages/airflow/example_dags/example_skip_dag.py
[2024-06-18T13:57:15.539+0545] {logging_mixin.py:188} INFO - [2024-06-18T13:57:15.538+0545] {dag.py:3096} INFO - Sync 1 DAGs
[2024-06-18T13:57:15.557+0545] {logging_mixin.py:188} INFO - [2024-06-18T13:57:15.557+0545] {dag.py:3954} INFO - Setting next_dagrun for example_skip_dag to 2024-06-17 00:00:00+00:00, run_after=2024-06-18 00:00:00+00:00
[2024-06-18T13:57:15.591+0545] {processor.py:183} INFO - Processing /home/prabal/afenv/lib/python3.10/site-packages/airflow/example_dags/example_skip_dag.py took 0.125 seconds
[2024-06-18T14:05:16.387+0545] {processor.py:161} INFO - Started process (PID=20717) to work on /home/prabal/afenv/lib/python3.10/site-packages/airflow/example_dags/example_skip_dag.py
[2024-06-18T14:05:16.400+0545] {processor.py:830} INFO - Processing file /home/prabal/afenv/lib/python3.10/site-packages/airflow/example_dags/example_skip_dag.py for tasks to queue
[2024-06-18T14:05:16.403+0545] {logging_mixin.py:188} INFO - [2024-06-18T14:05:16.403+0545] {dagbag.py:545} INFO - Filling up the DagBag from /home/prabal/afenv/lib/python3.10/site-packages/airflow/example_dags/example_skip_dag.py
[2024-06-18T14:05:16.421+0545] {processor.py:840} INFO - DAG(s) 'example_skip_dag' retrieved from /home/prabal/afenv/lib/python3.10/site-packages/airflow/example_dags/example_skip_dag.py
[2024-06-18T14:05:16.451+0545] {logging_mixin.py:188} INFO - [2024-06-18T14:05:16.451+0545] {dag.py:3096} INFO - Sync 1 DAGs
[2024-06-18T14:05:16.467+0545] {logging_mixin.py:188} INFO - [2024-06-18T14:05:16.467+0545] {dag.py:3954} INFO - Setting next_dagrun for example_skip_dag to 2024-06-17 00:00:00+00:00, run_after=2024-06-18 00:00:00+00:00
[2024-06-18T14:05:16.485+0545] {processor.py:183} INFO - Processing /home/prabal/afenv/lib/python3.10/site-packages/airflow/example_dags/example_skip_dag.py took 0.104 seconds
[2024-06-18T14:06:14.046+0545] {processor.py:161} INFO - Started process (PID=21008) to work on /home/prabal/afenv/lib/python3.10/site-packages/airflow/example_dags/example_skip_dag.py
[2024-06-18T14:06:14.059+0545] {processor.py:830} INFO - Processing file /home/prabal/afenv/lib/python3.10/site-packages/airflow/example_dags/example_skip_dag.py for tasks to queue
[2024-06-18T14:06:14.062+0545] {logging_mixin.py:188} INFO - [2024-06-18T14:06:14.062+0545] {dagbag.py:545} INFO - Filling up the DagBag from /home/prabal/afenv/lib/python3.10/site-packages/airflow/example_dags/example_skip_dag.py
[2024-06-18T14:06:14.077+0545] {processor.py:840} INFO - DAG(s) 'example_skip_dag' retrieved from /home/prabal/afenv/lib/python3.10/site-packages/airflow/example_dags/example_skip_dag.py
[2024-06-18T14:06:14.095+0545] {logging_mixin.py:188} INFO - [2024-06-18T14:06:14.094+0545] {dag.py:3096} INFO - Sync 1 DAGs
[2024-06-18T14:06:14.111+0545] {logging_mixin.py:188} INFO - [2024-06-18T14:06:14.111+0545] {dag.py:3954} INFO - Setting next_dagrun for example_skip_dag to 2024-06-17 00:00:00+00:00, run_after=2024-06-18 00:00:00+00:00
[2024-06-18T14:06:14.129+0545] {processor.py:183} INFO - Processing /home/prabal/afenv/lib/python3.10/site-packages/airflow/example_dags/example_skip_dag.py took 0.097 seconds
[2024-06-18T14:07:11.810+0545] {processor.py:161} INFO - Started process (PID=21285) to work on /home/prabal/afenv/lib/python3.10/site-packages/airflow/example_dags/example_skip_dag.py
[2024-06-18T14:07:11.827+0545] {processor.py:830} INFO - Processing file /home/prabal/afenv/lib/python3.10/site-packages/airflow/example_dags/example_skip_dag.py for tasks to queue
[2024-06-18T14:07:11.831+0545] {logging_mixin.py:188} INFO - [2024-06-18T14:07:11.830+0545] {dagbag.py:545} INFO - Filling up the DagBag from /home/prabal/afenv/lib/python3.10/site-packages/airflow/example_dags/example_skip_dag.py
[2024-06-18T14:07:11.847+0545] {processor.py:840} INFO - DAG(s) 'example_skip_dag' retrieved from /home/prabal/afenv/lib/python3.10/site-packages/airflow/example_dags/example_skip_dag.py
[2024-06-18T14:07:11.868+0545] {logging_mixin.py:188} INFO - [2024-06-18T14:07:11.867+0545] {dag.py:3096} INFO - Sync 1 DAGs
[2024-06-18T14:07:11.971+0545] {logging_mixin.py:188} INFO - [2024-06-18T14:07:11.970+0545] {dag.py:3954} INFO - Setting next_dagrun for example_skip_dag to 2024-06-17 00:00:00+00:00, run_after=2024-06-18 00:00:00+00:00
[2024-06-18T14:07:11.987+0545] {processor.py:183} INFO - Processing /home/prabal/afenv/lib/python3.10/site-packages/airflow/example_dags/example_skip_dag.py took 0.192 seconds
[2024-06-18T14:08:07.756+0545] {processor.py:161} INFO - Started process (PID=21565) to work on /home/prabal/afenv/lib/python3.10/site-packages/airflow/example_dags/example_skip_dag.py
[2024-06-18T14:08:07.769+0545] {processor.py:830} INFO - Processing file /home/prabal/afenv/lib/python3.10/site-packages/airflow/example_dags/example_skip_dag.py for tasks to queue
[2024-06-18T14:08:07.773+0545] {logging_mixin.py:188} INFO - [2024-06-18T14:08:07.772+0545] {dagbag.py:545} INFO - Filling up the DagBag from /home/prabal/afenv/lib/python3.10/site-packages/airflow/example_dags/example_skip_dag.py
[2024-06-18T14:08:07.789+0545] {processor.py:840} INFO - DAG(s) 'example_skip_dag' retrieved from /home/prabal/afenv/lib/python3.10/site-packages/airflow/example_dags/example_skip_dag.py
[2024-06-18T14:08:07.810+0545] {logging_mixin.py:188} INFO - [2024-06-18T14:08:07.809+0545] {dag.py:3096} INFO - Sync 1 DAGs
[2024-06-18T14:08:07.843+0545] {logging_mixin.py:188} INFO - [2024-06-18T14:08:07.842+0545] {dag.py:3954} INFO - Setting next_dagrun for example_skip_dag to 2024-06-17 00:00:00+00:00, run_after=2024-06-18 00:00:00+00:00
[2024-06-18T14:08:07.864+0545] {processor.py:183} INFO - Processing /home/prabal/afenv/lib/python3.10/site-packages/airflow/example_dags/example_skip_dag.py took 0.122 seconds
[2024-06-18T14:09:02.017+0545] {processor.py:161} INFO - Started process (PID=21824) to work on /home/prabal/afenv/lib/python3.10/site-packages/airflow/example_dags/example_skip_dag.py
[2024-06-18T14:09:02.030+0545] {processor.py:830} INFO - Processing file /home/prabal/afenv/lib/python3.10/site-packages/airflow/example_dags/example_skip_dag.py for tasks to queue
[2024-06-18T14:09:02.034+0545] {logging_mixin.py:188} INFO - [2024-06-18T14:09:02.033+0545] {dagbag.py:545} INFO - Filling up the DagBag from /home/prabal/afenv/lib/python3.10/site-packages/airflow/example_dags/example_skip_dag.py
[2024-06-18T14:09:02.050+0545] {processor.py:840} INFO - DAG(s) 'example_skip_dag' retrieved from /home/prabal/afenv/lib/python3.10/site-packages/airflow/example_dags/example_skip_dag.py
[2024-06-18T14:09:02.072+0545] {logging_mixin.py:188} INFO - [2024-06-18T14:09:02.072+0545] {dag.py:3096} INFO - Sync 1 DAGs
[2024-06-18T14:09:02.102+0545] {logging_mixin.py:188} INFO - [2024-06-18T14:09:02.102+0545] {dag.py:3954} INFO - Setting next_dagrun for example_skip_dag to 2024-06-17 00:00:00+00:00, run_after=2024-06-18 00:00:00+00:00
[2024-06-18T14:09:02.127+0545] {processor.py:183} INFO - Processing /home/prabal/afenv/lib/python3.10/site-packages/airflow/example_dags/example_skip_dag.py took 0.124 seconds
[2024-06-18T14:09:56.557+0545] {processor.py:161} INFO - Started process (PID=22087) to work on /home/prabal/afenv/lib/python3.10/site-packages/airflow/example_dags/example_skip_dag.py
[2024-06-18T14:09:56.570+0545] {processor.py:830} INFO - Processing file /home/prabal/afenv/lib/python3.10/site-packages/airflow/example_dags/example_skip_dag.py for tasks to queue
[2024-06-18T14:09:56.573+0545] {logging_mixin.py:188} INFO - [2024-06-18T14:09:56.572+0545] {dagbag.py:545} INFO - Filling up the DagBag from /home/prabal/afenv/lib/python3.10/site-packages/airflow/example_dags/example_skip_dag.py
[2024-06-18T14:09:56.587+0545] {processor.py:840} INFO - DAG(s) 'example_skip_dag' retrieved from /home/prabal/afenv/lib/python3.10/site-packages/airflow/example_dags/example_skip_dag.py
[2024-06-18T14:09:56.616+0545] {logging_mixin.py:188} INFO - [2024-06-18T14:09:56.615+0545] {dag.py:3096} INFO - Sync 1 DAGs
[2024-06-18T14:09:56.649+0545] {logging_mixin.py:188} INFO - [2024-06-18T14:09:56.649+0545] {dag.py:3954} INFO - Setting next_dagrun for example_skip_dag to 2024-06-17 00:00:00+00:00, run_after=2024-06-18 00:00:00+00:00
[2024-06-18T14:09:56.677+0545] {processor.py:183} INFO - Processing /home/prabal/afenv/lib/python3.10/site-packages/airflow/example_dags/example_skip_dag.py took 0.133 seconds
[2024-06-18T14:10:51.435+0545] {processor.py:161} INFO - Started process (PID=22349) to work on /home/prabal/afenv/lib/python3.10/site-packages/airflow/example_dags/example_skip_dag.py
[2024-06-18T14:10:51.448+0545] {processor.py:830} INFO - Processing file /home/prabal/afenv/lib/python3.10/site-packages/airflow/example_dags/example_skip_dag.py for tasks to queue
[2024-06-18T14:10:51.452+0545] {logging_mixin.py:188} INFO - [2024-06-18T14:10:51.451+0545] {dagbag.py:545} INFO - Filling up the DagBag from /home/prabal/afenv/lib/python3.10/site-packages/airflow/example_dags/example_skip_dag.py
[2024-06-18T14:10:51.463+0545] {processor.py:840} INFO - DAG(s) 'example_skip_dag' retrieved from /home/prabal/afenv/lib/python3.10/site-packages/airflow/example_dags/example_skip_dag.py
[2024-06-18T14:10:51.480+0545] {logging_mixin.py:188} INFO - [2024-06-18T14:10:51.479+0545] {dag.py:3096} INFO - Sync 1 DAGs
[2024-06-18T14:10:51.498+0545] {logging_mixin.py:188} INFO - [2024-06-18T14:10:51.498+0545] {dag.py:3954} INFO - Setting next_dagrun for example_skip_dag to 2024-06-17 00:00:00+00:00, run_after=2024-06-18 00:00:00+00:00
[2024-06-18T14:10:51.521+0545] {processor.py:183} INFO - Processing /home/prabal/afenv/lib/python3.10/site-packages/airflow/example_dags/example_skip_dag.py took 0.101 seconds
[2024-06-18T14:11:42.757+0545] {processor.py:161} INFO - Started process (PID=22598) to work on /home/prabal/afenv/lib/python3.10/site-packages/airflow/example_dags/example_skip_dag.py
[2024-06-18T14:11:42.770+0545] {processor.py:830} INFO - Processing file /home/prabal/afenv/lib/python3.10/site-packages/airflow/example_dags/example_skip_dag.py for tasks to queue
[2024-06-18T14:11:42.773+0545] {logging_mixin.py:188} INFO - [2024-06-18T14:11:42.772+0545] {dagbag.py:545} INFO - Filling up the DagBag from /home/prabal/afenv/lib/python3.10/site-packages/airflow/example_dags/example_skip_dag.py
[2024-06-18T14:11:42.788+0545] {processor.py:840} INFO - DAG(s) 'example_skip_dag' retrieved from /home/prabal/afenv/lib/python3.10/site-packages/airflow/example_dags/example_skip_dag.py
[2024-06-18T14:11:42.825+0545] {logging_mixin.py:188} INFO - [2024-06-18T14:11:42.825+0545] {dag.py:3096} INFO - Sync 1 DAGs
[2024-06-18T14:11:42.865+0545] {logging_mixin.py:188} INFO - [2024-06-18T14:11:42.865+0545] {dag.py:3954} INFO - Setting next_dagrun for example_skip_dag to 2024-06-17 00:00:00+00:00, run_after=2024-06-18 00:00:00+00:00
[2024-06-18T14:11:42.913+0545] {processor.py:183} INFO - Processing /home/prabal/afenv/lib/python3.10/site-packages/airflow/example_dags/example_skip_dag.py took 0.168 seconds
[2024-06-18T14:12:33.818+0545] {processor.py:161} INFO - Started process (PID=22844) to work on /home/prabal/afenv/lib/python3.10/site-packages/airflow/example_dags/example_skip_dag.py
[2024-06-18T14:12:33.831+0545] {processor.py:830} INFO - Processing file /home/prabal/afenv/lib/python3.10/site-packages/airflow/example_dags/example_skip_dag.py for tasks to queue
[2024-06-18T14:12:33.835+0545] {logging_mixin.py:188} INFO - [2024-06-18T14:12:33.834+0545] {dagbag.py:545} INFO - Filling up the DagBag from /home/prabal/afenv/lib/python3.10/site-packages/airflow/example_dags/example_skip_dag.py
[2024-06-18T14:12:33.849+0545] {processor.py:840} INFO - DAG(s) 'example_skip_dag' retrieved from /home/prabal/afenv/lib/python3.10/site-packages/airflow/example_dags/example_skip_dag.py
[2024-06-18T14:12:33.877+0545] {logging_mixin.py:188} INFO - [2024-06-18T14:12:33.876+0545] {dag.py:3096} INFO - Sync 1 DAGs
[2024-06-18T14:12:33.893+0545] {logging_mixin.py:188} INFO - [2024-06-18T14:12:33.893+0545] {dag.py:3954} INFO - Setting next_dagrun for example_skip_dag to 2024-06-17 00:00:00+00:00, run_after=2024-06-18 00:00:00+00:00
[2024-06-18T14:12:33.913+0545] {processor.py:183} INFO - Processing /home/prabal/afenv/lib/python3.10/site-packages/airflow/example_dags/example_skip_dag.py took 0.108 seconds
[2024-06-18T14:13:24.072+0545] {processor.py:161} INFO - Started process (PID=23086) to work on /home/prabal/afenv/lib/python3.10/site-packages/airflow/example_dags/example_skip_dag.py
[2024-06-18T14:13:24.084+0545] {processor.py:830} INFO - Processing file /home/prabal/afenv/lib/python3.10/site-packages/airflow/example_dags/example_skip_dag.py for tasks to queue
[2024-06-18T14:13:24.087+0545] {logging_mixin.py:188} INFO - [2024-06-18T14:13:24.087+0545] {dagbag.py:545} INFO - Filling up the DagBag from /home/prabal/afenv/lib/python3.10/site-packages/airflow/example_dags/example_skip_dag.py
[2024-06-18T14:13:24.100+0545] {processor.py:840} INFO - DAG(s) 'example_skip_dag' retrieved from /home/prabal/afenv/lib/python3.10/site-packages/airflow/example_dags/example_skip_dag.py
[2024-06-18T14:13:24.117+0545] {logging_mixin.py:188} INFO - [2024-06-18T14:13:24.117+0545] {dag.py:3096} INFO - Sync 1 DAGs
[2024-06-18T14:13:24.134+0545] {logging_mixin.py:188} INFO - [2024-06-18T14:13:24.134+0545] {dag.py:3954} INFO - Setting next_dagrun for example_skip_dag to 2024-06-17 00:00:00+00:00, run_after=2024-06-18 00:00:00+00:00
[2024-06-18T14:13:24.155+0545] {processor.py:183} INFO - Processing /home/prabal/afenv/lib/python3.10/site-packages/airflow/example_dags/example_skip_dag.py took 0.097 seconds
[2024-06-18T14:14:16.539+0545] {processor.py:161} INFO - Started process (PID=23340) to work on /home/prabal/afenv/lib/python3.10/site-packages/airflow/example_dags/example_skip_dag.py
[2024-06-18T14:14:16.552+0545] {processor.py:830} INFO - Processing file /home/prabal/afenv/lib/python3.10/site-packages/airflow/example_dags/example_skip_dag.py for tasks to queue
[2024-06-18T14:14:16.556+0545] {logging_mixin.py:188} INFO - [2024-06-18T14:14:16.555+0545] {dagbag.py:545} INFO - Filling up the DagBag from /home/prabal/afenv/lib/python3.10/site-packages/airflow/example_dags/example_skip_dag.py
[2024-06-18T14:14:16.573+0545] {processor.py:840} INFO - DAG(s) 'example_skip_dag' retrieved from /home/prabal/afenv/lib/python3.10/site-packages/airflow/example_dags/example_skip_dag.py
[2024-06-18T14:14:16.603+0545] {logging_mixin.py:188} INFO - [2024-06-18T14:14:16.602+0545] {dag.py:3096} INFO - Sync 1 DAGs
[2024-06-18T14:14:16.638+0545] {logging_mixin.py:188} INFO - [2024-06-18T14:14:16.637+0545] {dag.py:3954} INFO - Setting next_dagrun for example_skip_dag to 2024-06-17 00:00:00+00:00, run_after=2024-06-18 00:00:00+00:00
[2024-06-18T14:14:16.679+0545] {processor.py:183} INFO - Processing /home/prabal/afenv/lib/python3.10/site-packages/airflow/example_dags/example_skip_dag.py took 0.158 seconds
[2024-06-18T14:15:18.512+0545] {processor.py:161} INFO - Started process (PID=23661) to work on /home/prabal/afenv/lib/python3.10/site-packages/airflow/example_dags/example_skip_dag.py
[2024-06-18T14:15:18.525+0545] {processor.py:830} INFO - Processing file /home/prabal/afenv/lib/python3.10/site-packages/airflow/example_dags/example_skip_dag.py for tasks to queue
[2024-06-18T14:15:18.529+0545] {logging_mixin.py:188} INFO - [2024-06-18T14:15:18.528+0545] {dagbag.py:545} INFO - Filling up the DagBag from /home/prabal/afenv/lib/python3.10/site-packages/airflow/example_dags/example_skip_dag.py
[2024-06-18T14:15:18.546+0545] {processor.py:840} INFO - DAG(s) 'example_skip_dag' retrieved from /home/prabal/afenv/lib/python3.10/site-packages/airflow/example_dags/example_skip_dag.py
[2024-06-18T14:15:18.583+0545] {logging_mixin.py:188} INFO - [2024-06-18T14:15:18.583+0545] {dag.py:3096} INFO - Sync 1 DAGs
[2024-06-18T14:15:18.600+0545] {logging_mixin.py:188} INFO - [2024-06-18T14:15:18.600+0545] {dag.py:3954} INFO - Setting next_dagrun for example_skip_dag to 2024-06-17 00:00:00+00:00, run_after=2024-06-18 00:00:00+00:00
[2024-06-18T14:15:18.632+0545] {processor.py:183} INFO - Processing /home/prabal/afenv/lib/python3.10/site-packages/airflow/example_dags/example_skip_dag.py took 0.134 seconds
[2024-06-18T14:16:17.549+0545] {processor.py:161} INFO - Started process (PID=23947) to work on /home/prabal/afenv/lib/python3.10/site-packages/airflow/example_dags/example_skip_dag.py
[2024-06-18T14:16:17.552+0545] {processor.py:830} INFO - Processing file /home/prabal/afenv/lib/python3.10/site-packages/airflow/example_dags/example_skip_dag.py for tasks to queue
[2024-06-18T14:16:17.554+0545] {logging_mixin.py:188} INFO - [2024-06-18T14:16:17.553+0545] {dagbag.py:545} INFO - Filling up the DagBag from /home/prabal/afenv/lib/python3.10/site-packages/airflow/example_dags/example_skip_dag.py
[2024-06-18T14:16:17.566+0545] {processor.py:840} INFO - DAG(s) 'example_skip_dag' retrieved from /home/prabal/afenv/lib/python3.10/site-packages/airflow/example_dags/example_skip_dag.py
[2024-06-18T14:16:17.601+0545] {logging_mixin.py:188} INFO - [2024-06-18T14:16:17.601+0545] {dag.py:3096} INFO - Sync 1 DAGs
[2024-06-18T14:16:17.627+0545] {logging_mixin.py:188} INFO - [2024-06-18T14:16:17.627+0545] {dag.py:3954} INFO - Setting next_dagrun for example_skip_dag to 2024-06-17 00:00:00+00:00, run_after=2024-06-18 00:00:00+00:00
[2024-06-18T14:16:17.648+0545] {processor.py:183} INFO - Processing /home/prabal/afenv/lib/python3.10/site-packages/airflow/example_dags/example_skip_dag.py took 0.112 seconds
[2024-06-18T14:17:12.730+0545] {processor.py:161} INFO - Started process (PID=24213) to work on /home/prabal/afenv/lib/python3.10/site-packages/airflow/example_dags/example_skip_dag.py
[2024-06-18T14:17:12.732+0545] {processor.py:830} INFO - Processing file /home/prabal/afenv/lib/python3.10/site-packages/airflow/example_dags/example_skip_dag.py for tasks to queue
[2024-06-18T14:17:12.735+0545] {logging_mixin.py:188} INFO - [2024-06-18T14:17:12.735+0545] {dagbag.py:545} INFO - Filling up the DagBag from /home/prabal/afenv/lib/python3.10/site-packages/airflow/example_dags/example_skip_dag.py
[2024-06-18T14:17:12.750+0545] {processor.py:840} INFO - DAG(s) 'example_skip_dag' retrieved from /home/prabal/afenv/lib/python3.10/site-packages/airflow/example_dags/example_skip_dag.py
[2024-06-18T14:17:12.784+0545] {logging_mixin.py:188} INFO - [2024-06-18T14:17:12.783+0545] {dag.py:3096} INFO - Sync 1 DAGs
[2024-06-18T14:17:12.808+0545] {logging_mixin.py:188} INFO - [2024-06-18T14:17:12.808+0545] {dag.py:3954} INFO - Setting next_dagrun for example_skip_dag to 2024-06-17 00:00:00+00:00, run_after=2024-06-18 00:00:00+00:00
[2024-06-18T14:17:12.827+0545] {processor.py:183} INFO - Processing /home/prabal/afenv/lib/python3.10/site-packages/airflow/example_dags/example_skip_dag.py took 0.112 seconds
[2024-06-18T14:18:07.163+0545] {processor.py:161} INFO - Started process (PID=24473) to work on /home/prabal/afenv/lib/python3.10/site-packages/airflow/example_dags/example_skip_dag.py
[2024-06-18T14:18:07.177+0545] {processor.py:830} INFO - Processing file /home/prabal/afenv/lib/python3.10/site-packages/airflow/example_dags/example_skip_dag.py for tasks to queue
[2024-06-18T14:18:07.180+0545] {logging_mixin.py:188} INFO - [2024-06-18T14:18:07.179+0545] {dagbag.py:545} INFO - Filling up the DagBag from /home/prabal/afenv/lib/python3.10/site-packages/airflow/example_dags/example_skip_dag.py
[2024-06-18T14:18:07.194+0545] {processor.py:840} INFO - DAG(s) 'example_skip_dag' retrieved from /home/prabal/afenv/lib/python3.10/site-packages/airflow/example_dags/example_skip_dag.py
[2024-06-18T14:18:07.231+0545] {logging_mixin.py:188} INFO - [2024-06-18T14:18:07.231+0545] {dag.py:3096} INFO - Sync 1 DAGs
[2024-06-18T14:18:07.267+0545] {logging_mixin.py:188} INFO - [2024-06-18T14:18:07.267+0545] {dag.py:3954} INFO - Setting next_dagrun for example_skip_dag to 2024-06-17 00:00:00+00:00, run_after=2024-06-18 00:00:00+00:00
[2024-06-18T14:18:07.318+0545] {processor.py:183} INFO - Processing /home/prabal/afenv/lib/python3.10/site-packages/airflow/example_dags/example_skip_dag.py took 0.168 seconds
[2024-06-18T14:19:02.075+0545] {processor.py:161} INFO - Started process (PID=24738) to work on /home/prabal/afenv/lib/python3.10/site-packages/airflow/example_dags/example_skip_dag.py
[2024-06-18T14:19:02.088+0545] {processor.py:830} INFO - Processing file /home/prabal/afenv/lib/python3.10/site-packages/airflow/example_dags/example_skip_dag.py for tasks to queue
[2024-06-18T14:19:02.091+0545] {logging_mixin.py:188} INFO - [2024-06-18T14:19:02.090+0545] {dagbag.py:545} INFO - Filling up the DagBag from /home/prabal/afenv/lib/python3.10/site-packages/airflow/example_dags/example_skip_dag.py
[2024-06-18T14:19:02.107+0545] {processor.py:840} INFO - DAG(s) 'example_skip_dag' retrieved from /home/prabal/afenv/lib/python3.10/site-packages/airflow/example_dags/example_skip_dag.py
[2024-06-18T14:19:02.135+0545] {logging_mixin.py:188} INFO - [2024-06-18T14:19:02.135+0545] {dag.py:3096} INFO - Sync 1 DAGs
[2024-06-18T14:19:02.170+0545] {logging_mixin.py:188} INFO - [2024-06-18T14:19:02.169+0545] {dag.py:3954} INFO - Setting next_dagrun for example_skip_dag to 2024-06-17 00:00:00+00:00, run_after=2024-06-18 00:00:00+00:00
[2024-06-18T14:19:02.192+0545] {processor.py:183} INFO - Processing /home/prabal/afenv/lib/python3.10/site-packages/airflow/example_dags/example_skip_dag.py took 0.130 seconds
[2024-06-18T14:19:58.482+0545] {processor.py:161} INFO - Started process (PID=25006) to work on /home/prabal/afenv/lib/python3.10/site-packages/airflow/example_dags/example_skip_dag.py
[2024-06-18T14:19:58.495+0545] {processor.py:830} INFO - Processing file /home/prabal/afenv/lib/python3.10/site-packages/airflow/example_dags/example_skip_dag.py for tasks to queue
[2024-06-18T14:19:58.498+0545] {logging_mixin.py:188} INFO - [2024-06-18T14:19:58.498+0545] {dagbag.py:545} INFO - Filling up the DagBag from /home/prabal/afenv/lib/python3.10/site-packages/airflow/example_dags/example_skip_dag.py
[2024-06-18T14:19:58.514+0545] {processor.py:840} INFO - DAG(s) 'example_skip_dag' retrieved from /home/prabal/afenv/lib/python3.10/site-packages/airflow/example_dags/example_skip_dag.py
[2024-06-18T14:19:58.544+0545] {logging_mixin.py:188} INFO - [2024-06-18T14:19:58.543+0545] {dag.py:3096} INFO - Sync 1 DAGs
[2024-06-18T14:19:58.569+0545] {logging_mixin.py:188} INFO - [2024-06-18T14:19:58.569+0545] {dag.py:3954} INFO - Setting next_dagrun for example_skip_dag to 2024-06-17 00:00:00+00:00, run_after=2024-06-18 00:00:00+00:00
[2024-06-18T14:19:58.599+0545] {processor.py:183} INFO - Processing /home/prabal/afenv/lib/python3.10/site-packages/airflow/example_dags/example_skip_dag.py took 0.131 seconds
[2024-06-18T14:20:49.479+0545] {processor.py:161} INFO - Started process (PID=25253) to work on /home/prabal/afenv/lib/python3.10/site-packages/airflow/example_dags/example_skip_dag.py
[2024-06-18T14:20:49.492+0545] {processor.py:830} INFO - Processing file /home/prabal/afenv/lib/python3.10/site-packages/airflow/example_dags/example_skip_dag.py for tasks to queue
[2024-06-18T14:20:49.495+0545] {logging_mixin.py:188} INFO - [2024-06-18T14:20:49.494+0545] {dagbag.py:545} INFO - Filling up the DagBag from /home/prabal/afenv/lib/python3.10/site-packages/airflow/example_dags/example_skip_dag.py
[2024-06-18T14:20:49.511+0545] {processor.py:840} INFO - DAG(s) 'example_skip_dag' retrieved from /home/prabal/afenv/lib/python3.10/site-packages/airflow/example_dags/example_skip_dag.py
[2024-06-18T14:20:49.543+0545] {logging_mixin.py:188} INFO - [2024-06-18T14:20:49.542+0545] {dag.py:3096} INFO - Sync 1 DAGs
[2024-06-18T14:20:49.584+0545] {logging_mixin.py:188} INFO - [2024-06-18T14:20:49.584+0545] {dag.py:3954} INFO - Setting next_dagrun for example_skip_dag to 2024-06-17 00:00:00+00:00, run_after=2024-06-18 00:00:00+00:00
[2024-06-18T14:20:49.616+0545] {processor.py:183} INFO - Processing /home/prabal/afenv/lib/python3.10/site-packages/airflow/example_dags/example_skip_dag.py took 0.146 seconds
[2024-06-18T14:21:42.009+0545] {processor.py:161} INFO - Started process (PID=25504) to work on /home/prabal/afenv/lib/python3.10/site-packages/airflow/example_dags/example_skip_dag.py
[2024-06-18T14:21:42.022+0545] {processor.py:830} INFO - Processing file /home/prabal/afenv/lib/python3.10/site-packages/airflow/example_dags/example_skip_dag.py for tasks to queue
[2024-06-18T14:21:42.026+0545] {logging_mixin.py:188} INFO - [2024-06-18T14:21:42.025+0545] {dagbag.py:545} INFO - Filling up the DagBag from /home/prabal/afenv/lib/python3.10/site-packages/airflow/example_dags/example_skip_dag.py
[2024-06-18T14:21:42.041+0545] {processor.py:840} INFO - DAG(s) 'example_skip_dag' retrieved from /home/prabal/afenv/lib/python3.10/site-packages/airflow/example_dags/example_skip_dag.py
[2024-06-18T14:21:42.070+0545] {logging_mixin.py:188} INFO - [2024-06-18T14:21:42.070+0545] {dag.py:3096} INFO - Sync 1 DAGs
[2024-06-18T14:21:42.106+0545] {logging_mixin.py:188} INFO - [2024-06-18T14:21:42.105+0545] {dag.py:3954} INFO - Setting next_dagrun for example_skip_dag to 2024-06-17 00:00:00+00:00, run_after=2024-06-18 00:00:00+00:00
[2024-06-18T14:21:42.151+0545] {processor.py:183} INFO - Processing /home/prabal/afenv/lib/python3.10/site-packages/airflow/example_dags/example_skip_dag.py took 0.156 seconds
[2024-06-18T14:22:37.801+0545] {processor.py:161} INFO - Started process (PID=25773) to work on /home/prabal/afenv/lib/python3.10/site-packages/airflow/example_dags/example_skip_dag.py
[2024-06-18T14:22:37.815+0545] {processor.py:830} INFO - Processing file /home/prabal/afenv/lib/python3.10/site-packages/airflow/example_dags/example_skip_dag.py for tasks to queue
[2024-06-18T14:22:37.817+0545] {logging_mixin.py:188} INFO - [2024-06-18T14:22:37.816+0545] {dagbag.py:545} INFO - Filling up the DagBag from /home/prabal/afenv/lib/python3.10/site-packages/airflow/example_dags/example_skip_dag.py
[2024-06-18T14:22:37.828+0545] {processor.py:840} INFO - DAG(s) 'example_skip_dag' retrieved from /home/prabal/afenv/lib/python3.10/site-packages/airflow/example_dags/example_skip_dag.py
[2024-06-18T14:22:37.865+0545] {logging_mixin.py:188} INFO - [2024-06-18T14:22:37.865+0545] {dag.py:3096} INFO - Sync 1 DAGs
[2024-06-18T14:22:37.898+0545] {logging_mixin.py:188} INFO - [2024-06-18T14:22:37.897+0545] {dag.py:3954} INFO - Setting next_dagrun for example_skip_dag to 2024-06-17 00:00:00+00:00, run_after=2024-06-18 00:00:00+00:00
[2024-06-18T14:22:37.920+0545] {processor.py:183} INFO - Processing /home/prabal/afenv/lib/python3.10/site-packages/airflow/example_dags/example_skip_dag.py took 0.134 seconds
[2024-06-18T14:23:31.270+0545] {processor.py:161} INFO - Started process (PID=26033) to work on /home/prabal/afenv/lib/python3.10/site-packages/airflow/example_dags/example_skip_dag.py
[2024-06-18T14:23:31.283+0545] {processor.py:830} INFO - Processing file /home/prabal/afenv/lib/python3.10/site-packages/airflow/example_dags/example_skip_dag.py for tasks to queue
[2024-06-18T14:23:31.286+0545] {logging_mixin.py:188} INFO - [2024-06-18T14:23:31.286+0545] {dagbag.py:545} INFO - Filling up the DagBag from /home/prabal/afenv/lib/python3.10/site-packages/airflow/example_dags/example_skip_dag.py
[2024-06-18T14:23:31.301+0545] {processor.py:840} INFO - DAG(s) 'example_skip_dag' retrieved from /home/prabal/afenv/lib/python3.10/site-packages/airflow/example_dags/example_skip_dag.py
[2024-06-18T14:23:31.319+0545] {logging_mixin.py:188} INFO - [2024-06-18T14:23:31.319+0545] {dag.py:3096} INFO - Sync 1 DAGs
[2024-06-18T14:23:31.336+0545] {logging_mixin.py:188} INFO - [2024-06-18T14:23:31.336+0545] {dag.py:3954} INFO - Setting next_dagrun for example_skip_dag to 2024-06-17 00:00:00+00:00, run_after=2024-06-18 00:00:00+00:00
[2024-06-18T14:23:31.355+0545] {processor.py:183} INFO - Processing /home/prabal/afenv/lib/python3.10/site-packages/airflow/example_dags/example_skip_dag.py took 0.100 seconds
[2024-06-18T17:15:47.907+0545] {processor.py:161} INFO - Started process (PID=4061) to work on /home/prabal/afenv/lib/python3.10/site-packages/airflow/example_dags/example_skip_dag.py
[2024-06-18T17:15:47.924+0545] {processor.py:830} INFO - Processing file /home/prabal/afenv/lib/python3.10/site-packages/airflow/example_dags/example_skip_dag.py for tasks to queue
[2024-06-18T17:15:47.946+0545] {logging_mixin.py:188} INFO - [2024-06-18T17:15:47.945+0545] {dagbag.py:545} INFO - Filling up the DagBag from /home/prabal/afenv/lib/python3.10/site-packages/airflow/example_dags/example_skip_dag.py
[2024-06-18T17:15:47.961+0545] {processor.py:840} INFO - DAG(s) 'example_skip_dag' retrieved from /home/prabal/afenv/lib/python3.10/site-packages/airflow/example_dags/example_skip_dag.py
[2024-06-18T17:15:47.980+0545] {logging_mixin.py:188} INFO - [2024-06-18T17:15:47.980+0545] {dag.py:3096} INFO - Sync 1 DAGs
[2024-06-18T17:15:48.057+0545] {logging_mixin.py:188} INFO - [2024-06-18T17:15:48.057+0545] {dag.py:3954} INFO - Setting next_dagrun for example_skip_dag to 2024-06-17 00:00:00+00:00, run_after=2024-06-18 00:00:00+00:00
[2024-06-18T17:15:48.096+0545] {processor.py:183} INFO - Processing /home/prabal/afenv/lib/python3.10/site-packages/airflow/example_dags/example_skip_dag.py took 0.203 seconds
[2024-06-18T17:17:31.203+0545] {processor.py:161} INFO - Started process (PID=4629) to work on /home/prabal/afenv/lib/python3.10/site-packages/airflow/example_dags/example_skip_dag.py
[2024-06-18T17:17:31.217+0545] {processor.py:830} INFO - Processing file /home/prabal/afenv/lib/python3.10/site-packages/airflow/example_dags/example_skip_dag.py for tasks to queue
[2024-06-18T17:17:31.219+0545] {logging_mixin.py:188} INFO - [2024-06-18T17:17:31.218+0545] {dagbag.py:545} INFO - Filling up the DagBag from /home/prabal/afenv/lib/python3.10/site-packages/airflow/example_dags/example_skip_dag.py
[2024-06-18T17:17:31.232+0545] {processor.py:840} INFO - DAG(s) 'example_skip_dag' retrieved from /home/prabal/afenv/lib/python3.10/site-packages/airflow/example_dags/example_skip_dag.py
[2024-06-18T17:17:31.390+0545] {logging_mixin.py:188} INFO - [2024-06-18T17:17:31.390+0545] {dag.py:3096} INFO - Sync 1 DAGs
[2024-06-18T17:17:31.407+0545] {logging_mixin.py:188} INFO - [2024-06-18T17:17:31.407+0545] {dag.py:3954} INFO - Setting next_dagrun for example_skip_dag to 2024-06-17 00:00:00+00:00, run_after=2024-06-18 00:00:00+00:00
[2024-06-18T17:17:31.445+0545] {processor.py:183} INFO - Processing /home/prabal/afenv/lib/python3.10/site-packages/airflow/example_dags/example_skip_dag.py took 0.254 seconds
[2024-06-18T17:18:31.437+0545] {processor.py:161} INFO - Started process (PID=5043) to work on /home/prabal/afenv/lib/python3.10/site-packages/airflow/example_dags/example_skip_dag.py
[2024-06-18T17:18:31.440+0545] {processor.py:830} INFO - Processing file /home/prabal/afenv/lib/python3.10/site-packages/airflow/example_dags/example_skip_dag.py for tasks to queue
[2024-06-18T17:18:31.441+0545] {logging_mixin.py:188} INFO - [2024-06-18T17:18:31.441+0545] {dagbag.py:545} INFO - Filling up the DagBag from /home/prabal/afenv/lib/python3.10/site-packages/airflow/example_dags/example_skip_dag.py
[2024-06-18T17:18:31.455+0545] {processor.py:840} INFO - DAG(s) 'example_skip_dag' retrieved from /home/prabal/afenv/lib/python3.10/site-packages/airflow/example_dags/example_skip_dag.py
[2024-06-18T17:18:31.477+0545] {logging_mixin.py:188} INFO - [2024-06-18T17:18:31.476+0545] {dag.py:3096} INFO - Sync 1 DAGs
[2024-06-18T17:18:31.570+0545] {logging_mixin.py:188} INFO - [2024-06-18T17:18:31.569+0545] {dag.py:3954} INFO - Setting next_dagrun for example_skip_dag to 2024-06-17 00:00:00+00:00, run_after=2024-06-18 00:00:00+00:00
[2024-06-18T17:18:31.621+0545] {processor.py:183} INFO - Processing /home/prabal/afenv/lib/python3.10/site-packages/airflow/example_dags/example_skip_dag.py took 0.196 seconds
[2024-06-18T17:19:30.767+0545] {processor.py:161} INFO - Started process (PID=5624) to work on /home/prabal/afenv/lib/python3.10/site-packages/airflow/example_dags/example_skip_dag.py
[2024-06-18T17:19:30.780+0545] {processor.py:830} INFO - Processing file /home/prabal/afenv/lib/python3.10/site-packages/airflow/example_dags/example_skip_dag.py for tasks to queue
[2024-06-18T17:19:30.782+0545] {logging_mixin.py:188} INFO - [2024-06-18T17:19:30.781+0545] {dagbag.py:545} INFO - Filling up the DagBag from /home/prabal/afenv/lib/python3.10/site-packages/airflow/example_dags/example_skip_dag.py
[2024-06-18T17:19:30.797+0545] {processor.py:840} INFO - DAG(s) 'example_skip_dag' retrieved from /home/prabal/afenv/lib/python3.10/site-packages/airflow/example_dags/example_skip_dag.py
[2024-06-18T17:19:30.828+0545] {logging_mixin.py:188} INFO - [2024-06-18T17:19:30.828+0545] {dag.py:3096} INFO - Sync 1 DAGs
[2024-06-18T17:19:30.857+0545] {logging_mixin.py:188} INFO - [2024-06-18T17:19:30.857+0545] {dag.py:3954} INFO - Setting next_dagrun for example_skip_dag to 2024-06-17 00:00:00+00:00, run_after=2024-06-18 00:00:00+00:00
[2024-06-18T17:19:30.892+0545] {processor.py:183} INFO - Processing /home/prabal/afenv/lib/python3.10/site-packages/airflow/example_dags/example_skip_dag.py took 0.139 seconds
[2024-06-18T17:20:24.556+0545] {processor.py:161} INFO - Started process (PID=6430) to work on /home/prabal/afenv/lib/python3.10/site-packages/airflow/example_dags/example_skip_dag.py
[2024-06-18T17:20:24.569+0545] {processor.py:830} INFO - Processing file /home/prabal/afenv/lib/python3.10/site-packages/airflow/example_dags/example_skip_dag.py for tasks to queue
[2024-06-18T17:20:24.571+0545] {logging_mixin.py:188} INFO - [2024-06-18T17:20:24.570+0545] {dagbag.py:545} INFO - Filling up the DagBag from /home/prabal/afenv/lib/python3.10/site-packages/airflow/example_dags/example_skip_dag.py
[2024-06-18T17:20:24.586+0545] {processor.py:840} INFO - DAG(s) 'example_skip_dag' retrieved from /home/prabal/afenv/lib/python3.10/site-packages/airflow/example_dags/example_skip_dag.py
[2024-06-18T17:20:24.626+0545] {logging_mixin.py:188} INFO - [2024-06-18T17:20:24.625+0545] {dag.py:3096} INFO - Sync 1 DAGs
[2024-06-18T17:20:24.667+0545] {logging_mixin.py:188} INFO - [2024-06-18T17:20:24.666+0545] {dag.py:3954} INFO - Setting next_dagrun for example_skip_dag to 2024-06-17 00:00:00+00:00, run_after=2024-06-18 00:00:00+00:00
[2024-06-18T17:20:24.704+0545] {processor.py:183} INFO - Processing /home/prabal/afenv/lib/python3.10/site-packages/airflow/example_dags/example_skip_dag.py took 0.161 seconds
[2024-06-18T17:21:58.211+0545] {processor.py:161} INFO - Started process (PID=6988) to work on /home/prabal/afenv/lib/python3.10/site-packages/airflow/example_dags/example_skip_dag.py
[2024-06-18T17:21:58.223+0545] {processor.py:830} INFO - Processing file /home/prabal/afenv/lib/python3.10/site-packages/airflow/example_dags/example_skip_dag.py for tasks to queue
[2024-06-18T17:21:58.226+0545] {logging_mixin.py:188} INFO - [2024-06-18T17:21:58.225+0545] {dagbag.py:545} INFO - Filling up the DagBag from /home/prabal/afenv/lib/python3.10/site-packages/airflow/example_dags/example_skip_dag.py
[2024-06-18T17:21:58.242+0545] {processor.py:840} INFO - DAG(s) 'example_skip_dag' retrieved from /home/prabal/afenv/lib/python3.10/site-packages/airflow/example_dags/example_skip_dag.py
[2024-06-18T17:21:58.259+0545] {logging_mixin.py:188} INFO - [2024-06-18T17:21:58.258+0545] {dag.py:3096} INFO - Sync 1 DAGs
[2024-06-18T17:21:58.282+0545] {logging_mixin.py:188} INFO - [2024-06-18T17:21:58.281+0545] {dag.py:3954} INFO - Setting next_dagrun for example_skip_dag to 2024-06-17 00:00:00+00:00, run_after=2024-06-18 00:00:00+00:00
[2024-06-18T17:21:58.303+0545] {processor.py:183} INFO - Processing /home/prabal/afenv/lib/python3.10/site-packages/airflow/example_dags/example_skip_dag.py took 0.101 seconds
[2024-06-18T17:23:05.506+0545] {processor.py:161} INFO - Started process (PID=7344) to work on /home/prabal/afenv/lib/python3.10/site-packages/airflow/example_dags/example_skip_dag.py
[2024-06-18T17:23:05.519+0545] {processor.py:830} INFO - Processing file /home/prabal/afenv/lib/python3.10/site-packages/airflow/example_dags/example_skip_dag.py for tasks to queue
[2024-06-18T17:23:05.525+0545] {logging_mixin.py:188} INFO - [2024-06-18T17:23:05.524+0545] {dagbag.py:545} INFO - Filling up the DagBag from /home/prabal/afenv/lib/python3.10/site-packages/airflow/example_dags/example_skip_dag.py
[2024-06-18T17:23:05.540+0545] {processor.py:840} INFO - DAG(s) 'example_skip_dag' retrieved from /home/prabal/afenv/lib/python3.10/site-packages/airflow/example_dags/example_skip_dag.py
[2024-06-18T17:23:05.786+0545] {logging_mixin.py:188} INFO - [2024-06-18T17:23:05.786+0545] {dag.py:3096} INFO - Sync 1 DAGs
[2024-06-18T17:23:05.806+0545] {logging_mixin.py:188} INFO - [2024-06-18T17:23:05.806+0545] {dag.py:3954} INFO - Setting next_dagrun for example_skip_dag to 2024-06-17 00:00:00+00:00, run_after=2024-06-18 00:00:00+00:00
[2024-06-18T17:23:05.828+0545] {processor.py:183} INFO - Processing /home/prabal/afenv/lib/python3.10/site-packages/airflow/example_dags/example_skip_dag.py took 0.330 seconds
