[2024-06-18T13:42:26.438+0545] {processor.py:161} INFO - Started process (PID=14175) to work on /home/prabal/afenv/lib/python3.10/site-packages/airflow/example_dags/example_branch_python_dop_operator_3.py
[2024-06-18T13:42:26.440+0545] {processor.py:830} INFO - Processing file /home/prabal/afenv/lib/python3.10/site-packages/airflow/example_dags/example_branch_python_dop_operator_3.py for tasks to queue
[2024-06-18T13:42:26.443+0545] {logging_mixin.py:188} INFO - [2024-06-18T13:42:26.442+0545] {dagbag.py:545} INFO - Filling up the DagBag from /home/prabal/afenv/lib/python3.10/site-packages/airflow/example_dags/example_branch_python_dop_operator_3.py
[2024-06-18T13:42:26.466+0545] {processor.py:840} INFO - DAG(s) 'example_branch_dop_operator_v3' retrieved from /home/prabal/afenv/lib/python3.10/site-packages/airflow/example_dags/example_branch_python_dop_operator_3.py
[2024-06-18T13:42:26.572+0545] {logging_mixin.py:188} INFO - [2024-06-18T13:42:26.572+0545] {override.py:1829} INFO - Created Permission View: can read on DAG:example_branch_dop_operator_v3
[2024-06-18T13:42:26.583+0545] {logging_mixin.py:188} INFO - [2024-06-18T13:42:26.583+0545] {override.py:1829} INFO - Created Permission View: can edit on DAG:example_branch_dop_operator_v3
[2024-06-18T13:42:26.590+0545] {logging_mixin.py:188} INFO - [2024-06-18T13:42:26.590+0545] {override.py:1829} INFO - Created Permission View: can delete on DAG:example_branch_dop_operator_v3
[2024-06-18T13:42:26.591+0545] {logging_mixin.py:188} INFO - [2024-06-18T13:42:26.591+0545] {dag.py:3096} INFO - Sync 1 DAGs
[2024-06-18T13:42:26.601+0545] {logging_mixin.py:188} INFO - [2024-06-18T13:42:26.601+0545] {dag.py:3118} INFO - Creating ORM DAG for example_branch_dop_operator_v3
[2024-06-18T13:42:26.613+0545] {logging_mixin.py:188} INFO - [2024-06-18T13:42:26.613+0545] {dag.py:3954} INFO - Setting next_dagrun for example_branch_dop_operator_v3 to 2024-06-18 07:56:00+00:00, run_after=2024-06-18 07:57:00+00:00
[2024-06-18T13:42:26.630+0545] {processor.py:183} INFO - Processing /home/prabal/afenv/lib/python3.10/site-packages/airflow/example_dags/example_branch_python_dop_operator_3.py took 0.197 seconds
[2024-06-18T13:43:27.262+0545] {processor.py:161} INFO - Started process (PID=14467) to work on /home/prabal/afenv/lib/python3.10/site-packages/airflow/example_dags/example_branch_python_dop_operator_3.py
[2024-06-18T13:43:27.263+0545] {processor.py:830} INFO - Processing file /home/prabal/afenv/lib/python3.10/site-packages/airflow/example_dags/example_branch_python_dop_operator_3.py for tasks to queue
[2024-06-18T13:43:27.266+0545] {logging_mixin.py:188} INFO - [2024-06-18T13:43:27.265+0545] {dagbag.py:545} INFO - Filling up the DagBag from /home/prabal/afenv/lib/python3.10/site-packages/airflow/example_dags/example_branch_python_dop_operator_3.py
[2024-06-18T13:43:27.280+0545] {processor.py:840} INFO - DAG(s) 'example_branch_dop_operator_v3' retrieved from /home/prabal/afenv/lib/python3.10/site-packages/airflow/example_dags/example_branch_python_dop_operator_3.py
[2024-06-18T13:43:27.297+0545] {logging_mixin.py:188} INFO - [2024-06-18T13:43:27.297+0545] {dag.py:3096} INFO - Sync 1 DAGs
[2024-06-18T13:43:27.319+0545] {logging_mixin.py:188} INFO - [2024-06-18T13:43:27.318+0545] {dag.py:3954} INFO - Setting next_dagrun for example_branch_dop_operator_v3 to 2024-06-18 07:57:00+00:00, run_after=2024-06-18 07:58:00+00:00
[2024-06-18T13:43:27.349+0545] {processor.py:183} INFO - Processing /home/prabal/afenv/lib/python3.10/site-packages/airflow/example_dags/example_branch_python_dop_operator_3.py took 0.094 seconds
[2024-06-18T13:44:26.360+0545] {processor.py:161} INFO - Started process (PID=14761) to work on /home/prabal/afenv/lib/python3.10/site-packages/airflow/example_dags/example_branch_python_dop_operator_3.py
[2024-06-18T13:44:26.363+0545] {processor.py:830} INFO - Processing file /home/prabal/afenv/lib/python3.10/site-packages/airflow/example_dags/example_branch_python_dop_operator_3.py for tasks to queue
[2024-06-18T13:44:26.367+0545] {logging_mixin.py:188} INFO - [2024-06-18T13:44:26.366+0545] {dagbag.py:545} INFO - Filling up the DagBag from /home/prabal/afenv/lib/python3.10/site-packages/airflow/example_dags/example_branch_python_dop_operator_3.py
[2024-06-18T13:44:26.387+0545] {processor.py:840} INFO - DAG(s) 'example_branch_dop_operator_v3' retrieved from /home/prabal/afenv/lib/python3.10/site-packages/airflow/example_dags/example_branch_python_dop_operator_3.py
[2024-06-18T13:44:26.529+0545] {logging_mixin.py:188} INFO - [2024-06-18T13:44:26.529+0545] {dag.py:3096} INFO - Sync 1 DAGs
[2024-06-18T13:44:26.575+0545] {logging_mixin.py:188} INFO - [2024-06-18T13:44:26.575+0545] {dag.py:3954} INFO - Setting next_dagrun for example_branch_dop_operator_v3 to 2024-06-18 07:58:00+00:00, run_after=2024-06-18 07:59:00+00:00
[2024-06-18T13:44:26.595+0545] {processor.py:183} INFO - Processing /home/prabal/afenv/lib/python3.10/site-packages/airflow/example_dags/example_branch_python_dop_operator_3.py took 0.250 seconds
[2024-06-18T13:45:28.060+0545] {processor.py:161} INFO - Started process (PID=15056) to work on /home/prabal/afenv/lib/python3.10/site-packages/airflow/example_dags/example_branch_python_dop_operator_3.py
[2024-06-18T13:45:28.073+0545] {processor.py:830} INFO - Processing file /home/prabal/afenv/lib/python3.10/site-packages/airflow/example_dags/example_branch_python_dop_operator_3.py for tasks to queue
[2024-06-18T13:45:28.077+0545] {logging_mixin.py:188} INFO - [2024-06-18T13:45:28.076+0545] {dagbag.py:545} INFO - Filling up the DagBag from /home/prabal/afenv/lib/python3.10/site-packages/airflow/example_dags/example_branch_python_dop_operator_3.py
[2024-06-18T13:45:28.097+0545] {processor.py:840} INFO - DAG(s) 'example_branch_dop_operator_v3' retrieved from /home/prabal/afenv/lib/python3.10/site-packages/airflow/example_dags/example_branch_python_dop_operator_3.py
[2024-06-18T13:45:28.113+0545] {logging_mixin.py:188} INFO - [2024-06-18T13:45:28.113+0545] {dag.py:3096} INFO - Sync 1 DAGs
[2024-06-18T13:45:28.134+0545] {logging_mixin.py:188} INFO - [2024-06-18T13:45:28.134+0545] {dag.py:3954} INFO - Setting next_dagrun for example_branch_dop_operator_v3 to 2024-06-18 07:59:00+00:00, run_after=2024-06-18 08:00:00+00:00
[2024-06-18T13:45:28.153+0545] {processor.py:183} INFO - Processing /home/prabal/afenv/lib/python3.10/site-packages/airflow/example_dags/example_branch_python_dop_operator_3.py took 0.107 seconds
[2024-06-18T13:46:19.784+0545] {processor.py:161} INFO - Started process (PID=15306) to work on /home/prabal/afenv/lib/python3.10/site-packages/airflow/example_dags/example_branch_python_dop_operator_3.py
[2024-06-18T13:46:19.786+0545] {processor.py:830} INFO - Processing file /home/prabal/afenv/lib/python3.10/site-packages/airflow/example_dags/example_branch_python_dop_operator_3.py for tasks to queue
[2024-06-18T13:46:19.789+0545] {logging_mixin.py:188} INFO - [2024-06-18T13:46:19.788+0545] {dagbag.py:545} INFO - Filling up the DagBag from /home/prabal/afenv/lib/python3.10/site-packages/airflow/example_dags/example_branch_python_dop_operator_3.py
[2024-06-18T13:46:19.803+0545] {processor.py:840} INFO - DAG(s) 'example_branch_dop_operator_v3' retrieved from /home/prabal/afenv/lib/python3.10/site-packages/airflow/example_dags/example_branch_python_dop_operator_3.py
[2024-06-18T13:46:19.818+0545] {logging_mixin.py:188} INFO - [2024-06-18T13:46:19.818+0545] {dag.py:3096} INFO - Sync 1 DAGs
[2024-06-18T13:46:19.841+0545] {logging_mixin.py:188} INFO - [2024-06-18T13:46:19.841+0545] {dag.py:3954} INFO - Setting next_dagrun for example_branch_dop_operator_v3 to 2024-06-18 08:00:00+00:00, run_after=2024-06-18 08:01:00+00:00
[2024-06-18T13:46:19.869+0545] {processor.py:183} INFO - Processing /home/prabal/afenv/lib/python3.10/site-packages/airflow/example_dags/example_branch_python_dop_operator_3.py took 0.096 seconds
[2024-06-18T13:47:10.903+0545] {processor.py:161} INFO - Started process (PID=15555) to work on /home/prabal/afenv/lib/python3.10/site-packages/airflow/example_dags/example_branch_python_dop_operator_3.py
[2024-06-18T13:47:10.916+0545] {processor.py:830} INFO - Processing file /home/prabal/afenv/lib/python3.10/site-packages/airflow/example_dags/example_branch_python_dop_operator_3.py for tasks to queue
[2024-06-18T13:47:10.919+0545] {logging_mixin.py:188} INFO - [2024-06-18T13:47:10.919+0545] {dagbag.py:545} INFO - Filling up the DagBag from /home/prabal/afenv/lib/python3.10/site-packages/airflow/example_dags/example_branch_python_dop_operator_3.py
[2024-06-18T13:47:10.935+0545] {processor.py:840} INFO - DAG(s) 'example_branch_dop_operator_v3' retrieved from /home/prabal/afenv/lib/python3.10/site-packages/airflow/example_dags/example_branch_python_dop_operator_3.py
[2024-06-18T13:47:10.952+0545] {logging_mixin.py:188} INFO - [2024-06-18T13:47:10.952+0545] {dag.py:3096} INFO - Sync 1 DAGs
[2024-06-18T13:47:10.987+0545] {logging_mixin.py:188} INFO - [2024-06-18T13:47:10.987+0545] {dag.py:3954} INFO - Setting next_dagrun for example_branch_dop_operator_v3 to 2024-06-18 08:01:00+00:00, run_after=2024-06-18 08:02:00+00:00
[2024-06-18T13:47:11.021+0545] {processor.py:183} INFO - Processing /home/prabal/afenv/lib/python3.10/site-packages/airflow/example_dags/example_branch_python_dop_operator_3.py took 0.130 seconds
[2024-06-18T13:48:01.920+0545] {processor.py:161} INFO - Started process (PID=15802) to work on /home/prabal/afenv/lib/python3.10/site-packages/airflow/example_dags/example_branch_python_dop_operator_3.py
[2024-06-18T13:48:01.921+0545] {processor.py:830} INFO - Processing file /home/prabal/afenv/lib/python3.10/site-packages/airflow/example_dags/example_branch_python_dop_operator_3.py for tasks to queue
[2024-06-18T13:48:01.923+0545] {logging_mixin.py:188} INFO - [2024-06-18T13:48:01.922+0545] {dagbag.py:545} INFO - Filling up the DagBag from /home/prabal/afenv/lib/python3.10/site-packages/airflow/example_dags/example_branch_python_dop_operator_3.py
[2024-06-18T13:48:01.930+0545] {processor.py:840} INFO - DAG(s) 'example_branch_dop_operator_v3' retrieved from /home/prabal/afenv/lib/python3.10/site-packages/airflow/example_dags/example_branch_python_dop_operator_3.py
[2024-06-18T13:48:01.943+0545] {logging_mixin.py:188} INFO - [2024-06-18T13:48:01.943+0545] {dag.py:3096} INFO - Sync 1 DAGs
[2024-06-18T13:48:01.966+0545] {logging_mixin.py:188} INFO - [2024-06-18T13:48:01.966+0545] {dag.py:3954} INFO - Setting next_dagrun for example_branch_dop_operator_v3 to 2024-06-18 08:02:00+00:00, run_after=2024-06-18 08:03:00+00:00
[2024-06-18T13:48:01.987+0545] {processor.py:183} INFO - Processing /home/prabal/afenv/lib/python3.10/site-packages/airflow/example_dags/example_branch_python_dop_operator_3.py took 0.073 seconds
[2024-06-18T13:49:29.355+0545] {processor.py:161} INFO - Started process (PID=16243) to work on /home/prabal/afenv/lib/python3.10/site-packages/airflow/example_dags/example_branch_python_dop_operator_3.py
[2024-06-18T13:49:29.368+0545] {processor.py:830} INFO - Processing file /home/prabal/afenv/lib/python3.10/site-packages/airflow/example_dags/example_branch_python_dop_operator_3.py for tasks to queue
[2024-06-18T13:49:29.372+0545] {logging_mixin.py:188} INFO - [2024-06-18T13:49:29.371+0545] {dagbag.py:545} INFO - Filling up the DagBag from /home/prabal/afenv/lib/python3.10/site-packages/airflow/example_dags/example_branch_python_dop_operator_3.py
[2024-06-18T13:49:29.383+0545] {processor.py:840} INFO - DAG(s) 'example_branch_dop_operator_v3' retrieved from /home/prabal/afenv/lib/python3.10/site-packages/airflow/example_dags/example_branch_python_dop_operator_3.py
[2024-06-18T13:49:29.400+0545] {logging_mixin.py:188} INFO - [2024-06-18T13:49:29.399+0545] {dag.py:3096} INFO - Sync 1 DAGs
[2024-06-18T13:49:29.425+0545] {logging_mixin.py:188} INFO - [2024-06-18T13:49:29.425+0545] {dag.py:3954} INFO - Setting next_dagrun for example_branch_dop_operator_v3 to 2024-06-18 08:03:00+00:00, run_after=2024-06-18 08:04:00+00:00
[2024-06-18T13:49:29.446+0545] {processor.py:183} INFO - Processing /home/prabal/afenv/lib/python3.10/site-packages/airflow/example_dags/example_branch_python_dop_operator_3.py took 0.107 seconds
[2024-06-18T13:51:18.301+0545] {processor.py:161} INFO - Started process (PID=16772) to work on /home/prabal/afenv/lib/python3.10/site-packages/airflow/example_dags/example_branch_python_dop_operator_3.py
[2024-06-18T13:51:18.313+0545] {processor.py:830} INFO - Processing file /home/prabal/afenv/lib/python3.10/site-packages/airflow/example_dags/example_branch_python_dop_operator_3.py for tasks to queue
[2024-06-18T13:51:18.316+0545] {logging_mixin.py:188} INFO - [2024-06-18T13:51:18.315+0545] {dagbag.py:545} INFO - Filling up the DagBag from /home/prabal/afenv/lib/python3.10/site-packages/airflow/example_dags/example_branch_python_dop_operator_3.py
[2024-06-18T13:51:18.332+0545] {processor.py:840} INFO - DAG(s) 'example_branch_dop_operator_v3' retrieved from /home/prabal/afenv/lib/python3.10/site-packages/airflow/example_dags/example_branch_python_dop_operator_3.py
[2024-06-18T13:51:18.353+0545] {logging_mixin.py:188} INFO - [2024-06-18T13:51:18.352+0545] {dag.py:3096} INFO - Sync 1 DAGs
[2024-06-18T13:51:18.384+0545] {logging_mixin.py:188} INFO - [2024-06-18T13:51:18.383+0545] {dag.py:3954} INFO - Setting next_dagrun for example_branch_dop_operator_v3 to 2024-06-18 08:05:00+00:00, run_after=2024-06-18 08:06:00+00:00
[2024-06-18T13:51:18.407+0545] {processor.py:183} INFO - Processing /home/prabal/afenv/lib/python3.10/site-packages/airflow/example_dags/example_branch_python_dop_operator_3.py took 0.112 seconds
[2024-06-18T13:52:26.440+0545] {processor.py:161} INFO - Started process (PID=17152) to work on /home/prabal/afenv/lib/python3.10/site-packages/airflow/example_dags/example_branch_python_dop_operator_3.py
[2024-06-18T13:52:26.444+0545] {processor.py:830} INFO - Processing file /home/prabal/afenv/lib/python3.10/site-packages/airflow/example_dags/example_branch_python_dop_operator_3.py for tasks to queue
[2024-06-18T13:52:26.446+0545] {logging_mixin.py:188} INFO - [2024-06-18T13:52:26.446+0545] {dagbag.py:545} INFO - Filling up the DagBag from /home/prabal/afenv/lib/python3.10/site-packages/airflow/example_dags/example_branch_python_dop_operator_3.py
[2024-06-18T13:52:26.458+0545] {processor.py:840} INFO - DAG(s) 'example_branch_dop_operator_v3' retrieved from /home/prabal/afenv/lib/python3.10/site-packages/airflow/example_dags/example_branch_python_dop_operator_3.py
[2024-06-18T13:52:26.479+0545] {logging_mixin.py:188} INFO - [2024-06-18T13:52:26.479+0545] {dag.py:3096} INFO - Sync 1 DAGs
[2024-06-18T13:52:26.516+0545] {logging_mixin.py:188} INFO - [2024-06-18T13:52:26.515+0545] {dag.py:3954} INFO - Setting next_dagrun for example_branch_dop_operator_v3 to 2024-06-18 08:06:00+00:00, run_after=2024-06-18 08:07:00+00:00
[2024-06-18T13:52:26.572+0545] {processor.py:183} INFO - Processing /home/prabal/afenv/lib/python3.10/site-packages/airflow/example_dags/example_branch_python_dop_operator_3.py took 0.140 seconds
[2024-06-18T13:53:41.886+0545] {processor.py:161} INFO - Started process (PID=17542) to work on /home/prabal/afenv/lib/python3.10/site-packages/airflow/example_dags/example_branch_python_dop_operator_3.py
[2024-06-18T13:53:41.899+0545] {processor.py:830} INFO - Processing file /home/prabal/afenv/lib/python3.10/site-packages/airflow/example_dags/example_branch_python_dop_operator_3.py for tasks to queue
[2024-06-18T13:53:41.903+0545] {logging_mixin.py:188} INFO - [2024-06-18T13:53:41.902+0545] {dagbag.py:545} INFO - Filling up the DagBag from /home/prabal/afenv/lib/python3.10/site-packages/airflow/example_dags/example_branch_python_dop_operator_3.py
[2024-06-18T13:53:41.920+0545] {processor.py:840} INFO - DAG(s) 'example_branch_dop_operator_v3' retrieved from /home/prabal/afenv/lib/python3.10/site-packages/airflow/example_dags/example_branch_python_dop_operator_3.py
[2024-06-18T13:53:41.936+0545] {logging_mixin.py:188} INFO - [2024-06-18T13:53:41.936+0545] {dag.py:3096} INFO - Sync 1 DAGs
[2024-06-18T13:53:41.959+0545] {logging_mixin.py:188} INFO - [2024-06-18T13:53:41.959+0545] {dag.py:3954} INFO - Setting next_dagrun for example_branch_dop_operator_v3 to 2024-06-18 08:07:00+00:00, run_after=2024-06-18 08:08:00+00:00
[2024-06-18T13:53:41.981+0545] {processor.py:183} INFO - Processing /home/prabal/afenv/lib/python3.10/site-packages/airflow/example_dags/example_branch_python_dop_operator_3.py took 0.110 seconds
[2024-06-18T13:54:34.571+0545] {processor.py:161} INFO - Started process (PID=17798) to work on /home/prabal/afenv/lib/python3.10/site-packages/airflow/example_dags/example_branch_python_dop_operator_3.py
[2024-06-18T13:54:34.573+0545] {processor.py:830} INFO - Processing file /home/prabal/afenv/lib/python3.10/site-packages/airflow/example_dags/example_branch_python_dop_operator_3.py for tasks to queue
[2024-06-18T13:54:34.574+0545] {logging_mixin.py:188} INFO - [2024-06-18T13:54:34.574+0545] {dagbag.py:545} INFO - Filling up the DagBag from /home/prabal/afenv/lib/python3.10/site-packages/airflow/example_dags/example_branch_python_dop_operator_3.py
[2024-06-18T13:54:34.583+0545] {processor.py:840} INFO - DAG(s) 'example_branch_dop_operator_v3' retrieved from /home/prabal/afenv/lib/python3.10/site-packages/airflow/example_dags/example_branch_python_dop_operator_3.py
[2024-06-18T13:54:34.600+0545] {logging_mixin.py:188} INFO - [2024-06-18T13:54:34.600+0545] {dag.py:3096} INFO - Sync 1 DAGs
[2024-06-18T13:54:34.645+0545] {logging_mixin.py:188} INFO - [2024-06-18T13:54:34.645+0545] {dag.py:3954} INFO - Setting next_dagrun for example_branch_dop_operator_v3 to 2024-06-18 08:08:00+00:00, run_after=2024-06-18 08:09:00+00:00
[2024-06-18T13:54:34.685+0545] {processor.py:183} INFO - Processing /home/prabal/afenv/lib/python3.10/site-packages/airflow/example_dags/example_branch_python_dop_operator_3.py took 0.124 seconds
[2024-06-18T13:55:39.082+0545] {processor.py:161} INFO - Started process (PID=18133) to work on /home/prabal/afenv/lib/python3.10/site-packages/airflow/example_dags/example_branch_python_dop_operator_3.py
[2024-06-18T13:55:39.083+0545] {processor.py:830} INFO - Processing file /home/prabal/afenv/lib/python3.10/site-packages/airflow/example_dags/example_branch_python_dop_operator_3.py for tasks to queue
[2024-06-18T13:55:39.087+0545] {logging_mixin.py:188} INFO - [2024-06-18T13:55:39.086+0545] {dagbag.py:545} INFO - Filling up the DagBag from /home/prabal/afenv/lib/python3.10/site-packages/airflow/example_dags/example_branch_python_dop_operator_3.py
[2024-06-18T13:55:39.099+0545] {processor.py:840} INFO - DAG(s) 'example_branch_dop_operator_v3' retrieved from /home/prabal/afenv/lib/python3.10/site-packages/airflow/example_dags/example_branch_python_dop_operator_3.py
[2024-06-18T13:55:39.117+0545] {logging_mixin.py:188} INFO - [2024-06-18T13:55:39.117+0545] {dag.py:3096} INFO - Sync 1 DAGs
[2024-06-18T13:55:39.140+0545] {logging_mixin.py:188} INFO - [2024-06-18T13:55:39.139+0545] {dag.py:3954} INFO - Setting next_dagrun for example_branch_dop_operator_v3 to 2024-06-18 08:09:00+00:00, run_after=2024-06-18 08:10:00+00:00
[2024-06-18T13:55:39.158+0545] {processor.py:183} INFO - Processing /home/prabal/afenv/lib/python3.10/site-packages/airflow/example_dags/example_branch_python_dop_operator_3.py took 0.088 seconds
[2024-06-18T13:56:33.783+0545] {processor.py:161} INFO - Started process (PID=18398) to work on /home/prabal/afenv/lib/python3.10/site-packages/airflow/example_dags/example_branch_python_dop_operator_3.py
[2024-06-18T13:56:33.796+0545] {processor.py:830} INFO - Processing file /home/prabal/afenv/lib/python3.10/site-packages/airflow/example_dags/example_branch_python_dop_operator_3.py for tasks to queue
[2024-06-18T13:56:33.801+0545] {logging_mixin.py:188} INFO - [2024-06-18T13:56:33.800+0545] {dagbag.py:545} INFO - Filling up the DagBag from /home/prabal/afenv/lib/python3.10/site-packages/airflow/example_dags/example_branch_python_dop_operator_3.py
[2024-06-18T13:56:33.826+0545] {processor.py:840} INFO - DAG(s) 'example_branch_dop_operator_v3' retrieved from /home/prabal/afenv/lib/python3.10/site-packages/airflow/example_dags/example_branch_python_dop_operator_3.py
[2024-06-18T13:56:33.843+0545] {logging_mixin.py:188} INFO - [2024-06-18T13:56:33.843+0545] {dag.py:3096} INFO - Sync 1 DAGs
[2024-06-18T13:56:33.865+0545] {logging_mixin.py:188} INFO - [2024-06-18T13:56:33.864+0545] {dag.py:3954} INFO - Setting next_dagrun for example_branch_dop_operator_v3 to 2024-06-18 08:10:00+00:00, run_after=2024-06-18 08:11:00+00:00
[2024-06-18T13:56:33.883+0545] {processor.py:183} INFO - Processing /home/prabal/afenv/lib/python3.10/site-packages/airflow/example_dags/example_branch_python_dop_operator_3.py took 0.117 seconds
[2024-06-18T13:57:23.612+0545] {processor.py:161} INFO - Started process (PID=18640) to work on /home/prabal/afenv/lib/python3.10/site-packages/airflow/example_dags/example_branch_python_dop_operator_3.py
[2024-06-18T13:57:23.626+0545] {processor.py:830} INFO - Processing file /home/prabal/afenv/lib/python3.10/site-packages/airflow/example_dags/example_branch_python_dop_operator_3.py for tasks to queue
[2024-06-18T13:57:23.630+0545] {logging_mixin.py:188} INFO - [2024-06-18T13:57:23.629+0545] {dagbag.py:545} INFO - Filling up the DagBag from /home/prabal/afenv/lib/python3.10/site-packages/airflow/example_dags/example_branch_python_dop_operator_3.py
[2024-06-18T13:57:23.650+0545] {processor.py:840} INFO - DAG(s) 'example_branch_dop_operator_v3' retrieved from /home/prabal/afenv/lib/python3.10/site-packages/airflow/example_dags/example_branch_python_dop_operator_3.py
[2024-06-18T13:57:23.669+0545] {logging_mixin.py:188} INFO - [2024-06-18T13:57:23.669+0545] {dag.py:3096} INFO - Sync 1 DAGs
[2024-06-18T13:57:23.692+0545] {logging_mixin.py:188} INFO - [2024-06-18T13:57:23.692+0545] {dag.py:3954} INFO - Setting next_dagrun for example_branch_dop_operator_v3 to 2024-06-18 08:11:00+00:00, run_after=2024-06-18 08:12:00+00:00
[2024-06-18T13:57:23.716+0545] {processor.py:183} INFO - Processing /home/prabal/afenv/lib/python3.10/site-packages/airflow/example_dags/example_branch_python_dop_operator_3.py took 0.119 seconds
[2024-06-18T14:05:24.222+0545] {processor.py:161} INFO - Started process (PID=20770) to work on /home/prabal/afenv/lib/python3.10/site-packages/airflow/example_dags/example_branch_python_dop_operator_3.py
[2024-06-18T14:05:24.224+0545] {processor.py:830} INFO - Processing file /home/prabal/afenv/lib/python3.10/site-packages/airflow/example_dags/example_branch_python_dop_operator_3.py for tasks to queue
[2024-06-18T14:05:24.227+0545] {logging_mixin.py:188} INFO - [2024-06-18T14:05:24.226+0545] {dagbag.py:545} INFO - Filling up the DagBag from /home/prabal/afenv/lib/python3.10/site-packages/airflow/example_dags/example_branch_python_dop_operator_3.py
[2024-06-18T14:05:24.243+0545] {processor.py:840} INFO - DAG(s) 'example_branch_dop_operator_v3' retrieved from /home/prabal/afenv/lib/python3.10/site-packages/airflow/example_dags/example_branch_python_dop_operator_3.py
[2024-06-18T14:05:24.258+0545] {logging_mixin.py:188} INFO - [2024-06-18T14:05:24.258+0545] {dag.py:3096} INFO - Sync 1 DAGs
[2024-06-18T14:05:24.283+0545] {logging_mixin.py:188} INFO - [2024-06-18T14:05:24.283+0545] {dag.py:3954} INFO - Setting next_dagrun for example_branch_dop_operator_v3 to 2024-06-18 08:19:00+00:00, run_after=2024-06-18 08:20:00+00:00
[2024-06-18T14:05:24.305+0545] {processor.py:183} INFO - Processing /home/prabal/afenv/lib/python3.10/site-packages/airflow/example_dags/example_branch_python_dop_operator_3.py took 0.089 seconds
[2024-06-18T14:06:22.169+0545] {processor.py:161} INFO - Started process (PID=21046) to work on /home/prabal/afenv/lib/python3.10/site-packages/airflow/example_dags/example_branch_python_dop_operator_3.py
[2024-06-18T14:06:22.172+0545] {processor.py:830} INFO - Processing file /home/prabal/afenv/lib/python3.10/site-packages/airflow/example_dags/example_branch_python_dop_operator_3.py for tasks to queue
[2024-06-18T14:06:22.174+0545] {logging_mixin.py:188} INFO - [2024-06-18T14:06:22.173+0545] {dagbag.py:545} INFO - Filling up the DagBag from /home/prabal/afenv/lib/python3.10/site-packages/airflow/example_dags/example_branch_python_dop_operator_3.py
[2024-06-18T14:06:22.188+0545] {processor.py:840} INFO - DAG(s) 'example_branch_dop_operator_v3' retrieved from /home/prabal/afenv/lib/python3.10/site-packages/airflow/example_dags/example_branch_python_dop_operator_3.py
[2024-06-18T14:06:22.206+0545] {logging_mixin.py:188} INFO - [2024-06-18T14:06:22.206+0545] {dag.py:3096} INFO - Sync 1 DAGs
[2024-06-18T14:06:22.232+0545] {logging_mixin.py:188} INFO - [2024-06-18T14:06:22.232+0545] {dag.py:3954} INFO - Setting next_dagrun for example_branch_dop_operator_v3 to 2024-06-18 08:20:00+00:00, run_after=2024-06-18 08:21:00+00:00
[2024-06-18T14:06:22.250+0545] {processor.py:183} INFO - Processing /home/prabal/afenv/lib/python3.10/site-packages/airflow/example_dags/example_branch_python_dop_operator_3.py took 0.095 seconds
[2024-06-18T14:07:18.745+0545] {processor.py:161} INFO - Started process (PID=21319) to work on /home/prabal/afenv/lib/python3.10/site-packages/airflow/example_dags/example_branch_python_dop_operator_3.py
[2024-06-18T14:07:18.748+0545] {processor.py:830} INFO - Processing file /home/prabal/afenv/lib/python3.10/site-packages/airflow/example_dags/example_branch_python_dop_operator_3.py for tasks to queue
[2024-06-18T14:07:18.751+0545] {logging_mixin.py:188} INFO - [2024-06-18T14:07:18.750+0545] {dagbag.py:545} INFO - Filling up the DagBag from /home/prabal/afenv/lib/python3.10/site-packages/airflow/example_dags/example_branch_python_dop_operator_3.py
[2024-06-18T14:07:18.763+0545] {processor.py:840} INFO - DAG(s) 'example_branch_dop_operator_v3' retrieved from /home/prabal/afenv/lib/python3.10/site-packages/airflow/example_dags/example_branch_python_dop_operator_3.py
[2024-06-18T14:07:18.865+0545] {logging_mixin.py:188} INFO - [2024-06-18T14:07:18.865+0545] {dag.py:3096} INFO - Sync 1 DAGs
[2024-06-18T14:07:18.885+0545] {logging_mixin.py:188} INFO - [2024-06-18T14:07:18.884+0545] {dag.py:3954} INFO - Setting next_dagrun for example_branch_dop_operator_v3 to 2024-06-18 08:21:00+00:00, run_after=2024-06-18 08:22:00+00:00
[2024-06-18T14:07:18.929+0545] {processor.py:183} INFO - Processing /home/prabal/afenv/lib/python3.10/site-packages/airflow/example_dags/example_branch_python_dop_operator_3.py took 0.198 seconds
[2024-06-18T14:08:16.226+0545] {processor.py:161} INFO - Started process (PID=21605) to work on /home/prabal/afenv/lib/python3.10/site-packages/airflow/example_dags/example_branch_python_dop_operator_3.py
[2024-06-18T14:08:16.239+0545] {processor.py:830} INFO - Processing file /home/prabal/afenv/lib/python3.10/site-packages/airflow/example_dags/example_branch_python_dop_operator_3.py for tasks to queue
[2024-06-18T14:08:16.243+0545] {logging_mixin.py:188} INFO - [2024-06-18T14:08:16.242+0545] {dagbag.py:545} INFO - Filling up the DagBag from /home/prabal/afenv/lib/python3.10/site-packages/airflow/example_dags/example_branch_python_dop_operator_3.py
[2024-06-18T14:08:16.261+0545] {processor.py:840} INFO - DAG(s) 'example_branch_dop_operator_v3' retrieved from /home/prabal/afenv/lib/python3.10/site-packages/airflow/example_dags/example_branch_python_dop_operator_3.py
[2024-06-18T14:08:16.278+0545] {logging_mixin.py:188} INFO - [2024-06-18T14:08:16.278+0545] {dag.py:3096} INFO - Sync 1 DAGs
[2024-06-18T14:08:16.304+0545] {logging_mixin.py:188} INFO - [2024-06-18T14:08:16.303+0545] {dag.py:3954} INFO - Setting next_dagrun for example_branch_dop_operator_v3 to 2024-06-18 08:22:00+00:00, run_after=2024-06-18 08:23:00+00:00
[2024-06-18T14:08:16.325+0545] {processor.py:183} INFO - Processing /home/prabal/afenv/lib/python3.10/site-packages/airflow/example_dags/example_branch_python_dop_operator_3.py took 0.111 seconds
[2024-06-18T14:09:10.473+0545] {processor.py:161} INFO - Started process (PID=21866) to work on /home/prabal/afenv/lib/python3.10/site-packages/airflow/example_dags/example_branch_python_dop_operator_3.py
[2024-06-18T14:09:10.487+0545] {processor.py:830} INFO - Processing file /home/prabal/afenv/lib/python3.10/site-packages/airflow/example_dags/example_branch_python_dop_operator_3.py for tasks to queue
[2024-06-18T14:09:10.490+0545] {logging_mixin.py:188} INFO - [2024-06-18T14:09:10.489+0545] {dagbag.py:545} INFO - Filling up the DagBag from /home/prabal/afenv/lib/python3.10/site-packages/airflow/example_dags/example_branch_python_dop_operator_3.py
[2024-06-18T14:09:10.509+0545] {processor.py:840} INFO - DAG(s) 'example_branch_dop_operator_v3' retrieved from /home/prabal/afenv/lib/python3.10/site-packages/airflow/example_dags/example_branch_python_dop_operator_3.py
[2024-06-18T14:09:10.522+0545] {logging_mixin.py:188} INFO - [2024-06-18T14:09:10.521+0545] {dag.py:3096} INFO - Sync 1 DAGs
[2024-06-18T14:09:10.542+0545] {logging_mixin.py:188} INFO - [2024-06-18T14:09:10.542+0545] {dag.py:3954} INFO - Setting next_dagrun for example_branch_dop_operator_v3 to 2024-06-18 08:23:00+00:00, run_after=2024-06-18 08:24:00+00:00
[2024-06-18T14:09:10.573+0545] {processor.py:183} INFO - Processing /home/prabal/afenv/lib/python3.10/site-packages/airflow/example_dags/example_branch_python_dop_operator_3.py took 0.113 seconds
[2024-06-18T14:10:05.401+0545] {processor.py:161} INFO - Started process (PID=22128) to work on /home/prabal/afenv/lib/python3.10/site-packages/airflow/example_dags/example_branch_python_dop_operator_3.py
[2024-06-18T14:10:05.415+0545] {processor.py:830} INFO - Processing file /home/prabal/afenv/lib/python3.10/site-packages/airflow/example_dags/example_branch_python_dop_operator_3.py for tasks to queue
[2024-06-18T14:10:05.419+0545] {logging_mixin.py:188} INFO - [2024-06-18T14:10:05.418+0545] {dagbag.py:545} INFO - Filling up the DagBag from /home/prabal/afenv/lib/python3.10/site-packages/airflow/example_dags/example_branch_python_dop_operator_3.py
[2024-06-18T14:10:05.441+0545] {processor.py:840} INFO - DAG(s) 'example_branch_dop_operator_v3' retrieved from /home/prabal/afenv/lib/python3.10/site-packages/airflow/example_dags/example_branch_python_dop_operator_3.py
[2024-06-18T14:10:05.473+0545] {logging_mixin.py:188} INFO - [2024-06-18T14:10:05.472+0545] {dag.py:3096} INFO - Sync 1 DAGs
[2024-06-18T14:10:05.495+0545] {logging_mixin.py:188} INFO - [2024-06-18T14:10:05.495+0545] {dag.py:3954} INFO - Setting next_dagrun for example_branch_dop_operator_v3 to 2024-06-18 08:24:00+00:00, run_after=2024-06-18 08:25:00+00:00
[2024-06-18T14:10:05.512+0545] {processor.py:183} INFO - Processing /home/prabal/afenv/lib/python3.10/site-packages/airflow/example_dags/example_branch_python_dop_operator_3.py took 0.125 seconds
[2024-06-18T14:10:59.024+0545] {processor.py:161} INFO - Started process (PID=22385) to work on /home/prabal/afenv/lib/python3.10/site-packages/airflow/example_dags/example_branch_python_dop_operator_3.py
[2024-06-18T14:10:59.036+0545] {processor.py:830} INFO - Processing file /home/prabal/afenv/lib/python3.10/site-packages/airflow/example_dags/example_branch_python_dop_operator_3.py for tasks to queue
[2024-06-18T14:10:59.038+0545] {logging_mixin.py:188} INFO - [2024-06-18T14:10:59.038+0545] {dagbag.py:545} INFO - Filling up the DagBag from /home/prabal/afenv/lib/python3.10/site-packages/airflow/example_dags/example_branch_python_dop_operator_3.py
[2024-06-18T14:10:59.049+0545] {processor.py:840} INFO - DAG(s) 'example_branch_dop_operator_v3' retrieved from /home/prabal/afenv/lib/python3.10/site-packages/airflow/example_dags/example_branch_python_dop_operator_3.py
[2024-06-18T14:10:59.063+0545] {logging_mixin.py:188} INFO - [2024-06-18T14:10:59.063+0545] {dag.py:3096} INFO - Sync 1 DAGs
[2024-06-18T14:10:59.084+0545] {logging_mixin.py:188} INFO - [2024-06-18T14:10:59.084+0545] {dag.py:3954} INFO - Setting next_dagrun for example_branch_dop_operator_v3 to 2024-06-18 08:24:00+00:00, run_after=2024-06-18 08:25:00+00:00
[2024-06-18T14:10:59.101+0545] {processor.py:183} INFO - Processing /home/prabal/afenv/lib/python3.10/site-packages/airflow/example_dags/example_branch_python_dop_operator_3.py took 0.086 seconds
[2024-06-18T14:11:50.147+0545] {processor.py:161} INFO - Started process (PID=22634) to work on /home/prabal/afenv/lib/python3.10/site-packages/airflow/example_dags/example_branch_python_dop_operator_3.py
[2024-06-18T14:11:50.160+0545] {processor.py:830} INFO - Processing file /home/prabal/afenv/lib/python3.10/site-packages/airflow/example_dags/example_branch_python_dop_operator_3.py for tasks to queue
[2024-06-18T14:11:50.164+0545] {logging_mixin.py:188} INFO - [2024-06-18T14:11:50.163+0545] {dagbag.py:545} INFO - Filling up the DagBag from /home/prabal/afenv/lib/python3.10/site-packages/airflow/example_dags/example_branch_python_dop_operator_3.py
[2024-06-18T14:11:50.185+0545] {processor.py:840} INFO - DAG(s) 'example_branch_dop_operator_v3' retrieved from /home/prabal/afenv/lib/python3.10/site-packages/airflow/example_dags/example_branch_python_dop_operator_3.py
[2024-06-18T14:11:50.205+0545] {logging_mixin.py:188} INFO - [2024-06-18T14:11:50.204+0545] {dag.py:3096} INFO - Sync 1 DAGs
[2024-06-18T14:11:50.230+0545] {logging_mixin.py:188} INFO - [2024-06-18T14:11:50.230+0545] {dag.py:3954} INFO - Setting next_dagrun for example_branch_dop_operator_v3 to 2024-06-18 08:25:00+00:00, run_after=2024-06-18 08:26:00+00:00
[2024-06-18T14:11:50.250+0545] {processor.py:183} INFO - Processing /home/prabal/afenv/lib/python3.10/site-packages/airflow/example_dags/example_branch_python_dop_operator_3.py took 0.117 seconds
[2024-06-18T14:12:41.743+0545] {processor.py:161} INFO - Started process (PID=22882) to work on /home/prabal/afenv/lib/python3.10/site-packages/airflow/example_dags/example_branch_python_dop_operator_3.py
[2024-06-18T14:12:41.745+0545] {processor.py:830} INFO - Processing file /home/prabal/afenv/lib/python3.10/site-packages/airflow/example_dags/example_branch_python_dop_operator_3.py for tasks to queue
[2024-06-18T14:12:41.748+0545] {logging_mixin.py:188} INFO - [2024-06-18T14:12:41.747+0545] {dagbag.py:545} INFO - Filling up the DagBag from /home/prabal/afenv/lib/python3.10/site-packages/airflow/example_dags/example_branch_python_dop_operator_3.py
[2024-06-18T14:12:41.756+0545] {processor.py:840} INFO - DAG(s) 'example_branch_dop_operator_v3' retrieved from /home/prabal/afenv/lib/python3.10/site-packages/airflow/example_dags/example_branch_python_dop_operator_3.py
[2024-06-18T14:12:41.771+0545] {logging_mixin.py:188} INFO - [2024-06-18T14:12:41.771+0545] {dag.py:3096} INFO - Sync 1 DAGs
[2024-06-18T14:12:41.795+0545] {logging_mixin.py:188} INFO - [2024-06-18T14:12:41.795+0545] {dag.py:3954} INFO - Setting next_dagrun for example_branch_dop_operator_v3 to 2024-06-18 08:26:00+00:00, run_after=2024-06-18 08:27:00+00:00
[2024-06-18T14:12:41.831+0545] {processor.py:183} INFO - Processing /home/prabal/afenv/lib/python3.10/site-packages/airflow/example_dags/example_branch_python_dop_operator_3.py took 0.105 seconds
[2024-06-18T14:13:31.786+0545] {processor.py:161} INFO - Started process (PID=23123) to work on /home/prabal/afenv/lib/python3.10/site-packages/airflow/example_dags/example_branch_python_dop_operator_3.py
[2024-06-18T14:13:31.800+0545] {processor.py:830} INFO - Processing file /home/prabal/afenv/lib/python3.10/site-packages/airflow/example_dags/example_branch_python_dop_operator_3.py for tasks to queue
[2024-06-18T14:13:31.804+0545] {logging_mixin.py:188} INFO - [2024-06-18T14:13:31.803+0545] {dagbag.py:545} INFO - Filling up the DagBag from /home/prabal/afenv/lib/python3.10/site-packages/airflow/example_dags/example_branch_python_dop_operator_3.py
[2024-06-18T14:13:31.825+0545] {processor.py:840} INFO - DAG(s) 'example_branch_dop_operator_v3' retrieved from /home/prabal/afenv/lib/python3.10/site-packages/airflow/example_dags/example_branch_python_dop_operator_3.py
[2024-06-18T14:13:31.856+0545] {logging_mixin.py:188} INFO - [2024-06-18T14:13:31.856+0545] {dag.py:3096} INFO - Sync 1 DAGs
[2024-06-18T14:13:31.887+0545] {logging_mixin.py:188} INFO - [2024-06-18T14:13:31.886+0545] {dag.py:3954} INFO - Setting next_dagrun for example_branch_dop_operator_v3 to 2024-06-18 08:27:00+00:00, run_after=2024-06-18 08:28:00+00:00
[2024-06-18T14:13:31.906+0545] {processor.py:183} INFO - Processing /home/prabal/afenv/lib/python3.10/site-packages/airflow/example_dags/example_branch_python_dop_operator_3.py took 0.133 seconds
[2024-06-18T14:14:24.524+0545] {processor.py:161} INFO - Started process (PID=23378) to work on /home/prabal/afenv/lib/python3.10/site-packages/airflow/example_dags/example_branch_python_dop_operator_3.py
[2024-06-18T14:14:24.537+0545] {processor.py:830} INFO - Processing file /home/prabal/afenv/lib/python3.10/site-packages/airflow/example_dags/example_branch_python_dop_operator_3.py for tasks to queue
[2024-06-18T14:14:24.540+0545] {logging_mixin.py:188} INFO - [2024-06-18T14:14:24.539+0545] {dagbag.py:545} INFO - Filling up the DagBag from /home/prabal/afenv/lib/python3.10/site-packages/airflow/example_dags/example_branch_python_dop_operator_3.py
[2024-06-18T14:14:24.560+0545] {processor.py:840} INFO - DAG(s) 'example_branch_dop_operator_v3' retrieved from /home/prabal/afenv/lib/python3.10/site-packages/airflow/example_dags/example_branch_python_dop_operator_3.py
[2024-06-18T14:14:24.595+0545] {logging_mixin.py:188} INFO - [2024-06-18T14:14:24.594+0545] {dag.py:3096} INFO - Sync 1 DAGs
[2024-06-18T14:14:24.641+0545] {logging_mixin.py:188} INFO - [2024-06-18T14:14:24.640+0545] {dag.py:3954} INFO - Setting next_dagrun for example_branch_dop_operator_v3 to 2024-06-18 08:28:00+00:00, run_after=2024-06-18 08:29:00+00:00
[2024-06-18T14:14:24.676+0545] {processor.py:183} INFO - Processing /home/prabal/afenv/lib/python3.10/site-packages/airflow/example_dags/example_branch_python_dop_operator_3.py took 0.167 seconds
[2024-06-18T14:15:25.395+0545] {processor.py:161} INFO - Started process (PID=23694) to work on /home/prabal/afenv/lib/python3.10/site-packages/airflow/example_dags/example_branch_python_dop_operator_3.py
[2024-06-18T14:15:25.398+0545] {processor.py:830} INFO - Processing file /home/prabal/afenv/lib/python3.10/site-packages/airflow/example_dags/example_branch_python_dop_operator_3.py for tasks to queue
[2024-06-18T14:15:25.400+0545] {logging_mixin.py:188} INFO - [2024-06-18T14:15:25.400+0545] {dagbag.py:545} INFO - Filling up the DagBag from /home/prabal/afenv/lib/python3.10/site-packages/airflow/example_dags/example_branch_python_dop_operator_3.py
[2024-06-18T14:15:25.420+0545] {processor.py:840} INFO - DAG(s) 'example_branch_dop_operator_v3' retrieved from /home/prabal/afenv/lib/python3.10/site-packages/airflow/example_dags/example_branch_python_dop_operator_3.py
[2024-06-18T14:15:25.439+0545] {logging_mixin.py:188} INFO - [2024-06-18T14:15:25.439+0545] {dag.py:3096} INFO - Sync 1 DAGs
[2024-06-18T14:15:25.470+0545] {logging_mixin.py:188} INFO - [2024-06-18T14:15:25.470+0545] {dag.py:3954} INFO - Setting next_dagrun for example_branch_dop_operator_v3 to 2024-06-18 08:29:00+00:00, run_after=2024-06-18 08:30:00+00:00
[2024-06-18T14:15:25.495+0545] {processor.py:183} INFO - Processing /home/prabal/afenv/lib/python3.10/site-packages/airflow/example_dags/example_branch_python_dop_operator_3.py took 0.118 seconds
[2024-06-18T14:16:26.103+0545] {processor.py:161} INFO - Started process (PID=23987) to work on /home/prabal/afenv/lib/python3.10/site-packages/airflow/example_dags/example_branch_python_dop_operator_3.py
[2024-06-18T14:16:26.116+0545] {processor.py:830} INFO - Processing file /home/prabal/afenv/lib/python3.10/site-packages/airflow/example_dags/example_branch_python_dop_operator_3.py for tasks to queue
[2024-06-18T14:16:26.120+0545] {logging_mixin.py:188} INFO - [2024-06-18T14:16:26.119+0545] {dagbag.py:545} INFO - Filling up the DagBag from /home/prabal/afenv/lib/python3.10/site-packages/airflow/example_dags/example_branch_python_dop_operator_3.py
[2024-06-18T14:16:26.140+0545] {processor.py:840} INFO - DAG(s) 'example_branch_dop_operator_v3' retrieved from /home/prabal/afenv/lib/python3.10/site-packages/airflow/example_dags/example_branch_python_dop_operator_3.py
[2024-06-18T14:16:26.160+0545] {logging_mixin.py:188} INFO - [2024-06-18T14:16:26.159+0545] {dag.py:3096} INFO - Sync 1 DAGs
[2024-06-18T14:16:26.186+0545] {logging_mixin.py:188} INFO - [2024-06-18T14:16:26.186+0545] {dag.py:3954} INFO - Setting next_dagrun for example_branch_dop_operator_v3 to 2024-06-18 08:30:00+00:00, run_after=2024-06-18 08:31:00+00:00
[2024-06-18T14:16:26.216+0545] {processor.py:183} INFO - Processing /home/prabal/afenv/lib/python3.10/site-packages/airflow/example_dags/example_branch_python_dop_operator_3.py took 0.127 seconds
[2024-06-18T14:17:19.822+0545] {processor.py:161} INFO - Started process (PID=24248) to work on /home/prabal/afenv/lib/python3.10/site-packages/airflow/example_dags/example_branch_python_dop_operator_3.py
[2024-06-18T14:17:19.835+0545] {processor.py:830} INFO - Processing file /home/prabal/afenv/lib/python3.10/site-packages/airflow/example_dags/example_branch_python_dop_operator_3.py for tasks to queue
[2024-06-18T14:17:19.839+0545] {logging_mixin.py:188} INFO - [2024-06-18T14:17:19.838+0545] {dagbag.py:545} INFO - Filling up the DagBag from /home/prabal/afenv/lib/python3.10/site-packages/airflow/example_dags/example_branch_python_dop_operator_3.py
[2024-06-18T14:17:19.858+0545] {processor.py:840} INFO - DAG(s) 'example_branch_dop_operator_v3' retrieved from /home/prabal/afenv/lib/python3.10/site-packages/airflow/example_dags/example_branch_python_dop_operator_3.py
[2024-06-18T14:17:19.882+0545] {logging_mixin.py:188} INFO - [2024-06-18T14:17:19.881+0545] {dag.py:3096} INFO - Sync 1 DAGs
[2024-06-18T14:17:19.919+0545] {logging_mixin.py:188} INFO - [2024-06-18T14:17:19.919+0545] {dag.py:3954} INFO - Setting next_dagrun for example_branch_dop_operator_v3 to 2024-06-18 08:31:00+00:00, run_after=2024-06-18 08:32:00+00:00
[2024-06-18T14:17:19.955+0545] {processor.py:183} INFO - Processing /home/prabal/afenv/lib/python3.10/site-packages/airflow/example_dags/example_branch_python_dop_operator_3.py took 0.145 seconds
[2024-06-18T14:18:15.365+0545] {processor.py:161} INFO - Started process (PID=24513) to work on /home/prabal/afenv/lib/python3.10/site-packages/airflow/example_dags/example_branch_python_dop_operator_3.py
[2024-06-18T14:18:15.373+0545] {processor.py:830} INFO - Processing file /home/prabal/afenv/lib/python3.10/site-packages/airflow/example_dags/example_branch_python_dop_operator_3.py for tasks to queue
[2024-06-18T14:18:15.376+0545] {logging_mixin.py:188} INFO - [2024-06-18T14:18:15.376+0545] {dagbag.py:545} INFO - Filling up the DagBag from /home/prabal/afenv/lib/python3.10/site-packages/airflow/example_dags/example_branch_python_dop_operator_3.py
[2024-06-18T14:18:15.391+0545] {processor.py:840} INFO - DAG(s) 'example_branch_dop_operator_v3' retrieved from /home/prabal/afenv/lib/python3.10/site-packages/airflow/example_dags/example_branch_python_dop_operator_3.py
[2024-06-18T14:18:15.409+0545] {logging_mixin.py:188} INFO - [2024-06-18T14:18:15.408+0545] {dag.py:3096} INFO - Sync 1 DAGs
[2024-06-18T14:18:15.443+0545] {logging_mixin.py:188} INFO - [2024-06-18T14:18:15.443+0545] {dag.py:3954} INFO - Setting next_dagrun for example_branch_dop_operator_v3 to 2024-06-18 08:32:00+00:00, run_after=2024-06-18 08:33:00+00:00
[2024-06-18T14:18:15.469+0545] {processor.py:183} INFO - Processing /home/prabal/afenv/lib/python3.10/site-packages/airflow/example_dags/example_branch_python_dop_operator_3.py took 0.119 seconds
[2024-06-18T14:19:11.049+0545] {processor.py:161} INFO - Started process (PID=24779) to work on /home/prabal/afenv/lib/python3.10/site-packages/airflow/example_dags/example_branch_python_dop_operator_3.py
[2024-06-18T14:19:11.052+0545] {processor.py:830} INFO - Processing file /home/prabal/afenv/lib/python3.10/site-packages/airflow/example_dags/example_branch_python_dop_operator_3.py for tasks to queue
[2024-06-18T14:19:11.055+0545] {logging_mixin.py:188} INFO - [2024-06-18T14:19:11.055+0545] {dagbag.py:545} INFO - Filling up the DagBag from /home/prabal/afenv/lib/python3.10/site-packages/airflow/example_dags/example_branch_python_dop_operator_3.py
[2024-06-18T14:19:11.077+0545] {processor.py:840} INFO - DAG(s) 'example_branch_dop_operator_v3' retrieved from /home/prabal/afenv/lib/python3.10/site-packages/airflow/example_dags/example_branch_python_dop_operator_3.py
[2024-06-18T14:19:11.098+0545] {logging_mixin.py:188} INFO - [2024-06-18T14:19:11.098+0545] {dag.py:3096} INFO - Sync 1 DAGs
[2024-06-18T14:19:11.128+0545] {logging_mixin.py:188} INFO - [2024-06-18T14:19:11.127+0545] {dag.py:3954} INFO - Setting next_dagrun for example_branch_dop_operator_v3 to 2024-06-18 08:33:00+00:00, run_after=2024-06-18 08:34:00+00:00
[2024-06-18T14:19:11.151+0545] {processor.py:183} INFO - Processing /home/prabal/afenv/lib/python3.10/site-packages/airflow/example_dags/example_branch_python_dop_operator_3.py took 0.117 seconds
[2024-06-18T14:20:04.326+0545] {processor.py:161} INFO - Started process (PID=25035) to work on /home/prabal/afenv/lib/python3.10/site-packages/airflow/example_dags/example_branch_python_dop_operator_3.py
[2024-06-18T14:20:04.339+0545] {processor.py:830} INFO - Processing file /home/prabal/afenv/lib/python3.10/site-packages/airflow/example_dags/example_branch_python_dop_operator_3.py for tasks to queue
[2024-06-18T14:20:04.343+0545] {logging_mixin.py:188} INFO - [2024-06-18T14:20:04.342+0545] {dagbag.py:545} INFO - Filling up the DagBag from /home/prabal/afenv/lib/python3.10/site-packages/airflow/example_dags/example_branch_python_dop_operator_3.py
[2024-06-18T14:20:04.366+0545] {processor.py:840} INFO - DAG(s) 'example_branch_dop_operator_v3' retrieved from /home/prabal/afenv/lib/python3.10/site-packages/airflow/example_dags/example_branch_python_dop_operator_3.py
[2024-06-18T14:20:04.397+0545] {logging_mixin.py:188} INFO - [2024-06-18T14:20:04.397+0545] {dag.py:3096} INFO - Sync 1 DAGs
[2024-06-18T14:20:04.442+0545] {logging_mixin.py:188} INFO - [2024-06-18T14:20:04.442+0545] {dag.py:3954} INFO - Setting next_dagrun for example_branch_dop_operator_v3 to 2024-06-18 08:34:00+00:00, run_after=2024-06-18 08:35:00+00:00
[2024-06-18T14:20:04.482+0545] {processor.py:183} INFO - Processing /home/prabal/afenv/lib/python3.10/site-packages/airflow/example_dags/example_branch_python_dop_operator_3.py took 0.171 seconds
[2024-06-18T14:20:56.429+0545] {processor.py:161} INFO - Started process (PID=25287) to work on /home/prabal/afenv/lib/python3.10/site-packages/airflow/example_dags/example_branch_python_dop_operator_3.py
[2024-06-18T14:20:56.442+0545] {processor.py:830} INFO - Processing file /home/prabal/afenv/lib/python3.10/site-packages/airflow/example_dags/example_branch_python_dop_operator_3.py for tasks to queue
[2024-06-18T14:20:56.445+0545] {logging_mixin.py:188} INFO - [2024-06-18T14:20:56.445+0545] {dagbag.py:545} INFO - Filling up the DagBag from /home/prabal/afenv/lib/python3.10/site-packages/airflow/example_dags/example_branch_python_dop_operator_3.py
[2024-06-18T14:20:56.466+0545] {processor.py:840} INFO - DAG(s) 'example_branch_dop_operator_v3' retrieved from /home/prabal/afenv/lib/python3.10/site-packages/airflow/example_dags/example_branch_python_dop_operator_3.py
[2024-06-18T14:20:56.490+0545] {logging_mixin.py:188} INFO - [2024-06-18T14:20:56.490+0545] {dag.py:3096} INFO - Sync 1 DAGs
[2024-06-18T14:20:56.521+0545] {logging_mixin.py:188} INFO - [2024-06-18T14:20:56.521+0545] {dag.py:3954} INFO - Setting next_dagrun for example_branch_dop_operator_v3 to 2024-06-18 08:34:00+00:00, run_after=2024-06-18 08:35:00+00:00
[2024-06-18T14:20:56.554+0545] {processor.py:183} INFO - Processing /home/prabal/afenv/lib/python3.10/site-packages/airflow/example_dags/example_branch_python_dop_operator_3.py took 0.141 seconds
[2024-06-18T14:21:50.436+0545] {processor.py:161} INFO - Started process (PID=25543) to work on /home/prabal/afenv/lib/python3.10/site-packages/airflow/example_dags/example_branch_python_dop_operator_3.py
[2024-06-18T14:21:50.449+0545] {processor.py:830} INFO - Processing file /home/prabal/afenv/lib/python3.10/site-packages/airflow/example_dags/example_branch_python_dop_operator_3.py for tasks to queue
[2024-06-18T14:21:50.453+0545] {logging_mixin.py:188} INFO - [2024-06-18T14:21:50.452+0545] {dagbag.py:545} INFO - Filling up the DagBag from /home/prabal/afenv/lib/python3.10/site-packages/airflow/example_dags/example_branch_python_dop_operator_3.py
[2024-06-18T14:21:50.471+0545] {processor.py:840} INFO - DAG(s) 'example_branch_dop_operator_v3' retrieved from /home/prabal/afenv/lib/python3.10/site-packages/airflow/example_dags/example_branch_python_dop_operator_3.py
[2024-06-18T14:21:50.506+0545] {logging_mixin.py:188} INFO - [2024-06-18T14:21:50.505+0545] {dag.py:3096} INFO - Sync 1 DAGs
[2024-06-18T14:21:50.537+0545] {logging_mixin.py:188} INFO - [2024-06-18T14:21:50.537+0545] {dag.py:3954} INFO - Setting next_dagrun for example_branch_dop_operator_v3 to 2024-06-18 08:35:00+00:00, run_after=2024-06-18 08:36:00+00:00
[2024-06-18T14:21:50.557+0545] {processor.py:183} INFO - Processing /home/prabal/afenv/lib/python3.10/site-packages/airflow/example_dags/example_branch_python_dop_operator_3.py took 0.135 seconds
[2024-06-18T14:22:45.818+0545] {processor.py:161} INFO - Started process (PID=25811) to work on /home/prabal/afenv/lib/python3.10/site-packages/airflow/example_dags/example_branch_python_dop_operator_3.py
[2024-06-18T14:22:45.832+0545] {processor.py:830} INFO - Processing file /home/prabal/afenv/lib/python3.10/site-packages/airflow/example_dags/example_branch_python_dop_operator_3.py for tasks to queue
[2024-06-18T14:22:45.835+0545] {logging_mixin.py:188} INFO - [2024-06-18T14:22:45.835+0545] {dagbag.py:545} INFO - Filling up the DagBag from /home/prabal/afenv/lib/python3.10/site-packages/airflow/example_dags/example_branch_python_dop_operator_3.py
[2024-06-18T14:22:45.850+0545] {processor.py:840} INFO - DAG(s) 'example_branch_dop_operator_v3' retrieved from /home/prabal/afenv/lib/python3.10/site-packages/airflow/example_dags/example_branch_python_dop_operator_3.py
[2024-06-18T14:22:45.862+0545] {logging_mixin.py:188} INFO - [2024-06-18T14:22:45.862+0545] {dag.py:3096} INFO - Sync 1 DAGs
[2024-06-18T14:22:45.899+0545] {logging_mixin.py:188} INFO - [2024-06-18T14:22:45.899+0545] {dag.py:3954} INFO - Setting next_dagrun for example_branch_dop_operator_v3 to 2024-06-18 08:36:00+00:00, run_after=2024-06-18 08:37:00+00:00
[2024-06-18T14:22:45.916+0545] {processor.py:183} INFO - Processing /home/prabal/afenv/lib/python3.10/site-packages/airflow/example_dags/example_branch_python_dop_operator_3.py took 0.114 seconds
[2024-06-18T14:23:38.252+0545] {processor.py:161} INFO - Started process (PID=26067) to work on /home/prabal/afenv/lib/python3.10/site-packages/airflow/example_dags/example_branch_python_dop_operator_3.py
[2024-06-18T14:23:38.254+0545] {processor.py:830} INFO - Processing file /home/prabal/afenv/lib/python3.10/site-packages/airflow/example_dags/example_branch_python_dop_operator_3.py for tasks to queue
[2024-06-18T14:23:38.256+0545] {logging_mixin.py:188} INFO - [2024-06-18T14:23:38.256+0545] {dagbag.py:545} INFO - Filling up the DagBag from /home/prabal/afenv/lib/python3.10/site-packages/airflow/example_dags/example_branch_python_dop_operator_3.py
[2024-06-18T14:23:38.268+0545] {processor.py:840} INFO - DAG(s) 'example_branch_dop_operator_v3' retrieved from /home/prabal/afenv/lib/python3.10/site-packages/airflow/example_dags/example_branch_python_dop_operator_3.py
[2024-06-18T14:23:38.282+0545] {logging_mixin.py:188} INFO - [2024-06-18T14:23:38.282+0545] {dag.py:3096} INFO - Sync 1 DAGs
[2024-06-18T14:23:38.303+0545] {logging_mixin.py:188} INFO - [2024-06-18T14:23:38.303+0545] {dag.py:3954} INFO - Setting next_dagrun for example_branch_dop_operator_v3 to 2024-06-18 08:37:00+00:00, run_after=2024-06-18 08:38:00+00:00
[2024-06-18T14:23:38.320+0545] {processor.py:183} INFO - Processing /home/prabal/afenv/lib/python3.10/site-packages/airflow/example_dags/example_branch_python_dop_operator_3.py took 0.085 seconds
[2024-06-18T17:15:54.833+0545] {processor.py:161} INFO - Started process (PID=4099) to work on /home/prabal/afenv/lib/python3.10/site-packages/airflow/example_dags/example_branch_python_dop_operator_3.py
[2024-06-18T17:15:54.839+0545] {processor.py:830} INFO - Processing file /home/prabal/afenv/lib/python3.10/site-packages/airflow/example_dags/example_branch_python_dop_operator_3.py for tasks to queue
[2024-06-18T17:15:54.842+0545] {logging_mixin.py:188} INFO - [2024-06-18T17:15:54.841+0545] {dagbag.py:545} INFO - Filling up the DagBag from /home/prabal/afenv/lib/python3.10/site-packages/airflow/example_dags/example_branch_python_dop_operator_3.py
[2024-06-18T17:15:54.861+0545] {processor.py:840} INFO - DAG(s) 'example_branch_dop_operator_v3' retrieved from /home/prabal/afenv/lib/python3.10/site-packages/airflow/example_dags/example_branch_python_dop_operator_3.py
[2024-06-18T17:15:54.868+0545] {logging_mixin.py:188} INFO - [2024-06-18T17:15:54.868+0545] {dag.py:3096} INFO - Sync 1 DAGs
[2024-06-18T17:15:54.887+0545] {logging_mixin.py:188} INFO - [2024-06-18T17:15:54.887+0545] {dag.py:3954} INFO - Setting next_dagrun for example_branch_dop_operator_v3 to 2024-06-18 11:29:00+00:00, run_after=2024-06-18 11:30:00+00:00
[2024-06-18T17:15:54.906+0545] {processor.py:183} INFO - Processing /home/prabal/afenv/lib/python3.10/site-packages/airflow/example_dags/example_branch_python_dop_operator_3.py took 0.084 seconds
[2024-06-18T17:17:39.895+0545] {processor.py:161} INFO - Started process (PID=4670) to work on /home/prabal/afenv/lib/python3.10/site-packages/airflow/example_dags/example_branch_python_dop_operator_3.py
[2024-06-18T17:17:39.897+0545] {processor.py:830} INFO - Processing file /home/prabal/afenv/lib/python3.10/site-packages/airflow/example_dags/example_branch_python_dop_operator_3.py for tasks to queue
[2024-06-18T17:17:39.898+0545] {logging_mixin.py:188} INFO - [2024-06-18T17:17:39.898+0545] {dagbag.py:545} INFO - Filling up the DagBag from /home/prabal/afenv/lib/python3.10/site-packages/airflow/example_dags/example_branch_python_dop_operator_3.py
[2024-06-18T17:17:39.912+0545] {processor.py:840} INFO - DAG(s) 'example_branch_dop_operator_v3' retrieved from /home/prabal/afenv/lib/python3.10/site-packages/airflow/example_dags/example_branch_python_dop_operator_3.py
[2024-06-18T17:17:40.060+0545] {logging_mixin.py:188} INFO - [2024-06-18T17:17:40.060+0545] {dag.py:3096} INFO - Sync 1 DAGs
[2024-06-18T17:17:40.076+0545] {logging_mixin.py:188} INFO - [2024-06-18T17:17:40.076+0545] {dag.py:3954} INFO - Setting next_dagrun for example_branch_dop_operator_v3 to 2024-06-18 11:31:00+00:00, run_after=2024-06-18 11:32:00+00:00
[2024-06-18T17:17:40.105+0545] {processor.py:183} INFO - Processing /home/prabal/afenv/lib/python3.10/site-packages/airflow/example_dags/example_branch_python_dop_operator_3.py took 0.221 seconds
[2024-06-18T17:18:40.022+0545] {processor.py:161} INFO - Started process (PID=5194) to work on /home/prabal/afenv/lib/python3.10/site-packages/airflow/example_dags/example_branch_python_dop_operator_3.py
[2024-06-18T17:18:40.024+0545] {processor.py:830} INFO - Processing file /home/prabal/afenv/lib/python3.10/site-packages/airflow/example_dags/example_branch_python_dop_operator_3.py for tasks to queue
[2024-06-18T17:18:40.025+0545] {logging_mixin.py:188} INFO - [2024-06-18T17:18:40.024+0545] {dagbag.py:545} INFO - Filling up the DagBag from /home/prabal/afenv/lib/python3.10/site-packages/airflow/example_dags/example_branch_python_dop_operator_3.py
[2024-06-18T17:18:40.035+0545] {processor.py:840} INFO - DAG(s) 'example_branch_dop_operator_v3' retrieved from /home/prabal/afenv/lib/python3.10/site-packages/airflow/example_dags/example_branch_python_dop_operator_3.py
[2024-06-18T17:18:40.152+0545] {logging_mixin.py:188} INFO - [2024-06-18T17:18:40.151+0545] {dag.py:3096} INFO - Sync 1 DAGs
[2024-06-18T17:18:40.183+0545] {logging_mixin.py:188} INFO - [2024-06-18T17:18:40.182+0545] {dag.py:3954} INFO - Setting next_dagrun for example_branch_dop_operator_v3 to 2024-06-18 11:32:00+00:00, run_after=2024-06-18 11:33:00+00:00
[2024-06-18T17:18:40.223+0545] {processor.py:183} INFO - Processing /home/prabal/afenv/lib/python3.10/site-packages/airflow/example_dags/example_branch_python_dop_operator_3.py took 0.213 seconds
[2024-06-18T17:19:38.420+0545] {processor.py:161} INFO - Started process (PID=5661) to work on /home/prabal/afenv/lib/python3.10/site-packages/airflow/example_dags/example_branch_python_dop_operator_3.py
[2024-06-18T17:19:38.423+0545] {processor.py:830} INFO - Processing file /home/prabal/afenv/lib/python3.10/site-packages/airflow/example_dags/example_branch_python_dop_operator_3.py for tasks to queue
[2024-06-18T17:19:38.424+0545] {logging_mixin.py:188} INFO - [2024-06-18T17:19:38.424+0545] {dagbag.py:545} INFO - Filling up the DagBag from /home/prabal/afenv/lib/python3.10/site-packages/airflow/example_dags/example_branch_python_dop_operator_3.py
[2024-06-18T17:19:38.445+0545] {processor.py:840} INFO - DAG(s) 'example_branch_dop_operator_v3' retrieved from /home/prabal/afenv/lib/python3.10/site-packages/airflow/example_dags/example_branch_python_dop_operator_3.py
[2024-06-18T17:19:38.475+0545] {logging_mixin.py:188} INFO - [2024-06-18T17:19:38.475+0545] {dag.py:3096} INFO - Sync 1 DAGs
[2024-06-18T17:19:38.502+0545] {logging_mixin.py:188} INFO - [2024-06-18T17:19:38.502+0545] {dag.py:3954} INFO - Setting next_dagrun for example_branch_dop_operator_v3 to 2024-06-18 11:33:00+00:00, run_after=2024-06-18 11:34:00+00:00
[2024-06-18T17:19:38.522+0545] {processor.py:183} INFO - Processing /home/prabal/afenv/lib/python3.10/site-packages/airflow/example_dags/example_branch_python_dop_operator_3.py took 0.115 seconds
[2024-06-18T17:20:32.201+0545] {processor.py:161} INFO - Started process (PID=6467) to work on /home/prabal/afenv/lib/python3.10/site-packages/airflow/example_dags/example_branch_python_dop_operator_3.py
[2024-06-18T17:20:32.214+0545] {processor.py:830} INFO - Processing file /home/prabal/afenv/lib/python3.10/site-packages/airflow/example_dags/example_branch_python_dop_operator_3.py for tasks to queue
[2024-06-18T17:20:32.216+0545] {logging_mixin.py:188} INFO - [2024-06-18T17:20:32.215+0545] {dagbag.py:545} INFO - Filling up the DagBag from /home/prabal/afenv/lib/python3.10/site-packages/airflow/example_dags/example_branch_python_dop_operator_3.py
[2024-06-18T17:20:32.234+0545] {processor.py:840} INFO - DAG(s) 'example_branch_dop_operator_v3' retrieved from /home/prabal/afenv/lib/python3.10/site-packages/airflow/example_dags/example_branch_python_dop_operator_3.py
[2024-06-18T17:20:32.258+0545] {logging_mixin.py:188} INFO - [2024-06-18T17:20:32.257+0545] {dag.py:3096} INFO - Sync 1 DAGs
[2024-06-18T17:20:32.276+0545] {logging_mixin.py:188} INFO - [2024-06-18T17:20:32.276+0545] {dag.py:3954} INFO - Setting next_dagrun for example_branch_dop_operator_v3 to 2024-06-18 11:34:00+00:00, run_after=2024-06-18 11:35:00+00:00
[2024-06-18T17:20:32.295+0545] {processor.py:183} INFO - Processing /home/prabal/afenv/lib/python3.10/site-packages/airflow/example_dags/example_branch_python_dop_operator_3.py took 0.108 seconds
[2024-06-18T17:22:06.052+0545] {processor.py:161} INFO - Started process (PID=7031) to work on /home/prabal/afenv/lib/python3.10/site-packages/airflow/example_dags/example_branch_python_dop_operator_3.py
[2024-06-18T17:22:06.065+0545] {processor.py:830} INFO - Processing file /home/prabal/afenv/lib/python3.10/site-packages/airflow/example_dags/example_branch_python_dop_operator_3.py for tasks to queue
[2024-06-18T17:22:06.070+0545] {logging_mixin.py:188} INFO - [2024-06-18T17:22:06.069+0545] {dagbag.py:545} INFO - Filling up the DagBag from /home/prabal/afenv/lib/python3.10/site-packages/airflow/example_dags/example_branch_python_dop_operator_3.py
[2024-06-18T17:22:06.102+0545] {processor.py:840} INFO - DAG(s) 'example_branch_dop_operator_v3' retrieved from /home/prabal/afenv/lib/python3.10/site-packages/airflow/example_dags/example_branch_python_dop_operator_3.py
[2024-06-18T17:22:06.119+0545] {logging_mixin.py:188} INFO - [2024-06-18T17:22:06.119+0545] {dag.py:3096} INFO - Sync 1 DAGs
[2024-06-18T17:22:06.172+0545] {logging_mixin.py:188} INFO - [2024-06-18T17:22:06.171+0545] {dag.py:3954} INFO - Setting next_dagrun for example_branch_dop_operator_v3 to 2024-06-18 11:36:00+00:00, run_after=2024-06-18 11:37:00+00:00
[2024-06-18T17:22:06.221+0545] {processor.py:183} INFO - Processing /home/prabal/afenv/lib/python3.10/site-packages/airflow/example_dags/example_branch_python_dop_operator_3.py took 0.184 seconds
[2024-06-18T17:23:14.341+0545] {processor.py:161} INFO - Started process (PID=7385) to work on /home/prabal/afenv/lib/python3.10/site-packages/airflow/example_dags/example_branch_python_dop_operator_3.py
[2024-06-18T17:23:14.354+0545] {processor.py:830} INFO - Processing file /home/prabal/afenv/lib/python3.10/site-packages/airflow/example_dags/example_branch_python_dop_operator_3.py for tasks to queue
[2024-06-18T17:23:14.356+0545] {logging_mixin.py:188} INFO - [2024-06-18T17:23:14.356+0545] {dagbag.py:545} INFO - Filling up the DagBag from /home/prabal/afenv/lib/python3.10/site-packages/airflow/example_dags/example_branch_python_dop_operator_3.py
[2024-06-18T17:23:14.372+0545] {processor.py:840} INFO - DAG(s) 'example_branch_dop_operator_v3' retrieved from /home/prabal/afenv/lib/python3.10/site-packages/airflow/example_dags/example_branch_python_dop_operator_3.py
[2024-06-18T17:23:14.541+0545] {logging_mixin.py:188} INFO - [2024-06-18T17:23:14.541+0545] {dag.py:3096} INFO - Sync 1 DAGs
[2024-06-18T17:23:14.560+0545] {logging_mixin.py:188} INFO - [2024-06-18T17:23:14.559+0545] {dag.py:3954} INFO - Setting next_dagrun for example_branch_dop_operator_v3 to 2024-06-18 11:37:00+00:00, run_after=2024-06-18 11:38:00+00:00
[2024-06-18T17:23:14.593+0545] {processor.py:183} INFO - Processing /home/prabal/afenv/lib/python3.10/site-packages/airflow/example_dags/example_branch_python_dop_operator_3.py took 0.260 seconds
