[2024-06-18T13:42:37.023+0545] {processor.py:161} INFO - Started process (PID=14224) to work on /home/prabal/afenv/lib/python3.10/site-packages/airflow/example_dags/example_params_trigger_ui.py
[2024-06-18T13:42:37.025+0545] {processor.py:830} INFO - Processing file /home/prabal/afenv/lib/python3.10/site-packages/airflow/example_dags/example_params_trigger_ui.py for tasks to queue
[2024-06-18T13:42:37.027+0545] {logging_mixin.py:188} INFO - [2024-06-18T13:42:37.027+0545] {dagbag.py:545} INFO - Filling up the DagBag from /home/prabal/afenv/lib/python3.10/site-packages/airflow/example_dags/example_params_trigger_ui.py
[2024-06-18T13:42:37.044+0545] {processor.py:840} INFO - DAG(s) 'example_params_trigger_ui' retrieved from /home/prabal/afenv/lib/python3.10/site-packages/airflow/example_dags/example_params_trigger_ui.py
[2024-06-18T13:42:37.157+0545] {logging_mixin.py:188} INFO - [2024-06-18T13:42:37.157+0545] {override.py:1829} INFO - Created Permission View: can read on DAG:example_params_trigger_ui
[2024-06-18T13:42:37.166+0545] {logging_mixin.py:188} INFO - [2024-06-18T13:42:37.166+0545] {override.py:1829} INFO - Created Permission View: can edit on DAG:example_params_trigger_ui
[2024-06-18T13:42:37.173+0545] {logging_mixin.py:188} INFO - [2024-06-18T13:42:37.173+0545] {override.py:1829} INFO - Created Permission View: can delete on DAG:example_params_trigger_ui
[2024-06-18T13:42:37.173+0545] {logging_mixin.py:188} INFO - [2024-06-18T13:42:37.173+0545] {dag.py:3096} INFO - Sync 1 DAGs
[2024-06-18T13:42:37.182+0545] {logging_mixin.py:188} INFO - [2024-06-18T13:42:37.182+0545] {dag.py:3118} INFO - Creating ORM DAG for example_params_trigger_ui
[2024-06-18T13:42:37.182+0545] {logging_mixin.py:188} INFO - [2024-06-18T13:42:37.182+0545] {dag.py:3954} INFO - Setting next_dagrun for example_params_trigger_ui to None, run_after=None
[2024-06-18T13:42:37.283+0545] {processor.py:183} INFO - Processing /home/prabal/afenv/lib/python3.10/site-packages/airflow/example_dags/example_params_trigger_ui.py took 0.272 seconds
[2024-06-18T13:43:36.267+0545] {processor.py:161} INFO - Started process (PID=14518) to work on /home/prabal/afenv/lib/python3.10/site-packages/airflow/example_dags/example_params_trigger_ui.py
[2024-06-18T13:43:36.280+0545] {processor.py:830} INFO - Processing file /home/prabal/afenv/lib/python3.10/site-packages/airflow/example_dags/example_params_trigger_ui.py for tasks to queue
[2024-06-18T13:43:36.284+0545] {logging_mixin.py:188} INFO - [2024-06-18T13:43:36.284+0545] {dagbag.py:545} INFO - Filling up the DagBag from /home/prabal/afenv/lib/python3.10/site-packages/airflow/example_dags/example_params_trigger_ui.py
[2024-06-18T13:43:36.321+0545] {processor.py:840} INFO - DAG(s) 'example_params_trigger_ui' retrieved from /home/prabal/afenv/lib/python3.10/site-packages/airflow/example_dags/example_params_trigger_ui.py
[2024-06-18T13:43:36.374+0545] {logging_mixin.py:188} INFO - [2024-06-18T13:43:36.374+0545] {dag.py:3096} INFO - Sync 1 DAGs
[2024-06-18T13:43:36.388+0545] {logging_mixin.py:188} INFO - [2024-06-18T13:43:36.388+0545] {dag.py:3954} INFO - Setting next_dagrun for example_params_trigger_ui to None, run_after=None
[2024-06-18T13:43:36.427+0545] {processor.py:183} INFO - Processing /home/prabal/afenv/lib/python3.10/site-packages/airflow/example_dags/example_params_trigger_ui.py took 0.171 seconds
[2024-06-18T13:44:40.287+0545] {processor.py:161} INFO - Started process (PID=14826) to work on /home/prabal/afenv/lib/python3.10/site-packages/airflow/example_dags/example_params_trigger_ui.py
[2024-06-18T13:44:40.289+0545] {processor.py:830} INFO - Processing file /home/prabal/afenv/lib/python3.10/site-packages/airflow/example_dags/example_params_trigger_ui.py for tasks to queue
[2024-06-18T13:44:40.291+0545] {logging_mixin.py:188} INFO - [2024-06-18T13:44:40.290+0545] {dagbag.py:545} INFO - Filling up the DagBag from /home/prabal/afenv/lib/python3.10/site-packages/airflow/example_dags/example_params_trigger_ui.py
[2024-06-18T13:44:40.436+0545] {processor.py:840} INFO - DAG(s) 'example_params_trigger_ui' retrieved from /home/prabal/afenv/lib/python3.10/site-packages/airflow/example_dags/example_params_trigger_ui.py
[2024-06-18T13:44:40.516+0545] {logging_mixin.py:188} INFO - [2024-06-18T13:44:40.516+0545] {dag.py:3096} INFO - Sync 1 DAGs
[2024-06-18T13:44:40.529+0545] {logging_mixin.py:188} INFO - [2024-06-18T13:44:40.528+0545] {dag.py:3954} INFO - Setting next_dagrun for example_params_trigger_ui to None, run_after=None
[2024-06-18T13:44:40.567+0545] {processor.py:183} INFO - Processing /home/prabal/afenv/lib/python3.10/site-packages/airflow/example_dags/example_params_trigger_ui.py took 0.290 seconds
[2024-06-18T13:45:37.153+0545] {processor.py:161} INFO - Started process (PID=15100) to work on /home/prabal/afenv/lib/python3.10/site-packages/airflow/example_dags/example_params_trigger_ui.py
[2024-06-18T13:45:37.166+0545] {processor.py:830} INFO - Processing file /home/prabal/afenv/lib/python3.10/site-packages/airflow/example_dags/example_params_trigger_ui.py for tasks to queue
[2024-06-18T13:45:37.169+0545] {logging_mixin.py:188} INFO - [2024-06-18T13:45:37.168+0545] {dagbag.py:545} INFO - Filling up the DagBag from /home/prabal/afenv/lib/python3.10/site-packages/airflow/example_dags/example_params_trigger_ui.py
[2024-06-18T13:45:37.189+0545] {processor.py:840} INFO - DAG(s) 'example_params_trigger_ui' retrieved from /home/prabal/afenv/lib/python3.10/site-packages/airflow/example_dags/example_params_trigger_ui.py
[2024-06-18T13:45:37.231+0545] {logging_mixin.py:188} INFO - [2024-06-18T13:45:37.230+0545] {dag.py:3096} INFO - Sync 1 DAGs
[2024-06-18T13:45:37.241+0545] {logging_mixin.py:188} INFO - [2024-06-18T13:45:37.241+0545] {dag.py:3954} INFO - Setting next_dagrun for example_params_trigger_ui to None, run_after=None
[2024-06-18T13:45:37.260+0545] {processor.py:183} INFO - Processing /home/prabal/afenv/lib/python3.10/site-packages/airflow/example_dags/example_params_trigger_ui.py took 0.120 seconds
[2024-06-18T13:46:30.585+0545] {processor.py:161} INFO - Started process (PID=15361) to work on /home/prabal/afenv/lib/python3.10/site-packages/airflow/example_dags/example_params_trigger_ui.py
[2024-06-18T13:46:30.599+0545] {processor.py:830} INFO - Processing file /home/prabal/afenv/lib/python3.10/site-packages/airflow/example_dags/example_params_trigger_ui.py for tasks to queue
[2024-06-18T13:46:30.602+0545] {logging_mixin.py:188} INFO - [2024-06-18T13:46:30.602+0545] {dagbag.py:545} INFO - Filling up the DagBag from /home/prabal/afenv/lib/python3.10/site-packages/airflow/example_dags/example_params_trigger_ui.py
[2024-06-18T13:46:30.633+0545] {processor.py:840} INFO - DAG(s) 'example_params_trigger_ui' retrieved from /home/prabal/afenv/lib/python3.10/site-packages/airflow/example_dags/example_params_trigger_ui.py
[2024-06-18T13:46:30.669+0545] {logging_mixin.py:188} INFO - [2024-06-18T13:46:30.669+0545] {dag.py:3096} INFO - Sync 1 DAGs
[2024-06-18T13:46:30.681+0545] {logging_mixin.py:188} INFO - [2024-06-18T13:46:30.681+0545] {dag.py:3954} INFO - Setting next_dagrun for example_params_trigger_ui to None, run_after=None
[2024-06-18T13:46:30.715+0545] {processor.py:183} INFO - Processing /home/prabal/afenv/lib/python3.10/site-packages/airflow/example_dags/example_params_trigger_ui.py took 0.144 seconds
[2024-06-18T13:47:23.550+0545] {processor.py:161} INFO - Started process (PID=15615) to work on /home/prabal/afenv/lib/python3.10/site-packages/airflow/example_dags/example_params_trigger_ui.py
[2024-06-18T13:47:23.562+0545] {processor.py:830} INFO - Processing file /home/prabal/afenv/lib/python3.10/site-packages/airflow/example_dags/example_params_trigger_ui.py for tasks to queue
[2024-06-18T13:47:23.566+0545] {logging_mixin.py:188} INFO - [2024-06-18T13:47:23.566+0545] {dagbag.py:545} INFO - Filling up the DagBag from /home/prabal/afenv/lib/python3.10/site-packages/airflow/example_dags/example_params_trigger_ui.py
[2024-06-18T13:47:23.585+0545] {processor.py:840} INFO - DAG(s) 'example_params_trigger_ui' retrieved from /home/prabal/afenv/lib/python3.10/site-packages/airflow/example_dags/example_params_trigger_ui.py
[2024-06-18T13:47:23.627+0545] {logging_mixin.py:188} INFO - [2024-06-18T13:47:23.627+0545] {dag.py:3096} INFO - Sync 1 DAGs
[2024-06-18T13:47:23.637+0545] {logging_mixin.py:188} INFO - [2024-06-18T13:47:23.637+0545] {dag.py:3954} INFO - Setting next_dagrun for example_params_trigger_ui to None, run_after=None
[2024-06-18T13:47:23.656+0545] {processor.py:183} INFO - Processing /home/prabal/afenv/lib/python3.10/site-packages/airflow/example_dags/example_params_trigger_ui.py took 0.125 seconds
[2024-06-18T13:48:14.400+0545] {processor.py:161} INFO - Started process (PID=15864) to work on /home/prabal/afenv/lib/python3.10/site-packages/airflow/example_dags/example_params_trigger_ui.py
[2024-06-18T13:48:14.413+0545] {processor.py:830} INFO - Processing file /home/prabal/afenv/lib/python3.10/site-packages/airflow/example_dags/example_params_trigger_ui.py for tasks to queue
[2024-06-18T13:48:14.417+0545] {logging_mixin.py:188} INFO - [2024-06-18T13:48:14.416+0545] {dagbag.py:545} INFO - Filling up the DagBag from /home/prabal/afenv/lib/python3.10/site-packages/airflow/example_dags/example_params_trigger_ui.py
[2024-06-18T13:48:14.444+0545] {processor.py:840} INFO - DAG(s) 'example_params_trigger_ui' retrieved from /home/prabal/afenv/lib/python3.10/site-packages/airflow/example_dags/example_params_trigger_ui.py
[2024-06-18T13:48:14.526+0545] {logging_mixin.py:188} INFO - [2024-06-18T13:48:14.526+0545] {dag.py:3096} INFO - Sync 1 DAGs
[2024-06-18T13:48:14.536+0545] {logging_mixin.py:188} INFO - [2024-06-18T13:48:14.536+0545] {dag.py:3954} INFO - Setting next_dagrun for example_params_trigger_ui to None, run_after=None
[2024-06-18T13:48:14.554+0545] {processor.py:183} INFO - Processing /home/prabal/afenv/lib/python3.10/site-packages/airflow/example_dags/example_params_trigger_ui.py took 0.169 seconds
[2024-06-18T13:49:59.272+0545] {processor.py:161} INFO - Started process (PID=16390) to work on /home/prabal/afenv/lib/python3.10/site-packages/airflow/example_dags/example_params_trigger_ui.py
[2024-06-18T13:49:59.282+0545] {processor.py:830} INFO - Processing file /home/prabal/afenv/lib/python3.10/site-packages/airflow/example_dags/example_params_trigger_ui.py for tasks to queue
[2024-06-18T13:49:59.288+0545] {logging_mixin.py:188} INFO - [2024-06-18T13:49:59.287+0545] {dagbag.py:545} INFO - Filling up the DagBag from /home/prabal/afenv/lib/python3.10/site-packages/airflow/example_dags/example_params_trigger_ui.py
[2024-06-18T13:49:59.336+0545] {processor.py:840} INFO - DAG(s) 'example_params_trigger_ui' retrieved from /home/prabal/afenv/lib/python3.10/site-packages/airflow/example_dags/example_params_trigger_ui.py
[2024-06-18T13:49:59.413+0545] {logging_mixin.py:188} INFO - [2024-06-18T13:49:59.413+0545] {dag.py:3096} INFO - Sync 1 DAGs
[2024-06-18T13:49:59.428+0545] {logging_mixin.py:188} INFO - [2024-06-18T13:49:59.428+0545] {dag.py:3954} INFO - Setting next_dagrun for example_params_trigger_ui to None, run_after=None
[2024-06-18T13:49:59.451+0545] {processor.py:183} INFO - Processing /home/prabal/afenv/lib/python3.10/site-packages/airflow/example_dags/example_params_trigger_ui.py took 0.199 seconds
[2024-06-18T13:51:37.046+0545] {processor.py:161} INFO - Started process (PID=16894) to work on /home/prabal/afenv/lib/python3.10/site-packages/airflow/example_dags/example_params_trigger_ui.py
[2024-06-18T13:51:37.047+0545] {processor.py:830} INFO - Processing file /home/prabal/afenv/lib/python3.10/site-packages/airflow/example_dags/example_params_trigger_ui.py for tasks to queue
[2024-06-18T13:51:37.050+0545] {logging_mixin.py:188} INFO - [2024-06-18T13:51:37.049+0545] {dagbag.py:545} INFO - Filling up the DagBag from /home/prabal/afenv/lib/python3.10/site-packages/airflow/example_dags/example_params_trigger_ui.py
[2024-06-18T13:51:37.068+0545] {processor.py:840} INFO - DAG(s) 'example_params_trigger_ui' retrieved from /home/prabal/afenv/lib/python3.10/site-packages/airflow/example_dags/example_params_trigger_ui.py
[2024-06-18T13:51:37.125+0545] {logging_mixin.py:188} INFO - [2024-06-18T13:51:37.125+0545] {dag.py:3096} INFO - Sync 1 DAGs
[2024-06-18T13:51:37.137+0545] {logging_mixin.py:188} INFO - [2024-06-18T13:51:37.137+0545] {dag.py:3954} INFO - Setting next_dagrun for example_params_trigger_ui to None, run_after=None
[2024-06-18T13:51:37.166+0545] {processor.py:183} INFO - Processing /home/prabal/afenv/lib/python3.10/site-packages/airflow/example_dags/example_params_trigger_ui.py took 0.127 seconds
[2024-06-18T13:52:45.532+0545] {processor.py:161} INFO - Started process (PID=17246) to work on /home/prabal/afenv/lib/python3.10/site-packages/airflow/example_dags/example_params_trigger_ui.py
[2024-06-18T13:52:45.544+0545] {processor.py:830} INFO - Processing file /home/prabal/afenv/lib/python3.10/site-packages/airflow/example_dags/example_params_trigger_ui.py for tasks to queue
[2024-06-18T13:52:45.546+0545] {logging_mixin.py:188} INFO - [2024-06-18T13:52:45.545+0545] {dagbag.py:545} INFO - Filling up the DagBag from /home/prabal/afenv/lib/python3.10/site-packages/airflow/example_dags/example_params_trigger_ui.py
[2024-06-18T13:52:45.562+0545] {processor.py:840} INFO - DAG(s) 'example_params_trigger_ui' retrieved from /home/prabal/afenv/lib/python3.10/site-packages/airflow/example_dags/example_params_trigger_ui.py
[2024-06-18T13:52:45.626+0545] {logging_mixin.py:188} INFO - [2024-06-18T13:52:45.626+0545] {dag.py:3096} INFO - Sync 1 DAGs
[2024-06-18T13:52:45.641+0545] {logging_mixin.py:188} INFO - [2024-06-18T13:52:45.641+0545] {dag.py:3954} INFO - Setting next_dagrun for example_params_trigger_ui to None, run_after=None
[2024-06-18T13:52:45.665+0545] {processor.py:183} INFO - Processing /home/prabal/afenv/lib/python3.10/site-packages/airflow/example_dags/example_params_trigger_ui.py took 0.139 seconds
[2024-06-18T13:53:49.912+0545] {processor.py:161} INFO - Started process (PID=17581) to work on /home/prabal/afenv/lib/python3.10/site-packages/airflow/example_dags/example_params_trigger_ui.py
[2024-06-18T13:53:49.925+0545] {processor.py:830} INFO - Processing file /home/prabal/afenv/lib/python3.10/site-packages/airflow/example_dags/example_params_trigger_ui.py for tasks to queue
[2024-06-18T13:53:49.930+0545] {logging_mixin.py:188} INFO - [2024-06-18T13:53:49.929+0545] {dagbag.py:545} INFO - Filling up the DagBag from /home/prabal/afenv/lib/python3.10/site-packages/airflow/example_dags/example_params_trigger_ui.py
[2024-06-18T13:53:49.961+0545] {processor.py:840} INFO - DAG(s) 'example_params_trigger_ui' retrieved from /home/prabal/afenv/lib/python3.10/site-packages/airflow/example_dags/example_params_trigger_ui.py
[2024-06-18T13:53:50.026+0545] {logging_mixin.py:188} INFO - [2024-06-18T13:53:50.026+0545] {dag.py:3096} INFO - Sync 1 DAGs
[2024-06-18T13:53:50.039+0545] {logging_mixin.py:188} INFO - [2024-06-18T13:53:50.039+0545] {dag.py:3954} INFO - Setting next_dagrun for example_params_trigger_ui to None, run_after=None
[2024-06-18T13:53:50.074+0545] {processor.py:183} INFO - Processing /home/prabal/afenv/lib/python3.10/site-packages/airflow/example_dags/example_params_trigger_ui.py took 0.177 seconds
[2024-06-18T13:54:43.574+0545] {processor.py:161} INFO - Started process (PID=17843) to work on /home/prabal/afenv/lib/python3.10/site-packages/airflow/example_dags/example_params_trigger_ui.py
[2024-06-18T13:54:43.587+0545] {processor.py:830} INFO - Processing file /home/prabal/afenv/lib/python3.10/site-packages/airflow/example_dags/example_params_trigger_ui.py for tasks to queue
[2024-06-18T13:54:43.590+0545] {logging_mixin.py:188} INFO - [2024-06-18T13:54:43.589+0545] {dagbag.py:545} INFO - Filling up the DagBag from /home/prabal/afenv/lib/python3.10/site-packages/airflow/example_dags/example_params_trigger_ui.py
[2024-06-18T13:54:43.624+0545] {processor.py:840} INFO - DAG(s) 'example_params_trigger_ui' retrieved from /home/prabal/afenv/lib/python3.10/site-packages/airflow/example_dags/example_params_trigger_ui.py
[2024-06-18T13:54:43.687+0545] {logging_mixin.py:188} INFO - [2024-06-18T13:54:43.686+0545] {dag.py:3096} INFO - Sync 1 DAGs
[2024-06-18T13:54:43.705+0545] {logging_mixin.py:188} INFO - [2024-06-18T13:54:43.705+0545] {dag.py:3954} INFO - Setting next_dagrun for example_params_trigger_ui to None, run_after=None
[2024-06-18T13:54:43.738+0545] {processor.py:183} INFO - Processing /home/prabal/afenv/lib/python3.10/site-packages/airflow/example_dags/example_params_trigger_ui.py took 0.175 seconds
[2024-06-18T13:55:48.060+0545] {processor.py:161} INFO - Started process (PID=18175) to work on /home/prabal/afenv/lib/python3.10/site-packages/airflow/example_dags/example_params_trigger_ui.py
[2024-06-18T13:55:48.072+0545] {processor.py:830} INFO - Processing file /home/prabal/afenv/lib/python3.10/site-packages/airflow/example_dags/example_params_trigger_ui.py for tasks to queue
[2024-06-18T13:55:48.074+0545] {logging_mixin.py:188} INFO - [2024-06-18T13:55:48.074+0545] {dagbag.py:545} INFO - Filling up the DagBag from /home/prabal/afenv/lib/python3.10/site-packages/airflow/example_dags/example_params_trigger_ui.py
[2024-06-18T13:55:48.090+0545] {processor.py:840} INFO - DAG(s) 'example_params_trigger_ui' retrieved from /home/prabal/afenv/lib/python3.10/site-packages/airflow/example_dags/example_params_trigger_ui.py
[2024-06-18T13:55:48.132+0545] {logging_mixin.py:188} INFO - [2024-06-18T13:55:48.131+0545] {dag.py:3096} INFO - Sync 1 DAGs
[2024-06-18T13:55:48.144+0545] {logging_mixin.py:188} INFO - [2024-06-18T13:55:48.143+0545] {dag.py:3954} INFO - Setting next_dagrun for example_params_trigger_ui to None, run_after=None
[2024-06-18T13:55:48.166+0545] {processor.py:183} INFO - Processing /home/prabal/afenv/lib/python3.10/site-packages/airflow/example_dags/example_params_trigger_ui.py took 0.120 seconds
[2024-06-18T13:56:41.659+0545] {processor.py:161} INFO - Started process (PID=18437) to work on /home/prabal/afenv/lib/python3.10/site-packages/airflow/example_dags/example_params_trigger_ui.py
[2024-06-18T13:56:41.671+0545] {processor.py:830} INFO - Processing file /home/prabal/afenv/lib/python3.10/site-packages/airflow/example_dags/example_params_trigger_ui.py for tasks to queue
[2024-06-18T13:56:41.676+0545] {logging_mixin.py:188} INFO - [2024-06-18T13:56:41.675+0545] {dagbag.py:545} INFO - Filling up the DagBag from /home/prabal/afenv/lib/python3.10/site-packages/airflow/example_dags/example_params_trigger_ui.py
[2024-06-18T13:56:41.699+0545] {processor.py:840} INFO - DAG(s) 'example_params_trigger_ui' retrieved from /home/prabal/afenv/lib/python3.10/site-packages/airflow/example_dags/example_params_trigger_ui.py
[2024-06-18T13:56:41.757+0545] {logging_mixin.py:188} INFO - [2024-06-18T13:56:41.756+0545] {dag.py:3096} INFO - Sync 1 DAGs
[2024-06-18T13:56:41.777+0545] {logging_mixin.py:188} INFO - [2024-06-18T13:56:41.776+0545] {dag.py:3954} INFO - Setting next_dagrun for example_params_trigger_ui to None, run_after=None
[2024-06-18T13:56:41.816+0545] {processor.py:183} INFO - Processing /home/prabal/afenv/lib/python3.10/site-packages/airflow/example_dags/example_params_trigger_ui.py took 0.171 seconds
[2024-06-18T13:57:45.011+0545] {processor.py:161} INFO - Started process (PID=18744) to work on /home/prabal/afenv/lib/python3.10/site-packages/airflow/example_dags/example_params_trigger_ui.py
[2024-06-18T13:57:45.023+0545] {processor.py:830} INFO - Processing file /home/prabal/afenv/lib/python3.10/site-packages/airflow/example_dags/example_params_trigger_ui.py for tasks to queue
[2024-06-18T13:57:45.027+0545] {logging_mixin.py:188} INFO - [2024-06-18T13:57:45.026+0545] {dagbag.py:545} INFO - Filling up the DagBag from /home/prabal/afenv/lib/python3.10/site-packages/airflow/example_dags/example_params_trigger_ui.py
[2024-06-18T13:57:45.047+0545] {processor.py:840} INFO - DAG(s) 'example_params_trigger_ui' retrieved from /home/prabal/afenv/lib/python3.10/site-packages/airflow/example_dags/example_params_trigger_ui.py
[2024-06-18T13:57:45.093+0545] {logging_mixin.py:188} INFO - [2024-06-18T13:57:45.092+0545] {dag.py:3096} INFO - Sync 1 DAGs
[2024-06-18T13:57:45.104+0545] {logging_mixin.py:188} INFO - [2024-06-18T13:57:45.104+0545] {dag.py:3954} INFO - Setting next_dagrun for example_params_trigger_ui to None, run_after=None
[2024-06-18T13:57:45.124+0545] {processor.py:183} INFO - Processing /home/prabal/afenv/lib/python3.10/site-packages/airflow/example_dags/example_params_trigger_ui.py took 0.126 seconds
[2024-06-18T14:05:32.609+0545] {processor.py:161} INFO - Started process (PID=20811) to work on /home/prabal/afenv/lib/python3.10/site-packages/airflow/example_dags/example_params_trigger_ui.py
[2024-06-18T14:05:32.622+0545] {processor.py:830} INFO - Processing file /home/prabal/afenv/lib/python3.10/site-packages/airflow/example_dags/example_params_trigger_ui.py for tasks to queue
[2024-06-18T14:05:32.626+0545] {logging_mixin.py:188} INFO - [2024-06-18T14:05:32.625+0545] {dagbag.py:545} INFO - Filling up the DagBag from /home/prabal/afenv/lib/python3.10/site-packages/airflow/example_dags/example_params_trigger_ui.py
[2024-06-18T14:05:32.659+0545] {processor.py:840} INFO - DAG(s) 'example_params_trigger_ui' retrieved from /home/prabal/afenv/lib/python3.10/site-packages/airflow/example_dags/example_params_trigger_ui.py
[2024-06-18T14:05:32.735+0545] {logging_mixin.py:188} INFO - [2024-06-18T14:05:32.735+0545] {dag.py:3096} INFO - Sync 1 DAGs
[2024-06-18T14:05:32.749+0545] {logging_mixin.py:188} INFO - [2024-06-18T14:05:32.749+0545] {dag.py:3954} INFO - Setting next_dagrun for example_params_trigger_ui to None, run_after=None
[2024-06-18T14:05:32.785+0545] {processor.py:183} INFO - Processing /home/prabal/afenv/lib/python3.10/site-packages/airflow/example_dags/example_params_trigger_ui.py took 0.189 seconds
[2024-06-18T14:06:30.586+0545] {processor.py:161} INFO - Started process (PID=21087) to work on /home/prabal/afenv/lib/python3.10/site-packages/airflow/example_dags/example_params_trigger_ui.py
[2024-06-18T14:06:30.599+0545] {processor.py:830} INFO - Processing file /home/prabal/afenv/lib/python3.10/site-packages/airflow/example_dags/example_params_trigger_ui.py for tasks to queue
[2024-06-18T14:06:30.602+0545] {logging_mixin.py:188} INFO - [2024-06-18T14:06:30.601+0545] {dagbag.py:545} INFO - Filling up the DagBag from /home/prabal/afenv/lib/python3.10/site-packages/airflow/example_dags/example_params_trigger_ui.py
[2024-06-18T14:06:30.626+0545] {processor.py:840} INFO - DAG(s) 'example_params_trigger_ui' retrieved from /home/prabal/afenv/lib/python3.10/site-packages/airflow/example_dags/example_params_trigger_ui.py
[2024-06-18T14:06:30.665+0545] {logging_mixin.py:188} INFO - [2024-06-18T14:06:30.665+0545] {dag.py:3096} INFO - Sync 1 DAGs
[2024-06-18T14:06:30.679+0545] {logging_mixin.py:188} INFO - [2024-06-18T14:06:30.678+0545] {dag.py:3954} INFO - Setting next_dagrun for example_params_trigger_ui to None, run_after=None
[2024-06-18T14:06:30.695+0545] {processor.py:183} INFO - Processing /home/prabal/afenv/lib/python3.10/site-packages/airflow/example_dags/example_params_trigger_ui.py took 0.124 seconds
[2024-06-18T14:07:29.541+0545] {processor.py:161} INFO - Started process (PID=21370) to work on /home/prabal/afenv/lib/python3.10/site-packages/airflow/example_dags/example_params_trigger_ui.py
[2024-06-18T14:07:29.554+0545] {processor.py:830} INFO - Processing file /home/prabal/afenv/lib/python3.10/site-packages/airflow/example_dags/example_params_trigger_ui.py for tasks to queue
[2024-06-18T14:07:29.557+0545] {logging_mixin.py:188} INFO - [2024-06-18T14:07:29.556+0545] {dagbag.py:545} INFO - Filling up the DagBag from /home/prabal/afenv/lib/python3.10/site-packages/airflow/example_dags/example_params_trigger_ui.py
[2024-06-18T14:07:29.577+0545] {processor.py:840} INFO - DAG(s) 'example_params_trigger_ui' retrieved from /home/prabal/afenv/lib/python3.10/site-packages/airflow/example_dags/example_params_trigger_ui.py
[2024-06-18T14:07:29.618+0545] {logging_mixin.py:188} INFO - [2024-06-18T14:07:29.618+0545] {dag.py:3096} INFO - Sync 1 DAGs
[2024-06-18T14:07:29.629+0545] {logging_mixin.py:188} INFO - [2024-06-18T14:07:29.629+0545] {dag.py:3954} INFO - Setting next_dagrun for example_params_trigger_ui to None, run_after=None
[2024-06-18T14:07:29.646+0545] {processor.py:183} INFO - Processing /home/prabal/afenv/lib/python3.10/site-packages/airflow/example_dags/example_params_trigger_ui.py took 0.117 seconds
[2024-06-18T14:08:25.591+0545] {processor.py:161} INFO - Started process (PID=21649) to work on /home/prabal/afenv/lib/python3.10/site-packages/airflow/example_dags/example_params_trigger_ui.py
[2024-06-18T14:08:25.605+0545] {processor.py:830} INFO - Processing file /home/prabal/afenv/lib/python3.10/site-packages/airflow/example_dags/example_params_trigger_ui.py for tasks to queue
[2024-06-18T14:08:25.609+0545] {logging_mixin.py:188} INFO - [2024-06-18T14:08:25.608+0545] {dagbag.py:545} INFO - Filling up the DagBag from /home/prabal/afenv/lib/python3.10/site-packages/airflow/example_dags/example_params_trigger_ui.py
[2024-06-18T14:08:25.644+0545] {processor.py:840} INFO - DAG(s) 'example_params_trigger_ui' retrieved from /home/prabal/afenv/lib/python3.10/site-packages/airflow/example_dags/example_params_trigger_ui.py
[2024-06-18T14:08:25.695+0545] {logging_mixin.py:188} INFO - [2024-06-18T14:08:25.695+0545] {dag.py:3096} INFO - Sync 1 DAGs
[2024-06-18T14:08:25.711+0545] {logging_mixin.py:188} INFO - [2024-06-18T14:08:25.711+0545] {dag.py:3954} INFO - Setting next_dagrun for example_params_trigger_ui to None, run_after=None
[2024-06-18T14:08:25.744+0545] {processor.py:183} INFO - Processing /home/prabal/afenv/lib/python3.10/site-packages/airflow/example_dags/example_params_trigger_ui.py took 0.167 seconds
[2024-06-18T14:09:20.727+0545] {processor.py:161} INFO - Started process (PID=21916) to work on /home/prabal/afenv/lib/python3.10/site-packages/airflow/example_dags/example_params_trigger_ui.py
[2024-06-18T14:09:20.729+0545] {processor.py:830} INFO - Processing file /home/prabal/afenv/lib/python3.10/site-packages/airflow/example_dags/example_params_trigger_ui.py for tasks to queue
[2024-06-18T14:09:20.731+0545] {logging_mixin.py:188} INFO - [2024-06-18T14:09:20.731+0545] {dagbag.py:545} INFO - Filling up the DagBag from /home/prabal/afenv/lib/python3.10/site-packages/airflow/example_dags/example_params_trigger_ui.py
[2024-06-18T14:09:20.751+0545] {processor.py:840} INFO - DAG(s) 'example_params_trigger_ui' retrieved from /home/prabal/afenv/lib/python3.10/site-packages/airflow/example_dags/example_params_trigger_ui.py
[2024-06-18T14:09:20.799+0545] {logging_mixin.py:188} INFO - [2024-06-18T14:09:20.799+0545] {dag.py:3096} INFO - Sync 1 DAGs
[2024-06-18T14:09:20.811+0545] {logging_mixin.py:188} INFO - [2024-06-18T14:09:20.811+0545] {dag.py:3954} INFO - Setting next_dagrun for example_params_trigger_ui to None, run_after=None
[2024-06-18T14:09:20.835+0545] {processor.py:183} INFO - Processing /home/prabal/afenv/lib/python3.10/site-packages/airflow/example_dags/example_params_trigger_ui.py took 0.122 seconds
[2024-06-18T14:10:17.049+0545] {processor.py:161} INFO - Started process (PID=22183) to work on /home/prabal/afenv/lib/python3.10/site-packages/airflow/example_dags/example_params_trigger_ui.py
[2024-06-18T14:10:17.051+0545] {processor.py:830} INFO - Processing file /home/prabal/afenv/lib/python3.10/site-packages/airflow/example_dags/example_params_trigger_ui.py for tasks to queue
[2024-06-18T14:10:17.053+0545] {logging_mixin.py:188} INFO - [2024-06-18T14:10:17.053+0545] {dagbag.py:545} INFO - Filling up the DagBag from /home/prabal/afenv/lib/python3.10/site-packages/airflow/example_dags/example_params_trigger_ui.py
[2024-06-18T14:10:17.076+0545] {processor.py:840} INFO - DAG(s) 'example_params_trigger_ui' retrieved from /home/prabal/afenv/lib/python3.10/site-packages/airflow/example_dags/example_params_trigger_ui.py
[2024-06-18T14:10:17.127+0545] {logging_mixin.py:188} INFO - [2024-06-18T14:10:17.127+0545] {dag.py:3096} INFO - Sync 1 DAGs
[2024-06-18T14:10:17.137+0545] {logging_mixin.py:188} INFO - [2024-06-18T14:10:17.137+0545] {dag.py:3954} INFO - Setting next_dagrun for example_params_trigger_ui to None, run_after=None
[2024-06-18T14:10:17.157+0545] {processor.py:183} INFO - Processing /home/prabal/afenv/lib/python3.10/site-packages/airflow/example_dags/example_params_trigger_ui.py took 0.117 seconds
[2024-06-18T14:11:09.518+0545] {processor.py:161} INFO - Started process (PID=22436) to work on /home/prabal/afenv/lib/python3.10/site-packages/airflow/example_dags/example_params_trigger_ui.py
[2024-06-18T14:11:09.531+0545] {processor.py:830} INFO - Processing file /home/prabal/afenv/lib/python3.10/site-packages/airflow/example_dags/example_params_trigger_ui.py for tasks to queue
[2024-06-18T14:11:09.534+0545] {logging_mixin.py:188} INFO - [2024-06-18T14:11:09.533+0545] {dagbag.py:545} INFO - Filling up the DagBag from /home/prabal/afenv/lib/python3.10/site-packages/airflow/example_dags/example_params_trigger_ui.py
[2024-06-18T14:11:09.565+0545] {processor.py:840} INFO - DAG(s) 'example_params_trigger_ui' retrieved from /home/prabal/afenv/lib/python3.10/site-packages/airflow/example_dags/example_params_trigger_ui.py
[2024-06-18T14:11:09.622+0545] {logging_mixin.py:188} INFO - [2024-06-18T14:11:09.622+0545] {dag.py:3096} INFO - Sync 1 DAGs
[2024-06-18T14:11:09.634+0545] {logging_mixin.py:188} INFO - [2024-06-18T14:11:09.634+0545] {dag.py:3954} INFO - Setting next_dagrun for example_params_trigger_ui to None, run_after=None
[2024-06-18T14:11:09.672+0545] {processor.py:183} INFO - Processing /home/prabal/afenv/lib/python3.10/site-packages/airflow/example_dags/example_params_trigger_ui.py took 0.169 seconds
[2024-06-18T14:12:03.015+0545] {processor.py:161} INFO - Started process (PID=22695) to work on /home/prabal/afenv/lib/python3.10/site-packages/airflow/example_dags/example_params_trigger_ui.py
[2024-06-18T14:12:03.017+0545] {processor.py:830} INFO - Processing file /home/prabal/afenv/lib/python3.10/site-packages/airflow/example_dags/example_params_trigger_ui.py for tasks to queue
[2024-06-18T14:12:03.020+0545] {logging_mixin.py:188} INFO - [2024-06-18T14:12:03.019+0545] {dagbag.py:545} INFO - Filling up the DagBag from /home/prabal/afenv/lib/python3.10/site-packages/airflow/example_dags/example_params_trigger_ui.py
[2024-06-18T14:12:03.035+0545] {processor.py:840} INFO - DAG(s) 'example_params_trigger_ui' retrieved from /home/prabal/afenv/lib/python3.10/site-packages/airflow/example_dags/example_params_trigger_ui.py
[2024-06-18T14:12:03.086+0545] {logging_mixin.py:188} INFO - [2024-06-18T14:12:03.086+0545] {dag.py:3096} INFO - Sync 1 DAGs
[2024-06-18T14:12:03.097+0545] {logging_mixin.py:188} INFO - [2024-06-18T14:12:03.097+0545] {dag.py:3954} INFO - Setting next_dagrun for example_params_trigger_ui to None, run_after=None
[2024-06-18T14:12:03.116+0545] {processor.py:183} INFO - Processing /home/prabal/afenv/lib/python3.10/site-packages/airflow/example_dags/example_params_trigger_ui.py took 0.115 seconds
[2024-06-18T14:12:53.913+0545] {processor.py:161} INFO - Started process (PID=22941) to work on /home/prabal/afenv/lib/python3.10/site-packages/airflow/example_dags/example_params_trigger_ui.py
[2024-06-18T14:12:53.926+0545] {processor.py:830} INFO - Processing file /home/prabal/afenv/lib/python3.10/site-packages/airflow/example_dags/example_params_trigger_ui.py for tasks to queue
[2024-06-18T14:12:53.929+0545] {logging_mixin.py:188} INFO - [2024-06-18T14:12:53.929+0545] {dagbag.py:545} INFO - Filling up the DagBag from /home/prabal/afenv/lib/python3.10/site-packages/airflow/example_dags/example_params_trigger_ui.py
[2024-06-18T14:12:53.949+0545] {processor.py:840} INFO - DAG(s) 'example_params_trigger_ui' retrieved from /home/prabal/afenv/lib/python3.10/site-packages/airflow/example_dags/example_params_trigger_ui.py
[2024-06-18T14:12:53.998+0545] {logging_mixin.py:188} INFO - [2024-06-18T14:12:53.998+0545] {dag.py:3096} INFO - Sync 1 DAGs
[2024-06-18T14:12:54.012+0545] {logging_mixin.py:188} INFO - [2024-06-18T14:12:54.012+0545] {dag.py:3954} INFO - Setting next_dagrun for example_params_trigger_ui to None, run_after=None
[2024-06-18T14:12:54.054+0545] {processor.py:183} INFO - Processing /home/prabal/afenv/lib/python3.10/site-packages/airflow/example_dags/example_params_trigger_ui.py took 0.154 seconds
[2024-06-18T14:13:44.901+0545] {processor.py:161} INFO - Started process (PID=23188) to work on /home/prabal/afenv/lib/python3.10/site-packages/airflow/example_dags/example_params_trigger_ui.py
[2024-06-18T14:13:44.915+0545] {processor.py:830} INFO - Processing file /home/prabal/afenv/lib/python3.10/site-packages/airflow/example_dags/example_params_trigger_ui.py for tasks to queue
[2024-06-18T14:13:44.918+0545] {logging_mixin.py:188} INFO - [2024-06-18T14:13:44.917+0545] {dagbag.py:545} INFO - Filling up the DagBag from /home/prabal/afenv/lib/python3.10/site-packages/airflow/example_dags/example_params_trigger_ui.py
[2024-06-18T14:13:44.944+0545] {processor.py:840} INFO - DAG(s) 'example_params_trigger_ui' retrieved from /home/prabal/afenv/lib/python3.10/site-packages/airflow/example_dags/example_params_trigger_ui.py
[2024-06-18T14:13:44.979+0545] {logging_mixin.py:188} INFO - [2024-06-18T14:13:44.979+0545] {dag.py:3096} INFO - Sync 1 DAGs
[2024-06-18T14:13:44.988+0545] {logging_mixin.py:188} INFO - [2024-06-18T14:13:44.988+0545] {dag.py:3954} INFO - Setting next_dagrun for example_params_trigger_ui to None, run_after=None
[2024-06-18T14:13:45.010+0545] {processor.py:183} INFO - Processing /home/prabal/afenv/lib/python3.10/site-packages/airflow/example_dags/example_params_trigger_ui.py took 0.122 seconds
[2024-06-18T14:14:37.253+0545] {processor.py:161} INFO - Started process (PID=23440) to work on /home/prabal/afenv/lib/python3.10/site-packages/airflow/example_dags/example_params_trigger_ui.py
[2024-06-18T14:14:37.256+0545] {processor.py:830} INFO - Processing file /home/prabal/afenv/lib/python3.10/site-packages/airflow/example_dags/example_params_trigger_ui.py for tasks to queue
[2024-06-18T14:14:37.259+0545] {logging_mixin.py:188} INFO - [2024-06-18T14:14:37.258+0545] {dagbag.py:545} INFO - Filling up the DagBag from /home/prabal/afenv/lib/python3.10/site-packages/airflow/example_dags/example_params_trigger_ui.py
[2024-06-18T14:14:37.284+0545] {processor.py:840} INFO - DAG(s) 'example_params_trigger_ui' retrieved from /home/prabal/afenv/lib/python3.10/site-packages/airflow/example_dags/example_params_trigger_ui.py
[2024-06-18T14:14:37.322+0545] {logging_mixin.py:188} INFO - [2024-06-18T14:14:37.322+0545] {dag.py:3096} INFO - Sync 1 DAGs
[2024-06-18T14:14:37.333+0545] {logging_mixin.py:188} INFO - [2024-06-18T14:14:37.333+0545] {dag.py:3954} INFO - Setting next_dagrun for example_params_trigger_ui to None, run_after=None
[2024-06-18T14:14:37.354+0545] {processor.py:183} INFO - Processing /home/prabal/afenv/lib/python3.10/site-packages/airflow/example_dags/example_params_trigger_ui.py took 0.114 seconds
[2024-06-18T14:15:42.318+0545] {processor.py:161} INFO - Started process (PID=23775) to work on /home/prabal/afenv/lib/python3.10/site-packages/airflow/example_dags/example_params_trigger_ui.py
[2024-06-18T14:15:42.330+0545] {processor.py:830} INFO - Processing file /home/prabal/afenv/lib/python3.10/site-packages/airflow/example_dags/example_params_trigger_ui.py for tasks to queue
[2024-06-18T14:15:42.332+0545] {logging_mixin.py:188} INFO - [2024-06-18T14:15:42.332+0545] {dagbag.py:545} INFO - Filling up the DagBag from /home/prabal/afenv/lib/python3.10/site-packages/airflow/example_dags/example_params_trigger_ui.py
[2024-06-18T14:15:42.353+0545] {processor.py:840} INFO - DAG(s) 'example_params_trigger_ui' retrieved from /home/prabal/afenv/lib/python3.10/site-packages/airflow/example_dags/example_params_trigger_ui.py
[2024-06-18T14:15:42.420+0545] {logging_mixin.py:188} INFO - [2024-06-18T14:15:42.420+0545] {dag.py:3096} INFO - Sync 1 DAGs
[2024-06-18T14:15:42.444+0545] {logging_mixin.py:188} INFO - [2024-06-18T14:15:42.443+0545] {dag.py:3954} INFO - Setting next_dagrun for example_params_trigger_ui to None, run_after=None
[2024-06-18T14:15:42.469+0545] {processor.py:183} INFO - Processing /home/prabal/afenv/lib/python3.10/site-packages/airflow/example_dags/example_params_trigger_ui.py took 0.164 seconds
[2024-06-18T14:16:38.222+0545] {processor.py:161} INFO - Started process (PID=24045) to work on /home/prabal/afenv/lib/python3.10/site-packages/airflow/example_dags/example_params_trigger_ui.py
[2024-06-18T14:16:38.235+0545] {processor.py:830} INFO - Processing file /home/prabal/afenv/lib/python3.10/site-packages/airflow/example_dags/example_params_trigger_ui.py for tasks to queue
[2024-06-18T14:16:38.239+0545] {logging_mixin.py:188} INFO - [2024-06-18T14:16:38.238+0545] {dagbag.py:545} INFO - Filling up the DagBag from /home/prabal/afenv/lib/python3.10/site-packages/airflow/example_dags/example_params_trigger_ui.py
[2024-06-18T14:16:38.270+0545] {processor.py:840} INFO - DAG(s) 'example_params_trigger_ui' retrieved from /home/prabal/afenv/lib/python3.10/site-packages/airflow/example_dags/example_params_trigger_ui.py
[2024-06-18T14:16:38.349+0545] {logging_mixin.py:188} INFO - [2024-06-18T14:16:38.349+0545] {dag.py:3096} INFO - Sync 1 DAGs
[2024-06-18T14:16:38.368+0545] {logging_mixin.py:188} INFO - [2024-06-18T14:16:38.368+0545] {dag.py:3954} INFO - Setting next_dagrun for example_params_trigger_ui to None, run_after=None
[2024-06-18T14:16:38.416+0545] {processor.py:183} INFO - Processing /home/prabal/afenv/lib/python3.10/site-packages/airflow/example_dags/example_params_trigger_ui.py took 0.207 seconds
[2024-06-18T14:17:32.678+0545] {processor.py:161} INFO - Started process (PID=24308) to work on /home/prabal/afenv/lib/python3.10/site-packages/airflow/example_dags/example_params_trigger_ui.py
[2024-06-18T14:17:32.680+0545] {processor.py:830} INFO - Processing file /home/prabal/afenv/lib/python3.10/site-packages/airflow/example_dags/example_params_trigger_ui.py for tasks to queue
[2024-06-18T14:17:32.682+0545] {logging_mixin.py:188} INFO - [2024-06-18T14:17:32.681+0545] {dagbag.py:545} INFO - Filling up the DagBag from /home/prabal/afenv/lib/python3.10/site-packages/airflow/example_dags/example_params_trigger_ui.py
[2024-06-18T14:17:32.703+0545] {processor.py:840} INFO - DAG(s) 'example_params_trigger_ui' retrieved from /home/prabal/afenv/lib/python3.10/site-packages/airflow/example_dags/example_params_trigger_ui.py
[2024-06-18T14:17:32.756+0545] {logging_mixin.py:188} INFO - [2024-06-18T14:17:32.756+0545] {dag.py:3096} INFO - Sync 1 DAGs
[2024-06-18T14:17:32.770+0545] {logging_mixin.py:188} INFO - [2024-06-18T14:17:32.769+0545] {dag.py:3954} INFO - Setting next_dagrun for example_params_trigger_ui to None, run_after=None
[2024-06-18T14:17:32.795+0545] {processor.py:183} INFO - Processing /home/prabal/afenv/lib/python3.10/site-packages/airflow/example_dags/example_params_trigger_ui.py took 0.131 seconds
[2024-06-18T14:18:27.810+0545] {processor.py:161} INFO - Started process (PID=24574) to work on /home/prabal/afenv/lib/python3.10/site-packages/airflow/example_dags/example_params_trigger_ui.py
[2024-06-18T14:18:27.823+0545] {processor.py:830} INFO - Processing file /home/prabal/afenv/lib/python3.10/site-packages/airflow/example_dags/example_params_trigger_ui.py for tasks to queue
[2024-06-18T14:18:27.825+0545] {logging_mixin.py:188} INFO - [2024-06-18T14:18:27.824+0545] {dagbag.py:545} INFO - Filling up the DagBag from /home/prabal/afenv/lib/python3.10/site-packages/airflow/example_dags/example_params_trigger_ui.py
[2024-06-18T14:18:27.845+0545] {processor.py:840} INFO - DAG(s) 'example_params_trigger_ui' retrieved from /home/prabal/afenv/lib/python3.10/site-packages/airflow/example_dags/example_params_trigger_ui.py
[2024-06-18T14:18:27.911+0545] {logging_mixin.py:188} INFO - [2024-06-18T14:18:27.911+0545] {dag.py:3096} INFO - Sync 1 DAGs
[2024-06-18T14:18:27.929+0545] {logging_mixin.py:188} INFO - [2024-06-18T14:18:27.929+0545] {dag.py:3954} INFO - Setting next_dagrun for example_params_trigger_ui to None, run_after=None
[2024-06-18T14:18:27.967+0545] {processor.py:183} INFO - Processing /home/prabal/afenv/lib/python3.10/site-packages/airflow/example_dags/example_params_trigger_ui.py took 0.170 seconds
[2024-06-18T14:19:22.800+0545] {processor.py:161} INFO - Started process (PID=24836) to work on /home/prabal/afenv/lib/python3.10/site-packages/airflow/example_dags/example_params_trigger_ui.py
[2024-06-18T14:19:22.802+0545] {processor.py:830} INFO - Processing file /home/prabal/afenv/lib/python3.10/site-packages/airflow/example_dags/example_params_trigger_ui.py for tasks to queue
[2024-06-18T14:19:22.804+0545] {logging_mixin.py:188} INFO - [2024-06-18T14:19:22.803+0545] {dagbag.py:545} INFO - Filling up the DagBag from /home/prabal/afenv/lib/python3.10/site-packages/airflow/example_dags/example_params_trigger_ui.py
[2024-06-18T14:19:22.820+0545] {processor.py:840} INFO - DAG(s) 'example_params_trigger_ui' retrieved from /home/prabal/afenv/lib/python3.10/site-packages/airflow/example_dags/example_params_trigger_ui.py
[2024-06-18T14:19:22.868+0545] {logging_mixin.py:188} INFO - [2024-06-18T14:19:22.868+0545] {dag.py:3096} INFO - Sync 1 DAGs
[2024-06-18T14:19:22.879+0545] {logging_mixin.py:188} INFO - [2024-06-18T14:19:22.878+0545] {dag.py:3954} INFO - Setting next_dagrun for example_params_trigger_ui to None, run_after=None
[2024-06-18T14:19:22.898+0545] {processor.py:183} INFO - Processing /home/prabal/afenv/lib/python3.10/site-packages/airflow/example_dags/example_params_trigger_ui.py took 0.113 seconds
[2024-06-18T14:20:17.211+0545] {processor.py:161} INFO - Started process (PID=25096) to work on /home/prabal/afenv/lib/python3.10/site-packages/airflow/example_dags/example_params_trigger_ui.py
[2024-06-18T14:20:17.225+0545] {processor.py:830} INFO - Processing file /home/prabal/afenv/lib/python3.10/site-packages/airflow/example_dags/example_params_trigger_ui.py for tasks to queue
[2024-06-18T14:20:17.229+0545] {logging_mixin.py:188} INFO - [2024-06-18T14:20:17.228+0545] {dagbag.py:545} INFO - Filling up the DagBag from /home/prabal/afenv/lib/python3.10/site-packages/airflow/example_dags/example_params_trigger_ui.py
[2024-06-18T14:20:17.259+0545] {processor.py:840} INFO - DAG(s) 'example_params_trigger_ui' retrieved from /home/prabal/afenv/lib/python3.10/site-packages/airflow/example_dags/example_params_trigger_ui.py
[2024-06-18T14:20:17.307+0545] {logging_mixin.py:188} INFO - [2024-06-18T14:20:17.307+0545] {dag.py:3096} INFO - Sync 1 DAGs
[2024-06-18T14:20:17.318+0545] {logging_mixin.py:188} INFO - [2024-06-18T14:20:17.318+0545] {dag.py:3954} INFO - Setting next_dagrun for example_params_trigger_ui to None, run_after=None
[2024-06-18T14:20:17.342+0545] {processor.py:183} INFO - Processing /home/prabal/afenv/lib/python3.10/site-packages/airflow/example_dags/example_params_trigger_ui.py took 0.147 seconds
[2024-06-18T14:21:09.542+0545] {processor.py:161} INFO - Started process (PID=25349) to work on /home/prabal/afenv/lib/python3.10/site-packages/airflow/example_dags/example_params_trigger_ui.py
[2024-06-18T14:21:09.556+0545] {processor.py:830} INFO - Processing file /home/prabal/afenv/lib/python3.10/site-packages/airflow/example_dags/example_params_trigger_ui.py for tasks to queue
[2024-06-18T14:21:09.560+0545] {logging_mixin.py:188} INFO - [2024-06-18T14:21:09.559+0545] {dagbag.py:545} INFO - Filling up the DagBag from /home/prabal/afenv/lib/python3.10/site-packages/airflow/example_dags/example_params_trigger_ui.py
[2024-06-18T14:21:09.591+0545] {processor.py:840} INFO - DAG(s) 'example_params_trigger_ui' retrieved from /home/prabal/afenv/lib/python3.10/site-packages/airflow/example_dags/example_params_trigger_ui.py
[2024-06-18T14:21:09.650+0545] {logging_mixin.py:188} INFO - [2024-06-18T14:21:09.650+0545] {dag.py:3096} INFO - Sync 1 DAGs
[2024-06-18T14:21:09.661+0545] {logging_mixin.py:188} INFO - [2024-06-18T14:21:09.660+0545] {dag.py:3954} INFO - Setting next_dagrun for example_params_trigger_ui to None, run_after=None
[2024-06-18T14:21:09.690+0545] {processor.py:183} INFO - Processing /home/prabal/afenv/lib/python3.10/site-packages/airflow/example_dags/example_params_trigger_ui.py took 0.163 seconds
[2024-06-18T14:22:04.141+0545] {processor.py:161} INFO - Started process (PID=25610) to work on /home/prabal/afenv/lib/python3.10/site-packages/airflow/example_dags/example_params_trigger_ui.py
[2024-06-18T14:22:04.154+0545] {processor.py:830} INFO - Processing file /home/prabal/afenv/lib/python3.10/site-packages/airflow/example_dags/example_params_trigger_ui.py for tasks to queue
[2024-06-18T14:22:04.158+0545] {logging_mixin.py:188} INFO - [2024-06-18T14:22:04.157+0545] {dagbag.py:545} INFO - Filling up the DagBag from /home/prabal/afenv/lib/python3.10/site-packages/airflow/example_dags/example_params_trigger_ui.py
[2024-06-18T14:22:04.188+0545] {processor.py:840} INFO - DAG(s) 'example_params_trigger_ui' retrieved from /home/prabal/afenv/lib/python3.10/site-packages/airflow/example_dags/example_params_trigger_ui.py
[2024-06-18T14:22:04.254+0545] {logging_mixin.py:188} INFO - [2024-06-18T14:22:04.254+0545] {dag.py:3096} INFO - Sync 1 DAGs
[2024-06-18T14:22:04.265+0545] {logging_mixin.py:188} INFO - [2024-06-18T14:22:04.264+0545] {dag.py:3954} INFO - Setting next_dagrun for example_params_trigger_ui to None, run_after=None
[2024-06-18T14:22:04.283+0545] {processor.py:183} INFO - Processing /home/prabal/afenv/lib/python3.10/site-packages/airflow/example_dags/example_params_trigger_ui.py took 0.157 seconds
[2024-06-18T14:22:58.974+0545] {processor.py:161} INFO - Started process (PID=25876) to work on /home/prabal/afenv/lib/python3.10/site-packages/airflow/example_dags/example_params_trigger_ui.py
[2024-06-18T14:22:58.987+0545] {processor.py:830} INFO - Processing file /home/prabal/afenv/lib/python3.10/site-packages/airflow/example_dags/example_params_trigger_ui.py for tasks to queue
[2024-06-18T14:22:58.990+0545] {logging_mixin.py:188} INFO - [2024-06-18T14:22:58.990+0545] {dagbag.py:545} INFO - Filling up the DagBag from /home/prabal/afenv/lib/python3.10/site-packages/airflow/example_dags/example_params_trigger_ui.py
[2024-06-18T14:22:59.016+0545] {processor.py:840} INFO - DAG(s) 'example_params_trigger_ui' retrieved from /home/prabal/afenv/lib/python3.10/site-packages/airflow/example_dags/example_params_trigger_ui.py
[2024-06-18T14:22:59.059+0545] {logging_mixin.py:188} INFO - [2024-06-18T14:22:59.059+0545] {dag.py:3096} INFO - Sync 1 DAGs
[2024-06-18T14:22:59.068+0545] {logging_mixin.py:188} INFO - [2024-06-18T14:22:59.068+0545] {dag.py:3954} INFO - Setting next_dagrun for example_params_trigger_ui to None, run_after=None
[2024-06-18T14:22:59.088+0545] {processor.py:183} INFO - Processing /home/prabal/afenv/lib/python3.10/site-packages/airflow/example_dags/example_params_trigger_ui.py took 0.131 seconds
[2024-06-18T14:23:51.243+0545] {processor.py:161} INFO - Started process (PID=26129) to work on /home/prabal/afenv/lib/python3.10/site-packages/airflow/example_dags/example_params_trigger_ui.py
[2024-06-18T14:23:51.246+0545] {processor.py:830} INFO - Processing file /home/prabal/afenv/lib/python3.10/site-packages/airflow/example_dags/example_params_trigger_ui.py for tasks to queue
[2024-06-18T14:23:51.248+0545] {logging_mixin.py:188} INFO - [2024-06-18T14:23:51.248+0545] {dagbag.py:545} INFO - Filling up the DagBag from /home/prabal/afenv/lib/python3.10/site-packages/airflow/example_dags/example_params_trigger_ui.py
[2024-06-18T14:23:51.266+0545] {processor.py:840} INFO - DAG(s) 'example_params_trigger_ui' retrieved from /home/prabal/afenv/lib/python3.10/site-packages/airflow/example_dags/example_params_trigger_ui.py
[2024-06-18T14:23:51.308+0545] {logging_mixin.py:188} INFO - [2024-06-18T14:23:51.308+0545] {dag.py:3096} INFO - Sync 1 DAGs
[2024-06-18T14:23:51.318+0545] {logging_mixin.py:188} INFO - [2024-06-18T14:23:51.318+0545] {dag.py:3954} INFO - Setting next_dagrun for example_params_trigger_ui to None, run_after=None
[2024-06-18T14:23:51.336+0545] {processor.py:183} INFO - Processing /home/prabal/afenv/lib/python3.10/site-packages/airflow/example_dags/example_params_trigger_ui.py took 0.108 seconds
[2024-06-18T17:16:44.634+0545] {processor.py:161} INFO - Started process (PID=4407) to work on /home/prabal/afenv/lib/python3.10/site-packages/airflow/example_dags/example_params_trigger_ui.py
[2024-06-18T17:16:44.636+0545] {processor.py:830} INFO - Processing file /home/prabal/afenv/lib/python3.10/site-packages/airflow/example_dags/example_params_trigger_ui.py for tasks to queue
[2024-06-18T17:16:44.637+0545] {logging_mixin.py:188} INFO - [2024-06-18T17:16:44.637+0545] {dagbag.py:545} INFO - Filling up the DagBag from /home/prabal/afenv/lib/python3.10/site-packages/airflow/example_dags/example_params_trigger_ui.py
[2024-06-18T17:16:44.684+0545] {processor.py:840} INFO - DAG(s) 'example_params_trigger_ui' retrieved from /home/prabal/afenv/lib/python3.10/site-packages/airflow/example_dags/example_params_trigger_ui.py
[2024-06-18T17:16:44.932+0545] {logging_mixin.py:188} INFO - [2024-06-18T17:16:44.932+0545] {dag.py:3096} INFO - Sync 1 DAGs
[2024-06-18T17:16:44.948+0545] {logging_mixin.py:188} INFO - [2024-06-18T17:16:44.948+0545] {dag.py:3954} INFO - Setting next_dagrun for example_params_trigger_ui to None, run_after=None
[2024-06-18T17:16:45.077+0545] {processor.py:183} INFO - Processing /home/prabal/afenv/lib/python3.10/site-packages/airflow/example_dags/example_params_trigger_ui.py took 0.455 seconds
[2024-06-18T17:17:49.045+0545] {processor.py:161} INFO - Started process (PID=4714) to work on /home/prabal/afenv/lib/python3.10/site-packages/airflow/example_dags/example_params_trigger_ui.py
[2024-06-18T17:17:49.058+0545] {processor.py:830} INFO - Processing file /home/prabal/afenv/lib/python3.10/site-packages/airflow/example_dags/example_params_trigger_ui.py for tasks to queue
[2024-06-18T17:17:49.060+0545] {logging_mixin.py:188} INFO - [2024-06-18T17:17:49.059+0545] {dagbag.py:545} INFO - Filling up the DagBag from /home/prabal/afenv/lib/python3.10/site-packages/airflow/example_dags/example_params_trigger_ui.py
[2024-06-18T17:17:49.085+0545] {processor.py:840} INFO - DAG(s) 'example_params_trigger_ui' retrieved from /home/prabal/afenv/lib/python3.10/site-packages/airflow/example_dags/example_params_trigger_ui.py
[2024-06-18T17:17:49.118+0545] {logging_mixin.py:188} INFO - [2024-06-18T17:17:49.118+0545] {dag.py:3096} INFO - Sync 1 DAGs
[2024-06-18T17:17:49.127+0545] {logging_mixin.py:188} INFO - [2024-06-18T17:17:49.127+0545] {dag.py:3954} INFO - Setting next_dagrun for example_params_trigger_ui to None, run_after=None
[2024-06-18T17:17:49.159+0545] {processor.py:183} INFO - Processing /home/prabal/afenv/lib/python3.10/site-packages/airflow/example_dags/example_params_trigger_ui.py took 0.126 seconds
[2024-06-18T17:18:49.908+0545] {processor.py:161} INFO - Started process (PID=5427) to work on /home/prabal/afenv/lib/python3.10/site-packages/airflow/example_dags/example_params_trigger_ui.py
[2024-06-18T17:18:49.909+0545] {processor.py:830} INFO - Processing file /home/prabal/afenv/lib/python3.10/site-packages/airflow/example_dags/example_params_trigger_ui.py for tasks to queue
[2024-06-18T17:18:49.910+0545] {logging_mixin.py:188} INFO - [2024-06-18T17:18:49.910+0545] {dagbag.py:545} INFO - Filling up the DagBag from /home/prabal/afenv/lib/python3.10/site-packages/airflow/example_dags/example_params_trigger_ui.py
[2024-06-18T17:18:50.038+0545] {processor.py:840} INFO - DAG(s) 'example_params_trigger_ui' retrieved from /home/prabal/afenv/lib/python3.10/site-packages/airflow/example_dags/example_params_trigger_ui.py
[2024-06-18T17:18:50.127+0545] {logging_mixin.py:188} INFO - [2024-06-18T17:18:50.126+0545] {dag.py:3096} INFO - Sync 1 DAGs
[2024-06-18T17:18:50.152+0545] {logging_mixin.py:188} INFO - [2024-06-18T17:18:50.151+0545] {dag.py:3954} INFO - Setting next_dagrun for example_params_trigger_ui to None, run_after=None
[2024-06-18T17:18:50.214+0545] {processor.py:183} INFO - Processing /home/prabal/afenv/lib/python3.10/site-packages/airflow/example_dags/example_params_trigger_ui.py took 0.312 seconds
[2024-06-18T17:19:47.374+0545] {processor.py:161} INFO - Started process (PID=5854) to work on /home/prabal/afenv/lib/python3.10/site-packages/airflow/example_dags/example_params_trigger_ui.py
[2024-06-18T17:19:47.388+0545] {processor.py:830} INFO - Processing file /home/prabal/afenv/lib/python3.10/site-packages/airflow/example_dags/example_params_trigger_ui.py for tasks to queue
[2024-06-18T17:19:47.389+0545] {logging_mixin.py:188} INFO - [2024-06-18T17:19:47.389+0545] {dagbag.py:545} INFO - Filling up the DagBag from /home/prabal/afenv/lib/python3.10/site-packages/airflow/example_dags/example_params_trigger_ui.py
[2024-06-18T17:19:47.416+0545] {processor.py:840} INFO - DAG(s) 'example_params_trigger_ui' retrieved from /home/prabal/afenv/lib/python3.10/site-packages/airflow/example_dags/example_params_trigger_ui.py
[2024-06-18T17:19:47.470+0545] {logging_mixin.py:188} INFO - [2024-06-18T17:19:47.470+0545] {dag.py:3096} INFO - Sync 1 DAGs
[2024-06-18T17:19:47.482+0545] {logging_mixin.py:188} INFO - [2024-06-18T17:19:47.482+0545] {dag.py:3954} INFO - Setting next_dagrun for example_params_trigger_ui to None, run_after=None
[2024-06-18T17:19:47.532+0545] {processor.py:183} INFO - Processing /home/prabal/afenv/lib/python3.10/site-packages/airflow/example_dags/example_params_trigger_ui.py took 0.170 seconds
[2024-06-18T17:20:45.255+0545] {processor.py:161} INFO - Started process (PID=6541) to work on /home/prabal/afenv/lib/python3.10/site-packages/airflow/example_dags/example_params_trigger_ui.py
[2024-06-18T17:20:45.268+0545] {processor.py:830} INFO - Processing file /home/prabal/afenv/lib/python3.10/site-packages/airflow/example_dags/example_params_trigger_ui.py for tasks to queue
[2024-06-18T17:20:45.270+0545] {logging_mixin.py:188} INFO - [2024-06-18T17:20:45.269+0545] {dagbag.py:545} INFO - Filling up the DagBag from /home/prabal/afenv/lib/python3.10/site-packages/airflow/example_dags/example_params_trigger_ui.py
[2024-06-18T17:20:45.299+0545] {processor.py:840} INFO - DAG(s) 'example_params_trigger_ui' retrieved from /home/prabal/afenv/lib/python3.10/site-packages/airflow/example_dags/example_params_trigger_ui.py
[2024-06-18T17:20:45.343+0545] {logging_mixin.py:188} INFO - [2024-06-18T17:20:45.342+0545] {dag.py:3096} INFO - Sync 1 DAGs
[2024-06-18T17:20:45.352+0545] {logging_mixin.py:188} INFO - [2024-06-18T17:20:45.352+0545] {dag.py:3954} INFO - Setting next_dagrun for example_params_trigger_ui to None, run_after=None
[2024-06-18T17:20:45.371+0545] {processor.py:183} INFO - Processing /home/prabal/afenv/lib/python3.10/site-packages/airflow/example_dags/example_params_trigger_ui.py took 0.127 seconds
[2024-06-18T17:22:14.097+0545] {processor.py:161} INFO - Started process (PID=7072) to work on /home/prabal/afenv/lib/python3.10/site-packages/airflow/example_dags/example_params_trigger_ui.py
[2024-06-18T17:22:14.111+0545] {processor.py:830} INFO - Processing file /home/prabal/afenv/lib/python3.10/site-packages/airflow/example_dags/example_params_trigger_ui.py for tasks to queue
[2024-06-18T17:22:14.114+0545] {logging_mixin.py:188} INFO - [2024-06-18T17:22:14.113+0545] {dagbag.py:545} INFO - Filling up the DagBag from /home/prabal/afenv/lib/python3.10/site-packages/airflow/example_dags/example_params_trigger_ui.py
[2024-06-18T17:22:14.141+0545] {processor.py:840} INFO - DAG(s) 'example_params_trigger_ui' retrieved from /home/prabal/afenv/lib/python3.10/site-packages/airflow/example_dags/example_params_trigger_ui.py
[2024-06-18T17:22:14.241+0545] {logging_mixin.py:188} INFO - [2024-06-18T17:22:14.241+0545] {dag.py:3096} INFO - Sync 1 DAGs
[2024-06-18T17:22:14.250+0545] {logging_mixin.py:188} INFO - [2024-06-18T17:22:14.250+0545] {dag.py:3954} INFO - Setting next_dagrun for example_params_trigger_ui to None, run_after=None
[2024-06-18T17:22:14.275+0545] {processor.py:183} INFO - Processing /home/prabal/afenv/lib/python3.10/site-packages/airflow/example_dags/example_params_trigger_ui.py took 0.189 seconds
[2024-06-18T17:23:24.878+0545] {processor.py:161} INFO - Started process (PID=7434) to work on /home/prabal/afenv/lib/python3.10/site-packages/airflow/example_dags/example_params_trigger_ui.py
[2024-06-18T17:23:24.881+0545] {processor.py:830} INFO - Processing file /home/prabal/afenv/lib/python3.10/site-packages/airflow/example_dags/example_params_trigger_ui.py for tasks to queue
[2024-06-18T17:23:24.884+0545] {logging_mixin.py:188} INFO - [2024-06-18T17:23:24.883+0545] {dagbag.py:545} INFO - Filling up the DagBag from /home/prabal/afenv/lib/python3.10/site-packages/airflow/example_dags/example_params_trigger_ui.py
[2024-06-18T17:23:24.909+0545] {processor.py:840} INFO - DAG(s) 'example_params_trigger_ui' retrieved from /home/prabal/afenv/lib/python3.10/site-packages/airflow/example_dags/example_params_trigger_ui.py
[2024-06-18T17:23:24.945+0545] {logging_mixin.py:188} INFO - [2024-06-18T17:23:24.945+0545] {dag.py:3096} INFO - Sync 1 DAGs
[2024-06-18T17:23:24.955+0545] {logging_mixin.py:188} INFO - [2024-06-18T17:23:24.955+0545] {dag.py:3954} INFO - Setting next_dagrun for example_params_trigger_ui to None, run_after=None
[2024-06-18T17:23:24.976+0545] {processor.py:183} INFO - Processing /home/prabal/afenv/lib/python3.10/site-packages/airflow/example_dags/example_params_trigger_ui.py took 0.109 seconds
