[2024-06-18T13:42:41.023+0545] {processor.py:161} INFO - Started process (PID=14242) to work on /home/prabal/afenv/lib/python3.10/site-packages/airflow/example_dags/example_sla_dag.py
[2024-06-18T13:42:41.025+0545] {processor.py:830} INFO - Processing file /home/prabal/afenv/lib/python3.10/site-packages/airflow/example_dags/example_sla_dag.py for tasks to queue
[2024-06-18T13:42:41.028+0545] {logging_mixin.py:188} INFO - [2024-06-18T13:42:41.027+0545] {dagbag.py:545} INFO - Filling up the DagBag from /home/prabal/afenv/lib/python3.10/site-packages/airflow/example_dags/example_sla_dag.py
[2024-06-18T13:42:41.040+0545] {processor.py:840} INFO - DAG(s) 'example_sla_dag' retrieved from /home/prabal/afenv/lib/python3.10/site-packages/airflow/example_dags/example_sla_dag.py
[2024-06-18T13:42:41.147+0545] {logging_mixin.py:188} INFO - [2024-06-18T13:42:41.146+0545] {override.py:1829} INFO - Created Permission View: can read on DAG:example_sla_dag
[2024-06-18T13:42:41.162+0545] {logging_mixin.py:188} INFO - [2024-06-18T13:42:41.162+0545] {override.py:1829} INFO - Created Permission View: can edit on DAG:example_sla_dag
[2024-06-18T13:42:41.177+0545] {logging_mixin.py:188} INFO - [2024-06-18T13:42:41.176+0545] {override.py:1829} INFO - Created Permission View: can delete on DAG:example_sla_dag
[2024-06-18T13:42:41.177+0545] {logging_mixin.py:188} INFO - [2024-06-18T13:42:41.177+0545] {dag.py:3096} INFO - Sync 1 DAGs
[2024-06-18T13:42:41.186+0545] {logging_mixin.py:188} INFO - [2024-06-18T13:42:41.186+0545] {dag.py:3118} INFO - Creating ORM DAG for example_sla_dag
[2024-06-18T13:42:41.196+0545] {logging_mixin.py:188} INFO - [2024-06-18T13:42:41.196+0545] {dag.py:3954} INFO - Setting next_dagrun for example_sla_dag to 2024-06-18 07:54:00+00:00, run_after=2024-06-18 07:56:00+00:00
[2024-06-18T13:42:41.297+0545] {processor.py:183} INFO - Processing /home/prabal/afenv/lib/python3.10/site-packages/airflow/example_dags/example_sla_dag.py took 0.289 seconds
[2024-06-18T13:43:39.605+0545] {processor.py:161} INFO - Started process (PID=14534) to work on /home/prabal/afenv/lib/python3.10/site-packages/airflow/example_dags/example_sla_dag.py
[2024-06-18T13:43:39.618+0545] {processor.py:830} INFO - Processing file /home/prabal/afenv/lib/python3.10/site-packages/airflow/example_dags/example_sla_dag.py for tasks to queue
[2024-06-18T13:43:39.622+0545] {logging_mixin.py:188} INFO - [2024-06-18T13:43:39.621+0545] {dagbag.py:545} INFO - Filling up the DagBag from /home/prabal/afenv/lib/python3.10/site-packages/airflow/example_dags/example_sla_dag.py
[2024-06-18T13:43:39.636+0545] {processor.py:840} INFO - DAG(s) 'example_sla_dag' retrieved from /home/prabal/afenv/lib/python3.10/site-packages/airflow/example_dags/example_sla_dag.py
[2024-06-18T13:43:39.662+0545] {logging_mixin.py:188} INFO - [2024-06-18T13:43:39.662+0545] {dag.py:3096} INFO - Sync 1 DAGs
[2024-06-18T13:43:39.703+0545] {logging_mixin.py:188} INFO - [2024-06-18T13:43:39.703+0545] {dag.py:3954} INFO - Setting next_dagrun for example_sla_dag to 2024-06-18 07:56:00+00:00, run_after=2024-06-18 07:58:00+00:00
[2024-06-18T13:43:39.732+0545] {processor.py:183} INFO - Processing /home/prabal/afenv/lib/python3.10/site-packages/airflow/example_dags/example_sla_dag.py took 0.139 seconds
[2024-06-18T13:44:43.566+0545] {processor.py:161} INFO - Started process (PID=14841) to work on /home/prabal/afenv/lib/python3.10/site-packages/airflow/example_dags/example_sla_dag.py
[2024-06-18T13:44:43.569+0545] {processor.py:830} INFO - Processing file /home/prabal/afenv/lib/python3.10/site-packages/airflow/example_dags/example_sla_dag.py for tasks to queue
[2024-06-18T13:44:43.573+0545] {logging_mixin.py:188} INFO - [2024-06-18T13:44:43.572+0545] {dagbag.py:545} INFO - Filling up the DagBag from /home/prabal/afenv/lib/python3.10/site-packages/airflow/example_dags/example_sla_dag.py
[2024-06-18T13:44:43.753+0545] {processor.py:840} INFO - DAG(s) 'example_sla_dag' retrieved from /home/prabal/afenv/lib/python3.10/site-packages/airflow/example_dags/example_sla_dag.py
[2024-06-18T13:44:43.767+0545] {logging_mixin.py:188} INFO - [2024-06-18T13:44:43.767+0545] {dag.py:3096} INFO - Sync 1 DAGs
[2024-06-18T13:44:43.785+0545] {logging_mixin.py:188} INFO - [2024-06-18T13:44:43.785+0545] {dag.py:3954} INFO - Setting next_dagrun for example_sla_dag to 2024-06-18 07:56:00+00:00, run_after=2024-06-18 07:58:00+00:00
[2024-06-18T13:44:43.804+0545] {processor.py:183} INFO - Processing /home/prabal/afenv/lib/python3.10/site-packages/airflow/example_dags/example_sla_dag.py took 0.258 seconds
[2024-06-18T13:45:40.267+0545] {processor.py:161} INFO - Started process (PID=15115) to work on /home/prabal/afenv/lib/python3.10/site-packages/airflow/example_dags/example_sla_dag.py
[2024-06-18T13:45:40.279+0545] {processor.py:830} INFO - Processing file /home/prabal/afenv/lib/python3.10/site-packages/airflow/example_dags/example_sla_dag.py for tasks to queue
[2024-06-18T13:45:40.281+0545] {logging_mixin.py:188} INFO - [2024-06-18T13:45:40.280+0545] {dagbag.py:545} INFO - Filling up the DagBag from /home/prabal/afenv/lib/python3.10/site-packages/airflow/example_dags/example_sla_dag.py
[2024-06-18T13:45:40.289+0545] {processor.py:840} INFO - DAG(s) 'example_sla_dag' retrieved from /home/prabal/afenv/lib/python3.10/site-packages/airflow/example_dags/example_sla_dag.py
[2024-06-18T13:45:40.303+0545] {logging_mixin.py:188} INFO - [2024-06-18T13:45:40.303+0545] {dag.py:3096} INFO - Sync 1 DAGs
[2024-06-18T13:45:40.326+0545] {logging_mixin.py:188} INFO - [2024-06-18T13:45:40.326+0545] {dag.py:3954} INFO - Setting next_dagrun for example_sla_dag to 2024-06-18 07:58:00+00:00, run_after=2024-06-18 08:00:00+00:00
[2024-06-18T13:45:40.347+0545] {processor.py:183} INFO - Processing /home/prabal/afenv/lib/python3.10/site-packages/airflow/example_dags/example_sla_dag.py took 0.087 seconds
[2024-06-18T13:46:34.397+0545] {processor.py:161} INFO - Started process (PID=15378) to work on /home/prabal/afenv/lib/python3.10/site-packages/airflow/example_dags/example_sla_dag.py
[2024-06-18T13:46:34.400+0545] {processor.py:830} INFO - Processing file /home/prabal/afenv/lib/python3.10/site-packages/airflow/example_dags/example_sla_dag.py for tasks to queue
[2024-06-18T13:46:34.402+0545] {logging_mixin.py:188} INFO - [2024-06-18T13:46:34.401+0545] {dagbag.py:545} INFO - Filling up the DagBag from /home/prabal/afenv/lib/python3.10/site-packages/airflow/example_dags/example_sla_dag.py
[2024-06-18T13:46:34.414+0545] {processor.py:840} INFO - DAG(s) 'example_sla_dag' retrieved from /home/prabal/afenv/lib/python3.10/site-packages/airflow/example_dags/example_sla_dag.py
[2024-06-18T13:46:34.429+0545] {logging_mixin.py:188} INFO - [2024-06-18T13:46:34.429+0545] {dag.py:3096} INFO - Sync 1 DAGs
[2024-06-18T13:46:34.453+0545] {logging_mixin.py:188} INFO - [2024-06-18T13:46:34.453+0545] {dag.py:3954} INFO - Setting next_dagrun for example_sla_dag to 2024-06-18 07:58:00+00:00, run_after=2024-06-18 08:00:00+00:00
[2024-06-18T13:46:34.482+0545] {processor.py:183} INFO - Processing /home/prabal/afenv/lib/python3.10/site-packages/airflow/example_dags/example_sla_dag.py took 0.094 seconds
[2024-06-18T13:47:26.372+0545] {processor.py:161} INFO - Started process (PID=15629) to work on /home/prabal/afenv/lib/python3.10/site-packages/airflow/example_dags/example_sla_dag.py
[2024-06-18T13:47:26.385+0545] {processor.py:830} INFO - Processing file /home/prabal/afenv/lib/python3.10/site-packages/airflow/example_dags/example_sla_dag.py for tasks to queue
[2024-06-18T13:47:26.388+0545] {logging_mixin.py:188} INFO - [2024-06-18T13:47:26.387+0545] {dagbag.py:545} INFO - Filling up the DagBag from /home/prabal/afenv/lib/python3.10/site-packages/airflow/example_dags/example_sla_dag.py
[2024-06-18T13:47:26.397+0545] {processor.py:840} INFO - DAG(s) 'example_sla_dag' retrieved from /home/prabal/afenv/lib/python3.10/site-packages/airflow/example_dags/example_sla_dag.py
[2024-06-18T13:47:26.416+0545] {logging_mixin.py:188} INFO - [2024-06-18T13:47:26.415+0545] {dag.py:3096} INFO - Sync 1 DAGs
[2024-06-18T13:47:26.441+0545] {logging_mixin.py:188} INFO - [2024-06-18T13:47:26.441+0545] {dag.py:3954} INFO - Setting next_dagrun for example_sla_dag to 2024-06-18 08:00:00+00:00, run_after=2024-06-18 08:02:00+00:00
[2024-06-18T13:47:26.461+0545] {processor.py:183} INFO - Processing /home/prabal/afenv/lib/python3.10/site-packages/airflow/example_dags/example_sla_dag.py took 0.100 seconds
[2024-06-18T13:48:18.175+0545] {processor.py:161} INFO - Started process (PID=15882) to work on /home/prabal/afenv/lib/python3.10/site-packages/airflow/example_dags/example_sla_dag.py
[2024-06-18T13:48:18.187+0545] {processor.py:830} INFO - Processing file /home/prabal/afenv/lib/python3.10/site-packages/airflow/example_dags/example_sla_dag.py for tasks to queue
[2024-06-18T13:48:18.190+0545] {logging_mixin.py:188} INFO - [2024-06-18T13:48:18.190+0545] {dagbag.py:545} INFO - Filling up the DagBag from /home/prabal/afenv/lib/python3.10/site-packages/airflow/example_dags/example_sla_dag.py
[2024-06-18T13:48:18.209+0545] {processor.py:840} INFO - DAG(s) 'example_sla_dag' retrieved from /home/prabal/afenv/lib/python3.10/site-packages/airflow/example_dags/example_sla_dag.py
[2024-06-18T13:48:18.237+0545] {logging_mixin.py:188} INFO - [2024-06-18T13:48:18.237+0545] {dag.py:3096} INFO - Sync 1 DAGs
[2024-06-18T13:48:18.259+0545] {logging_mixin.py:188} INFO - [2024-06-18T13:48:18.258+0545] {dag.py:3954} INFO - Setting next_dagrun for example_sla_dag to 2024-06-18 08:00:00+00:00, run_after=2024-06-18 08:02:00+00:00
[2024-06-18T13:48:18.277+0545] {processor.py:183} INFO - Processing /home/prabal/afenv/lib/python3.10/site-packages/airflow/example_dags/example_sla_dag.py took 0.115 seconds
[2024-06-18T13:50:03.143+0545] {processor.py:161} INFO - Started process (PID=16408) to work on /home/prabal/afenv/lib/python3.10/site-packages/airflow/example_dags/example_sla_dag.py
[2024-06-18T13:50:03.157+0545] {processor.py:830} INFO - Processing file /home/prabal/afenv/lib/python3.10/site-packages/airflow/example_dags/example_sla_dag.py for tasks to queue
[2024-06-18T13:50:03.161+0545] {logging_mixin.py:188} INFO - [2024-06-18T13:50:03.160+0545] {dagbag.py:545} INFO - Filling up the DagBag from /home/prabal/afenv/lib/python3.10/site-packages/airflow/example_dags/example_sla_dag.py
[2024-06-18T13:50:03.181+0545] {processor.py:840} INFO - DAG(s) 'example_sla_dag' retrieved from /home/prabal/afenv/lib/python3.10/site-packages/airflow/example_dags/example_sla_dag.py
[2024-06-18T13:50:03.198+0545] {logging_mixin.py:188} INFO - [2024-06-18T13:50:03.197+0545] {dag.py:3096} INFO - Sync 1 DAGs
[2024-06-18T13:50:03.218+0545] {logging_mixin.py:188} INFO - [2024-06-18T13:50:03.218+0545] {dag.py:3954} INFO - Setting next_dagrun for example_sla_dag to 2024-06-18 08:02:00+00:00, run_after=2024-06-18 08:04:00+00:00
[2024-06-18T13:50:03.240+0545] {processor.py:183} INFO - Processing /home/prabal/afenv/lib/python3.10/site-packages/airflow/example_dags/example_sla_dag.py took 0.106 seconds
[2024-06-18T13:51:47.446+0545] {processor.py:161} INFO - Started process (PID=16939) to work on /home/prabal/afenv/lib/python3.10/site-packages/airflow/example_dags/example_sla_dag.py
[2024-06-18T13:51:47.459+0545] {processor.py:830} INFO - Processing file /home/prabal/afenv/lib/python3.10/site-packages/airflow/example_dags/example_sla_dag.py for tasks to queue
[2024-06-18T13:51:47.463+0545] {logging_mixin.py:188} INFO - [2024-06-18T13:51:47.462+0545] {dagbag.py:545} INFO - Filling up the DagBag from /home/prabal/afenv/lib/python3.10/site-packages/airflow/example_dags/example_sla_dag.py
[2024-06-18T13:51:47.483+0545] {processor.py:840} INFO - DAG(s) 'example_sla_dag' retrieved from /home/prabal/afenv/lib/python3.10/site-packages/airflow/example_dags/example_sla_dag.py
[2024-06-18T13:51:47.512+0545] {logging_mixin.py:188} INFO - [2024-06-18T13:51:47.512+0545] {dag.py:3096} INFO - Sync 1 DAGs
[2024-06-18T13:51:47.564+0545] {logging_mixin.py:188} INFO - [2024-06-18T13:51:47.564+0545] {dag.py:3954} INFO - Setting next_dagrun for example_sla_dag to 2024-06-18 08:04:00+00:00, run_after=2024-06-18 08:06:00+00:00
[2024-06-18T13:51:47.593+0545] {processor.py:183} INFO - Processing /home/prabal/afenv/lib/python3.10/site-packages/airflow/example_dags/example_sla_dag.py took 0.164 seconds
[2024-06-18T13:52:48.543+0545] {processor.py:161} INFO - Started process (PID=17261) to work on /home/prabal/afenv/lib/python3.10/site-packages/airflow/example_dags/example_sla_dag.py
[2024-06-18T13:52:48.555+0545] {processor.py:830} INFO - Processing file /home/prabal/afenv/lib/python3.10/site-packages/airflow/example_dags/example_sla_dag.py for tasks to queue
[2024-06-18T13:52:48.557+0545] {logging_mixin.py:188} INFO - [2024-06-18T13:52:48.556+0545] {dagbag.py:545} INFO - Filling up the DagBag from /home/prabal/afenv/lib/python3.10/site-packages/airflow/example_dags/example_sla_dag.py
[2024-06-18T13:52:48.568+0545] {processor.py:840} INFO - DAG(s) 'example_sla_dag' retrieved from /home/prabal/afenv/lib/python3.10/site-packages/airflow/example_dags/example_sla_dag.py
[2024-06-18T13:52:48.593+0545] {logging_mixin.py:188} INFO - [2024-06-18T13:52:48.593+0545] {dag.py:3096} INFO - Sync 1 DAGs
[2024-06-18T13:52:48.633+0545] {logging_mixin.py:188} INFO - [2024-06-18T13:52:48.632+0545] {dag.py:3954} INFO - Setting next_dagrun for example_sla_dag to 2024-06-18 08:04:00+00:00, run_after=2024-06-18 08:06:00+00:00
[2024-06-18T13:52:48.652+0545] {processor.py:183} INFO - Processing /home/prabal/afenv/lib/python3.10/site-packages/airflow/example_dags/example_sla_dag.py took 0.120 seconds
[2024-06-18T13:53:53.694+0545] {processor.py:161} INFO - Started process (PID=17599) to work on /home/prabal/afenv/lib/python3.10/site-packages/airflow/example_dags/example_sla_dag.py
[2024-06-18T13:53:53.708+0545] {processor.py:830} INFO - Processing file /home/prabal/afenv/lib/python3.10/site-packages/airflow/example_dags/example_sla_dag.py for tasks to queue
[2024-06-18T13:53:53.712+0545] {logging_mixin.py:188} INFO - [2024-06-18T13:53:53.711+0545] {dagbag.py:545} INFO - Filling up the DagBag from /home/prabal/afenv/lib/python3.10/site-packages/airflow/example_dags/example_sla_dag.py
[2024-06-18T13:53:53.732+0545] {processor.py:840} INFO - DAG(s) 'example_sla_dag' retrieved from /home/prabal/afenv/lib/python3.10/site-packages/airflow/example_dags/example_sla_dag.py
[2024-06-18T13:53:53.760+0545] {logging_mixin.py:188} INFO - [2024-06-18T13:53:53.760+0545] {dag.py:3096} INFO - Sync 1 DAGs
[2024-06-18T13:53:53.783+0545] {logging_mixin.py:188} INFO - [2024-06-18T13:53:53.783+0545] {dag.py:3954} INFO - Setting next_dagrun for example_sla_dag to 2024-06-18 08:06:00+00:00, run_after=2024-06-18 08:08:00+00:00
[2024-06-18T13:53:53.809+0545] {processor.py:183} INFO - Processing /home/prabal/afenv/lib/python3.10/site-packages/airflow/example_dags/example_sla_dag.py took 0.130 seconds
[2024-06-18T13:54:54.167+0545] {processor.py:161} INFO - Started process (PID=17894) to work on /home/prabal/afenv/lib/python3.10/site-packages/airflow/example_dags/example_sla_dag.py
[2024-06-18T13:54:54.180+0545] {processor.py:830} INFO - Processing file /home/prabal/afenv/lib/python3.10/site-packages/airflow/example_dags/example_sla_dag.py for tasks to queue
[2024-06-18T13:54:54.183+0545] {logging_mixin.py:188} INFO - [2024-06-18T13:54:54.183+0545] {dagbag.py:545} INFO - Filling up the DagBag from /home/prabal/afenv/lib/python3.10/site-packages/airflow/example_dags/example_sla_dag.py
[2024-06-18T13:54:54.200+0545] {processor.py:840} INFO - DAG(s) 'example_sla_dag' retrieved from /home/prabal/afenv/lib/python3.10/site-packages/airflow/example_dags/example_sla_dag.py
[2024-06-18T13:54:54.220+0545] {logging_mixin.py:188} INFO - [2024-06-18T13:54:54.220+0545] {dag.py:3096} INFO - Sync 1 DAGs
[2024-06-18T13:54:54.242+0545] {logging_mixin.py:188} INFO - [2024-06-18T13:54:54.242+0545] {dag.py:3954} INFO - Setting next_dagrun for example_sla_dag to 2024-06-18 08:06:00+00:00, run_after=2024-06-18 08:08:00+00:00
[2024-06-18T13:54:54.264+0545] {processor.py:183} INFO - Processing /home/prabal/afenv/lib/python3.10/site-packages/airflow/example_dags/example_sla_dag.py took 0.111 seconds
[2024-06-18T13:56:04.641+0545] {processor.py:161} INFO - Started process (PID=18256) to work on /home/prabal/afenv/lib/python3.10/site-packages/airflow/example_dags/example_sla_dag.py
[2024-06-18T13:56:04.654+0545] {processor.py:830} INFO - Processing file /home/prabal/afenv/lib/python3.10/site-packages/airflow/example_dags/example_sla_dag.py for tasks to queue
[2024-06-18T13:56:04.658+0545] {logging_mixin.py:188} INFO - [2024-06-18T13:56:04.657+0545] {dagbag.py:545} INFO - Filling up the DagBag from /home/prabal/afenv/lib/python3.10/site-packages/airflow/example_dags/example_sla_dag.py
[2024-06-18T13:56:04.674+0545] {processor.py:840} INFO - DAG(s) 'example_sla_dag' retrieved from /home/prabal/afenv/lib/python3.10/site-packages/airflow/example_dags/example_sla_dag.py
[2024-06-18T13:56:04.690+0545] {logging_mixin.py:188} INFO - [2024-06-18T13:56:04.690+0545] {dag.py:3096} INFO - Sync 1 DAGs
[2024-06-18T13:56:04.720+0545] {logging_mixin.py:188} INFO - [2024-06-18T13:56:04.719+0545] {dag.py:3954} INFO - Setting next_dagrun for example_sla_dag to 2024-06-18 08:08:00+00:00, run_after=2024-06-18 08:10:00+00:00
[2024-06-18T13:56:04.744+0545] {processor.py:183} INFO - Processing /home/prabal/afenv/lib/python3.10/site-packages/airflow/example_dags/example_sla_dag.py took 0.116 seconds
[2024-06-18T13:56:56.576+0545] {processor.py:161} INFO - Started process (PID=18506) to work on /home/prabal/afenv/lib/python3.10/site-packages/airflow/example_dags/example_sla_dag.py
[2024-06-18T13:56:56.589+0545] {processor.py:830} INFO - Processing file /home/prabal/afenv/lib/python3.10/site-packages/airflow/example_dags/example_sla_dag.py for tasks to queue
[2024-06-18T13:56:56.591+0545] {logging_mixin.py:188} INFO - [2024-06-18T13:56:56.590+0545] {dagbag.py:545} INFO - Filling up the DagBag from /home/prabal/afenv/lib/python3.10/site-packages/airflow/example_dags/example_sla_dag.py
[2024-06-18T13:56:56.603+0545] {processor.py:840} INFO - DAG(s) 'example_sla_dag' retrieved from /home/prabal/afenv/lib/python3.10/site-packages/airflow/example_dags/example_sla_dag.py
[2024-06-18T13:56:56.627+0545] {logging_mixin.py:188} INFO - [2024-06-18T13:56:56.626+0545] {dag.py:3096} INFO - Sync 1 DAGs
[2024-06-18T13:56:56.659+0545] {logging_mixin.py:188} INFO - [2024-06-18T13:56:56.659+0545] {dag.py:3954} INFO - Setting next_dagrun for example_sla_dag to 2024-06-18 08:08:00+00:00, run_after=2024-06-18 08:10:00+00:00
[2024-06-18T13:56:56.678+0545] {processor.py:183} INFO - Processing /home/prabal/afenv/lib/python3.10/site-packages/airflow/example_dags/example_sla_dag.py took 0.118 seconds
[2024-06-18T13:57:48.689+0545] {processor.py:161} INFO - Started process (PID=18761) to work on /home/prabal/afenv/lib/python3.10/site-packages/airflow/example_dags/example_sla_dag.py
[2024-06-18T13:57:48.703+0545] {processor.py:830} INFO - Processing file /home/prabal/afenv/lib/python3.10/site-packages/airflow/example_dags/example_sla_dag.py for tasks to queue
[2024-06-18T13:57:48.706+0545] {logging_mixin.py:188} INFO - [2024-06-18T13:57:48.705+0545] {dagbag.py:545} INFO - Filling up the DagBag from /home/prabal/afenv/lib/python3.10/site-packages/airflow/example_dags/example_sla_dag.py
[2024-06-18T13:57:48.724+0545] {processor.py:840} INFO - DAG(s) 'example_sla_dag' retrieved from /home/prabal/afenv/lib/python3.10/site-packages/airflow/example_dags/example_sla_dag.py
[2024-06-18T13:57:48.748+0545] {logging_mixin.py:188} INFO - [2024-06-18T13:57:48.748+0545] {dag.py:3096} INFO - Sync 1 DAGs
[2024-06-18T13:57:48.788+0545] {logging_mixin.py:188} INFO - [2024-06-18T13:57:48.788+0545] {dag.py:3954} INFO - Setting next_dagrun for example_sla_dag to 2024-06-18 08:10:00+00:00, run_after=2024-06-18 08:12:00+00:00
[2024-06-18T13:57:48.807+0545] {processor.py:183} INFO - Processing /home/prabal/afenv/lib/python3.10/site-packages/airflow/example_dags/example_sla_dag.py took 0.132 seconds
[2024-06-18T14:05:35.522+0545] {processor.py:161} INFO - Started process (PID=20825) to work on /home/prabal/afenv/lib/python3.10/site-packages/airflow/example_dags/example_sla_dag.py
[2024-06-18T14:05:35.535+0545] {processor.py:830} INFO - Processing file /home/prabal/afenv/lib/python3.10/site-packages/airflow/example_dags/example_sla_dag.py for tasks to queue
[2024-06-18T14:05:35.539+0545] {logging_mixin.py:188} INFO - [2024-06-18T14:05:35.538+0545] {dagbag.py:545} INFO - Filling up the DagBag from /home/prabal/afenv/lib/python3.10/site-packages/airflow/example_dags/example_sla_dag.py
[2024-06-18T14:05:35.556+0545] {processor.py:840} INFO - DAG(s) 'example_sla_dag' retrieved from /home/prabal/afenv/lib/python3.10/site-packages/airflow/example_dags/example_sla_dag.py
[2024-06-18T14:05:35.573+0545] {logging_mixin.py:188} INFO - [2024-06-18T14:05:35.573+0545] {dag.py:3096} INFO - Sync 1 DAGs
[2024-06-18T14:05:35.591+0545] {logging_mixin.py:188} INFO - [2024-06-18T14:05:35.591+0545] {dag.py:3954} INFO - Setting next_dagrun for example_sla_dag to 2024-06-18 08:18:00+00:00, run_after=2024-06-18 08:20:00+00:00
[2024-06-18T14:05:35.609+0545] {processor.py:183} INFO - Processing /home/prabal/afenv/lib/python3.10/site-packages/airflow/example_dags/example_sla_dag.py took 0.102 seconds
[2024-06-18T14:06:33.999+0545] {processor.py:161} INFO - Started process (PID=21103) to work on /home/prabal/afenv/lib/python3.10/site-packages/airflow/example_dags/example_sla_dag.py
[2024-06-18T14:06:34.013+0545] {processor.py:830} INFO - Processing file /home/prabal/afenv/lib/python3.10/site-packages/airflow/example_dags/example_sla_dag.py for tasks to queue
[2024-06-18T14:06:34.016+0545] {logging_mixin.py:188} INFO - [2024-06-18T14:06:34.015+0545] {dagbag.py:545} INFO - Filling up the DagBag from /home/prabal/afenv/lib/python3.10/site-packages/airflow/example_dags/example_sla_dag.py
[2024-06-18T14:06:34.034+0545] {processor.py:840} INFO - DAG(s) 'example_sla_dag' retrieved from /home/prabal/afenv/lib/python3.10/site-packages/airflow/example_dags/example_sla_dag.py
[2024-06-18T14:06:34.048+0545] {logging_mixin.py:188} INFO - [2024-06-18T14:06:34.048+0545] {dag.py:3096} INFO - Sync 1 DAGs
[2024-06-18T14:06:34.087+0545] {logging_mixin.py:188} INFO - [2024-06-18T14:06:34.087+0545] {dag.py:3954} INFO - Setting next_dagrun for example_sla_dag to 2024-06-18 08:18:00+00:00, run_after=2024-06-18 08:20:00+00:00
[2024-06-18T14:06:34.105+0545] {processor.py:183} INFO - Processing /home/prabal/afenv/lib/python3.10/site-packages/airflow/example_dags/example_sla_dag.py took 0.120 seconds
[2024-06-18T14:07:33.135+0545] {processor.py:161} INFO - Started process (PID=21387) to work on /home/prabal/afenv/lib/python3.10/site-packages/airflow/example_dags/example_sla_dag.py
[2024-06-18T14:07:33.137+0545] {processor.py:830} INFO - Processing file /home/prabal/afenv/lib/python3.10/site-packages/airflow/example_dags/example_sla_dag.py for tasks to queue
[2024-06-18T14:07:33.139+0545] {logging_mixin.py:188} INFO - [2024-06-18T14:07:33.138+0545] {dagbag.py:545} INFO - Filling up the DagBag from /home/prabal/afenv/lib/python3.10/site-packages/airflow/example_dags/example_sla_dag.py
[2024-06-18T14:07:33.152+0545] {processor.py:840} INFO - DAG(s) 'example_sla_dag' retrieved from /home/prabal/afenv/lib/python3.10/site-packages/airflow/example_dags/example_sla_dag.py
[2024-06-18T14:07:33.167+0545] {logging_mixin.py:188} INFO - [2024-06-18T14:07:33.167+0545] {dag.py:3096} INFO - Sync 1 DAGs
[2024-06-18T14:07:33.188+0545] {logging_mixin.py:188} INFO - [2024-06-18T14:07:33.188+0545] {dag.py:3954} INFO - Setting next_dagrun for example_sla_dag to 2024-06-18 08:20:00+00:00, run_after=2024-06-18 08:22:00+00:00
[2024-06-18T14:07:33.207+0545] {processor.py:183} INFO - Processing /home/prabal/afenv/lib/python3.10/site-packages/airflow/example_dags/example_sla_dag.py took 0.086 seconds
[2024-06-18T14:08:29.521+0545] {processor.py:161} INFO - Started process (PID=21667) to work on /home/prabal/afenv/lib/python3.10/site-packages/airflow/example_dags/example_sla_dag.py
[2024-06-18T14:08:29.534+0545] {processor.py:830} INFO - Processing file /home/prabal/afenv/lib/python3.10/site-packages/airflow/example_dags/example_sla_dag.py for tasks to queue
[2024-06-18T14:08:29.538+0545] {logging_mixin.py:188} INFO - [2024-06-18T14:08:29.537+0545] {dagbag.py:545} INFO - Filling up the DagBag from /home/prabal/afenv/lib/python3.10/site-packages/airflow/example_dags/example_sla_dag.py
[2024-06-18T14:08:29.559+0545] {processor.py:840} INFO - DAG(s) 'example_sla_dag' retrieved from /home/prabal/afenv/lib/python3.10/site-packages/airflow/example_dags/example_sla_dag.py
[2024-06-18T14:08:29.579+0545] {logging_mixin.py:188} INFO - [2024-06-18T14:08:29.579+0545] {dag.py:3096} INFO - Sync 1 DAGs
[2024-06-18T14:08:29.599+0545] {logging_mixin.py:188} INFO - [2024-06-18T14:08:29.599+0545] {dag.py:3954} INFO - Setting next_dagrun for example_sla_dag to 2024-06-18 08:20:00+00:00, run_after=2024-06-18 08:22:00+00:00
[2024-06-18T14:08:29.619+0545] {processor.py:183} INFO - Processing /home/prabal/afenv/lib/python3.10/site-packages/airflow/example_dags/example_sla_dag.py took 0.112 seconds
[2024-06-18T14:09:24.281+0545] {processor.py:161} INFO - Started process (PID=21932) to work on /home/prabal/afenv/lib/python3.10/site-packages/airflow/example_dags/example_sla_dag.py
[2024-06-18T14:09:24.294+0545] {processor.py:830} INFO - Processing file /home/prabal/afenv/lib/python3.10/site-packages/airflow/example_dags/example_sla_dag.py for tasks to queue
[2024-06-18T14:09:24.297+0545] {logging_mixin.py:188} INFO - [2024-06-18T14:09:24.297+0545] {dagbag.py:545} INFO - Filling up the DagBag from /home/prabal/afenv/lib/python3.10/site-packages/airflow/example_dags/example_sla_dag.py
[2024-06-18T14:09:24.317+0545] {processor.py:840} INFO - DAG(s) 'example_sla_dag' retrieved from /home/prabal/afenv/lib/python3.10/site-packages/airflow/example_dags/example_sla_dag.py
[2024-06-18T14:09:24.346+0545] {logging_mixin.py:188} INFO - [2024-06-18T14:09:24.346+0545] {dag.py:3096} INFO - Sync 1 DAGs
[2024-06-18T14:09:24.393+0545] {logging_mixin.py:188} INFO - [2024-06-18T14:09:24.393+0545] {dag.py:3954} INFO - Setting next_dagrun for example_sla_dag to 2024-06-18 08:22:00+00:00, run_after=2024-06-18 08:24:00+00:00
[2024-06-18T14:09:24.446+0545] {processor.py:183} INFO - Processing /home/prabal/afenv/lib/python3.10/site-packages/airflow/example_dags/example_sla_dag.py took 0.180 seconds
[2024-06-18T14:10:20.638+0545] {processor.py:161} INFO - Started process (PID=22200) to work on /home/prabal/afenv/lib/python3.10/site-packages/airflow/example_dags/example_sla_dag.py
[2024-06-18T14:10:20.652+0545] {processor.py:830} INFO - Processing file /home/prabal/afenv/lib/python3.10/site-packages/airflow/example_dags/example_sla_dag.py for tasks to queue
[2024-06-18T14:10:20.656+0545] {logging_mixin.py:188} INFO - [2024-06-18T14:10:20.655+0545] {dagbag.py:545} INFO - Filling up the DagBag from /home/prabal/afenv/lib/python3.10/site-packages/airflow/example_dags/example_sla_dag.py
[2024-06-18T14:10:20.675+0545] {processor.py:840} INFO - DAG(s) 'example_sla_dag' retrieved from /home/prabal/afenv/lib/python3.10/site-packages/airflow/example_dags/example_sla_dag.py
[2024-06-18T14:10:20.693+0545] {logging_mixin.py:188} INFO - [2024-06-18T14:10:20.693+0545] {dag.py:3096} INFO - Sync 1 DAGs
[2024-06-18T14:10:20.714+0545] {logging_mixin.py:188} INFO - [2024-06-18T14:10:20.713+0545] {dag.py:3954} INFO - Setting next_dagrun for example_sla_dag to 2024-06-18 08:22:00+00:00, run_after=2024-06-18 08:24:00+00:00
[2024-06-18T14:10:20.731+0545] {processor.py:183} INFO - Processing /home/prabal/afenv/lib/python3.10/site-packages/airflow/example_dags/example_sla_dag.py took 0.107 seconds
[2024-06-18T14:11:13.233+0545] {processor.py:161} INFO - Started process (PID=22453) to work on /home/prabal/afenv/lib/python3.10/site-packages/airflow/example_dags/example_sla_dag.py
[2024-06-18T14:11:13.246+0545] {processor.py:830} INFO - Processing file /home/prabal/afenv/lib/python3.10/site-packages/airflow/example_dags/example_sla_dag.py for tasks to queue
[2024-06-18T14:11:13.249+0545] {logging_mixin.py:188} INFO - [2024-06-18T14:11:13.248+0545] {dagbag.py:545} INFO - Filling up the DagBag from /home/prabal/afenv/lib/python3.10/site-packages/airflow/example_dags/example_sla_dag.py
[2024-06-18T14:11:13.267+0545] {processor.py:840} INFO - DAG(s) 'example_sla_dag' retrieved from /home/prabal/afenv/lib/python3.10/site-packages/airflow/example_dags/example_sla_dag.py
[2024-06-18T14:11:13.296+0545] {logging_mixin.py:188} INFO - [2024-06-18T14:11:13.295+0545] {dag.py:3096} INFO - Sync 1 DAGs
[2024-06-18T14:11:13.316+0545] {logging_mixin.py:188} INFO - [2024-06-18T14:11:13.316+0545] {dag.py:3954} INFO - Setting next_dagrun for example_sla_dag to 2024-06-18 08:24:00+00:00, run_after=2024-06-18 08:26:00+00:00
[2024-06-18T14:11:13.334+0545] {processor.py:183} INFO - Processing /home/prabal/afenv/lib/python3.10/site-packages/airflow/example_dags/example_sla_dag.py took 0.117 seconds
[2024-06-18T14:12:04.915+0545] {processor.py:161} INFO - Started process (PID=22705) to work on /home/prabal/afenv/lib/python3.10/site-packages/airflow/example_dags/example_sla_dag.py
[2024-06-18T14:12:04.929+0545] {processor.py:830} INFO - Processing file /home/prabal/afenv/lib/python3.10/site-packages/airflow/example_dags/example_sla_dag.py for tasks to queue
[2024-06-18T14:12:04.932+0545] {logging_mixin.py:188} INFO - [2024-06-18T14:12:04.931+0545] {dagbag.py:545} INFO - Filling up the DagBag from /home/prabal/afenv/lib/python3.10/site-packages/airflow/example_dags/example_sla_dag.py
[2024-06-18T14:12:04.953+0545] {processor.py:840} INFO - DAG(s) 'example_sla_dag' retrieved from /home/prabal/afenv/lib/python3.10/site-packages/airflow/example_dags/example_sla_dag.py
[2024-06-18T14:12:04.971+0545] {logging_mixin.py:188} INFO - [2024-06-18T14:12:04.971+0545] {dag.py:3096} INFO - Sync 1 DAGs
[2024-06-18T14:12:04.991+0545] {logging_mixin.py:188} INFO - [2024-06-18T14:12:04.991+0545] {dag.py:3954} INFO - Setting next_dagrun for example_sla_dag to 2024-06-18 08:24:00+00:00, run_after=2024-06-18 08:26:00+00:00
[2024-06-18T14:12:05.011+0545] {processor.py:183} INFO - Processing /home/prabal/afenv/lib/python3.10/site-packages/airflow/example_dags/example_sla_dag.py took 0.111 seconds
[2024-06-18T14:12:55.655+0545] {processor.py:161} INFO - Started process (PID=22950) to work on /home/prabal/afenv/lib/python3.10/site-packages/airflow/example_dags/example_sla_dag.py
[2024-06-18T14:12:55.668+0545] {processor.py:830} INFO - Processing file /home/prabal/afenv/lib/python3.10/site-packages/airflow/example_dags/example_sla_dag.py for tasks to queue
[2024-06-18T14:12:55.672+0545] {logging_mixin.py:188} INFO - [2024-06-18T14:12:55.671+0545] {dagbag.py:545} INFO - Filling up the DagBag from /home/prabal/afenv/lib/python3.10/site-packages/airflow/example_dags/example_sla_dag.py
[2024-06-18T14:12:55.680+0545] {processor.py:840} INFO - DAG(s) 'example_sla_dag' retrieved from /home/prabal/afenv/lib/python3.10/site-packages/airflow/example_dags/example_sla_dag.py
[2024-06-18T14:12:55.707+0545] {logging_mixin.py:188} INFO - [2024-06-18T14:12:55.707+0545] {dag.py:3096} INFO - Sync 1 DAGs
[2024-06-18T14:12:55.740+0545] {logging_mixin.py:188} INFO - [2024-06-18T14:12:55.740+0545] {dag.py:3954} INFO - Setting next_dagrun for example_sla_dag to 2024-06-18 08:24:00+00:00, run_after=2024-06-18 08:26:00+00:00
[2024-06-18T14:12:55.761+0545] {processor.py:183} INFO - Processing /home/prabal/afenv/lib/python3.10/site-packages/airflow/example_dags/example_sla_dag.py took 0.121 seconds
[2024-06-18T14:13:48.085+0545] {processor.py:161} INFO - Started process (PID=23203) to work on /home/prabal/afenv/lib/python3.10/site-packages/airflow/example_dags/example_sla_dag.py
[2024-06-18T14:13:48.098+0545] {processor.py:830} INFO - Processing file /home/prabal/afenv/lib/python3.10/site-packages/airflow/example_dags/example_sla_dag.py for tasks to queue
[2024-06-18T14:13:48.102+0545] {logging_mixin.py:188} INFO - [2024-06-18T14:13:48.101+0545] {dagbag.py:545} INFO - Filling up the DagBag from /home/prabal/afenv/lib/python3.10/site-packages/airflow/example_dags/example_sla_dag.py
[2024-06-18T14:13:48.123+0545] {processor.py:840} INFO - DAG(s) 'example_sla_dag' retrieved from /home/prabal/afenv/lib/python3.10/site-packages/airflow/example_dags/example_sla_dag.py
[2024-06-18T14:13:48.150+0545] {logging_mixin.py:188} INFO - [2024-06-18T14:13:48.150+0545] {dag.py:3096} INFO - Sync 1 DAGs
[2024-06-18T14:13:48.185+0545] {logging_mixin.py:188} INFO - [2024-06-18T14:13:48.184+0545] {dag.py:3954} INFO - Setting next_dagrun for example_sla_dag to 2024-06-18 08:26:00+00:00, run_after=2024-06-18 08:28:00+00:00
[2024-06-18T14:13:48.222+0545] {processor.py:183} INFO - Processing /home/prabal/afenv/lib/python3.10/site-packages/airflow/example_dags/example_sla_dag.py took 0.150 seconds
[2024-06-18T14:14:41.073+0545] {processor.py:161} INFO - Started process (PID=23458) to work on /home/prabal/afenv/lib/python3.10/site-packages/airflow/example_dags/example_sla_dag.py
[2024-06-18T14:14:41.086+0545] {processor.py:830} INFO - Processing file /home/prabal/afenv/lib/python3.10/site-packages/airflow/example_dags/example_sla_dag.py for tasks to queue
[2024-06-18T14:14:41.090+0545] {logging_mixin.py:188} INFO - [2024-06-18T14:14:41.089+0545] {dagbag.py:545} INFO - Filling up the DagBag from /home/prabal/afenv/lib/python3.10/site-packages/airflow/example_dags/example_sla_dag.py
[2024-06-18T14:14:41.108+0545] {processor.py:840} INFO - DAG(s) 'example_sla_dag' retrieved from /home/prabal/afenv/lib/python3.10/site-packages/airflow/example_dags/example_sla_dag.py
[2024-06-18T14:14:41.137+0545] {logging_mixin.py:188} INFO - [2024-06-18T14:14:41.136+0545] {dag.py:3096} INFO - Sync 1 DAGs
[2024-06-18T14:14:41.183+0545] {logging_mixin.py:188} INFO - [2024-06-18T14:14:41.182+0545] {dag.py:3954} INFO - Setting next_dagrun for example_sla_dag to 2024-06-18 08:26:00+00:00, run_after=2024-06-18 08:28:00+00:00
[2024-06-18T14:14:41.227+0545] {processor.py:183} INFO - Processing /home/prabal/afenv/lib/python3.10/site-packages/airflow/example_dags/example_sla_dag.py took 0.168 seconds
[2024-06-18T14:15:44.223+0545] {processor.py:161} INFO - Started process (PID=23785) to work on /home/prabal/afenv/lib/python3.10/site-packages/airflow/example_dags/example_sla_dag.py
[2024-06-18T14:15:44.224+0545] {processor.py:830} INFO - Processing file /home/prabal/afenv/lib/python3.10/site-packages/airflow/example_dags/example_sla_dag.py for tasks to queue
[2024-06-18T14:15:44.226+0545] {logging_mixin.py:188} INFO - [2024-06-18T14:15:44.226+0545] {dagbag.py:545} INFO - Filling up the DagBag from /home/prabal/afenv/lib/python3.10/site-packages/airflow/example_dags/example_sla_dag.py
[2024-06-18T14:15:44.234+0545] {processor.py:840} INFO - DAG(s) 'example_sla_dag' retrieved from /home/prabal/afenv/lib/python3.10/site-packages/airflow/example_dags/example_sla_dag.py
[2024-06-18T14:15:44.248+0545] {logging_mixin.py:188} INFO - [2024-06-18T14:15:44.248+0545] {dag.py:3096} INFO - Sync 1 DAGs
[2024-06-18T14:15:44.271+0545] {logging_mixin.py:188} INFO - [2024-06-18T14:15:44.270+0545] {dag.py:3954} INFO - Setting next_dagrun for example_sla_dag to 2024-06-18 08:28:00+00:00, run_after=2024-06-18 08:30:00+00:00
[2024-06-18T14:15:44.288+0545] {processor.py:183} INFO - Processing /home/prabal/afenv/lib/python3.10/site-packages/airflow/example_dags/example_sla_dag.py took 0.073 seconds
[2024-06-18T14:16:42.089+0545] {processor.py:161} INFO - Started process (PID=24063) to work on /home/prabal/afenv/lib/python3.10/site-packages/airflow/example_dags/example_sla_dag.py
[2024-06-18T14:16:42.102+0545] {processor.py:830} INFO - Processing file /home/prabal/afenv/lib/python3.10/site-packages/airflow/example_dags/example_sla_dag.py for tasks to queue
[2024-06-18T14:16:42.106+0545] {logging_mixin.py:188} INFO - [2024-06-18T14:16:42.106+0545] {dagbag.py:545} INFO - Filling up the DagBag from /home/prabal/afenv/lib/python3.10/site-packages/airflow/example_dags/example_sla_dag.py
[2024-06-18T14:16:42.125+0545] {processor.py:840} INFO - DAG(s) 'example_sla_dag' retrieved from /home/prabal/afenv/lib/python3.10/site-packages/airflow/example_dags/example_sla_dag.py
[2024-06-18T14:16:42.146+0545] {logging_mixin.py:188} INFO - [2024-06-18T14:16:42.145+0545] {dag.py:3096} INFO - Sync 1 DAGs
[2024-06-18T14:16:42.166+0545] {logging_mixin.py:188} INFO - [2024-06-18T14:16:42.166+0545] {dag.py:3954} INFO - Setting next_dagrun for example_sla_dag to 2024-06-18 08:28:00+00:00, run_after=2024-06-18 08:30:00+00:00
[2024-06-18T14:16:42.184+0545] {processor.py:183} INFO - Processing /home/prabal/afenv/lib/python3.10/site-packages/airflow/example_dags/example_sla_dag.py took 0.109 seconds
[2024-06-18T14:17:36.456+0545] {processor.py:161} INFO - Started process (PID=24326) to work on /home/prabal/afenv/lib/python3.10/site-packages/airflow/example_dags/example_sla_dag.py
[2024-06-18T14:17:36.470+0545] {processor.py:830} INFO - Processing file /home/prabal/afenv/lib/python3.10/site-packages/airflow/example_dags/example_sla_dag.py for tasks to queue
[2024-06-18T14:17:36.473+0545] {logging_mixin.py:188} INFO - [2024-06-18T14:17:36.472+0545] {dagbag.py:545} INFO - Filling up the DagBag from /home/prabal/afenv/lib/python3.10/site-packages/airflow/example_dags/example_sla_dag.py
[2024-06-18T14:17:36.491+0545] {processor.py:840} INFO - DAG(s) 'example_sla_dag' retrieved from /home/prabal/afenv/lib/python3.10/site-packages/airflow/example_dags/example_sla_dag.py
[2024-06-18T14:17:36.513+0545] {logging_mixin.py:188} INFO - [2024-06-18T14:17:36.513+0545] {dag.py:3096} INFO - Sync 1 DAGs
[2024-06-18T14:17:36.536+0545] {logging_mixin.py:188} INFO - [2024-06-18T14:17:36.536+0545] {dag.py:3954} INFO - Setting next_dagrun for example_sla_dag to 2024-06-18 08:30:00+00:00, run_after=2024-06-18 08:32:00+00:00
[2024-06-18T14:17:36.574+0545] {processor.py:183} INFO - Processing /home/prabal/afenv/lib/python3.10/site-packages/airflow/example_dags/example_sla_dag.py took 0.130 seconds
[2024-06-18T14:18:31.109+0545] {processor.py:161} INFO - Started process (PID=24590) to work on /home/prabal/afenv/lib/python3.10/site-packages/airflow/example_dags/example_sla_dag.py
[2024-06-18T14:18:31.122+0545] {processor.py:830} INFO - Processing file /home/prabal/afenv/lib/python3.10/site-packages/airflow/example_dags/example_sla_dag.py for tasks to queue
[2024-06-18T14:18:31.126+0545] {logging_mixin.py:188} INFO - [2024-06-18T14:18:31.125+0545] {dagbag.py:545} INFO - Filling up the DagBag from /home/prabal/afenv/lib/python3.10/site-packages/airflow/example_dags/example_sla_dag.py
[2024-06-18T14:18:31.145+0545] {processor.py:840} INFO - DAG(s) 'example_sla_dag' retrieved from /home/prabal/afenv/lib/python3.10/site-packages/airflow/example_dags/example_sla_dag.py
[2024-06-18T14:18:31.177+0545] {logging_mixin.py:188} INFO - [2024-06-18T14:18:31.177+0545] {dag.py:3096} INFO - Sync 1 DAGs
[2024-06-18T14:18:31.212+0545] {logging_mixin.py:188} INFO - [2024-06-18T14:18:31.212+0545] {dag.py:3954} INFO - Setting next_dagrun for example_sla_dag to 2024-06-18 08:30:00+00:00, run_after=2024-06-18 08:32:00+00:00
[2024-06-18T14:18:31.233+0545] {processor.py:183} INFO - Processing /home/prabal/afenv/lib/python3.10/site-packages/airflow/example_dags/example_sla_dag.py took 0.138 seconds
[2024-06-18T14:19:26.613+0545] {processor.py:161} INFO - Started process (PID=24854) to work on /home/prabal/afenv/lib/python3.10/site-packages/airflow/example_dags/example_sla_dag.py
[2024-06-18T14:19:26.627+0545] {processor.py:830} INFO - Processing file /home/prabal/afenv/lib/python3.10/site-packages/airflow/example_dags/example_sla_dag.py for tasks to queue
[2024-06-18T14:19:26.631+0545] {logging_mixin.py:188} INFO - [2024-06-18T14:19:26.630+0545] {dagbag.py:545} INFO - Filling up the DagBag from /home/prabal/afenv/lib/python3.10/site-packages/airflow/example_dags/example_sla_dag.py
[2024-06-18T14:19:26.651+0545] {processor.py:840} INFO - DAG(s) 'example_sla_dag' retrieved from /home/prabal/afenv/lib/python3.10/site-packages/airflow/example_dags/example_sla_dag.py
[2024-06-18T14:19:26.681+0545] {logging_mixin.py:188} INFO - [2024-06-18T14:19:26.681+0545] {dag.py:3096} INFO - Sync 1 DAGs
[2024-06-18T14:19:26.703+0545] {logging_mixin.py:188} INFO - [2024-06-18T14:19:26.702+0545] {dag.py:3954} INFO - Setting next_dagrun for example_sla_dag to 2024-06-18 08:32:00+00:00, run_after=2024-06-18 08:34:00+00:00
[2024-06-18T14:19:26.724+0545] {processor.py:183} INFO - Processing /home/prabal/afenv/lib/python3.10/site-packages/airflow/example_dags/example_sla_dag.py took 0.127 seconds
[2024-06-18T14:20:19.948+0545] {processor.py:161} INFO - Started process (PID=25110) to work on /home/prabal/afenv/lib/python3.10/site-packages/airflow/example_dags/example_sla_dag.py
[2024-06-18T14:20:19.961+0545] {processor.py:830} INFO - Processing file /home/prabal/afenv/lib/python3.10/site-packages/airflow/example_dags/example_sla_dag.py for tasks to queue
[2024-06-18T14:20:19.965+0545] {logging_mixin.py:188} INFO - [2024-06-18T14:20:19.963+0545] {dagbag.py:545} INFO - Filling up the DagBag from /home/prabal/afenv/lib/python3.10/site-packages/airflow/example_dags/example_sla_dag.py
[2024-06-18T14:20:19.983+0545] {processor.py:840} INFO - DAG(s) 'example_sla_dag' retrieved from /home/prabal/afenv/lib/python3.10/site-packages/airflow/example_dags/example_sla_dag.py
[2024-06-18T14:20:20.014+0545] {logging_mixin.py:188} INFO - [2024-06-18T14:20:20.013+0545] {dag.py:3096} INFO - Sync 1 DAGs
[2024-06-18T14:20:20.052+0545] {logging_mixin.py:188} INFO - [2024-06-18T14:20:20.051+0545] {dag.py:3954} INFO - Setting next_dagrun for example_sla_dag to 2024-06-18 08:32:00+00:00, run_after=2024-06-18 08:34:00+00:00
[2024-06-18T14:20:20.088+0545] {processor.py:183} INFO - Processing /home/prabal/afenv/lib/python3.10/site-packages/airflow/example_dags/example_sla_dag.py took 0.152 seconds
[2024-06-18T14:21:12.281+0545] {processor.py:161} INFO - Started process (PID=25363) to work on /home/prabal/afenv/lib/python3.10/site-packages/airflow/example_dags/example_sla_dag.py
[2024-06-18T14:21:12.294+0545] {processor.py:830} INFO - Processing file /home/prabal/afenv/lib/python3.10/site-packages/airflow/example_dags/example_sla_dag.py for tasks to queue
[2024-06-18T14:21:12.297+0545] {logging_mixin.py:188} INFO - [2024-06-18T14:21:12.296+0545] {dagbag.py:545} INFO - Filling up the DagBag from /home/prabal/afenv/lib/python3.10/site-packages/airflow/example_dags/example_sla_dag.py
[2024-06-18T14:21:12.316+0545] {processor.py:840} INFO - DAG(s) 'example_sla_dag' retrieved from /home/prabal/afenv/lib/python3.10/site-packages/airflow/example_dags/example_sla_dag.py
[2024-06-18T14:21:12.340+0545] {logging_mixin.py:188} INFO - [2024-06-18T14:21:12.340+0545] {dag.py:3096} INFO - Sync 1 DAGs
[2024-06-18T14:21:12.369+0545] {logging_mixin.py:188} INFO - [2024-06-18T14:21:12.368+0545] {dag.py:3954} INFO - Setting next_dagrun for example_sla_dag to 2024-06-18 08:34:00+00:00, run_after=2024-06-18 08:36:00+00:00
[2024-06-18T14:21:12.406+0545] {processor.py:183} INFO - Processing /home/prabal/afenv/lib/python3.10/site-packages/airflow/example_dags/example_sla_dag.py took 0.141 seconds
[2024-06-18T14:22:06.961+0545] {processor.py:161} INFO - Started process (PID=25624) to work on /home/prabal/afenv/lib/python3.10/site-packages/airflow/example_dags/example_sla_dag.py
[2024-06-18T14:22:06.974+0545] {processor.py:830} INFO - Processing file /home/prabal/afenv/lib/python3.10/site-packages/airflow/example_dags/example_sla_dag.py for tasks to queue
[2024-06-18T14:22:06.977+0545] {logging_mixin.py:188} INFO - [2024-06-18T14:22:06.977+0545] {dagbag.py:545} INFO - Filling up the DagBag from /home/prabal/afenv/lib/python3.10/site-packages/airflow/example_dags/example_sla_dag.py
[2024-06-18T14:22:06.997+0545] {processor.py:840} INFO - DAG(s) 'example_sla_dag' retrieved from /home/prabal/afenv/lib/python3.10/site-packages/airflow/example_dags/example_sla_dag.py
[2024-06-18T14:22:07.031+0545] {logging_mixin.py:188} INFO - [2024-06-18T14:22:07.031+0545] {dag.py:3096} INFO - Sync 1 DAGs
[2024-06-18T14:22:07.073+0545] {logging_mixin.py:188} INFO - [2024-06-18T14:22:07.073+0545] {dag.py:3954} INFO - Setting next_dagrun for example_sla_dag to 2024-06-18 08:34:00+00:00, run_after=2024-06-18 08:36:00+00:00
[2024-06-18T14:22:07.111+0545] {processor.py:183} INFO - Processing /home/prabal/afenv/lib/python3.10/site-packages/airflow/example_dags/example_sla_dag.py took 0.165 seconds
[2024-06-18T14:23:02.752+0545] {processor.py:161} INFO - Started process (PID=25894) to work on /home/prabal/afenv/lib/python3.10/site-packages/airflow/example_dags/example_sla_dag.py
[2024-06-18T14:23:02.764+0545] {processor.py:830} INFO - Processing file /home/prabal/afenv/lib/python3.10/site-packages/airflow/example_dags/example_sla_dag.py for tasks to queue
[2024-06-18T14:23:02.766+0545] {logging_mixin.py:188} INFO - [2024-06-18T14:23:02.765+0545] {dagbag.py:545} INFO - Filling up the DagBag from /home/prabal/afenv/lib/python3.10/site-packages/airflow/example_dags/example_sla_dag.py
[2024-06-18T14:23:02.777+0545] {processor.py:840} INFO - DAG(s) 'example_sla_dag' retrieved from /home/prabal/afenv/lib/python3.10/site-packages/airflow/example_dags/example_sla_dag.py
[2024-06-18T14:23:02.799+0545] {logging_mixin.py:188} INFO - [2024-06-18T14:23:02.798+0545] {dag.py:3096} INFO - Sync 1 DAGs
[2024-06-18T14:23:02.824+0545] {logging_mixin.py:188} INFO - [2024-06-18T14:23:02.824+0545] {dag.py:3954} INFO - Setting next_dagrun for example_sla_dag to 2024-06-18 08:36:00+00:00, run_after=2024-06-18 08:38:00+00:00
[2024-06-18T14:23:02.840+0545] {processor.py:183} INFO - Processing /home/prabal/afenv/lib/python3.10/site-packages/airflow/example_dags/example_sla_dag.py took 0.095 seconds
[2024-06-18T14:23:55.162+0545] {processor.py:161} INFO - Started process (PID=26149) to work on /home/prabal/afenv/lib/python3.10/site-packages/airflow/example_dags/example_sla_dag.py
[2024-06-18T14:23:55.175+0545] {processor.py:830} INFO - Processing file /home/prabal/afenv/lib/python3.10/site-packages/airflow/example_dags/example_sla_dag.py for tasks to queue
[2024-06-18T14:23:55.178+0545] {logging_mixin.py:188} INFO - [2024-06-18T14:23:55.177+0545] {dagbag.py:545} INFO - Filling up the DagBag from /home/prabal/afenv/lib/python3.10/site-packages/airflow/example_dags/example_sla_dag.py
[2024-06-18T14:23:55.198+0545] {processor.py:840} INFO - DAG(s) 'example_sla_dag' retrieved from /home/prabal/afenv/lib/python3.10/site-packages/airflow/example_dags/example_sla_dag.py
[2024-06-18T14:23:55.231+0545] {logging_mixin.py:188} INFO - [2024-06-18T14:23:55.230+0545] {dag.py:3096} INFO - Sync 1 DAGs
[2024-06-18T14:23:55.271+0545] {logging_mixin.py:188} INFO - [2024-06-18T14:23:55.271+0545] {dag.py:3954} INFO - Setting next_dagrun for example_sla_dag to 2024-06-18 08:36:00+00:00, run_after=2024-06-18 08:38:00+00:00
[2024-06-18T14:23:55.314+0545] {processor.py:183} INFO - Processing /home/prabal/afenv/lib/python3.10/site-packages/airflow/example_dags/example_sla_dag.py took 0.170 seconds
[2024-06-18T17:16:49.382+0545] {processor.py:161} INFO - Started process (PID=4429) to work on /home/prabal/afenv/lib/python3.10/site-packages/airflow/example_dags/example_sla_dag.py
[2024-06-18T17:16:49.385+0545] {processor.py:830} INFO - Processing file /home/prabal/afenv/lib/python3.10/site-packages/airflow/example_dags/example_sla_dag.py for tasks to queue
[2024-06-18T17:16:49.388+0545] {logging_mixin.py:188} INFO - [2024-06-18T17:16:49.386+0545] {dagbag.py:545} INFO - Filling up the DagBag from /home/prabal/afenv/lib/python3.10/site-packages/airflow/example_dags/example_sla_dag.py
[2024-06-18T17:16:49.415+0545] {processor.py:840} INFO - DAG(s) 'example_sla_dag' retrieved from /home/prabal/afenv/lib/python3.10/site-packages/airflow/example_dags/example_sla_dag.py
[2024-06-18T17:16:49.611+0545] {logging_mixin.py:188} INFO - [2024-06-18T17:16:49.611+0545] {dag.py:3096} INFO - Sync 1 DAGs
[2024-06-18T17:16:49.643+0545] {logging_mixin.py:188} INFO - [2024-06-18T17:16:49.643+0545] {dag.py:3954} INFO - Setting next_dagrun for example_sla_dag to 2024-06-18 11:28:00+00:00, run_after=2024-06-18 11:30:00+00:00
[2024-06-18T17:16:49.853+0545] {processor.py:183} INFO - Processing /home/prabal/afenv/lib/python3.10/site-packages/airflow/example_dags/example_sla_dag.py took 0.485 seconds
[2024-06-18T17:17:56.380+0545] {processor.py:161} INFO - Started process (PID=4749) to work on /home/prabal/afenv/lib/python3.10/site-packages/airflow/example_dags/example_sla_dag.py
[2024-06-18T17:17:56.382+0545] {processor.py:830} INFO - Processing file /home/prabal/afenv/lib/python3.10/site-packages/airflow/example_dags/example_sla_dag.py for tasks to queue
[2024-06-18T17:17:56.384+0545] {logging_mixin.py:188} INFO - [2024-06-18T17:17:56.383+0545] {dagbag.py:545} INFO - Filling up the DagBag from /home/prabal/afenv/lib/python3.10/site-packages/airflow/example_dags/example_sla_dag.py
[2024-06-18T17:17:56.402+0545] {processor.py:840} INFO - DAG(s) 'example_sla_dag' retrieved from /home/prabal/afenv/lib/python3.10/site-packages/airflow/example_dags/example_sla_dag.py
[2024-06-18T17:17:56.431+0545] {logging_mixin.py:188} INFO - [2024-06-18T17:17:56.431+0545] {dag.py:3096} INFO - Sync 1 DAGs
[2024-06-18T17:17:56.459+0545] {logging_mixin.py:188} INFO - [2024-06-18T17:17:56.458+0545] {dag.py:3954} INFO - Setting next_dagrun for example_sla_dag to 2024-06-18 11:30:00+00:00, run_after=2024-06-18 11:32:00+00:00
[2024-06-18T17:17:56.481+0545] {processor.py:183} INFO - Processing /home/prabal/afenv/lib/python3.10/site-packages/airflow/example_dags/example_sla_dag.py took 0.112 seconds
[2024-06-18T17:18:56.767+0545] {processor.py:161} INFO - Started process (PID=5460) to work on /home/prabal/afenv/lib/python3.10/site-packages/airflow/example_dags/example_sla_dag.py
[2024-06-18T17:18:56.770+0545] {processor.py:830} INFO - Processing file /home/prabal/afenv/lib/python3.10/site-packages/airflow/example_dags/example_sla_dag.py for tasks to queue
[2024-06-18T17:18:56.772+0545] {logging_mixin.py:188} INFO - [2024-06-18T17:18:56.771+0545] {dagbag.py:545} INFO - Filling up the DagBag from /home/prabal/afenv/lib/python3.10/site-packages/airflow/example_dags/example_sla_dag.py
[2024-06-18T17:18:56.897+0545] {processor.py:840} INFO - DAG(s) 'example_sla_dag' retrieved from /home/prabal/afenv/lib/python3.10/site-packages/airflow/example_dags/example_sla_dag.py
[2024-06-18T17:18:56.906+0545] {logging_mixin.py:188} INFO - [2024-06-18T17:18:56.906+0545] {dag.py:3096} INFO - Sync 1 DAGs
[2024-06-18T17:18:56.921+0545] {logging_mixin.py:188} INFO - [2024-06-18T17:18:56.921+0545] {dag.py:3954} INFO - Setting next_dagrun for example_sla_dag to 2024-06-18 11:30:00+00:00, run_after=2024-06-18 11:32:00+00:00
[2024-06-18T17:18:56.936+0545] {processor.py:183} INFO - Processing /home/prabal/afenv/lib/python3.10/site-packages/airflow/example_dags/example_sla_dag.py took 0.180 seconds
[2024-06-18T17:19:52.993+0545] {processor.py:161} INFO - Started process (PID=5882) to work on /home/prabal/afenv/lib/python3.10/site-packages/airflow/example_dags/example_sla_dag.py
[2024-06-18T17:19:53.006+0545] {processor.py:830} INFO - Processing file /home/prabal/afenv/lib/python3.10/site-packages/airflow/example_dags/example_sla_dag.py for tasks to queue
[2024-06-18T17:19:53.008+0545] {logging_mixin.py:188} INFO - [2024-06-18T17:19:53.007+0545] {dagbag.py:545} INFO - Filling up the DagBag from /home/prabal/afenv/lib/python3.10/site-packages/airflow/example_dags/example_sla_dag.py
[2024-06-18T17:19:53.025+0545] {processor.py:840} INFO - DAG(s) 'example_sla_dag' retrieved from /home/prabal/afenv/lib/python3.10/site-packages/airflow/example_dags/example_sla_dag.py
[2024-06-18T17:19:53.047+0545] {logging_mixin.py:188} INFO - [2024-06-18T17:19:53.047+0545] {dag.py:3096} INFO - Sync 1 DAGs
[2024-06-18T17:19:53.066+0545] {logging_mixin.py:188} INFO - [2024-06-18T17:19:53.066+0545] {dag.py:3954} INFO - Setting next_dagrun for example_sla_dag to 2024-06-18 11:32:00+00:00, run_after=2024-06-18 11:34:00+00:00
[2024-06-18T17:19:53.097+0545] {processor.py:183} INFO - Processing /home/prabal/afenv/lib/python3.10/site-packages/airflow/example_dags/example_sla_dag.py took 0.116 seconds
[2024-06-18T17:20:49.029+0545] {processor.py:161} INFO - Started process (PID=6558) to work on /home/prabal/afenv/lib/python3.10/site-packages/airflow/example_dags/example_sla_dag.py
[2024-06-18T17:20:49.042+0545] {processor.py:830} INFO - Processing file /home/prabal/afenv/lib/python3.10/site-packages/airflow/example_dags/example_sla_dag.py for tasks to queue
[2024-06-18T17:20:49.044+0545] {logging_mixin.py:188} INFO - [2024-06-18T17:20:49.043+0545] {dagbag.py:545} INFO - Filling up the DagBag from /home/prabal/afenv/lib/python3.10/site-packages/airflow/example_dags/example_sla_dag.py
[2024-06-18T17:20:49.061+0545] {processor.py:840} INFO - DAG(s) 'example_sla_dag' retrieved from /home/prabal/afenv/lib/python3.10/site-packages/airflow/example_dags/example_sla_dag.py
[2024-06-18T17:20:49.086+0545] {logging_mixin.py:188} INFO - [2024-06-18T17:20:49.086+0545] {dag.py:3096} INFO - Sync 1 DAGs
[2024-06-18T17:20:49.106+0545] {logging_mixin.py:188} INFO - [2024-06-18T17:20:49.106+0545] {dag.py:3954} INFO - Setting next_dagrun for example_sla_dag to 2024-06-18 11:32:00+00:00, run_after=2024-06-18 11:34:00+00:00
[2024-06-18T17:20:49.125+0545] {processor.py:183} INFO - Processing /home/prabal/afenv/lib/python3.10/site-packages/airflow/example_dags/example_sla_dag.py took 0.108 seconds
[2024-06-18T17:22:16.325+0545] {processor.py:161} INFO - Started process (PID=7084) to work on /home/prabal/afenv/lib/python3.10/site-packages/airflow/example_dags/example_sla_dag.py
[2024-06-18T17:22:16.338+0545] {processor.py:830} INFO - Processing file /home/prabal/afenv/lib/python3.10/site-packages/airflow/example_dags/example_sla_dag.py for tasks to queue
[2024-06-18T17:22:16.341+0545] {logging_mixin.py:188} INFO - [2024-06-18T17:22:16.340+0545] {dagbag.py:545} INFO - Filling up the DagBag from /home/prabal/afenv/lib/python3.10/site-packages/airflow/example_dags/example_sla_dag.py
[2024-06-18T17:22:16.357+0545] {processor.py:840} INFO - DAG(s) 'example_sla_dag' retrieved from /home/prabal/afenv/lib/python3.10/site-packages/airflow/example_dags/example_sla_dag.py
[2024-06-18T17:22:16.440+0545] {logging_mixin.py:188} INFO - [2024-06-18T17:22:16.440+0545] {dag.py:3096} INFO - Sync 1 DAGs
[2024-06-18T17:22:16.456+0545] {logging_mixin.py:188} INFO - [2024-06-18T17:22:16.456+0545] {dag.py:3954} INFO - Setting next_dagrun for example_sla_dag to 2024-06-18 11:34:00+00:00, run_after=2024-06-18 11:36:00+00:00
[2024-06-18T17:22:16.573+0545] {processor.py:183} INFO - Processing /home/prabal/afenv/lib/python3.10/site-packages/airflow/example_dags/example_sla_dag.py took 0.261 seconds
[2024-06-18T17:23:28.584+0545] {processor.py:161} INFO - Started process (PID=7453) to work on /home/prabal/afenv/lib/python3.10/site-packages/airflow/example_dags/example_sla_dag.py
[2024-06-18T17:23:28.598+0545] {processor.py:830} INFO - Processing file /home/prabal/afenv/lib/python3.10/site-packages/airflow/example_dags/example_sla_dag.py for tasks to queue
[2024-06-18T17:23:28.601+0545] {logging_mixin.py:188} INFO - [2024-06-18T17:23:28.600+0545] {dagbag.py:545} INFO - Filling up the DagBag from /home/prabal/afenv/lib/python3.10/site-packages/airflow/example_dags/example_sla_dag.py
[2024-06-18T17:23:28.617+0545] {processor.py:840} INFO - DAG(s) 'example_sla_dag' retrieved from /home/prabal/afenv/lib/python3.10/site-packages/airflow/example_dags/example_sla_dag.py
[2024-06-18T17:23:28.642+0545] {logging_mixin.py:188} INFO - [2024-06-18T17:23:28.642+0545] {dag.py:3096} INFO - Sync 1 DAGs
[2024-06-18T17:23:28.663+0545] {logging_mixin.py:188} INFO - [2024-06-18T17:23:28.663+0545] {dag.py:3954} INFO - Setting next_dagrun for example_sla_dag to 2024-06-18 11:36:00+00:00, run_after=2024-06-18 11:38:00+00:00
[2024-06-18T17:23:28.684+0545] {processor.py:183} INFO - Processing /home/prabal/afenv/lib/python3.10/site-packages/airflow/example_dags/example_sla_dag.py took 0.112 seconds
