[2024-06-18T13:42:46.038+0545] {processor.py:161} INFO - Started process (PID=14266) to work on /home/prabal/afenv/lib/python3.10/site-packages/airflow/example_dags/example_branch_operator.py
[2024-06-18T13:42:46.040+0545] {processor.py:830} INFO - Processing file /home/prabal/afenv/lib/python3.10/site-packages/airflow/example_dags/example_branch_operator.py for tasks to queue
[2024-06-18T13:42:46.043+0545] {logging_mixin.py:188} INFO - [2024-06-18T13:42:46.042+0545] {dagbag.py:545} INFO - Filling up the DagBag from /home/prabal/afenv/lib/python3.10/site-packages/airflow/example_dags/example_branch_operator.py
[2024-06-18T13:42:46.062+0545] {processor.py:840} INFO - DAG(s) 'example_branch_operator' retrieved from /home/prabal/afenv/lib/python3.10/site-packages/airflow/example_dags/example_branch_operator.py
[2024-06-18T13:42:46.163+0545] {logging_mixin.py:188} INFO - [2024-06-18T13:42:46.162+0545] {override.py:1829} INFO - Created Permission View: can read on DAG:example_branch_operator
[2024-06-18T13:42:46.172+0545] {logging_mixin.py:188} INFO - [2024-06-18T13:42:46.172+0545] {override.py:1829} INFO - Created Permission View: can edit on DAG:example_branch_operator
[2024-06-18T13:42:46.178+0545] {logging_mixin.py:188} INFO - [2024-06-18T13:42:46.178+0545] {override.py:1829} INFO - Created Permission View: can delete on DAG:example_branch_operator
[2024-06-18T13:42:46.179+0545] {logging_mixin.py:188} INFO - [2024-06-18T13:42:46.179+0545] {dag.py:3096} INFO - Sync 1 DAGs
[2024-06-18T13:42:46.266+0545] {logging_mixin.py:188} INFO - [2024-06-18T13:42:46.266+0545] {dag.py:3118} INFO - Creating ORM DAG for example_branch_operator
[2024-06-18T13:42:46.276+0545] {logging_mixin.py:188} INFO - [2024-06-18T13:42:46.275+0545] {dag.py:3954} INFO - Setting next_dagrun for example_branch_operator to 2024-06-17 00:00:00+00:00, run_after=2024-06-18 00:00:00+00:00
[2024-06-18T13:42:46.294+0545] {processor.py:183} INFO - Processing /home/prabal/afenv/lib/python3.10/site-packages/airflow/example_dags/example_branch_operator.py took 0.269 seconds
[2024-06-18T13:43:44.628+0545] {processor.py:161} INFO - Started process (PID=14560) to work on /home/prabal/afenv/lib/python3.10/site-packages/airflow/example_dags/example_branch_operator.py
[2024-06-18T13:43:44.641+0545] {processor.py:830} INFO - Processing file /home/prabal/afenv/lib/python3.10/site-packages/airflow/example_dags/example_branch_operator.py for tasks to queue
[2024-06-18T13:43:44.645+0545] {logging_mixin.py:188} INFO - [2024-06-18T13:43:44.644+0545] {dagbag.py:545} INFO - Filling up the DagBag from /home/prabal/afenv/lib/python3.10/site-packages/airflow/example_dags/example_branch_operator.py
[2024-06-18T13:43:44.678+0545] {processor.py:840} INFO - DAG(s) 'example_branch_operator' retrieved from /home/prabal/afenv/lib/python3.10/site-packages/airflow/example_dags/example_branch_operator.py
[2024-06-18T13:43:44.722+0545] {logging_mixin.py:188} INFO - [2024-06-18T13:43:44.722+0545] {dag.py:3096} INFO - Sync 1 DAGs
[2024-06-18T13:43:44.739+0545] {logging_mixin.py:188} INFO - [2024-06-18T13:43:44.739+0545] {dag.py:3954} INFO - Setting next_dagrun for example_branch_operator to 2024-06-17 00:00:00+00:00, run_after=2024-06-18 00:00:00+00:00
[2024-06-18T13:43:44.868+0545] {processor.py:183} INFO - Processing /home/prabal/afenv/lib/python3.10/site-packages/airflow/example_dags/example_branch_operator.py took 0.254 seconds
[2024-06-18T13:44:47.946+0545] {processor.py:161} INFO - Started process (PID=14862) to work on /home/prabal/afenv/lib/python3.10/site-packages/airflow/example_dags/example_branch_operator.py
[2024-06-18T13:44:47.948+0545] {processor.py:830} INFO - Processing file /home/prabal/afenv/lib/python3.10/site-packages/airflow/example_dags/example_branch_operator.py for tasks to queue
[2024-06-18T13:44:47.951+0545] {logging_mixin.py:188} INFO - [2024-06-18T13:44:47.950+0545] {dagbag.py:545} INFO - Filling up the DagBag from /home/prabal/afenv/lib/python3.10/site-packages/airflow/example_dags/example_branch_operator.py
[2024-06-18T13:44:47.981+0545] {processor.py:840} INFO - DAG(s) 'example_branch_operator' retrieved from /home/prabal/afenv/lib/python3.10/site-packages/airflow/example_dags/example_branch_operator.py
[2024-06-18T13:44:48.013+0545] {logging_mixin.py:188} INFO - [2024-06-18T13:44:48.013+0545] {dag.py:3096} INFO - Sync 1 DAGs
[2024-06-18T13:44:48.039+0545] {logging_mixin.py:188} INFO - [2024-06-18T13:44:48.039+0545] {dag.py:3954} INFO - Setting next_dagrun for example_branch_operator to 2024-06-17 00:00:00+00:00, run_after=2024-06-18 00:00:00+00:00
[2024-06-18T13:44:48.067+0545] {processor.py:183} INFO - Processing /home/prabal/afenv/lib/python3.10/site-packages/airflow/example_dags/example_branch_operator.py took 0.136 seconds
[2024-06-18T13:45:44.959+0545] {processor.py:161} INFO - Started process (PID=15137) to work on /home/prabal/afenv/lib/python3.10/site-packages/airflow/example_dags/example_branch_operator.py
[2024-06-18T13:45:44.971+0545] {processor.py:830} INFO - Processing file /home/prabal/afenv/lib/python3.10/site-packages/airflow/example_dags/example_branch_operator.py for tasks to queue
[2024-06-18T13:45:44.974+0545] {logging_mixin.py:188} INFO - [2024-06-18T13:45:44.973+0545] {dagbag.py:545} INFO - Filling up the DagBag from /home/prabal/afenv/lib/python3.10/site-packages/airflow/example_dags/example_branch_operator.py
[2024-06-18T13:45:44.996+0545] {processor.py:840} INFO - DAG(s) 'example_branch_operator' retrieved from /home/prabal/afenv/lib/python3.10/site-packages/airflow/example_dags/example_branch_operator.py
[2024-06-18T13:45:45.021+0545] {logging_mixin.py:188} INFO - [2024-06-18T13:45:45.020+0545] {dag.py:3096} INFO - Sync 1 DAGs
[2024-06-18T13:45:45.044+0545] {logging_mixin.py:188} INFO - [2024-06-18T13:45:45.043+0545] {dag.py:3954} INFO - Setting next_dagrun for example_branch_operator to 2024-06-17 00:00:00+00:00, run_after=2024-06-18 00:00:00+00:00
[2024-06-18T13:45:45.064+0545] {processor.py:183} INFO - Processing /home/prabal/afenv/lib/python3.10/site-packages/airflow/example_dags/example_branch_operator.py took 0.114 seconds
[2024-06-18T13:46:39.343+0545] {processor.py:161} INFO - Started process (PID=15401) to work on /home/prabal/afenv/lib/python3.10/site-packages/airflow/example_dags/example_branch_operator.py
[2024-06-18T13:46:39.345+0545] {processor.py:830} INFO - Processing file /home/prabal/afenv/lib/python3.10/site-packages/airflow/example_dags/example_branch_operator.py for tasks to queue
[2024-06-18T13:46:39.346+0545] {logging_mixin.py:188} INFO - [2024-06-18T13:46:39.346+0545] {dagbag.py:545} INFO - Filling up the DagBag from /home/prabal/afenv/lib/python3.10/site-packages/airflow/example_dags/example_branch_operator.py
[2024-06-18T13:46:39.367+0545] {processor.py:840} INFO - DAG(s) 'example_branch_operator' retrieved from /home/prabal/afenv/lib/python3.10/site-packages/airflow/example_dags/example_branch_operator.py
[2024-06-18T13:46:39.391+0545] {logging_mixin.py:188} INFO - [2024-06-18T13:46:39.391+0545] {dag.py:3096} INFO - Sync 1 DAGs
[2024-06-18T13:46:39.407+0545] {logging_mixin.py:188} INFO - [2024-06-18T13:46:39.407+0545] {dag.py:3954} INFO - Setting next_dagrun for example_branch_operator to 2024-06-17 00:00:00+00:00, run_after=2024-06-18 00:00:00+00:00
[2024-06-18T13:46:39.427+0545] {processor.py:183} INFO - Processing /home/prabal/afenv/lib/python3.10/site-packages/airflow/example_dags/example_branch_operator.py took 0.089 seconds
[2024-06-18T13:47:31.224+0545] {processor.py:161} INFO - Started process (PID=15651) to work on /home/prabal/afenv/lib/python3.10/site-packages/airflow/example_dags/example_branch_operator.py
[2024-06-18T13:47:31.238+0545] {processor.py:830} INFO - Processing file /home/prabal/afenv/lib/python3.10/site-packages/airflow/example_dags/example_branch_operator.py for tasks to queue
[2024-06-18T13:47:31.241+0545] {logging_mixin.py:188} INFO - [2024-06-18T13:47:31.241+0545] {dagbag.py:545} INFO - Filling up the DagBag from /home/prabal/afenv/lib/python3.10/site-packages/airflow/example_dags/example_branch_operator.py
[2024-06-18T13:47:31.280+0545] {processor.py:840} INFO - DAG(s) 'example_branch_operator' retrieved from /home/prabal/afenv/lib/python3.10/site-packages/airflow/example_dags/example_branch_operator.py
[2024-06-18T13:47:31.305+0545] {logging_mixin.py:188} INFO - [2024-06-18T13:47:31.304+0545] {dag.py:3096} INFO - Sync 1 DAGs
[2024-06-18T13:47:31.322+0545] {logging_mixin.py:188} INFO - [2024-06-18T13:47:31.322+0545] {dag.py:3954} INFO - Setting next_dagrun for example_branch_operator to 2024-06-17 00:00:00+00:00, run_after=2024-06-18 00:00:00+00:00
[2024-06-18T13:47:31.339+0545] {processor.py:183} INFO - Processing /home/prabal/afenv/lib/python3.10/site-packages/airflow/example_dags/example_branch_operator.py took 0.128 seconds
[2024-06-18T13:48:23.263+0545] {processor.py:161} INFO - Started process (PID=15907) to work on /home/prabal/afenv/lib/python3.10/site-packages/airflow/example_dags/example_branch_operator.py
[2024-06-18T13:48:23.276+0545] {processor.py:830} INFO - Processing file /home/prabal/afenv/lib/python3.10/site-packages/airflow/example_dags/example_branch_operator.py for tasks to queue
[2024-06-18T13:48:23.279+0545] {logging_mixin.py:188} INFO - [2024-06-18T13:48:23.279+0545] {dagbag.py:545} INFO - Filling up the DagBag from /home/prabal/afenv/lib/python3.10/site-packages/airflow/example_dags/example_branch_operator.py
[2024-06-18T13:48:23.324+0545] {processor.py:840} INFO - DAG(s) 'example_branch_operator' retrieved from /home/prabal/afenv/lib/python3.10/site-packages/airflow/example_dags/example_branch_operator.py
[2024-06-18T13:48:23.348+0545] {logging_mixin.py:188} INFO - [2024-06-18T13:48:23.347+0545] {dag.py:3096} INFO - Sync 1 DAGs
[2024-06-18T13:48:23.365+0545] {logging_mixin.py:188} INFO - [2024-06-18T13:48:23.365+0545] {dag.py:3954} INFO - Setting next_dagrun for example_branch_operator to 2024-06-17 00:00:00+00:00, run_after=2024-06-18 00:00:00+00:00
[2024-06-18T13:48:23.386+0545] {processor.py:183} INFO - Processing /home/prabal/afenv/lib/python3.10/site-packages/airflow/example_dags/example_branch_operator.py took 0.137 seconds
[2024-06-18T13:50:07.150+0545] {processor.py:161} INFO - Started process (PID=16428) to work on /home/prabal/afenv/lib/python3.10/site-packages/airflow/example_dags/example_branch_operator.py
[2024-06-18T13:50:07.163+0545] {processor.py:830} INFO - Processing file /home/prabal/afenv/lib/python3.10/site-packages/airflow/example_dags/example_branch_operator.py for tasks to queue
[2024-06-18T13:50:07.167+0545] {logging_mixin.py:188} INFO - [2024-06-18T13:50:07.166+0545] {dagbag.py:545} INFO - Filling up the DagBag from /home/prabal/afenv/lib/python3.10/site-packages/airflow/example_dags/example_branch_operator.py
[2024-06-18T13:50:07.205+0545] {processor.py:840} INFO - DAG(s) 'example_branch_operator' retrieved from /home/prabal/afenv/lib/python3.10/site-packages/airflow/example_dags/example_branch_operator.py
[2024-06-18T13:50:07.232+0545] {logging_mixin.py:188} INFO - [2024-06-18T13:50:07.231+0545] {dag.py:3096} INFO - Sync 1 DAGs
[2024-06-18T13:50:07.249+0545] {logging_mixin.py:188} INFO - [2024-06-18T13:50:07.249+0545] {dag.py:3954} INFO - Setting next_dagrun for example_branch_operator to 2024-06-17 00:00:00+00:00, run_after=2024-06-18 00:00:00+00:00
[2024-06-18T13:50:07.269+0545] {processor.py:183} INFO - Processing /home/prabal/afenv/lib/python3.10/site-packages/airflow/example_dags/example_branch_operator.py took 0.134 seconds
[2024-06-18T13:51:52.409+0545] {processor.py:161} INFO - Started process (PID=16963) to work on /home/prabal/afenv/lib/python3.10/site-packages/airflow/example_dags/example_branch_operator.py
[2024-06-18T13:51:52.421+0545] {processor.py:830} INFO - Processing file /home/prabal/afenv/lib/python3.10/site-packages/airflow/example_dags/example_branch_operator.py for tasks to queue
[2024-06-18T13:51:52.424+0545] {logging_mixin.py:188} INFO - [2024-06-18T13:51:52.423+0545] {dagbag.py:545} INFO - Filling up the DagBag from /home/prabal/afenv/lib/python3.10/site-packages/airflow/example_dags/example_branch_operator.py
[2024-06-18T13:51:52.452+0545] {processor.py:840} INFO - DAG(s) 'example_branch_operator' retrieved from /home/prabal/afenv/lib/python3.10/site-packages/airflow/example_dags/example_branch_operator.py
[2024-06-18T13:51:52.489+0545] {logging_mixin.py:188} INFO - [2024-06-18T13:51:52.489+0545] {dag.py:3096} INFO - Sync 1 DAGs
[2024-06-18T13:51:52.511+0545] {logging_mixin.py:188} INFO - [2024-06-18T13:51:52.510+0545] {dag.py:3954} INFO - Setting next_dagrun for example_branch_operator to 2024-06-17 00:00:00+00:00, run_after=2024-06-18 00:00:00+00:00
[2024-06-18T13:51:52.539+0545] {processor.py:183} INFO - Processing /home/prabal/afenv/lib/python3.10/site-packages/airflow/example_dags/example_branch_operator.py took 0.142 seconds
[2024-06-18T13:53:04.607+0545] {processor.py:161} INFO - Started process (PID=17363) to work on /home/prabal/afenv/lib/python3.10/site-packages/airflow/example_dags/example_branch_operator.py
[2024-06-18T13:53:04.620+0545] {processor.py:830} INFO - Processing file /home/prabal/afenv/lib/python3.10/site-packages/airflow/example_dags/example_branch_operator.py for tasks to queue
[2024-06-18T13:53:04.625+0545] {logging_mixin.py:188} INFO - [2024-06-18T13:53:04.623+0545] {dagbag.py:545} INFO - Filling up the DagBag from /home/prabal/afenv/lib/python3.10/site-packages/airflow/example_dags/example_branch_operator.py
[2024-06-18T13:53:04.657+0545] {processor.py:840} INFO - DAG(s) 'example_branch_operator' retrieved from /home/prabal/afenv/lib/python3.10/site-packages/airflow/example_dags/example_branch_operator.py
[2024-06-18T13:53:04.692+0545] {logging_mixin.py:188} INFO - [2024-06-18T13:53:04.692+0545] {dag.py:3096} INFO - Sync 1 DAGs
[2024-06-18T13:53:04.731+0545] {logging_mixin.py:188} INFO - [2024-06-18T13:53:04.731+0545] {dag.py:3954} INFO - Setting next_dagrun for example_branch_operator to 2024-06-17 00:00:00+00:00, run_after=2024-06-18 00:00:00+00:00
[2024-06-18T13:53:04.766+0545] {processor.py:183} INFO - Processing /home/prabal/afenv/lib/python3.10/site-packages/airflow/example_dags/example_branch_operator.py took 0.172 seconds
[2024-06-18T13:54:08.128+0545] {processor.py:161} INFO - Started process (PID=17669) to work on /home/prabal/afenv/lib/python3.10/site-packages/airflow/example_dags/example_branch_operator.py
[2024-06-18T13:54:08.141+0545] {processor.py:830} INFO - Processing file /home/prabal/afenv/lib/python3.10/site-packages/airflow/example_dags/example_branch_operator.py for tasks to queue
[2024-06-18T13:54:08.143+0545] {logging_mixin.py:188} INFO - [2024-06-18T13:54:08.142+0545] {dagbag.py:545} INFO - Filling up the DagBag from /home/prabal/afenv/lib/python3.10/site-packages/airflow/example_dags/example_branch_operator.py
[2024-06-18T13:54:08.162+0545] {processor.py:840} INFO - DAG(s) 'example_branch_operator' retrieved from /home/prabal/afenv/lib/python3.10/site-packages/airflow/example_dags/example_branch_operator.py
[2024-06-18T13:54:08.189+0545] {logging_mixin.py:188} INFO - [2024-06-18T13:54:08.189+0545] {dag.py:3096} INFO - Sync 1 DAGs
[2024-06-18T13:54:08.218+0545] {logging_mixin.py:188} INFO - [2024-06-18T13:54:08.218+0545] {dag.py:3954} INFO - Setting next_dagrun for example_branch_operator to 2024-06-17 00:00:00+00:00, run_after=2024-06-18 00:00:00+00:00
[2024-06-18T13:54:08.236+0545] {processor.py:183} INFO - Processing /home/prabal/afenv/lib/python3.10/site-packages/airflow/example_dags/example_branch_operator.py took 0.119 seconds
[2024-06-18T13:54:58.158+0545] {processor.py:161} INFO - Started process (PID=17913) to work on /home/prabal/afenv/lib/python3.10/site-packages/airflow/example_dags/example_branch_operator.py
[2024-06-18T13:54:58.160+0545] {processor.py:830} INFO - Processing file /home/prabal/afenv/lib/python3.10/site-packages/airflow/example_dags/example_branch_operator.py for tasks to queue
[2024-06-18T13:54:58.164+0545] {logging_mixin.py:188} INFO - [2024-06-18T13:54:58.163+0545] {dagbag.py:545} INFO - Filling up the DagBag from /home/prabal/afenv/lib/python3.10/site-packages/airflow/example_dags/example_branch_operator.py
[2024-06-18T13:54:58.187+0545] {processor.py:840} INFO - DAG(s) 'example_branch_operator' retrieved from /home/prabal/afenv/lib/python3.10/site-packages/airflow/example_dags/example_branch_operator.py
[2024-06-18T13:54:58.227+0545] {logging_mixin.py:188} INFO - [2024-06-18T13:54:58.226+0545] {dag.py:3096} INFO - Sync 1 DAGs
[2024-06-18T13:54:58.250+0545] {logging_mixin.py:188} INFO - [2024-06-18T13:54:58.250+0545] {dag.py:3954} INFO - Setting next_dagrun for example_branch_operator to 2024-06-17 00:00:00+00:00, run_after=2024-06-18 00:00:00+00:00
[2024-06-18T13:54:58.286+0545] {processor.py:183} INFO - Processing /home/prabal/afenv/lib/python3.10/site-packages/airflow/example_dags/example_branch_operator.py took 0.142 seconds
[2024-06-18T13:56:08.351+0545] {processor.py:161} INFO - Started process (PID=18274) to work on /home/prabal/afenv/lib/python3.10/site-packages/airflow/example_dags/example_branch_operator.py
[2024-06-18T13:56:08.364+0545] {processor.py:830} INFO - Processing file /home/prabal/afenv/lib/python3.10/site-packages/airflow/example_dags/example_branch_operator.py for tasks to queue
[2024-06-18T13:56:08.367+0545] {logging_mixin.py:188} INFO - [2024-06-18T13:56:08.366+0545] {dagbag.py:545} INFO - Filling up the DagBag from /home/prabal/afenv/lib/python3.10/site-packages/airflow/example_dags/example_branch_operator.py
[2024-06-18T13:56:08.405+0545] {processor.py:840} INFO - DAG(s) 'example_branch_operator' retrieved from /home/prabal/afenv/lib/python3.10/site-packages/airflow/example_dags/example_branch_operator.py
[2024-06-18T13:56:08.454+0545] {logging_mixin.py:188} INFO - [2024-06-18T13:56:08.453+0545] {dag.py:3096} INFO - Sync 1 DAGs
[2024-06-18T13:56:08.481+0545] {logging_mixin.py:188} INFO - [2024-06-18T13:56:08.480+0545] {dag.py:3954} INFO - Setting next_dagrun for example_branch_operator to 2024-06-17 00:00:00+00:00, run_after=2024-06-18 00:00:00+00:00
[2024-06-18T13:56:08.523+0545] {processor.py:183} INFO - Processing /home/prabal/afenv/lib/python3.10/site-packages/airflow/example_dags/example_branch_operator.py took 0.186 seconds
[2024-06-18T13:57:00.893+0545] {processor.py:161} INFO - Started process (PID=18527) to work on /home/prabal/afenv/lib/python3.10/site-packages/airflow/example_dags/example_branch_operator.py
[2024-06-18T13:57:00.906+0545] {processor.py:830} INFO - Processing file /home/prabal/afenv/lib/python3.10/site-packages/airflow/example_dags/example_branch_operator.py for tasks to queue
[2024-06-18T13:57:00.910+0545] {logging_mixin.py:188} INFO - [2024-06-18T13:57:00.909+0545] {dagbag.py:545} INFO - Filling up the DagBag from /home/prabal/afenv/lib/python3.10/site-packages/airflow/example_dags/example_branch_operator.py
[2024-06-18T13:57:00.947+0545] {processor.py:840} INFO - DAG(s) 'example_branch_operator' retrieved from /home/prabal/afenv/lib/python3.10/site-packages/airflow/example_dags/example_branch_operator.py
[2024-06-18T13:57:00.979+0545] {logging_mixin.py:188} INFO - [2024-06-18T13:57:00.979+0545] {dag.py:3096} INFO - Sync 1 DAGs
[2024-06-18T13:57:01.000+0545] {logging_mixin.py:188} INFO - [2024-06-18T13:57:01.000+0545] {dag.py:3954} INFO - Setting next_dagrun for example_branch_operator to 2024-06-17 00:00:00+00:00, run_after=2024-06-18 00:00:00+00:00
[2024-06-18T13:57:01.029+0545] {processor.py:183} INFO - Processing /home/prabal/afenv/lib/python3.10/site-packages/airflow/example_dags/example_branch_operator.py took 0.149 seconds
[2024-06-18T13:57:51.976+0545] {processor.py:161} INFO - Started process (PID=18778) to work on /home/prabal/afenv/lib/python3.10/site-packages/airflow/example_dags/example_branch_operator.py
[2024-06-18T13:57:51.988+0545] {processor.py:830} INFO - Processing file /home/prabal/afenv/lib/python3.10/site-packages/airflow/example_dags/example_branch_operator.py for tasks to queue
[2024-06-18T13:57:51.990+0545] {logging_mixin.py:188} INFO - [2024-06-18T13:57:51.990+0545] {dagbag.py:545} INFO - Filling up the DagBag from /home/prabal/afenv/lib/python3.10/site-packages/airflow/example_dags/example_branch_operator.py
[2024-06-18T13:57:52.013+0545] {processor.py:840} INFO - DAG(s) 'example_branch_operator' retrieved from /home/prabal/afenv/lib/python3.10/site-packages/airflow/example_dags/example_branch_operator.py
[2024-06-18T13:57:52.038+0545] {logging_mixin.py:188} INFO - [2024-06-18T13:57:52.038+0545] {dag.py:3096} INFO - Sync 1 DAGs
[2024-06-18T13:57:52.057+0545] {logging_mixin.py:188} INFO - [2024-06-18T13:57:52.057+0545] {dag.py:3954} INFO - Setting next_dagrun for example_branch_operator to 2024-06-17 00:00:00+00:00, run_after=2024-06-18 00:00:00+00:00
[2024-06-18T13:57:52.075+0545] {processor.py:183} INFO - Processing /home/prabal/afenv/lib/python3.10/site-packages/airflow/example_dags/example_branch_operator.py took 0.109 seconds
[2024-06-18T14:05:40.438+0545] {processor.py:161} INFO - Started process (PID=20848) to work on /home/prabal/afenv/lib/python3.10/site-packages/airflow/example_dags/example_branch_operator.py
[2024-06-18T14:05:40.440+0545] {processor.py:830} INFO - Processing file /home/prabal/afenv/lib/python3.10/site-packages/airflow/example_dags/example_branch_operator.py for tasks to queue
[2024-06-18T14:05:40.441+0545] {logging_mixin.py:188} INFO - [2024-06-18T14:05:40.441+0545] {dagbag.py:545} INFO - Filling up the DagBag from /home/prabal/afenv/lib/python3.10/site-packages/airflow/example_dags/example_branch_operator.py
[2024-06-18T14:05:40.458+0545] {processor.py:840} INFO - DAG(s) 'example_branch_operator' retrieved from /home/prabal/afenv/lib/python3.10/site-packages/airflow/example_dags/example_branch_operator.py
[2024-06-18T14:05:40.545+0545] {logging_mixin.py:188} INFO - [2024-06-18T14:05:40.544+0545] {dag.py:3096} INFO - Sync 1 DAGs
[2024-06-18T14:05:40.650+0545] {logging_mixin.py:188} INFO - [2024-06-18T14:05:40.650+0545] {dag.py:3954} INFO - Setting next_dagrun for example_branch_operator to 2024-06-17 00:00:00+00:00, run_after=2024-06-18 00:00:00+00:00
[2024-06-18T14:05:40.698+0545] {processor.py:183} INFO - Processing /home/prabal/afenv/lib/python3.10/site-packages/airflow/example_dags/example_branch_operator.py took 0.270 seconds
[2024-06-18T14:06:37.891+0545] {processor.py:161} INFO - Started process (PID=21122) to work on /home/prabal/afenv/lib/python3.10/site-packages/airflow/example_dags/example_branch_operator.py
[2024-06-18T14:06:37.902+0545] {processor.py:830} INFO - Processing file /home/prabal/afenv/lib/python3.10/site-packages/airflow/example_dags/example_branch_operator.py for tasks to queue
[2024-06-18T14:06:37.904+0545] {logging_mixin.py:188} INFO - [2024-06-18T14:06:37.904+0545] {dagbag.py:545} INFO - Filling up the DagBag from /home/prabal/afenv/lib/python3.10/site-packages/airflow/example_dags/example_branch_operator.py
[2024-06-18T14:06:37.921+0545] {processor.py:840} INFO - DAG(s) 'example_branch_operator' retrieved from /home/prabal/afenv/lib/python3.10/site-packages/airflow/example_dags/example_branch_operator.py
[2024-06-18T14:06:37.948+0545] {logging_mixin.py:188} INFO - [2024-06-18T14:06:37.947+0545] {dag.py:3096} INFO - Sync 1 DAGs
[2024-06-18T14:06:37.970+0545] {logging_mixin.py:188} INFO - [2024-06-18T14:06:37.970+0545] {dag.py:3954} INFO - Setting next_dagrun for example_branch_operator to 2024-06-17 00:00:00+00:00, run_after=2024-06-18 00:00:00+00:00
[2024-06-18T14:06:38.095+0545] {processor.py:183} INFO - Processing /home/prabal/afenv/lib/python3.10/site-packages/airflow/example_dags/example_branch_operator.py took 0.211 seconds
[2024-06-18T14:07:37.098+0545] {processor.py:161} INFO - Started process (PID=21409) to work on /home/prabal/afenv/lib/python3.10/site-packages/airflow/example_dags/example_branch_operator.py
[2024-06-18T14:07:37.100+0545] {processor.py:830} INFO - Processing file /home/prabal/afenv/lib/python3.10/site-packages/airflow/example_dags/example_branch_operator.py for tasks to queue
[2024-06-18T14:07:37.102+0545] {logging_mixin.py:188} INFO - [2024-06-18T14:07:37.102+0545] {dagbag.py:545} INFO - Filling up the DagBag from /home/prabal/afenv/lib/python3.10/site-packages/airflow/example_dags/example_branch_operator.py
[2024-06-18T14:07:37.123+0545] {processor.py:840} INFO - DAG(s) 'example_branch_operator' retrieved from /home/prabal/afenv/lib/python3.10/site-packages/airflow/example_dags/example_branch_operator.py
[2024-06-18T14:07:37.148+0545] {logging_mixin.py:188} INFO - [2024-06-18T14:07:37.147+0545] {dag.py:3096} INFO - Sync 1 DAGs
[2024-06-18T14:07:37.166+0545] {logging_mixin.py:188} INFO - [2024-06-18T14:07:37.166+0545] {dag.py:3954} INFO - Setting next_dagrun for example_branch_operator to 2024-06-17 00:00:00+00:00, run_after=2024-06-18 00:00:00+00:00
[2024-06-18T14:07:37.188+0545] {processor.py:183} INFO - Processing /home/prabal/afenv/lib/python3.10/site-packages/airflow/example_dags/example_branch_operator.py took 0.099 seconds
[2024-06-18T14:08:33.537+0545] {processor.py:161} INFO - Started process (PID=21686) to work on /home/prabal/afenv/lib/python3.10/site-packages/airflow/example_dags/example_branch_operator.py
[2024-06-18T14:08:33.553+0545] {processor.py:830} INFO - Processing file /home/prabal/afenv/lib/python3.10/site-packages/airflow/example_dags/example_branch_operator.py for tasks to queue
[2024-06-18T14:08:33.557+0545] {logging_mixin.py:188} INFO - [2024-06-18T14:08:33.556+0545] {dagbag.py:545} INFO - Filling up the DagBag from /home/prabal/afenv/lib/python3.10/site-packages/airflow/example_dags/example_branch_operator.py
[2024-06-18T14:08:33.596+0545] {processor.py:840} INFO - DAG(s) 'example_branch_operator' retrieved from /home/prabal/afenv/lib/python3.10/site-packages/airflow/example_dags/example_branch_operator.py
[2024-06-18T14:08:33.621+0545] {logging_mixin.py:188} INFO - [2024-06-18T14:08:33.621+0545] {dag.py:3096} INFO - Sync 1 DAGs
[2024-06-18T14:08:33.637+0545] {logging_mixin.py:188} INFO - [2024-06-18T14:08:33.637+0545] {dag.py:3954} INFO - Setting next_dagrun for example_branch_operator to 2024-06-17 00:00:00+00:00, run_after=2024-06-18 00:00:00+00:00
[2024-06-18T14:08:33.659+0545] {processor.py:183} INFO - Processing /home/prabal/afenv/lib/python3.10/site-packages/airflow/example_dags/example_branch_operator.py took 0.136 seconds
[2024-06-18T14:09:29.350+0545] {processor.py:161} INFO - Started process (PID=21956) to work on /home/prabal/afenv/lib/python3.10/site-packages/airflow/example_dags/example_branch_operator.py
[2024-06-18T14:09:29.363+0545] {processor.py:830} INFO - Processing file /home/prabal/afenv/lib/python3.10/site-packages/airflow/example_dags/example_branch_operator.py for tasks to queue
[2024-06-18T14:09:29.367+0545] {logging_mixin.py:188} INFO - [2024-06-18T14:09:29.367+0545] {dagbag.py:545} INFO - Filling up the DagBag from /home/prabal/afenv/lib/python3.10/site-packages/airflow/example_dags/example_branch_operator.py
[2024-06-18T14:09:29.400+0545] {processor.py:840} INFO - DAG(s) 'example_branch_operator' retrieved from /home/prabal/afenv/lib/python3.10/site-packages/airflow/example_dags/example_branch_operator.py
[2024-06-18T14:09:29.444+0545] {logging_mixin.py:188} INFO - [2024-06-18T14:09:29.444+0545] {dag.py:3096} INFO - Sync 1 DAGs
[2024-06-18T14:09:29.462+0545] {logging_mixin.py:188} INFO - [2024-06-18T14:09:29.462+0545] {dag.py:3954} INFO - Setting next_dagrun for example_branch_operator to 2024-06-17 00:00:00+00:00, run_after=2024-06-18 00:00:00+00:00
[2024-06-18T14:09:29.501+0545] {processor.py:183} INFO - Processing /home/prabal/afenv/lib/python3.10/site-packages/airflow/example_dags/example_branch_operator.py took 0.165 seconds
[2024-06-18T14:10:24.867+0545] {processor.py:161} INFO - Started process (PID=22221) to work on /home/prabal/afenv/lib/python3.10/site-packages/airflow/example_dags/example_branch_operator.py
[2024-06-18T14:10:24.880+0545] {processor.py:830} INFO - Processing file /home/prabal/afenv/lib/python3.10/site-packages/airflow/example_dags/example_branch_operator.py for tasks to queue
[2024-06-18T14:10:24.883+0545] {logging_mixin.py:188} INFO - [2024-06-18T14:10:24.882+0545] {dagbag.py:545} INFO - Filling up the DagBag from /home/prabal/afenv/lib/python3.10/site-packages/airflow/example_dags/example_branch_operator.py
[2024-06-18T14:10:24.915+0545] {processor.py:840} INFO - DAG(s) 'example_branch_operator' retrieved from /home/prabal/afenv/lib/python3.10/site-packages/airflow/example_dags/example_branch_operator.py
[2024-06-18T14:10:24.940+0545] {logging_mixin.py:188} INFO - [2024-06-18T14:10:24.940+0545] {dag.py:3096} INFO - Sync 1 DAGs
[2024-06-18T14:10:24.966+0545] {logging_mixin.py:188} INFO - [2024-06-18T14:10:24.966+0545] {dag.py:3954} INFO - Setting next_dagrun for example_branch_operator to 2024-06-17 00:00:00+00:00, run_after=2024-06-18 00:00:00+00:00
[2024-06-18T14:10:24.989+0545] {processor.py:183} INFO - Processing /home/prabal/afenv/lib/python3.10/site-packages/airflow/example_dags/example_branch_operator.py took 0.130 seconds
[2024-06-18T14:11:17.329+0545] {processor.py:161} INFO - Started process (PID=22473) to work on /home/prabal/afenv/lib/python3.10/site-packages/airflow/example_dags/example_branch_operator.py
[2024-06-18T14:11:17.342+0545] {processor.py:830} INFO - Processing file /home/prabal/afenv/lib/python3.10/site-packages/airflow/example_dags/example_branch_operator.py for tasks to queue
[2024-06-18T14:11:17.345+0545] {logging_mixin.py:188} INFO - [2024-06-18T14:11:17.344+0545] {dagbag.py:545} INFO - Filling up the DagBag from /home/prabal/afenv/lib/python3.10/site-packages/airflow/example_dags/example_branch_operator.py
[2024-06-18T14:11:17.367+0545] {processor.py:840} INFO - DAG(s) 'example_branch_operator' retrieved from /home/prabal/afenv/lib/python3.10/site-packages/airflow/example_dags/example_branch_operator.py
[2024-06-18T14:11:17.385+0545] {logging_mixin.py:188} INFO - [2024-06-18T14:11:17.385+0545] {dag.py:3096} INFO - Sync 1 DAGs
[2024-06-18T14:11:17.401+0545] {logging_mixin.py:188} INFO - [2024-06-18T14:11:17.401+0545] {dag.py:3954} INFO - Setting next_dagrun for example_branch_operator to 2024-06-17 00:00:00+00:00, run_after=2024-06-18 00:00:00+00:00
[2024-06-18T14:11:17.433+0545] {processor.py:183} INFO - Processing /home/prabal/afenv/lib/python3.10/site-packages/airflow/example_dags/example_branch_operator.py took 0.120 seconds
[2024-06-18T14:12:09.438+0545] {processor.py:161} INFO - Started process (PID=22727) to work on /home/prabal/afenv/lib/python3.10/site-packages/airflow/example_dags/example_branch_operator.py
[2024-06-18T14:12:09.450+0545] {processor.py:830} INFO - Processing file /home/prabal/afenv/lib/python3.10/site-packages/airflow/example_dags/example_branch_operator.py for tasks to queue
[2024-06-18T14:12:09.453+0545] {logging_mixin.py:188} INFO - [2024-06-18T14:12:09.452+0545] {dagbag.py:545} INFO - Filling up the DagBag from /home/prabal/afenv/lib/python3.10/site-packages/airflow/example_dags/example_branch_operator.py
[2024-06-18T14:12:09.497+0545] {processor.py:840} INFO - DAG(s) 'example_branch_operator' retrieved from /home/prabal/afenv/lib/python3.10/site-packages/airflow/example_dags/example_branch_operator.py
[2024-06-18T14:12:09.548+0545] {logging_mixin.py:188} INFO - [2024-06-18T14:12:09.547+0545] {dag.py:3096} INFO - Sync 1 DAGs
[2024-06-18T14:12:09.578+0545] {logging_mixin.py:188} INFO - [2024-06-18T14:12:09.578+0545] {dag.py:3954} INFO - Setting next_dagrun for example_branch_operator to 2024-06-17 00:00:00+00:00, run_after=2024-06-18 00:00:00+00:00
[2024-06-18T14:12:09.610+0545] {processor.py:183} INFO - Processing /home/prabal/afenv/lib/python3.10/site-packages/airflow/example_dags/example_branch_operator.py took 0.183 seconds
[2024-06-18T14:13:00.473+0545] {processor.py:161} INFO - Started process (PID=22973) to work on /home/prabal/afenv/lib/python3.10/site-packages/airflow/example_dags/example_branch_operator.py
[2024-06-18T14:13:00.487+0545] {processor.py:830} INFO - Processing file /home/prabal/afenv/lib/python3.10/site-packages/airflow/example_dags/example_branch_operator.py for tasks to queue
[2024-06-18T14:13:00.490+0545] {logging_mixin.py:188} INFO - [2024-06-18T14:13:00.489+0545] {dagbag.py:545} INFO - Filling up the DagBag from /home/prabal/afenv/lib/python3.10/site-packages/airflow/example_dags/example_branch_operator.py
[2024-06-18T14:13:00.527+0545] {processor.py:840} INFO - DAG(s) 'example_branch_operator' retrieved from /home/prabal/afenv/lib/python3.10/site-packages/airflow/example_dags/example_branch_operator.py
[2024-06-18T14:13:00.574+0545] {logging_mixin.py:188} INFO - [2024-06-18T14:13:00.573+0545] {dag.py:3096} INFO - Sync 1 DAGs
[2024-06-18T14:13:00.597+0545] {logging_mixin.py:188} INFO - [2024-06-18T14:13:00.597+0545] {dag.py:3954} INFO - Setting next_dagrun for example_branch_operator to 2024-06-17 00:00:00+00:00, run_after=2024-06-18 00:00:00+00:00
[2024-06-18T14:13:00.627+0545] {processor.py:183} INFO - Processing /home/prabal/afenv/lib/python3.10/site-packages/airflow/example_dags/example_branch_operator.py took 0.168 seconds
[2024-06-18T14:13:52.721+0545] {processor.py:161} INFO - Started process (PID=23225) to work on /home/prabal/afenv/lib/python3.10/site-packages/airflow/example_dags/example_branch_operator.py
[2024-06-18T14:13:52.735+0545] {processor.py:830} INFO - Processing file /home/prabal/afenv/lib/python3.10/site-packages/airflow/example_dags/example_branch_operator.py for tasks to queue
[2024-06-18T14:13:52.739+0545] {logging_mixin.py:188} INFO - [2024-06-18T14:13:52.738+0545] {dagbag.py:545} INFO - Filling up the DagBag from /home/prabal/afenv/lib/python3.10/site-packages/airflow/example_dags/example_branch_operator.py
[2024-06-18T14:13:52.775+0545] {processor.py:840} INFO - DAG(s) 'example_branch_operator' retrieved from /home/prabal/afenv/lib/python3.10/site-packages/airflow/example_dags/example_branch_operator.py
[2024-06-18T14:13:52.816+0545] {logging_mixin.py:188} INFO - [2024-06-18T14:13:52.815+0545] {dag.py:3096} INFO - Sync 1 DAGs
[2024-06-18T14:13:52.836+0545] {logging_mixin.py:188} INFO - [2024-06-18T14:13:52.836+0545] {dag.py:3954} INFO - Setting next_dagrun for example_branch_operator to 2024-06-17 00:00:00+00:00, run_after=2024-06-18 00:00:00+00:00
[2024-06-18T14:13:52.878+0545] {processor.py:183} INFO - Processing /home/prabal/afenv/lib/python3.10/site-packages/airflow/example_dags/example_branch_operator.py took 0.172 seconds
[2024-06-18T14:14:45.097+0545] {processor.py:161} INFO - Started process (PID=23477) to work on /home/prabal/afenv/lib/python3.10/site-packages/airflow/example_dags/example_branch_operator.py
[2024-06-18T14:14:45.110+0545] {processor.py:830} INFO - Processing file /home/prabal/afenv/lib/python3.10/site-packages/airflow/example_dags/example_branch_operator.py for tasks to queue
[2024-06-18T14:14:45.115+0545] {logging_mixin.py:188} INFO - [2024-06-18T14:14:45.113+0545] {dagbag.py:545} INFO - Filling up the DagBag from /home/prabal/afenv/lib/python3.10/site-packages/airflow/example_dags/example_branch_operator.py
[2024-06-18T14:14:45.141+0545] {processor.py:840} INFO - DAG(s) 'example_branch_operator' retrieved from /home/prabal/afenv/lib/python3.10/site-packages/airflow/example_dags/example_branch_operator.py
[2024-06-18T14:14:45.165+0545] {logging_mixin.py:188} INFO - [2024-06-18T14:14:45.165+0545] {dag.py:3096} INFO - Sync 1 DAGs
[2024-06-18T14:14:45.187+0545] {logging_mixin.py:188} INFO - [2024-06-18T14:14:45.187+0545] {dag.py:3954} INFO - Setting next_dagrun for example_branch_operator to 2024-06-17 00:00:00+00:00, run_after=2024-06-18 00:00:00+00:00
[2024-06-18T14:14:45.224+0545] {processor.py:183} INFO - Processing /home/prabal/afenv/lib/python3.10/site-packages/airflow/example_dags/example_branch_operator.py took 0.143 seconds
[2024-06-18T14:15:48.890+0545] {processor.py:161} INFO - Started process (PID=23807) to work on /home/prabal/afenv/lib/python3.10/site-packages/airflow/example_dags/example_branch_operator.py
[2024-06-18T14:15:48.903+0545] {processor.py:830} INFO - Processing file /home/prabal/afenv/lib/python3.10/site-packages/airflow/example_dags/example_branch_operator.py for tasks to queue
[2024-06-18T14:15:48.907+0545] {logging_mixin.py:188} INFO - [2024-06-18T14:15:48.906+0545] {dagbag.py:545} INFO - Filling up the DagBag from /home/prabal/afenv/lib/python3.10/site-packages/airflow/example_dags/example_branch_operator.py
[2024-06-18T14:15:48.947+0545] {processor.py:840} INFO - DAG(s) 'example_branch_operator' retrieved from /home/prabal/afenv/lib/python3.10/site-packages/airflow/example_dags/example_branch_operator.py
[2024-06-18T14:15:48.989+0545] {logging_mixin.py:188} INFO - [2024-06-18T14:15:48.988+0545] {dag.py:3096} INFO - Sync 1 DAGs
[2024-06-18T14:15:49.008+0545] {logging_mixin.py:188} INFO - [2024-06-18T14:15:49.007+0545] {dag.py:3954} INFO - Setting next_dagrun for example_branch_operator to 2024-06-17 00:00:00+00:00, run_after=2024-06-18 00:00:00+00:00
[2024-06-18T14:15:49.052+0545] {processor.py:183} INFO - Processing /home/prabal/afenv/lib/python3.10/site-packages/airflow/example_dags/example_branch_operator.py took 0.177 seconds
[2024-06-18T14:16:46.650+0545] {processor.py:161} INFO - Started process (PID=24085) to work on /home/prabal/afenv/lib/python3.10/site-packages/airflow/example_dags/example_branch_operator.py
[2024-06-18T14:16:46.663+0545] {processor.py:830} INFO - Processing file /home/prabal/afenv/lib/python3.10/site-packages/airflow/example_dags/example_branch_operator.py for tasks to queue
[2024-06-18T14:16:46.667+0545] {logging_mixin.py:188} INFO - [2024-06-18T14:16:46.666+0545] {dagbag.py:545} INFO - Filling up the DagBag from /home/prabal/afenv/lib/python3.10/site-packages/airflow/example_dags/example_branch_operator.py
[2024-06-18T14:16:46.704+0545] {processor.py:840} INFO - DAG(s) 'example_branch_operator' retrieved from /home/prabal/afenv/lib/python3.10/site-packages/airflow/example_dags/example_branch_operator.py
[2024-06-18T14:16:46.756+0545] {logging_mixin.py:188} INFO - [2024-06-18T14:16:46.756+0545] {dag.py:3096} INFO - Sync 1 DAGs
[2024-06-18T14:16:46.780+0545] {logging_mixin.py:188} INFO - [2024-06-18T14:16:46.780+0545] {dag.py:3954} INFO - Setting next_dagrun for example_branch_operator to 2024-06-17 00:00:00+00:00, run_after=2024-06-18 00:00:00+00:00
[2024-06-18T14:16:46.803+0545] {processor.py:183} INFO - Processing /home/prabal/afenv/lib/python3.10/site-packages/airflow/example_dags/example_branch_operator.py took 0.166 seconds
[2024-06-18T14:17:41.532+0545] {processor.py:161} INFO - Started process (PID=24350) to work on /home/prabal/afenv/lib/python3.10/site-packages/airflow/example_dags/example_branch_operator.py
[2024-06-18T14:17:41.545+0545] {processor.py:830} INFO - Processing file /home/prabal/afenv/lib/python3.10/site-packages/airflow/example_dags/example_branch_operator.py for tasks to queue
[2024-06-18T14:17:41.549+0545] {logging_mixin.py:188} INFO - [2024-06-18T14:17:41.548+0545] {dagbag.py:545} INFO - Filling up the DagBag from /home/prabal/afenv/lib/python3.10/site-packages/airflow/example_dags/example_branch_operator.py
[2024-06-18T14:17:41.581+0545] {processor.py:840} INFO - DAG(s) 'example_branch_operator' retrieved from /home/prabal/afenv/lib/python3.10/site-packages/airflow/example_dags/example_branch_operator.py
[2024-06-18T14:17:41.608+0545] {logging_mixin.py:188} INFO - [2024-06-18T14:17:41.607+0545] {dag.py:3096} INFO - Sync 1 DAGs
[2024-06-18T14:17:41.640+0545] {logging_mixin.py:188} INFO - [2024-06-18T14:17:41.639+0545] {dag.py:3954} INFO - Setting next_dagrun for example_branch_operator to 2024-06-17 00:00:00+00:00, run_after=2024-06-18 00:00:00+00:00
[2024-06-18T14:17:41.688+0545] {processor.py:183} INFO - Processing /home/prabal/afenv/lib/python3.10/site-packages/airflow/example_dags/example_branch_operator.py took 0.170 seconds
[2024-06-18T14:18:36.200+0545] {processor.py:161} INFO - Started process (PID=24614) to work on /home/prabal/afenv/lib/python3.10/site-packages/airflow/example_dags/example_branch_operator.py
[2024-06-18T14:18:36.214+0545] {processor.py:830} INFO - Processing file /home/prabal/afenv/lib/python3.10/site-packages/airflow/example_dags/example_branch_operator.py for tasks to queue
[2024-06-18T14:18:36.218+0545] {logging_mixin.py:188} INFO - [2024-06-18T14:18:36.217+0545] {dagbag.py:545} INFO - Filling up the DagBag from /home/prabal/afenv/lib/python3.10/site-packages/airflow/example_dags/example_branch_operator.py
[2024-06-18T14:18:36.254+0545] {processor.py:840} INFO - DAG(s) 'example_branch_operator' retrieved from /home/prabal/afenv/lib/python3.10/site-packages/airflow/example_dags/example_branch_operator.py
[2024-06-18T14:18:36.281+0545] {logging_mixin.py:188} INFO - [2024-06-18T14:18:36.281+0545] {dag.py:3096} INFO - Sync 1 DAGs
[2024-06-18T14:18:36.299+0545] {logging_mixin.py:188} INFO - [2024-06-18T14:18:36.299+0545] {dag.py:3954} INFO - Setting next_dagrun for example_branch_operator to 2024-06-17 00:00:00+00:00, run_after=2024-06-18 00:00:00+00:00
[2024-06-18T14:18:36.317+0545] {processor.py:183} INFO - Processing /home/prabal/afenv/lib/python3.10/site-packages/airflow/example_dags/example_branch_operator.py took 0.133 seconds
[2024-06-18T14:19:31.355+0545] {processor.py:161} INFO - Started process (PID=24876) to work on /home/prabal/afenv/lib/python3.10/site-packages/airflow/example_dags/example_branch_operator.py
[2024-06-18T14:19:31.368+0545] {processor.py:830} INFO - Processing file /home/prabal/afenv/lib/python3.10/site-packages/airflow/example_dags/example_branch_operator.py for tasks to queue
[2024-06-18T14:19:31.371+0545] {logging_mixin.py:188} INFO - [2024-06-18T14:19:31.370+0545] {dagbag.py:545} INFO - Filling up the DagBag from /home/prabal/afenv/lib/python3.10/site-packages/airflow/example_dags/example_branch_operator.py
[2024-06-18T14:19:31.396+0545] {processor.py:840} INFO - DAG(s) 'example_branch_operator' retrieved from /home/prabal/afenv/lib/python3.10/site-packages/airflow/example_dags/example_branch_operator.py
[2024-06-18T14:19:31.415+0545] {logging_mixin.py:188} INFO - [2024-06-18T14:19:31.415+0545] {dag.py:3096} INFO - Sync 1 DAGs
[2024-06-18T14:19:31.437+0545] {logging_mixin.py:188} INFO - [2024-06-18T14:19:31.437+0545] {dag.py:3954} INFO - Setting next_dagrun for example_branch_operator to 2024-06-17 00:00:00+00:00, run_after=2024-06-18 00:00:00+00:00
[2024-06-18T14:19:31.477+0545] {processor.py:183} INFO - Processing /home/prabal/afenv/lib/python3.10/site-packages/airflow/example_dags/example_branch_operator.py took 0.133 seconds
[2024-06-18T14:20:25.031+0545] {processor.py:161} INFO - Started process (PID=25133) to work on /home/prabal/afenv/lib/python3.10/site-packages/airflow/example_dags/example_branch_operator.py
[2024-06-18T14:20:25.044+0545] {processor.py:830} INFO - Processing file /home/prabal/afenv/lib/python3.10/site-packages/airflow/example_dags/example_branch_operator.py for tasks to queue
[2024-06-18T14:20:25.048+0545] {logging_mixin.py:188} INFO - [2024-06-18T14:20:25.047+0545] {dagbag.py:545} INFO - Filling up the DagBag from /home/prabal/afenv/lib/python3.10/site-packages/airflow/example_dags/example_branch_operator.py
[2024-06-18T14:20:25.090+0545] {processor.py:840} INFO - DAG(s) 'example_branch_operator' retrieved from /home/prabal/afenv/lib/python3.10/site-packages/airflow/example_dags/example_branch_operator.py
[2024-06-18T14:20:25.122+0545] {logging_mixin.py:188} INFO - [2024-06-18T14:20:25.121+0545] {dag.py:3096} INFO - Sync 1 DAGs
[2024-06-18T14:20:25.140+0545] {logging_mixin.py:188} INFO - [2024-06-18T14:20:25.140+0545] {dag.py:3954} INFO - Setting next_dagrun for example_branch_operator to 2024-06-17 00:00:00+00:00, run_after=2024-06-18 00:00:00+00:00
[2024-06-18T14:20:25.174+0545] {processor.py:183} INFO - Processing /home/prabal/afenv/lib/python3.10/site-packages/airflow/example_dags/example_branch_operator.py took 0.158 seconds
[2024-06-18T14:21:17.349+0545] {processor.py:161} INFO - Started process (PID=25387) to work on /home/prabal/afenv/lib/python3.10/site-packages/airflow/example_dags/example_branch_operator.py
[2024-06-18T14:21:17.362+0545] {processor.py:830} INFO - Processing file /home/prabal/afenv/lib/python3.10/site-packages/airflow/example_dags/example_branch_operator.py for tasks to queue
[2024-06-18T14:21:17.366+0545] {logging_mixin.py:188} INFO - [2024-06-18T14:21:17.365+0545] {dagbag.py:545} INFO - Filling up the DagBag from /home/prabal/afenv/lib/python3.10/site-packages/airflow/example_dags/example_branch_operator.py
[2024-06-18T14:21:17.402+0545] {processor.py:840} INFO - DAG(s) 'example_branch_operator' retrieved from /home/prabal/afenv/lib/python3.10/site-packages/airflow/example_dags/example_branch_operator.py
[2024-06-18T14:21:17.451+0545] {logging_mixin.py:188} INFO - [2024-06-18T14:21:17.451+0545] {dag.py:3096} INFO - Sync 1 DAGs
[2024-06-18T14:21:17.474+0545] {logging_mixin.py:188} INFO - [2024-06-18T14:21:17.474+0545] {dag.py:3954} INFO - Setting next_dagrun for example_branch_operator to 2024-06-17 00:00:00+00:00, run_after=2024-06-18 00:00:00+00:00
[2024-06-18T14:21:17.533+0545] {processor.py:183} INFO - Processing /home/prabal/afenv/lib/python3.10/site-packages/airflow/example_dags/example_branch_operator.py took 0.199 seconds
[2024-06-18T14:22:11.969+0545] {processor.py:161} INFO - Started process (PID=25648) to work on /home/prabal/afenv/lib/python3.10/site-packages/airflow/example_dags/example_branch_operator.py
[2024-06-18T14:22:11.982+0545] {processor.py:830} INFO - Processing file /home/prabal/afenv/lib/python3.10/site-packages/airflow/example_dags/example_branch_operator.py for tasks to queue
[2024-06-18T14:22:11.986+0545] {logging_mixin.py:188} INFO - [2024-06-18T14:22:11.985+0545] {dagbag.py:545} INFO - Filling up the DagBag from /home/prabal/afenv/lib/python3.10/site-packages/airflow/example_dags/example_branch_operator.py
[2024-06-18T14:22:12.025+0545] {processor.py:840} INFO - DAG(s) 'example_branch_operator' retrieved from /home/prabal/afenv/lib/python3.10/site-packages/airflow/example_dags/example_branch_operator.py
[2024-06-18T14:22:12.075+0545] {logging_mixin.py:188} INFO - [2024-06-18T14:22:12.074+0545] {dag.py:3096} INFO - Sync 1 DAGs
[2024-06-18T14:22:12.111+0545] {logging_mixin.py:188} INFO - [2024-06-18T14:22:12.110+0545] {dag.py:3954} INFO - Setting next_dagrun for example_branch_operator to 2024-06-17 00:00:00+00:00, run_after=2024-06-18 00:00:00+00:00
[2024-06-18T14:22:12.162+0545] {processor.py:183} INFO - Processing /home/prabal/afenv/lib/python3.10/site-packages/airflow/example_dags/example_branch_operator.py took 0.207 seconds
[2024-06-18T14:23:06.770+0545] {processor.py:161} INFO - Started process (PID=25913) to work on /home/prabal/afenv/lib/python3.10/site-packages/airflow/example_dags/example_branch_operator.py
[2024-06-18T14:23:06.783+0545] {processor.py:830} INFO - Processing file /home/prabal/afenv/lib/python3.10/site-packages/airflow/example_dags/example_branch_operator.py for tasks to queue
[2024-06-18T14:23:06.787+0545] {logging_mixin.py:188} INFO - [2024-06-18T14:23:06.786+0545] {dagbag.py:545} INFO - Filling up the DagBag from /home/prabal/afenv/lib/python3.10/site-packages/airflow/example_dags/example_branch_operator.py
[2024-06-18T14:23:06.825+0545] {processor.py:840} INFO - DAG(s) 'example_branch_operator' retrieved from /home/prabal/afenv/lib/python3.10/site-packages/airflow/example_dags/example_branch_operator.py
[2024-06-18T14:23:06.853+0545] {logging_mixin.py:188} INFO - [2024-06-18T14:23:06.852+0545] {dag.py:3096} INFO - Sync 1 DAGs
[2024-06-18T14:23:06.883+0545] {logging_mixin.py:188} INFO - [2024-06-18T14:23:06.882+0545] {dag.py:3954} INFO - Setting next_dagrun for example_branch_operator to 2024-06-17 00:00:00+00:00, run_after=2024-06-18 00:00:00+00:00
[2024-06-18T14:23:06.930+0545] {processor.py:183} INFO - Processing /home/prabal/afenv/lib/python3.10/site-packages/airflow/example_dags/example_branch_operator.py took 0.178 seconds
[2024-06-18T14:23:59.155+0545] {processor.py:161} INFO - Started process (PID=26169) to work on /home/prabal/afenv/lib/python3.10/site-packages/airflow/example_dags/example_branch_operator.py
[2024-06-18T14:23:59.168+0545] {processor.py:830} INFO - Processing file /home/prabal/afenv/lib/python3.10/site-packages/airflow/example_dags/example_branch_operator.py for tasks to queue
[2024-06-18T14:23:59.172+0545] {logging_mixin.py:188} INFO - [2024-06-18T14:23:59.171+0545] {dagbag.py:545} INFO - Filling up the DagBag from /home/prabal/afenv/lib/python3.10/site-packages/airflow/example_dags/example_branch_operator.py
[2024-06-18T14:23:59.207+0545] {processor.py:840} INFO - DAG(s) 'example_branch_operator' retrieved from /home/prabal/afenv/lib/python3.10/site-packages/airflow/example_dags/example_branch_operator.py
[2024-06-18T14:23:59.240+0545] {logging_mixin.py:188} INFO - [2024-06-18T14:23:59.239+0545] {dag.py:3096} INFO - Sync 1 DAGs
[2024-06-18T14:23:59.279+0545] {logging_mixin.py:188} INFO - [2024-06-18T14:23:59.279+0545] {dag.py:3954} INFO - Setting next_dagrun for example_branch_operator to 2024-06-17 00:00:00+00:00, run_after=2024-06-18 00:00:00+00:00
[2024-06-18T14:23:59.318+0545] {processor.py:183} INFO - Processing /home/prabal/afenv/lib/python3.10/site-packages/airflow/example_dags/example_branch_operator.py took 0.177 seconds
[2024-06-18T17:16:54.643+0545] {processor.py:161} INFO - Started process (PID=4455) to work on /home/prabal/afenv/lib/python3.10/site-packages/airflow/example_dags/example_branch_operator.py
[2024-06-18T17:16:54.646+0545] {processor.py:830} INFO - Processing file /home/prabal/afenv/lib/python3.10/site-packages/airflow/example_dags/example_branch_operator.py for tasks to queue
[2024-06-18T17:16:54.649+0545] {logging_mixin.py:188} INFO - [2024-06-18T17:16:54.648+0545] {dagbag.py:545} INFO - Filling up the DagBag from /home/prabal/afenv/lib/python3.10/site-packages/airflow/example_dags/example_branch_operator.py
[2024-06-18T17:16:54.697+0545] {processor.py:840} INFO - DAG(s) 'example_branch_operator' retrieved from /home/prabal/afenv/lib/python3.10/site-packages/airflow/example_dags/example_branch_operator.py
[2024-06-18T17:16:54.813+0545] {logging_mixin.py:188} INFO - [2024-06-18T17:16:54.812+0545] {dag.py:3096} INFO - Sync 1 DAGs
[2024-06-18T17:16:54.935+0545] {logging_mixin.py:188} INFO - [2024-06-18T17:16:54.935+0545] {dag.py:3954} INFO - Setting next_dagrun for example_branch_operator to 2024-06-17 00:00:00+00:00, run_after=2024-06-18 00:00:00+00:00
[2024-06-18T17:16:54.961+0545] {processor.py:183} INFO - Processing /home/prabal/afenv/lib/python3.10/site-packages/airflow/example_dags/example_branch_operator.py took 0.333 seconds
[2024-06-18T17:18:00.838+0545] {processor.py:161} INFO - Started process (PID=4771) to work on /home/prabal/afenv/lib/python3.10/site-packages/airflow/example_dags/example_branch_operator.py
[2024-06-18T17:18:00.851+0545] {processor.py:830} INFO - Processing file /home/prabal/afenv/lib/python3.10/site-packages/airflow/example_dags/example_branch_operator.py for tasks to queue
[2024-06-18T17:18:00.852+0545] {logging_mixin.py:188} INFO - [2024-06-18T17:18:00.851+0545] {dagbag.py:545} INFO - Filling up the DagBag from /home/prabal/afenv/lib/python3.10/site-packages/airflow/example_dags/example_branch_operator.py
[2024-06-18T17:18:00.886+0545] {processor.py:840} INFO - DAG(s) 'example_branch_operator' retrieved from /home/prabal/afenv/lib/python3.10/site-packages/airflow/example_dags/example_branch_operator.py
[2024-06-18T17:18:00.946+0545] {logging_mixin.py:188} INFO - [2024-06-18T17:18:00.946+0545] {dag.py:3096} INFO - Sync 1 DAGs
[2024-06-18T17:18:00.972+0545] {logging_mixin.py:188} INFO - [2024-06-18T17:18:00.972+0545] {dag.py:3954} INFO - Setting next_dagrun for example_branch_operator to 2024-06-17 00:00:00+00:00, run_after=2024-06-18 00:00:00+00:00
[2024-06-18T17:18:01.022+0545] {processor.py:183} INFO - Processing /home/prabal/afenv/lib/python3.10/site-packages/airflow/example_dags/example_branch_operator.py took 0.195 seconds
[2024-06-18T17:19:01.727+0545] {processor.py:161} INFO - Started process (PID=5483) to work on /home/prabal/afenv/lib/python3.10/site-packages/airflow/example_dags/example_branch_operator.py
[2024-06-18T17:19:01.734+0545] {processor.py:830} INFO - Processing file /home/prabal/afenv/lib/python3.10/site-packages/airflow/example_dags/example_branch_operator.py for tasks to queue
[2024-06-18T17:19:01.736+0545] {logging_mixin.py:188} INFO - [2024-06-18T17:19:01.735+0545] {dagbag.py:545} INFO - Filling up the DagBag from /home/prabal/afenv/lib/python3.10/site-packages/airflow/example_dags/example_branch_operator.py
[2024-06-18T17:19:01.781+0545] {processor.py:840} INFO - DAG(s) 'example_branch_operator' retrieved from /home/prabal/afenv/lib/python3.10/site-packages/airflow/example_dags/example_branch_operator.py
[2024-06-18T17:19:01.838+0545] {logging_mixin.py:188} INFO - [2024-06-18T17:19:01.838+0545] {dag.py:3096} INFO - Sync 1 DAGs
[2024-06-18T17:19:01.876+0545] {logging_mixin.py:188} INFO - [2024-06-18T17:19:01.876+0545] {dag.py:3954} INFO - Setting next_dagrun for example_branch_operator to 2024-06-17 00:00:00+00:00, run_after=2024-06-18 00:00:00+00:00
[2024-06-18T17:19:01.913+0545] {processor.py:183} INFO - Processing /home/prabal/afenv/lib/python3.10/site-packages/airflow/example_dags/example_branch_operator.py took 0.202 seconds
[2024-06-18T17:19:58.052+0545] {processor.py:161} INFO - Started process (PID=5906) to work on /home/prabal/afenv/lib/python3.10/site-packages/airflow/example_dags/example_branch_operator.py
[2024-06-18T17:19:58.066+0545] {processor.py:830} INFO - Processing file /home/prabal/afenv/lib/python3.10/site-packages/airflow/example_dags/example_branch_operator.py for tasks to queue
[2024-06-18T17:19:58.067+0545] {logging_mixin.py:188} INFO - [2024-06-18T17:19:58.067+0545] {dagbag.py:545} INFO - Filling up the DagBag from /home/prabal/afenv/lib/python3.10/site-packages/airflow/example_dags/example_branch_operator.py
[2024-06-18T17:19:58.098+0545] {processor.py:840} INFO - DAG(s) 'example_branch_operator' retrieved from /home/prabal/afenv/lib/python3.10/site-packages/airflow/example_dags/example_branch_operator.py
[2024-06-18T17:19:58.140+0545] {logging_mixin.py:188} INFO - [2024-06-18T17:19:58.140+0545] {dag.py:3096} INFO - Sync 1 DAGs
[2024-06-18T17:19:58.170+0545] {logging_mixin.py:188} INFO - [2024-06-18T17:19:58.169+0545] {dag.py:3954} INFO - Setting next_dagrun for example_branch_operator to 2024-06-17 00:00:00+00:00, run_after=2024-06-18 00:00:00+00:00
[2024-06-18T17:19:58.213+0545] {processor.py:183} INFO - Processing /home/prabal/afenv/lib/python3.10/site-packages/airflow/example_dags/example_branch_operator.py took 0.175 seconds
[2024-06-18T17:20:52.663+0545] {processor.py:161} INFO - Started process (PID=6576) to work on /home/prabal/afenv/lib/python3.10/site-packages/airflow/example_dags/example_branch_operator.py
[2024-06-18T17:20:52.676+0545] {processor.py:830} INFO - Processing file /home/prabal/afenv/lib/python3.10/site-packages/airflow/example_dags/example_branch_operator.py for tasks to queue
[2024-06-18T17:20:52.678+0545] {logging_mixin.py:188} INFO - [2024-06-18T17:20:52.677+0545] {dagbag.py:545} INFO - Filling up the DagBag from /home/prabal/afenv/lib/python3.10/site-packages/airflow/example_dags/example_branch_operator.py
[2024-06-18T17:20:52.709+0545] {processor.py:840} INFO - DAG(s) 'example_branch_operator' retrieved from /home/prabal/afenv/lib/python3.10/site-packages/airflow/example_dags/example_branch_operator.py
[2024-06-18T17:20:52.756+0545] {logging_mixin.py:188} INFO - [2024-06-18T17:20:52.755+0545] {dag.py:3096} INFO - Sync 1 DAGs
[2024-06-18T17:20:52.773+0545] {logging_mixin.py:188} INFO - [2024-06-18T17:20:52.773+0545] {dag.py:3954} INFO - Setting next_dagrun for example_branch_operator to 2024-06-17 00:00:00+00:00, run_after=2024-06-18 00:00:00+00:00
[2024-06-18T17:20:52.793+0545] {processor.py:183} INFO - Processing /home/prabal/afenv/lib/python3.10/site-packages/airflow/example_dags/example_branch_operator.py took 0.142 seconds
[2024-06-18T17:22:20.826+0545] {processor.py:161} INFO - Started process (PID=7105) to work on /home/prabal/afenv/lib/python3.10/site-packages/airflow/example_dags/example_branch_operator.py
[2024-06-18T17:22:20.839+0545] {processor.py:830} INFO - Processing file /home/prabal/afenv/lib/python3.10/site-packages/airflow/example_dags/example_branch_operator.py for tasks to queue
[2024-06-18T17:22:20.842+0545] {logging_mixin.py:188} INFO - [2024-06-18T17:22:20.842+0545] {dagbag.py:545} INFO - Filling up the DagBag from /home/prabal/afenv/lib/python3.10/site-packages/airflow/example_dags/example_branch_operator.py
[2024-06-18T17:22:20.872+0545] {processor.py:840} INFO - DAG(s) 'example_branch_operator' retrieved from /home/prabal/afenv/lib/python3.10/site-packages/airflow/example_dags/example_branch_operator.py
[2024-06-18T17:22:20.954+0545] {logging_mixin.py:188} INFO - [2024-06-18T17:22:20.954+0545] {dag.py:3096} INFO - Sync 1 DAGs
[2024-06-18T17:22:21.047+0545] {logging_mixin.py:188} INFO - [2024-06-18T17:22:21.047+0545] {dag.py:3954} INFO - Setting next_dagrun for example_branch_operator to 2024-06-17 00:00:00+00:00, run_after=2024-06-18 00:00:00+00:00
[2024-06-18T17:22:21.076+0545] {processor.py:183} INFO - Processing /home/prabal/afenv/lib/python3.10/site-packages/airflow/example_dags/example_branch_operator.py took 0.263 seconds
[2024-06-18T17:23:33.653+0545] {processor.py:161} INFO - Started process (PID=7477) to work on /home/prabal/afenv/lib/python3.10/site-packages/airflow/example_dags/example_branch_operator.py
[2024-06-18T17:23:33.666+0545] {processor.py:830} INFO - Processing file /home/prabal/afenv/lib/python3.10/site-packages/airflow/example_dags/example_branch_operator.py for tasks to queue
[2024-06-18T17:23:33.669+0545] {logging_mixin.py:188} INFO - [2024-06-18T17:23:33.669+0545] {dagbag.py:545} INFO - Filling up the DagBag from /home/prabal/afenv/lib/python3.10/site-packages/airflow/example_dags/example_branch_operator.py
[2024-06-18T17:23:33.704+0545] {processor.py:840} INFO - DAG(s) 'example_branch_operator' retrieved from /home/prabal/afenv/lib/python3.10/site-packages/airflow/example_dags/example_branch_operator.py
[2024-06-18T17:23:33.742+0545] {logging_mixin.py:188} INFO - [2024-06-18T17:23:33.742+0545] {dag.py:3096} INFO - Sync 1 DAGs
[2024-06-18T17:23:33.775+0545] {logging_mixin.py:188} INFO - [2024-06-18T17:23:33.774+0545] {dag.py:3954} INFO - Setting next_dagrun for example_branch_operator to 2024-06-17 00:00:00+00:00, run_after=2024-06-18 00:00:00+00:00
[2024-06-18T17:23:33.936+0545] {processor.py:183} INFO - Processing /home/prabal/afenv/lib/python3.10/site-packages/airflow/example_dags/example_branch_operator.py took 0.295 seconds
