[2024-06-18T13:42:31.802+0545] {processor.py:161} INFO - Started process (PID=14200) to work on /home/prabal/afenv/lib/python3.10/site-packages/airflow/example_dags/example_latest_only.py
[2024-06-18T13:42:31.803+0545] {processor.py:830} INFO - Processing file /home/prabal/afenv/lib/python3.10/site-packages/airflow/example_dags/example_latest_only.py for tasks to queue
[2024-06-18T13:42:31.806+0545] {logging_mixin.py:188} INFO - [2024-06-18T13:42:31.805+0545] {dagbag.py:545} INFO - Filling up the DagBag from /home/prabal/afenv/lib/python3.10/site-packages/airflow/example_dags/example_latest_only.py
[2024-06-18T13:42:31.816+0545] {processor.py:840} INFO - DAG(s) 'latest_only' retrieved from /home/prabal/afenv/lib/python3.10/site-packages/airflow/example_dags/example_latest_only.py
[2024-06-18T13:42:31.915+0545] {logging_mixin.py:188} INFO - [2024-06-18T13:42:31.915+0545] {override.py:1829} INFO - Created Permission View: can read on DAG:latest_only
[2024-06-18T13:42:31.924+0545] {logging_mixin.py:188} INFO - [2024-06-18T13:42:31.924+0545] {override.py:1829} INFO - Created Permission View: can edit on DAG:latest_only
[2024-06-18T13:42:31.930+0545] {logging_mixin.py:188} INFO - [2024-06-18T13:42:31.930+0545] {override.py:1829} INFO - Created Permission View: can delete on DAG:latest_only
[2024-06-18T13:42:31.931+0545] {logging_mixin.py:188} INFO - [2024-06-18T13:42:31.931+0545] {dag.py:3096} INFO - Sync 1 DAGs
[2024-06-18T13:42:31.940+0545] {logging_mixin.py:188} INFO - [2024-06-18T13:42:31.939+0545] {dag.py:3118} INFO - Creating ORM DAG for latest_only
[2024-06-18T13:42:31.947+0545] {logging_mixin.py:188} INFO - [2024-06-18T13:42:31.947+0545] {dag.py:3954} INFO - Setting next_dagrun for latest_only to 2024-06-18 00:00:00+00:00, run_after=2024-06-18 04:00:00+00:00
[2024-06-18T13:42:31.964+0545] {processor.py:183} INFO - Processing /home/prabal/afenv/lib/python3.10/site-packages/airflow/example_dags/example_latest_only.py took 0.174 seconds
[2024-06-18T13:43:31.807+0545] {processor.py:161} INFO - Started process (PID=14494) to work on /home/prabal/afenv/lib/python3.10/site-packages/airflow/example_dags/example_latest_only.py
[2024-06-18T13:43:31.820+0545] {processor.py:830} INFO - Processing file /home/prabal/afenv/lib/python3.10/site-packages/airflow/example_dags/example_latest_only.py for tasks to queue
[2024-06-18T13:43:31.824+0545] {logging_mixin.py:188} INFO - [2024-06-18T13:43:31.823+0545] {dagbag.py:545} INFO - Filling up the DagBag from /home/prabal/afenv/lib/python3.10/site-packages/airflow/example_dags/example_latest_only.py
[2024-06-18T13:43:31.835+0545] {processor.py:840} INFO - DAG(s) 'latest_only' retrieved from /home/prabal/afenv/lib/python3.10/site-packages/airflow/example_dags/example_latest_only.py
[2024-06-18T13:43:31.861+0545] {logging_mixin.py:188} INFO - [2024-06-18T13:43:31.861+0545] {dag.py:3096} INFO - Sync 1 DAGs
[2024-06-18T13:43:31.877+0545] {logging_mixin.py:188} INFO - [2024-06-18T13:43:31.877+0545] {dag.py:3954} INFO - Setting next_dagrun for latest_only to 2024-06-18 00:00:00+00:00, run_after=2024-06-18 04:00:00+00:00
[2024-06-18T13:43:31.895+0545] {processor.py:183} INFO - Processing /home/prabal/afenv/lib/python3.10/site-packages/airflow/example_dags/example_latest_only.py took 0.100 seconds
[2024-06-18T13:44:31.449+0545] {processor.py:161} INFO - Started process (PID=14784) to work on /home/prabal/afenv/lib/python3.10/site-packages/airflow/example_dags/example_latest_only.py
[2024-06-18T13:44:31.451+0545] {processor.py:830} INFO - Processing file /home/prabal/afenv/lib/python3.10/site-packages/airflow/example_dags/example_latest_only.py for tasks to queue
[2024-06-18T13:44:31.455+0545] {logging_mixin.py:188} INFO - [2024-06-18T13:44:31.454+0545] {dagbag.py:545} INFO - Filling up the DagBag from /home/prabal/afenv/lib/python3.10/site-packages/airflow/example_dags/example_latest_only.py
[2024-06-18T13:44:31.463+0545] {processor.py:840} INFO - DAG(s) 'latest_only' retrieved from /home/prabal/afenv/lib/python3.10/site-packages/airflow/example_dags/example_latest_only.py
[2024-06-18T13:44:31.618+0545] {logging_mixin.py:188} INFO - [2024-06-18T13:44:31.617+0545] {dag.py:3096} INFO - Sync 1 DAGs
[2024-06-18T13:44:31.648+0545] {logging_mixin.py:188} INFO - [2024-06-18T13:44:31.648+0545] {dag.py:3954} INFO - Setting next_dagrun for latest_only to 2024-06-18 00:00:00+00:00, run_after=2024-06-18 04:00:00+00:00
[2024-06-18T13:44:31.694+0545] {processor.py:183} INFO - Processing /home/prabal/afenv/lib/python3.10/site-packages/airflow/example_dags/example_latest_only.py took 0.254 seconds
[2024-06-18T13:45:31.299+0545] {processor.py:161} INFO - Started process (PID=15072) to work on /home/prabal/afenv/lib/python3.10/site-packages/airflow/example_dags/example_latest_only.py
[2024-06-18T13:45:31.312+0545] {processor.py:830} INFO - Processing file /home/prabal/afenv/lib/python3.10/site-packages/airflow/example_dags/example_latest_only.py for tasks to queue
[2024-06-18T13:45:31.317+0545] {logging_mixin.py:188} INFO - [2024-06-18T13:45:31.316+0545] {dagbag.py:545} INFO - Filling up the DagBag from /home/prabal/afenv/lib/python3.10/site-packages/airflow/example_dags/example_latest_only.py
[2024-06-18T13:45:31.328+0545] {processor.py:840} INFO - DAG(s) 'latest_only' retrieved from /home/prabal/afenv/lib/python3.10/site-packages/airflow/example_dags/example_latest_only.py
[2024-06-18T13:45:31.346+0545] {logging_mixin.py:188} INFO - [2024-06-18T13:45:31.346+0545] {dag.py:3096} INFO - Sync 1 DAGs
[2024-06-18T13:45:31.366+0545] {logging_mixin.py:188} INFO - [2024-06-18T13:45:31.366+0545] {dag.py:3954} INFO - Setting next_dagrun for latest_only to 2024-06-18 04:00:00+00:00, run_after=2024-06-18 08:00:00+00:00
[2024-06-18T13:45:31.383+0545] {processor.py:183} INFO - Processing /home/prabal/afenv/lib/python3.10/site-packages/airflow/example_dags/example_latest_only.py took 0.099 seconds
[2024-06-18T13:46:26.589+0545] {processor.py:161} INFO - Started process (PID=15339) to work on /home/prabal/afenv/lib/python3.10/site-packages/airflow/example_dags/example_latest_only.py
[2024-06-18T13:46:26.602+0545] {processor.py:830} INFO - Processing file /home/prabal/afenv/lib/python3.10/site-packages/airflow/example_dags/example_latest_only.py for tasks to queue
[2024-06-18T13:46:26.607+0545] {logging_mixin.py:188} INFO - [2024-06-18T13:46:26.606+0545] {dagbag.py:545} INFO - Filling up the DagBag from /home/prabal/afenv/lib/python3.10/site-packages/airflow/example_dags/example_latest_only.py
[2024-06-18T13:46:26.619+0545] {processor.py:840} INFO - DAG(s) 'latest_only' retrieved from /home/prabal/afenv/lib/python3.10/site-packages/airflow/example_dags/example_latest_only.py
[2024-06-18T13:46:26.645+0545] {logging_mixin.py:188} INFO - [2024-06-18T13:46:26.645+0545] {dag.py:3096} INFO - Sync 1 DAGs
[2024-06-18T13:46:26.677+0545] {logging_mixin.py:188} INFO - [2024-06-18T13:46:26.677+0545] {dag.py:3954} INFO - Setting next_dagrun for latest_only to 2024-06-18 04:00:00+00:00, run_after=2024-06-18 08:00:00+00:00
[2024-06-18T13:46:26.715+0545] {processor.py:183} INFO - Processing /home/prabal/afenv/lib/python3.10/site-packages/airflow/example_dags/example_latest_only.py took 0.141 seconds
[2024-06-18T13:47:19.550+0545] {processor.py:161} INFO - Started process (PID=15595) to work on /home/prabal/afenv/lib/python3.10/site-packages/airflow/example_dags/example_latest_only.py
[2024-06-18T13:47:19.563+0545] {processor.py:830} INFO - Processing file /home/prabal/afenv/lib/python3.10/site-packages/airflow/example_dags/example_latest_only.py for tasks to queue
[2024-06-18T13:47:19.566+0545] {logging_mixin.py:188} INFO - [2024-06-18T13:47:19.565+0545] {dagbag.py:545} INFO - Filling up the DagBag from /home/prabal/afenv/lib/python3.10/site-packages/airflow/example_dags/example_latest_only.py
[2024-06-18T13:47:19.577+0545] {processor.py:840} INFO - DAG(s) 'latest_only' retrieved from /home/prabal/afenv/lib/python3.10/site-packages/airflow/example_dags/example_latest_only.py
[2024-06-18T13:47:19.595+0545] {logging_mixin.py:188} INFO - [2024-06-18T13:47:19.594+0545] {dag.py:3096} INFO - Sync 1 DAGs
[2024-06-18T13:47:19.614+0545] {logging_mixin.py:188} INFO - [2024-06-18T13:47:19.614+0545] {dag.py:3954} INFO - Setting next_dagrun for latest_only to 2024-06-18 04:00:00+00:00, run_after=2024-06-18 08:00:00+00:00
[2024-06-18T13:47:19.633+0545] {processor.py:183} INFO - Processing /home/prabal/afenv/lib/python3.10/site-packages/airflow/example_dags/example_latest_only.py took 0.098 seconds
[2024-06-18T13:48:10.634+0545] {processor.py:161} INFO - Started process (PID=15846) to work on /home/prabal/afenv/lib/python3.10/site-packages/airflow/example_dags/example_latest_only.py
[2024-06-18T13:48:10.647+0545] {processor.py:830} INFO - Processing file /home/prabal/afenv/lib/python3.10/site-packages/airflow/example_dags/example_latest_only.py for tasks to queue
[2024-06-18T13:48:10.651+0545] {logging_mixin.py:188} INFO - [2024-06-18T13:48:10.650+0545] {dagbag.py:545} INFO - Filling up the DagBag from /home/prabal/afenv/lib/python3.10/site-packages/airflow/example_dags/example_latest_only.py
[2024-06-18T13:48:10.656+0545] {processor.py:840} INFO - DAG(s) 'latest_only' retrieved from /home/prabal/afenv/lib/python3.10/site-packages/airflow/example_dags/example_latest_only.py
[2024-06-18T13:48:10.669+0545] {logging_mixin.py:188} INFO - [2024-06-18T13:48:10.668+0545] {dag.py:3096} INFO - Sync 1 DAGs
[2024-06-18T13:48:10.684+0545] {logging_mixin.py:188} INFO - [2024-06-18T13:48:10.684+0545] {dag.py:3954} INFO - Setting next_dagrun for latest_only to 2024-06-18 04:00:00+00:00, run_after=2024-06-18 08:00:00+00:00
[2024-06-18T13:48:10.702+0545] {processor.py:183} INFO - Processing /home/prabal/afenv/lib/python3.10/site-packages/airflow/example_dags/example_latest_only.py took 0.083 seconds
[2024-06-18T13:49:55.366+0545] {processor.py:161} INFO - Started process (PID=16371) to work on /home/prabal/afenv/lib/python3.10/site-packages/airflow/example_dags/example_latest_only.py
[2024-06-18T13:49:55.378+0545] {processor.py:830} INFO - Processing file /home/prabal/afenv/lib/python3.10/site-packages/airflow/example_dags/example_latest_only.py for tasks to queue
[2024-06-18T13:49:55.381+0545] {logging_mixin.py:188} INFO - [2024-06-18T13:49:55.380+0545] {dagbag.py:545} INFO - Filling up the DagBag from /home/prabal/afenv/lib/python3.10/site-packages/airflow/example_dags/example_latest_only.py
[2024-06-18T13:49:55.386+0545] {processor.py:840} INFO - DAG(s) 'latest_only' retrieved from /home/prabal/afenv/lib/python3.10/site-packages/airflow/example_dags/example_latest_only.py
[2024-06-18T13:49:55.407+0545] {logging_mixin.py:188} INFO - [2024-06-18T13:49:55.405+0545] {dag.py:3096} INFO - Sync 1 DAGs
[2024-06-18T13:49:55.430+0545] {logging_mixin.py:188} INFO - [2024-06-18T13:49:55.430+0545] {dag.py:3954} INFO - Setting next_dagrun for latest_only to 2024-06-18 04:00:00+00:00, run_after=2024-06-18 08:00:00+00:00
[2024-06-18T13:49:55.452+0545] {processor.py:183} INFO - Processing /home/prabal/afenv/lib/python3.10/site-packages/airflow/example_dags/example_latest_only.py took 0.093 seconds
[2024-06-18T13:51:28.555+0545] {processor.py:161} INFO - Started process (PID=16827) to work on /home/prabal/afenv/lib/python3.10/site-packages/airflow/example_dags/example_latest_only.py
[2024-06-18T13:51:28.557+0545] {processor.py:830} INFO - Processing file /home/prabal/afenv/lib/python3.10/site-packages/airflow/example_dags/example_latest_only.py for tasks to queue
[2024-06-18T13:51:28.561+0545] {logging_mixin.py:188} INFO - [2024-06-18T13:51:28.560+0545] {dagbag.py:545} INFO - Filling up the DagBag from /home/prabal/afenv/lib/python3.10/site-packages/airflow/example_dags/example_latest_only.py
[2024-06-18T13:51:28.569+0545] {processor.py:840} INFO - DAG(s) 'latest_only' retrieved from /home/prabal/afenv/lib/python3.10/site-packages/airflow/example_dags/example_latest_only.py
[2024-06-18T13:51:28.591+0545] {logging_mixin.py:188} INFO - [2024-06-18T13:51:28.591+0545] {dag.py:3096} INFO - Sync 1 DAGs
[2024-06-18T13:51:28.613+0545] {logging_mixin.py:188} INFO - [2024-06-18T13:51:28.613+0545] {dag.py:3954} INFO - Setting next_dagrun for latest_only to 2024-06-18 04:00:00+00:00, run_after=2024-06-18 08:00:00+00:00
[2024-06-18T13:51:28.638+0545] {processor.py:183} INFO - Processing /home/prabal/afenv/lib/python3.10/site-packages/airflow/example_dags/example_latest_only.py took 0.095 seconds
[2024-06-18T13:52:31.548+0545] {processor.py:161} INFO - Started process (PID=17177) to work on /home/prabal/afenv/lib/python3.10/site-packages/airflow/example_dags/example_latest_only.py
[2024-06-18T13:52:31.551+0545] {processor.py:830} INFO - Processing file /home/prabal/afenv/lib/python3.10/site-packages/airflow/example_dags/example_latest_only.py for tasks to queue
[2024-06-18T13:52:31.556+0545] {logging_mixin.py:188} INFO - [2024-06-18T13:52:31.555+0545] {dagbag.py:545} INFO - Filling up the DagBag from /home/prabal/afenv/lib/python3.10/site-packages/airflow/example_dags/example_latest_only.py
[2024-06-18T13:52:31.567+0545] {processor.py:840} INFO - DAG(s) 'latest_only' retrieved from /home/prabal/afenv/lib/python3.10/site-packages/airflow/example_dags/example_latest_only.py
[2024-06-18T13:52:31.602+0545] {logging_mixin.py:188} INFO - [2024-06-18T13:52:31.602+0545] {dag.py:3096} INFO - Sync 1 DAGs
[2024-06-18T13:52:31.639+0545] {logging_mixin.py:188} INFO - [2024-06-18T13:52:31.639+0545] {dag.py:3954} INFO - Setting next_dagrun for latest_only to 2024-06-18 04:00:00+00:00, run_after=2024-06-18 08:00:00+00:00
[2024-06-18T13:52:31.672+0545] {processor.py:183} INFO - Processing /home/prabal/afenv/lib/python3.10/site-packages/airflow/example_dags/example_latest_only.py took 0.140 seconds
[2024-06-18T13:53:45.909+0545] {processor.py:161} INFO - Started process (PID=17562) to work on /home/prabal/afenv/lib/python3.10/site-packages/airflow/example_dags/example_latest_only.py
[2024-06-18T13:53:45.923+0545] {processor.py:830} INFO - Processing file /home/prabal/afenv/lib/python3.10/site-packages/airflow/example_dags/example_latest_only.py for tasks to queue
[2024-06-18T13:53:45.927+0545] {logging_mixin.py:188} INFO - [2024-06-18T13:53:45.926+0545] {dagbag.py:545} INFO - Filling up the DagBag from /home/prabal/afenv/lib/python3.10/site-packages/airflow/example_dags/example_latest_only.py
[2024-06-18T13:53:45.939+0545] {processor.py:840} INFO - DAG(s) 'latest_only' retrieved from /home/prabal/afenv/lib/python3.10/site-packages/airflow/example_dags/example_latest_only.py
[2024-06-18T13:53:45.973+0545] {logging_mixin.py:188} INFO - [2024-06-18T13:53:45.973+0545] {dag.py:3096} INFO - Sync 1 DAGs
[2024-06-18T13:53:46.013+0545] {logging_mixin.py:188} INFO - [2024-06-18T13:53:46.012+0545] {dag.py:3954} INFO - Setting next_dagrun for latest_only to 2024-06-18 04:00:00+00:00, run_after=2024-06-18 08:00:00+00:00
[2024-06-18T13:53:46.031+0545] {processor.py:183} INFO - Processing /home/prabal/afenv/lib/python3.10/site-packages/airflow/example_dags/example_latest_only.py took 0.135 seconds
[2024-06-18T13:54:39.536+0545] {processor.py:161} INFO - Started process (PID=17823) to work on /home/prabal/afenv/lib/python3.10/site-packages/airflow/example_dags/example_latest_only.py
[2024-06-18T13:54:39.544+0545] {processor.py:830} INFO - Processing file /home/prabal/afenv/lib/python3.10/site-packages/airflow/example_dags/example_latest_only.py for tasks to queue
[2024-06-18T13:54:39.547+0545] {logging_mixin.py:188} INFO - [2024-06-18T13:54:39.546+0545] {dagbag.py:545} INFO - Filling up the DagBag from /home/prabal/afenv/lib/python3.10/site-packages/airflow/example_dags/example_latest_only.py
[2024-06-18T13:54:39.555+0545] {processor.py:840} INFO - DAG(s) 'latest_only' retrieved from /home/prabal/afenv/lib/python3.10/site-packages/airflow/example_dags/example_latest_only.py
[2024-06-18T13:54:39.574+0545] {logging_mixin.py:188} INFO - [2024-06-18T13:54:39.574+0545] {dag.py:3096} INFO - Sync 1 DAGs
[2024-06-18T13:54:39.605+0545] {logging_mixin.py:188} INFO - [2024-06-18T13:54:39.605+0545] {dag.py:3954} INFO - Setting next_dagrun for latest_only to 2024-06-18 04:00:00+00:00, run_after=2024-06-18 08:00:00+00:00
[2024-06-18T13:54:39.625+0545] {processor.py:183} INFO - Processing /home/prabal/afenv/lib/python3.10/site-packages/airflow/example_dags/example_latest_only.py took 0.098 seconds
[2024-06-18T13:55:43.095+0545] {processor.py:161} INFO - Started process (PID=18152) to work on /home/prabal/afenv/lib/python3.10/site-packages/airflow/example_dags/example_latest_only.py
[2024-06-18T13:55:43.109+0545] {processor.py:830} INFO - Processing file /home/prabal/afenv/lib/python3.10/site-packages/airflow/example_dags/example_latest_only.py for tasks to queue
[2024-06-18T13:55:43.112+0545] {logging_mixin.py:188} INFO - [2024-06-18T13:55:43.111+0545] {dagbag.py:545} INFO - Filling up the DagBag from /home/prabal/afenv/lib/python3.10/site-packages/airflow/example_dags/example_latest_only.py
[2024-06-18T13:55:43.123+0545] {processor.py:840} INFO - DAG(s) 'latest_only' retrieved from /home/prabal/afenv/lib/python3.10/site-packages/airflow/example_dags/example_latest_only.py
[2024-06-18T13:55:43.150+0545] {logging_mixin.py:188} INFO - [2024-06-18T13:55:43.149+0545] {dag.py:3096} INFO - Sync 1 DAGs
[2024-06-18T13:55:43.188+0545] {logging_mixin.py:188} INFO - [2024-06-18T13:55:43.188+0545] {dag.py:3954} INFO - Setting next_dagrun for latest_only to 2024-06-18 04:00:00+00:00, run_after=2024-06-18 08:00:00+00:00
[2024-06-18T13:55:43.229+0545] {processor.py:183} INFO - Processing /home/prabal/afenv/lib/python3.10/site-packages/airflow/example_dags/example_latest_only.py took 0.147 seconds
[2024-06-18T13:56:37.769+0545] {processor.py:161} INFO - Started process (PID=18418) to work on /home/prabal/afenv/lib/python3.10/site-packages/airflow/example_dags/example_latest_only.py
[2024-06-18T13:56:37.782+0545] {processor.py:830} INFO - Processing file /home/prabal/afenv/lib/python3.10/site-packages/airflow/example_dags/example_latest_only.py for tasks to queue
[2024-06-18T13:56:37.784+0545] {logging_mixin.py:188} INFO - [2024-06-18T13:56:37.784+0545] {dagbag.py:545} INFO - Filling up the DagBag from /home/prabal/afenv/lib/python3.10/site-packages/airflow/example_dags/example_latest_only.py
[2024-06-18T13:56:37.789+0545] {processor.py:840} INFO - DAG(s) 'latest_only' retrieved from /home/prabal/afenv/lib/python3.10/site-packages/airflow/example_dags/example_latest_only.py
[2024-06-18T13:56:37.808+0545] {logging_mixin.py:188} INFO - [2024-06-18T13:56:37.808+0545] {dag.py:3096} INFO - Sync 1 DAGs
[2024-06-18T13:56:37.830+0545] {logging_mixin.py:188} INFO - [2024-06-18T13:56:37.829+0545] {dag.py:3954} INFO - Setting next_dagrun for latest_only to 2024-06-18 04:00:00+00:00, run_after=2024-06-18 08:00:00+00:00
[2024-06-18T13:56:37.854+0545] {processor.py:183} INFO - Processing /home/prabal/afenv/lib/python3.10/site-packages/airflow/example_dags/example_latest_only.py took 0.097 seconds
[2024-06-18T13:57:28.158+0545] {processor.py:161} INFO - Started process (PID=18662) to work on /home/prabal/afenv/lib/python3.10/site-packages/airflow/example_dags/example_latest_only.py
[2024-06-18T13:57:28.171+0545] {processor.py:830} INFO - Processing file /home/prabal/afenv/lib/python3.10/site-packages/airflow/example_dags/example_latest_only.py for tasks to queue
[2024-06-18T13:57:28.175+0545] {logging_mixin.py:188} INFO - [2024-06-18T13:57:28.174+0545] {dagbag.py:545} INFO - Filling up the DagBag from /home/prabal/afenv/lib/python3.10/site-packages/airflow/example_dags/example_latest_only.py
[2024-06-18T13:57:28.188+0545] {processor.py:840} INFO - DAG(s) 'latest_only' retrieved from /home/prabal/afenv/lib/python3.10/site-packages/airflow/example_dags/example_latest_only.py
[2024-06-18T13:57:28.220+0545] {logging_mixin.py:188} INFO - [2024-06-18T13:57:28.219+0545] {dag.py:3096} INFO - Sync 1 DAGs
[2024-06-18T13:57:28.239+0545] {logging_mixin.py:188} INFO - [2024-06-18T13:57:28.239+0545] {dag.py:3954} INFO - Setting next_dagrun for latest_only to 2024-06-18 04:00:00+00:00, run_after=2024-06-18 08:00:00+00:00
[2024-06-18T13:57:28.271+0545] {processor.py:183} INFO - Processing /home/prabal/afenv/lib/python3.10/site-packages/airflow/example_dags/example_latest_only.py took 0.126 seconds
[2024-06-18T14:05:28.254+0545] {processor.py:161} INFO - Started process (PID=20789) to work on /home/prabal/afenv/lib/python3.10/site-packages/airflow/example_dags/example_latest_only.py
[2024-06-18T14:05:28.267+0545] {processor.py:830} INFO - Processing file /home/prabal/afenv/lib/python3.10/site-packages/airflow/example_dags/example_latest_only.py for tasks to queue
[2024-06-18T14:05:28.271+0545] {logging_mixin.py:188} INFO - [2024-06-18T14:05:28.270+0545] {dagbag.py:545} INFO - Filling up the DagBag from /home/prabal/afenv/lib/python3.10/site-packages/airflow/example_dags/example_latest_only.py
[2024-06-18T14:05:28.285+0545] {processor.py:840} INFO - DAG(s) 'latest_only' retrieved from /home/prabal/afenv/lib/python3.10/site-packages/airflow/example_dags/example_latest_only.py
[2024-06-18T14:05:28.306+0545] {logging_mixin.py:188} INFO - [2024-06-18T14:05:28.306+0545] {dag.py:3096} INFO - Sync 1 DAGs
[2024-06-18T14:05:28.341+0545] {logging_mixin.py:188} INFO - [2024-06-18T14:05:28.341+0545] {dag.py:3954} INFO - Setting next_dagrun for latest_only to 2024-06-18 04:00:00+00:00, run_after=2024-06-18 08:00:00+00:00
[2024-06-18T14:05:28.361+0545] {processor.py:183} INFO - Processing /home/prabal/afenv/lib/python3.10/site-packages/airflow/example_dags/example_latest_only.py took 0.122 seconds
[2024-06-18T14:06:26.166+0545] {processor.py:161} INFO - Started process (PID=21066) to work on /home/prabal/afenv/lib/python3.10/site-packages/airflow/example_dags/example_latest_only.py
[2024-06-18T14:06:26.179+0545] {processor.py:830} INFO - Processing file /home/prabal/afenv/lib/python3.10/site-packages/airflow/example_dags/example_latest_only.py for tasks to queue
[2024-06-18T14:06:26.183+0545] {logging_mixin.py:188} INFO - [2024-06-18T14:06:26.182+0545] {dagbag.py:545} INFO - Filling up the DagBag from /home/prabal/afenv/lib/python3.10/site-packages/airflow/example_dags/example_latest_only.py
[2024-06-18T14:06:26.193+0545] {processor.py:840} INFO - DAG(s) 'latest_only' retrieved from /home/prabal/afenv/lib/python3.10/site-packages/airflow/example_dags/example_latest_only.py
[2024-06-18T14:06:26.220+0545] {logging_mixin.py:188} INFO - [2024-06-18T14:06:26.220+0545] {dag.py:3096} INFO - Sync 1 DAGs
[2024-06-18T14:06:26.255+0545] {logging_mixin.py:188} INFO - [2024-06-18T14:06:26.255+0545] {dag.py:3954} INFO - Setting next_dagrun for latest_only to 2024-06-18 04:00:00+00:00, run_after=2024-06-18 08:00:00+00:00
[2024-06-18T14:06:26.281+0545] {processor.py:183} INFO - Processing /home/prabal/afenv/lib/python3.10/site-packages/airflow/example_dags/example_latest_only.py took 0.129 seconds
[2024-06-18T14:07:24.044+0545] {processor.py:161} INFO - Started process (PID=21344) to work on /home/prabal/afenv/lib/python3.10/site-packages/airflow/example_dags/example_latest_only.py
[2024-06-18T14:07:24.057+0545] {processor.py:830} INFO - Processing file /home/prabal/afenv/lib/python3.10/site-packages/airflow/example_dags/example_latest_only.py for tasks to queue
[2024-06-18T14:07:24.060+0545] {logging_mixin.py:188} INFO - [2024-06-18T14:07:24.060+0545] {dagbag.py:545} INFO - Filling up the DagBag from /home/prabal/afenv/lib/python3.10/site-packages/airflow/example_dags/example_latest_only.py
[2024-06-18T14:07:24.174+0545] {processor.py:840} INFO - DAG(s) 'latest_only' retrieved from /home/prabal/afenv/lib/python3.10/site-packages/airflow/example_dags/example_latest_only.py
[2024-06-18T14:07:24.184+0545] {logging_mixin.py:188} INFO - [2024-06-18T14:07:24.183+0545] {dag.py:3096} INFO - Sync 1 DAGs
[2024-06-18T14:07:24.200+0545] {logging_mixin.py:188} INFO - [2024-06-18T14:07:24.200+0545] {dag.py:3954} INFO - Setting next_dagrun for latest_only to 2024-06-18 04:00:00+00:00, run_after=2024-06-18 08:00:00+00:00
[2024-06-18T14:07:24.227+0545] {processor.py:183} INFO - Processing /home/prabal/afenv/lib/python3.10/site-packages/airflow/example_dags/example_latest_only.py took 0.196 seconds
[2024-06-18T14:08:20.522+0545] {processor.py:161} INFO - Started process (PID=21625) to work on /home/prabal/afenv/lib/python3.10/site-packages/airflow/example_dags/example_latest_only.py
[2024-06-18T14:08:20.535+0545] {processor.py:830} INFO - Processing file /home/prabal/afenv/lib/python3.10/site-packages/airflow/example_dags/example_latest_only.py for tasks to queue
[2024-06-18T14:08:20.538+0545] {logging_mixin.py:188} INFO - [2024-06-18T14:08:20.538+0545] {dagbag.py:545} INFO - Filling up the DagBag from /home/prabal/afenv/lib/python3.10/site-packages/airflow/example_dags/example_latest_only.py
[2024-06-18T14:08:20.548+0545] {processor.py:840} INFO - DAG(s) 'latest_only' retrieved from /home/prabal/afenv/lib/python3.10/site-packages/airflow/example_dags/example_latest_only.py
[2024-06-18T14:08:20.575+0545] {logging_mixin.py:188} INFO - [2024-06-18T14:08:20.574+0545] {dag.py:3096} INFO - Sync 1 DAGs
[2024-06-18T14:08:20.615+0545] {logging_mixin.py:188} INFO - [2024-06-18T14:08:20.614+0545] {dag.py:3954} INFO - Setting next_dagrun for latest_only to 2024-06-18 04:00:00+00:00, run_after=2024-06-18 08:00:00+00:00
[2024-06-18T14:08:20.647+0545] {processor.py:183} INFO - Processing /home/prabal/afenv/lib/python3.10/site-packages/airflow/example_dags/example_latest_only.py took 0.139 seconds
[2024-06-18T14:09:17.286+0545] {processor.py:161} INFO - Started process (PID=21898) to work on /home/prabal/afenv/lib/python3.10/site-packages/airflow/example_dags/example_latest_only.py
[2024-06-18T14:09:17.299+0545] {processor.py:830} INFO - Processing file /home/prabal/afenv/lib/python3.10/site-packages/airflow/example_dags/example_latest_only.py for tasks to queue
[2024-06-18T14:09:17.304+0545] {logging_mixin.py:188} INFO - [2024-06-18T14:09:17.303+0545] {dagbag.py:545} INFO - Filling up the DagBag from /home/prabal/afenv/lib/python3.10/site-packages/airflow/example_dags/example_latest_only.py
[2024-06-18T14:09:17.315+0545] {processor.py:840} INFO - DAG(s) 'latest_only' retrieved from /home/prabal/afenv/lib/python3.10/site-packages/airflow/example_dags/example_latest_only.py
[2024-06-18T14:09:17.333+0545] {logging_mixin.py:188} INFO - [2024-06-18T14:09:17.332+0545] {dag.py:3096} INFO - Sync 1 DAGs
[2024-06-18T14:09:17.351+0545] {logging_mixin.py:188} INFO - [2024-06-18T14:09:17.351+0545] {dag.py:3954} INFO - Setting next_dagrun for latest_only to 2024-06-18 04:00:00+00:00, run_after=2024-06-18 08:00:00+00:00
[2024-06-18T14:09:17.370+0545] {processor.py:183} INFO - Processing /home/prabal/afenv/lib/python3.10/site-packages/airflow/example_dags/example_latest_only.py took 0.098 seconds
[2024-06-18T14:10:11.981+0545] {processor.py:161} INFO - Started process (PID=22160) to work on /home/prabal/afenv/lib/python3.10/site-packages/airflow/example_dags/example_latest_only.py
[2024-06-18T14:10:11.994+0545] {processor.py:830} INFO - Processing file /home/prabal/afenv/lib/python3.10/site-packages/airflow/example_dags/example_latest_only.py for tasks to queue
[2024-06-18T14:10:11.998+0545] {logging_mixin.py:188} INFO - [2024-06-18T14:10:11.997+0545] {dagbag.py:545} INFO - Filling up the DagBag from /home/prabal/afenv/lib/python3.10/site-packages/airflow/example_dags/example_latest_only.py
[2024-06-18T14:10:12.009+0545] {processor.py:840} INFO - DAG(s) 'latest_only' retrieved from /home/prabal/afenv/lib/python3.10/site-packages/airflow/example_dags/example_latest_only.py
[2024-06-18T14:10:12.044+0545] {logging_mixin.py:188} INFO - [2024-06-18T14:10:12.043+0545] {dag.py:3096} INFO - Sync 1 DAGs
[2024-06-18T14:10:12.076+0545] {logging_mixin.py:188} INFO - [2024-06-18T14:10:12.076+0545] {dag.py:3954} INFO - Setting next_dagrun for latest_only to 2024-06-18 04:00:00+00:00, run_after=2024-06-18 08:00:00+00:00
[2024-06-18T14:10:12.098+0545] {processor.py:183} INFO - Processing /home/prabal/afenv/lib/python3.10/site-packages/airflow/example_dags/example_latest_only.py took 0.130 seconds
[2024-06-18T14:11:05.096+0545] {processor.py:161} INFO - Started process (PID=22415) to work on /home/prabal/afenv/lib/python3.10/site-packages/airflow/example_dags/example_latest_only.py
[2024-06-18T14:11:05.110+0545] {processor.py:830} INFO - Processing file /home/prabal/afenv/lib/python3.10/site-packages/airflow/example_dags/example_latest_only.py for tasks to queue
[2024-06-18T14:11:05.113+0545] {logging_mixin.py:188} INFO - [2024-06-18T14:11:05.112+0545] {dagbag.py:545} INFO - Filling up the DagBag from /home/prabal/afenv/lib/python3.10/site-packages/airflow/example_dags/example_latest_only.py
[2024-06-18T14:11:05.125+0545] {processor.py:840} INFO - DAG(s) 'latest_only' retrieved from /home/prabal/afenv/lib/python3.10/site-packages/airflow/example_dags/example_latest_only.py
[2024-06-18T14:11:05.156+0545] {logging_mixin.py:188} INFO - [2024-06-18T14:11:05.156+0545] {dag.py:3096} INFO - Sync 1 DAGs
[2024-06-18T14:11:05.175+0545] {logging_mixin.py:188} INFO - [2024-06-18T14:11:05.175+0545] {dag.py:3954} INFO - Setting next_dagrun for latest_only to 2024-06-18 04:00:00+00:00, run_after=2024-06-18 08:00:00+00:00
[2024-06-18T14:11:05.194+0545] {processor.py:183} INFO - Processing /home/prabal/afenv/lib/python3.10/site-packages/airflow/example_dags/example_latest_only.py took 0.112 seconds
[2024-06-18T14:11:57.928+0545] {processor.py:161} INFO - Started process (PID=22671) to work on /home/prabal/afenv/lib/python3.10/site-packages/airflow/example_dags/example_latest_only.py
[2024-06-18T14:11:57.942+0545] {processor.py:830} INFO - Processing file /home/prabal/afenv/lib/python3.10/site-packages/airflow/example_dags/example_latest_only.py for tasks to queue
[2024-06-18T14:11:57.945+0545] {logging_mixin.py:188} INFO - [2024-06-18T14:11:57.944+0545] {dagbag.py:545} INFO - Filling up the DagBag from /home/prabal/afenv/lib/python3.10/site-packages/airflow/example_dags/example_latest_only.py
[2024-06-18T14:11:57.956+0545] {processor.py:840} INFO - DAG(s) 'latest_only' retrieved from /home/prabal/afenv/lib/python3.10/site-packages/airflow/example_dags/example_latest_only.py
[2024-06-18T14:11:57.984+0545] {logging_mixin.py:188} INFO - [2024-06-18T14:11:57.984+0545] {dag.py:3096} INFO - Sync 1 DAGs
[2024-06-18T14:11:58.020+0545] {logging_mixin.py:188} INFO - [2024-06-18T14:11:58.019+0545] {dag.py:3954} INFO - Setting next_dagrun for latest_only to 2024-06-18 04:00:00+00:00, run_after=2024-06-18 08:00:00+00:00
[2024-06-18T14:11:58.056+0545] {processor.py:183} INFO - Processing /home/prabal/afenv/lib/python3.10/site-packages/airflow/example_dags/example_latest_only.py took 0.143 seconds
[2024-06-18T14:12:49.883+0545] {processor.py:161} INFO - Started process (PID=22921) to work on /home/prabal/afenv/lib/python3.10/site-packages/airflow/example_dags/example_latest_only.py
[2024-06-18T14:12:49.897+0545] {processor.py:830} INFO - Processing file /home/prabal/afenv/lib/python3.10/site-packages/airflow/example_dags/example_latest_only.py for tasks to queue
[2024-06-18T14:12:49.900+0545] {logging_mixin.py:188} INFO - [2024-06-18T14:12:49.899+0545] {dagbag.py:545} INFO - Filling up the DagBag from /home/prabal/afenv/lib/python3.10/site-packages/airflow/example_dags/example_latest_only.py
[2024-06-18T14:12:49.912+0545] {processor.py:840} INFO - DAG(s) 'latest_only' retrieved from /home/prabal/afenv/lib/python3.10/site-packages/airflow/example_dags/example_latest_only.py
[2024-06-18T14:12:49.930+0545] {logging_mixin.py:188} INFO - [2024-06-18T14:12:49.929+0545] {dag.py:3096} INFO - Sync 1 DAGs
[2024-06-18T14:12:49.965+0545] {logging_mixin.py:188} INFO - [2024-06-18T14:12:49.965+0545] {dag.py:3954} INFO - Setting next_dagrun for latest_only to 2024-06-18 04:00:00+00:00, run_after=2024-06-18 08:00:00+00:00
[2024-06-18T14:12:50.009+0545] {processor.py:183} INFO - Processing /home/prabal/afenv/lib/python3.10/site-packages/airflow/example_dags/example_latest_only.py took 0.139 seconds
[2024-06-18T14:13:40.909+0545] {processor.py:161} INFO - Started process (PID=23168) to work on /home/prabal/afenv/lib/python3.10/site-packages/airflow/example_dags/example_latest_only.py
[2024-06-18T14:13:40.924+0545] {processor.py:830} INFO - Processing file /home/prabal/afenv/lib/python3.10/site-packages/airflow/example_dags/example_latest_only.py for tasks to queue
[2024-06-18T14:13:40.927+0545] {logging_mixin.py:188} INFO - [2024-06-18T14:13:40.927+0545] {dagbag.py:545} INFO - Filling up the DagBag from /home/prabal/afenv/lib/python3.10/site-packages/airflow/example_dags/example_latest_only.py
[2024-06-18T14:13:40.940+0545] {processor.py:840} INFO - DAG(s) 'latest_only' retrieved from /home/prabal/afenv/lib/python3.10/site-packages/airflow/example_dags/example_latest_only.py
[2024-06-18T14:13:40.968+0545] {logging_mixin.py:188} INFO - [2024-06-18T14:13:40.968+0545] {dag.py:3096} INFO - Sync 1 DAGs
[2024-06-18T14:13:41.007+0545] {logging_mixin.py:188} INFO - [2024-06-18T14:13:41.007+0545] {dag.py:3954} INFO - Setting next_dagrun for latest_only to 2024-06-18 04:00:00+00:00, run_after=2024-06-18 08:00:00+00:00
[2024-06-18T14:13:41.034+0545] {processor.py:183} INFO - Processing /home/prabal/afenv/lib/python3.10/site-packages/airflow/example_dags/example_latest_only.py took 0.141 seconds
[2024-06-18T14:14:33.436+0545] {processor.py:161} INFO - Started process (PID=23421) to work on /home/prabal/afenv/lib/python3.10/site-packages/airflow/example_dags/example_latest_only.py
[2024-06-18T14:14:33.451+0545] {processor.py:830} INFO - Processing file /home/prabal/afenv/lib/python3.10/site-packages/airflow/example_dags/example_latest_only.py for tasks to queue
[2024-06-18T14:14:33.455+0545] {logging_mixin.py:188} INFO - [2024-06-18T14:14:33.454+0545] {dagbag.py:545} INFO - Filling up the DagBag from /home/prabal/afenv/lib/python3.10/site-packages/airflow/example_dags/example_latest_only.py
[2024-06-18T14:14:33.466+0545] {processor.py:840} INFO - DAG(s) 'latest_only' retrieved from /home/prabal/afenv/lib/python3.10/site-packages/airflow/example_dags/example_latest_only.py
[2024-06-18T14:14:33.499+0545] {logging_mixin.py:188} INFO - [2024-06-18T14:14:33.498+0545] {dag.py:3096} INFO - Sync 1 DAGs
[2024-06-18T14:14:33.532+0545] {logging_mixin.py:188} INFO - [2024-06-18T14:14:33.532+0545] {dag.py:3954} INFO - Setting next_dagrun for latest_only to 2024-06-18 04:00:00+00:00, run_after=2024-06-18 08:00:00+00:00
[2024-06-18T14:14:33.552+0545] {processor.py:183} INFO - Processing /home/prabal/afenv/lib/python3.10/site-packages/airflow/example_dags/example_latest_only.py took 0.131 seconds
[2024-06-18T14:15:37.237+0545] {processor.py:161} INFO - Started process (PID=23751) to work on /home/prabal/afenv/lib/python3.10/site-packages/airflow/example_dags/example_latest_only.py
[2024-06-18T14:15:37.250+0545] {processor.py:830} INFO - Processing file /home/prabal/afenv/lib/python3.10/site-packages/airflow/example_dags/example_latest_only.py for tasks to queue
[2024-06-18T14:15:37.254+0545] {logging_mixin.py:188} INFO - [2024-06-18T14:15:37.253+0545] {dagbag.py:545} INFO - Filling up the DagBag from /home/prabal/afenv/lib/python3.10/site-packages/airflow/example_dags/example_latest_only.py
[2024-06-18T14:15:37.265+0545] {processor.py:840} INFO - DAG(s) 'latest_only' retrieved from /home/prabal/afenv/lib/python3.10/site-packages/airflow/example_dags/example_latest_only.py
[2024-06-18T14:15:37.299+0545] {logging_mixin.py:188} INFO - [2024-06-18T14:15:37.298+0545] {dag.py:3096} INFO - Sync 1 DAGs
[2024-06-18T14:15:37.322+0545] {logging_mixin.py:188} INFO - [2024-06-18T14:15:37.322+0545] {dag.py:3954} INFO - Setting next_dagrun for latest_only to 2024-06-18 04:00:00+00:00, run_after=2024-06-18 08:00:00+00:00
[2024-06-18T14:15:37.341+0545] {processor.py:183} INFO - Processing /home/prabal/afenv/lib/python3.10/site-packages/airflow/example_dags/example_latest_only.py took 0.119 seconds
[2024-06-18T14:16:34.197+0545] {processor.py:161} INFO - Started process (PID=24026) to work on /home/prabal/afenv/lib/python3.10/site-packages/airflow/example_dags/example_latest_only.py
[2024-06-18T14:16:34.210+0545] {processor.py:830} INFO - Processing file /home/prabal/afenv/lib/python3.10/site-packages/airflow/example_dags/example_latest_only.py for tasks to queue
[2024-06-18T14:16:34.214+0545] {logging_mixin.py:188} INFO - [2024-06-18T14:16:34.213+0545] {dagbag.py:545} INFO - Filling up the DagBag from /home/prabal/afenv/lib/python3.10/site-packages/airflow/example_dags/example_latest_only.py
[2024-06-18T14:16:34.225+0545] {processor.py:840} INFO - DAG(s) 'latest_only' retrieved from /home/prabal/afenv/lib/python3.10/site-packages/airflow/example_dags/example_latest_only.py
[2024-06-18T14:16:34.258+0545] {logging_mixin.py:188} INFO - [2024-06-18T14:16:34.258+0545] {dag.py:3096} INFO - Sync 1 DAGs
[2024-06-18T14:16:34.299+0545] {logging_mixin.py:188} INFO - [2024-06-18T14:16:34.299+0545] {dag.py:3954} INFO - Setting next_dagrun for latest_only to 2024-06-18 04:00:00+00:00, run_after=2024-06-18 08:00:00+00:00
[2024-06-18T14:16:34.334+0545] {processor.py:183} INFO - Processing /home/prabal/afenv/lib/python3.10/site-packages/airflow/example_dags/example_latest_only.py took 0.143 seconds
[2024-06-18T14:17:27.611+0545] {processor.py:161} INFO - Started process (PID=24285) to work on /home/prabal/afenv/lib/python3.10/site-packages/airflow/example_dags/example_latest_only.py
[2024-06-18T14:17:27.623+0545] {processor.py:830} INFO - Processing file /home/prabal/afenv/lib/python3.10/site-packages/airflow/example_dags/example_latest_only.py for tasks to queue
[2024-06-18T14:17:27.627+0545] {logging_mixin.py:188} INFO - [2024-06-18T14:17:27.626+0545] {dagbag.py:545} INFO - Filling up the DagBag from /home/prabal/afenv/lib/python3.10/site-packages/airflow/example_dags/example_latest_only.py
[2024-06-18T14:17:27.639+0545] {processor.py:840} INFO - DAG(s) 'latest_only' retrieved from /home/prabal/afenv/lib/python3.10/site-packages/airflow/example_dags/example_latest_only.py
[2024-06-18T14:17:27.671+0545] {logging_mixin.py:188} INFO - [2024-06-18T14:17:27.671+0545] {dag.py:3096} INFO - Sync 1 DAGs
[2024-06-18T14:17:27.696+0545] {logging_mixin.py:188} INFO - [2024-06-18T14:17:27.696+0545] {dag.py:3954} INFO - Setting next_dagrun for latest_only to 2024-06-18 04:00:00+00:00, run_after=2024-06-18 08:00:00+00:00
[2024-06-18T14:17:27.723+0545] {processor.py:183} INFO - Processing /home/prabal/afenv/lib/python3.10/site-packages/airflow/example_dags/example_latest_only.py took 0.126 seconds
[2024-06-18T14:18:24.473+0545] {processor.py:161} INFO - Started process (PID=24557) to work on /home/prabal/afenv/lib/python3.10/site-packages/airflow/example_dags/example_latest_only.py
[2024-06-18T14:18:24.486+0545] {processor.py:830} INFO - Processing file /home/prabal/afenv/lib/python3.10/site-packages/airflow/example_dags/example_latest_only.py for tasks to queue
[2024-06-18T14:18:24.489+0545] {logging_mixin.py:188} INFO - [2024-06-18T14:18:24.488+0545] {dagbag.py:545} INFO - Filling up the DagBag from /home/prabal/afenv/lib/python3.10/site-packages/airflow/example_dags/example_latest_only.py
[2024-06-18T14:18:24.501+0545] {processor.py:840} INFO - DAG(s) 'latest_only' retrieved from /home/prabal/afenv/lib/python3.10/site-packages/airflow/example_dags/example_latest_only.py
[2024-06-18T14:18:24.534+0545] {logging_mixin.py:188} INFO - [2024-06-18T14:18:24.534+0545] {dag.py:3096} INFO - Sync 1 DAGs
[2024-06-18T14:18:24.568+0545] {logging_mixin.py:188} INFO - [2024-06-18T14:18:24.568+0545] {dag.py:3954} INFO - Setting next_dagrun for latest_only to 2024-06-18 04:00:00+00:00, run_after=2024-06-18 08:00:00+00:00
[2024-06-18T14:18:24.587+0545] {processor.py:183} INFO - Processing /home/prabal/afenv/lib/python3.10/site-packages/airflow/example_dags/example_latest_only.py took 0.131 seconds
[2024-06-18T14:19:18.689+0545] {processor.py:161} INFO - Started process (PID=24816) to work on /home/prabal/afenv/lib/python3.10/site-packages/airflow/example_dags/example_latest_only.py
[2024-06-18T14:19:18.703+0545] {processor.py:830} INFO - Processing file /home/prabal/afenv/lib/python3.10/site-packages/airflow/example_dags/example_latest_only.py for tasks to queue
[2024-06-18T14:19:18.706+0545] {logging_mixin.py:188} INFO - [2024-06-18T14:19:18.705+0545] {dagbag.py:545} INFO - Filling up the DagBag from /home/prabal/afenv/lib/python3.10/site-packages/airflow/example_dags/example_latest_only.py
[2024-06-18T14:19:18.719+0545] {processor.py:840} INFO - DAG(s) 'latest_only' retrieved from /home/prabal/afenv/lib/python3.10/site-packages/airflow/example_dags/example_latest_only.py
[2024-06-18T14:19:18.750+0545] {logging_mixin.py:188} INFO - [2024-06-18T14:19:18.750+0545] {dag.py:3096} INFO - Sync 1 DAGs
[2024-06-18T14:19:18.769+0545] {logging_mixin.py:188} INFO - [2024-06-18T14:19:18.769+0545] {dag.py:3954} INFO - Setting next_dagrun for latest_only to 2024-06-18 04:00:00+00:00, run_after=2024-06-18 08:00:00+00:00
[2024-06-18T14:19:18.788+0545] {processor.py:183} INFO - Processing /home/prabal/afenv/lib/python3.10/site-packages/airflow/example_dags/example_latest_only.py took 0.114 seconds
[2024-06-18T14:20:12.439+0545] {processor.py:161} INFO - Started process (PID=25074) to work on /home/prabal/afenv/lib/python3.10/site-packages/airflow/example_dags/example_latest_only.py
[2024-06-18T14:20:12.452+0545] {processor.py:830} INFO - Processing file /home/prabal/afenv/lib/python3.10/site-packages/airflow/example_dags/example_latest_only.py for tasks to queue
[2024-06-18T14:20:12.456+0545] {logging_mixin.py:188} INFO - [2024-06-18T14:20:12.455+0545] {dagbag.py:545} INFO - Filling up the DagBag from /home/prabal/afenv/lib/python3.10/site-packages/airflow/example_dags/example_latest_only.py
[2024-06-18T14:20:12.467+0545] {processor.py:840} INFO - DAG(s) 'latest_only' retrieved from /home/prabal/afenv/lib/python3.10/site-packages/airflow/example_dags/example_latest_only.py
[2024-06-18T14:20:12.499+0545] {logging_mixin.py:188} INFO - [2024-06-18T14:20:12.499+0545] {dag.py:3096} INFO - Sync 1 DAGs
[2024-06-18T14:20:12.529+0545] {logging_mixin.py:188} INFO - [2024-06-18T14:20:12.529+0545] {dag.py:3954} INFO - Setting next_dagrun for latest_only to 2024-06-18 04:00:00+00:00, run_after=2024-06-18 08:00:00+00:00
[2024-06-18T14:20:12.565+0545] {processor.py:183} INFO - Processing /home/prabal/afenv/lib/python3.10/site-packages/airflow/example_dags/example_latest_only.py took 0.139 seconds
[2024-06-18T14:21:04.757+0545] {processor.py:161} INFO - Started process (PID=25327) to work on /home/prabal/afenv/lib/python3.10/site-packages/airflow/example_dags/example_latest_only.py
[2024-06-18T14:21:04.771+0545] {processor.py:830} INFO - Processing file /home/prabal/afenv/lib/python3.10/site-packages/airflow/example_dags/example_latest_only.py for tasks to queue
[2024-06-18T14:21:04.774+0545] {logging_mixin.py:188} INFO - [2024-06-18T14:21:04.773+0545] {dagbag.py:545} INFO - Filling up the DagBag from /home/prabal/afenv/lib/python3.10/site-packages/airflow/example_dags/example_latest_only.py
[2024-06-18T14:21:04.786+0545] {processor.py:840} INFO - DAG(s) 'latest_only' retrieved from /home/prabal/afenv/lib/python3.10/site-packages/airflow/example_dags/example_latest_only.py
[2024-06-18T14:21:04.821+0545] {logging_mixin.py:188} INFO - [2024-06-18T14:21:04.820+0545] {dag.py:3096} INFO - Sync 1 DAGs
[2024-06-18T14:21:04.849+0545] {logging_mixin.py:188} INFO - [2024-06-18T14:21:04.849+0545] {dag.py:3954} INFO - Setting next_dagrun for latest_only to 2024-06-18 04:00:00+00:00, run_after=2024-06-18 08:00:00+00:00
[2024-06-18T14:21:04.890+0545] {processor.py:183} INFO - Processing /home/prabal/afenv/lib/python3.10/site-packages/airflow/example_dags/example_latest_only.py took 0.147 seconds
[2024-06-18T14:22:00.137+0545] {processor.py:161} INFO - Started process (PID=25590) to work on /home/prabal/afenv/lib/python3.10/site-packages/airflow/example_dags/example_latest_only.py
[2024-06-18T14:22:00.150+0545] {processor.py:830} INFO - Processing file /home/prabal/afenv/lib/python3.10/site-packages/airflow/example_dags/example_latest_only.py for tasks to queue
[2024-06-18T14:22:00.153+0545] {logging_mixin.py:188} INFO - [2024-06-18T14:22:00.153+0545] {dagbag.py:545} INFO - Filling up the DagBag from /home/prabal/afenv/lib/python3.10/site-packages/airflow/example_dags/example_latest_only.py
[2024-06-18T14:22:00.165+0545] {processor.py:840} INFO - DAG(s) 'latest_only' retrieved from /home/prabal/afenv/lib/python3.10/site-packages/airflow/example_dags/example_latest_only.py
[2024-06-18T14:22:00.188+0545] {logging_mixin.py:188} INFO - [2024-06-18T14:22:00.187+0545] {dag.py:3096} INFO - Sync 1 DAGs
[2024-06-18T14:22:00.204+0545] {logging_mixin.py:188} INFO - [2024-06-18T14:22:00.204+0545] {dag.py:3954} INFO - Setting next_dagrun for latest_only to 2024-06-18 04:00:00+00:00, run_after=2024-06-18 08:00:00+00:00
[2024-06-18T14:22:00.222+0545] {processor.py:183} INFO - Processing /home/prabal/afenv/lib/python3.10/site-packages/airflow/example_dags/example_latest_only.py took 0.099 seconds
[2024-06-18T14:22:54.839+0545] {processor.py:161} INFO - Started process (PID=25854) to work on /home/prabal/afenv/lib/python3.10/site-packages/airflow/example_dags/example_latest_only.py
[2024-06-18T14:22:54.842+0545] {processor.py:830} INFO - Processing file /home/prabal/afenv/lib/python3.10/site-packages/airflow/example_dags/example_latest_only.py for tasks to queue
[2024-06-18T14:22:54.846+0545] {logging_mixin.py:188} INFO - [2024-06-18T14:22:54.845+0545] {dagbag.py:545} INFO - Filling up the DagBag from /home/prabal/afenv/lib/python3.10/site-packages/airflow/example_dags/example_latest_only.py
[2024-06-18T14:22:54.851+0545] {processor.py:840} INFO - DAG(s) 'latest_only' retrieved from /home/prabal/afenv/lib/python3.10/site-packages/airflow/example_dags/example_latest_only.py
[2024-06-18T14:22:54.865+0545] {logging_mixin.py:188} INFO - [2024-06-18T14:22:54.864+0545] {dag.py:3096} INFO - Sync 1 DAGs
[2024-06-18T14:22:54.881+0545] {logging_mixin.py:188} INFO - [2024-06-18T14:22:54.880+0545] {dag.py:3954} INFO - Setting next_dagrun for latest_only to 2024-06-18 04:00:00+00:00, run_after=2024-06-18 08:00:00+00:00
[2024-06-18T14:22:54.906+0545] {processor.py:183} INFO - Processing /home/prabal/afenv/lib/python3.10/site-packages/airflow/example_dags/example_latest_only.py took 0.084 seconds
[2024-06-18T14:23:46.293+0545] {processor.py:161} INFO - Started process (PID=26106) to work on /home/prabal/afenv/lib/python3.10/site-packages/airflow/example_dags/example_latest_only.py
[2024-06-18T14:23:46.306+0545] {processor.py:830} INFO - Processing file /home/prabal/afenv/lib/python3.10/site-packages/airflow/example_dags/example_latest_only.py for tasks to queue
[2024-06-18T14:23:46.309+0545] {logging_mixin.py:188} INFO - [2024-06-18T14:23:46.308+0545] {dagbag.py:545} INFO - Filling up the DagBag from /home/prabal/afenv/lib/python3.10/site-packages/airflow/example_dags/example_latest_only.py
[2024-06-18T14:23:46.320+0545] {processor.py:840} INFO - DAG(s) 'latest_only' retrieved from /home/prabal/afenv/lib/python3.10/site-packages/airflow/example_dags/example_latest_only.py
[2024-06-18T14:23:46.339+0545] {logging_mixin.py:188} INFO - [2024-06-18T14:23:46.338+0545] {dag.py:3096} INFO - Sync 1 DAGs
[2024-06-18T14:23:46.357+0545] {logging_mixin.py:188} INFO - [2024-06-18T14:23:46.357+0545] {dag.py:3954} INFO - Setting next_dagrun for latest_only to 2024-06-18 04:00:00+00:00, run_after=2024-06-18 08:00:00+00:00
[2024-06-18T14:23:46.377+0545] {processor.py:183} INFO - Processing /home/prabal/afenv/lib/python3.10/site-packages/airflow/example_dags/example_latest_only.py took 0.100 seconds
[2024-06-18T17:16:08.725+0545] {processor.py:161} INFO - Started process (PID=4220) to work on /home/prabal/afenv/lib/python3.10/site-packages/airflow/example_dags/example_latest_only.py
[2024-06-18T17:16:08.729+0545] {processor.py:830} INFO - Processing file /home/prabal/afenv/lib/python3.10/site-packages/airflow/example_dags/example_latest_only.py for tasks to queue
[2024-06-18T17:16:08.732+0545] {logging_mixin.py:188} INFO - [2024-06-18T17:16:08.732+0545] {dagbag.py:545} INFO - Filling up the DagBag from /home/prabal/afenv/lib/python3.10/site-packages/airflow/example_dags/example_latest_only.py
[2024-06-18T17:16:08.753+0545] {processor.py:840} INFO - DAG(s) 'latest_only' retrieved from /home/prabal/afenv/lib/python3.10/site-packages/airflow/example_dags/example_latest_only.py
[2024-06-18T17:16:08.941+0545] {logging_mixin.py:188} INFO - [2024-06-18T17:16:08.940+0545] {dag.py:3096} INFO - Sync 1 DAGs
[2024-06-18T17:16:08.977+0545] {logging_mixin.py:188} INFO - [2024-06-18T17:16:08.976+0545] {dag.py:3954} INFO - Setting next_dagrun for latest_only to 2024-06-18 04:00:00+00:00, run_after=2024-06-18 08:00:00+00:00
[2024-06-18T17:16:09.026+0545] {processor.py:183} INFO - Processing /home/prabal/afenv/lib/python3.10/site-packages/airflow/example_dags/example_latest_only.py took 0.316 seconds
[2024-06-18T17:17:45.005+0545] {processor.py:161} INFO - Started process (PID=4694) to work on /home/prabal/afenv/lib/python3.10/site-packages/airflow/example_dags/example_latest_only.py
[2024-06-18T17:17:45.018+0545] {processor.py:830} INFO - Processing file /home/prabal/afenv/lib/python3.10/site-packages/airflow/example_dags/example_latest_only.py for tasks to queue
[2024-06-18T17:17:45.019+0545] {logging_mixin.py:188} INFO - [2024-06-18T17:17:45.019+0545] {dagbag.py:545} INFO - Filling up the DagBag from /home/prabal/afenv/lib/python3.10/site-packages/airflow/example_dags/example_latest_only.py
[2024-06-18T17:17:45.029+0545] {processor.py:840} INFO - DAG(s) 'latest_only' retrieved from /home/prabal/afenv/lib/python3.10/site-packages/airflow/example_dags/example_latest_only.py
[2024-06-18T17:17:45.047+0545] {logging_mixin.py:188} INFO - [2024-06-18T17:17:45.047+0545] {dag.py:3096} INFO - Sync 1 DAGs
[2024-06-18T17:17:45.071+0545] {logging_mixin.py:188} INFO - [2024-06-18T17:17:45.070+0545] {dag.py:3954} INFO - Setting next_dagrun for latest_only to 2024-06-18 04:00:00+00:00, run_after=2024-06-18 08:00:00+00:00
[2024-06-18T17:17:45.090+0545] {processor.py:183} INFO - Processing /home/prabal/afenv/lib/python3.10/site-packages/airflow/example_dags/example_latest_only.py took 0.096 seconds
[2024-06-18T17:18:44.704+0545] {processor.py:161} INFO - Started process (PID=5403) to work on /home/prabal/afenv/lib/python3.10/site-packages/airflow/example_dags/example_latest_only.py
[2024-06-18T17:18:44.707+0545] {processor.py:830} INFO - Processing file /home/prabal/afenv/lib/python3.10/site-packages/airflow/example_dags/example_latest_only.py for tasks to queue
[2024-06-18T17:18:44.709+0545] {logging_mixin.py:188} INFO - [2024-06-18T17:18:44.708+0545] {dagbag.py:545} INFO - Filling up the DagBag from /home/prabal/afenv/lib/python3.10/site-packages/airflow/example_dags/example_latest_only.py
[2024-06-18T17:18:44.723+0545] {processor.py:840} INFO - DAG(s) 'latest_only' retrieved from /home/prabal/afenv/lib/python3.10/site-packages/airflow/example_dags/example_latest_only.py
[2024-06-18T17:18:44.865+0545] {logging_mixin.py:188} INFO - [2024-06-18T17:18:44.864+0545] {dag.py:3096} INFO - Sync 1 DAGs
[2024-06-18T17:18:44.881+0545] {logging_mixin.py:188} INFO - [2024-06-18T17:18:44.881+0545] {dag.py:3954} INFO - Setting next_dagrun for latest_only to 2024-06-18 04:00:00+00:00, run_after=2024-06-18 08:00:00+00:00
[2024-06-18T17:18:44.906+0545] {processor.py:183} INFO - Processing /home/prabal/afenv/lib/python3.10/site-packages/airflow/example_dags/example_latest_only.py took 0.214 seconds
[2024-06-18T17:19:43.383+0545] {processor.py:161} INFO - Started process (PID=5835) to work on /home/prabal/afenv/lib/python3.10/site-packages/airflow/example_dags/example_latest_only.py
[2024-06-18T17:19:43.396+0545] {processor.py:830} INFO - Processing file /home/prabal/afenv/lib/python3.10/site-packages/airflow/example_dags/example_latest_only.py for tasks to queue
[2024-06-18T17:19:43.398+0545] {logging_mixin.py:188} INFO - [2024-06-18T17:19:43.397+0545] {dagbag.py:545} INFO - Filling up the DagBag from /home/prabal/afenv/lib/python3.10/site-packages/airflow/example_dags/example_latest_only.py
[2024-06-18T17:19:43.409+0545] {processor.py:840} INFO - DAG(s) 'latest_only' retrieved from /home/prabal/afenv/lib/python3.10/site-packages/airflow/example_dags/example_latest_only.py
[2024-06-18T17:19:43.435+0545] {logging_mixin.py:188} INFO - [2024-06-18T17:19:43.435+0545] {dag.py:3096} INFO - Sync 1 DAGs
[2024-06-18T17:19:43.469+0545] {logging_mixin.py:188} INFO - [2024-06-18T17:19:43.468+0545] {dag.py:3954} INFO - Setting next_dagrun for latest_only to 2024-06-18 04:00:00+00:00, run_after=2024-06-18 08:00:00+00:00
[2024-06-18T17:19:43.494+0545] {processor.py:183} INFO - Processing /home/prabal/afenv/lib/python3.10/site-packages/airflow/example_dags/example_latest_only.py took 0.123 seconds
[2024-06-18T17:20:36.199+0545] {processor.py:161} INFO - Started process (PID=6489) to work on /home/prabal/afenv/lib/python3.10/site-packages/airflow/example_dags/example_latest_only.py
[2024-06-18T17:20:36.213+0545] {processor.py:830} INFO - Processing file /home/prabal/afenv/lib/python3.10/site-packages/airflow/example_dags/example_latest_only.py for tasks to queue
[2024-06-18T17:20:36.215+0545] {logging_mixin.py:188} INFO - [2024-06-18T17:20:36.214+0545] {dagbag.py:545} INFO - Filling up the DagBag from /home/prabal/afenv/lib/python3.10/site-packages/airflow/example_dags/example_latest_only.py
[2024-06-18T17:20:36.226+0545] {processor.py:840} INFO - DAG(s) 'latest_only' retrieved from /home/prabal/afenv/lib/python3.10/site-packages/airflow/example_dags/example_latest_only.py
[2024-06-18T17:20:36.253+0545] {logging_mixin.py:188} INFO - [2024-06-18T17:20:36.252+0545] {dag.py:3096} INFO - Sync 1 DAGs
[2024-06-18T17:20:36.270+0545] {logging_mixin.py:188} INFO - [2024-06-18T17:20:36.270+0545] {dag.py:3954} INFO - Setting next_dagrun for latest_only to 2024-06-18 04:00:00+00:00, run_after=2024-06-18 08:00:00+00:00
[2024-06-18T17:20:36.289+0545] {processor.py:183} INFO - Processing /home/prabal/afenv/lib/python3.10/site-packages/airflow/example_dags/example_latest_only.py took 0.103 seconds
[2024-06-18T17:22:10.108+0545] {processor.py:161} INFO - Started process (PID=7053) to work on /home/prabal/afenv/lib/python3.10/site-packages/airflow/example_dags/example_latest_only.py
[2024-06-18T17:22:10.118+0545] {processor.py:830} INFO - Processing file /home/prabal/afenv/lib/python3.10/site-packages/airflow/example_dags/example_latest_only.py for tasks to queue
[2024-06-18T17:22:10.122+0545] {logging_mixin.py:188} INFO - [2024-06-18T17:22:10.121+0545] {dagbag.py:545} INFO - Filling up the DagBag from /home/prabal/afenv/lib/python3.10/site-packages/airflow/example_dags/example_latest_only.py
[2024-06-18T17:22:10.136+0545] {processor.py:840} INFO - DAG(s) 'latest_only' retrieved from /home/prabal/afenv/lib/python3.10/site-packages/airflow/example_dags/example_latest_only.py
[2024-06-18T17:22:10.150+0545] {logging_mixin.py:188} INFO - [2024-06-18T17:22:10.149+0545] {dag.py:3096} INFO - Sync 1 DAGs
[2024-06-18T17:22:10.183+0545] {logging_mixin.py:188} INFO - [2024-06-18T17:22:10.183+0545] {dag.py:3954} INFO - Setting next_dagrun for latest_only to 2024-06-18 04:00:00+00:00, run_after=2024-06-18 08:00:00+00:00
[2024-06-18T17:22:10.214+0545] {processor.py:183} INFO - Processing /home/prabal/afenv/lib/python3.10/site-packages/airflow/example_dags/example_latest_only.py took 0.117 seconds
[2024-06-18T17:23:19.676+0545] {processor.py:161} INFO - Started process (PID=7410) to work on /home/prabal/afenv/lib/python3.10/site-packages/airflow/example_dags/example_latest_only.py
[2024-06-18T17:23:19.689+0545] {processor.py:830} INFO - Processing file /home/prabal/afenv/lib/python3.10/site-packages/airflow/example_dags/example_latest_only.py for tasks to queue
[2024-06-18T17:23:19.691+0545] {logging_mixin.py:188} INFO - [2024-06-18T17:23:19.691+0545] {dagbag.py:545} INFO - Filling up the DagBag from /home/prabal/afenv/lib/python3.10/site-packages/airflow/example_dags/example_latest_only.py
[2024-06-18T17:23:19.700+0545] {processor.py:840} INFO - DAG(s) 'latest_only' retrieved from /home/prabal/afenv/lib/python3.10/site-packages/airflow/example_dags/example_latest_only.py
[2024-06-18T17:23:19.852+0545] {logging_mixin.py:188} INFO - [2024-06-18T17:23:19.851+0545] {dag.py:3096} INFO - Sync 1 DAGs
[2024-06-18T17:23:19.863+0545] {logging_mixin.py:188} INFO - [2024-06-18T17:23:19.863+0545] {dag.py:3954} INFO - Setting next_dagrun for latest_only to 2024-06-18 04:00:00+00:00, run_after=2024-06-18 08:00:00+00:00
[2024-06-18T17:23:19.892+0545] {processor.py:183} INFO - Processing /home/prabal/afenv/lib/python3.10/site-packages/airflow/example_dags/example_latest_only.py took 0.226 seconds
