[2024-06-18T13:42:51.099+0545] {processor.py:161} INFO - Started process (PID=14289) to work on /home/prabal/afenv/lib/python3.10/site-packages/airflow/example_dags/example_setup_teardown.py
[2024-06-18T13:42:51.100+0545] {processor.py:830} INFO - Processing file /home/prabal/afenv/lib/python3.10/site-packages/airflow/example_dags/example_setup_teardown.py for tasks to queue
[2024-06-18T13:42:51.104+0545] {logging_mixin.py:188} INFO - [2024-06-18T13:42:51.103+0545] {dagbag.py:545} INFO - Filling up the DagBag from /home/prabal/afenv/lib/python3.10/site-packages/airflow/example_dags/example_setup_teardown.py
[2024-06-18T13:42:51.119+0545] {processor.py:840} INFO - DAG(s) 'example_setup_teardown' retrieved from /home/prabal/afenv/lib/python3.10/site-packages/airflow/example_dags/example_setup_teardown.py
[2024-06-18T13:42:51.250+0545] {logging_mixin.py:188} INFO - [2024-06-18T13:42:51.249+0545] {override.py:1829} INFO - Created Permission View: can read on DAG:example_setup_teardown
[2024-06-18T13:42:51.259+0545] {logging_mixin.py:188} INFO - [2024-06-18T13:42:51.259+0545] {override.py:1829} INFO - Created Permission View: can edit on DAG:example_setup_teardown
[2024-06-18T13:42:51.265+0545] {logging_mixin.py:188} INFO - [2024-06-18T13:42:51.265+0545] {override.py:1829} INFO - Created Permission View: can delete on DAG:example_setup_teardown
[2024-06-18T13:42:51.266+0545] {logging_mixin.py:188} INFO - [2024-06-18T13:42:51.266+0545] {dag.py:3096} INFO - Sync 1 DAGs
[2024-06-18T13:42:51.276+0545] {logging_mixin.py:188} INFO - [2024-06-18T13:42:51.276+0545] {dag.py:3118} INFO - Creating ORM DAG for example_setup_teardown
[2024-06-18T13:42:51.360+0545] {logging_mixin.py:188} INFO - [2024-06-18T13:42:51.360+0545] {dag.py:3954} INFO - Setting next_dagrun for example_setup_teardown to 2024-06-17 00:00:00+00:00, run_after=2024-06-18 00:00:00+00:00
[2024-06-18T13:42:51.380+0545] {processor.py:183} INFO - Processing /home/prabal/afenv/lib/python3.10/site-packages/airflow/example_dags/example_setup_teardown.py took 0.295 seconds
[2024-06-18T13:43:48.626+0545] {processor.py:161} INFO - Started process (PID=14580) to work on /home/prabal/afenv/lib/python3.10/site-packages/airflow/example_dags/example_setup_teardown.py
[2024-06-18T13:43:48.638+0545] {processor.py:830} INFO - Processing file /home/prabal/afenv/lib/python3.10/site-packages/airflow/example_dags/example_setup_teardown.py for tasks to queue
[2024-06-18T13:43:48.641+0545] {logging_mixin.py:188} INFO - [2024-06-18T13:43:48.640+0545] {dagbag.py:545} INFO - Filling up the DagBag from /home/prabal/afenv/lib/python3.10/site-packages/airflow/example_dags/example_setup_teardown.py
[2024-06-18T13:43:48.652+0545] {processor.py:840} INFO - DAG(s) 'example_setup_teardown' retrieved from /home/prabal/afenv/lib/python3.10/site-packages/airflow/example_dags/example_setup_teardown.py
[2024-06-18T13:43:48.669+0545] {logging_mixin.py:188} INFO - [2024-06-18T13:43:48.669+0545] {dag.py:3096} INFO - Sync 1 DAGs
[2024-06-18T13:43:48.691+0545] {logging_mixin.py:188} INFO - [2024-06-18T13:43:48.691+0545] {dag.py:3954} INFO - Setting next_dagrun for example_setup_teardown to 2024-06-17 00:00:00+00:00, run_after=2024-06-18 00:00:00+00:00
[2024-06-18T13:43:48.722+0545] {processor.py:183} INFO - Processing /home/prabal/afenv/lib/python3.10/site-packages/airflow/example_dags/example_setup_teardown.py took 0.105 seconds
[2024-06-18T13:44:52.852+0545] {processor.py:161} INFO - Started process (PID=14887) to work on /home/prabal/afenv/lib/python3.10/site-packages/airflow/example_dags/example_setup_teardown.py
[2024-06-18T13:44:52.854+0545] {processor.py:830} INFO - Processing file /home/prabal/afenv/lib/python3.10/site-packages/airflow/example_dags/example_setup_teardown.py for tasks to queue
[2024-06-18T13:44:52.858+0545] {logging_mixin.py:188} INFO - [2024-06-18T13:44:52.857+0545] {dagbag.py:545} INFO - Filling up the DagBag from /home/prabal/afenv/lib/python3.10/site-packages/airflow/example_dags/example_setup_teardown.py
[2024-06-18T13:44:52.874+0545] {processor.py:840} INFO - DAG(s) 'example_setup_teardown' retrieved from /home/prabal/afenv/lib/python3.10/site-packages/airflow/example_dags/example_setup_teardown.py
[2024-06-18T13:44:52.902+0545] {logging_mixin.py:188} INFO - [2024-06-18T13:44:52.902+0545] {dag.py:3096} INFO - Sync 1 DAGs
[2024-06-18T13:44:52.930+0545] {logging_mixin.py:188} INFO - [2024-06-18T13:44:52.929+0545] {dag.py:3954} INFO - Setting next_dagrun for example_setup_teardown to 2024-06-17 00:00:00+00:00, run_after=2024-06-18 00:00:00+00:00
[2024-06-18T13:44:52.959+0545] {processor.py:183} INFO - Processing /home/prabal/afenv/lib/python3.10/site-packages/airflow/example_dags/example_setup_teardown.py took 0.119 seconds
[2024-06-18T13:45:48.967+0545] {processor.py:161} INFO - Started process (PID=15157) to work on /home/prabal/afenv/lib/python3.10/site-packages/airflow/example_dags/example_setup_teardown.py
[2024-06-18T13:45:48.980+0545] {processor.py:830} INFO - Processing file /home/prabal/afenv/lib/python3.10/site-packages/airflow/example_dags/example_setup_teardown.py for tasks to queue
[2024-06-18T13:45:48.984+0545] {logging_mixin.py:188} INFO - [2024-06-18T13:45:48.983+0545] {dagbag.py:545} INFO - Filling up the DagBag from /home/prabal/afenv/lib/python3.10/site-packages/airflow/example_dags/example_setup_teardown.py
[2024-06-18T13:45:49.004+0545] {processor.py:840} INFO - DAG(s) 'example_setup_teardown' retrieved from /home/prabal/afenv/lib/python3.10/site-packages/airflow/example_dags/example_setup_teardown.py
[2024-06-18T13:45:49.031+0545] {logging_mixin.py:188} INFO - [2024-06-18T13:45:49.031+0545] {dag.py:3096} INFO - Sync 1 DAGs
[2024-06-18T13:45:49.051+0545] {logging_mixin.py:188} INFO - [2024-06-18T13:45:49.051+0545] {dag.py:3954} INFO - Setting next_dagrun for example_setup_teardown to 2024-06-17 00:00:00+00:00, run_after=2024-06-18 00:00:00+00:00
[2024-06-18T13:45:49.073+0545] {processor.py:183} INFO - Processing /home/prabal/afenv/lib/python3.10/site-packages/airflow/example_dags/example_setup_teardown.py took 0.120 seconds
[2024-06-18T13:46:43.380+0545] {processor.py:161} INFO - Started process (PID=15421) to work on /home/prabal/afenv/lib/python3.10/site-packages/airflow/example_dags/example_setup_teardown.py
[2024-06-18T13:46:43.386+0545] {processor.py:830} INFO - Processing file /home/prabal/afenv/lib/python3.10/site-packages/airflow/example_dags/example_setup_teardown.py for tasks to queue
[2024-06-18T13:46:43.390+0545] {logging_mixin.py:188} INFO - [2024-06-18T13:46:43.389+0545] {dagbag.py:545} INFO - Filling up the DagBag from /home/prabal/afenv/lib/python3.10/site-packages/airflow/example_dags/example_setup_teardown.py
[2024-06-18T13:46:43.404+0545] {processor.py:840} INFO - DAG(s) 'example_setup_teardown' retrieved from /home/prabal/afenv/lib/python3.10/site-packages/airflow/example_dags/example_setup_teardown.py
[2024-06-18T13:46:43.420+0545] {logging_mixin.py:188} INFO - [2024-06-18T13:46:43.419+0545] {dag.py:3096} INFO - Sync 1 DAGs
[2024-06-18T13:46:43.440+0545] {logging_mixin.py:188} INFO - [2024-06-18T13:46:43.440+0545] {dag.py:3954} INFO - Setting next_dagrun for example_setup_teardown to 2024-06-17 00:00:00+00:00, run_after=2024-06-18 00:00:00+00:00
[2024-06-18T13:46:43.461+0545] {processor.py:183} INFO - Processing /home/prabal/afenv/lib/python3.10/site-packages/airflow/example_dags/example_setup_teardown.py took 0.097 seconds
[2024-06-18T13:47:35.336+0545] {processor.py:161} INFO - Started process (PID=15673) to work on /home/prabal/afenv/lib/python3.10/site-packages/airflow/example_dags/example_setup_teardown.py
[2024-06-18T13:47:35.348+0545] {processor.py:830} INFO - Processing file /home/prabal/afenv/lib/python3.10/site-packages/airflow/example_dags/example_setup_teardown.py for tasks to queue
[2024-06-18T13:47:35.350+0545] {logging_mixin.py:188} INFO - [2024-06-18T13:47:35.349+0545] {dagbag.py:545} INFO - Filling up the DagBag from /home/prabal/afenv/lib/python3.10/site-packages/airflow/example_dags/example_setup_teardown.py
[2024-06-18T13:47:35.360+0545] {processor.py:840} INFO - DAG(s) 'example_setup_teardown' retrieved from /home/prabal/afenv/lib/python3.10/site-packages/airflow/example_dags/example_setup_teardown.py
[2024-06-18T13:47:35.381+0545] {logging_mixin.py:188} INFO - [2024-06-18T13:47:35.381+0545] {dag.py:3096} INFO - Sync 1 DAGs
[2024-06-18T13:47:35.401+0545] {logging_mixin.py:188} INFO - [2024-06-18T13:47:35.401+0545] {dag.py:3954} INFO - Setting next_dagrun for example_setup_teardown to 2024-06-17 00:00:00+00:00, run_after=2024-06-18 00:00:00+00:00
[2024-06-18T13:47:35.420+0545] {processor.py:183} INFO - Processing /home/prabal/afenv/lib/python3.10/site-packages/airflow/example_dags/example_setup_teardown.py took 0.091 seconds
[2024-06-18T13:48:27.289+0545] {processor.py:161} INFO - Started process (PID=15927) to work on /home/prabal/afenv/lib/python3.10/site-packages/airflow/example_dags/example_setup_teardown.py
[2024-06-18T13:48:27.302+0545] {processor.py:830} INFO - Processing file /home/prabal/afenv/lib/python3.10/site-packages/airflow/example_dags/example_setup_teardown.py for tasks to queue
[2024-06-18T13:48:27.305+0545] {logging_mixin.py:188} INFO - [2024-06-18T13:48:27.304+0545] {dagbag.py:545} INFO - Filling up the DagBag from /home/prabal/afenv/lib/python3.10/site-packages/airflow/example_dags/example_setup_teardown.py
[2024-06-18T13:48:27.319+0545] {processor.py:840} INFO - DAG(s) 'example_setup_teardown' retrieved from /home/prabal/afenv/lib/python3.10/site-packages/airflow/example_dags/example_setup_teardown.py
[2024-06-18T13:48:27.346+0545] {logging_mixin.py:188} INFO - [2024-06-18T13:48:27.346+0545] {dag.py:3096} INFO - Sync 1 DAGs
[2024-06-18T13:48:27.385+0545] {logging_mixin.py:188} INFO - [2024-06-18T13:48:27.384+0545] {dag.py:3954} INFO - Setting next_dagrun for example_setup_teardown to 2024-06-17 00:00:00+00:00, run_after=2024-06-18 00:00:00+00:00
[2024-06-18T13:48:27.427+0545] {processor.py:183} INFO - Processing /home/prabal/afenv/lib/python3.10/site-packages/airflow/example_dags/example_setup_teardown.py took 0.152 seconds
[2024-06-18T13:50:12.187+0545] {processor.py:161} INFO - Started process (PID=16451) to work on /home/prabal/afenv/lib/python3.10/site-packages/airflow/example_dags/example_setup_teardown.py
[2024-06-18T13:50:12.200+0545] {processor.py:830} INFO - Processing file /home/prabal/afenv/lib/python3.10/site-packages/airflow/example_dags/example_setup_teardown.py for tasks to queue
[2024-06-18T13:50:12.203+0545] {logging_mixin.py:188} INFO - [2024-06-18T13:50:12.202+0545] {dagbag.py:545} INFO - Filling up the DagBag from /home/prabal/afenv/lib/python3.10/site-packages/airflow/example_dags/example_setup_teardown.py
[2024-06-18T13:50:12.217+0545] {processor.py:840} INFO - DAG(s) 'example_setup_teardown' retrieved from /home/prabal/afenv/lib/python3.10/site-packages/airflow/example_dags/example_setup_teardown.py
[2024-06-18T13:50:12.251+0545] {logging_mixin.py:188} INFO - [2024-06-18T13:50:12.250+0545] {dag.py:3096} INFO - Sync 1 DAGs
[2024-06-18T13:50:12.295+0545] {logging_mixin.py:188} INFO - [2024-06-18T13:50:12.294+0545] {dag.py:3954} INFO - Setting next_dagrun for example_setup_teardown to 2024-06-17 00:00:00+00:00, run_after=2024-06-18 00:00:00+00:00
[2024-06-18T13:50:12.346+0545] {processor.py:183} INFO - Processing /home/prabal/afenv/lib/python3.10/site-packages/airflow/example_dags/example_setup_teardown.py took 0.175 seconds
[2024-06-18T13:51:56.430+0545] {processor.py:161} INFO - Started process (PID=16985) to work on /home/prabal/afenv/lib/python3.10/site-packages/airflow/example_dags/example_setup_teardown.py
[2024-06-18T13:51:56.443+0545] {processor.py:830} INFO - Processing file /home/prabal/afenv/lib/python3.10/site-packages/airflow/example_dags/example_setup_teardown.py for tasks to queue
[2024-06-18T13:51:56.448+0545] {logging_mixin.py:188} INFO - [2024-06-18T13:51:56.447+0545] {dagbag.py:545} INFO - Filling up the DagBag from /home/prabal/afenv/lib/python3.10/site-packages/airflow/example_dags/example_setup_teardown.py
[2024-06-18T13:51:56.468+0545] {processor.py:840} INFO - DAG(s) 'example_setup_teardown' retrieved from /home/prabal/afenv/lib/python3.10/site-packages/airflow/example_dags/example_setup_teardown.py
[2024-06-18T13:51:56.512+0545] {logging_mixin.py:188} INFO - [2024-06-18T13:51:56.512+0545] {dag.py:3096} INFO - Sync 1 DAGs
[2024-06-18T13:51:56.564+0545] {logging_mixin.py:188} INFO - [2024-06-18T13:51:56.564+0545] {dag.py:3954} INFO - Setting next_dagrun for example_setup_teardown to 2024-06-17 00:00:00+00:00, run_after=2024-06-18 00:00:00+00:00
[2024-06-18T13:51:56.630+0545] {processor.py:183} INFO - Processing /home/prabal/afenv/lib/python3.10/site-packages/airflow/example_dags/example_setup_teardown.py took 0.218 seconds
[2024-06-18T13:53:09.576+0545] {processor.py:161} INFO - Started process (PID=17386) to work on /home/prabal/afenv/lib/python3.10/site-packages/airflow/example_dags/example_setup_teardown.py
[2024-06-18T13:53:09.590+0545] {processor.py:830} INFO - Processing file /home/prabal/afenv/lib/python3.10/site-packages/airflow/example_dags/example_setup_teardown.py for tasks to queue
[2024-06-18T13:53:09.594+0545] {logging_mixin.py:188} INFO - [2024-06-18T13:53:09.593+0545] {dagbag.py:545} INFO - Filling up the DagBag from /home/prabal/afenv/lib/python3.10/site-packages/airflow/example_dags/example_setup_teardown.py
[2024-06-18T13:53:09.614+0545] {processor.py:840} INFO - DAG(s) 'example_setup_teardown' retrieved from /home/prabal/afenv/lib/python3.10/site-packages/airflow/example_dags/example_setup_teardown.py
[2024-06-18T13:53:09.658+0545] {logging_mixin.py:188} INFO - [2024-06-18T13:53:09.657+0545] {dag.py:3096} INFO - Sync 1 DAGs
[2024-06-18T13:53:09.705+0545] {logging_mixin.py:188} INFO - [2024-06-18T13:53:09.704+0545] {dag.py:3954} INFO - Setting next_dagrun for example_setup_teardown to 2024-06-17 00:00:00+00:00, run_after=2024-06-18 00:00:00+00:00
[2024-06-18T13:53:09.767+0545] {processor.py:183} INFO - Processing /home/prabal/afenv/lib/python3.10/site-packages/airflow/example_dags/example_setup_teardown.py took 0.208 seconds
[2024-06-18T13:54:12.138+0545] {processor.py:161} INFO - Started process (PID=17689) to work on /home/prabal/afenv/lib/python3.10/site-packages/airflow/example_dags/example_setup_teardown.py
[2024-06-18T13:54:12.150+0545] {processor.py:830} INFO - Processing file /home/prabal/afenv/lib/python3.10/site-packages/airflow/example_dags/example_setup_teardown.py for tasks to queue
[2024-06-18T13:54:12.154+0545] {logging_mixin.py:188} INFO - [2024-06-18T13:54:12.153+0545] {dagbag.py:545} INFO - Filling up the DagBag from /home/prabal/afenv/lib/python3.10/site-packages/airflow/example_dags/example_setup_teardown.py
[2024-06-18T13:54:12.166+0545] {processor.py:840} INFO - DAG(s) 'example_setup_teardown' retrieved from /home/prabal/afenv/lib/python3.10/site-packages/airflow/example_dags/example_setup_teardown.py
[2024-06-18T13:54:12.182+0545] {logging_mixin.py:188} INFO - [2024-06-18T13:54:12.181+0545] {dag.py:3096} INFO - Sync 1 DAGs
[2024-06-18T13:54:12.201+0545] {logging_mixin.py:188} INFO - [2024-06-18T13:54:12.201+0545] {dag.py:3954} INFO - Setting next_dagrun for example_setup_teardown to 2024-06-17 00:00:00+00:00, run_after=2024-06-18 00:00:00+00:00
[2024-06-18T13:54:12.226+0545] {processor.py:183} INFO - Processing /home/prabal/afenv/lib/python3.10/site-packages/airflow/example_dags/example_setup_teardown.py took 0.094 seconds
[2024-06-18T13:55:04.642+0545] {processor.py:161} INFO - Started process (PID=17970) to work on /home/prabal/afenv/lib/python3.10/site-packages/airflow/example_dags/example_setup_teardown.py
[2024-06-18T13:55:04.644+0545] {processor.py:830} INFO - Processing file /home/prabal/afenv/lib/python3.10/site-packages/airflow/example_dags/example_setup_teardown.py for tasks to queue
[2024-06-18T13:55:04.646+0545] {logging_mixin.py:188} INFO - [2024-06-18T13:55:04.646+0545] {dagbag.py:545} INFO - Filling up the DagBag from /home/prabal/afenv/lib/python3.10/site-packages/airflow/example_dags/example_setup_teardown.py
[2024-06-18T13:55:04.660+0545] {processor.py:840} INFO - DAG(s) 'example_setup_teardown' retrieved from /home/prabal/afenv/lib/python3.10/site-packages/airflow/example_dags/example_setup_teardown.py
[2024-06-18T13:55:04.694+0545] {logging_mixin.py:188} INFO - [2024-06-18T13:55:04.694+0545] {dag.py:3096} INFO - Sync 1 DAGs
[2024-06-18T13:55:04.720+0545] {logging_mixin.py:188} INFO - [2024-06-18T13:55:04.720+0545] {dag.py:3954} INFO - Setting next_dagrun for example_setup_teardown to 2024-06-17 00:00:00+00:00, run_after=2024-06-18 00:00:00+00:00
[2024-06-18T13:55:04.744+0545] {processor.py:183} INFO - Processing /home/prabal/afenv/lib/python3.10/site-packages/airflow/example_dags/example_setup_teardown.py took 0.112 seconds
[2024-06-18T13:56:13.126+0545] {processor.py:161} INFO - Started process (PID=18296) to work on /home/prabal/afenv/lib/python3.10/site-packages/airflow/example_dags/example_setup_teardown.py
[2024-06-18T13:56:13.129+0545] {processor.py:830} INFO - Processing file /home/prabal/afenv/lib/python3.10/site-packages/airflow/example_dags/example_setup_teardown.py for tasks to queue
[2024-06-18T13:56:13.131+0545] {logging_mixin.py:188} INFO - [2024-06-18T13:56:13.131+0545] {dagbag.py:545} INFO - Filling up the DagBag from /home/prabal/afenv/lib/python3.10/site-packages/airflow/example_dags/example_setup_teardown.py
[2024-06-18T13:56:13.143+0545] {processor.py:840} INFO - DAG(s) 'example_setup_teardown' retrieved from /home/prabal/afenv/lib/python3.10/site-packages/airflow/example_dags/example_setup_teardown.py
[2024-06-18T13:56:13.178+0545] {logging_mixin.py:188} INFO - [2024-06-18T13:56:13.178+0545] {dag.py:3096} INFO - Sync 1 DAGs
[2024-06-18T13:56:13.210+0545] {logging_mixin.py:188} INFO - [2024-06-18T13:56:13.210+0545] {dag.py:3954} INFO - Setting next_dagrun for example_setup_teardown to 2024-06-17 00:00:00+00:00, run_after=2024-06-18 00:00:00+00:00
[2024-06-18T13:56:13.232+0545] {processor.py:183} INFO - Processing /home/prabal/afenv/lib/python3.10/site-packages/airflow/example_dags/example_setup_teardown.py took 0.121 seconds
[2024-06-18T13:57:04.552+0545] {processor.py:161} INFO - Started process (PID=18545) to work on /home/prabal/afenv/lib/python3.10/site-packages/airflow/example_dags/example_setup_teardown.py
[2024-06-18T13:57:04.563+0545] {processor.py:830} INFO - Processing file /home/prabal/afenv/lib/python3.10/site-packages/airflow/example_dags/example_setup_teardown.py for tasks to queue
[2024-06-18T13:57:04.565+0545] {logging_mixin.py:188} INFO - [2024-06-18T13:57:04.565+0545] {dagbag.py:545} INFO - Filling up the DagBag from /home/prabal/afenv/lib/python3.10/site-packages/airflow/example_dags/example_setup_teardown.py
[2024-06-18T13:57:04.573+0545] {processor.py:840} INFO - DAG(s) 'example_setup_teardown' retrieved from /home/prabal/afenv/lib/python3.10/site-packages/airflow/example_dags/example_setup_teardown.py
[2024-06-18T13:57:04.590+0545] {logging_mixin.py:188} INFO - [2024-06-18T13:57:04.589+0545] {dag.py:3096} INFO - Sync 1 DAGs
[2024-06-18T13:57:04.611+0545] {logging_mixin.py:188} INFO - [2024-06-18T13:57:04.610+0545] {dag.py:3954} INFO - Setting next_dagrun for example_setup_teardown to 2024-06-17 00:00:00+00:00, run_after=2024-06-18 00:00:00+00:00
[2024-06-18T13:57:04.631+0545] {processor.py:183} INFO - Processing /home/prabal/afenv/lib/python3.10/site-packages/airflow/example_dags/example_setup_teardown.py took 0.089 seconds
[2024-06-18T13:57:55.530+0545] {processor.py:161} INFO - Started process (PID=18800) to work on /home/prabal/afenv/lib/python3.10/site-packages/airflow/example_dags/example_setup_teardown.py
[2024-06-18T13:57:55.542+0545] {processor.py:830} INFO - Processing file /home/prabal/afenv/lib/python3.10/site-packages/airflow/example_dags/example_setup_teardown.py for tasks to queue
[2024-06-18T13:57:55.544+0545] {logging_mixin.py:188} INFO - [2024-06-18T13:57:55.544+0545] {dagbag.py:545} INFO - Filling up the DagBag from /home/prabal/afenv/lib/python3.10/site-packages/airflow/example_dags/example_setup_teardown.py
[2024-06-18T13:57:55.553+0545] {processor.py:840} INFO - DAG(s) 'example_setup_teardown' retrieved from /home/prabal/afenv/lib/python3.10/site-packages/airflow/example_dags/example_setup_teardown.py
[2024-06-18T13:57:55.572+0545] {logging_mixin.py:188} INFO - [2024-06-18T13:57:55.572+0545] {dag.py:3096} INFO - Sync 1 DAGs
[2024-06-18T13:57:55.592+0545] {logging_mixin.py:188} INFO - [2024-06-18T13:57:55.592+0545] {dag.py:3954} INFO - Setting next_dagrun for example_setup_teardown to 2024-06-17 00:00:00+00:00, run_after=2024-06-18 00:00:00+00:00
[2024-06-18T13:57:55.614+0545] {processor.py:183} INFO - Processing /home/prabal/afenv/lib/python3.10/site-packages/airflow/example_dags/example_setup_teardown.py took 0.091 seconds
[2024-06-18T14:05:44.438+0545] {processor.py:161} INFO - Started process (PID=20868) to work on /home/prabal/afenv/lib/python3.10/site-packages/airflow/example_dags/example_setup_teardown.py
[2024-06-18T14:05:44.451+0545] {processor.py:830} INFO - Processing file /home/prabal/afenv/lib/python3.10/site-packages/airflow/example_dags/example_setup_teardown.py for tasks to queue
[2024-06-18T14:05:44.454+0545] {logging_mixin.py:188} INFO - [2024-06-18T14:05:44.453+0545] {dagbag.py:545} INFO - Filling up the DagBag from /home/prabal/afenv/lib/python3.10/site-packages/airflow/example_dags/example_setup_teardown.py
[2024-06-18T14:05:44.467+0545] {processor.py:840} INFO - DAG(s) 'example_setup_teardown' retrieved from /home/prabal/afenv/lib/python3.10/site-packages/airflow/example_dags/example_setup_teardown.py
[2024-06-18T14:05:44.484+0545] {logging_mixin.py:188} INFO - [2024-06-18T14:05:44.484+0545] {dag.py:3096} INFO - Sync 1 DAGs
[2024-06-18T14:05:44.501+0545] {logging_mixin.py:188} INFO - [2024-06-18T14:05:44.501+0545] {dag.py:3954} INFO - Setting next_dagrun for example_setup_teardown to 2024-06-17 00:00:00+00:00, run_after=2024-06-18 00:00:00+00:00
[2024-06-18T14:05:44.520+0545] {processor.py:183} INFO - Processing /home/prabal/afenv/lib/python3.10/site-packages/airflow/example_dags/example_setup_teardown.py took 0.095 seconds
[2024-06-18T14:06:43.169+0545] {processor.py:161} INFO - Started process (PID=21147) to work on /home/prabal/afenv/lib/python3.10/site-packages/airflow/example_dags/example_setup_teardown.py
[2024-06-18T14:06:43.182+0545] {processor.py:830} INFO - Processing file /home/prabal/afenv/lib/python3.10/site-packages/airflow/example_dags/example_setup_teardown.py for tasks to queue
[2024-06-18T14:06:43.185+0545] {logging_mixin.py:188} INFO - [2024-06-18T14:06:43.184+0545] {dagbag.py:545} INFO - Filling up the DagBag from /home/prabal/afenv/lib/python3.10/site-packages/airflow/example_dags/example_setup_teardown.py
[2024-06-18T14:06:43.200+0545] {processor.py:840} INFO - DAG(s) 'example_setup_teardown' retrieved from /home/prabal/afenv/lib/python3.10/site-packages/airflow/example_dags/example_setup_teardown.py
[2024-06-18T14:06:43.216+0545] {logging_mixin.py:188} INFO - [2024-06-18T14:06:43.216+0545] {dag.py:3096} INFO - Sync 1 DAGs
[2024-06-18T14:06:43.246+0545] {logging_mixin.py:188} INFO - [2024-06-18T14:06:43.246+0545] {dag.py:3954} INFO - Setting next_dagrun for example_setup_teardown to 2024-06-17 00:00:00+00:00, run_after=2024-06-18 00:00:00+00:00
[2024-06-18T14:06:43.369+0545] {processor.py:183} INFO - Processing /home/prabal/afenv/lib/python3.10/site-packages/airflow/example_dags/example_setup_teardown.py took 0.212 seconds
[2024-06-18T14:07:41.273+0545] {processor.py:161} INFO - Started process (PID=21437) to work on /home/prabal/afenv/lib/python3.10/site-packages/airflow/example_dags/example_setup_teardown.py
[2024-06-18T14:07:41.276+0545] {processor.py:830} INFO - Processing file /home/prabal/afenv/lib/python3.10/site-packages/airflow/example_dags/example_setup_teardown.py for tasks to queue
[2024-06-18T14:07:41.280+0545] {logging_mixin.py:188} INFO - [2024-06-18T14:07:41.279+0545] {dagbag.py:545} INFO - Filling up the DagBag from /home/prabal/afenv/lib/python3.10/site-packages/airflow/example_dags/example_setup_teardown.py
[2024-06-18T14:07:41.299+0545] {processor.py:840} INFO - DAG(s) 'example_setup_teardown' retrieved from /home/prabal/afenv/lib/python3.10/site-packages/airflow/example_dags/example_setup_teardown.py
[2024-06-18T14:07:41.350+0545] {logging_mixin.py:188} INFO - [2024-06-18T14:07:41.350+0545] {dag.py:3096} INFO - Sync 1 DAGs
[2024-06-18T14:07:41.408+0545] {logging_mixin.py:188} INFO - [2024-06-18T14:07:41.407+0545] {dag.py:3954} INFO - Setting next_dagrun for example_setup_teardown to 2024-06-17 00:00:00+00:00, run_after=2024-06-18 00:00:00+00:00
[2024-06-18T14:07:41.468+0545] {processor.py:183} INFO - Processing /home/prabal/afenv/lib/python3.10/site-packages/airflow/example_dags/example_setup_teardown.py took 0.207 seconds
[2024-06-18T14:08:37.530+0545] {processor.py:161} INFO - Started process (PID=21706) to work on /home/prabal/afenv/lib/python3.10/site-packages/airflow/example_dags/example_setup_teardown.py
[2024-06-18T14:08:37.533+0545] {processor.py:830} INFO - Processing file /home/prabal/afenv/lib/python3.10/site-packages/airflow/example_dags/example_setup_teardown.py for tasks to queue
[2024-06-18T14:08:37.536+0545] {logging_mixin.py:188} INFO - [2024-06-18T14:08:37.536+0545] {dagbag.py:545} INFO - Filling up the DagBag from /home/prabal/afenv/lib/python3.10/site-packages/airflow/example_dags/example_setup_teardown.py
[2024-06-18T14:08:37.549+0545] {processor.py:840} INFO - DAG(s) 'example_setup_teardown' retrieved from /home/prabal/afenv/lib/python3.10/site-packages/airflow/example_dags/example_setup_teardown.py
[2024-06-18T14:08:37.565+0545] {logging_mixin.py:188} INFO - [2024-06-18T14:08:37.564+0545] {dag.py:3096} INFO - Sync 1 DAGs
[2024-06-18T14:08:37.582+0545] {logging_mixin.py:188} INFO - [2024-06-18T14:08:37.581+0545] {dag.py:3954} INFO - Setting next_dagrun for example_setup_teardown to 2024-06-17 00:00:00+00:00, run_after=2024-06-18 00:00:00+00:00
[2024-06-18T14:08:37.600+0545] {processor.py:183} INFO - Processing /home/prabal/afenv/lib/python3.10/site-packages/airflow/example_dags/example_setup_teardown.py took 0.085 seconds
[2024-06-18T14:09:32.545+0545] {processor.py:161} INFO - Started process (PID=21972) to work on /home/prabal/afenv/lib/python3.10/site-packages/airflow/example_dags/example_setup_teardown.py
[2024-06-18T14:09:32.559+0545] {processor.py:830} INFO - Processing file /home/prabal/afenv/lib/python3.10/site-packages/airflow/example_dags/example_setup_teardown.py for tasks to queue
[2024-06-18T14:09:32.563+0545] {logging_mixin.py:188} INFO - [2024-06-18T14:09:32.562+0545] {dagbag.py:545} INFO - Filling up the DagBag from /home/prabal/afenv/lib/python3.10/site-packages/airflow/example_dags/example_setup_teardown.py
[2024-06-18T14:09:32.581+0545] {processor.py:840} INFO - DAG(s) 'example_setup_teardown' retrieved from /home/prabal/afenv/lib/python3.10/site-packages/airflow/example_dags/example_setup_teardown.py
[2024-06-18T14:09:32.613+0545] {logging_mixin.py:188} INFO - [2024-06-18T14:09:32.612+0545] {dag.py:3096} INFO - Sync 1 DAGs
[2024-06-18T14:09:32.641+0545] {logging_mixin.py:188} INFO - [2024-06-18T14:09:32.641+0545] {dag.py:3954} INFO - Setting next_dagrun for example_setup_teardown to 2024-06-17 00:00:00+00:00, run_after=2024-06-18 00:00:00+00:00
[2024-06-18T14:09:32.659+0545] {processor.py:183} INFO - Processing /home/prabal/afenv/lib/python3.10/site-packages/airflow/example_dags/example_setup_teardown.py took 0.128 seconds
[2024-06-18T14:10:28.891+0545] {processor.py:161} INFO - Started process (PID=22240) to work on /home/prabal/afenv/lib/python3.10/site-packages/airflow/example_dags/example_setup_teardown.py
[2024-06-18T14:10:28.904+0545] {processor.py:830} INFO - Processing file /home/prabal/afenv/lib/python3.10/site-packages/airflow/example_dags/example_setup_teardown.py for tasks to queue
[2024-06-18T14:10:28.908+0545] {logging_mixin.py:188} INFO - [2024-06-18T14:10:28.907+0545] {dagbag.py:545} INFO - Filling up the DagBag from /home/prabal/afenv/lib/python3.10/site-packages/airflow/example_dags/example_setup_teardown.py
[2024-06-18T14:10:28.922+0545] {processor.py:840} INFO - DAG(s) 'example_setup_teardown' retrieved from /home/prabal/afenv/lib/python3.10/site-packages/airflow/example_dags/example_setup_teardown.py
[2024-06-18T14:10:28.952+0545] {logging_mixin.py:188} INFO - [2024-06-18T14:10:28.952+0545] {dag.py:3096} INFO - Sync 1 DAGs
[2024-06-18T14:10:28.971+0545] {logging_mixin.py:188} INFO - [2024-06-18T14:10:28.971+0545] {dag.py:3954} INFO - Setting next_dagrun for example_setup_teardown to 2024-06-17 00:00:00+00:00, run_after=2024-06-18 00:00:00+00:00
[2024-06-18T14:10:29.016+0545] {processor.py:183} INFO - Processing /home/prabal/afenv/lib/python3.10/site-packages/airflow/example_dags/example_setup_teardown.py took 0.140 seconds
[2024-06-18T14:11:20.361+0545] {processor.py:161} INFO - Started process (PID=22489) to work on /home/prabal/afenv/lib/python3.10/site-packages/airflow/example_dags/example_setup_teardown.py
[2024-06-18T14:11:20.363+0545] {processor.py:830} INFO - Processing file /home/prabal/afenv/lib/python3.10/site-packages/airflow/example_dags/example_setup_teardown.py for tasks to queue
[2024-06-18T14:11:20.366+0545] {logging_mixin.py:188} INFO - [2024-06-18T14:11:20.366+0545] {dagbag.py:545} INFO - Filling up the DagBag from /home/prabal/afenv/lib/python3.10/site-packages/airflow/example_dags/example_setup_teardown.py
[2024-06-18T14:11:20.381+0545] {processor.py:840} INFO - DAG(s) 'example_setup_teardown' retrieved from /home/prabal/afenv/lib/python3.10/site-packages/airflow/example_dags/example_setup_teardown.py
[2024-06-18T14:11:20.418+0545] {logging_mixin.py:188} INFO - [2024-06-18T14:11:20.417+0545] {dag.py:3096} INFO - Sync 1 DAGs
[2024-06-18T14:11:20.454+0545] {logging_mixin.py:188} INFO - [2024-06-18T14:11:20.453+0545] {dag.py:3954} INFO - Setting next_dagrun for example_setup_teardown to 2024-06-17 00:00:00+00:00, run_after=2024-06-18 00:00:00+00:00
[2024-06-18T14:11:20.503+0545] {processor.py:183} INFO - Processing /home/prabal/afenv/lib/python3.10/site-packages/airflow/example_dags/example_setup_teardown.py took 0.155 seconds
[2024-06-18T14:12:13.445+0545] {processor.py:161} INFO - Started process (PID=22746) to work on /home/prabal/afenv/lib/python3.10/site-packages/airflow/example_dags/example_setup_teardown.py
[2024-06-18T14:12:13.459+0545] {processor.py:830} INFO - Processing file /home/prabal/afenv/lib/python3.10/site-packages/airflow/example_dags/example_setup_teardown.py for tasks to queue
[2024-06-18T14:12:13.462+0545] {logging_mixin.py:188} INFO - [2024-06-18T14:12:13.461+0545] {dagbag.py:545} INFO - Filling up the DagBag from /home/prabal/afenv/lib/python3.10/site-packages/airflow/example_dags/example_setup_teardown.py
[2024-06-18T14:12:13.478+0545] {processor.py:840} INFO - DAG(s) 'example_setup_teardown' retrieved from /home/prabal/afenv/lib/python3.10/site-packages/airflow/example_dags/example_setup_teardown.py
[2024-06-18T14:12:13.516+0545] {logging_mixin.py:188} INFO - [2024-06-18T14:12:13.515+0545] {dag.py:3096} INFO - Sync 1 DAGs
[2024-06-18T14:12:13.547+0545] {logging_mixin.py:188} INFO - [2024-06-18T14:12:13.547+0545] {dag.py:3954} INFO - Setting next_dagrun for example_setup_teardown to 2024-06-17 00:00:00+00:00, run_after=2024-06-18 00:00:00+00:00
[2024-06-18T14:12:13.597+0545] {processor.py:183} INFO - Processing /home/prabal/afenv/lib/python3.10/site-packages/airflow/example_dags/example_setup_teardown.py took 0.167 seconds
[2024-06-18T14:13:04.491+0545] {processor.py:161} INFO - Started process (PID=22993) to work on /home/prabal/afenv/lib/python3.10/site-packages/airflow/example_dags/example_setup_teardown.py
[2024-06-18T14:13:04.504+0545] {processor.py:830} INFO - Processing file /home/prabal/afenv/lib/python3.10/site-packages/airflow/example_dags/example_setup_teardown.py for tasks to queue
[2024-06-18T14:13:04.508+0545] {logging_mixin.py:188} INFO - [2024-06-18T14:13:04.507+0545] {dagbag.py:545} INFO - Filling up the DagBag from /home/prabal/afenv/lib/python3.10/site-packages/airflow/example_dags/example_setup_teardown.py
[2024-06-18T14:13:04.523+0545] {processor.py:840} INFO - DAG(s) 'example_setup_teardown' retrieved from /home/prabal/afenv/lib/python3.10/site-packages/airflow/example_dags/example_setup_teardown.py
[2024-06-18T14:13:04.557+0545] {logging_mixin.py:188} INFO - [2024-06-18T14:13:04.556+0545] {dag.py:3096} INFO - Sync 1 DAGs
[2024-06-18T14:13:04.599+0545] {logging_mixin.py:188} INFO - [2024-06-18T14:13:04.598+0545] {dag.py:3954} INFO - Setting next_dagrun for example_setup_teardown to 2024-06-17 00:00:00+00:00, run_after=2024-06-18 00:00:00+00:00
[2024-06-18T14:13:04.636+0545] {processor.py:183} INFO - Processing /home/prabal/afenv/lib/python3.10/site-packages/airflow/example_dags/example_setup_teardown.py took 0.158 seconds
[2024-06-18T14:13:55.821+0545] {processor.py:161} INFO - Started process (PID=23241) to work on /home/prabal/afenv/lib/python3.10/site-packages/airflow/example_dags/example_setup_teardown.py
[2024-06-18T14:13:55.834+0545] {processor.py:830} INFO - Processing file /home/prabal/afenv/lib/python3.10/site-packages/airflow/example_dags/example_setup_teardown.py for tasks to queue
[2024-06-18T14:13:55.838+0545] {logging_mixin.py:188} INFO - [2024-06-18T14:13:55.837+0545] {dagbag.py:545} INFO - Filling up the DagBag from /home/prabal/afenv/lib/python3.10/site-packages/airflow/example_dags/example_setup_teardown.py
[2024-06-18T14:13:55.854+0545] {processor.py:840} INFO - DAG(s) 'example_setup_teardown' retrieved from /home/prabal/afenv/lib/python3.10/site-packages/airflow/example_dags/example_setup_teardown.py
[2024-06-18T14:13:55.889+0545] {logging_mixin.py:188} INFO - [2024-06-18T14:13:55.889+0545] {dag.py:3096} INFO - Sync 1 DAGs
[2024-06-18T14:13:55.912+0545] {logging_mixin.py:188} INFO - [2024-06-18T14:13:55.911+0545] {dag.py:3954} INFO - Setting next_dagrun for example_setup_teardown to 2024-06-17 00:00:00+00:00, run_after=2024-06-18 00:00:00+00:00
[2024-06-18T14:13:55.944+0545] {processor.py:183} INFO - Processing /home/prabal/afenv/lib/python3.10/site-packages/airflow/example_dags/example_setup_teardown.py took 0.137 seconds
[2024-06-18T14:14:49.106+0545] {processor.py:161} INFO - Started process (PID=23497) to work on /home/prabal/afenv/lib/python3.10/site-packages/airflow/example_dags/example_setup_teardown.py
[2024-06-18T14:14:49.119+0545] {processor.py:830} INFO - Processing file /home/prabal/afenv/lib/python3.10/site-packages/airflow/example_dags/example_setup_teardown.py for tasks to queue
[2024-06-18T14:14:49.122+0545] {logging_mixin.py:188} INFO - [2024-06-18T14:14:49.122+0545] {dagbag.py:545} INFO - Filling up the DagBag from /home/prabal/afenv/lib/python3.10/site-packages/airflow/example_dags/example_setup_teardown.py
[2024-06-18T14:14:49.138+0545] {processor.py:840} INFO - DAG(s) 'example_setup_teardown' retrieved from /home/prabal/afenv/lib/python3.10/site-packages/airflow/example_dags/example_setup_teardown.py
[2024-06-18T14:14:49.163+0545] {logging_mixin.py:188} INFO - [2024-06-18T14:14:49.163+0545] {dag.py:3096} INFO - Sync 1 DAGs
[2024-06-18T14:14:49.191+0545] {logging_mixin.py:188} INFO - [2024-06-18T14:14:49.191+0545] {dag.py:3954} INFO - Setting next_dagrun for example_setup_teardown to 2024-06-17 00:00:00+00:00, run_after=2024-06-18 00:00:00+00:00
[2024-06-18T14:14:49.222+0545] {processor.py:183} INFO - Processing /home/prabal/afenv/lib/python3.10/site-packages/airflow/example_dags/example_setup_teardown.py took 0.131 seconds
[2024-06-18T14:15:52.888+0545] {processor.py:161} INFO - Started process (PID=23829) to work on /home/prabal/afenv/lib/python3.10/site-packages/airflow/example_dags/example_setup_teardown.py
[2024-06-18T14:15:52.900+0545] {processor.py:830} INFO - Processing file /home/prabal/afenv/lib/python3.10/site-packages/airflow/example_dags/example_setup_teardown.py for tasks to queue
[2024-06-18T14:15:52.902+0545] {logging_mixin.py:188} INFO - [2024-06-18T14:15:52.902+0545] {dagbag.py:545} INFO - Filling up the DagBag from /home/prabal/afenv/lib/python3.10/site-packages/airflow/example_dags/example_setup_teardown.py
[2024-06-18T14:15:52.909+0545] {processor.py:840} INFO - DAG(s) 'example_setup_teardown' retrieved from /home/prabal/afenv/lib/python3.10/site-packages/airflow/example_dags/example_setup_teardown.py
[2024-06-18T14:15:52.926+0545] {logging_mixin.py:188} INFO - [2024-06-18T14:15:52.926+0545] {dag.py:3096} INFO - Sync 1 DAGs
[2024-06-18T14:15:52.958+0545] {logging_mixin.py:188} INFO - [2024-06-18T14:15:52.958+0545] {dag.py:3954} INFO - Setting next_dagrun for example_setup_teardown to 2024-06-17 00:00:00+00:00, run_after=2024-06-18 00:00:00+00:00
[2024-06-18T14:15:52.992+0545] {processor.py:183} INFO - Processing /home/prabal/afenv/lib/python3.10/site-packages/airflow/example_dags/example_setup_teardown.py took 0.110 seconds
[2024-06-18T14:16:51.075+0545] {processor.py:161} INFO - Started process (PID=24106) to work on /home/prabal/afenv/lib/python3.10/site-packages/airflow/example_dags/example_setup_teardown.py
[2024-06-18T14:16:51.088+0545] {processor.py:830} INFO - Processing file /home/prabal/afenv/lib/python3.10/site-packages/airflow/example_dags/example_setup_teardown.py for tasks to queue
[2024-06-18T14:16:51.092+0545] {logging_mixin.py:188} INFO - [2024-06-18T14:16:51.091+0545] {dagbag.py:545} INFO - Filling up the DagBag from /home/prabal/afenv/lib/python3.10/site-packages/airflow/example_dags/example_setup_teardown.py
[2024-06-18T14:16:51.107+0545] {processor.py:840} INFO - DAG(s) 'example_setup_teardown' retrieved from /home/prabal/afenv/lib/python3.10/site-packages/airflow/example_dags/example_setup_teardown.py
[2024-06-18T14:16:51.131+0545] {logging_mixin.py:188} INFO - [2024-06-18T14:16:51.131+0545] {dag.py:3096} INFO - Sync 1 DAGs
[2024-06-18T14:16:51.149+0545] {logging_mixin.py:188} INFO - [2024-06-18T14:16:51.149+0545] {dag.py:3954} INFO - Setting next_dagrun for example_setup_teardown to 2024-06-17 00:00:00+00:00, run_after=2024-06-18 00:00:00+00:00
[2024-06-18T14:16:51.171+0545] {processor.py:183} INFO - Processing /home/prabal/afenv/lib/python3.10/site-packages/airflow/example_dags/example_setup_teardown.py took 0.110 seconds
[2024-06-18T14:17:45.408+0545] {processor.py:161} INFO - Started process (PID=24369) to work on /home/prabal/afenv/lib/python3.10/site-packages/airflow/example_dags/example_setup_teardown.py
[2024-06-18T14:17:45.422+0545] {processor.py:830} INFO - Processing file /home/prabal/afenv/lib/python3.10/site-packages/airflow/example_dags/example_setup_teardown.py for tasks to queue
[2024-06-18T14:17:45.425+0545] {logging_mixin.py:188} INFO - [2024-06-18T14:17:45.424+0545] {dagbag.py:545} INFO - Filling up the DagBag from /home/prabal/afenv/lib/python3.10/site-packages/airflow/example_dags/example_setup_teardown.py
[2024-06-18T14:17:45.441+0545] {processor.py:840} INFO - DAG(s) 'example_setup_teardown' retrieved from /home/prabal/afenv/lib/python3.10/site-packages/airflow/example_dags/example_setup_teardown.py
[2024-06-18T14:17:45.474+0545] {logging_mixin.py:188} INFO - [2024-06-18T14:17:45.474+0545] {dag.py:3096} INFO - Sync 1 DAGs
[2024-06-18T14:17:45.511+0545] {logging_mixin.py:188} INFO - [2024-06-18T14:17:45.511+0545] {dag.py:3954} INFO - Setting next_dagrun for example_setup_teardown to 2024-06-17 00:00:00+00:00, run_after=2024-06-18 00:00:00+00:00
[2024-06-18T14:17:45.562+0545] {processor.py:183} INFO - Processing /home/prabal/afenv/lib/python3.10/site-packages/airflow/example_dags/example_setup_teardown.py took 0.167 seconds
[2024-06-18T14:18:40.450+0545] {processor.py:161} INFO - Started process (PID=24634) to work on /home/prabal/afenv/lib/python3.10/site-packages/airflow/example_dags/example_setup_teardown.py
[2024-06-18T14:18:40.463+0545] {processor.py:830} INFO - Processing file /home/prabal/afenv/lib/python3.10/site-packages/airflow/example_dags/example_setup_teardown.py for tasks to queue
[2024-06-18T14:18:40.467+0545] {logging_mixin.py:188} INFO - [2024-06-18T14:18:40.466+0545] {dagbag.py:545} INFO - Filling up the DagBag from /home/prabal/afenv/lib/python3.10/site-packages/airflow/example_dags/example_setup_teardown.py
[2024-06-18T14:18:40.482+0545] {processor.py:840} INFO - DAG(s) 'example_setup_teardown' retrieved from /home/prabal/afenv/lib/python3.10/site-packages/airflow/example_dags/example_setup_teardown.py
[2024-06-18T14:18:40.507+0545] {logging_mixin.py:188} INFO - [2024-06-18T14:18:40.507+0545] {dag.py:3096} INFO - Sync 1 DAGs
[2024-06-18T14:18:40.539+0545] {logging_mixin.py:188} INFO - [2024-06-18T14:18:40.538+0545] {dag.py:3954} INFO - Setting next_dagrun for example_setup_teardown to 2024-06-17 00:00:00+00:00, run_after=2024-06-18 00:00:00+00:00
[2024-06-18T14:18:40.561+0545] {processor.py:183} INFO - Processing /home/prabal/afenv/lib/python3.10/site-packages/airflow/example_dags/example_setup_teardown.py took 0.129 seconds
[2024-06-18T14:19:35.694+0545] {processor.py:161} INFO - Started process (PID=24897) to work on /home/prabal/afenv/lib/python3.10/site-packages/airflow/example_dags/example_setup_teardown.py
[2024-06-18T14:19:35.710+0545] {processor.py:830} INFO - Processing file /home/prabal/afenv/lib/python3.10/site-packages/airflow/example_dags/example_setup_teardown.py for tasks to queue
[2024-06-18T14:19:35.719+0545] {logging_mixin.py:188} INFO - [2024-06-18T14:19:35.717+0545] {dagbag.py:545} INFO - Filling up the DagBag from /home/prabal/afenv/lib/python3.10/site-packages/airflow/example_dags/example_setup_teardown.py
[2024-06-18T14:19:35.750+0545] {processor.py:840} INFO - DAG(s) 'example_setup_teardown' retrieved from /home/prabal/afenv/lib/python3.10/site-packages/airflow/example_dags/example_setup_teardown.py
[2024-06-18T14:19:35.768+0545] {logging_mixin.py:188} INFO - [2024-06-18T14:19:35.768+0545] {dag.py:3096} INFO - Sync 1 DAGs
[2024-06-18T14:19:35.787+0545] {logging_mixin.py:188} INFO - [2024-06-18T14:19:35.787+0545] {dag.py:3954} INFO - Setting next_dagrun for example_setup_teardown to 2024-06-17 00:00:00+00:00, run_after=2024-06-18 00:00:00+00:00
[2024-06-18T14:19:35.812+0545] {processor.py:183} INFO - Processing /home/prabal/afenv/lib/python3.10/site-packages/airflow/example_dags/example_setup_teardown.py took 0.136 seconds
[2024-06-18T14:20:29.970+0545] {processor.py:161} INFO - Started process (PID=25157) to work on /home/prabal/afenv/lib/python3.10/site-packages/airflow/example_dags/example_setup_teardown.py
[2024-06-18T14:20:29.984+0545] {processor.py:830} INFO - Processing file /home/prabal/afenv/lib/python3.10/site-packages/airflow/example_dags/example_setup_teardown.py for tasks to queue
[2024-06-18T14:20:29.986+0545] {logging_mixin.py:188} INFO - [2024-06-18T14:20:29.986+0545] {dagbag.py:545} INFO - Filling up the DagBag from /home/prabal/afenv/lib/python3.10/site-packages/airflow/example_dags/example_setup_teardown.py
[2024-06-18T14:20:30.001+0545] {processor.py:840} INFO - DAG(s) 'example_setup_teardown' retrieved from /home/prabal/afenv/lib/python3.10/site-packages/airflow/example_dags/example_setup_teardown.py
[2024-06-18T14:20:30.034+0545] {logging_mixin.py:188} INFO - [2024-06-18T14:20:30.034+0545] {dag.py:3096} INFO - Sync 1 DAGs
[2024-06-18T14:20:30.064+0545] {logging_mixin.py:188} INFO - [2024-06-18T14:20:30.064+0545] {dag.py:3954} INFO - Setting next_dagrun for example_setup_teardown to 2024-06-17 00:00:00+00:00, run_after=2024-06-18 00:00:00+00:00
[2024-06-18T14:20:30.098+0545] {processor.py:183} INFO - Processing /home/prabal/afenv/lib/python3.10/site-packages/airflow/example_dags/example_setup_teardown.py took 0.139 seconds
[2024-06-18T14:21:21.518+0545] {processor.py:161} INFO - Started process (PID=25407) to work on /home/prabal/afenv/lib/python3.10/site-packages/airflow/example_dags/example_setup_teardown.py
[2024-06-18T14:21:21.532+0545] {processor.py:830} INFO - Processing file /home/prabal/afenv/lib/python3.10/site-packages/airflow/example_dags/example_setup_teardown.py for tasks to queue
[2024-06-18T14:21:21.535+0545] {logging_mixin.py:188} INFO - [2024-06-18T14:21:21.535+0545] {dagbag.py:545} INFO - Filling up the DagBag from /home/prabal/afenv/lib/python3.10/site-packages/airflow/example_dags/example_setup_teardown.py
[2024-06-18T14:21:21.551+0545] {processor.py:840} INFO - DAG(s) 'example_setup_teardown' retrieved from /home/prabal/afenv/lib/python3.10/site-packages/airflow/example_dags/example_setup_teardown.py
[2024-06-18T14:21:21.584+0545] {logging_mixin.py:188} INFO - [2024-06-18T14:21:21.583+0545] {dag.py:3096} INFO - Sync 1 DAGs
[2024-06-18T14:21:21.608+0545] {logging_mixin.py:188} INFO - [2024-06-18T14:21:21.607+0545] {dag.py:3954} INFO - Setting next_dagrun for example_setup_teardown to 2024-06-17 00:00:00+00:00, run_after=2024-06-18 00:00:00+00:00
[2024-06-18T14:21:21.646+0545] {processor.py:183} INFO - Processing /home/prabal/afenv/lib/python3.10/site-packages/airflow/example_dags/example_setup_teardown.py took 0.142 seconds
[2024-06-18T14:22:15.985+0545] {processor.py:161} INFO - Started process (PID=25667) to work on /home/prabal/afenv/lib/python3.10/site-packages/airflow/example_dags/example_setup_teardown.py
[2024-06-18T14:22:15.998+0545] {processor.py:830} INFO - Processing file /home/prabal/afenv/lib/python3.10/site-packages/airflow/example_dags/example_setup_teardown.py for tasks to queue
[2024-06-18T14:22:16.001+0545] {logging_mixin.py:188} INFO - [2024-06-18T14:22:16.000+0545] {dagbag.py:545} INFO - Filling up the DagBag from /home/prabal/afenv/lib/python3.10/site-packages/airflow/example_dags/example_setup_teardown.py
[2024-06-18T14:22:16.017+0545] {processor.py:840} INFO - DAG(s) 'example_setup_teardown' retrieved from /home/prabal/afenv/lib/python3.10/site-packages/airflow/example_dags/example_setup_teardown.py
[2024-06-18T14:22:16.037+0545] {logging_mixin.py:188} INFO - [2024-06-18T14:22:16.037+0545] {dag.py:3096} INFO - Sync 1 DAGs
[2024-06-18T14:22:16.073+0545] {logging_mixin.py:188} INFO - [2024-06-18T14:22:16.073+0545] {dag.py:3954} INFO - Setting next_dagrun for example_setup_teardown to 2024-06-17 00:00:00+00:00, run_after=2024-06-18 00:00:00+00:00
[2024-06-18T14:22:16.101+0545] {processor.py:183} INFO - Processing /home/prabal/afenv/lib/python3.10/site-packages/airflow/example_dags/example_setup_teardown.py took 0.131 seconds
[2024-06-18T14:23:11.718+0545] {processor.py:161} INFO - Started process (PID=25937) to work on /home/prabal/afenv/lib/python3.10/site-packages/airflow/example_dags/example_setup_teardown.py
[2024-06-18T14:23:11.720+0545] {processor.py:830} INFO - Processing file /home/prabal/afenv/lib/python3.10/site-packages/airflow/example_dags/example_setup_teardown.py for tasks to queue
[2024-06-18T14:23:11.722+0545] {logging_mixin.py:188} INFO - [2024-06-18T14:23:11.722+0545] {dagbag.py:545} INFO - Filling up the DagBag from /home/prabal/afenv/lib/python3.10/site-packages/airflow/example_dags/example_setup_teardown.py
[2024-06-18T14:23:11.742+0545] {processor.py:840} INFO - DAG(s) 'example_setup_teardown' retrieved from /home/prabal/afenv/lib/python3.10/site-packages/airflow/example_dags/example_setup_teardown.py
[2024-06-18T14:23:11.774+0545] {logging_mixin.py:188} INFO - [2024-06-18T14:23:11.774+0545] {dag.py:3096} INFO - Sync 1 DAGs
[2024-06-18T14:23:11.792+0545] {logging_mixin.py:188} INFO - [2024-06-18T14:23:11.792+0545] {dag.py:3954} INFO - Setting next_dagrun for example_setup_teardown to 2024-06-17 00:00:00+00:00, run_after=2024-06-18 00:00:00+00:00
[2024-06-18T14:23:11.812+0545] {processor.py:183} INFO - Processing /home/prabal/afenv/lib/python3.10/site-packages/airflow/example_dags/example_setup_teardown.py took 0.098 seconds
[2024-06-18T14:24:04.108+0545] {processor.py:161} INFO - Started process (PID=26192) to work on /home/prabal/afenv/lib/python3.10/site-packages/airflow/example_dags/example_setup_teardown.py
[2024-06-18T14:24:04.122+0545] {processor.py:830} INFO - Processing file /home/prabal/afenv/lib/python3.10/site-packages/airflow/example_dags/example_setup_teardown.py for tasks to queue
[2024-06-18T14:24:04.125+0545] {logging_mixin.py:188} INFO - [2024-06-18T14:24:04.124+0545] {dagbag.py:545} INFO - Filling up the DagBag from /home/prabal/afenv/lib/python3.10/site-packages/airflow/example_dags/example_setup_teardown.py
[2024-06-18T14:24:04.141+0545] {processor.py:840} INFO - DAG(s) 'example_setup_teardown' retrieved from /home/prabal/afenv/lib/python3.10/site-packages/airflow/example_dags/example_setup_teardown.py
[2024-06-18T14:24:04.177+0545] {logging_mixin.py:188} INFO - [2024-06-18T14:24:04.177+0545] {dag.py:3096} INFO - Sync 1 DAGs
[2024-06-18T14:24:04.198+0545] {logging_mixin.py:188} INFO - [2024-06-18T14:24:04.198+0545] {dag.py:3954} INFO - Setting next_dagrun for example_setup_teardown to 2024-06-17 00:00:00+00:00, run_after=2024-06-18 00:00:00+00:00
[2024-06-18T14:24:04.218+0545] {processor.py:183} INFO - Processing /home/prabal/afenv/lib/python3.10/site-packages/airflow/example_dags/example_setup_teardown.py took 0.124 seconds
[2024-06-18T17:16:59.966+0545] {processor.py:161} INFO - Started process (PID=4480) to work on /home/prabal/afenv/lib/python3.10/site-packages/airflow/example_dags/example_setup_teardown.py
[2024-06-18T17:16:59.968+0545] {processor.py:830} INFO - Processing file /home/prabal/afenv/lib/python3.10/site-packages/airflow/example_dags/example_setup_teardown.py for tasks to queue
[2024-06-18T17:16:59.970+0545] {logging_mixin.py:188} INFO - [2024-06-18T17:16:59.969+0545] {dagbag.py:545} INFO - Filling up the DagBag from /home/prabal/afenv/lib/python3.10/site-packages/airflow/example_dags/example_setup_teardown.py
[2024-06-18T17:16:59.982+0545] {processor.py:840} INFO - DAG(s) 'example_setup_teardown' retrieved from /home/prabal/afenv/lib/python3.10/site-packages/airflow/example_dags/example_setup_teardown.py
[2024-06-18T17:17:00.052+0545] {logging_mixin.py:188} INFO - [2024-06-18T17:17:00.052+0545] {dag.py:3096} INFO - Sync 1 DAGs
[2024-06-18T17:17:00.153+0545] {logging_mixin.py:188} INFO - [2024-06-18T17:17:00.153+0545] {dag.py:3954} INFO - Setting next_dagrun for example_setup_teardown to 2024-06-17 00:00:00+00:00, run_after=2024-06-18 00:00:00+00:00
[2024-06-18T17:17:00.183+0545] {processor.py:183} INFO - Processing /home/prabal/afenv/lib/python3.10/site-packages/airflow/example_dags/example_setup_teardown.py took 0.228 seconds
[2024-06-18T17:18:04.862+0545] {processor.py:161} INFO - Started process (PID=4791) to work on /home/prabal/afenv/lib/python3.10/site-packages/airflow/example_dags/example_setup_teardown.py
[2024-06-18T17:18:04.875+0545] {processor.py:830} INFO - Processing file /home/prabal/afenv/lib/python3.10/site-packages/airflow/example_dags/example_setup_teardown.py for tasks to queue
[2024-06-18T17:18:04.878+0545] {logging_mixin.py:188} INFO - [2024-06-18T17:18:04.877+0545] {dagbag.py:545} INFO - Filling up the DagBag from /home/prabal/afenv/lib/python3.10/site-packages/airflow/example_dags/example_setup_teardown.py
[2024-06-18T17:18:04.894+0545] {processor.py:840} INFO - DAG(s) 'example_setup_teardown' retrieved from /home/prabal/afenv/lib/python3.10/site-packages/airflow/example_dags/example_setup_teardown.py
[2024-06-18T17:18:04.917+0545] {logging_mixin.py:188} INFO - [2024-06-18T17:18:04.917+0545] {dag.py:3096} INFO - Sync 1 DAGs
[2024-06-18T17:18:04.934+0545] {logging_mixin.py:188} INFO - [2024-06-18T17:18:04.934+0545] {dag.py:3954} INFO - Setting next_dagrun for example_setup_teardown to 2024-06-17 00:00:00+00:00, run_after=2024-06-18 00:00:00+00:00
[2024-06-18T17:18:04.960+0545] {processor.py:183} INFO - Processing /home/prabal/afenv/lib/python3.10/site-packages/airflow/example_dags/example_setup_teardown.py took 0.112 seconds
[2024-06-18T17:19:06.164+0545] {processor.py:161} INFO - Started process (PID=5505) to work on /home/prabal/afenv/lib/python3.10/site-packages/airflow/example_dags/example_setup_teardown.py
[2024-06-18T17:19:06.177+0545] {processor.py:830} INFO - Processing file /home/prabal/afenv/lib/python3.10/site-packages/airflow/example_dags/example_setup_teardown.py for tasks to queue
[2024-06-18T17:19:06.179+0545] {logging_mixin.py:188} INFO - [2024-06-18T17:19:06.179+0545] {dagbag.py:545} INFO - Filling up the DagBag from /home/prabal/afenv/lib/python3.10/site-packages/airflow/example_dags/example_setup_teardown.py
[2024-06-18T17:19:06.194+0545] {processor.py:840} INFO - DAG(s) 'example_setup_teardown' retrieved from /home/prabal/afenv/lib/python3.10/site-packages/airflow/example_dags/example_setup_teardown.py
[2024-06-18T17:19:06.217+0545] {logging_mixin.py:188} INFO - [2024-06-18T17:19:06.217+0545] {dag.py:3096} INFO - Sync 1 DAGs
[2024-06-18T17:19:06.236+0545] {logging_mixin.py:188} INFO - [2024-06-18T17:19:06.236+0545] {dag.py:3954} INFO - Setting next_dagrun for example_setup_teardown to 2024-06-17 00:00:00+00:00, run_after=2024-06-18 00:00:00+00:00
[2024-06-18T17:19:06.258+0545] {processor.py:183} INFO - Processing /home/prabal/afenv/lib/python3.10/site-packages/airflow/example_dags/example_setup_teardown.py took 0.106 seconds
[2024-06-18T17:20:02.071+0545] {processor.py:161} INFO - Started process (PID=5925) to work on /home/prabal/afenv/lib/python3.10/site-packages/airflow/example_dags/example_setup_teardown.py
[2024-06-18T17:20:02.085+0545] {processor.py:830} INFO - Processing file /home/prabal/afenv/lib/python3.10/site-packages/airflow/example_dags/example_setup_teardown.py for tasks to queue
[2024-06-18T17:20:02.087+0545] {logging_mixin.py:188} INFO - [2024-06-18T17:20:02.086+0545] {dagbag.py:545} INFO - Filling up the DagBag from /home/prabal/afenv/lib/python3.10/site-packages/airflow/example_dags/example_setup_teardown.py
[2024-06-18T17:20:02.103+0545] {processor.py:840} INFO - DAG(s) 'example_setup_teardown' retrieved from /home/prabal/afenv/lib/python3.10/site-packages/airflow/example_dags/example_setup_teardown.py
[2024-06-18T17:20:02.143+0545] {logging_mixin.py:188} INFO - [2024-06-18T17:20:02.142+0545] {dag.py:3096} INFO - Sync 1 DAGs
[2024-06-18T17:20:02.175+0545] {logging_mixin.py:188} INFO - [2024-06-18T17:20:02.175+0545] {dag.py:3954} INFO - Setting next_dagrun for example_setup_teardown to 2024-06-17 00:00:00+00:00, run_after=2024-06-18 00:00:00+00:00
[2024-06-18T17:20:02.208+0545] {processor.py:183} INFO - Processing /home/prabal/afenv/lib/python3.10/site-packages/airflow/example_dags/example_setup_teardown.py took 0.150 seconds
[2024-06-18T17:20:57.036+0545] {processor.py:161} INFO - Started process (PID=6597) to work on /home/prabal/afenv/lib/python3.10/site-packages/airflow/example_dags/example_setup_teardown.py
[2024-06-18T17:20:57.049+0545] {processor.py:830} INFO - Processing file /home/prabal/afenv/lib/python3.10/site-packages/airflow/example_dags/example_setup_teardown.py for tasks to queue
[2024-06-18T17:20:57.051+0545] {logging_mixin.py:188} INFO - [2024-06-18T17:20:57.050+0545] {dagbag.py:545} INFO - Filling up the DagBag from /home/prabal/afenv/lib/python3.10/site-packages/airflow/example_dags/example_setup_teardown.py
[2024-06-18T17:20:57.065+0545] {processor.py:840} INFO - DAG(s) 'example_setup_teardown' retrieved from /home/prabal/afenv/lib/python3.10/site-packages/airflow/example_dags/example_setup_teardown.py
[2024-06-18T17:20:57.094+0545] {logging_mixin.py:188} INFO - [2024-06-18T17:20:57.093+0545] {dag.py:3096} INFO - Sync 1 DAGs
[2024-06-18T17:20:57.111+0545] {logging_mixin.py:188} INFO - [2024-06-18T17:20:57.111+0545] {dag.py:3954} INFO - Setting next_dagrun for example_setup_teardown to 2024-06-17 00:00:00+00:00, run_after=2024-06-18 00:00:00+00:00
[2024-06-18T17:20:57.131+0545] {processor.py:183} INFO - Processing /home/prabal/afenv/lib/python3.10/site-packages/airflow/example_dags/example_setup_teardown.py took 0.108 seconds
[2024-06-18T17:22:26.380+0545] {processor.py:161} INFO - Started process (PID=7134) to work on /home/prabal/afenv/lib/python3.10/site-packages/airflow/example_dags/example_setup_teardown.py
[2024-06-18T17:22:26.384+0545] {processor.py:830} INFO - Processing file /home/prabal/afenv/lib/python3.10/site-packages/airflow/example_dags/example_setup_teardown.py for tasks to queue
[2024-06-18T17:22:26.388+0545] {logging_mixin.py:188} INFO - [2024-06-18T17:22:26.387+0545] {dagbag.py:545} INFO - Filling up the DagBag from /home/prabal/afenv/lib/python3.10/site-packages/airflow/example_dags/example_setup_teardown.py
[2024-06-18T17:22:26.405+0545] {processor.py:840} INFO - DAG(s) 'example_setup_teardown' retrieved from /home/prabal/afenv/lib/python3.10/site-packages/airflow/example_dags/example_setup_teardown.py
[2024-06-18T17:22:26.503+0545] {logging_mixin.py:188} INFO - [2024-06-18T17:22:26.503+0545] {dag.py:3096} INFO - Sync 1 DAGs
[2024-06-18T17:22:26.636+0545] {logging_mixin.py:188} INFO - [2024-06-18T17:22:26.635+0545] {dag.py:3954} INFO - Setting next_dagrun for example_setup_teardown to 2024-06-17 00:00:00+00:00, run_after=2024-06-18 00:00:00+00:00
[2024-06-18T17:22:26.674+0545] {processor.py:183} INFO - Processing /home/prabal/afenv/lib/python3.10/site-packages/airflow/example_dags/example_setup_teardown.py took 0.308 seconds
