[2024-06-18T13:42:42.390+0545] {processor.py:161} INFO - Started process (PID=14248) to work on /home/prabal/afenv/lib/python3.10/site-packages/airflow/example_dags/example_latest_only_with_trigger.py
[2024-06-18T13:42:42.391+0545] {processor.py:830} INFO - Processing file /home/prabal/afenv/lib/python3.10/site-packages/airflow/example_dags/example_latest_only_with_trigger.py for tasks to queue
[2024-06-18T13:42:42.395+0545] {logging_mixin.py:188} INFO - [2024-06-18T13:42:42.394+0545] {dagbag.py:545} INFO - Filling up the DagBag from /home/prabal/afenv/lib/python3.10/site-packages/airflow/example_dags/example_latest_only_with_trigger.py
[2024-06-18T13:42:42.401+0545] {processor.py:840} INFO - DAG(s) 'latest_only_with_trigger' retrieved from /home/prabal/afenv/lib/python3.10/site-packages/airflow/example_dags/example_latest_only_with_trigger.py
[2024-06-18T13:42:42.500+0545] {logging_mixin.py:188} INFO - [2024-06-18T13:42:42.499+0545] {override.py:1829} INFO - Created Permission View: can read on DAG:latest_only_with_trigger
[2024-06-18T13:42:42.509+0545] {logging_mixin.py:188} INFO - [2024-06-18T13:42:42.509+0545] {override.py:1829} INFO - Created Permission View: can edit on DAG:latest_only_with_trigger
[2024-06-18T13:42:42.516+0545] {logging_mixin.py:188} INFO - [2024-06-18T13:42:42.515+0545] {override.py:1829} INFO - Created Permission View: can delete on DAG:latest_only_with_trigger
[2024-06-18T13:42:42.516+0545] {logging_mixin.py:188} INFO - [2024-06-18T13:42:42.516+0545] {dag.py:3096} INFO - Sync 1 DAGs
[2024-06-18T13:42:42.525+0545] {logging_mixin.py:188} INFO - [2024-06-18T13:42:42.524+0545] {dag.py:3118} INFO - Creating ORM DAG for latest_only_with_trigger
[2024-06-18T13:42:42.532+0545] {logging_mixin.py:188} INFO - [2024-06-18T13:42:42.532+0545] {dag.py:3954} INFO - Setting next_dagrun for latest_only_with_trigger to 2024-06-18 00:00:00+00:00, run_after=2024-06-18 04:00:00+00:00
[2024-06-18T13:42:42.634+0545] {processor.py:183} INFO - Processing /home/prabal/afenv/lib/python3.10/site-packages/airflow/example_dags/example_latest_only_with_trigger.py took 0.260 seconds
[2024-06-18T13:43:40.861+0545] {processor.py:161} INFO - Started process (PID=14540) to work on /home/prabal/afenv/lib/python3.10/site-packages/airflow/example_dags/example_latest_only_with_trigger.py
[2024-06-18T13:43:40.874+0545] {processor.py:830} INFO - Processing file /home/prabal/afenv/lib/python3.10/site-packages/airflow/example_dags/example_latest_only_with_trigger.py for tasks to queue
[2024-06-18T13:43:40.877+0545] {logging_mixin.py:188} INFO - [2024-06-18T13:43:40.877+0545] {dagbag.py:545} INFO - Filling up the DagBag from /home/prabal/afenv/lib/python3.10/site-packages/airflow/example_dags/example_latest_only_with_trigger.py
[2024-06-18T13:43:40.890+0545] {processor.py:840} INFO - DAG(s) 'latest_only_with_trigger' retrieved from /home/prabal/afenv/lib/python3.10/site-packages/airflow/example_dags/example_latest_only_with_trigger.py
[2024-06-18T13:43:40.918+0545] {logging_mixin.py:188} INFO - [2024-06-18T13:43:40.918+0545] {dag.py:3096} INFO - Sync 1 DAGs
[2024-06-18T13:43:40.945+0545] {logging_mixin.py:188} INFO - [2024-06-18T13:43:40.945+0545] {dag.py:3954} INFO - Setting next_dagrun for latest_only_with_trigger to 2024-06-18 00:00:00+00:00, run_after=2024-06-18 04:00:00+00:00
[2024-06-18T13:43:40.964+0545] {processor.py:183} INFO - Processing /home/prabal/afenv/lib/python3.10/site-packages/airflow/example_dags/example_latest_only_with_trigger.py took 0.114 seconds
[2024-06-18T13:44:44.919+0545] {processor.py:161} INFO - Started process (PID=14848) to work on /home/prabal/afenv/lib/python3.10/site-packages/airflow/example_dags/example_latest_only_with_trigger.py
[2024-06-18T13:44:44.932+0545] {processor.py:830} INFO - Processing file /home/prabal/afenv/lib/python3.10/site-packages/airflow/example_dags/example_latest_only_with_trigger.py for tasks to queue
[2024-06-18T13:44:44.936+0545] {logging_mixin.py:188} INFO - [2024-06-18T13:44:44.935+0545] {dagbag.py:545} INFO - Filling up the DagBag from /home/prabal/afenv/lib/python3.10/site-packages/airflow/example_dags/example_latest_only_with_trigger.py
[2024-06-18T13:44:45.148+0545] {processor.py:840} INFO - DAG(s) 'latest_only_with_trigger' retrieved from /home/prabal/afenv/lib/python3.10/site-packages/airflow/example_dags/example_latest_only_with_trigger.py
[2024-06-18T13:44:45.161+0545] {logging_mixin.py:188} INFO - [2024-06-18T13:44:45.161+0545] {dag.py:3096} INFO - Sync 1 DAGs
[2024-06-18T13:44:45.179+0545] {logging_mixin.py:188} INFO - [2024-06-18T13:44:45.179+0545] {dag.py:3954} INFO - Setting next_dagrun for latest_only_with_trigger to 2024-06-18 00:00:00+00:00, run_after=2024-06-18 04:00:00+00:00
[2024-06-18T13:44:45.215+0545] {processor.py:183} INFO - Processing /home/prabal/afenv/lib/python3.10/site-packages/airflow/example_dags/example_latest_only_with_trigger.py took 0.310 seconds
[2024-06-18T13:45:41.421+0545] {processor.py:161} INFO - Started process (PID=15120) to work on /home/prabal/afenv/lib/python3.10/site-packages/airflow/example_dags/example_latest_only_with_trigger.py
[2024-06-18T13:45:41.435+0545] {processor.py:830} INFO - Processing file /home/prabal/afenv/lib/python3.10/site-packages/airflow/example_dags/example_latest_only_with_trigger.py for tasks to queue
[2024-06-18T13:45:41.439+0545] {logging_mixin.py:188} INFO - [2024-06-18T13:45:41.438+0545] {dagbag.py:545} INFO - Filling up the DagBag from /home/prabal/afenv/lib/python3.10/site-packages/airflow/example_dags/example_latest_only_with_trigger.py
[2024-06-18T13:45:41.452+0545] {processor.py:840} INFO - DAG(s) 'latest_only_with_trigger' retrieved from /home/prabal/afenv/lib/python3.10/site-packages/airflow/example_dags/example_latest_only_with_trigger.py
[2024-06-18T13:45:41.478+0545] {logging_mixin.py:188} INFO - [2024-06-18T13:45:41.478+0545] {dag.py:3096} INFO - Sync 1 DAGs
[2024-06-18T13:45:41.503+0545] {logging_mixin.py:188} INFO - [2024-06-18T13:45:41.502+0545] {dag.py:3954} INFO - Setting next_dagrun for latest_only_with_trigger to 2024-06-18 04:00:00+00:00, run_after=2024-06-18 08:00:00+00:00
[2024-06-18T13:45:41.533+0545] {processor.py:183} INFO - Processing /home/prabal/afenv/lib/python3.10/site-packages/airflow/example_dags/example_latest_only_with_trigger.py took 0.128 seconds
[2024-06-18T13:46:35.667+0545] {processor.py:161} INFO - Started process (PID=15384) to work on /home/prabal/afenv/lib/python3.10/site-packages/airflow/example_dags/example_latest_only_with_trigger.py
[2024-06-18T13:46:35.681+0545] {processor.py:830} INFO - Processing file /home/prabal/afenv/lib/python3.10/site-packages/airflow/example_dags/example_latest_only_with_trigger.py for tasks to queue
[2024-06-18T13:46:35.684+0545] {logging_mixin.py:188} INFO - [2024-06-18T13:46:35.683+0545] {dagbag.py:545} INFO - Filling up the DagBag from /home/prabal/afenv/lib/python3.10/site-packages/airflow/example_dags/example_latest_only_with_trigger.py
[2024-06-18T13:46:35.696+0545] {processor.py:840} INFO - DAG(s) 'latest_only_with_trigger' retrieved from /home/prabal/afenv/lib/python3.10/site-packages/airflow/example_dags/example_latest_only_with_trigger.py
[2024-06-18T13:46:35.719+0545] {logging_mixin.py:188} INFO - [2024-06-18T13:46:35.719+0545] {dag.py:3096} INFO - Sync 1 DAGs
[2024-06-18T13:46:35.758+0545] {logging_mixin.py:188} INFO - [2024-06-18T13:46:35.758+0545] {dag.py:3954} INFO - Setting next_dagrun for latest_only_with_trigger to 2024-06-18 04:00:00+00:00, run_after=2024-06-18 08:00:00+00:00
[2024-06-18T13:46:35.779+0545] {processor.py:183} INFO - Processing /home/prabal/afenv/lib/python3.10/site-packages/airflow/example_dags/example_latest_only_with_trigger.py took 0.128 seconds
[2024-06-18T13:47:27.543+0545] {processor.py:161} INFO - Started process (PID=15634) to work on /home/prabal/afenv/lib/python3.10/site-packages/airflow/example_dags/example_latest_only_with_trigger.py
[2024-06-18T13:47:27.556+0545] {processor.py:830} INFO - Processing file /home/prabal/afenv/lib/python3.10/site-packages/airflow/example_dags/example_latest_only_with_trigger.py for tasks to queue
[2024-06-18T13:47:27.559+0545] {logging_mixin.py:188} INFO - [2024-06-18T13:47:27.559+0545] {dagbag.py:545} INFO - Filling up the DagBag from /home/prabal/afenv/lib/python3.10/site-packages/airflow/example_dags/example_latest_only_with_trigger.py
[2024-06-18T13:47:27.572+0545] {processor.py:840} INFO - DAG(s) 'latest_only_with_trigger' retrieved from /home/prabal/afenv/lib/python3.10/site-packages/airflow/example_dags/example_latest_only_with_trigger.py
[2024-06-18T13:47:27.614+0545] {logging_mixin.py:188} INFO - [2024-06-18T13:47:27.612+0545] {dag.py:3096} INFO - Sync 1 DAGs
[2024-06-18T13:47:27.648+0545] {logging_mixin.py:188} INFO - [2024-06-18T13:47:27.647+0545] {dag.py:3954} INFO - Setting next_dagrun for latest_only_with_trigger to 2024-06-18 04:00:00+00:00, run_after=2024-06-18 08:00:00+00:00
[2024-06-18T13:47:27.668+0545] {processor.py:183} INFO - Processing /home/prabal/afenv/lib/python3.10/site-packages/airflow/example_dags/example_latest_only_with_trigger.py took 0.139 seconds
[2024-06-18T13:48:19.442+0545] {processor.py:161} INFO - Started process (PID=15888) to work on /home/prabal/afenv/lib/python3.10/site-packages/airflow/example_dags/example_latest_only_with_trigger.py
[2024-06-18T13:48:19.455+0545] {processor.py:830} INFO - Processing file /home/prabal/afenv/lib/python3.10/site-packages/airflow/example_dags/example_latest_only_with_trigger.py for tasks to queue
[2024-06-18T13:48:19.459+0545] {logging_mixin.py:188} INFO - [2024-06-18T13:48:19.458+0545] {dagbag.py:545} INFO - Filling up the DagBag from /home/prabal/afenv/lib/python3.10/site-packages/airflow/example_dags/example_latest_only_with_trigger.py
[2024-06-18T13:48:19.473+0545] {processor.py:840} INFO - DAG(s) 'latest_only_with_trigger' retrieved from /home/prabal/afenv/lib/python3.10/site-packages/airflow/example_dags/example_latest_only_with_trigger.py
[2024-06-18T13:48:19.499+0545] {logging_mixin.py:188} INFO - [2024-06-18T13:48:19.499+0545] {dag.py:3096} INFO - Sync 1 DAGs
[2024-06-18T13:48:19.519+0545] {logging_mixin.py:188} INFO - [2024-06-18T13:48:19.518+0545] {dag.py:3954} INFO - Setting next_dagrun for latest_only_with_trigger to 2024-06-18 04:00:00+00:00, run_after=2024-06-18 08:00:00+00:00
[2024-06-18T13:48:19.540+0545] {processor.py:183} INFO - Processing /home/prabal/afenv/lib/python3.10/site-packages/airflow/example_dags/example_latest_only_with_trigger.py took 0.113 seconds
[2024-06-18T13:50:04.441+0545] {processor.py:161} INFO - Started process (PID=16414) to work on /home/prabal/afenv/lib/python3.10/site-packages/airflow/example_dags/example_latest_only_with_trigger.py
[2024-06-18T13:50:04.444+0545] {processor.py:830} INFO - Processing file /home/prabal/afenv/lib/python3.10/site-packages/airflow/example_dags/example_latest_only_with_trigger.py for tasks to queue
[2024-06-18T13:50:04.448+0545] {logging_mixin.py:188} INFO - [2024-06-18T13:50:04.447+0545] {dagbag.py:545} INFO - Filling up the DagBag from /home/prabal/afenv/lib/python3.10/site-packages/airflow/example_dags/example_latest_only_with_trigger.py
[2024-06-18T13:50:04.462+0545] {processor.py:840} INFO - DAG(s) 'latest_only_with_trigger' retrieved from /home/prabal/afenv/lib/python3.10/site-packages/airflow/example_dags/example_latest_only_with_trigger.py
[2024-06-18T13:50:04.486+0545] {logging_mixin.py:188} INFO - [2024-06-18T13:50:04.486+0545] {dag.py:3096} INFO - Sync 1 DAGs
[2024-06-18T13:50:04.512+0545] {logging_mixin.py:188} INFO - [2024-06-18T13:50:04.511+0545] {dag.py:3954} INFO - Setting next_dagrun for latest_only_with_trigger to 2024-06-18 04:00:00+00:00, run_after=2024-06-18 08:00:00+00:00
[2024-06-18T13:50:04.537+0545] {processor.py:183} INFO - Processing /home/prabal/afenv/lib/python3.10/site-packages/airflow/example_dags/example_latest_only_with_trigger.py took 0.112 seconds
[2024-06-18T13:51:48.697+0545] {processor.py:161} INFO - Started process (PID=16945) to work on /home/prabal/afenv/lib/python3.10/site-packages/airflow/example_dags/example_latest_only_with_trigger.py
[2024-06-18T13:51:48.700+0545] {processor.py:830} INFO - Processing file /home/prabal/afenv/lib/python3.10/site-packages/airflow/example_dags/example_latest_only_with_trigger.py for tasks to queue
[2024-06-18T13:51:48.703+0545] {logging_mixin.py:188} INFO - [2024-06-18T13:51:48.702+0545] {dagbag.py:545} INFO - Filling up the DagBag from /home/prabal/afenv/lib/python3.10/site-packages/airflow/example_dags/example_latest_only_with_trigger.py
[2024-06-18T13:51:48.713+0545] {processor.py:840} INFO - DAG(s) 'latest_only_with_trigger' retrieved from /home/prabal/afenv/lib/python3.10/site-packages/airflow/example_dags/example_latest_only_with_trigger.py
[2024-06-18T13:51:48.737+0545] {logging_mixin.py:188} INFO - [2024-06-18T13:51:48.737+0545] {dag.py:3096} INFO - Sync 1 DAGs
[2024-06-18T13:51:48.755+0545] {logging_mixin.py:188} INFO - [2024-06-18T13:51:48.755+0545] {dag.py:3954} INFO - Setting next_dagrun for latest_only_with_trigger to 2024-06-18 04:00:00+00:00, run_after=2024-06-18 08:00:00+00:00
[2024-06-18T13:51:48.774+0545] {processor.py:183} INFO - Processing /home/prabal/afenv/lib/python3.10/site-packages/airflow/example_dags/example_latest_only_with_trigger.py took 0.086 seconds
[2024-06-18T13:52:52.226+0545] {processor.py:161} INFO - Started process (PID=17305) to work on /home/prabal/afenv/lib/python3.10/site-packages/airflow/example_dags/example_latest_only_with_trigger.py
[2024-06-18T13:52:52.239+0545] {processor.py:830} INFO - Processing file /home/prabal/afenv/lib/python3.10/site-packages/airflow/example_dags/example_latest_only_with_trigger.py for tasks to queue
[2024-06-18T13:52:52.241+0545] {logging_mixin.py:188} INFO - [2024-06-18T13:52:52.240+0545] {dagbag.py:545} INFO - Filling up the DagBag from /home/prabal/afenv/lib/python3.10/site-packages/airflow/example_dags/example_latest_only_with_trigger.py
[2024-06-18T13:52:52.250+0545] {processor.py:840} INFO - DAG(s) 'latest_only_with_trigger' retrieved from /home/prabal/afenv/lib/python3.10/site-packages/airflow/example_dags/example_latest_only_with_trigger.py
[2024-06-18T13:52:52.270+0545] {logging_mixin.py:188} INFO - [2024-06-18T13:52:52.270+0545] {dag.py:3096} INFO - Sync 1 DAGs
[2024-06-18T13:52:52.293+0545] {logging_mixin.py:188} INFO - [2024-06-18T13:52:52.293+0545] {dag.py:3954} INFO - Setting next_dagrun for latest_only_with_trigger to 2024-06-18 04:00:00+00:00, run_after=2024-06-18 08:00:00+00:00
[2024-06-18T13:52:52.322+0545] {processor.py:183} INFO - Processing /home/prabal/afenv/lib/python3.10/site-packages/airflow/example_dags/example_latest_only_with_trigger.py took 0.105 seconds
[2024-06-18T13:54:05.275+0545] {processor.py:161} INFO - Started process (PID=17655) to work on /home/prabal/afenv/lib/python3.10/site-packages/airflow/example_dags/example_latest_only_with_trigger.py
[2024-06-18T13:54:05.287+0545] {processor.py:830} INFO - Processing file /home/prabal/afenv/lib/python3.10/site-packages/airflow/example_dags/example_latest_only_with_trigger.py for tasks to queue
[2024-06-18T13:54:05.290+0545] {logging_mixin.py:188} INFO - [2024-06-18T13:54:05.289+0545] {dagbag.py:545} INFO - Filling up the DagBag from /home/prabal/afenv/lib/python3.10/site-packages/airflow/example_dags/example_latest_only_with_trigger.py
[2024-06-18T13:54:05.297+0545] {processor.py:840} INFO - DAG(s) 'latest_only_with_trigger' retrieved from /home/prabal/afenv/lib/python3.10/site-packages/airflow/example_dags/example_latest_only_with_trigger.py
[2024-06-18T13:54:05.313+0545] {logging_mixin.py:188} INFO - [2024-06-18T13:54:05.313+0545] {dag.py:3096} INFO - Sync 1 DAGs
[2024-06-18T13:54:05.331+0545] {logging_mixin.py:188} INFO - [2024-06-18T13:54:05.330+0545] {dag.py:3954} INFO - Setting next_dagrun for latest_only_with_trigger to 2024-06-18 04:00:00+00:00, run_after=2024-06-18 08:00:00+00:00
[2024-06-18T13:54:05.350+0545] {processor.py:183} INFO - Processing /home/prabal/afenv/lib/python3.10/site-packages/airflow/example_dags/example_latest_only_with_trigger.py took 0.083 seconds
[2024-06-18T13:54:55.081+0545] {processor.py:161} INFO - Started process (PID=17898) to work on /home/prabal/afenv/lib/python3.10/site-packages/airflow/example_dags/example_latest_only_with_trigger.py
[2024-06-18T13:54:55.093+0545] {processor.py:830} INFO - Processing file /home/prabal/afenv/lib/python3.10/site-packages/airflow/example_dags/example_latest_only_with_trigger.py for tasks to queue
[2024-06-18T13:54:55.096+0545] {logging_mixin.py:188} INFO - [2024-06-18T13:54:55.095+0545] {dagbag.py:545} INFO - Filling up the DagBag from /home/prabal/afenv/lib/python3.10/site-packages/airflow/example_dags/example_latest_only_with_trigger.py
[2024-06-18T13:54:55.103+0545] {processor.py:840} INFO - DAG(s) 'latest_only_with_trigger' retrieved from /home/prabal/afenv/lib/python3.10/site-packages/airflow/example_dags/example_latest_only_with_trigger.py
[2024-06-18T13:54:55.127+0545] {logging_mixin.py:188} INFO - [2024-06-18T13:54:55.127+0545] {dag.py:3096} INFO - Sync 1 DAGs
[2024-06-18T13:54:55.160+0545] {logging_mixin.py:188} INFO - [2024-06-18T13:54:55.160+0545] {dag.py:3954} INFO - Setting next_dagrun for latest_only_with_trigger to 2024-06-18 04:00:00+00:00, run_after=2024-06-18 08:00:00+00:00
[2024-06-18T13:54:55.187+0545] {processor.py:183} INFO - Processing /home/prabal/afenv/lib/python3.10/site-packages/airflow/example_dags/example_latest_only_with_trigger.py took 0.114 seconds
[2024-06-18T13:56:05.431+0545] {processor.py:161} INFO - Started process (PID=18260) to work on /home/prabal/afenv/lib/python3.10/site-packages/airflow/example_dags/example_latest_only_with_trigger.py
[2024-06-18T13:56:05.443+0545] {processor.py:830} INFO - Processing file /home/prabal/afenv/lib/python3.10/site-packages/airflow/example_dags/example_latest_only_with_trigger.py for tasks to queue
[2024-06-18T13:56:05.445+0545] {logging_mixin.py:188} INFO - [2024-06-18T13:56:05.445+0545] {dagbag.py:545} INFO - Filling up the DagBag from /home/prabal/afenv/lib/python3.10/site-packages/airflow/example_dags/example_latest_only_with_trigger.py
[2024-06-18T13:56:05.451+0545] {processor.py:840} INFO - DAG(s) 'latest_only_with_trigger' retrieved from /home/prabal/afenv/lib/python3.10/site-packages/airflow/example_dags/example_latest_only_with_trigger.py
[2024-06-18T13:56:05.466+0545] {logging_mixin.py:188} INFO - [2024-06-18T13:56:05.466+0545] {dag.py:3096} INFO - Sync 1 DAGs
[2024-06-18T13:56:05.503+0545] {logging_mixin.py:188} INFO - [2024-06-18T13:56:05.502+0545] {dag.py:3954} INFO - Setting next_dagrun for latest_only_with_trigger to 2024-06-18 04:00:00+00:00, run_after=2024-06-18 08:00:00+00:00
[2024-06-18T13:56:05.527+0545] {processor.py:183} INFO - Processing /home/prabal/afenv/lib/python3.10/site-packages/airflow/example_dags/example_latest_only_with_trigger.py took 0.103 seconds
[2024-06-18T13:56:57.837+0545] {processor.py:161} INFO - Started process (PID=18512) to work on /home/prabal/afenv/lib/python3.10/site-packages/airflow/example_dags/example_latest_only_with_trigger.py
[2024-06-18T13:56:57.847+0545] {processor.py:830} INFO - Processing file /home/prabal/afenv/lib/python3.10/site-packages/airflow/example_dags/example_latest_only_with_trigger.py for tasks to queue
[2024-06-18T13:56:57.852+0545] {logging_mixin.py:188} INFO - [2024-06-18T13:56:57.851+0545] {dagbag.py:545} INFO - Filling up the DagBag from /home/prabal/afenv/lib/python3.10/site-packages/airflow/example_dags/example_latest_only_with_trigger.py
[2024-06-18T13:56:57.864+0545] {processor.py:840} INFO - DAG(s) 'latest_only_with_trigger' retrieved from /home/prabal/afenv/lib/python3.10/site-packages/airflow/example_dags/example_latest_only_with_trigger.py
[2024-06-18T13:56:57.887+0545] {logging_mixin.py:188} INFO - [2024-06-18T13:56:57.887+0545] {dag.py:3096} INFO - Sync 1 DAGs
[2024-06-18T13:56:57.908+0545] {logging_mixin.py:188} INFO - [2024-06-18T13:56:57.908+0545] {dag.py:3954} INFO - Setting next_dagrun for latest_only_with_trigger to 2024-06-18 04:00:00+00:00, run_after=2024-06-18 08:00:00+00:00
[2024-06-18T13:56:57.928+0545] {processor.py:183} INFO - Processing /home/prabal/afenv/lib/python3.10/site-packages/airflow/example_dags/example_latest_only_with_trigger.py took 0.105 seconds
[2024-06-18T13:57:49.961+0545] {processor.py:161} INFO - Started process (PID=18767) to work on /home/prabal/afenv/lib/python3.10/site-packages/airflow/example_dags/example_latest_only_with_trigger.py
[2024-06-18T13:57:49.974+0545] {processor.py:830} INFO - Processing file /home/prabal/afenv/lib/python3.10/site-packages/airflow/example_dags/example_latest_only_with_trigger.py for tasks to queue
[2024-06-18T13:57:49.976+0545] {logging_mixin.py:188} INFO - [2024-06-18T13:57:49.975+0545] {dagbag.py:545} INFO - Filling up the DagBag from /home/prabal/afenv/lib/python3.10/site-packages/airflow/example_dags/example_latest_only_with_trigger.py
[2024-06-18T13:57:49.982+0545] {processor.py:840} INFO - DAG(s) 'latest_only_with_trigger' retrieved from /home/prabal/afenv/lib/python3.10/site-packages/airflow/example_dags/example_latest_only_with_trigger.py
[2024-06-18T13:57:50.000+0545] {logging_mixin.py:188} INFO - [2024-06-18T13:57:50.000+0545] {dag.py:3096} INFO - Sync 1 DAGs
[2024-06-18T13:57:50.022+0545] {logging_mixin.py:188} INFO - [2024-06-18T13:57:50.022+0545] {dag.py:3954} INFO - Setting next_dagrun for latest_only_with_trigger to 2024-06-18 04:00:00+00:00, run_after=2024-06-18 08:00:00+00:00
[2024-06-18T13:57:50.052+0545] {processor.py:183} INFO - Processing /home/prabal/afenv/lib/python3.10/site-packages/airflow/example_dags/example_latest_only_with_trigger.py took 0.113 seconds
[2024-06-18T14:05:36.787+0545] {processor.py:161} INFO - Started process (PID=20831) to work on /home/prabal/afenv/lib/python3.10/site-packages/airflow/example_dags/example_latest_only_with_trigger.py
[2024-06-18T14:05:36.800+0545] {processor.py:830} INFO - Processing file /home/prabal/afenv/lib/python3.10/site-packages/airflow/example_dags/example_latest_only_with_trigger.py for tasks to queue
[2024-06-18T14:05:36.804+0545] {logging_mixin.py:188} INFO - [2024-06-18T14:05:36.803+0545] {dagbag.py:545} INFO - Filling up the DagBag from /home/prabal/afenv/lib/python3.10/site-packages/airflow/example_dags/example_latest_only_with_trigger.py
[2024-06-18T14:05:36.818+0545] {processor.py:840} INFO - DAG(s) 'latest_only_with_trigger' retrieved from /home/prabal/afenv/lib/python3.10/site-packages/airflow/example_dags/example_latest_only_with_trigger.py
[2024-06-18T14:05:36.837+0545] {logging_mixin.py:188} INFO - [2024-06-18T14:05:36.837+0545] {dag.py:3096} INFO - Sync 1 DAGs
[2024-06-18T14:05:36.854+0545] {logging_mixin.py:188} INFO - [2024-06-18T14:05:36.854+0545] {dag.py:3954} INFO - Setting next_dagrun for latest_only_with_trigger to 2024-06-18 04:00:00+00:00, run_after=2024-06-18 08:00:00+00:00
[2024-06-18T14:05:36.873+0545] {processor.py:183} INFO - Processing /home/prabal/afenv/lib/python3.10/site-packages/airflow/example_dags/example_latest_only_with_trigger.py took 0.101 seconds
[2024-06-18T14:06:35.267+0545] {processor.py:161} INFO - Started process (PID=21109) to work on /home/prabal/afenv/lib/python3.10/site-packages/airflow/example_dags/example_latest_only_with_trigger.py
[2024-06-18T14:06:35.281+0545] {processor.py:830} INFO - Processing file /home/prabal/afenv/lib/python3.10/site-packages/airflow/example_dags/example_latest_only_with_trigger.py for tasks to queue
[2024-06-18T14:06:35.284+0545] {logging_mixin.py:188} INFO - [2024-06-18T14:06:35.283+0545] {dagbag.py:545} INFO - Filling up the DagBag from /home/prabal/afenv/lib/python3.10/site-packages/airflow/example_dags/example_latest_only_with_trigger.py
[2024-06-18T14:06:35.295+0545] {processor.py:840} INFO - DAG(s) 'latest_only_with_trigger' retrieved from /home/prabal/afenv/lib/python3.10/site-packages/airflow/example_dags/example_latest_only_with_trigger.py
[2024-06-18T14:06:35.312+0545] {logging_mixin.py:188} INFO - [2024-06-18T14:06:35.312+0545] {dag.py:3096} INFO - Sync 1 DAGs
[2024-06-18T14:06:35.335+0545] {logging_mixin.py:188} INFO - [2024-06-18T14:06:35.334+0545] {dag.py:3954} INFO - Setting next_dagrun for latest_only_with_trigger to 2024-06-18 04:00:00+00:00, run_after=2024-06-18 08:00:00+00:00
[2024-06-18T14:06:35.358+0545] {processor.py:183} INFO - Processing /home/prabal/afenv/lib/python3.10/site-packages/airflow/example_dags/example_latest_only_with_trigger.py took 0.108 seconds
[2024-06-18T14:07:34.262+0545] {processor.py:161} INFO - Started process (PID=21393) to work on /home/prabal/afenv/lib/python3.10/site-packages/airflow/example_dags/example_latest_only_with_trigger.py
[2024-06-18T14:07:34.274+0545] {processor.py:830} INFO - Processing file /home/prabal/afenv/lib/python3.10/site-packages/airflow/example_dags/example_latest_only_with_trigger.py for tasks to queue
[2024-06-18T14:07:34.276+0545] {logging_mixin.py:188} INFO - [2024-06-18T14:07:34.276+0545] {dagbag.py:545} INFO - Filling up the DagBag from /home/prabal/afenv/lib/python3.10/site-packages/airflow/example_dags/example_latest_only_with_trigger.py
[2024-06-18T14:07:34.283+0545] {processor.py:840} INFO - DAG(s) 'latest_only_with_trigger' retrieved from /home/prabal/afenv/lib/python3.10/site-packages/airflow/example_dags/example_latest_only_with_trigger.py
[2024-06-18T14:07:34.299+0545] {logging_mixin.py:188} INFO - [2024-06-18T14:07:34.299+0545] {dag.py:3096} INFO - Sync 1 DAGs
[2024-06-18T14:07:34.319+0545] {logging_mixin.py:188} INFO - [2024-06-18T14:07:34.319+0545] {dag.py:3954} INFO - Setting next_dagrun for latest_only_with_trigger to 2024-06-18 04:00:00+00:00, run_after=2024-06-18 08:00:00+00:00
[2024-06-18T14:07:34.337+0545] {processor.py:183} INFO - Processing /home/prabal/afenv/lib/python3.10/site-packages/airflow/example_dags/example_latest_only_with_trigger.py took 0.083 seconds
[2024-06-18T14:08:30.781+0545] {processor.py:161} INFO - Started process (PID=21673) to work on /home/prabal/afenv/lib/python3.10/site-packages/airflow/example_dags/example_latest_only_with_trigger.py
[2024-06-18T14:08:30.794+0545] {processor.py:830} INFO - Processing file /home/prabal/afenv/lib/python3.10/site-packages/airflow/example_dags/example_latest_only_with_trigger.py for tasks to queue
[2024-06-18T14:08:30.796+0545] {logging_mixin.py:188} INFO - [2024-06-18T14:08:30.796+0545] {dagbag.py:545} INFO - Filling up the DagBag from /home/prabal/afenv/lib/python3.10/site-packages/airflow/example_dags/example_latest_only_with_trigger.py
[2024-06-18T14:08:30.808+0545] {processor.py:840} INFO - DAG(s) 'latest_only_with_trigger' retrieved from /home/prabal/afenv/lib/python3.10/site-packages/airflow/example_dags/example_latest_only_with_trigger.py
[2024-06-18T14:08:30.827+0545] {logging_mixin.py:188} INFO - [2024-06-18T14:08:30.826+0545] {dag.py:3096} INFO - Sync 1 DAGs
[2024-06-18T14:08:30.844+0545] {logging_mixin.py:188} INFO - [2024-06-18T14:08:30.844+0545] {dag.py:3954} INFO - Setting next_dagrun for latest_only_with_trigger to 2024-06-18 04:00:00+00:00, run_after=2024-06-18 08:00:00+00:00
[2024-06-18T14:08:30.876+0545] {processor.py:183} INFO - Processing /home/prabal/afenv/lib/python3.10/site-packages/airflow/example_dags/example_latest_only_with_trigger.py took 0.109 seconds
[2024-06-18T14:09:25.555+0545] {processor.py:161} INFO - Started process (PID=21938) to work on /home/prabal/afenv/lib/python3.10/site-packages/airflow/example_dags/example_latest_only_with_trigger.py
[2024-06-18T14:09:25.568+0545] {processor.py:830} INFO - Processing file /home/prabal/afenv/lib/python3.10/site-packages/airflow/example_dags/example_latest_only_with_trigger.py for tasks to queue
[2024-06-18T14:09:25.572+0545] {logging_mixin.py:188} INFO - [2024-06-18T14:09:25.571+0545] {dagbag.py:545} INFO - Filling up the DagBag from /home/prabal/afenv/lib/python3.10/site-packages/airflow/example_dags/example_latest_only_with_trigger.py
[2024-06-18T14:09:25.588+0545] {processor.py:840} INFO - DAG(s) 'latest_only_with_trigger' retrieved from /home/prabal/afenv/lib/python3.10/site-packages/airflow/example_dags/example_latest_only_with_trigger.py
[2024-06-18T14:09:25.621+0545] {logging_mixin.py:188} INFO - [2024-06-18T14:09:25.620+0545] {dag.py:3096} INFO - Sync 1 DAGs
[2024-06-18T14:09:25.640+0545] {logging_mixin.py:188} INFO - [2024-06-18T14:09:25.640+0545] {dag.py:3954} INFO - Setting next_dagrun for latest_only_with_trigger to 2024-06-18 04:00:00+00:00, run_after=2024-06-18 08:00:00+00:00
[2024-06-18T14:09:25.660+0545] {processor.py:183} INFO - Processing /home/prabal/afenv/lib/python3.10/site-packages/airflow/example_dags/example_latest_only_with_trigger.py took 0.120 seconds
[2024-06-18T14:10:21.054+0545] {processor.py:161} INFO - Started process (PID=22203) to work on /home/prabal/afenv/lib/python3.10/site-packages/airflow/example_dags/example_latest_only_with_trigger.py
[2024-06-18T14:10:21.067+0545] {processor.py:830} INFO - Processing file /home/prabal/afenv/lib/python3.10/site-packages/airflow/example_dags/example_latest_only_with_trigger.py for tasks to queue
[2024-06-18T14:10:21.071+0545] {logging_mixin.py:188} INFO - [2024-06-18T14:10:21.070+0545] {dagbag.py:545} INFO - Filling up the DagBag from /home/prabal/afenv/lib/python3.10/site-packages/airflow/example_dags/example_latest_only_with_trigger.py
[2024-06-18T14:10:21.084+0545] {processor.py:840} INFO - DAG(s) 'latest_only_with_trigger' retrieved from /home/prabal/afenv/lib/python3.10/site-packages/airflow/example_dags/example_latest_only_with_trigger.py
[2024-06-18T14:10:21.117+0545] {logging_mixin.py:188} INFO - [2024-06-18T14:10:21.117+0545] {dag.py:3096} INFO - Sync 1 DAGs
[2024-06-18T14:10:21.137+0545] {logging_mixin.py:188} INFO - [2024-06-18T14:10:21.136+0545] {dag.py:3954} INFO - Setting next_dagrun for latest_only_with_trigger to 2024-06-18 04:00:00+00:00, run_after=2024-06-18 08:00:00+00:00
[2024-06-18T14:10:21.164+0545] {processor.py:183} INFO - Processing /home/prabal/afenv/lib/python3.10/site-packages/airflow/example_dags/example_latest_only_with_trigger.py took 0.124 seconds
[2024-06-18T14:11:13.516+0545] {processor.py:161} INFO - Started process (PID=22455) to work on /home/prabal/afenv/lib/python3.10/site-packages/airflow/example_dags/example_latest_only_with_trigger.py
[2024-06-18T14:11:13.529+0545] {processor.py:830} INFO - Processing file /home/prabal/afenv/lib/python3.10/site-packages/airflow/example_dags/example_latest_only_with_trigger.py for tasks to queue
[2024-06-18T14:11:13.532+0545] {logging_mixin.py:188} INFO - [2024-06-18T14:11:13.531+0545] {dagbag.py:545} INFO - Filling up the DagBag from /home/prabal/afenv/lib/python3.10/site-packages/airflow/example_dags/example_latest_only_with_trigger.py
[2024-06-18T14:11:13.546+0545] {processor.py:840} INFO - DAG(s) 'latest_only_with_trigger' retrieved from /home/prabal/afenv/lib/python3.10/site-packages/airflow/example_dags/example_latest_only_with_trigger.py
[2024-06-18T14:11:13.582+0545] {logging_mixin.py:188} INFO - [2024-06-18T14:11:13.581+0545] {dag.py:3096} INFO - Sync 1 DAGs
[2024-06-18T14:11:13.606+0545] {logging_mixin.py:188} INFO - [2024-06-18T14:11:13.605+0545] {dag.py:3954} INFO - Setting next_dagrun for latest_only_with_trigger to 2024-06-18 04:00:00+00:00, run_after=2024-06-18 08:00:00+00:00
[2024-06-18T14:11:13.623+0545] {processor.py:183} INFO - Processing /home/prabal/afenv/lib/python3.10/site-packages/airflow/example_dags/example_latest_only_with_trigger.py took 0.119 seconds
[2024-06-18T14:12:05.727+0545] {processor.py:161} INFO - Started process (PID=22709) to work on /home/prabal/afenv/lib/python3.10/site-packages/airflow/example_dags/example_latest_only_with_trigger.py
[2024-06-18T14:12:05.730+0545] {processor.py:830} INFO - Processing file /home/prabal/afenv/lib/python3.10/site-packages/airflow/example_dags/example_latest_only_with_trigger.py for tasks to queue
[2024-06-18T14:12:05.733+0545] {logging_mixin.py:188} INFO - [2024-06-18T14:12:05.731+0545] {dagbag.py:545} INFO - Filling up the DagBag from /home/prabal/afenv/lib/python3.10/site-packages/airflow/example_dags/example_latest_only_with_trigger.py
[2024-06-18T14:12:05.740+0545] {processor.py:840} INFO - DAG(s) 'latest_only_with_trigger' retrieved from /home/prabal/afenv/lib/python3.10/site-packages/airflow/example_dags/example_latest_only_with_trigger.py
[2024-06-18T14:12:05.755+0545] {logging_mixin.py:188} INFO - [2024-06-18T14:12:05.755+0545] {dag.py:3096} INFO - Sync 1 DAGs
[2024-06-18T14:12:05.773+0545] {logging_mixin.py:188} INFO - [2024-06-18T14:12:05.773+0545] {dag.py:3954} INFO - Setting next_dagrun for latest_only_with_trigger to 2024-06-18 04:00:00+00:00, run_after=2024-06-18 08:00:00+00:00
[2024-06-18T14:12:05.791+0545] {processor.py:183} INFO - Processing /home/prabal/afenv/lib/python3.10/site-packages/airflow/example_dags/example_latest_only_with_trigger.py took 0.071 seconds
[2024-06-18T14:12:56.928+0545] {processor.py:161} INFO - Started process (PID=22956) to work on /home/prabal/afenv/lib/python3.10/site-packages/airflow/example_dags/example_latest_only_with_trigger.py
[2024-06-18T14:12:56.940+0545] {processor.py:830} INFO - Processing file /home/prabal/afenv/lib/python3.10/site-packages/airflow/example_dags/example_latest_only_with_trigger.py for tasks to queue
[2024-06-18T14:12:56.943+0545] {logging_mixin.py:188} INFO - [2024-06-18T14:12:56.943+0545] {dagbag.py:545} INFO - Filling up the DagBag from /home/prabal/afenv/lib/python3.10/site-packages/airflow/example_dags/example_latest_only_with_trigger.py
[2024-06-18T14:12:56.956+0545] {processor.py:840} INFO - DAG(s) 'latest_only_with_trigger' retrieved from /home/prabal/afenv/lib/python3.10/site-packages/airflow/example_dags/example_latest_only_with_trigger.py
[2024-06-18T14:12:56.980+0545] {logging_mixin.py:188} INFO - [2024-06-18T14:12:56.980+0545] {dag.py:3096} INFO - Sync 1 DAGs
[2024-06-18T14:12:57.010+0545] {logging_mixin.py:188} INFO - [2024-06-18T14:12:57.010+0545] {dag.py:3954} INFO - Setting next_dagrun for latest_only_with_trigger to 2024-06-18 04:00:00+00:00, run_after=2024-06-18 08:00:00+00:00
[2024-06-18T14:12:57.041+0545] {processor.py:183} INFO - Processing /home/prabal/afenv/lib/python3.10/site-packages/airflow/example_dags/example_latest_only_with_trigger.py took 0.128 seconds
[2024-06-18T14:13:49.352+0545] {processor.py:161} INFO - Started process (PID=23209) to work on /home/prabal/afenv/lib/python3.10/site-packages/airflow/example_dags/example_latest_only_with_trigger.py
[2024-06-18T14:13:49.364+0545] {processor.py:830} INFO - Processing file /home/prabal/afenv/lib/python3.10/site-packages/airflow/example_dags/example_latest_only_with_trigger.py for tasks to queue
[2024-06-18T14:13:49.367+0545] {logging_mixin.py:188} INFO - [2024-06-18T14:13:49.367+0545] {dagbag.py:545} INFO - Filling up the DagBag from /home/prabal/afenv/lib/python3.10/site-packages/airflow/example_dags/example_latest_only_with_trigger.py
[2024-06-18T14:13:49.379+0545] {processor.py:840} INFO - DAG(s) 'latest_only_with_trigger' retrieved from /home/prabal/afenv/lib/python3.10/site-packages/airflow/example_dags/example_latest_only_with_trigger.py
[2024-06-18T14:13:49.397+0545] {logging_mixin.py:188} INFO - [2024-06-18T14:13:49.397+0545] {dag.py:3096} INFO - Sync 1 DAGs
[2024-06-18T14:13:49.414+0545] {logging_mixin.py:188} INFO - [2024-06-18T14:13:49.414+0545] {dag.py:3954} INFO - Setting next_dagrun for latest_only_with_trigger to 2024-06-18 04:00:00+00:00, run_after=2024-06-18 08:00:00+00:00
[2024-06-18T14:13:49.442+0545] {processor.py:183} INFO - Processing /home/prabal/afenv/lib/python3.10/site-packages/airflow/example_dags/example_latest_only_with_trigger.py took 0.104 seconds
[2024-06-18T14:14:42.328+0545] {processor.py:161} INFO - Started process (PID=23464) to work on /home/prabal/afenv/lib/python3.10/site-packages/airflow/example_dags/example_latest_only_with_trigger.py
[2024-06-18T14:14:42.331+0545] {processor.py:830} INFO - Processing file /home/prabal/afenv/lib/python3.10/site-packages/airflow/example_dags/example_latest_only_with_trigger.py for tasks to queue
[2024-06-18T14:14:42.334+0545] {logging_mixin.py:188} INFO - [2024-06-18T14:14:42.333+0545] {dagbag.py:545} INFO - Filling up the DagBag from /home/prabal/afenv/lib/python3.10/site-packages/airflow/example_dags/example_latest_only_with_trigger.py
[2024-06-18T14:14:42.346+0545] {processor.py:840} INFO - DAG(s) 'latest_only_with_trigger' retrieved from /home/prabal/afenv/lib/python3.10/site-packages/airflow/example_dags/example_latest_only_with_trigger.py
[2024-06-18T14:14:42.360+0545] {logging_mixin.py:188} INFO - [2024-06-18T14:14:42.359+0545] {dag.py:3096} INFO - Sync 1 DAGs
[2024-06-18T14:14:42.375+0545] {logging_mixin.py:188} INFO - [2024-06-18T14:14:42.375+0545] {dag.py:3954} INFO - Setting next_dagrun for latest_only_with_trigger to 2024-06-18 04:00:00+00:00, run_after=2024-06-18 08:00:00+00:00
[2024-06-18T14:14:42.404+0545] {processor.py:183} INFO - Processing /home/prabal/afenv/lib/python3.10/site-packages/airflow/example_dags/example_latest_only_with_trigger.py took 0.090 seconds
[2024-06-18T14:15:45.060+0545] {processor.py:161} INFO - Started process (PID=23789) to work on /home/prabal/afenv/lib/python3.10/site-packages/airflow/example_dags/example_latest_only_with_trigger.py
[2024-06-18T14:15:45.073+0545] {processor.py:830} INFO - Processing file /home/prabal/afenv/lib/python3.10/site-packages/airflow/example_dags/example_latest_only_with_trigger.py for tasks to queue
[2024-06-18T14:15:45.076+0545] {logging_mixin.py:188} INFO - [2024-06-18T14:15:45.076+0545] {dagbag.py:545} INFO - Filling up the DagBag from /home/prabal/afenv/lib/python3.10/site-packages/airflow/example_dags/example_latest_only_with_trigger.py
[2024-06-18T14:15:45.090+0545] {processor.py:840} INFO - DAG(s) 'latest_only_with_trigger' retrieved from /home/prabal/afenv/lib/python3.10/site-packages/airflow/example_dags/example_latest_only_with_trigger.py
[2024-06-18T14:15:45.119+0545] {logging_mixin.py:188} INFO - [2024-06-18T14:15:45.119+0545] {dag.py:3096} INFO - Sync 1 DAGs
[2024-06-18T14:15:45.137+0545] {logging_mixin.py:188} INFO - [2024-06-18T14:15:45.137+0545] {dag.py:3954} INFO - Setting next_dagrun for latest_only_with_trigger to 2024-06-18 04:00:00+00:00, run_after=2024-06-18 08:00:00+00:00
[2024-06-18T14:15:45.157+0545] {processor.py:183} INFO - Processing /home/prabal/afenv/lib/python3.10/site-packages/airflow/example_dags/example_latest_only_with_trigger.py took 0.109 seconds
[2024-06-18T14:16:43.362+0545] {processor.py:161} INFO - Started process (PID=24069) to work on /home/prabal/afenv/lib/python3.10/site-packages/airflow/example_dags/example_latest_only_with_trigger.py
[2024-06-18T14:16:43.374+0545] {processor.py:830} INFO - Processing file /home/prabal/afenv/lib/python3.10/site-packages/airflow/example_dags/example_latest_only_with_trigger.py for tasks to queue
[2024-06-18T14:16:43.377+0545] {logging_mixin.py:188} INFO - [2024-06-18T14:16:43.377+0545] {dagbag.py:545} INFO - Filling up the DagBag from /home/prabal/afenv/lib/python3.10/site-packages/airflow/example_dags/example_latest_only_with_trigger.py
[2024-06-18T14:16:43.388+0545] {processor.py:840} INFO - DAG(s) 'latest_only_with_trigger' retrieved from /home/prabal/afenv/lib/python3.10/site-packages/airflow/example_dags/example_latest_only_with_trigger.py
[2024-06-18T14:16:43.416+0545] {logging_mixin.py:188} INFO - [2024-06-18T14:16:43.416+0545] {dag.py:3096} INFO - Sync 1 DAGs
[2024-06-18T14:16:43.439+0545] {logging_mixin.py:188} INFO - [2024-06-18T14:16:43.439+0545] {dag.py:3954} INFO - Setting next_dagrun for latest_only_with_trigger to 2024-06-18 04:00:00+00:00, run_after=2024-06-18 08:00:00+00:00
[2024-06-18T14:16:43.463+0545] {processor.py:183} INFO - Processing /home/prabal/afenv/lib/python3.10/site-packages/airflow/example_dags/example_latest_only_with_trigger.py took 0.110 seconds
[2024-06-18T14:17:37.719+0545] {processor.py:161} INFO - Started process (PID=24332) to work on /home/prabal/afenv/lib/python3.10/site-packages/airflow/example_dags/example_latest_only_with_trigger.py
[2024-06-18T14:17:37.732+0545] {processor.py:830} INFO - Processing file /home/prabal/afenv/lib/python3.10/site-packages/airflow/example_dags/example_latest_only_with_trigger.py for tasks to queue
[2024-06-18T14:17:37.736+0545] {logging_mixin.py:188} INFO - [2024-06-18T14:17:37.735+0545] {dagbag.py:545} INFO - Filling up the DagBag from /home/prabal/afenv/lib/python3.10/site-packages/airflow/example_dags/example_latest_only_with_trigger.py
[2024-06-18T14:17:37.749+0545] {processor.py:840} INFO - DAG(s) 'latest_only_with_trigger' retrieved from /home/prabal/afenv/lib/python3.10/site-packages/airflow/example_dags/example_latest_only_with_trigger.py
[2024-06-18T14:17:37.785+0545] {logging_mixin.py:188} INFO - [2024-06-18T14:17:37.785+0545] {dag.py:3096} INFO - Sync 1 DAGs
[2024-06-18T14:17:37.823+0545] {logging_mixin.py:188} INFO - [2024-06-18T14:17:37.823+0545] {dag.py:3954} INFO - Setting next_dagrun for latest_only_with_trigger to 2024-06-18 04:00:00+00:00, run_after=2024-06-18 08:00:00+00:00
[2024-06-18T14:17:37.858+0545] {processor.py:183} INFO - Processing /home/prabal/afenv/lib/python3.10/site-packages/airflow/example_dags/example_latest_only_with_trigger.py took 0.153 seconds
[2024-06-18T14:18:32.401+0545] {processor.py:161} INFO - Started process (PID=24596) to work on /home/prabal/afenv/lib/python3.10/site-packages/airflow/example_dags/example_latest_only_with_trigger.py
[2024-06-18T14:18:32.415+0545] {processor.py:830} INFO - Processing file /home/prabal/afenv/lib/python3.10/site-packages/airflow/example_dags/example_latest_only_with_trigger.py for tasks to queue
[2024-06-18T14:18:32.418+0545] {logging_mixin.py:188} INFO - [2024-06-18T14:18:32.418+0545] {dagbag.py:545} INFO - Filling up the DagBag from /home/prabal/afenv/lib/python3.10/site-packages/airflow/example_dags/example_latest_only_with_trigger.py
[2024-06-18T14:18:32.432+0545] {processor.py:840} INFO - DAG(s) 'latest_only_with_trigger' retrieved from /home/prabal/afenv/lib/python3.10/site-packages/airflow/example_dags/example_latest_only_with_trigger.py
[2024-06-18T14:18:32.462+0545] {logging_mixin.py:188} INFO - [2024-06-18T14:18:32.462+0545] {dag.py:3096} INFO - Sync 1 DAGs
[2024-06-18T14:18:32.498+0545] {logging_mixin.py:188} INFO - [2024-06-18T14:18:32.498+0545] {dag.py:3954} INFO - Setting next_dagrun for latest_only_with_trigger to 2024-06-18 04:00:00+00:00, run_after=2024-06-18 08:00:00+00:00
[2024-06-18T14:18:32.517+0545] {processor.py:183} INFO - Processing /home/prabal/afenv/lib/python3.10/site-packages/airflow/example_dags/example_latest_only_with_trigger.py took 0.131 seconds
[2024-06-18T14:19:27.869+0545] {processor.py:161} INFO - Started process (PID=24860) to work on /home/prabal/afenv/lib/python3.10/site-packages/airflow/example_dags/example_latest_only_with_trigger.py
[2024-06-18T14:19:27.871+0545] {processor.py:830} INFO - Processing file /home/prabal/afenv/lib/python3.10/site-packages/airflow/example_dags/example_latest_only_with_trigger.py for tasks to queue
[2024-06-18T14:19:27.874+0545] {logging_mixin.py:188} INFO - [2024-06-18T14:19:27.873+0545] {dagbag.py:545} INFO - Filling up the DagBag from /home/prabal/afenv/lib/python3.10/site-packages/airflow/example_dags/example_latest_only_with_trigger.py
[2024-06-18T14:19:27.884+0545] {processor.py:840} INFO - DAG(s) 'latest_only_with_trigger' retrieved from /home/prabal/afenv/lib/python3.10/site-packages/airflow/example_dags/example_latest_only_with_trigger.py
[2024-06-18T14:19:27.908+0545] {logging_mixin.py:188} INFO - [2024-06-18T14:19:27.908+0545] {dag.py:3096} INFO - Sync 1 DAGs
[2024-06-18T14:19:27.935+0545] {logging_mixin.py:188} INFO - [2024-06-18T14:19:27.934+0545] {dag.py:3954} INFO - Setting next_dagrun for latest_only_with_trigger to 2024-06-18 04:00:00+00:00, run_after=2024-06-18 08:00:00+00:00
[2024-06-18T14:19:27.954+0545] {processor.py:183} INFO - Processing /home/prabal/afenv/lib/python3.10/site-packages/airflow/example_dags/example_latest_only_with_trigger.py took 0.097 seconds
[2024-06-18T14:20:21.244+0545] {processor.py:161} INFO - Started process (PID=25116) to work on /home/prabal/afenv/lib/python3.10/site-packages/airflow/example_dags/example_latest_only_with_trigger.py
[2024-06-18T14:20:21.247+0545] {processor.py:830} INFO - Processing file /home/prabal/afenv/lib/python3.10/site-packages/airflow/example_dags/example_latest_only_with_trigger.py for tasks to queue
[2024-06-18T14:20:21.251+0545] {logging_mixin.py:188} INFO - [2024-06-18T14:20:21.250+0545] {dagbag.py:545} INFO - Filling up the DagBag from /home/prabal/afenv/lib/python3.10/site-packages/airflow/example_dags/example_latest_only_with_trigger.py
[2024-06-18T14:20:21.263+0545] {processor.py:840} INFO - DAG(s) 'latest_only_with_trigger' retrieved from /home/prabal/afenv/lib/python3.10/site-packages/airflow/example_dags/example_latest_only_with_trigger.py
[2024-06-18T14:20:21.288+0545] {logging_mixin.py:188} INFO - [2024-06-18T14:20:21.287+0545] {dag.py:3096} INFO - Sync 1 DAGs
[2024-06-18T14:20:21.303+0545] {logging_mixin.py:188} INFO - [2024-06-18T14:20:21.303+0545] {dag.py:3954} INFO - Setting next_dagrun for latest_only_with_trigger to 2024-06-18 04:00:00+00:00, run_after=2024-06-18 08:00:00+00:00
[2024-06-18T14:20:21.328+0545] {processor.py:183} INFO - Processing /home/prabal/afenv/lib/python3.10/site-packages/airflow/example_dags/example_latest_only_with_trigger.py took 0.097 seconds
[2024-06-18T14:21:13.565+0545] {processor.py:161} INFO - Started process (PID=25369) to work on /home/prabal/afenv/lib/python3.10/site-packages/airflow/example_dags/example_latest_only_with_trigger.py
[2024-06-18T14:21:13.578+0545] {processor.py:830} INFO - Processing file /home/prabal/afenv/lib/python3.10/site-packages/airflow/example_dags/example_latest_only_with_trigger.py for tasks to queue
[2024-06-18T14:21:13.582+0545] {logging_mixin.py:188} INFO - [2024-06-18T14:21:13.581+0545] {dagbag.py:545} INFO - Filling up the DagBag from /home/prabal/afenv/lib/python3.10/site-packages/airflow/example_dags/example_latest_only_with_trigger.py
[2024-06-18T14:21:13.596+0545] {processor.py:840} INFO - DAG(s) 'latest_only_with_trigger' retrieved from /home/prabal/afenv/lib/python3.10/site-packages/airflow/example_dags/example_latest_only_with_trigger.py
[2024-06-18T14:21:13.633+0545] {logging_mixin.py:188} INFO - [2024-06-18T14:21:13.633+0545] {dag.py:3096} INFO - Sync 1 DAGs
[2024-06-18T14:21:13.673+0545] {logging_mixin.py:188} INFO - [2024-06-18T14:21:13.672+0545] {dag.py:3954} INFO - Setting next_dagrun for latest_only_with_trigger to 2024-06-18 04:00:00+00:00, run_after=2024-06-18 08:00:00+00:00
[2024-06-18T14:21:13.716+0545] {processor.py:183} INFO - Processing /home/prabal/afenv/lib/python3.10/site-packages/airflow/example_dags/example_latest_only_with_trigger.py took 0.165 seconds
[2024-06-18T14:22:08.219+0545] {processor.py:161} INFO - Started process (PID=25630) to work on /home/prabal/afenv/lib/python3.10/site-packages/airflow/example_dags/example_latest_only_with_trigger.py
[2024-06-18T14:22:08.222+0545] {processor.py:830} INFO - Processing file /home/prabal/afenv/lib/python3.10/site-packages/airflow/example_dags/example_latest_only_with_trigger.py for tasks to queue
[2024-06-18T14:22:08.226+0545] {logging_mixin.py:188} INFO - [2024-06-18T14:22:08.225+0545] {dagbag.py:545} INFO - Filling up the DagBag from /home/prabal/afenv/lib/python3.10/site-packages/airflow/example_dags/example_latest_only_with_trigger.py
[2024-06-18T14:22:08.240+0545] {processor.py:840} INFO - DAG(s) 'latest_only_with_trigger' retrieved from /home/prabal/afenv/lib/python3.10/site-packages/airflow/example_dags/example_latest_only_with_trigger.py
[2024-06-18T14:22:08.268+0545] {logging_mixin.py:188} INFO - [2024-06-18T14:22:08.268+0545] {dag.py:3096} INFO - Sync 1 DAGs
[2024-06-18T14:22:08.287+0545] {logging_mixin.py:188} INFO - [2024-06-18T14:22:08.287+0545] {dag.py:3954} INFO - Setting next_dagrun for latest_only_with_trigger to 2024-06-18 04:00:00+00:00, run_after=2024-06-18 08:00:00+00:00
[2024-06-18T14:22:08.307+0545] {processor.py:183} INFO - Processing /home/prabal/afenv/lib/python3.10/site-packages/airflow/example_dags/example_latest_only_with_trigger.py took 0.102 seconds
[2024-06-18T14:23:03.841+0545] {processor.py:161} INFO - Started process (PID=25899) to work on /home/prabal/afenv/lib/python3.10/site-packages/airflow/example_dags/example_latest_only_with_trigger.py
[2024-06-18T14:23:03.855+0545] {processor.py:830} INFO - Processing file /home/prabal/afenv/lib/python3.10/site-packages/airflow/example_dags/example_latest_only_with_trigger.py for tasks to queue
[2024-06-18T14:23:03.858+0545] {logging_mixin.py:188} INFO - [2024-06-18T14:23:03.857+0545] {dagbag.py:545} INFO - Filling up the DagBag from /home/prabal/afenv/lib/python3.10/site-packages/airflow/example_dags/example_latest_only_with_trigger.py
[2024-06-18T14:23:03.873+0545] {processor.py:840} INFO - DAG(s) 'latest_only_with_trigger' retrieved from /home/prabal/afenv/lib/python3.10/site-packages/airflow/example_dags/example_latest_only_with_trigger.py
[2024-06-18T14:23:03.891+0545] {logging_mixin.py:188} INFO - [2024-06-18T14:23:03.890+0545] {dag.py:3096} INFO - Sync 1 DAGs
[2024-06-18T14:23:03.908+0545] {logging_mixin.py:188} INFO - [2024-06-18T14:23:03.908+0545] {dag.py:3954} INFO - Setting next_dagrun for latest_only_with_trigger to 2024-06-18 04:00:00+00:00, run_after=2024-06-18 08:00:00+00:00
[2024-06-18T14:23:03.926+0545] {processor.py:183} INFO - Processing /home/prabal/afenv/lib/python3.10/site-packages/airflow/example_dags/example_latest_only_with_trigger.py took 0.097 seconds
[2024-06-18T14:23:56.422+0545] {processor.py:161} INFO - Started process (PID=26155) to work on /home/prabal/afenv/lib/python3.10/site-packages/airflow/example_dags/example_latest_only_with_trigger.py
[2024-06-18T14:23:56.435+0545] {processor.py:830} INFO - Processing file /home/prabal/afenv/lib/python3.10/site-packages/airflow/example_dags/example_latest_only_with_trigger.py for tasks to queue
[2024-06-18T14:23:56.438+0545] {logging_mixin.py:188} INFO - [2024-06-18T14:23:56.437+0545] {dagbag.py:545} INFO - Filling up the DagBag from /home/prabal/afenv/lib/python3.10/site-packages/airflow/example_dags/example_latest_only_with_trigger.py
[2024-06-18T14:23:56.451+0545] {processor.py:840} INFO - DAG(s) 'latest_only_with_trigger' retrieved from /home/prabal/afenv/lib/python3.10/site-packages/airflow/example_dags/example_latest_only_with_trigger.py
[2024-06-18T14:23:56.472+0545] {logging_mixin.py:188} INFO - [2024-06-18T14:23:56.471+0545] {dag.py:3096} INFO - Sync 1 DAGs
[2024-06-18T14:23:56.489+0545] {logging_mixin.py:188} INFO - [2024-06-18T14:23:56.488+0545] {dag.py:3954} INFO - Setting next_dagrun for latest_only_with_trigger to 2024-06-18 04:00:00+00:00, run_after=2024-06-18 08:00:00+00:00
[2024-06-18T14:23:56.508+0545] {processor.py:183} INFO - Processing /home/prabal/afenv/lib/python3.10/site-packages/airflow/example_dags/example_latest_only_with_trigger.py took 0.100 seconds
[2024-06-18T17:16:50.966+0545] {processor.py:161} INFO - Started process (PID=4436) to work on /home/prabal/afenv/lib/python3.10/site-packages/airflow/example_dags/example_latest_only_with_trigger.py
[2024-06-18T17:16:50.969+0545] {processor.py:830} INFO - Processing file /home/prabal/afenv/lib/python3.10/site-packages/airflow/example_dags/example_latest_only_with_trigger.py for tasks to queue
[2024-06-18T17:16:50.971+0545] {logging_mixin.py:188} INFO - [2024-06-18T17:16:50.970+0545] {dagbag.py:545} INFO - Filling up the DagBag from /home/prabal/afenv/lib/python3.10/site-packages/airflow/example_dags/example_latest_only_with_trigger.py
[2024-06-18T17:16:50.985+0545] {processor.py:840} INFO - DAG(s) 'latest_only_with_trigger' retrieved from /home/prabal/afenv/lib/python3.10/site-packages/airflow/example_dags/example_latest_only_with_trigger.py
[2024-06-18T17:16:51.135+0545] {logging_mixin.py:188} INFO - [2024-06-18T17:16:51.135+0545] {dag.py:3096} INFO - Sync 1 DAGs
[2024-06-18T17:16:51.151+0545] {logging_mixin.py:188} INFO - [2024-06-18T17:16:51.151+0545] {dag.py:3954} INFO - Setting next_dagrun for latest_only_with_trigger to 2024-06-18 04:00:00+00:00, run_after=2024-06-18 08:00:00+00:00
[2024-06-18T17:16:51.325+0545] {processor.py:183} INFO - Processing /home/prabal/afenv/lib/python3.10/site-packages/airflow/example_dags/example_latest_only_with_trigger.py took 0.370 seconds
[2024-06-18T17:17:57.649+0545] {processor.py:161} INFO - Started process (PID=4755) to work on /home/prabal/afenv/lib/python3.10/site-packages/airflow/example_dags/example_latest_only_with_trigger.py
[2024-06-18T17:17:57.651+0545] {processor.py:830} INFO - Processing file /home/prabal/afenv/lib/python3.10/site-packages/airflow/example_dags/example_latest_only_with_trigger.py for tasks to queue
[2024-06-18T17:17:57.653+0545] {logging_mixin.py:188} INFO - [2024-06-18T17:17:57.653+0545] {dagbag.py:545} INFO - Filling up the DagBag from /home/prabal/afenv/lib/python3.10/site-packages/airflow/example_dags/example_latest_only_with_trigger.py
[2024-06-18T17:17:57.668+0545] {processor.py:840} INFO - DAG(s) 'latest_only_with_trigger' retrieved from /home/prabal/afenv/lib/python3.10/site-packages/airflow/example_dags/example_latest_only_with_trigger.py
[2024-06-18T17:17:57.696+0545] {logging_mixin.py:188} INFO - [2024-06-18T17:17:57.696+0545] {dag.py:3096} INFO - Sync 1 DAGs
[2024-06-18T17:17:57.713+0545] {logging_mixin.py:188} INFO - [2024-06-18T17:17:57.713+0545] {dag.py:3954} INFO - Setting next_dagrun for latest_only_with_trigger to 2024-06-18 04:00:00+00:00, run_after=2024-06-18 08:00:00+00:00
[2024-06-18T17:17:57.732+0545] {processor.py:183} INFO - Processing /home/prabal/afenv/lib/python3.10/site-packages/airflow/example_dags/example_latest_only_with_trigger.py took 0.097 seconds
[2024-06-18T17:18:57.676+0545] {processor.py:161} INFO - Started process (PID=5465) to work on /home/prabal/afenv/lib/python3.10/site-packages/airflow/example_dags/example_latest_only_with_trigger.py
[2024-06-18T17:18:57.696+0545] {processor.py:830} INFO - Processing file /home/prabal/afenv/lib/python3.10/site-packages/airflow/example_dags/example_latest_only_with_trigger.py for tasks to queue
[2024-06-18T17:18:57.698+0545] {logging_mixin.py:188} INFO - [2024-06-18T17:18:57.698+0545] {dagbag.py:545} INFO - Filling up the DagBag from /home/prabal/afenv/lib/python3.10/site-packages/airflow/example_dags/example_latest_only_with_trigger.py
[2024-06-18T17:18:57.810+0545] {processor.py:840} INFO - DAG(s) 'latest_only_with_trigger' retrieved from /home/prabal/afenv/lib/python3.10/site-packages/airflow/example_dags/example_latest_only_with_trigger.py
[2024-06-18T17:18:57.819+0545] {logging_mixin.py:188} INFO - [2024-06-18T17:18:57.819+0545] {dag.py:3096} INFO - Sync 1 DAGs
[2024-06-18T17:18:57.831+0545] {logging_mixin.py:188} INFO - [2024-06-18T17:18:57.830+0545] {dag.py:3954} INFO - Setting next_dagrun for latest_only_with_trigger to 2024-06-18 04:00:00+00:00, run_after=2024-06-18 08:00:00+00:00
[2024-06-18T17:18:57.847+0545] {processor.py:183} INFO - Processing /home/prabal/afenv/lib/python3.10/site-packages/airflow/example_dags/example_latest_only_with_trigger.py took 0.183 seconds
[2024-06-18T17:19:54.248+0545] {processor.py:161} INFO - Started process (PID=5888) to work on /home/prabal/afenv/lib/python3.10/site-packages/airflow/example_dags/example_latest_only_with_trigger.py
[2024-06-18T17:19:54.261+0545] {processor.py:830} INFO - Processing file /home/prabal/afenv/lib/python3.10/site-packages/airflow/example_dags/example_latest_only_with_trigger.py for tasks to queue
[2024-06-18T17:19:54.263+0545] {logging_mixin.py:188} INFO - [2024-06-18T17:19:54.262+0545] {dagbag.py:545} INFO - Filling up the DagBag from /home/prabal/afenv/lib/python3.10/site-packages/airflow/example_dags/example_latest_only_with_trigger.py
[2024-06-18T17:19:54.275+0545] {processor.py:840} INFO - DAG(s) 'latest_only_with_trigger' retrieved from /home/prabal/afenv/lib/python3.10/site-packages/airflow/example_dags/example_latest_only_with_trigger.py
[2024-06-18T17:19:54.301+0545] {logging_mixin.py:188} INFO - [2024-06-18T17:19:54.301+0545] {dag.py:3096} INFO - Sync 1 DAGs
[2024-06-18T17:19:54.319+0545] {logging_mixin.py:188} INFO - [2024-06-18T17:19:54.318+0545] {dag.py:3954} INFO - Setting next_dagrun for latest_only_with_trigger to 2024-06-18 04:00:00+00:00, run_after=2024-06-18 08:00:00+00:00
[2024-06-18T17:19:54.345+0545] {processor.py:183} INFO - Processing /home/prabal/afenv/lib/python3.10/site-packages/airflow/example_dags/example_latest_only_with_trigger.py took 0.110 seconds
[2024-06-18T17:20:50.180+0545] {processor.py:161} INFO - Started process (PID=6564) to work on /home/prabal/afenv/lib/python3.10/site-packages/airflow/example_dags/example_latest_only_with_trigger.py
[2024-06-18T17:20:50.193+0545] {processor.py:830} INFO - Processing file /home/prabal/afenv/lib/python3.10/site-packages/airflow/example_dags/example_latest_only_with_trigger.py for tasks to queue
[2024-06-18T17:20:50.195+0545] {logging_mixin.py:188} INFO - [2024-06-18T17:20:50.194+0545] {dagbag.py:545} INFO - Filling up the DagBag from /home/prabal/afenv/lib/python3.10/site-packages/airflow/example_dags/example_latest_only_with_trigger.py
[2024-06-18T17:20:50.207+0545] {processor.py:840} INFO - DAG(s) 'latest_only_with_trigger' retrieved from /home/prabal/afenv/lib/python3.10/site-packages/airflow/example_dags/example_latest_only_with_trigger.py
[2024-06-18T17:20:50.231+0545] {logging_mixin.py:188} INFO - [2024-06-18T17:20:50.231+0545] {dag.py:3096} INFO - Sync 1 DAGs
[2024-06-18T17:20:50.248+0545] {logging_mixin.py:188} INFO - [2024-06-18T17:20:50.247+0545] {dag.py:3954} INFO - Setting next_dagrun for latest_only_with_trigger to 2024-06-18 04:00:00+00:00, run_after=2024-06-18 08:00:00+00:00
[2024-06-18T17:20:50.267+0545] {processor.py:183} INFO - Processing /home/prabal/afenv/lib/python3.10/site-packages/airflow/example_dags/example_latest_only_with_trigger.py took 0.098 seconds
[2024-06-18T17:22:16.861+0545] {processor.py:161} INFO - Started process (PID=7087) to work on /home/prabal/afenv/lib/python3.10/site-packages/airflow/example_dags/example_latest_only_with_trigger.py
[2024-06-18T17:22:16.863+0545] {processor.py:830} INFO - Processing file /home/prabal/afenv/lib/python3.10/site-packages/airflow/example_dags/example_latest_only_with_trigger.py for tasks to queue
[2024-06-18T17:22:16.867+0545] {logging_mixin.py:188} INFO - [2024-06-18T17:22:16.866+0545] {dagbag.py:545} INFO - Filling up the DagBag from /home/prabal/afenv/lib/python3.10/site-packages/airflow/example_dags/example_latest_only_with_trigger.py
[2024-06-18T17:22:16.879+0545] {processor.py:840} INFO - DAG(s) 'latest_only_with_trigger' retrieved from /home/prabal/afenv/lib/python3.10/site-packages/airflow/example_dags/example_latest_only_with_trigger.py
[2024-06-18T17:22:16.971+0545] {logging_mixin.py:188} INFO - [2024-06-18T17:22:16.970+0545] {dag.py:3096} INFO - Sync 1 DAGs
[2024-06-18T17:22:16.984+0545] {logging_mixin.py:188} INFO - [2024-06-18T17:22:16.984+0545] {dag.py:3954} INFO - Setting next_dagrun for latest_only_with_trigger to 2024-06-18 04:00:00+00:00, run_after=2024-06-18 08:00:00+00:00
[2024-06-18T17:22:17.105+0545] {processor.py:183} INFO - Processing /home/prabal/afenv/lib/python3.10/site-packages/airflow/example_dags/example_latest_only_with_trigger.py took 0.256 seconds
[2024-06-18T17:23:29.848+0545] {processor.py:161} INFO - Started process (PID=7459) to work on /home/prabal/afenv/lib/python3.10/site-packages/airflow/example_dags/example_latest_only_with_trigger.py
[2024-06-18T17:23:29.861+0545] {processor.py:830} INFO - Processing file /home/prabal/afenv/lib/python3.10/site-packages/airflow/example_dags/example_latest_only_with_trigger.py for tasks to queue
[2024-06-18T17:23:29.864+0545] {logging_mixin.py:188} INFO - [2024-06-18T17:23:29.863+0545] {dagbag.py:545} INFO - Filling up the DagBag from /home/prabal/afenv/lib/python3.10/site-packages/airflow/example_dags/example_latest_only_with_trigger.py
[2024-06-18T17:23:29.876+0545] {processor.py:840} INFO - DAG(s) 'latest_only_with_trigger' retrieved from /home/prabal/afenv/lib/python3.10/site-packages/airflow/example_dags/example_latest_only_with_trigger.py
[2024-06-18T17:23:29.903+0545] {logging_mixin.py:188} INFO - [2024-06-18T17:23:29.902+0545] {dag.py:3096} INFO - Sync 1 DAGs
[2024-06-18T17:23:29.920+0545] {logging_mixin.py:188} INFO - [2024-06-18T17:23:29.919+0545] {dag.py:3954} INFO - Setting next_dagrun for latest_only_with_trigger to 2024-06-18 04:00:00+00:00, run_after=2024-06-18 08:00:00+00:00
[2024-06-18T17:23:29.952+0545] {processor.py:183} INFO - Processing /home/prabal/afenv/lib/python3.10/site-packages/airflow/example_dags/example_latest_only_with_trigger.py took 0.118 seconds
