[2024-06-18T13:42:27.817+0545] {processor.py:161} INFO - Started process (PID=14181) to work on /home/prabal/afenv/lib/python3.10/site-packages/airflow/example_dags/example_local_kubernetes_executor.py
[2024-06-18T13:42:27.818+0545] {processor.py:830} INFO - Processing file /home/prabal/afenv/lib/python3.10/site-packages/airflow/example_dags/example_local_kubernetes_executor.py for tasks to queue
[2024-06-18T13:42:27.821+0545] {logging_mixin.py:188} INFO - [2024-06-18T13:42:27.821+0545] {dagbag.py:545} INFO - Filling up the DagBag from /home/prabal/afenv/lib/python3.10/site-packages/airflow/example_dags/example_local_kubernetes_executor.py
[2024-06-18T13:42:27.826+0545] {logging_mixin.py:188} INFO - [2024-06-18T13:42:27.825+0545] {example_local_kubernetes_executor.py:40} WARNING - Could not import DAGs in example_local_kubernetes_executor.py
Traceback (most recent call last):
  File "/home/prabal/afenv/lib/python3.10/site-packages/airflow/example_dags/example_local_kubernetes_executor.py", line 38, in <module>
    from kubernetes.client import models as k8s
ModuleNotFoundError: No module named 'kubernetes'
[2024-06-18T13:42:27.826+0545] {logging_mixin.py:188} INFO - [2024-06-18T13:42:27.826+0545] {example_local_kubernetes_executor.py:41} WARNING - Install Kubernetes dependencies with: pip install apache-airflow[cncf.kubernetes]
[2024-06-18T13:42:27.827+0545] {processor.py:842} WARNING - No viable dags retrieved from /home/prabal/afenv/lib/python3.10/site-packages/airflow/example_dags/example_local_kubernetes_executor.py
[2024-06-18T13:42:27.838+0545] {processor.py:183} INFO - Processing /home/prabal/afenv/lib/python3.10/site-packages/airflow/example_dags/example_local_kubernetes_executor.py took 0.036 seconds
[2024-06-18T13:43:28.104+0545] {processor.py:161} INFO - Started process (PID=14471) to work on /home/prabal/afenv/lib/python3.10/site-packages/airflow/example_dags/example_local_kubernetes_executor.py
[2024-06-18T13:43:28.106+0545] {processor.py:830} INFO - Processing file /home/prabal/afenv/lib/python3.10/site-packages/airflow/example_dags/example_local_kubernetes_executor.py for tasks to queue
[2024-06-18T13:43:28.108+0545] {logging_mixin.py:188} INFO - [2024-06-18T13:43:28.107+0545] {dagbag.py:545} INFO - Filling up the DagBag from /home/prabal/afenv/lib/python3.10/site-packages/airflow/example_dags/example_local_kubernetes_executor.py
[2024-06-18T13:43:28.111+0545] {logging_mixin.py:188} INFO - [2024-06-18T13:43:28.110+0545] {example_local_kubernetes_executor.py:40} WARNING - Could not import DAGs in example_local_kubernetes_executor.py
Traceback (most recent call last):
  File "/home/prabal/afenv/lib/python3.10/site-packages/airflow/example_dags/example_local_kubernetes_executor.py", line 38, in <module>
    from kubernetes.client import models as k8s
ModuleNotFoundError: No module named 'kubernetes'
[2024-06-18T13:43:28.111+0545] {logging_mixin.py:188} INFO - [2024-06-18T13:43:28.111+0545] {example_local_kubernetes_executor.py:41} WARNING - Install Kubernetes dependencies with: pip install apache-airflow[cncf.kubernetes]
[2024-06-18T13:43:28.111+0545] {processor.py:842} WARNING - No viable dags retrieved from /home/prabal/afenv/lib/python3.10/site-packages/airflow/example_dags/example_local_kubernetes_executor.py
[2024-06-18T13:43:28.121+0545] {processor.py:183} INFO - Processing /home/prabal/afenv/lib/python3.10/site-packages/airflow/example_dags/example_local_kubernetes_executor.py took 0.023 seconds
[2024-06-18T13:44:27.549+0545] {processor.py:161} INFO - Started process (PID=14766) to work on /home/prabal/afenv/lib/python3.10/site-packages/airflow/example_dags/example_local_kubernetes_executor.py
[2024-06-18T13:44:27.551+0545] {processor.py:830} INFO - Processing file /home/prabal/afenv/lib/python3.10/site-packages/airflow/example_dags/example_local_kubernetes_executor.py for tasks to queue
[2024-06-18T13:44:27.554+0545] {logging_mixin.py:188} INFO - [2024-06-18T13:44:27.553+0545] {dagbag.py:545} INFO - Filling up the DagBag from /home/prabal/afenv/lib/python3.10/site-packages/airflow/example_dags/example_local_kubernetes_executor.py
[2024-06-18T13:44:27.560+0545] {logging_mixin.py:188} INFO - [2024-06-18T13:44:27.560+0545] {example_local_kubernetes_executor.py:40} WARNING - Could not import DAGs in example_local_kubernetes_executor.py
Traceback (most recent call last):
  File "/home/prabal/afenv/lib/python3.10/site-packages/airflow/example_dags/example_local_kubernetes_executor.py", line 38, in <module>
    from kubernetes.client import models as k8s
ModuleNotFoundError: No module named 'kubernetes'
[2024-06-18T13:44:27.561+0545] {logging_mixin.py:188} INFO - [2024-06-18T13:44:27.561+0545] {example_local_kubernetes_executor.py:41} WARNING - Install Kubernetes dependencies with: pip install apache-airflow[cncf.kubernetes]
[2024-06-18T13:44:27.561+0545] {processor.py:842} WARNING - No viable dags retrieved from /home/prabal/afenv/lib/python3.10/site-packages/airflow/example_dags/example_local_kubernetes_executor.py
[2024-06-18T13:44:27.576+0545] {processor.py:183} INFO - Processing /home/prabal/afenv/lib/python3.10/site-packages/airflow/example_dags/example_local_kubernetes_executor.py took 0.040 seconds
[2024-06-18T13:45:28.401+0545] {processor.py:161} INFO - Started process (PID=15058) to work on /home/prabal/afenv/lib/python3.10/site-packages/airflow/example_dags/example_local_kubernetes_executor.py
[2024-06-18T13:45:28.415+0545] {processor.py:830} INFO - Processing file /home/prabal/afenv/lib/python3.10/site-packages/airflow/example_dags/example_local_kubernetes_executor.py for tasks to queue
[2024-06-18T13:45:28.418+0545] {logging_mixin.py:188} INFO - [2024-06-18T13:45:28.417+0545] {dagbag.py:545} INFO - Filling up the DagBag from /home/prabal/afenv/lib/python3.10/site-packages/airflow/example_dags/example_local_kubernetes_executor.py
[2024-06-18T13:45:28.424+0545] {logging_mixin.py:188} INFO - [2024-06-18T13:45:28.423+0545] {example_local_kubernetes_executor.py:40} WARNING - Could not import DAGs in example_local_kubernetes_executor.py
Traceback (most recent call last):
  File "/home/prabal/afenv/lib/python3.10/site-packages/airflow/example_dags/example_local_kubernetes_executor.py", line 38, in <module>
    from kubernetes.client import models as k8s
ModuleNotFoundError: No module named 'kubernetes'
[2024-06-18T13:45:28.425+0545] {logging_mixin.py:188} INFO - [2024-06-18T13:45:28.424+0545] {example_local_kubernetes_executor.py:41} WARNING - Install Kubernetes dependencies with: pip install apache-airflow[cncf.kubernetes]
[2024-06-18T13:45:28.425+0545] {processor.py:842} WARNING - No viable dags retrieved from /home/prabal/afenv/lib/python3.10/site-packages/airflow/example_dags/example_local_kubernetes_executor.py
[2024-06-18T13:45:28.445+0545] {processor.py:183} INFO - Processing /home/prabal/afenv/lib/python3.10/site-packages/airflow/example_dags/example_local_kubernetes_executor.py took 0.059 seconds
[2024-06-18T13:46:20.132+0545] {processor.py:161} INFO - Started process (PID=15308) to work on /home/prabal/afenv/lib/python3.10/site-packages/airflow/example_dags/example_local_kubernetes_executor.py
[2024-06-18T13:46:20.134+0545] {processor.py:830} INFO - Processing file /home/prabal/afenv/lib/python3.10/site-packages/airflow/example_dags/example_local_kubernetes_executor.py for tasks to queue
[2024-06-18T13:46:20.137+0545] {logging_mixin.py:188} INFO - [2024-06-18T13:46:20.137+0545] {dagbag.py:545} INFO - Filling up the DagBag from /home/prabal/afenv/lib/python3.10/site-packages/airflow/example_dags/example_local_kubernetes_executor.py
[2024-06-18T13:46:20.142+0545] {logging_mixin.py:188} INFO - [2024-06-18T13:46:20.142+0545] {example_local_kubernetes_executor.py:40} WARNING - Could not import DAGs in example_local_kubernetes_executor.py
Traceback (most recent call last):
  File "/home/prabal/afenv/lib/python3.10/site-packages/airflow/example_dags/example_local_kubernetes_executor.py", line 38, in <module>
    from kubernetes.client import models as k8s
ModuleNotFoundError: No module named 'kubernetes'
[2024-06-18T13:46:20.143+0545] {logging_mixin.py:188} INFO - [2024-06-18T13:46:20.143+0545] {example_local_kubernetes_executor.py:41} WARNING - Install Kubernetes dependencies with: pip install apache-airflow[cncf.kubernetes]
[2024-06-18T13:46:20.143+0545] {processor.py:842} WARNING - No viable dags retrieved from /home/prabal/afenv/lib/python3.10/site-packages/airflow/example_dags/example_local_kubernetes_executor.py
[2024-06-18T13:46:20.155+0545] {processor.py:183} INFO - Processing /home/prabal/afenv/lib/python3.10/site-packages/airflow/example_dags/example_local_kubernetes_executor.py took 0.037 seconds
[2024-06-18T13:47:12.061+0545] {processor.py:161} INFO - Started process (PID=15560) to work on /home/prabal/afenv/lib/python3.10/site-packages/airflow/example_dags/example_local_kubernetes_executor.py
[2024-06-18T13:47:12.075+0545] {processor.py:830} INFO - Processing file /home/prabal/afenv/lib/python3.10/site-packages/airflow/example_dags/example_local_kubernetes_executor.py for tasks to queue
[2024-06-18T13:47:12.079+0545] {logging_mixin.py:188} INFO - [2024-06-18T13:47:12.078+0545] {dagbag.py:545} INFO - Filling up the DagBag from /home/prabal/afenv/lib/python3.10/site-packages/airflow/example_dags/example_local_kubernetes_executor.py
[2024-06-18T13:47:12.091+0545] {logging_mixin.py:188} INFO - [2024-06-18T13:47:12.089+0545] {example_local_kubernetes_executor.py:40} WARNING - Could not import DAGs in example_local_kubernetes_executor.py
Traceback (most recent call last):
  File "/home/prabal/afenv/lib/python3.10/site-packages/airflow/example_dags/example_local_kubernetes_executor.py", line 38, in <module>
    from kubernetes.client import models as k8s
ModuleNotFoundError: No module named 'kubernetes'
[2024-06-18T13:47:12.092+0545] {logging_mixin.py:188} INFO - [2024-06-18T13:47:12.091+0545] {example_local_kubernetes_executor.py:41} WARNING - Install Kubernetes dependencies with: pip install apache-airflow[cncf.kubernetes]
[2024-06-18T13:47:12.092+0545] {processor.py:842} WARNING - No viable dags retrieved from /home/prabal/afenv/lib/python3.10/site-packages/airflow/example_dags/example_local_kubernetes_executor.py
[2024-06-18T13:47:12.104+0545] {processor.py:183} INFO - Processing /home/prabal/afenv/lib/python3.10/site-packages/airflow/example_dags/example_local_kubernetes_executor.py took 0.057 seconds
[2024-06-18T13:48:03.084+0545] {processor.py:161} INFO - Started process (PID=15808) to work on /home/prabal/afenv/lib/python3.10/site-packages/airflow/example_dags/example_local_kubernetes_executor.py
[2024-06-18T13:48:03.096+0545] {processor.py:830} INFO - Processing file /home/prabal/afenv/lib/python3.10/site-packages/airflow/example_dags/example_local_kubernetes_executor.py for tasks to queue
[2024-06-18T13:48:03.098+0545] {logging_mixin.py:188} INFO - [2024-06-18T13:48:03.098+0545] {dagbag.py:545} INFO - Filling up the DagBag from /home/prabal/afenv/lib/python3.10/site-packages/airflow/example_dags/example_local_kubernetes_executor.py
[2024-06-18T13:48:03.102+0545] {logging_mixin.py:188} INFO - [2024-06-18T13:48:03.102+0545] {example_local_kubernetes_executor.py:40} WARNING - Could not import DAGs in example_local_kubernetes_executor.py
Traceback (most recent call last):
  File "/home/prabal/afenv/lib/python3.10/site-packages/airflow/example_dags/example_local_kubernetes_executor.py", line 38, in <module>
    from kubernetes.client import models as k8s
ModuleNotFoundError: No module named 'kubernetes'
[2024-06-18T13:48:03.103+0545] {logging_mixin.py:188} INFO - [2024-06-18T13:48:03.103+0545] {example_local_kubernetes_executor.py:41} WARNING - Install Kubernetes dependencies with: pip install apache-airflow[cncf.kubernetes]
[2024-06-18T13:48:03.103+0545] {processor.py:842} WARNING - No viable dags retrieved from /home/prabal/afenv/lib/python3.10/site-packages/airflow/example_dags/example_local_kubernetes_executor.py
[2024-06-18T13:48:03.114+0545] {processor.py:183} INFO - Processing /home/prabal/afenv/lib/python3.10/site-packages/airflow/example_dags/example_local_kubernetes_executor.py took 0.037 seconds
[2024-06-18T13:49:30.598+0545] {processor.py:161} INFO - Started process (PID=16249) to work on /home/prabal/afenv/lib/python3.10/site-packages/airflow/example_dags/example_local_kubernetes_executor.py
[2024-06-18T13:49:30.611+0545] {processor.py:830} INFO - Processing file /home/prabal/afenv/lib/python3.10/site-packages/airflow/example_dags/example_local_kubernetes_executor.py for tasks to queue
[2024-06-18T13:49:30.615+0545] {logging_mixin.py:188} INFO - [2024-06-18T13:49:30.614+0545] {dagbag.py:545} INFO - Filling up the DagBag from /home/prabal/afenv/lib/python3.10/site-packages/airflow/example_dags/example_local_kubernetes_executor.py
[2024-06-18T13:49:30.622+0545] {logging_mixin.py:188} INFO - [2024-06-18T13:49:30.620+0545] {example_local_kubernetes_executor.py:40} WARNING - Could not import DAGs in example_local_kubernetes_executor.py
Traceback (most recent call last):
  File "/home/prabal/afenv/lib/python3.10/site-packages/airflow/example_dags/example_local_kubernetes_executor.py", line 38, in <module>
    from kubernetes.client import models as k8s
ModuleNotFoundError: No module named 'kubernetes'
[2024-06-18T13:49:30.622+0545] {logging_mixin.py:188} INFO - [2024-06-18T13:49:30.622+0545] {example_local_kubernetes_executor.py:41} WARNING - Install Kubernetes dependencies with: pip install apache-airflow[cncf.kubernetes]
[2024-06-18T13:49:30.623+0545] {processor.py:842} WARNING - No viable dags retrieved from /home/prabal/afenv/lib/python3.10/site-packages/airflow/example_dags/example_local_kubernetes_executor.py
[2024-06-18T13:49:30.636+0545] {processor.py:183} INFO - Processing /home/prabal/afenv/lib/python3.10/site-packages/airflow/example_dags/example_local_kubernetes_executor.py took 0.051 seconds
[2024-06-18T13:51:18.657+0545] {processor.py:161} INFO - Started process (PID=16775) to work on /home/prabal/afenv/lib/python3.10/site-packages/airflow/example_dags/example_local_kubernetes_executor.py
[2024-06-18T13:51:18.658+0545] {processor.py:830} INFO - Processing file /home/prabal/afenv/lib/python3.10/site-packages/airflow/example_dags/example_local_kubernetes_executor.py for tasks to queue
[2024-06-18T13:51:18.661+0545] {logging_mixin.py:188} INFO - [2024-06-18T13:51:18.660+0545] {dagbag.py:545} INFO - Filling up the DagBag from /home/prabal/afenv/lib/python3.10/site-packages/airflow/example_dags/example_local_kubernetes_executor.py
[2024-06-18T13:51:18.667+0545] {logging_mixin.py:188} INFO - [2024-06-18T13:51:18.665+0545] {example_local_kubernetes_executor.py:40} WARNING - Could not import DAGs in example_local_kubernetes_executor.py
Traceback (most recent call last):
  File "/home/prabal/afenv/lib/python3.10/site-packages/airflow/example_dags/example_local_kubernetes_executor.py", line 38, in <module>
    from kubernetes.client import models as k8s
ModuleNotFoundError: No module named 'kubernetes'
[2024-06-18T13:51:18.668+0545] {logging_mixin.py:188} INFO - [2024-06-18T13:51:18.668+0545] {example_local_kubernetes_executor.py:41} WARNING - Install Kubernetes dependencies with: pip install apache-airflow[cncf.kubernetes]
[2024-06-18T13:51:18.669+0545] {processor.py:842} WARNING - No viable dags retrieved from /home/prabal/afenv/lib/python3.10/site-packages/airflow/example_dags/example_local_kubernetes_executor.py
[2024-06-18T13:51:18.689+0545] {processor.py:183} INFO - Processing /home/prabal/afenv/lib/python3.10/site-packages/airflow/example_dags/example_local_kubernetes_executor.py took 0.049 seconds
[2024-06-18T13:52:27.747+0545] {processor.py:161} INFO - Started process (PID=17158) to work on /home/prabal/afenv/lib/python3.10/site-packages/airflow/example_dags/example_local_kubernetes_executor.py
[2024-06-18T13:52:27.760+0545] {processor.py:830} INFO - Processing file /home/prabal/afenv/lib/python3.10/site-packages/airflow/example_dags/example_local_kubernetes_executor.py for tasks to queue
[2024-06-18T13:52:27.763+0545] {logging_mixin.py:188} INFO - [2024-06-18T13:52:27.763+0545] {dagbag.py:545} INFO - Filling up the DagBag from /home/prabal/afenv/lib/python3.10/site-packages/airflow/example_dags/example_local_kubernetes_executor.py
[2024-06-18T13:52:27.770+0545] {logging_mixin.py:188} INFO - [2024-06-18T13:52:27.769+0545] {example_local_kubernetes_executor.py:40} WARNING - Could not import DAGs in example_local_kubernetes_executor.py
Traceback (most recent call last):
  File "/home/prabal/afenv/lib/python3.10/site-packages/airflow/example_dags/example_local_kubernetes_executor.py", line 38, in <module>
    from kubernetes.client import models as k8s
ModuleNotFoundError: No module named 'kubernetes'
[2024-06-18T13:52:27.770+0545] {logging_mixin.py:188} INFO - [2024-06-18T13:52:27.770+0545] {example_local_kubernetes_executor.py:41} WARNING - Install Kubernetes dependencies with: pip install apache-airflow[cncf.kubernetes]
[2024-06-18T13:52:27.771+0545] {processor.py:842} WARNING - No viable dags retrieved from /home/prabal/afenv/lib/python3.10/site-packages/airflow/example_dags/example_local_kubernetes_executor.py
[2024-06-18T13:52:27.789+0545] {processor.py:183} INFO - Processing /home/prabal/afenv/lib/python3.10/site-packages/airflow/example_dags/example_local_kubernetes_executor.py took 0.061 seconds
[2024-06-18T13:53:43.132+0545] {processor.py:161} INFO - Started process (PID=17548) to work on /home/prabal/afenv/lib/python3.10/site-packages/airflow/example_dags/example_local_kubernetes_executor.py
[2024-06-18T13:53:43.145+0545] {processor.py:830} INFO - Processing file /home/prabal/afenv/lib/python3.10/site-packages/airflow/example_dags/example_local_kubernetes_executor.py for tasks to queue
[2024-06-18T13:53:43.148+0545] {logging_mixin.py:188} INFO - [2024-06-18T13:53:43.147+0545] {dagbag.py:545} INFO - Filling up the DagBag from /home/prabal/afenv/lib/python3.10/site-packages/airflow/example_dags/example_local_kubernetes_executor.py
[2024-06-18T13:53:43.153+0545] {logging_mixin.py:188} INFO - [2024-06-18T13:53:43.152+0545] {example_local_kubernetes_executor.py:40} WARNING - Could not import DAGs in example_local_kubernetes_executor.py
Traceback (most recent call last):
  File "/home/prabal/afenv/lib/python3.10/site-packages/airflow/example_dags/example_local_kubernetes_executor.py", line 38, in <module>
    from kubernetes.client import models as k8s
ModuleNotFoundError: No module named 'kubernetes'
[2024-06-18T13:53:43.154+0545] {logging_mixin.py:188} INFO - [2024-06-18T13:53:43.154+0545] {example_local_kubernetes_executor.py:41} WARNING - Install Kubernetes dependencies with: pip install apache-airflow[cncf.kubernetes]
[2024-06-18T13:53:43.155+0545] {processor.py:842} WARNING - No viable dags retrieved from /home/prabal/afenv/lib/python3.10/site-packages/airflow/example_dags/example_local_kubernetes_executor.py
[2024-06-18T13:53:43.175+0545] {processor.py:183} INFO - Processing /home/prabal/afenv/lib/python3.10/site-packages/airflow/example_dags/example_local_kubernetes_executor.py took 0.056 seconds
[2024-06-18T13:54:35.837+0545] {processor.py:161} INFO - Started process (PID=17806) to work on /home/prabal/afenv/lib/python3.10/site-packages/airflow/example_dags/example_local_kubernetes_executor.py
[2024-06-18T13:54:35.850+0545] {processor.py:830} INFO - Processing file /home/prabal/afenv/lib/python3.10/site-packages/airflow/example_dags/example_local_kubernetes_executor.py for tasks to queue
[2024-06-18T13:54:35.853+0545] {logging_mixin.py:188} INFO - [2024-06-18T13:54:35.853+0545] {dagbag.py:545} INFO - Filling up the DagBag from /home/prabal/afenv/lib/python3.10/site-packages/airflow/example_dags/example_local_kubernetes_executor.py
[2024-06-18T13:54:35.861+0545] {logging_mixin.py:188} INFO - [2024-06-18T13:54:35.860+0545] {example_local_kubernetes_executor.py:40} WARNING - Could not import DAGs in example_local_kubernetes_executor.py
Traceback (most recent call last):
  File "/home/prabal/afenv/lib/python3.10/site-packages/airflow/example_dags/example_local_kubernetes_executor.py", line 38, in <module>
    from kubernetes.client import models as k8s
ModuleNotFoundError: No module named 'kubernetes'
[2024-06-18T13:54:35.861+0545] {logging_mixin.py:188} INFO - [2024-06-18T13:54:35.861+0545] {example_local_kubernetes_executor.py:41} WARNING - Install Kubernetes dependencies with: pip install apache-airflow[cncf.kubernetes]
[2024-06-18T13:54:35.862+0545] {processor.py:842} WARNING - No viable dags retrieved from /home/prabal/afenv/lib/python3.10/site-packages/airflow/example_dags/example_local_kubernetes_executor.py
[2024-06-18T13:54:35.887+0545] {processor.py:183} INFO - Processing /home/prabal/afenv/lib/python3.10/site-packages/airflow/example_dags/example_local_kubernetes_executor.py took 0.065 seconds
[2024-06-18T13:55:40.213+0545] {processor.py:161} INFO - Started process (PID=18138) to work on /home/prabal/afenv/lib/python3.10/site-packages/airflow/example_dags/example_local_kubernetes_executor.py
[2024-06-18T13:55:40.215+0545] {processor.py:830} INFO - Processing file /home/prabal/afenv/lib/python3.10/site-packages/airflow/example_dags/example_local_kubernetes_executor.py for tasks to queue
[2024-06-18T13:55:40.217+0545] {logging_mixin.py:188} INFO - [2024-06-18T13:55:40.216+0545] {dagbag.py:545} INFO - Filling up the DagBag from /home/prabal/afenv/lib/python3.10/site-packages/airflow/example_dags/example_local_kubernetes_executor.py
[2024-06-18T13:55:40.221+0545] {logging_mixin.py:188} INFO - [2024-06-18T13:55:40.220+0545] {example_local_kubernetes_executor.py:40} WARNING - Could not import DAGs in example_local_kubernetes_executor.py
Traceback (most recent call last):
  File "/home/prabal/afenv/lib/python3.10/site-packages/airflow/example_dags/example_local_kubernetes_executor.py", line 38, in <module>
    from kubernetes.client import models as k8s
ModuleNotFoundError: No module named 'kubernetes'
[2024-06-18T13:55:40.221+0545] {logging_mixin.py:188} INFO - [2024-06-18T13:55:40.221+0545] {example_local_kubernetes_executor.py:41} WARNING - Install Kubernetes dependencies with: pip install apache-airflow[cncf.kubernetes]
[2024-06-18T13:55:40.221+0545] {processor.py:842} WARNING - No viable dags retrieved from /home/prabal/afenv/lib/python3.10/site-packages/airflow/example_dags/example_local_kubernetes_executor.py
[2024-06-18T13:55:40.232+0545] {processor.py:183} INFO - Processing /home/prabal/afenv/lib/python3.10/site-packages/airflow/example_dags/example_local_kubernetes_executor.py took 0.027 seconds
[2024-06-18T13:56:35.034+0545] {processor.py:161} INFO - Started process (PID=18404) to work on /home/prabal/afenv/lib/python3.10/site-packages/airflow/example_dags/example_local_kubernetes_executor.py
[2024-06-18T13:56:35.047+0545] {processor.py:830} INFO - Processing file /home/prabal/afenv/lib/python3.10/site-packages/airflow/example_dags/example_local_kubernetes_executor.py for tasks to queue
[2024-06-18T13:56:35.050+0545] {logging_mixin.py:188} INFO - [2024-06-18T13:56:35.049+0545] {dagbag.py:545} INFO - Filling up the DagBag from /home/prabal/afenv/lib/python3.10/site-packages/airflow/example_dags/example_local_kubernetes_executor.py
[2024-06-18T13:56:35.053+0545] {logging_mixin.py:188} INFO - [2024-06-18T13:56:35.053+0545] {example_local_kubernetes_executor.py:40} WARNING - Could not import DAGs in example_local_kubernetes_executor.py
Traceback (most recent call last):
  File "/home/prabal/afenv/lib/python3.10/site-packages/airflow/example_dags/example_local_kubernetes_executor.py", line 38, in <module>
    from kubernetes.client import models as k8s
ModuleNotFoundError: No module named 'kubernetes'
[2024-06-18T13:56:35.053+0545] {logging_mixin.py:188} INFO - [2024-06-18T13:56:35.053+0545] {example_local_kubernetes_executor.py:41} WARNING - Install Kubernetes dependencies with: pip install apache-airflow[cncf.kubernetes]
[2024-06-18T13:56:35.054+0545] {processor.py:842} WARNING - No viable dags retrieved from /home/prabal/afenv/lib/python3.10/site-packages/airflow/example_dags/example_local_kubernetes_executor.py
[2024-06-18T13:56:35.064+0545] {processor.py:183} INFO - Processing /home/prabal/afenv/lib/python3.10/site-packages/airflow/example_dags/example_local_kubernetes_executor.py took 0.043 seconds
[2024-06-18T13:57:24.464+0545] {processor.py:161} INFO - Started process (PID=18644) to work on /home/prabal/afenv/lib/python3.10/site-packages/airflow/example_dags/example_local_kubernetes_executor.py
[2024-06-18T13:57:24.477+0545] {processor.py:830} INFO - Processing file /home/prabal/afenv/lib/python3.10/site-packages/airflow/example_dags/example_local_kubernetes_executor.py for tasks to queue
[2024-06-18T13:57:24.480+0545] {logging_mixin.py:188} INFO - [2024-06-18T13:57:24.479+0545] {dagbag.py:545} INFO - Filling up the DagBag from /home/prabal/afenv/lib/python3.10/site-packages/airflow/example_dags/example_local_kubernetes_executor.py
[2024-06-18T13:57:24.486+0545] {logging_mixin.py:188} INFO - [2024-06-18T13:57:24.485+0545] {example_local_kubernetes_executor.py:40} WARNING - Could not import DAGs in example_local_kubernetes_executor.py
Traceback (most recent call last):
  File "/home/prabal/afenv/lib/python3.10/site-packages/airflow/example_dags/example_local_kubernetes_executor.py", line 38, in <module>
    from kubernetes.client import models as k8s
ModuleNotFoundError: No module named 'kubernetes'
[2024-06-18T13:57:24.487+0545] {logging_mixin.py:188} INFO - [2024-06-18T13:57:24.487+0545] {example_local_kubernetes_executor.py:41} WARNING - Install Kubernetes dependencies with: pip install apache-airflow[cncf.kubernetes]
[2024-06-18T13:57:24.487+0545] {processor.py:842} WARNING - No viable dags retrieved from /home/prabal/afenv/lib/python3.10/site-packages/airflow/example_dags/example_local_kubernetes_executor.py
[2024-06-18T13:57:24.507+0545] {processor.py:183} INFO - Processing /home/prabal/afenv/lib/python3.10/site-packages/airflow/example_dags/example_local_kubernetes_executor.py took 0.059 seconds
[2024-06-18T14:05:25.377+0545] {processor.py:161} INFO - Started process (PID=20775) to work on /home/prabal/afenv/lib/python3.10/site-packages/airflow/example_dags/example_local_kubernetes_executor.py
[2024-06-18T14:05:25.390+0545] {processor.py:830} INFO - Processing file /home/prabal/afenv/lib/python3.10/site-packages/airflow/example_dags/example_local_kubernetes_executor.py for tasks to queue
[2024-06-18T14:05:25.394+0545] {logging_mixin.py:188} INFO - [2024-06-18T14:05:25.393+0545] {dagbag.py:545} INFO - Filling up the DagBag from /home/prabal/afenv/lib/python3.10/site-packages/airflow/example_dags/example_local_kubernetes_executor.py
[2024-06-18T14:05:25.399+0545] {logging_mixin.py:188} INFO - [2024-06-18T14:05:25.399+0545] {example_local_kubernetes_executor.py:40} WARNING - Could not import DAGs in example_local_kubernetes_executor.py
Traceback (most recent call last):
  File "/home/prabal/afenv/lib/python3.10/site-packages/airflow/example_dags/example_local_kubernetes_executor.py", line 38, in <module>
    from kubernetes.client import models as k8s
ModuleNotFoundError: No module named 'kubernetes'
[2024-06-18T14:05:25.400+0545] {logging_mixin.py:188} INFO - [2024-06-18T14:05:25.400+0545] {example_local_kubernetes_executor.py:41} WARNING - Install Kubernetes dependencies with: pip install apache-airflow[cncf.kubernetes]
[2024-06-18T14:05:25.400+0545] {processor.py:842} WARNING - No viable dags retrieved from /home/prabal/afenv/lib/python3.10/site-packages/airflow/example_dags/example_local_kubernetes_executor.py
[2024-06-18T14:05:25.424+0545] {processor.py:183} INFO - Processing /home/prabal/afenv/lib/python3.10/site-packages/airflow/example_dags/example_local_kubernetes_executor.py took 0.059 seconds
[2024-06-18T14:06:23.436+0545] {processor.py:161} INFO - Started process (PID=21052) to work on /home/prabal/afenv/lib/python3.10/site-packages/airflow/example_dags/example_local_kubernetes_executor.py
[2024-06-18T14:06:23.449+0545] {processor.py:830} INFO - Processing file /home/prabal/afenv/lib/python3.10/site-packages/airflow/example_dags/example_local_kubernetes_executor.py for tasks to queue
[2024-06-18T14:06:23.453+0545] {logging_mixin.py:188} INFO - [2024-06-18T14:06:23.452+0545] {dagbag.py:545} INFO - Filling up the DagBag from /home/prabal/afenv/lib/python3.10/site-packages/airflow/example_dags/example_local_kubernetes_executor.py
[2024-06-18T14:06:23.460+0545] {logging_mixin.py:188} INFO - [2024-06-18T14:06:23.459+0545] {example_local_kubernetes_executor.py:40} WARNING - Could not import DAGs in example_local_kubernetes_executor.py
Traceback (most recent call last):
  File "/home/prabal/afenv/lib/python3.10/site-packages/airflow/example_dags/example_local_kubernetes_executor.py", line 38, in <module>
    from kubernetes.client import models as k8s
ModuleNotFoundError: No module named 'kubernetes'
[2024-06-18T14:06:23.461+0545] {logging_mixin.py:188} INFO - [2024-06-18T14:06:23.460+0545] {example_local_kubernetes_executor.py:41} WARNING - Install Kubernetes dependencies with: pip install apache-airflow[cncf.kubernetes]
[2024-06-18T14:06:23.461+0545] {processor.py:842} WARNING - No viable dags retrieved from /home/prabal/afenv/lib/python3.10/site-packages/airflow/example_dags/example_local_kubernetes_executor.py
[2024-06-18T14:06:23.476+0545] {processor.py:183} INFO - Processing /home/prabal/afenv/lib/python3.10/site-packages/airflow/example_dags/example_local_kubernetes_executor.py took 0.055 seconds
[2024-06-18T14:07:20.145+0545] {processor.py:161} INFO - Started process (PID=21325) to work on /home/prabal/afenv/lib/python3.10/site-packages/airflow/example_dags/example_local_kubernetes_executor.py
[2024-06-18T14:07:20.158+0545] {processor.py:830} INFO - Processing file /home/prabal/afenv/lib/python3.10/site-packages/airflow/example_dags/example_local_kubernetes_executor.py for tasks to queue
[2024-06-18T14:07:20.161+0545] {logging_mixin.py:188} INFO - [2024-06-18T14:07:20.160+0545] {dagbag.py:545} INFO - Filling up the DagBag from /home/prabal/afenv/lib/python3.10/site-packages/airflow/example_dags/example_local_kubernetes_executor.py
[2024-06-18T14:07:20.167+0545] {logging_mixin.py:188} INFO - [2024-06-18T14:07:20.167+0545] {example_local_kubernetes_executor.py:40} WARNING - Could not import DAGs in example_local_kubernetes_executor.py
Traceback (most recent call last):
  File "/home/prabal/afenv/lib/python3.10/site-packages/airflow/example_dags/example_local_kubernetes_executor.py", line 38, in <module>
    from kubernetes.client import models as k8s
ModuleNotFoundError: No module named 'kubernetes'
[2024-06-18T14:07:20.168+0545] {logging_mixin.py:188} INFO - [2024-06-18T14:07:20.168+0545] {example_local_kubernetes_executor.py:41} WARNING - Install Kubernetes dependencies with: pip install apache-airflow[cncf.kubernetes]
[2024-06-18T14:07:20.168+0545] {processor.py:842} WARNING - No viable dags retrieved from /home/prabal/afenv/lib/python3.10/site-packages/airflow/example_dags/example_local_kubernetes_executor.py
[2024-06-18T14:07:20.189+0545] {processor.py:183} INFO - Processing /home/prabal/afenv/lib/python3.10/site-packages/airflow/example_dags/example_local_kubernetes_executor.py took 0.060 seconds
[2024-06-18T14:08:16.790+0545] {processor.py:161} INFO - Started process (PID=21608) to work on /home/prabal/afenv/lib/python3.10/site-packages/airflow/example_dags/example_local_kubernetes_executor.py
[2024-06-18T14:08:16.802+0545] {processor.py:830} INFO - Processing file /home/prabal/afenv/lib/python3.10/site-packages/airflow/example_dags/example_local_kubernetes_executor.py for tasks to queue
[2024-06-18T14:08:16.805+0545] {logging_mixin.py:188} INFO - [2024-06-18T14:08:16.804+0545] {dagbag.py:545} INFO - Filling up the DagBag from /home/prabal/afenv/lib/python3.10/site-packages/airflow/example_dags/example_local_kubernetes_executor.py
[2024-06-18T14:08:16.810+0545] {logging_mixin.py:188} INFO - [2024-06-18T14:08:16.809+0545] {example_local_kubernetes_executor.py:40} WARNING - Could not import DAGs in example_local_kubernetes_executor.py
Traceback (most recent call last):
  File "/home/prabal/afenv/lib/python3.10/site-packages/airflow/example_dags/example_local_kubernetes_executor.py", line 38, in <module>
    from kubernetes.client import models as k8s
ModuleNotFoundError: No module named 'kubernetes'
[2024-06-18T14:08:16.810+0545] {logging_mixin.py:188} INFO - [2024-06-18T14:08:16.810+0545] {example_local_kubernetes_executor.py:41} WARNING - Install Kubernetes dependencies with: pip install apache-airflow[cncf.kubernetes]
[2024-06-18T14:08:16.811+0545] {processor.py:842} WARNING - No viable dags retrieved from /home/prabal/afenv/lib/python3.10/site-packages/airflow/example_dags/example_local_kubernetes_executor.py
[2024-06-18T14:08:16.830+0545] {processor.py:183} INFO - Processing /home/prabal/afenv/lib/python3.10/site-packages/airflow/example_dags/example_local_kubernetes_executor.py took 0.047 seconds
[2024-06-18T14:09:11.736+0545] {processor.py:161} INFO - Started process (PID=21872) to work on /home/prabal/afenv/lib/python3.10/site-packages/airflow/example_dags/example_local_kubernetes_executor.py
[2024-06-18T14:09:11.746+0545] {processor.py:830} INFO - Processing file /home/prabal/afenv/lib/python3.10/site-packages/airflow/example_dags/example_local_kubernetes_executor.py for tasks to queue
[2024-06-18T14:09:11.749+0545] {logging_mixin.py:188} INFO - [2024-06-18T14:09:11.749+0545] {dagbag.py:545} INFO - Filling up the DagBag from /home/prabal/afenv/lib/python3.10/site-packages/airflow/example_dags/example_local_kubernetes_executor.py
[2024-06-18T14:09:11.757+0545] {logging_mixin.py:188} INFO - [2024-06-18T14:09:11.756+0545] {example_local_kubernetes_executor.py:40} WARNING - Could not import DAGs in example_local_kubernetes_executor.py
Traceback (most recent call last):
  File "/home/prabal/afenv/lib/python3.10/site-packages/airflow/example_dags/example_local_kubernetes_executor.py", line 38, in <module>
    from kubernetes.client import models as k8s
ModuleNotFoundError: No module named 'kubernetes'
[2024-06-18T14:09:11.757+0545] {logging_mixin.py:188} INFO - [2024-06-18T14:09:11.757+0545] {example_local_kubernetes_executor.py:41} WARNING - Install Kubernetes dependencies with: pip install apache-airflow[cncf.kubernetes]
[2024-06-18T14:09:11.758+0545] {processor.py:842} WARNING - No viable dags retrieved from /home/prabal/afenv/lib/python3.10/site-packages/airflow/example_dags/example_local_kubernetes_executor.py
[2024-06-18T14:09:11.781+0545] {processor.py:183} INFO - Processing /home/prabal/afenv/lib/python3.10/site-packages/airflow/example_dags/example_local_kubernetes_executor.py took 0.059 seconds
[2024-06-18T14:10:06.692+0545] {processor.py:161} INFO - Started process (PID=22134) to work on /home/prabal/afenv/lib/python3.10/site-packages/airflow/example_dags/example_local_kubernetes_executor.py
[2024-06-18T14:10:06.706+0545] {processor.py:830} INFO - Processing file /home/prabal/afenv/lib/python3.10/site-packages/airflow/example_dags/example_local_kubernetes_executor.py for tasks to queue
[2024-06-18T14:10:06.709+0545] {logging_mixin.py:188} INFO - [2024-06-18T14:10:06.708+0545] {dagbag.py:545} INFO - Filling up the DagBag from /home/prabal/afenv/lib/python3.10/site-packages/airflow/example_dags/example_local_kubernetes_executor.py
[2024-06-18T14:10:06.716+0545] {logging_mixin.py:188} INFO - [2024-06-18T14:10:06.715+0545] {example_local_kubernetes_executor.py:40} WARNING - Could not import DAGs in example_local_kubernetes_executor.py
Traceback (most recent call last):
  File "/home/prabal/afenv/lib/python3.10/site-packages/airflow/example_dags/example_local_kubernetes_executor.py", line 38, in <module>
    from kubernetes.client import models as k8s
ModuleNotFoundError: No module named 'kubernetes'
[2024-06-18T14:10:06.717+0545] {logging_mixin.py:188} INFO - [2024-06-18T14:10:06.716+0545] {example_local_kubernetes_executor.py:41} WARNING - Install Kubernetes dependencies with: pip install apache-airflow[cncf.kubernetes]
[2024-06-18T14:10:06.717+0545] {processor.py:842} WARNING - No viable dags retrieved from /home/prabal/afenv/lib/python3.10/site-packages/airflow/example_dags/example_local_kubernetes_executor.py
[2024-06-18T14:10:06.736+0545] {processor.py:183} INFO - Processing /home/prabal/afenv/lib/python3.10/site-packages/airflow/example_dags/example_local_kubernetes_executor.py took 0.059 seconds
[2024-06-18T14:11:00.171+0545] {processor.py:161} INFO - Started process (PID=22391) to work on /home/prabal/afenv/lib/python3.10/site-packages/airflow/example_dags/example_local_kubernetes_executor.py
[2024-06-18T14:11:00.184+0545] {processor.py:830} INFO - Processing file /home/prabal/afenv/lib/python3.10/site-packages/airflow/example_dags/example_local_kubernetes_executor.py for tasks to queue
[2024-06-18T14:11:00.189+0545] {logging_mixin.py:188} INFO - [2024-06-18T14:11:00.188+0545] {dagbag.py:545} INFO - Filling up the DagBag from /home/prabal/afenv/lib/python3.10/site-packages/airflow/example_dags/example_local_kubernetes_executor.py
[2024-06-18T14:11:00.195+0545] {logging_mixin.py:188} INFO - [2024-06-18T14:11:00.194+0545] {example_local_kubernetes_executor.py:40} WARNING - Could not import DAGs in example_local_kubernetes_executor.py
Traceback (most recent call last):
  File "/home/prabal/afenv/lib/python3.10/site-packages/airflow/example_dags/example_local_kubernetes_executor.py", line 38, in <module>
    from kubernetes.client import models as k8s
ModuleNotFoundError: No module named 'kubernetes'
[2024-06-18T14:11:00.196+0545] {logging_mixin.py:188} INFO - [2024-06-18T14:11:00.196+0545] {example_local_kubernetes_executor.py:41} WARNING - Install Kubernetes dependencies with: pip install apache-airflow[cncf.kubernetes]
[2024-06-18T14:11:00.196+0545] {processor.py:842} WARNING - No viable dags retrieved from /home/prabal/afenv/lib/python3.10/site-packages/airflow/example_dags/example_local_kubernetes_executor.py
[2024-06-18T14:11:00.213+0545] {processor.py:183} INFO - Processing /home/prabal/afenv/lib/python3.10/site-packages/airflow/example_dags/example_local_kubernetes_executor.py took 0.056 seconds
[2024-06-18T14:11:51.449+0545] {processor.py:161} INFO - Started process (PID=22640) to work on /home/prabal/afenv/lib/python3.10/site-packages/airflow/example_dags/example_local_kubernetes_executor.py
[2024-06-18T14:11:51.465+0545] {processor.py:830} INFO - Processing file /home/prabal/afenv/lib/python3.10/site-packages/airflow/example_dags/example_local_kubernetes_executor.py for tasks to queue
[2024-06-18T14:11:51.468+0545] {logging_mixin.py:188} INFO - [2024-06-18T14:11:51.467+0545] {dagbag.py:545} INFO - Filling up the DagBag from /home/prabal/afenv/lib/python3.10/site-packages/airflow/example_dags/example_local_kubernetes_executor.py
[2024-06-18T14:11:51.475+0545] {logging_mixin.py:188} INFO - [2024-06-18T14:11:51.474+0545] {example_local_kubernetes_executor.py:40} WARNING - Could not import DAGs in example_local_kubernetes_executor.py
Traceback (most recent call last):
  File "/home/prabal/afenv/lib/python3.10/site-packages/airflow/example_dags/example_local_kubernetes_executor.py", line 38, in <module>
    from kubernetes.client import models as k8s
ModuleNotFoundError: No module named 'kubernetes'
[2024-06-18T14:11:51.475+0545] {logging_mixin.py:188} INFO - [2024-06-18T14:11:51.475+0545] {example_local_kubernetes_executor.py:41} WARNING - Install Kubernetes dependencies with: pip install apache-airflow[cncf.kubernetes]
[2024-06-18T14:11:51.476+0545] {processor.py:842} WARNING - No viable dags retrieved from /home/prabal/afenv/lib/python3.10/site-packages/airflow/example_dags/example_local_kubernetes_executor.py
[2024-06-18T14:11:51.489+0545] {processor.py:183} INFO - Processing /home/prabal/afenv/lib/python3.10/site-packages/airflow/example_dags/example_local_kubernetes_executor.py took 0.056 seconds
[2024-06-18T14:12:46.613+0545] {processor.py:161} INFO - Started process (PID=22905) to work on /home/prabal/afenv/lib/python3.10/site-packages/airflow/example_dags/example_local_kubernetes_executor.py
[2024-06-18T14:12:46.615+0545] {processor.py:830} INFO - Processing file /home/prabal/afenv/lib/python3.10/site-packages/airflow/example_dags/example_local_kubernetes_executor.py for tasks to queue
[2024-06-18T14:12:46.619+0545] {logging_mixin.py:188} INFO - [2024-06-18T14:12:46.618+0545] {dagbag.py:545} INFO - Filling up the DagBag from /home/prabal/afenv/lib/python3.10/site-packages/airflow/example_dags/example_local_kubernetes_executor.py
[2024-06-18T14:12:46.626+0545] {logging_mixin.py:188} INFO - [2024-06-18T14:12:46.624+0545] {example_local_kubernetes_executor.py:40} WARNING - Could not import DAGs in example_local_kubernetes_executor.py
Traceback (most recent call last):
  File "/home/prabal/afenv/lib/python3.10/site-packages/airflow/example_dags/example_local_kubernetes_executor.py", line 38, in <module>
    from kubernetes.client import models as k8s
ModuleNotFoundError: No module named 'kubernetes'
[2024-06-18T14:12:46.627+0545] {logging_mixin.py:188} INFO - [2024-06-18T14:12:46.626+0545] {example_local_kubernetes_executor.py:41} WARNING - Install Kubernetes dependencies with: pip install apache-airflow[cncf.kubernetes]
[2024-06-18T14:12:46.627+0545] {processor.py:842} WARNING - No viable dags retrieved from /home/prabal/afenv/lib/python3.10/site-packages/airflow/example_dags/example_local_kubernetes_executor.py
[2024-06-18T14:12:46.650+0545] {processor.py:183} INFO - Processing /home/prabal/afenv/lib/python3.10/site-packages/airflow/example_dags/example_local_kubernetes_executor.py took 0.052 seconds
[2024-06-18T14:13:37.458+0545] {processor.py:161} INFO - Started process (PID=23152) to work on /home/prabal/afenv/lib/python3.10/site-packages/airflow/example_dags/example_local_kubernetes_executor.py
[2024-06-18T14:13:37.471+0545] {processor.py:830} INFO - Processing file /home/prabal/afenv/lib/python3.10/site-packages/airflow/example_dags/example_local_kubernetes_executor.py for tasks to queue
[2024-06-18T14:13:37.474+0545] {logging_mixin.py:188} INFO - [2024-06-18T14:13:37.473+0545] {dagbag.py:545} INFO - Filling up the DagBag from /home/prabal/afenv/lib/python3.10/site-packages/airflow/example_dags/example_local_kubernetes_executor.py
[2024-06-18T14:13:37.481+0545] {logging_mixin.py:188} INFO - [2024-06-18T14:13:37.479+0545] {example_local_kubernetes_executor.py:40} WARNING - Could not import DAGs in example_local_kubernetes_executor.py
Traceback (most recent call last):
  File "/home/prabal/afenv/lib/python3.10/site-packages/airflow/example_dags/example_local_kubernetes_executor.py", line 38, in <module>
    from kubernetes.client import models as k8s
ModuleNotFoundError: No module named 'kubernetes'
[2024-06-18T14:13:37.482+0545] {logging_mixin.py:188} INFO - [2024-06-18T14:13:37.482+0545] {example_local_kubernetes_executor.py:41} WARNING - Install Kubernetes dependencies with: pip install apache-airflow[cncf.kubernetes]
[2024-06-18T14:13:37.483+0545] {processor.py:842} WARNING - No viable dags retrieved from /home/prabal/afenv/lib/python3.10/site-packages/airflow/example_dags/example_local_kubernetes_executor.py
[2024-06-18T14:13:37.505+0545] {processor.py:183} INFO - Processing /home/prabal/afenv/lib/python3.10/site-packages/airflow/example_dags/example_local_kubernetes_executor.py took 0.062 seconds
[2024-06-18T14:14:30.659+0545] {processor.py:161} INFO - Started process (PID=23408) to work on /home/prabal/afenv/lib/python3.10/site-packages/airflow/example_dags/example_local_kubernetes_executor.py
[2024-06-18T14:14:30.672+0545] {processor.py:830} INFO - Processing file /home/prabal/afenv/lib/python3.10/site-packages/airflow/example_dags/example_local_kubernetes_executor.py for tasks to queue
[2024-06-18T14:14:30.676+0545] {logging_mixin.py:188} INFO - [2024-06-18T14:14:30.675+0545] {dagbag.py:545} INFO - Filling up the DagBag from /home/prabal/afenv/lib/python3.10/site-packages/airflow/example_dags/example_local_kubernetes_executor.py
[2024-06-18T14:14:30.682+0545] {logging_mixin.py:188} INFO - [2024-06-18T14:14:30.681+0545] {example_local_kubernetes_executor.py:40} WARNING - Could not import DAGs in example_local_kubernetes_executor.py
Traceback (most recent call last):
  File "/home/prabal/afenv/lib/python3.10/site-packages/airflow/example_dags/example_local_kubernetes_executor.py", line 38, in <module>
    from kubernetes.client import models as k8s
ModuleNotFoundError: No module named 'kubernetes'
[2024-06-18T14:14:30.682+0545] {logging_mixin.py:188} INFO - [2024-06-18T14:14:30.682+0545] {example_local_kubernetes_executor.py:41} WARNING - Install Kubernetes dependencies with: pip install apache-airflow[cncf.kubernetes]
[2024-06-18T14:14:30.683+0545] {processor.py:842} WARNING - No viable dags retrieved from /home/prabal/afenv/lib/python3.10/site-packages/airflow/example_dags/example_local_kubernetes_executor.py
[2024-06-18T14:14:30.705+0545] {processor.py:183} INFO - Processing /home/prabal/afenv/lib/python3.10/site-packages/airflow/example_dags/example_local_kubernetes_executor.py took 0.061 seconds
[2024-06-18T14:15:34.067+0545] {processor.py:161} INFO - Started process (PID=23736) to work on /home/prabal/afenv/lib/python3.10/site-packages/airflow/example_dags/example_local_kubernetes_executor.py
[2024-06-18T14:15:34.080+0545] {processor.py:830} INFO - Processing file /home/prabal/afenv/lib/python3.10/site-packages/airflow/example_dags/example_local_kubernetes_executor.py for tasks to queue
[2024-06-18T14:15:34.084+0545] {logging_mixin.py:188} INFO - [2024-06-18T14:15:34.083+0545] {dagbag.py:545} INFO - Filling up the DagBag from /home/prabal/afenv/lib/python3.10/site-packages/airflow/example_dags/example_local_kubernetes_executor.py
[2024-06-18T14:15:34.090+0545] {logging_mixin.py:188} INFO - [2024-06-18T14:15:34.089+0545] {example_local_kubernetes_executor.py:40} WARNING - Could not import DAGs in example_local_kubernetes_executor.py
Traceback (most recent call last):
  File "/home/prabal/afenv/lib/python3.10/site-packages/airflow/example_dags/example_local_kubernetes_executor.py", line 38, in <module>
    from kubernetes.client import models as k8s
ModuleNotFoundError: No module named 'kubernetes'
[2024-06-18T14:15:34.091+0545] {logging_mixin.py:188} INFO - [2024-06-18T14:15:34.091+0545] {example_local_kubernetes_executor.py:41} WARNING - Install Kubernetes dependencies with: pip install apache-airflow[cncf.kubernetes]
[2024-06-18T14:15:34.091+0545] {processor.py:842} WARNING - No viable dags retrieved from /home/prabal/afenv/lib/python3.10/site-packages/airflow/example_dags/example_local_kubernetes_executor.py
[2024-06-18T14:15:34.114+0545] {processor.py:183} INFO - Processing /home/prabal/afenv/lib/python3.10/site-packages/airflow/example_dags/example_local_kubernetes_executor.py took 0.061 seconds
[2024-06-18T14:16:26.712+0545] {processor.py:161} INFO - Started process (PID=23990) to work on /home/prabal/afenv/lib/python3.10/site-packages/airflow/example_dags/example_local_kubernetes_executor.py
[2024-06-18T14:16:26.725+0545] {processor.py:830} INFO - Processing file /home/prabal/afenv/lib/python3.10/site-packages/airflow/example_dags/example_local_kubernetes_executor.py for tasks to queue
[2024-06-18T14:16:26.728+0545] {logging_mixin.py:188} INFO - [2024-06-18T14:16:26.728+0545] {dagbag.py:545} INFO - Filling up the DagBag from /home/prabal/afenv/lib/python3.10/site-packages/airflow/example_dags/example_local_kubernetes_executor.py
[2024-06-18T14:16:26.735+0545] {logging_mixin.py:188} INFO - [2024-06-18T14:16:26.734+0545] {example_local_kubernetes_executor.py:40} WARNING - Could not import DAGs in example_local_kubernetes_executor.py
Traceback (most recent call last):
  File "/home/prabal/afenv/lib/python3.10/site-packages/airflow/example_dags/example_local_kubernetes_executor.py", line 38, in <module>
    from kubernetes.client import models as k8s
ModuleNotFoundError: No module named 'kubernetes'
[2024-06-18T14:16:26.736+0545] {logging_mixin.py:188} INFO - [2024-06-18T14:16:26.735+0545] {example_local_kubernetes_executor.py:41} WARNING - Install Kubernetes dependencies with: pip install apache-airflow[cncf.kubernetes]
[2024-06-18T14:16:26.736+0545] {processor.py:842} WARNING - No viable dags retrieved from /home/prabal/afenv/lib/python3.10/site-packages/airflow/example_dags/example_local_kubernetes_executor.py
[2024-06-18T14:16:26.758+0545] {processor.py:183} INFO - Processing /home/prabal/afenv/lib/python3.10/site-packages/airflow/example_dags/example_local_kubernetes_executor.py took 0.062 seconds
[2024-06-18T14:17:21.082+0545] {processor.py:161} INFO - Started process (PID=24254) to work on /home/prabal/afenv/lib/python3.10/site-packages/airflow/example_dags/example_local_kubernetes_executor.py
[2024-06-18T14:17:21.096+0545] {processor.py:830} INFO - Processing file /home/prabal/afenv/lib/python3.10/site-packages/airflow/example_dags/example_local_kubernetes_executor.py for tasks to queue
[2024-06-18T14:17:21.099+0545] {logging_mixin.py:188} INFO - [2024-06-18T14:17:21.098+0545] {dagbag.py:545} INFO - Filling up the DagBag from /home/prabal/afenv/lib/python3.10/site-packages/airflow/example_dags/example_local_kubernetes_executor.py
[2024-06-18T14:17:21.106+0545] {logging_mixin.py:188} INFO - [2024-06-18T14:17:21.105+0545] {example_local_kubernetes_executor.py:40} WARNING - Could not import DAGs in example_local_kubernetes_executor.py
Traceback (most recent call last):
  File "/home/prabal/afenv/lib/python3.10/site-packages/airflow/example_dags/example_local_kubernetes_executor.py", line 38, in <module>
    from kubernetes.client import models as k8s
ModuleNotFoundError: No module named 'kubernetes'
[2024-06-18T14:17:21.107+0545] {logging_mixin.py:188} INFO - [2024-06-18T14:17:21.107+0545] {example_local_kubernetes_executor.py:41} WARNING - Install Kubernetes dependencies with: pip install apache-airflow[cncf.kubernetes]
[2024-06-18T14:17:21.107+0545] {processor.py:842} WARNING - No viable dags retrieved from /home/prabal/afenv/lib/python3.10/site-packages/airflow/example_dags/example_local_kubernetes_executor.py
[2024-06-18T14:17:21.118+0545] {processor.py:183} INFO - Processing /home/prabal/afenv/lib/python3.10/site-packages/airflow/example_dags/example_local_kubernetes_executor.py took 0.049 seconds
[2024-06-18T14:18:15.941+0545] {processor.py:161} INFO - Started process (PID=24516) to work on /home/prabal/afenv/lib/python3.10/site-packages/airflow/example_dags/example_local_kubernetes_executor.py
[2024-06-18T14:18:15.954+0545] {processor.py:830} INFO - Processing file /home/prabal/afenv/lib/python3.10/site-packages/airflow/example_dags/example_local_kubernetes_executor.py for tasks to queue
[2024-06-18T14:18:15.958+0545] {logging_mixin.py:188} INFO - [2024-06-18T14:18:15.957+0545] {dagbag.py:545} INFO - Filling up the DagBag from /home/prabal/afenv/lib/python3.10/site-packages/airflow/example_dags/example_local_kubernetes_executor.py
[2024-06-18T14:18:15.964+0545] {logging_mixin.py:188} INFO - [2024-06-18T14:18:15.963+0545] {example_local_kubernetes_executor.py:40} WARNING - Could not import DAGs in example_local_kubernetes_executor.py
Traceback (most recent call last):
  File "/home/prabal/afenv/lib/python3.10/site-packages/airflow/example_dags/example_local_kubernetes_executor.py", line 38, in <module>
    from kubernetes.client import models as k8s
ModuleNotFoundError: No module named 'kubernetes'
[2024-06-18T14:18:15.965+0545] {logging_mixin.py:188} INFO - [2024-06-18T14:18:15.964+0545] {example_local_kubernetes_executor.py:41} WARNING - Install Kubernetes dependencies with: pip install apache-airflow[cncf.kubernetes]
[2024-06-18T14:18:15.965+0545] {processor.py:842} WARNING - No viable dags retrieved from /home/prabal/afenv/lib/python3.10/site-packages/airflow/example_dags/example_local_kubernetes_executor.py
[2024-06-18T14:18:15.987+0545] {processor.py:183} INFO - Processing /home/prabal/afenv/lib/python3.10/site-packages/airflow/example_dags/example_local_kubernetes_executor.py took 0.061 seconds
[2024-06-18T14:19:12.319+0545] {processor.py:161} INFO - Started process (PID=24785) to work on /home/prabal/afenv/lib/python3.10/site-packages/airflow/example_dags/example_local_kubernetes_executor.py
[2024-06-18T14:19:12.332+0545] {processor.py:830} INFO - Processing file /home/prabal/afenv/lib/python3.10/site-packages/airflow/example_dags/example_local_kubernetes_executor.py for tasks to queue
[2024-06-18T14:19:12.336+0545] {logging_mixin.py:188} INFO - [2024-06-18T14:19:12.335+0545] {dagbag.py:545} INFO - Filling up the DagBag from /home/prabal/afenv/lib/python3.10/site-packages/airflow/example_dags/example_local_kubernetes_executor.py
[2024-06-18T14:19:12.344+0545] {logging_mixin.py:188} INFO - [2024-06-18T14:19:12.343+0545] {example_local_kubernetes_executor.py:40} WARNING - Could not import DAGs in example_local_kubernetes_executor.py
Traceback (most recent call last):
  File "/home/prabal/afenv/lib/python3.10/site-packages/airflow/example_dags/example_local_kubernetes_executor.py", line 38, in <module>
    from kubernetes.client import models as k8s
ModuleNotFoundError: No module named 'kubernetes'
[2024-06-18T14:19:12.345+0545] {logging_mixin.py:188} INFO - [2024-06-18T14:19:12.345+0545] {example_local_kubernetes_executor.py:41} WARNING - Install Kubernetes dependencies with: pip install apache-airflow[cncf.kubernetes]
[2024-06-18T14:19:12.345+0545] {processor.py:842} WARNING - No viable dags retrieved from /home/prabal/afenv/lib/python3.10/site-packages/airflow/example_dags/example_local_kubernetes_executor.py
[2024-06-18T14:19:12.358+0545] {processor.py:183} INFO - Processing /home/prabal/afenv/lib/python3.10/site-packages/airflow/example_dags/example_local_kubernetes_executor.py took 0.054 seconds
[2024-06-18T14:20:05.599+0545] {processor.py:161} INFO - Started process (PID=25041) to work on /home/prabal/afenv/lib/python3.10/site-packages/airflow/example_dags/example_local_kubernetes_executor.py
[2024-06-18T14:20:05.612+0545] {processor.py:830} INFO - Processing file /home/prabal/afenv/lib/python3.10/site-packages/airflow/example_dags/example_local_kubernetes_executor.py for tasks to queue
[2024-06-18T14:20:05.615+0545] {logging_mixin.py:188} INFO - [2024-06-18T14:20:05.615+0545] {dagbag.py:545} INFO - Filling up the DagBag from /home/prabal/afenv/lib/python3.10/site-packages/airflow/example_dags/example_local_kubernetes_executor.py
[2024-06-18T14:20:05.622+0545] {logging_mixin.py:188} INFO - [2024-06-18T14:20:05.621+0545] {example_local_kubernetes_executor.py:40} WARNING - Could not import DAGs in example_local_kubernetes_executor.py
Traceback (most recent call last):
  File "/home/prabal/afenv/lib/python3.10/site-packages/airflow/example_dags/example_local_kubernetes_executor.py", line 38, in <module>
    from kubernetes.client import models as k8s
ModuleNotFoundError: No module named 'kubernetes'
[2024-06-18T14:20:05.623+0545] {logging_mixin.py:188} INFO - [2024-06-18T14:20:05.623+0545] {example_local_kubernetes_executor.py:41} WARNING - Install Kubernetes dependencies with: pip install apache-airflow[cncf.kubernetes]
[2024-06-18T14:20:05.624+0545] {processor.py:842} WARNING - No viable dags retrieved from /home/prabal/afenv/lib/python3.10/site-packages/airflow/example_dags/example_local_kubernetes_executor.py
[2024-06-18T14:20:05.648+0545] {processor.py:183} INFO - Processing /home/prabal/afenv/lib/python3.10/site-packages/airflow/example_dags/example_local_kubernetes_executor.py took 0.064 seconds
[2024-06-18T14:20:57.486+0545] {processor.py:161} INFO - Started process (PID=25292) to work on /home/prabal/afenv/lib/python3.10/site-packages/airflow/example_dags/example_local_kubernetes_executor.py
[2024-06-18T14:20:57.499+0545] {processor.py:830} INFO - Processing file /home/prabal/afenv/lib/python3.10/site-packages/airflow/example_dags/example_local_kubernetes_executor.py for tasks to queue
[2024-06-18T14:20:57.503+0545] {logging_mixin.py:188} INFO - [2024-06-18T14:20:57.502+0545] {dagbag.py:545} INFO - Filling up the DagBag from /home/prabal/afenv/lib/python3.10/site-packages/airflow/example_dags/example_local_kubernetes_executor.py
[2024-06-18T14:20:57.509+0545] {logging_mixin.py:188} INFO - [2024-06-18T14:20:57.508+0545] {example_local_kubernetes_executor.py:40} WARNING - Could not import DAGs in example_local_kubernetes_executor.py
Traceback (most recent call last):
  File "/home/prabal/afenv/lib/python3.10/site-packages/airflow/example_dags/example_local_kubernetes_executor.py", line 38, in <module>
    from kubernetes.client import models as k8s
ModuleNotFoundError: No module named 'kubernetes'
[2024-06-18T14:20:57.510+0545] {logging_mixin.py:188} INFO - [2024-06-18T14:20:57.510+0545] {example_local_kubernetes_executor.py:41} WARNING - Install Kubernetes dependencies with: pip install apache-airflow[cncf.kubernetes]
[2024-06-18T14:20:57.510+0545] {processor.py:842} WARNING - No viable dags retrieved from /home/prabal/afenv/lib/python3.10/site-packages/airflow/example_dags/example_local_kubernetes_executor.py
[2024-06-18T14:20:57.528+0545] {processor.py:183} INFO - Processing /home/prabal/afenv/lib/python3.10/site-packages/airflow/example_dags/example_local_kubernetes_executor.py took 0.056 seconds
[2024-06-18T14:21:51.700+0545] {processor.py:161} INFO - Started process (PID=25549) to work on /home/prabal/afenv/lib/python3.10/site-packages/airflow/example_dags/example_local_kubernetes_executor.py
[2024-06-18T14:21:51.714+0545] {processor.py:830} INFO - Processing file /home/prabal/afenv/lib/python3.10/site-packages/airflow/example_dags/example_local_kubernetes_executor.py for tasks to queue
[2024-06-18T14:21:51.718+0545] {logging_mixin.py:188} INFO - [2024-06-18T14:21:51.717+0545] {dagbag.py:545} INFO - Filling up the DagBag from /home/prabal/afenv/lib/python3.10/site-packages/airflow/example_dags/example_local_kubernetes_executor.py
[2024-06-18T14:21:51.724+0545] {logging_mixin.py:188} INFO - [2024-06-18T14:21:51.723+0545] {example_local_kubernetes_executor.py:40} WARNING - Could not import DAGs in example_local_kubernetes_executor.py
Traceback (most recent call last):
  File "/home/prabal/afenv/lib/python3.10/site-packages/airflow/example_dags/example_local_kubernetes_executor.py", line 38, in <module>
    from kubernetes.client import models as k8s
ModuleNotFoundError: No module named 'kubernetes'
[2024-06-18T14:21:51.725+0545] {logging_mixin.py:188} INFO - [2024-06-18T14:21:51.724+0545] {example_local_kubernetes_executor.py:41} WARNING - Install Kubernetes dependencies with: pip install apache-airflow[cncf.kubernetes]
[2024-06-18T14:21:51.725+0545] {processor.py:842} WARNING - No viable dags retrieved from /home/prabal/afenv/lib/python3.10/site-packages/airflow/example_dags/example_local_kubernetes_executor.py
[2024-06-18T14:21:51.740+0545] {processor.py:183} INFO - Processing /home/prabal/afenv/lib/python3.10/site-packages/airflow/example_dags/example_local_kubernetes_executor.py took 0.053 seconds
[2024-06-18T14:22:47.116+0545] {processor.py:161} INFO - Started process (PID=25817) to work on /home/prabal/afenv/lib/python3.10/site-packages/airflow/example_dags/example_local_kubernetes_executor.py
[2024-06-18T14:22:47.128+0545] {processor.py:830} INFO - Processing file /home/prabal/afenv/lib/python3.10/site-packages/airflow/example_dags/example_local_kubernetes_executor.py for tasks to queue
[2024-06-18T14:22:47.131+0545] {logging_mixin.py:188} INFO - [2024-06-18T14:22:47.130+0545] {dagbag.py:545} INFO - Filling up the DagBag from /home/prabal/afenv/lib/python3.10/site-packages/airflow/example_dags/example_local_kubernetes_executor.py
[2024-06-18T14:22:47.135+0545] {logging_mixin.py:188} INFO - [2024-06-18T14:22:47.134+0545] {example_local_kubernetes_executor.py:40} WARNING - Could not import DAGs in example_local_kubernetes_executor.py
Traceback (most recent call last):
  File "/home/prabal/afenv/lib/python3.10/site-packages/airflow/example_dags/example_local_kubernetes_executor.py", line 38, in <module>
    from kubernetes.client import models as k8s
ModuleNotFoundError: No module named 'kubernetes'
[2024-06-18T14:22:47.135+0545] {logging_mixin.py:188} INFO - [2024-06-18T14:22:47.135+0545] {example_local_kubernetes_executor.py:41} WARNING - Install Kubernetes dependencies with: pip install apache-airflow[cncf.kubernetes]
[2024-06-18T14:22:47.135+0545] {processor.py:842} WARNING - No viable dags retrieved from /home/prabal/afenv/lib/python3.10/site-packages/airflow/example_dags/example_local_kubernetes_executor.py
[2024-06-18T14:22:47.145+0545] {processor.py:183} INFO - Processing /home/prabal/afenv/lib/python3.10/site-packages/airflow/example_dags/example_local_kubernetes_executor.py took 0.045 seconds
[2024-06-18T14:23:39.395+0545] {processor.py:161} INFO - Started process (PID=26073) to work on /home/prabal/afenv/lib/python3.10/site-packages/airflow/example_dags/example_local_kubernetes_executor.py
[2024-06-18T14:23:39.408+0545] {processor.py:830} INFO - Processing file /home/prabal/afenv/lib/python3.10/site-packages/airflow/example_dags/example_local_kubernetes_executor.py for tasks to queue
[2024-06-18T14:23:39.410+0545] {logging_mixin.py:188} INFO - [2024-06-18T14:23:39.410+0545] {dagbag.py:545} INFO - Filling up the DagBag from /home/prabal/afenv/lib/python3.10/site-packages/airflow/example_dags/example_local_kubernetes_executor.py
[2024-06-18T14:23:39.417+0545] {logging_mixin.py:188} INFO - [2024-06-18T14:23:39.416+0545] {example_local_kubernetes_executor.py:40} WARNING - Could not import DAGs in example_local_kubernetes_executor.py
Traceback (most recent call last):
  File "/home/prabal/afenv/lib/python3.10/site-packages/airflow/example_dags/example_local_kubernetes_executor.py", line 38, in <module>
    from kubernetes.client import models as k8s
ModuleNotFoundError: No module named 'kubernetes'
[2024-06-18T14:23:39.417+0545] {logging_mixin.py:188} INFO - [2024-06-18T14:23:39.417+0545] {example_local_kubernetes_executor.py:41} WARNING - Install Kubernetes dependencies with: pip install apache-airflow[cncf.kubernetes]
[2024-06-18T14:23:39.418+0545] {processor.py:842} WARNING - No viable dags retrieved from /home/prabal/afenv/lib/python3.10/site-packages/airflow/example_dags/example_local_kubernetes_executor.py
[2024-06-18T14:23:39.440+0545] {processor.py:183} INFO - Processing /home/prabal/afenv/lib/python3.10/site-packages/airflow/example_dags/example_local_kubernetes_executor.py took 0.054 seconds
[2024-06-18T17:15:55.984+0545] {processor.py:161} INFO - Started process (PID=4104) to work on /home/prabal/afenv/lib/python3.10/site-packages/airflow/example_dags/example_local_kubernetes_executor.py
[2024-06-18T17:15:55.986+0545] {processor.py:830} INFO - Processing file /home/prabal/afenv/lib/python3.10/site-packages/airflow/example_dags/example_local_kubernetes_executor.py for tasks to queue
[2024-06-18T17:15:55.989+0545] {logging_mixin.py:188} INFO - [2024-06-18T17:15:55.989+0545] {dagbag.py:545} INFO - Filling up the DagBag from /home/prabal/afenv/lib/python3.10/site-packages/airflow/example_dags/example_local_kubernetes_executor.py
[2024-06-18T17:15:55.995+0545] {logging_mixin.py:188} INFO - [2024-06-18T17:15:55.994+0545] {example_local_kubernetes_executor.py:40} WARNING - Could not import DAGs in example_local_kubernetes_executor.py
Traceback (most recent call last):
  File "/home/prabal/afenv/lib/python3.10/site-packages/airflow/example_dags/example_local_kubernetes_executor.py", line 38, in <module>
    from kubernetes.client import models as k8s
ModuleNotFoundError: No module named 'kubernetes'
[2024-06-18T17:15:55.996+0545] {logging_mixin.py:188} INFO - [2024-06-18T17:15:55.995+0545] {example_local_kubernetes_executor.py:41} WARNING - Install Kubernetes dependencies with: pip install apache-airflow[cncf.kubernetes]
[2024-06-18T17:15:55.996+0545] {processor.py:842} WARNING - No viable dags retrieved from /home/prabal/afenv/lib/python3.10/site-packages/airflow/example_dags/example_local_kubernetes_executor.py
[2024-06-18T17:15:56.020+0545] {processor.py:183} INFO - Processing /home/prabal/afenv/lib/python3.10/site-packages/airflow/example_dags/example_local_kubernetes_executor.py took 0.049 seconds
[2024-06-18T17:17:41.247+0545] {processor.py:161} INFO - Started process (PID=4676) to work on /home/prabal/afenv/lib/python3.10/site-packages/airflow/example_dags/example_local_kubernetes_executor.py
[2024-06-18T17:17:41.248+0545] {processor.py:830} INFO - Processing file /home/prabal/afenv/lib/python3.10/site-packages/airflow/example_dags/example_local_kubernetes_executor.py for tasks to queue
[2024-06-18T17:17:41.249+0545] {logging_mixin.py:188} INFO - [2024-06-18T17:17:41.249+0545] {dagbag.py:545} INFO - Filling up the DagBag from /home/prabal/afenv/lib/python3.10/site-packages/airflow/example_dags/example_local_kubernetes_executor.py
[2024-06-18T17:17:41.252+0545] {logging_mixin.py:188} INFO - [2024-06-18T17:17:41.251+0545] {example_local_kubernetes_executor.py:40} WARNING - Could not import DAGs in example_local_kubernetes_executor.py
Traceback (most recent call last):
  File "/home/prabal/afenv/lib/python3.10/site-packages/airflow/example_dags/example_local_kubernetes_executor.py", line 38, in <module>
    from kubernetes.client import models as k8s
ModuleNotFoundError: No module named 'kubernetes'
[2024-06-18T17:17:41.252+0545] {logging_mixin.py:188} INFO - [2024-06-18T17:17:41.252+0545] {example_local_kubernetes_executor.py:41} WARNING - Install Kubernetes dependencies with: pip install apache-airflow[cncf.kubernetes]
[2024-06-18T17:17:41.253+0545] {processor.py:842} WARNING - No viable dags retrieved from /home/prabal/afenv/lib/python3.10/site-packages/airflow/example_dags/example_local_kubernetes_executor.py
[2024-06-18T17:17:41.268+0545] {processor.py:183} INFO - Processing /home/prabal/afenv/lib/python3.10/site-packages/airflow/example_dags/example_local_kubernetes_executor.py took 0.030 seconds
[2024-06-18T17:18:40.926+0545] {processor.py:161} INFO - Started process (PID=5292) to work on /home/prabal/afenv/lib/python3.10/site-packages/airflow/example_dags/example_local_kubernetes_executor.py
[2024-06-18T17:18:40.930+0545] {processor.py:830} INFO - Processing file /home/prabal/afenv/lib/python3.10/site-packages/airflow/example_dags/example_local_kubernetes_executor.py for tasks to queue
[2024-06-18T17:18:40.932+0545] {logging_mixin.py:188} INFO - [2024-06-18T17:18:40.931+0545] {dagbag.py:545} INFO - Filling up the DagBag from /home/prabal/afenv/lib/python3.10/site-packages/airflow/example_dags/example_local_kubernetes_executor.py
[2024-06-18T17:18:40.944+0545] {logging_mixin.py:188} INFO - [2024-06-18T17:18:40.941+0545] {example_local_kubernetes_executor.py:40} WARNING - Could not import DAGs in example_local_kubernetes_executor.py
Traceback (most recent call last):
  File "/home/prabal/afenv/lib/python3.10/site-packages/airflow/example_dags/example_local_kubernetes_executor.py", line 38, in <module>
    from kubernetes.client import models as k8s
ModuleNotFoundError: No module named 'kubernetes'
[2024-06-18T17:18:40.945+0545] {logging_mixin.py:188} INFO - [2024-06-18T17:18:40.945+0545] {example_local_kubernetes_executor.py:41} WARNING - Install Kubernetes dependencies with: pip install apache-airflow[cncf.kubernetes]
[2024-06-18T17:18:40.946+0545] {processor.py:842} WARNING - No viable dags retrieved from /home/prabal/afenv/lib/python3.10/site-packages/airflow/example_dags/example_local_kubernetes_executor.py
[2024-06-18T17:18:40.972+0545] {processor.py:183} INFO - Processing /home/prabal/afenv/lib/python3.10/site-packages/airflow/example_dags/example_local_kubernetes_executor.py took 0.069 seconds
[2024-06-18T17:19:39.700+0545] {processor.py:161} INFO - Started process (PID=5725) to work on /home/prabal/afenv/lib/python3.10/site-packages/airflow/example_dags/example_local_kubernetes_executor.py
[2024-06-18T17:19:39.702+0545] {processor.py:830} INFO - Processing file /home/prabal/afenv/lib/python3.10/site-packages/airflow/example_dags/example_local_kubernetes_executor.py for tasks to queue
[2024-06-18T17:19:39.703+0545] {logging_mixin.py:188} INFO - [2024-06-18T17:19:39.703+0545] {dagbag.py:545} INFO - Filling up the DagBag from /home/prabal/afenv/lib/python3.10/site-packages/airflow/example_dags/example_local_kubernetes_executor.py
[2024-06-18T17:19:39.708+0545] {logging_mixin.py:188} INFO - [2024-06-18T17:19:39.707+0545] {example_local_kubernetes_executor.py:40} WARNING - Could not import DAGs in example_local_kubernetes_executor.py
Traceback (most recent call last):
  File "/home/prabal/afenv/lib/python3.10/site-packages/airflow/example_dags/example_local_kubernetes_executor.py", line 38, in <module>
    from kubernetes.client import models as k8s
ModuleNotFoundError: No module named 'kubernetes'
[2024-06-18T17:19:39.709+0545] {logging_mixin.py:188} INFO - [2024-06-18T17:19:39.708+0545] {example_local_kubernetes_executor.py:41} WARNING - Install Kubernetes dependencies with: pip install apache-airflow[cncf.kubernetes]
[2024-06-18T17:19:39.709+0545] {processor.py:842} WARNING - No viable dags retrieved from /home/prabal/afenv/lib/python3.10/site-packages/airflow/example_dags/example_local_kubernetes_executor.py
[2024-06-18T17:19:39.729+0545] {processor.py:183} INFO - Processing /home/prabal/afenv/lib/python3.10/site-packages/airflow/example_dags/example_local_kubernetes_executor.py took 0.039 seconds
[2024-06-18T17:20:33.455+0545] {processor.py:161} INFO - Started process (PID=6473) to work on /home/prabal/afenv/lib/python3.10/site-packages/airflow/example_dags/example_local_kubernetes_executor.py
[2024-06-18T17:20:33.468+0545] {processor.py:830} INFO - Processing file /home/prabal/afenv/lib/python3.10/site-packages/airflow/example_dags/example_local_kubernetes_executor.py for tasks to queue
[2024-06-18T17:20:33.470+0545] {logging_mixin.py:188} INFO - [2024-06-18T17:20:33.469+0545] {dagbag.py:545} INFO - Filling up the DagBag from /home/prabal/afenv/lib/python3.10/site-packages/airflow/example_dags/example_local_kubernetes_executor.py
[2024-06-18T17:20:33.476+0545] {logging_mixin.py:188} INFO - [2024-06-18T17:20:33.475+0545] {example_local_kubernetes_executor.py:40} WARNING - Could not import DAGs in example_local_kubernetes_executor.py
Traceback (most recent call last):
  File "/home/prabal/afenv/lib/python3.10/site-packages/airflow/example_dags/example_local_kubernetes_executor.py", line 38, in <module>
    from kubernetes.client import models as k8s
ModuleNotFoundError: No module named 'kubernetes'
[2024-06-18T17:20:33.476+0545] {logging_mixin.py:188} INFO - [2024-06-18T17:20:33.476+0545] {example_local_kubernetes_executor.py:41} WARNING - Install Kubernetes dependencies with: pip install apache-airflow[cncf.kubernetes]
[2024-06-18T17:20:33.477+0545] {processor.py:842} WARNING - No viable dags retrieved from /home/prabal/afenv/lib/python3.10/site-packages/airflow/example_dags/example_local_kubernetes_executor.py
[2024-06-18T17:20:33.495+0545] {processor.py:183} INFO - Processing /home/prabal/afenv/lib/python3.10/site-packages/airflow/example_dags/example_local_kubernetes_executor.py took 0.053 seconds
[2024-06-18T17:22:06.432+0545] {processor.py:161} INFO - Started process (PID=7033) to work on /home/prabal/afenv/lib/python3.10/site-packages/airflow/example_dags/example_local_kubernetes_executor.py
[2024-06-18T17:22:06.434+0545] {processor.py:830} INFO - Processing file /home/prabal/afenv/lib/python3.10/site-packages/airflow/example_dags/example_local_kubernetes_executor.py for tasks to queue
[2024-06-18T17:22:06.437+0545] {logging_mixin.py:188} INFO - [2024-06-18T17:22:06.437+0545] {dagbag.py:545} INFO - Filling up the DagBag from /home/prabal/afenv/lib/python3.10/site-packages/airflow/example_dags/example_local_kubernetes_executor.py
[2024-06-18T17:22:06.443+0545] {logging_mixin.py:188} INFO - [2024-06-18T17:22:06.442+0545] {example_local_kubernetes_executor.py:40} WARNING - Could not import DAGs in example_local_kubernetes_executor.py
Traceback (most recent call last):
  File "/home/prabal/afenv/lib/python3.10/site-packages/airflow/example_dags/example_local_kubernetes_executor.py", line 38, in <module>
    from kubernetes.client import models as k8s
ModuleNotFoundError: No module named 'kubernetes'
[2024-06-18T17:22:06.444+0545] {logging_mixin.py:188} INFO - [2024-06-18T17:22:06.443+0545] {example_local_kubernetes_executor.py:41} WARNING - Install Kubernetes dependencies with: pip install apache-airflow[cncf.kubernetes]
[2024-06-18T17:22:06.444+0545] {processor.py:842} WARNING - No viable dags retrieved from /home/prabal/afenv/lib/python3.10/site-packages/airflow/example_dags/example_local_kubernetes_executor.py
[2024-06-18T17:22:06.463+0545] {processor.py:183} INFO - Processing /home/prabal/afenv/lib/python3.10/site-packages/airflow/example_dags/example_local_kubernetes_executor.py took 0.046 seconds
[2024-06-18T17:23:15.699+0545] {processor.py:161} INFO - Started process (PID=7391) to work on /home/prabal/afenv/lib/python3.10/site-packages/airflow/example_dags/example_local_kubernetes_executor.py
[2024-06-18T17:23:15.701+0545] {processor.py:830} INFO - Processing file /home/prabal/afenv/lib/python3.10/site-packages/airflow/example_dags/example_local_kubernetes_executor.py for tasks to queue
[2024-06-18T17:23:15.704+0545] {logging_mixin.py:188} INFO - [2024-06-18T17:23:15.703+0545] {dagbag.py:545} INFO - Filling up the DagBag from /home/prabal/afenv/lib/python3.10/site-packages/airflow/example_dags/example_local_kubernetes_executor.py
[2024-06-18T17:23:15.708+0545] {logging_mixin.py:188} INFO - [2024-06-18T17:23:15.707+0545] {example_local_kubernetes_executor.py:40} WARNING - Could not import DAGs in example_local_kubernetes_executor.py
Traceback (most recent call last):
  File "/home/prabal/afenv/lib/python3.10/site-packages/airflow/example_dags/example_local_kubernetes_executor.py", line 38, in <module>
    from kubernetes.client import models as k8s
ModuleNotFoundError: No module named 'kubernetes'
[2024-06-18T17:23:15.708+0545] {logging_mixin.py:188} INFO - [2024-06-18T17:23:15.708+0545] {example_local_kubernetes_executor.py:41} WARNING - Install Kubernetes dependencies with: pip install apache-airflow[cncf.kubernetes]
[2024-06-18T17:23:15.709+0545] {processor.py:842} WARNING - No viable dags retrieved from /home/prabal/afenv/lib/python3.10/site-packages/airflow/example_dags/example_local_kubernetes_executor.py
[2024-06-18T17:23:15.721+0545] {processor.py:183} INFO - Processing /home/prabal/afenv/lib/python3.10/site-packages/airflow/example_dags/example_local_kubernetes_executor.py took 0.036 seconds
