[2024-06-18T13:42:25.069+0545] {processor.py:161} INFO - Started process (PID=14169) to work on /home/prabal/afenv/lib/python3.10/site-packages/airflow/example_dags/example_branch_operator_decorator.py
[2024-06-18T13:42:25.070+0545] {processor.py:830} INFO - Processing file /home/prabal/afenv/lib/python3.10/site-packages/airflow/example_dags/example_branch_operator_decorator.py for tasks to queue
[2024-06-18T13:42:25.072+0545] {logging_mixin.py:188} INFO - [2024-06-18T13:42:25.071+0545] {dagbag.py:545} INFO - Filling up the DagBag from /home/prabal/afenv/lib/python3.10/site-packages/airflow/example_dags/example_branch_operator_decorator.py
[2024-06-18T13:42:25.097+0545] {processor.py:840} INFO - DAG(s) 'example_branch_python_operator_decorator' retrieved from /home/prabal/afenv/lib/python3.10/site-packages/airflow/example_dags/example_branch_operator_decorator.py
[2024-06-18T13:42:25.207+0545] {logging_mixin.py:188} INFO - [2024-06-18T13:42:25.207+0545] {override.py:1829} INFO - Created Permission View: can read on DAG:example_branch_python_operator_decorator
[2024-06-18T13:42:25.218+0545] {logging_mixin.py:188} INFO - [2024-06-18T13:42:25.217+0545] {override.py:1829} INFO - Created Permission View: can edit on DAG:example_branch_python_operator_decorator
[2024-06-18T13:42:25.224+0545] {logging_mixin.py:188} INFO - [2024-06-18T13:42:25.223+0545] {override.py:1829} INFO - Created Permission View: can delete on DAG:example_branch_python_operator_decorator
[2024-06-18T13:42:25.224+0545] {logging_mixin.py:188} INFO - [2024-06-18T13:42:25.224+0545] {dag.py:3096} INFO - Sync 1 DAGs
[2024-06-18T13:42:25.236+0545] {logging_mixin.py:188} INFO - [2024-06-18T13:42:25.235+0545] {dag.py:3118} INFO - Creating ORM DAG for example_branch_python_operator_decorator
[2024-06-18T13:42:25.244+0545] {logging_mixin.py:188} INFO - [2024-06-18T13:42:25.244+0545] {dag.py:3954} INFO - Setting next_dagrun for example_branch_python_operator_decorator to 2024-06-17 00:00:00+00:00, run_after=2024-06-18 00:00:00+00:00
[2024-06-18T13:42:25.347+0545] {processor.py:183} INFO - Processing /home/prabal/afenv/lib/python3.10/site-packages/airflow/example_dags/example_branch_operator_decorator.py took 0.288 seconds
[2024-06-18T13:43:25.995+0545] {processor.py:161} INFO - Started process (PID=14461) to work on /home/prabal/afenv/lib/python3.10/site-packages/airflow/example_dags/example_branch_operator_decorator.py
[2024-06-18T13:43:25.996+0545] {processor.py:830} INFO - Processing file /home/prabal/afenv/lib/python3.10/site-packages/airflow/example_dags/example_branch_operator_decorator.py for tasks to queue
[2024-06-18T13:43:25.997+0545] {logging_mixin.py:188} INFO - [2024-06-18T13:43:25.997+0545] {dagbag.py:545} INFO - Filling up the DagBag from /home/prabal/afenv/lib/python3.10/site-packages/airflow/example_dags/example_branch_operator_decorator.py
[2024-06-18T13:43:26.021+0545] {processor.py:840} INFO - DAG(s) 'example_branch_python_operator_decorator' retrieved from /home/prabal/afenv/lib/python3.10/site-packages/airflow/example_dags/example_branch_operator_decorator.py
[2024-06-18T13:43:26.048+0545] {logging_mixin.py:188} INFO - [2024-06-18T13:43:26.048+0545] {dag.py:3096} INFO - Sync 1 DAGs
[2024-06-18T13:43:26.068+0545] {logging_mixin.py:188} INFO - [2024-06-18T13:43:26.068+0545] {dag.py:3954} INFO - Setting next_dagrun for example_branch_python_operator_decorator to 2024-06-17 00:00:00+00:00, run_after=2024-06-18 00:00:00+00:00
[2024-06-18T13:43:26.090+0545] {processor.py:183} INFO - Processing /home/prabal/afenv/lib/python3.10/site-packages/airflow/example_dags/example_branch_operator_decorator.py took 0.102 seconds
[2024-06-18T13:44:24.957+0545] {processor.py:161} INFO - Started process (PID=14754) to work on /home/prabal/afenv/lib/python3.10/site-packages/airflow/example_dags/example_branch_operator_decorator.py
[2024-06-18T13:44:24.969+0545] {processor.py:830} INFO - Processing file /home/prabal/afenv/lib/python3.10/site-packages/airflow/example_dags/example_branch_operator_decorator.py for tasks to queue
[2024-06-18T13:44:24.972+0545] {logging_mixin.py:188} INFO - [2024-06-18T13:44:24.972+0545] {dagbag.py:545} INFO - Filling up the DagBag from /home/prabal/afenv/lib/python3.10/site-packages/airflow/example_dags/example_branch_operator_decorator.py
[2024-06-18T13:44:25.008+0545] {processor.py:840} INFO - DAG(s) 'example_branch_python_operator_decorator' retrieved from /home/prabal/afenv/lib/python3.10/site-packages/airflow/example_dags/example_branch_operator_decorator.py
[2024-06-18T13:44:25.181+0545] {logging_mixin.py:188} INFO - [2024-06-18T13:44:25.180+0545] {dag.py:3096} INFO - Sync 1 DAGs
[2024-06-18T13:44:25.205+0545] {logging_mixin.py:188} INFO - [2024-06-18T13:44:25.205+0545] {dag.py:3954} INFO - Setting next_dagrun for example_branch_python_operator_decorator to 2024-06-17 00:00:00+00:00, run_after=2024-06-18 00:00:00+00:00
[2024-06-18T13:44:25.230+0545] {processor.py:183} INFO - Processing /home/prabal/afenv/lib/python3.10/site-packages/airflow/example_dags/example_branch_operator_decorator.py took 0.286 seconds
[2024-06-18T13:45:26.807+0545] {processor.py:161} INFO - Started process (PID=15050) to work on /home/prabal/afenv/lib/python3.10/site-packages/airflow/example_dags/example_branch_operator_decorator.py
[2024-06-18T13:45:26.820+0545] {processor.py:830} INFO - Processing file /home/prabal/afenv/lib/python3.10/site-packages/airflow/example_dags/example_branch_operator_decorator.py for tasks to queue
[2024-06-18T13:45:26.824+0545] {logging_mixin.py:188} INFO - [2024-06-18T13:45:26.823+0545] {dagbag.py:545} INFO - Filling up the DagBag from /home/prabal/afenv/lib/python3.10/site-packages/airflow/example_dags/example_branch_operator_decorator.py
[2024-06-18T13:45:26.871+0545] {processor.py:840} INFO - DAG(s) 'example_branch_python_operator_decorator' retrieved from /home/prabal/afenv/lib/python3.10/site-packages/airflow/example_dags/example_branch_operator_decorator.py
[2024-06-18T13:45:26.901+0545] {logging_mixin.py:188} INFO - [2024-06-18T13:45:26.901+0545] {dag.py:3096} INFO - Sync 1 DAGs
[2024-06-18T13:45:26.921+0545] {logging_mixin.py:188} INFO - [2024-06-18T13:45:26.921+0545] {dag.py:3954} INFO - Setting next_dagrun for example_branch_python_operator_decorator to 2024-06-17 00:00:00+00:00, run_after=2024-06-18 00:00:00+00:00
[2024-06-18T13:45:26.943+0545] {processor.py:183} INFO - Processing /home/prabal/afenv/lib/python3.10/site-packages/airflow/example_dags/example_branch_operator_decorator.py took 0.149 seconds
[2024-06-18T13:46:18.529+0545] {processor.py:161} INFO - Started process (PID=15300) to work on /home/prabal/afenv/lib/python3.10/site-packages/airflow/example_dags/example_branch_operator_decorator.py
[2024-06-18T13:46:18.530+0545] {processor.py:830} INFO - Processing file /home/prabal/afenv/lib/python3.10/site-packages/airflow/example_dags/example_branch_operator_decorator.py for tasks to queue
[2024-06-18T13:46:18.531+0545] {logging_mixin.py:188} INFO - [2024-06-18T13:46:18.531+0545] {dagbag.py:545} INFO - Filling up the DagBag from /home/prabal/afenv/lib/python3.10/site-packages/airflow/example_dags/example_branch_operator_decorator.py
[2024-06-18T13:46:18.555+0545] {processor.py:840} INFO - DAG(s) 'example_branch_python_operator_decorator' retrieved from /home/prabal/afenv/lib/python3.10/site-packages/airflow/example_dags/example_branch_operator_decorator.py
[2024-06-18T13:46:18.577+0545] {logging_mixin.py:188} INFO - [2024-06-18T13:46:18.577+0545] {dag.py:3096} INFO - Sync 1 DAGs
[2024-06-18T13:46:18.603+0545] {logging_mixin.py:188} INFO - [2024-06-18T13:46:18.603+0545] {dag.py:3954} INFO - Setting next_dagrun for example_branch_python_operator_decorator to 2024-06-17 00:00:00+00:00, run_after=2024-06-18 00:00:00+00:00
[2024-06-18T13:46:18.628+0545] {processor.py:183} INFO - Processing /home/prabal/afenv/lib/python3.10/site-packages/airflow/example_dags/example_branch_operator_decorator.py took 0.106 seconds
[2024-06-18T13:47:09.868+0545] {processor.py:161} INFO - Started process (PID=15550) to work on /home/prabal/afenv/lib/python3.10/site-packages/airflow/example_dags/example_branch_operator_decorator.py
[2024-06-18T13:47:09.869+0545] {processor.py:830} INFO - Processing file /home/prabal/afenv/lib/python3.10/site-packages/airflow/example_dags/example_branch_operator_decorator.py for tasks to queue
[2024-06-18T13:47:09.871+0545] {logging_mixin.py:188} INFO - [2024-06-18T13:47:09.871+0545] {dagbag.py:545} INFO - Filling up the DagBag from /home/prabal/afenv/lib/python3.10/site-packages/airflow/example_dags/example_branch_operator_decorator.py
[2024-06-18T13:47:09.900+0545] {processor.py:840} INFO - DAG(s) 'example_branch_python_operator_decorator' retrieved from /home/prabal/afenv/lib/python3.10/site-packages/airflow/example_dags/example_branch_operator_decorator.py
[2024-06-18T13:47:09.929+0545] {logging_mixin.py:188} INFO - [2024-06-18T13:47:09.929+0545] {dag.py:3096} INFO - Sync 1 DAGs
[2024-06-18T13:47:09.951+0545] {logging_mixin.py:188} INFO - [2024-06-18T13:47:09.951+0545] {dag.py:3954} INFO - Setting next_dagrun for example_branch_python_operator_decorator to 2024-06-17 00:00:00+00:00, run_after=2024-06-18 00:00:00+00:00
[2024-06-18T13:47:09.972+0545] {processor.py:183} INFO - Processing /home/prabal/afenv/lib/python3.10/site-packages/airflow/example_dags/example_branch_operator_decorator.py took 0.115 seconds
[2024-06-18T13:48:01.468+0545] {processor.py:161} INFO - Started process (PID=15799) to work on /home/prabal/afenv/lib/python3.10/site-packages/airflow/example_dags/example_branch_operator_decorator.py
[2024-06-18T13:48:01.480+0545] {processor.py:830} INFO - Processing file /home/prabal/afenv/lib/python3.10/site-packages/airflow/example_dags/example_branch_operator_decorator.py for tasks to queue
[2024-06-18T13:48:01.482+0545] {logging_mixin.py:188} INFO - [2024-06-18T13:48:01.482+0545] {dagbag.py:545} INFO - Filling up the DagBag from /home/prabal/afenv/lib/python3.10/site-packages/airflow/example_dags/example_branch_operator_decorator.py
[2024-06-18T13:48:01.499+0545] {processor.py:840} INFO - DAG(s) 'example_branch_python_operator_decorator' retrieved from /home/prabal/afenv/lib/python3.10/site-packages/airflow/example_dags/example_branch_operator_decorator.py
[2024-06-18T13:48:01.519+0545] {logging_mixin.py:188} INFO - [2024-06-18T13:48:01.519+0545] {dag.py:3096} INFO - Sync 1 DAGs
[2024-06-18T13:48:01.545+0545] {logging_mixin.py:188} INFO - [2024-06-18T13:48:01.545+0545] {dag.py:3954} INFO - Setting next_dagrun for example_branch_python_operator_decorator to 2024-06-17 00:00:00+00:00, run_after=2024-06-18 00:00:00+00:00
[2024-06-18T13:48:01.564+0545] {processor.py:183} INFO - Processing /home/prabal/afenv/lib/python3.10/site-packages/airflow/example_dags/example_branch_operator_decorator.py took 0.102 seconds
[2024-06-18T13:49:28.063+0545] {processor.py:161} INFO - Started process (PID=16237) to work on /home/prabal/afenv/lib/python3.10/site-packages/airflow/example_dags/example_branch_operator_decorator.py
[2024-06-18T13:49:28.065+0545] {processor.py:830} INFO - Processing file /home/prabal/afenv/lib/python3.10/site-packages/airflow/example_dags/example_branch_operator_decorator.py for tasks to queue
[2024-06-18T13:49:28.067+0545] {logging_mixin.py:188} INFO - [2024-06-18T13:49:28.067+0545] {dagbag.py:545} INFO - Filling up the DagBag from /home/prabal/afenv/lib/python3.10/site-packages/airflow/example_dags/example_branch_operator_decorator.py
[2024-06-18T13:49:28.101+0545] {processor.py:840} INFO - DAG(s) 'example_branch_python_operator_decorator' retrieved from /home/prabal/afenv/lib/python3.10/site-packages/airflow/example_dags/example_branch_operator_decorator.py
[2024-06-18T13:49:28.119+0545] {logging_mixin.py:188} INFO - [2024-06-18T13:49:28.119+0545] {dag.py:3096} INFO - Sync 1 DAGs
[2024-06-18T13:49:28.144+0545] {logging_mixin.py:188} INFO - [2024-06-18T13:49:28.144+0545] {dag.py:3954} INFO - Setting next_dagrun for example_branch_python_operator_decorator to 2024-06-17 00:00:00+00:00, run_after=2024-06-18 00:00:00+00:00
[2024-06-18T13:49:28.165+0545] {processor.py:183} INFO - Processing /home/prabal/afenv/lib/python3.10/site-packages/airflow/example_dags/example_branch_operator_decorator.py took 0.114 seconds
[2024-06-18T13:51:17.062+0545] {processor.py:161} INFO - Started process (PID=16767) to work on /home/prabal/afenv/lib/python3.10/site-packages/airflow/example_dags/example_branch_operator_decorator.py
[2024-06-18T13:51:17.074+0545] {processor.py:830} INFO - Processing file /home/prabal/afenv/lib/python3.10/site-packages/airflow/example_dags/example_branch_operator_decorator.py for tasks to queue
[2024-06-18T13:51:17.077+0545] {logging_mixin.py:188} INFO - [2024-06-18T13:51:17.076+0545] {dagbag.py:545} INFO - Filling up the DagBag from /home/prabal/afenv/lib/python3.10/site-packages/airflow/example_dags/example_branch_operator_decorator.py
[2024-06-18T13:51:17.099+0545] {processor.py:840} INFO - DAG(s) 'example_branch_python_operator_decorator' retrieved from /home/prabal/afenv/lib/python3.10/site-packages/airflow/example_dags/example_branch_operator_decorator.py
[2024-06-18T13:51:17.136+0545] {logging_mixin.py:188} INFO - [2024-06-18T13:51:17.135+0545] {dag.py:3096} INFO - Sync 1 DAGs
[2024-06-18T13:51:17.155+0545] {logging_mixin.py:188} INFO - [2024-06-18T13:51:17.154+0545] {dag.py:3954} INFO - Setting next_dagrun for example_branch_python_operator_decorator to 2024-06-17 00:00:00+00:00, run_after=2024-06-18 00:00:00+00:00
[2024-06-18T13:51:17.174+0545] {processor.py:183} INFO - Processing /home/prabal/afenv/lib/python3.10/site-packages/airflow/example_dags/example_branch_operator_decorator.py took 0.118 seconds
[2024-06-18T13:52:25.416+0545] {processor.py:161} INFO - Started process (PID=17147) to work on /home/prabal/afenv/lib/python3.10/site-packages/airflow/example_dags/example_branch_operator_decorator.py
[2024-06-18T13:52:25.429+0545] {processor.py:830} INFO - Processing file /home/prabal/afenv/lib/python3.10/site-packages/airflow/example_dags/example_branch_operator_decorator.py for tasks to queue
[2024-06-18T13:52:25.434+0545] {logging_mixin.py:188} INFO - [2024-06-18T13:52:25.433+0545] {dagbag.py:545} INFO - Filling up the DagBag from /home/prabal/afenv/lib/python3.10/site-packages/airflow/example_dags/example_branch_operator_decorator.py
[2024-06-18T13:52:25.491+0545] {processor.py:840} INFO - DAG(s) 'example_branch_python_operator_decorator' retrieved from /home/prabal/afenv/lib/python3.10/site-packages/airflow/example_dags/example_branch_operator_decorator.py
[2024-06-18T13:52:25.542+0545] {logging_mixin.py:188} INFO - [2024-06-18T13:52:25.541+0545] {dag.py:3096} INFO - Sync 1 DAGs
[2024-06-18T13:52:25.568+0545] {logging_mixin.py:188} INFO - [2024-06-18T13:52:25.567+0545] {dag.py:3954} INFO - Setting next_dagrun for example_branch_python_operator_decorator to 2024-06-17 00:00:00+00:00, run_after=2024-06-18 00:00:00+00:00
[2024-06-18T13:52:25.607+0545] {processor.py:183} INFO - Processing /home/prabal/afenv/lib/python3.10/site-packages/airflow/example_dags/example_branch_operator_decorator.py took 0.209 seconds
[2024-06-18T13:53:40.614+0545] {processor.py:161} INFO - Started process (PID=17536) to work on /home/prabal/afenv/lib/python3.10/site-packages/airflow/example_dags/example_branch_operator_decorator.py
[2024-06-18T13:53:40.627+0545] {processor.py:830} INFO - Processing file /home/prabal/afenv/lib/python3.10/site-packages/airflow/example_dags/example_branch_operator_decorator.py for tasks to queue
[2024-06-18T13:53:40.629+0545] {logging_mixin.py:188} INFO - [2024-06-18T13:53:40.628+0545] {dagbag.py:545} INFO - Filling up the DagBag from /home/prabal/afenv/lib/python3.10/site-packages/airflow/example_dags/example_branch_operator_decorator.py
[2024-06-18T13:53:40.650+0545] {processor.py:840} INFO - DAG(s) 'example_branch_python_operator_decorator' retrieved from /home/prabal/afenv/lib/python3.10/site-packages/airflow/example_dags/example_branch_operator_decorator.py
[2024-06-18T13:53:40.673+0545] {logging_mixin.py:188} INFO - [2024-06-18T13:53:40.673+0545] {dag.py:3096} INFO - Sync 1 DAGs
[2024-06-18T13:53:40.691+0545] {logging_mixin.py:188} INFO - [2024-06-18T13:53:40.691+0545] {dag.py:3954} INFO - Setting next_dagrun for example_branch_python_operator_decorator to 2024-06-17 00:00:00+00:00, run_after=2024-06-18 00:00:00+00:00
[2024-06-18T13:53:40.710+0545] {processor.py:183} INFO - Processing /home/prabal/afenv/lib/python3.10/site-packages/airflow/example_dags/example_branch_operator_decorator.py took 0.105 seconds
[2024-06-18T13:54:34.281+0545] {processor.py:161} INFO - Started process (PID=17796) to work on /home/prabal/afenv/lib/python3.10/site-packages/airflow/example_dags/example_branch_operator_decorator.py
[2024-06-18T13:54:34.294+0545] {processor.py:830} INFO - Processing file /home/prabal/afenv/lib/python3.10/site-packages/airflow/example_dags/example_branch_operator_decorator.py for tasks to queue
[2024-06-18T13:54:34.296+0545] {logging_mixin.py:188} INFO - [2024-06-18T13:54:34.295+0545] {dagbag.py:545} INFO - Filling up the DagBag from /home/prabal/afenv/lib/python3.10/site-packages/airflow/example_dags/example_branch_operator_decorator.py
[2024-06-18T13:54:34.319+0545] {processor.py:840} INFO - DAG(s) 'example_branch_python_operator_decorator' retrieved from /home/prabal/afenv/lib/python3.10/site-packages/airflow/example_dags/example_branch_operator_decorator.py
[2024-06-18T13:54:34.346+0545] {logging_mixin.py:188} INFO - [2024-06-18T13:54:34.346+0545] {dag.py:3096} INFO - Sync 1 DAGs
[2024-06-18T13:54:34.364+0545] {logging_mixin.py:188} INFO - [2024-06-18T13:54:34.364+0545] {dag.py:3954} INFO - Setting next_dagrun for example_branch_python_operator_decorator to 2024-06-17 00:00:00+00:00, run_after=2024-06-18 00:00:00+00:00
[2024-06-18T13:54:34.382+0545] {processor.py:183} INFO - Processing /home/prabal/afenv/lib/python3.10/site-packages/airflow/example_dags/example_branch_operator_decorator.py took 0.112 seconds
[2024-06-18T13:55:37.821+0545] {processor.py:161} INFO - Started process (PID=18127) to work on /home/prabal/afenv/lib/python3.10/site-packages/airflow/example_dags/example_branch_operator_decorator.py
[2024-06-18T13:55:37.823+0545] {processor.py:830} INFO - Processing file /home/prabal/afenv/lib/python3.10/site-packages/airflow/example_dags/example_branch_operator_decorator.py for tasks to queue
[2024-06-18T13:55:37.827+0545] {logging_mixin.py:188} INFO - [2024-06-18T13:55:37.826+0545] {dagbag.py:545} INFO - Filling up the DagBag from /home/prabal/afenv/lib/python3.10/site-packages/airflow/example_dags/example_branch_operator_decorator.py
[2024-06-18T13:55:37.872+0545] {processor.py:840} INFO - DAG(s) 'example_branch_python_operator_decorator' retrieved from /home/prabal/afenv/lib/python3.10/site-packages/airflow/example_dags/example_branch_operator_decorator.py
[2024-06-18T13:55:37.904+0545] {logging_mixin.py:188} INFO - [2024-06-18T13:55:37.903+0545] {dag.py:3096} INFO - Sync 1 DAGs
[2024-06-18T13:55:37.936+0545] {logging_mixin.py:188} INFO - [2024-06-18T13:55:37.936+0545] {dag.py:3954} INFO - Setting next_dagrun for example_branch_python_operator_decorator to 2024-06-17 00:00:00+00:00, run_after=2024-06-18 00:00:00+00:00
[2024-06-18T13:55:37.979+0545] {processor.py:183} INFO - Processing /home/prabal/afenv/lib/python3.10/site-packages/airflow/example_dags/example_branch_operator_decorator.py took 0.174 seconds
[2024-06-18T13:56:32.503+0545] {processor.py:161} INFO - Started process (PID=18392) to work on /home/prabal/afenv/lib/python3.10/site-packages/airflow/example_dags/example_branch_operator_decorator.py
[2024-06-18T13:56:32.506+0545] {processor.py:830} INFO - Processing file /home/prabal/afenv/lib/python3.10/site-packages/airflow/example_dags/example_branch_operator_decorator.py for tasks to queue
[2024-06-18T13:56:32.510+0545] {logging_mixin.py:188} INFO - [2024-06-18T13:56:32.509+0545] {dagbag.py:545} INFO - Filling up the DagBag from /home/prabal/afenv/lib/python3.10/site-packages/airflow/example_dags/example_branch_operator_decorator.py
[2024-06-18T13:56:32.544+0545] {processor.py:840} INFO - DAG(s) 'example_branch_python_operator_decorator' retrieved from /home/prabal/afenv/lib/python3.10/site-packages/airflow/example_dags/example_branch_operator_decorator.py
[2024-06-18T13:56:32.571+0545] {logging_mixin.py:188} INFO - [2024-06-18T13:56:32.571+0545] {dag.py:3096} INFO - Sync 1 DAGs
[2024-06-18T13:56:32.597+0545] {logging_mixin.py:188} INFO - [2024-06-18T13:56:32.596+0545] {dag.py:3954} INFO - Setting next_dagrun for example_branch_python_operator_decorator to 2024-06-17 00:00:00+00:00, run_after=2024-06-18 00:00:00+00:00
[2024-06-18T13:56:32.630+0545] {processor.py:183} INFO - Processing /home/prabal/afenv/lib/python3.10/site-packages/airflow/example_dags/example_branch_operator_decorator.py took 0.144 seconds
[2024-06-18T13:57:22.352+0545] {processor.py:161} INFO - Started process (PID=18634) to work on /home/prabal/afenv/lib/python3.10/site-packages/airflow/example_dags/example_branch_operator_decorator.py
[2024-06-18T13:57:22.364+0545] {processor.py:830} INFO - Processing file /home/prabal/afenv/lib/python3.10/site-packages/airflow/example_dags/example_branch_operator_decorator.py for tasks to queue
[2024-06-18T13:57:22.368+0545] {logging_mixin.py:188} INFO - [2024-06-18T13:57:22.367+0545] {dagbag.py:545} INFO - Filling up the DagBag from /home/prabal/afenv/lib/python3.10/site-packages/airflow/example_dags/example_branch_operator_decorator.py
[2024-06-18T13:57:22.399+0545] {processor.py:840} INFO - DAG(s) 'example_branch_python_operator_decorator' retrieved from /home/prabal/afenv/lib/python3.10/site-packages/airflow/example_dags/example_branch_operator_decorator.py
[2024-06-18T13:57:22.423+0545] {logging_mixin.py:188} INFO - [2024-06-18T13:57:22.423+0545] {dag.py:3096} INFO - Sync 1 DAGs
[2024-06-18T13:57:22.446+0545] {logging_mixin.py:188} INFO - [2024-06-18T13:57:22.446+0545] {dag.py:3954} INFO - Setting next_dagrun for example_branch_python_operator_decorator to 2024-06-17 00:00:00+00:00, run_after=2024-06-18 00:00:00+00:00
[2024-06-18T13:57:22.466+0545] {processor.py:183} INFO - Processing /home/prabal/afenv/lib/python3.10/site-packages/airflow/example_dags/example_branch_operator_decorator.py took 0.129 seconds
[2024-06-18T14:05:23.434+0545] {processor.py:161} INFO - Started process (PID=20765) to work on /home/prabal/afenv/lib/python3.10/site-packages/airflow/example_dags/example_branch_operator_decorator.py
[2024-06-18T14:05:23.447+0545] {processor.py:830} INFO - Processing file /home/prabal/afenv/lib/python3.10/site-packages/airflow/example_dags/example_branch_operator_decorator.py for tasks to queue
[2024-06-18T14:05:23.451+0545] {logging_mixin.py:188} INFO - [2024-06-18T14:05:23.450+0545] {dagbag.py:545} INFO - Filling up the DagBag from /home/prabal/afenv/lib/python3.10/site-packages/airflow/example_dags/example_branch_operator_decorator.py
[2024-06-18T14:05:23.498+0545] {processor.py:840} INFO - DAG(s) 'example_branch_python_operator_decorator' retrieved from /home/prabal/afenv/lib/python3.10/site-packages/airflow/example_dags/example_branch_operator_decorator.py
[2024-06-18T14:05:23.616+0545] {logging_mixin.py:188} INFO - [2024-06-18T14:05:23.616+0545] {dag.py:3096} INFO - Sync 1 DAGs
[2024-06-18T14:05:23.632+0545] {logging_mixin.py:188} INFO - [2024-06-18T14:05:23.631+0545] {dag.py:3954} INFO - Setting next_dagrun for example_branch_python_operator_decorator to 2024-06-17 00:00:00+00:00, run_after=2024-06-18 00:00:00+00:00
[2024-06-18T14:05:23.669+0545] {processor.py:183} INFO - Processing /home/prabal/afenv/lib/python3.10/site-packages/airflow/example_dags/example_branch_operator_decorator.py took 0.250 seconds
[2024-06-18T14:06:20.898+0545] {processor.py:161} INFO - Started process (PID=21040) to work on /home/prabal/afenv/lib/python3.10/site-packages/airflow/example_dags/example_branch_operator_decorator.py
[2024-06-18T14:06:20.911+0545] {processor.py:830} INFO - Processing file /home/prabal/afenv/lib/python3.10/site-packages/airflow/example_dags/example_branch_operator_decorator.py for tasks to queue
[2024-06-18T14:06:20.914+0545] {logging_mixin.py:188} INFO - [2024-06-18T14:06:20.913+0545] {dagbag.py:545} INFO - Filling up the DagBag from /home/prabal/afenv/lib/python3.10/site-packages/airflow/example_dags/example_branch_operator_decorator.py
[2024-06-18T14:06:20.957+0545] {processor.py:840} INFO - DAG(s) 'example_branch_python_operator_decorator' retrieved from /home/prabal/afenv/lib/python3.10/site-packages/airflow/example_dags/example_branch_operator_decorator.py
[2024-06-18T14:06:21.004+0545] {logging_mixin.py:188} INFO - [2024-06-18T14:06:21.004+0545] {dag.py:3096} INFO - Sync 1 DAGs
[2024-06-18T14:06:21.020+0545] {logging_mixin.py:188} INFO - [2024-06-18T14:06:21.020+0545] {dag.py:3954} INFO - Setting next_dagrun for example_branch_python_operator_decorator to 2024-06-17 00:00:00+00:00, run_after=2024-06-18 00:00:00+00:00
[2024-06-18T14:06:21.060+0545] {processor.py:183} INFO - Processing /home/prabal/afenv/lib/python3.10/site-packages/airflow/example_dags/example_branch_operator_decorator.py took 0.181 seconds
[2024-06-18T14:07:17.987+0545] {processor.py:161} INFO - Started process (PID=21315) to work on /home/prabal/afenv/lib/python3.10/site-packages/airflow/example_dags/example_branch_operator_decorator.py
[2024-06-18T14:07:17.999+0545] {processor.py:830} INFO - Processing file /home/prabal/afenv/lib/python3.10/site-packages/airflow/example_dags/example_branch_operator_decorator.py for tasks to queue
[2024-06-18T14:07:18.003+0545] {logging_mixin.py:188} INFO - [2024-06-18T14:07:18.002+0545] {dagbag.py:545} INFO - Filling up the DagBag from /home/prabal/afenv/lib/python3.10/site-packages/airflow/example_dags/example_branch_operator_decorator.py
[2024-06-18T14:07:18.140+0545] {processor.py:840} INFO - DAG(s) 'example_branch_python_operator_decorator' retrieved from /home/prabal/afenv/lib/python3.10/site-packages/airflow/example_dags/example_branch_operator_decorator.py
[2024-06-18T14:07:18.158+0545] {logging_mixin.py:188} INFO - [2024-06-18T14:07:18.158+0545] {dag.py:3096} INFO - Sync 1 DAGs
[2024-06-18T14:07:18.173+0545] {logging_mixin.py:188} INFO - [2024-06-18T14:07:18.172+0545] {dag.py:3954} INFO - Setting next_dagrun for example_branch_python_operator_decorator to 2024-06-17 00:00:00+00:00, run_after=2024-06-18 00:00:00+00:00
[2024-06-18T14:07:18.200+0545] {processor.py:183} INFO - Processing /home/prabal/afenv/lib/python3.10/site-packages/airflow/example_dags/example_branch_operator_decorator.py took 0.224 seconds
[2024-06-18T14:08:15.333+0545] {processor.py:161} INFO - Started process (PID=21600) to work on /home/prabal/afenv/lib/python3.10/site-packages/airflow/example_dags/example_branch_operator_decorator.py
[2024-06-18T14:08:15.346+0545] {processor.py:830} INFO - Processing file /home/prabal/afenv/lib/python3.10/site-packages/airflow/example_dags/example_branch_operator_decorator.py for tasks to queue
[2024-06-18T14:08:15.351+0545] {logging_mixin.py:188} INFO - [2024-06-18T14:08:15.350+0545] {dagbag.py:545} INFO - Filling up the DagBag from /home/prabal/afenv/lib/python3.10/site-packages/airflow/example_dags/example_branch_operator_decorator.py
[2024-06-18T14:08:15.398+0545] {processor.py:840} INFO - DAG(s) 'example_branch_python_operator_decorator' retrieved from /home/prabal/afenv/lib/python3.10/site-packages/airflow/example_dags/example_branch_operator_decorator.py
[2024-06-18T14:08:15.422+0545] {logging_mixin.py:188} INFO - [2024-06-18T14:08:15.422+0545] {dag.py:3096} INFO - Sync 1 DAGs
[2024-06-18T14:08:15.443+0545] {logging_mixin.py:188} INFO - [2024-06-18T14:08:15.443+0545] {dag.py:3954} INFO - Setting next_dagrun for example_branch_python_operator_decorator to 2024-06-17 00:00:00+00:00, run_after=2024-06-18 00:00:00+00:00
[2024-06-18T14:08:15.487+0545] {processor.py:183} INFO - Processing /home/prabal/afenv/lib/python3.10/site-packages/airflow/example_dags/example_branch_operator_decorator.py took 0.169 seconds
[2024-06-18T14:09:09.209+0545] {processor.py:161} INFO - Started process (PID=21860) to work on /home/prabal/afenv/lib/python3.10/site-packages/airflow/example_dags/example_branch_operator_decorator.py
[2024-06-18T14:09:09.222+0545] {processor.py:830} INFO - Processing file /home/prabal/afenv/lib/python3.10/site-packages/airflow/example_dags/example_branch_operator_decorator.py for tasks to queue
[2024-06-18T14:09:09.226+0545] {logging_mixin.py:188} INFO - [2024-06-18T14:09:09.225+0545] {dagbag.py:545} INFO - Filling up the DagBag from /home/prabal/afenv/lib/python3.10/site-packages/airflow/example_dags/example_branch_operator_decorator.py
[2024-06-18T14:09:09.267+0545] {processor.py:840} INFO - DAG(s) 'example_branch_python_operator_decorator' retrieved from /home/prabal/afenv/lib/python3.10/site-packages/airflow/example_dags/example_branch_operator_decorator.py
[2024-06-18T14:09:09.292+0545] {logging_mixin.py:188} INFO - [2024-06-18T14:09:09.292+0545] {dag.py:3096} INFO - Sync 1 DAGs
[2024-06-18T14:09:09.310+0545] {logging_mixin.py:188} INFO - [2024-06-18T14:09:09.310+0545] {dag.py:3954} INFO - Setting next_dagrun for example_branch_python_operator_decorator to 2024-06-17 00:00:00+00:00, run_after=2024-06-18 00:00:00+00:00
[2024-06-18T14:09:09.328+0545] {processor.py:183} INFO - Processing /home/prabal/afenv/lib/python3.10/site-packages/airflow/example_dags/example_branch_operator_decorator.py took 0.135 seconds
[2024-06-18T14:10:04.143+0545] {processor.py:161} INFO - Started process (PID=22122) to work on /home/prabal/afenv/lib/python3.10/site-packages/airflow/example_dags/example_branch_operator_decorator.py
[2024-06-18T14:10:04.146+0545] {processor.py:830} INFO - Processing file /home/prabal/afenv/lib/python3.10/site-packages/airflow/example_dags/example_branch_operator_decorator.py for tasks to queue
[2024-06-18T14:10:04.149+0545] {logging_mixin.py:188} INFO - [2024-06-18T14:10:04.148+0545] {dagbag.py:545} INFO - Filling up the DagBag from /home/prabal/afenv/lib/python3.10/site-packages/airflow/example_dags/example_branch_operator_decorator.py
[2024-06-18T14:10:04.195+0545] {processor.py:840} INFO - DAG(s) 'example_branch_python_operator_decorator' retrieved from /home/prabal/afenv/lib/python3.10/site-packages/airflow/example_dags/example_branch_operator_decorator.py
[2024-06-18T14:10:04.222+0545] {logging_mixin.py:188} INFO - [2024-06-18T14:10:04.222+0545] {dag.py:3096} INFO - Sync 1 DAGs
[2024-06-18T14:10:04.255+0545] {logging_mixin.py:188} INFO - [2024-06-18T14:10:04.254+0545] {dag.py:3954} INFO - Setting next_dagrun for example_branch_python_operator_decorator to 2024-06-17 00:00:00+00:00, run_after=2024-06-18 00:00:00+00:00
[2024-06-18T14:10:04.304+0545] {processor.py:183} INFO - Processing /home/prabal/afenv/lib/python3.10/site-packages/airflow/example_dags/example_branch_operator_decorator.py took 0.175 seconds
[2024-06-18T14:10:57.631+0545] {processor.py:161} INFO - Started process (PID=22379) to work on /home/prabal/afenv/lib/python3.10/site-packages/airflow/example_dags/example_branch_operator_decorator.py
[2024-06-18T14:10:57.644+0545] {processor.py:830} INFO - Processing file /home/prabal/afenv/lib/python3.10/site-packages/airflow/example_dags/example_branch_operator_decorator.py for tasks to queue
[2024-06-18T14:10:57.648+0545] {logging_mixin.py:188} INFO - [2024-06-18T14:10:57.647+0545] {dagbag.py:545} INFO - Filling up the DagBag from /home/prabal/afenv/lib/python3.10/site-packages/airflow/example_dags/example_branch_operator_decorator.py
[2024-06-18T14:10:57.693+0545] {processor.py:840} INFO - DAG(s) 'example_branch_python_operator_decorator' retrieved from /home/prabal/afenv/lib/python3.10/site-packages/airflow/example_dags/example_branch_operator_decorator.py
[2024-06-18T14:10:57.727+0545] {logging_mixin.py:188} INFO - [2024-06-18T14:10:57.727+0545] {dag.py:3096} INFO - Sync 1 DAGs
[2024-06-18T14:10:57.764+0545] {logging_mixin.py:188} INFO - [2024-06-18T14:10:57.764+0545] {dag.py:3954} INFO - Setting next_dagrun for example_branch_python_operator_decorator to 2024-06-17 00:00:00+00:00, run_after=2024-06-18 00:00:00+00:00
[2024-06-18T14:10:57.813+0545] {processor.py:183} INFO - Processing /home/prabal/afenv/lib/python3.10/site-packages/airflow/example_dags/example_branch_operator_decorator.py took 0.195 seconds
[2024-06-18T14:11:49.662+0545] {processor.py:161} INFO - Started process (PID=22631) to work on /home/prabal/afenv/lib/python3.10/site-packages/airflow/example_dags/example_branch_operator_decorator.py
[2024-06-18T14:11:49.675+0545] {processor.py:830} INFO - Processing file /home/prabal/afenv/lib/python3.10/site-packages/airflow/example_dags/example_branch_operator_decorator.py for tasks to queue
[2024-06-18T14:11:49.679+0545] {logging_mixin.py:188} INFO - [2024-06-18T14:11:49.678+0545] {dagbag.py:545} INFO - Filling up the DagBag from /home/prabal/afenv/lib/python3.10/site-packages/airflow/example_dags/example_branch_operator_decorator.py
[2024-06-18T14:11:49.728+0545] {processor.py:840} INFO - DAG(s) 'example_branch_python_operator_decorator' retrieved from /home/prabal/afenv/lib/python3.10/site-packages/airflow/example_dags/example_branch_operator_decorator.py
[2024-06-18T14:11:49.764+0545] {logging_mixin.py:188} INFO - [2024-06-18T14:11:49.764+0545] {dag.py:3096} INFO - Sync 1 DAGs
[2024-06-18T14:11:49.784+0545] {logging_mixin.py:188} INFO - [2024-06-18T14:11:49.784+0545] {dag.py:3954} INFO - Setting next_dagrun for example_branch_python_operator_decorator to 2024-06-17 00:00:00+00:00, run_after=2024-06-18 00:00:00+00:00
[2024-06-18T14:11:49.833+0545] {processor.py:183} INFO - Processing /home/prabal/afenv/lib/python3.10/site-packages/airflow/example_dags/example_branch_operator_decorator.py took 0.185 seconds
[2024-06-18T14:12:40.480+0545] {processor.py:161} INFO - Started process (PID=22876) to work on /home/prabal/afenv/lib/python3.10/site-packages/airflow/example_dags/example_branch_operator_decorator.py
[2024-06-18T14:12:40.494+0545] {processor.py:830} INFO - Processing file /home/prabal/afenv/lib/python3.10/site-packages/airflow/example_dags/example_branch_operator_decorator.py for tasks to queue
[2024-06-18T14:12:40.498+0545] {logging_mixin.py:188} INFO - [2024-06-18T14:12:40.497+0545] {dagbag.py:545} INFO - Filling up the DagBag from /home/prabal/afenv/lib/python3.10/site-packages/airflow/example_dags/example_branch_operator_decorator.py
[2024-06-18T14:12:40.535+0545] {processor.py:840} INFO - DAG(s) 'example_branch_python_operator_decorator' retrieved from /home/prabal/afenv/lib/python3.10/site-packages/airflow/example_dags/example_branch_operator_decorator.py
[2024-06-18T14:12:40.557+0545] {logging_mixin.py:188} INFO - [2024-06-18T14:12:40.557+0545] {dag.py:3096} INFO - Sync 1 DAGs
[2024-06-18T14:12:40.578+0545] {logging_mixin.py:188} INFO - [2024-06-18T14:12:40.577+0545] {dag.py:3954} INFO - Setting next_dagrun for example_branch_python_operator_decorator to 2024-06-17 00:00:00+00:00, run_after=2024-06-18 00:00:00+00:00
[2024-06-18T14:12:40.611+0545] {processor.py:183} INFO - Processing /home/prabal/afenv/lib/python3.10/site-packages/airflow/example_dags/example_branch_operator_decorator.py took 0.147 seconds
[2024-06-18T14:13:30.532+0545] {processor.py:161} INFO - Started process (PID=23117) to work on /home/prabal/afenv/lib/python3.10/site-packages/airflow/example_dags/example_branch_operator_decorator.py
[2024-06-18T14:13:30.545+0545] {processor.py:830} INFO - Processing file /home/prabal/afenv/lib/python3.10/site-packages/airflow/example_dags/example_branch_operator_decorator.py for tasks to queue
[2024-06-18T14:13:30.548+0545] {logging_mixin.py:188} INFO - [2024-06-18T14:13:30.547+0545] {dagbag.py:545} INFO - Filling up the DagBag from /home/prabal/afenv/lib/python3.10/site-packages/airflow/example_dags/example_branch_operator_decorator.py
[2024-06-18T14:13:30.591+0545] {processor.py:840} INFO - DAG(s) 'example_branch_python_operator_decorator' retrieved from /home/prabal/afenv/lib/python3.10/site-packages/airflow/example_dags/example_branch_operator_decorator.py
[2024-06-18T14:13:30.613+0545] {logging_mixin.py:188} INFO - [2024-06-18T14:13:30.613+0545] {dag.py:3096} INFO - Sync 1 DAGs
[2024-06-18T14:13:30.631+0545] {logging_mixin.py:188} INFO - [2024-06-18T14:13:30.630+0545] {dag.py:3954} INFO - Setting next_dagrun for example_branch_python_operator_decorator to 2024-06-17 00:00:00+00:00, run_after=2024-06-18 00:00:00+00:00
[2024-06-18T14:13:30.659+0545] {processor.py:183} INFO - Processing /home/prabal/afenv/lib/python3.10/site-packages/airflow/example_dags/example_branch_operator_decorator.py took 0.146 seconds
[2024-06-18T14:14:23.254+0545] {processor.py:161} INFO - Started process (PID=23372) to work on /home/prabal/afenv/lib/python3.10/site-packages/airflow/example_dags/example_branch_operator_decorator.py
[2024-06-18T14:14:23.268+0545] {processor.py:830} INFO - Processing file /home/prabal/afenv/lib/python3.10/site-packages/airflow/example_dags/example_branch_operator_decorator.py for tasks to queue
[2024-06-18T14:14:23.271+0545] {logging_mixin.py:188} INFO - [2024-06-18T14:14:23.270+0545] {dagbag.py:545} INFO - Filling up the DagBag from /home/prabal/afenv/lib/python3.10/site-packages/airflow/example_dags/example_branch_operator_decorator.py
[2024-06-18T14:14:23.304+0545] {processor.py:840} INFO - DAG(s) 'example_branch_python_operator_decorator' retrieved from /home/prabal/afenv/lib/python3.10/site-packages/airflow/example_dags/example_branch_operator_decorator.py
[2024-06-18T14:14:23.326+0545] {logging_mixin.py:188} INFO - [2024-06-18T14:14:23.326+0545] {dag.py:3096} INFO - Sync 1 DAGs
[2024-06-18T14:14:23.345+0545] {logging_mixin.py:188} INFO - [2024-06-18T14:14:23.344+0545] {dag.py:3954} INFO - Setting next_dagrun for example_branch_python_operator_decorator to 2024-06-17 00:00:00+00:00, run_after=2024-06-18 00:00:00+00:00
[2024-06-18T14:14:23.364+0545] {processor.py:183} INFO - Processing /home/prabal/afenv/lib/python3.10/site-packages/airflow/example_dags/example_branch_operator_decorator.py took 0.124 seconds
[2024-06-18T14:15:24.097+0545] {processor.py:161} INFO - Started process (PID=23688) to work on /home/prabal/afenv/lib/python3.10/site-packages/airflow/example_dags/example_branch_operator_decorator.py
[2024-06-18T14:15:24.109+0545] {processor.py:830} INFO - Processing file /home/prabal/afenv/lib/python3.10/site-packages/airflow/example_dags/example_branch_operator_decorator.py for tasks to queue
[2024-06-18T14:15:24.111+0545] {logging_mixin.py:188} INFO - [2024-06-18T14:15:24.111+0545] {dagbag.py:545} INFO - Filling up the DagBag from /home/prabal/afenv/lib/python3.10/site-packages/airflow/example_dags/example_branch_operator_decorator.py
[2024-06-18T14:15:24.149+0545] {processor.py:840} INFO - DAG(s) 'example_branch_python_operator_decorator' retrieved from /home/prabal/afenv/lib/python3.10/site-packages/airflow/example_dags/example_branch_operator_decorator.py
[2024-06-18T14:15:24.196+0545] {logging_mixin.py:188} INFO - [2024-06-18T14:15:24.196+0545] {dag.py:3096} INFO - Sync 1 DAGs
[2024-06-18T14:15:24.232+0545] {logging_mixin.py:188} INFO - [2024-06-18T14:15:24.232+0545] {dag.py:3954} INFO - Setting next_dagrun for example_branch_python_operator_decorator to 2024-06-17 00:00:00+00:00, run_after=2024-06-18 00:00:00+00:00
[2024-06-18T14:15:24.280+0545] {processor.py:183} INFO - Processing /home/prabal/afenv/lib/python3.10/site-packages/airflow/example_dags/example_branch_operator_decorator.py took 0.189 seconds
[2024-06-18T14:16:24.836+0545] {processor.py:161} INFO - Started process (PID=23981) to work on /home/prabal/afenv/lib/python3.10/site-packages/airflow/example_dags/example_branch_operator_decorator.py
[2024-06-18T14:16:24.839+0545] {processor.py:830} INFO - Processing file /home/prabal/afenv/lib/python3.10/site-packages/airflow/example_dags/example_branch_operator_decorator.py for tasks to queue
[2024-06-18T14:16:24.842+0545] {logging_mixin.py:188} INFO - [2024-06-18T14:16:24.841+0545] {dagbag.py:545} INFO - Filling up the DagBag from /home/prabal/afenv/lib/python3.10/site-packages/airflow/example_dags/example_branch_operator_decorator.py
[2024-06-18T14:16:24.872+0545] {processor.py:840} INFO - DAG(s) 'example_branch_python_operator_decorator' retrieved from /home/prabal/afenv/lib/python3.10/site-packages/airflow/example_dags/example_branch_operator_decorator.py
[2024-06-18T14:16:24.895+0545] {logging_mixin.py:188} INFO - [2024-06-18T14:16:24.895+0545] {dag.py:3096} INFO - Sync 1 DAGs
[2024-06-18T14:16:24.914+0545] {logging_mixin.py:188} INFO - [2024-06-18T14:16:24.914+0545] {dag.py:3954} INFO - Setting next_dagrun for example_branch_python_operator_decorator to 2024-06-17 00:00:00+00:00, run_after=2024-06-18 00:00:00+00:00
[2024-06-18T14:16:24.936+0545] {processor.py:183} INFO - Processing /home/prabal/afenv/lib/python3.10/site-packages/airflow/example_dags/example_branch_operator_decorator.py took 0.111 seconds
[2024-06-18T14:17:18.540+0545] {processor.py:161} INFO - Started process (PID=24242) to work on /home/prabal/afenv/lib/python3.10/site-packages/airflow/example_dags/example_branch_operator_decorator.py
[2024-06-18T14:17:18.553+0545] {processor.py:830} INFO - Processing file /home/prabal/afenv/lib/python3.10/site-packages/airflow/example_dags/example_branch_operator_decorator.py for tasks to queue
[2024-06-18T14:17:18.557+0545] {logging_mixin.py:188} INFO - [2024-06-18T14:17:18.556+0545] {dagbag.py:545} INFO - Filling up the DagBag from /home/prabal/afenv/lib/python3.10/site-packages/airflow/example_dags/example_branch_operator_decorator.py
[2024-06-18T14:17:18.603+0545] {processor.py:840} INFO - DAG(s) 'example_branch_python_operator_decorator' retrieved from /home/prabal/afenv/lib/python3.10/site-packages/airflow/example_dags/example_branch_operator_decorator.py
[2024-06-18T14:17:18.642+0545] {logging_mixin.py:188} INFO - [2024-06-18T14:17:18.641+0545] {dag.py:3096} INFO - Sync 1 DAGs
[2024-06-18T14:17:18.659+0545] {logging_mixin.py:188} INFO - [2024-06-18T14:17:18.659+0545] {dag.py:3954} INFO - Setting next_dagrun for example_branch_python_operator_decorator to 2024-06-17 00:00:00+00:00, run_after=2024-06-18 00:00:00+00:00
[2024-06-18T14:17:18.690+0545] {processor.py:183} INFO - Processing /home/prabal/afenv/lib/python3.10/site-packages/airflow/example_dags/example_branch_operator_decorator.py took 0.163 seconds
[2024-06-18T14:18:14.105+0545] {processor.py:161} INFO - Started process (PID=24507) to work on /home/prabal/afenv/lib/python3.10/site-packages/airflow/example_dags/example_branch_operator_decorator.py
[2024-06-18T14:18:14.118+0545] {processor.py:830} INFO - Processing file /home/prabal/afenv/lib/python3.10/site-packages/airflow/example_dags/example_branch_operator_decorator.py for tasks to queue
[2024-06-18T14:18:14.121+0545] {logging_mixin.py:188} INFO - [2024-06-18T14:18:14.120+0545] {dagbag.py:545} INFO - Filling up the DagBag from /home/prabal/afenv/lib/python3.10/site-packages/airflow/example_dags/example_branch_operator_decorator.py
[2024-06-18T14:18:14.146+0545] {processor.py:840} INFO - DAG(s) 'example_branch_python_operator_decorator' retrieved from /home/prabal/afenv/lib/python3.10/site-packages/airflow/example_dags/example_branch_operator_decorator.py
[2024-06-18T14:18:14.169+0545] {logging_mixin.py:188} INFO - [2024-06-18T14:18:14.169+0545] {dag.py:3096} INFO - Sync 1 DAGs
[2024-06-18T14:18:14.194+0545] {logging_mixin.py:188} INFO - [2024-06-18T14:18:14.193+0545] {dag.py:3954} INFO - Setting next_dagrun for example_branch_python_operator_decorator to 2024-06-17 00:00:00+00:00, run_after=2024-06-18 00:00:00+00:00
[2024-06-18T14:18:14.219+0545] {processor.py:183} INFO - Processing /home/prabal/afenv/lib/python3.10/site-packages/airflow/example_dags/example_branch_operator_decorator.py took 0.127 seconds
[2024-06-18T14:19:09.688+0545] {processor.py:161} INFO - Started process (PID=24773) to work on /home/prabal/afenv/lib/python3.10/site-packages/airflow/example_dags/example_branch_operator_decorator.py
[2024-06-18T14:19:09.702+0545] {processor.py:830} INFO - Processing file /home/prabal/afenv/lib/python3.10/site-packages/airflow/example_dags/example_branch_operator_decorator.py for tasks to queue
[2024-06-18T14:19:09.705+0545] {logging_mixin.py:188} INFO - [2024-06-18T14:19:09.704+0545] {dagbag.py:545} INFO - Filling up the DagBag from /home/prabal/afenv/lib/python3.10/site-packages/airflow/example_dags/example_branch_operator_decorator.py
[2024-06-18T14:19:09.750+0545] {processor.py:840} INFO - DAG(s) 'example_branch_python_operator_decorator' retrieved from /home/prabal/afenv/lib/python3.10/site-packages/airflow/example_dags/example_branch_operator_decorator.py
[2024-06-18T14:19:09.788+0545] {logging_mixin.py:188} INFO - [2024-06-18T14:19:09.788+0545] {dag.py:3096} INFO - Sync 1 DAGs
[2024-06-18T14:19:09.828+0545] {logging_mixin.py:188} INFO - [2024-06-18T14:19:09.828+0545] {dag.py:3954} INFO - Setting next_dagrun for example_branch_python_operator_decorator to 2024-06-17 00:00:00+00:00, run_after=2024-06-18 00:00:00+00:00
[2024-06-18T14:19:09.875+0545] {processor.py:183} INFO - Processing /home/prabal/afenv/lib/python3.10/site-packages/airflow/example_dags/example_branch_operator_decorator.py took 0.201 seconds
[2024-06-18T14:20:03.827+0545] {processor.py:161} INFO - Started process (PID=25032) to work on /home/prabal/afenv/lib/python3.10/site-packages/airflow/example_dags/example_branch_operator_decorator.py
[2024-06-18T14:20:03.840+0545] {processor.py:830} INFO - Processing file /home/prabal/afenv/lib/python3.10/site-packages/airflow/example_dags/example_branch_operator_decorator.py for tasks to queue
[2024-06-18T14:20:03.842+0545] {logging_mixin.py:188} INFO - [2024-06-18T14:20:03.842+0545] {dagbag.py:545} INFO - Filling up the DagBag from /home/prabal/afenv/lib/python3.10/site-packages/airflow/example_dags/example_branch_operator_decorator.py
[2024-06-18T14:20:03.881+0545] {processor.py:840} INFO - DAG(s) 'example_branch_python_operator_decorator' retrieved from /home/prabal/afenv/lib/python3.10/site-packages/airflow/example_dags/example_branch_operator_decorator.py
[2024-06-18T14:20:03.916+0545] {logging_mixin.py:188} INFO - [2024-06-18T14:20:03.915+0545] {dag.py:3096} INFO - Sync 1 DAGs
[2024-06-18T14:20:03.933+0545] {logging_mixin.py:188} INFO - [2024-06-18T14:20:03.933+0545] {dag.py:3954} INFO - Setting next_dagrun for example_branch_python_operator_decorator to 2024-06-17 00:00:00+00:00, run_after=2024-06-18 00:00:00+00:00
[2024-06-18T14:20:03.955+0545] {processor.py:183} INFO - Processing /home/prabal/afenv/lib/python3.10/site-packages/airflow/example_dags/example_branch_operator_decorator.py took 0.146 seconds
[2024-06-18T14:20:55.770+0545] {processor.py:161} INFO - Started process (PID=25283) to work on /home/prabal/afenv/lib/python3.10/site-packages/airflow/example_dags/example_branch_operator_decorator.py
[2024-06-18T14:20:55.784+0545] {processor.py:830} INFO - Processing file /home/prabal/afenv/lib/python3.10/site-packages/airflow/example_dags/example_branch_operator_decorator.py for tasks to queue
[2024-06-18T14:20:55.787+0545] {logging_mixin.py:188} INFO - [2024-06-18T14:20:55.786+0545] {dagbag.py:545} INFO - Filling up the DagBag from /home/prabal/afenv/lib/python3.10/site-packages/airflow/example_dags/example_branch_operator_decorator.py
[2024-06-18T14:20:55.835+0545] {processor.py:840} INFO - DAG(s) 'example_branch_python_operator_decorator' retrieved from /home/prabal/afenv/lib/python3.10/site-packages/airflow/example_dags/example_branch_operator_decorator.py
[2024-06-18T14:20:55.867+0545] {logging_mixin.py:188} INFO - [2024-06-18T14:20:55.867+0545] {dag.py:3096} INFO - Sync 1 DAGs
[2024-06-18T14:20:55.888+0545] {logging_mixin.py:188} INFO - [2024-06-18T14:20:55.888+0545] {dag.py:3954} INFO - Setting next_dagrun for example_branch_python_operator_decorator to 2024-06-17 00:00:00+00:00, run_after=2024-06-18 00:00:00+00:00
[2024-06-18T14:20:55.933+0545] {processor.py:183} INFO - Processing /home/prabal/afenv/lib/python3.10/site-packages/airflow/example_dags/example_branch_operator_decorator.py took 0.178 seconds
[2024-06-18T14:21:49.166+0545] {processor.py:161} INFO - Started process (PID=25537) to work on /home/prabal/afenv/lib/python3.10/site-packages/airflow/example_dags/example_branch_operator_decorator.py
[2024-06-18T14:21:49.179+0545] {processor.py:830} INFO - Processing file /home/prabal/afenv/lib/python3.10/site-packages/airflow/example_dags/example_branch_operator_decorator.py for tasks to queue
[2024-06-18T14:21:49.182+0545] {logging_mixin.py:188} INFO - [2024-06-18T14:21:49.182+0545] {dagbag.py:545} INFO - Filling up the DagBag from /home/prabal/afenv/lib/python3.10/site-packages/airflow/example_dags/example_branch_operator_decorator.py
[2024-06-18T14:21:49.221+0545] {processor.py:840} INFO - DAG(s) 'example_branch_python_operator_decorator' retrieved from /home/prabal/afenv/lib/python3.10/site-packages/airflow/example_dags/example_branch_operator_decorator.py
[2024-06-18T14:21:49.243+0545] {logging_mixin.py:188} INFO - [2024-06-18T14:21:49.243+0545] {dag.py:3096} INFO - Sync 1 DAGs
[2024-06-18T14:21:49.262+0545] {logging_mixin.py:188} INFO - [2024-06-18T14:21:49.262+0545] {dag.py:3954} INFO - Setting next_dagrun for example_branch_python_operator_decorator to 2024-06-17 00:00:00+00:00, run_after=2024-06-18 00:00:00+00:00
[2024-06-18T14:21:49.281+0545] {processor.py:183} INFO - Processing /home/prabal/afenv/lib/python3.10/site-packages/airflow/example_dags/example_branch_operator_decorator.py took 0.129 seconds
[2024-06-18T14:22:44.571+0545] {processor.py:161} INFO - Started process (PID=25806) to work on /home/prabal/afenv/lib/python3.10/site-packages/airflow/example_dags/example_branch_operator_decorator.py
[2024-06-18T14:22:44.584+0545] {processor.py:830} INFO - Processing file /home/prabal/afenv/lib/python3.10/site-packages/airflow/example_dags/example_branch_operator_decorator.py for tasks to queue
[2024-06-18T14:22:44.588+0545] {logging_mixin.py:188} INFO - [2024-06-18T14:22:44.587+0545] {dagbag.py:545} INFO - Filling up the DagBag from /home/prabal/afenv/lib/python3.10/site-packages/airflow/example_dags/example_branch_operator_decorator.py
[2024-06-18T14:22:44.629+0545] {processor.py:840} INFO - DAG(s) 'example_branch_python_operator_decorator' retrieved from /home/prabal/afenv/lib/python3.10/site-packages/airflow/example_dags/example_branch_operator_decorator.py
[2024-06-18T14:22:44.681+0545] {logging_mixin.py:188} INFO - [2024-06-18T14:22:44.680+0545] {dag.py:3096} INFO - Sync 1 DAGs
[2024-06-18T14:22:44.704+0545] {logging_mixin.py:188} INFO - [2024-06-18T14:22:44.704+0545] {dag.py:3954} INFO - Setting next_dagrun for example_branch_python_operator_decorator to 2024-06-17 00:00:00+00:00, run_after=2024-06-18 00:00:00+00:00
[2024-06-18T14:22:44.734+0545] {processor.py:183} INFO - Processing /home/prabal/afenv/lib/python3.10/site-packages/airflow/example_dags/example_branch_operator_decorator.py took 0.178 seconds
[2024-06-18T14:23:37.300+0545] {processor.py:161} INFO - Started process (PID=26062) to work on /home/prabal/afenv/lib/python3.10/site-packages/airflow/example_dags/example_branch_operator_decorator.py
[2024-06-18T14:23:37.313+0545] {processor.py:830} INFO - Processing file /home/prabal/afenv/lib/python3.10/site-packages/airflow/example_dags/example_branch_operator_decorator.py for tasks to queue
[2024-06-18T14:23:37.317+0545] {logging_mixin.py:188} INFO - [2024-06-18T14:23:37.316+0545] {dagbag.py:545} INFO - Filling up the DagBag from /home/prabal/afenv/lib/python3.10/site-packages/airflow/example_dags/example_branch_operator_decorator.py
[2024-06-18T14:23:37.351+0545] {processor.py:840} INFO - DAG(s) 'example_branch_python_operator_decorator' retrieved from /home/prabal/afenv/lib/python3.10/site-packages/airflow/example_dags/example_branch_operator_decorator.py
[2024-06-18T14:23:37.373+0545] {logging_mixin.py:188} INFO - [2024-06-18T14:23:37.373+0545] {dag.py:3096} INFO - Sync 1 DAGs
[2024-06-18T14:23:37.391+0545] {logging_mixin.py:188} INFO - [2024-06-18T14:23:37.391+0545] {dag.py:3954} INFO - Setting next_dagrun for example_branch_python_operator_decorator to 2024-06-17 00:00:00+00:00, run_after=2024-06-18 00:00:00+00:00
[2024-06-18T14:23:37.409+0545] {processor.py:183} INFO - Processing /home/prabal/afenv/lib/python3.10/site-packages/airflow/example_dags/example_branch_operator_decorator.py took 0.126 seconds
[2024-06-18T17:15:54.552+0545] {processor.py:161} INFO - Started process (PID=4097) to work on /home/prabal/afenv/lib/python3.10/site-packages/airflow/example_dags/example_branch_operator_decorator.py
[2024-06-18T17:15:54.567+0545] {processor.py:830} INFO - Processing file /home/prabal/afenv/lib/python3.10/site-packages/airflow/example_dags/example_branch_operator_decorator.py for tasks to queue
[2024-06-18T17:15:54.570+0545] {logging_mixin.py:188} INFO - [2024-06-18T17:15:54.569+0545] {dagbag.py:545} INFO - Filling up the DagBag from /home/prabal/afenv/lib/python3.10/site-packages/airflow/example_dags/example_branch_operator_decorator.py
[2024-06-18T17:15:54.610+0545] {processor.py:840} INFO - DAG(s) 'example_branch_python_operator_decorator' retrieved from /home/prabal/afenv/lib/python3.10/site-packages/airflow/example_dags/example_branch_operator_decorator.py
[2024-06-18T17:15:54.628+0545] {logging_mixin.py:188} INFO - [2024-06-18T17:15:54.628+0545] {dag.py:3096} INFO - Sync 1 DAGs
[2024-06-18T17:15:54.659+0545] {logging_mixin.py:188} INFO - [2024-06-18T17:15:54.659+0545] {dag.py:3954} INFO - Setting next_dagrun for example_branch_python_operator_decorator to 2024-06-17 00:00:00+00:00, run_after=2024-06-18 00:00:00+00:00
[2024-06-18T17:15:54.705+0545] {processor.py:183} INFO - Processing /home/prabal/afenv/lib/python3.10/site-packages/airflow/example_dags/example_branch_operator_decorator.py took 0.165 seconds
[2024-06-18T17:17:38.446+0545] {processor.py:161} INFO - Started process (PID=4664) to work on /home/prabal/afenv/lib/python3.10/site-packages/airflow/example_dags/example_branch_operator_decorator.py
[2024-06-18T17:17:38.459+0545] {processor.py:830} INFO - Processing file /home/prabal/afenv/lib/python3.10/site-packages/airflow/example_dags/example_branch_operator_decorator.py for tasks to queue
[2024-06-18T17:17:38.461+0545] {logging_mixin.py:188} INFO - [2024-06-18T17:17:38.461+0545] {dagbag.py:545} INFO - Filling up the DagBag from /home/prabal/afenv/lib/python3.10/site-packages/airflow/example_dags/example_branch_operator_decorator.py
[2024-06-18T17:17:38.502+0545] {processor.py:840} INFO - DAG(s) 'example_branch_python_operator_decorator' retrieved from /home/prabal/afenv/lib/python3.10/site-packages/airflow/example_dags/example_branch_operator_decorator.py
[2024-06-18T17:17:38.662+0545] {logging_mixin.py:188} INFO - [2024-06-18T17:17:38.662+0545] {dag.py:3096} INFO - Sync 1 DAGs
[2024-06-18T17:17:38.687+0545] {logging_mixin.py:188} INFO - [2024-06-18T17:17:38.687+0545] {dag.py:3954} INFO - Setting next_dagrun for example_branch_python_operator_decorator to 2024-06-17 00:00:00+00:00, run_after=2024-06-18 00:00:00+00:00
[2024-06-18T17:17:38.730+0545] {processor.py:183} INFO - Processing /home/prabal/afenv/lib/python3.10/site-packages/airflow/example_dags/example_branch_operator_decorator.py took 0.297 seconds
[2024-06-18T17:18:38.664+0545] {processor.py:161} INFO - Started process (PID=5183) to work on /home/prabal/afenv/lib/python3.10/site-packages/airflow/example_dags/example_branch_operator_decorator.py
[2024-06-18T17:18:38.666+0545] {processor.py:830} INFO - Processing file /home/prabal/afenv/lib/python3.10/site-packages/airflow/example_dags/example_branch_operator_decorator.py for tasks to queue
[2024-06-18T17:18:38.669+0545] {logging_mixin.py:188} INFO - [2024-06-18T17:18:38.668+0545] {dagbag.py:545} INFO - Filling up the DagBag from /home/prabal/afenv/lib/python3.10/site-packages/airflow/example_dags/example_branch_operator_decorator.py
[2024-06-18T17:18:38.714+0545] {processor.py:840} INFO - DAG(s) 'example_branch_python_operator_decorator' retrieved from /home/prabal/afenv/lib/python3.10/site-packages/airflow/example_dags/example_branch_operator_decorator.py
[2024-06-18T17:18:38.846+0545] {logging_mixin.py:188} INFO - [2024-06-18T17:18:38.846+0545] {dag.py:3096} INFO - Sync 1 DAGs
[2024-06-18T17:18:38.867+0545] {logging_mixin.py:188} INFO - [2024-06-18T17:18:38.867+0545] {dag.py:3954} INFO - Setting next_dagrun for example_branch_python_operator_decorator to 2024-06-17 00:00:00+00:00, run_after=2024-06-18 00:00:00+00:00
[2024-06-18T17:18:38.912+0545] {processor.py:183} INFO - Processing /home/prabal/afenv/lib/python3.10/site-packages/airflow/example_dags/example_branch_operator_decorator.py took 0.262 seconds
[2024-06-18T17:19:37.653+0545] {processor.py:161} INFO - Started process (PID=5657) to work on /home/prabal/afenv/lib/python3.10/site-packages/airflow/example_dags/example_branch_operator_decorator.py
[2024-06-18T17:19:37.666+0545] {processor.py:830} INFO - Processing file /home/prabal/afenv/lib/python3.10/site-packages/airflow/example_dags/example_branch_operator_decorator.py for tasks to queue
[2024-06-18T17:19:37.668+0545] {logging_mixin.py:188} INFO - [2024-06-18T17:19:37.667+0545] {dagbag.py:545} INFO - Filling up the DagBag from /home/prabal/afenv/lib/python3.10/site-packages/airflow/example_dags/example_branch_operator_decorator.py
[2024-06-18T17:19:37.704+0545] {processor.py:840} INFO - DAG(s) 'example_branch_python_operator_decorator' retrieved from /home/prabal/afenv/lib/python3.10/site-packages/airflow/example_dags/example_branch_operator_decorator.py
[2024-06-18T17:19:37.759+0545] {logging_mixin.py:188} INFO - [2024-06-18T17:19:37.759+0545] {dag.py:3096} INFO - Sync 1 DAGs
[2024-06-18T17:19:37.801+0545] {logging_mixin.py:188} INFO - [2024-06-18T17:19:37.801+0545] {dag.py:3954} INFO - Setting next_dagrun for example_branch_python_operator_decorator to 2024-06-17 00:00:00+00:00, run_after=2024-06-18 00:00:00+00:00
[2024-06-18T17:19:37.852+0545] {processor.py:183} INFO - Processing /home/prabal/afenv/lib/python3.10/site-packages/airflow/example_dags/example_branch_operator_decorator.py took 0.212 seconds
[2024-06-18T17:20:30.917+0545] {processor.py:161} INFO - Started process (PID=6461) to work on /home/prabal/afenv/lib/python3.10/site-packages/airflow/example_dags/example_branch_operator_decorator.py
[2024-06-18T17:20:30.920+0545] {processor.py:830} INFO - Processing file /home/prabal/afenv/lib/python3.10/site-packages/airflow/example_dags/example_branch_operator_decorator.py for tasks to queue
[2024-06-18T17:20:30.922+0545] {logging_mixin.py:188} INFO - [2024-06-18T17:20:30.921+0545] {dagbag.py:545} INFO - Filling up the DagBag from /home/prabal/afenv/lib/python3.10/site-packages/airflow/example_dags/example_branch_operator_decorator.py
[2024-06-18T17:20:30.959+0545] {processor.py:840} INFO - DAG(s) 'example_branch_python_operator_decorator' retrieved from /home/prabal/afenv/lib/python3.10/site-packages/airflow/example_dags/example_branch_operator_decorator.py
[2024-06-18T17:20:30.984+0545] {logging_mixin.py:188} INFO - [2024-06-18T17:20:30.983+0545] {dag.py:3096} INFO - Sync 1 DAGs
[2024-06-18T17:20:31.002+0545] {logging_mixin.py:188} INFO - [2024-06-18T17:20:31.002+0545] {dag.py:3954} INFO - Setting next_dagrun for example_branch_python_operator_decorator to 2024-06-17 00:00:00+00:00, run_after=2024-06-18 00:00:00+00:00
[2024-06-18T17:20:31.023+0545] {processor.py:183} INFO - Processing /home/prabal/afenv/lib/python3.10/site-packages/airflow/example_dags/example_branch_operator_decorator.py took 0.118 seconds
[2024-06-18T17:22:04.947+0545] {processor.py:161} INFO - Started process (PID=7026) to work on /home/prabal/afenv/lib/python3.10/site-packages/airflow/example_dags/example_branch_operator_decorator.py
[2024-06-18T17:22:04.960+0545] {processor.py:830} INFO - Processing file /home/prabal/afenv/lib/python3.10/site-packages/airflow/example_dags/example_branch_operator_decorator.py for tasks to queue
[2024-06-18T17:22:04.964+0545] {logging_mixin.py:188} INFO - [2024-06-18T17:22:04.963+0545] {dagbag.py:545} INFO - Filling up the DagBag from /home/prabal/afenv/lib/python3.10/site-packages/airflow/example_dags/example_branch_operator_decorator.py
[2024-06-18T17:22:05.033+0545] {processor.py:840} INFO - DAG(s) 'example_branch_python_operator_decorator' retrieved from /home/prabal/afenv/lib/python3.10/site-packages/airflow/example_dags/example_branch_operator_decorator.py
[2024-06-18T17:22:05.051+0545] {logging_mixin.py:188} INFO - [2024-06-18T17:22:05.050+0545] {dag.py:3096} INFO - Sync 1 DAGs
[2024-06-18T17:22:05.084+0545] {logging_mixin.py:188} INFO - [2024-06-18T17:22:05.084+0545] {dag.py:3954} INFO - Setting next_dagrun for example_branch_python_operator_decorator to 2024-06-17 00:00:00+00:00, run_after=2024-06-18 00:00:00+00:00
[2024-06-18T17:22:05.124+0545] {processor.py:183} INFO - Processing /home/prabal/afenv/lib/python3.10/site-packages/airflow/example_dags/example_branch_operator_decorator.py took 0.188 seconds
[2024-06-18T17:23:13.002+0545] {processor.py:161} INFO - Started process (PID=7379) to work on /home/prabal/afenv/lib/python3.10/site-packages/airflow/example_dags/example_branch_operator_decorator.py
[2024-06-18T17:23:13.005+0545] {processor.py:830} INFO - Processing file /home/prabal/afenv/lib/python3.10/site-packages/airflow/example_dags/example_branch_operator_decorator.py for tasks to queue
[2024-06-18T17:23:13.008+0545] {logging_mixin.py:188} INFO - [2024-06-18T17:23:13.007+0545] {dagbag.py:545} INFO - Filling up the DagBag from /home/prabal/afenv/lib/python3.10/site-packages/airflow/example_dags/example_branch_operator_decorator.py
[2024-06-18T17:23:13.047+0545] {processor.py:840} INFO - DAG(s) 'example_branch_python_operator_decorator' retrieved from /home/prabal/afenv/lib/python3.10/site-packages/airflow/example_dags/example_branch_operator_decorator.py
[2024-06-18T17:23:13.231+0545] {logging_mixin.py:188} INFO - [2024-06-18T17:23:13.231+0545] {dag.py:3096} INFO - Sync 1 DAGs
[2024-06-18T17:23:13.245+0545] {logging_mixin.py:188} INFO - [2024-06-18T17:23:13.245+0545] {dag.py:3954} INFO - Setting next_dagrun for example_branch_python_operator_decorator to 2024-06-17 00:00:00+00:00, run_after=2024-06-18 00:00:00+00:00
[2024-06-18T17:23:13.266+0545] {processor.py:183} INFO - Processing /home/prabal/afenv/lib/python3.10/site-packages/airflow/example_dags/example_branch_operator_decorator.py took 0.275 seconds
