[2024-06-18T13:42:48.558+0545] {processor.py:161} INFO - Started process (PID=14277) to work on /home/prabal/afenv/lib/python3.10/site-packages/airflow/example_dags/example_task_group.py
[2024-06-18T13:42:48.560+0545] {processor.py:830} INFO - Processing file /home/prabal/afenv/lib/python3.10/site-packages/airflow/example_dags/example_task_group.py for tasks to queue
[2024-06-18T13:42:48.563+0545] {logging_mixin.py:188} INFO - [2024-06-18T13:42:48.562+0545] {dagbag.py:545} INFO - Filling up the DagBag from /home/prabal/afenv/lib/python3.10/site-packages/airflow/example_dags/example_task_group.py
[2024-06-18T13:42:48.573+0545] {processor.py:840} INFO - DAG(s) 'example_task_group' retrieved from /home/prabal/afenv/lib/python3.10/site-packages/airflow/example_dags/example_task_group.py
[2024-06-18T13:42:48.712+0545] {logging_mixin.py:188} INFO - [2024-06-18T13:42:48.711+0545] {override.py:1829} INFO - Created Permission View: can read on DAG:example_task_group
[2024-06-18T13:42:48.720+0545] {logging_mixin.py:188} INFO - [2024-06-18T13:42:48.720+0545] {override.py:1829} INFO - Created Permission View: can edit on DAG:example_task_group
[2024-06-18T13:42:48.727+0545] {logging_mixin.py:188} INFO - [2024-06-18T13:42:48.726+0545] {override.py:1829} INFO - Created Permission View: can delete on DAG:example_task_group
[2024-06-18T13:42:48.727+0545] {logging_mixin.py:188} INFO - [2024-06-18T13:42:48.727+0545] {dag.py:3096} INFO - Sync 1 DAGs
[2024-06-18T13:42:48.737+0545] {logging_mixin.py:188} INFO - [2024-06-18T13:42:48.736+0545] {dag.py:3118} INFO - Creating ORM DAG for example_task_group
[2024-06-18T13:42:48.828+0545] {logging_mixin.py:188} INFO - [2024-06-18T13:42:48.827+0545] {dag.py:3954} INFO - Setting next_dagrun for example_task_group to 2024-06-17 00:00:00+00:00, run_after=2024-06-18 00:00:00+00:00
[2024-06-18T13:42:48.870+0545] {processor.py:183} INFO - Processing /home/prabal/afenv/lib/python3.10/site-packages/airflow/example_dags/example_task_group.py took 0.327 seconds
[2024-06-18T13:43:46.515+0545] {processor.py:161} INFO - Started process (PID=14570) to work on /home/prabal/afenv/lib/python3.10/site-packages/airflow/example_dags/example_task_group.py
[2024-06-18T13:43:46.516+0545] {processor.py:830} INFO - Processing file /home/prabal/afenv/lib/python3.10/site-packages/airflow/example_dags/example_task_group.py for tasks to queue
[2024-06-18T13:43:46.519+0545] {logging_mixin.py:188} INFO - [2024-06-18T13:43:46.518+0545] {dagbag.py:545} INFO - Filling up the DagBag from /home/prabal/afenv/lib/python3.10/site-packages/airflow/example_dags/example_task_group.py
[2024-06-18T13:43:46.528+0545] {processor.py:840} INFO - DAG(s) 'example_task_group' retrieved from /home/prabal/afenv/lib/python3.10/site-packages/airflow/example_dags/example_task_group.py
[2024-06-18T13:43:46.547+0545] {logging_mixin.py:188} INFO - [2024-06-18T13:43:46.547+0545] {dag.py:3096} INFO - Sync 1 DAGs
[2024-06-18T13:43:46.564+0545] {logging_mixin.py:188} INFO - [2024-06-18T13:43:46.564+0545] {dag.py:3954} INFO - Setting next_dagrun for example_task_group to 2024-06-17 00:00:00+00:00, run_after=2024-06-18 00:00:00+00:00
[2024-06-18T13:43:46.582+0545] {processor.py:183} INFO - Processing /home/prabal/afenv/lib/python3.10/site-packages/airflow/example_dags/example_task_group.py took 0.074 seconds
[2024-06-18T13:44:50.364+0545] {processor.py:161} INFO - Started process (PID=14876) to work on /home/prabal/afenv/lib/python3.10/site-packages/airflow/example_dags/example_task_group.py
[2024-06-18T13:44:50.367+0545] {processor.py:830} INFO - Processing file /home/prabal/afenv/lib/python3.10/site-packages/airflow/example_dags/example_task_group.py for tasks to queue
[2024-06-18T13:44:50.370+0545] {logging_mixin.py:188} INFO - [2024-06-18T13:44:50.369+0545] {dagbag.py:545} INFO - Filling up the DagBag from /home/prabal/afenv/lib/python3.10/site-packages/airflow/example_dags/example_task_group.py
[2024-06-18T13:44:50.384+0545] {processor.py:840} INFO - DAG(s) 'example_task_group' retrieved from /home/prabal/afenv/lib/python3.10/site-packages/airflow/example_dags/example_task_group.py
[2024-06-18T13:44:50.410+0545] {logging_mixin.py:188} INFO - [2024-06-18T13:44:50.409+0545] {dag.py:3096} INFO - Sync 1 DAGs
[2024-06-18T13:44:50.444+0545] {logging_mixin.py:188} INFO - [2024-06-18T13:44:50.443+0545] {dag.py:3954} INFO - Setting next_dagrun for example_task_group to 2024-06-17 00:00:00+00:00, run_after=2024-06-18 00:00:00+00:00
[2024-06-18T13:44:50.485+0545] {processor.py:183} INFO - Processing /home/prabal/afenv/lib/python3.10/site-packages/airflow/example_dags/example_task_group.py took 0.137 seconds
[2024-06-18T13:45:47.387+0545] {processor.py:161} INFO - Started process (PID=15149) to work on /home/prabal/afenv/lib/python3.10/site-packages/airflow/example_dags/example_task_group.py
[2024-06-18T13:45:47.389+0545] {processor.py:830} INFO - Processing file /home/prabal/afenv/lib/python3.10/site-packages/airflow/example_dags/example_task_group.py for tasks to queue
[2024-06-18T13:45:47.392+0545] {logging_mixin.py:188} INFO - [2024-06-18T13:45:47.391+0545] {dagbag.py:545} INFO - Filling up the DagBag from /home/prabal/afenv/lib/python3.10/site-packages/airflow/example_dags/example_task_group.py
[2024-06-18T13:45:47.408+0545] {processor.py:840} INFO - DAG(s) 'example_task_group' retrieved from /home/prabal/afenv/lib/python3.10/site-packages/airflow/example_dags/example_task_group.py
[2024-06-18T13:45:47.451+0545] {logging_mixin.py:188} INFO - [2024-06-18T13:45:47.450+0545] {dag.py:3096} INFO - Sync 1 DAGs
[2024-06-18T13:45:47.480+0545] {logging_mixin.py:188} INFO - [2024-06-18T13:45:47.479+0545] {dag.py:3954} INFO - Setting next_dagrun for example_task_group to 2024-06-17 00:00:00+00:00, run_after=2024-06-18 00:00:00+00:00
[2024-06-18T13:45:47.509+0545] {processor.py:183} INFO - Processing /home/prabal/afenv/lib/python3.10/site-packages/airflow/example_dags/example_task_group.py took 0.135 seconds
[2024-06-18T13:46:40.954+0545] {processor.py:161} INFO - Started process (PID=15410) to work on /home/prabal/afenv/lib/python3.10/site-packages/airflow/example_dags/example_task_group.py
[2024-06-18T13:46:40.958+0545] {processor.py:830} INFO - Processing file /home/prabal/afenv/lib/python3.10/site-packages/airflow/example_dags/example_task_group.py for tasks to queue
[2024-06-18T13:46:40.962+0545] {logging_mixin.py:188} INFO - [2024-06-18T13:46:40.961+0545] {dagbag.py:545} INFO - Filling up the DagBag from /home/prabal/afenv/lib/python3.10/site-packages/airflow/example_dags/example_task_group.py
[2024-06-18T13:46:40.978+0545] {processor.py:840} INFO - DAG(s) 'example_task_group' retrieved from /home/prabal/afenv/lib/python3.10/site-packages/airflow/example_dags/example_task_group.py
[2024-06-18T13:46:40.998+0545] {logging_mixin.py:188} INFO - [2024-06-18T13:46:40.998+0545] {dag.py:3096} INFO - Sync 1 DAGs
[2024-06-18T13:46:41.016+0545] {logging_mixin.py:188} INFO - [2024-06-18T13:46:41.016+0545] {dag.py:3954} INFO - Setting next_dagrun for example_task_group to 2024-06-17 00:00:00+00:00, run_after=2024-06-18 00:00:00+00:00
[2024-06-18T13:46:41.033+0545] {processor.py:183} INFO - Processing /home/prabal/afenv/lib/python3.10/site-packages/airflow/example_dags/example_task_group.py took 0.094 seconds
[2024-06-18T13:47:32.815+0545] {processor.py:161} INFO - Started process (PID=15659) to work on /home/prabal/afenv/lib/python3.10/site-packages/airflow/example_dags/example_task_group.py
[2024-06-18T13:47:32.828+0545] {processor.py:830} INFO - Processing file /home/prabal/afenv/lib/python3.10/site-packages/airflow/example_dags/example_task_group.py for tasks to queue
[2024-06-18T13:47:32.831+0545] {logging_mixin.py:188} INFO - [2024-06-18T13:47:32.830+0545] {dagbag.py:545} INFO - Filling up the DagBag from /home/prabal/afenv/lib/python3.10/site-packages/airflow/example_dags/example_task_group.py
[2024-06-18T13:47:32.845+0545] {processor.py:840} INFO - DAG(s) 'example_task_group' retrieved from /home/prabal/afenv/lib/python3.10/site-packages/airflow/example_dags/example_task_group.py
[2024-06-18T13:47:32.862+0545] {logging_mixin.py:188} INFO - [2024-06-18T13:47:32.862+0545] {dag.py:3096} INFO - Sync 1 DAGs
[2024-06-18T13:47:32.880+0545] {logging_mixin.py:188} INFO - [2024-06-18T13:47:32.879+0545] {dag.py:3954} INFO - Setting next_dagrun for example_task_group to 2024-06-17 00:00:00+00:00, run_after=2024-06-18 00:00:00+00:00
[2024-06-18T13:47:32.897+0545] {processor.py:183} INFO - Processing /home/prabal/afenv/lib/python3.10/site-packages/airflow/example_dags/example_task_group.py took 0.098 seconds
[2024-06-18T13:48:24.729+0545] {processor.py:161} INFO - Started process (PID=15915) to work on /home/prabal/afenv/lib/python3.10/site-packages/airflow/example_dags/example_task_group.py
[2024-06-18T13:48:24.742+0545] {processor.py:830} INFO - Processing file /home/prabal/afenv/lib/python3.10/site-packages/airflow/example_dags/example_task_group.py for tasks to queue
[2024-06-18T13:48:24.745+0545] {logging_mixin.py:188} INFO - [2024-06-18T13:48:24.745+0545] {dagbag.py:545} INFO - Filling up the DagBag from /home/prabal/afenv/lib/python3.10/site-packages/airflow/example_dags/example_task_group.py
[2024-06-18T13:48:24.759+0545] {processor.py:840} INFO - DAG(s) 'example_task_group' retrieved from /home/prabal/afenv/lib/python3.10/site-packages/airflow/example_dags/example_task_group.py
[2024-06-18T13:48:24.786+0545] {logging_mixin.py:188} INFO - [2024-06-18T13:48:24.786+0545] {dag.py:3096} INFO - Sync 1 DAGs
[2024-06-18T13:48:24.806+0545] {logging_mixin.py:188} INFO - [2024-06-18T13:48:24.806+0545] {dag.py:3954} INFO - Setting next_dagrun for example_task_group to 2024-06-17 00:00:00+00:00, run_after=2024-06-18 00:00:00+00:00
[2024-06-18T13:48:24.838+0545] {processor.py:183} INFO - Processing /home/prabal/afenv/lib/python3.10/site-packages/airflow/example_dags/example_task_group.py took 0.122 seconds
[2024-06-18T13:50:09.635+0545] {processor.py:161} INFO - Started process (PID=16439) to work on /home/prabal/afenv/lib/python3.10/site-packages/airflow/example_dags/example_task_group.py
[2024-06-18T13:50:09.648+0545] {processor.py:830} INFO - Processing file /home/prabal/afenv/lib/python3.10/site-packages/airflow/example_dags/example_task_group.py for tasks to queue
[2024-06-18T13:50:09.650+0545] {logging_mixin.py:188} INFO - [2024-06-18T13:50:09.650+0545] {dagbag.py:545} INFO - Filling up the DagBag from /home/prabal/afenv/lib/python3.10/site-packages/airflow/example_dags/example_task_group.py
[2024-06-18T13:50:09.660+0545] {processor.py:840} INFO - DAG(s) 'example_task_group' retrieved from /home/prabal/afenv/lib/python3.10/site-packages/airflow/example_dags/example_task_group.py
[2024-06-18T13:50:09.679+0545] {logging_mixin.py:188} INFO - [2024-06-18T13:50:09.678+0545] {dag.py:3096} INFO - Sync 1 DAGs
[2024-06-18T13:50:09.701+0545] {logging_mixin.py:188} INFO - [2024-06-18T13:50:09.701+0545] {dag.py:3954} INFO - Setting next_dagrun for example_task_group to 2024-06-17 00:00:00+00:00, run_after=2024-06-18 00:00:00+00:00
[2024-06-18T13:50:09.734+0545] {processor.py:183} INFO - Processing /home/prabal/afenv/lib/python3.10/site-packages/airflow/example_dags/example_task_group.py took 0.113 seconds
[2024-06-18T13:51:54.825+0545] {processor.py:161} INFO - Started process (PID=16974) to work on /home/prabal/afenv/lib/python3.10/site-packages/airflow/example_dags/example_task_group.py
[2024-06-18T13:51:54.838+0545] {processor.py:830} INFO - Processing file /home/prabal/afenv/lib/python3.10/site-packages/airflow/example_dags/example_task_group.py for tasks to queue
[2024-06-18T13:51:54.841+0545] {logging_mixin.py:188} INFO - [2024-06-18T13:51:54.840+0545] {dagbag.py:545} INFO - Filling up the DagBag from /home/prabal/afenv/lib/python3.10/site-packages/airflow/example_dags/example_task_group.py
[2024-06-18T13:51:54.853+0545] {processor.py:840} INFO - DAG(s) 'example_task_group' retrieved from /home/prabal/afenv/lib/python3.10/site-packages/airflow/example_dags/example_task_group.py
[2024-06-18T13:51:54.872+0545] {logging_mixin.py:188} INFO - [2024-06-18T13:51:54.872+0545] {dag.py:3096} INFO - Sync 1 DAGs
[2024-06-18T13:51:54.896+0545] {logging_mixin.py:188} INFO - [2024-06-18T13:51:54.896+0545] {dag.py:3954} INFO - Setting next_dagrun for example_task_group to 2024-06-17 00:00:00+00:00, run_after=2024-06-18 00:00:00+00:00
[2024-06-18T13:51:54.923+0545] {processor.py:183} INFO - Processing /home/prabal/afenv/lib/python3.10/site-packages/airflow/example_dags/example_task_group.py took 0.113 seconds
[2024-06-18T13:53:06.999+0545] {processor.py:161} INFO - Started process (PID=17374) to work on /home/prabal/afenv/lib/python3.10/site-packages/airflow/example_dags/example_task_group.py
[2024-06-18T13:53:07.013+0545] {processor.py:830} INFO - Processing file /home/prabal/afenv/lib/python3.10/site-packages/airflow/example_dags/example_task_group.py for tasks to queue
[2024-06-18T13:53:07.016+0545] {logging_mixin.py:188} INFO - [2024-06-18T13:53:07.016+0545] {dagbag.py:545} INFO - Filling up the DagBag from /home/prabal/afenv/lib/python3.10/site-packages/airflow/example_dags/example_task_group.py
[2024-06-18T13:53:07.032+0545] {processor.py:840} INFO - DAG(s) 'example_task_group' retrieved from /home/prabal/afenv/lib/python3.10/site-packages/airflow/example_dags/example_task_group.py
[2024-06-18T13:53:07.065+0545] {logging_mixin.py:188} INFO - [2024-06-18T13:53:07.065+0545] {dag.py:3096} INFO - Sync 1 DAGs
[2024-06-18T13:53:07.097+0545] {logging_mixin.py:188} INFO - [2024-06-18T13:53:07.097+0545] {dag.py:3954} INFO - Setting next_dagrun for example_task_group to 2024-06-17 00:00:00+00:00, run_after=2024-06-18 00:00:00+00:00
[2024-06-18T13:53:07.140+0545] {processor.py:183} INFO - Processing /home/prabal/afenv/lib/python3.10/site-packages/airflow/example_dags/example_task_group.py took 0.152 seconds
[2024-06-18T13:54:10.554+0545] {processor.py:161} INFO - Started process (PID=17681) to work on /home/prabal/afenv/lib/python3.10/site-packages/airflow/example_dags/example_task_group.py
[2024-06-18T13:54:10.566+0545] {processor.py:830} INFO - Processing file /home/prabal/afenv/lib/python3.10/site-packages/airflow/example_dags/example_task_group.py for tasks to queue
[2024-06-18T13:54:10.569+0545] {logging_mixin.py:188} INFO - [2024-06-18T13:54:10.568+0545] {dagbag.py:545} INFO - Filling up the DagBag from /home/prabal/afenv/lib/python3.10/site-packages/airflow/example_dags/example_task_group.py
[2024-06-18T13:54:10.586+0545] {processor.py:840} INFO - DAG(s) 'example_task_group' retrieved from /home/prabal/afenv/lib/python3.10/site-packages/airflow/example_dags/example_task_group.py
[2024-06-18T13:54:10.617+0545] {logging_mixin.py:188} INFO - [2024-06-18T13:54:10.616+0545] {dag.py:3096} INFO - Sync 1 DAGs
[2024-06-18T13:54:10.635+0545] {logging_mixin.py:188} INFO - [2024-06-18T13:54:10.634+0545] {dag.py:3954} INFO - Setting next_dagrun for example_task_group to 2024-06-17 00:00:00+00:00, run_after=2024-06-18 00:00:00+00:00
[2024-06-18T13:54:10.655+0545] {processor.py:183} INFO - Processing /home/prabal/afenv/lib/python3.10/site-packages/airflow/example_dags/example_task_group.py took 0.114 seconds
[2024-06-18T13:55:00.595+0545] {processor.py:161} INFO - Started process (PID=17924) to work on /home/prabal/afenv/lib/python3.10/site-packages/airflow/example_dags/example_task_group.py
[2024-06-18T13:55:00.597+0545] {processor.py:830} INFO - Processing file /home/prabal/afenv/lib/python3.10/site-packages/airflow/example_dags/example_task_group.py for tasks to queue
[2024-06-18T13:55:00.599+0545] {logging_mixin.py:188} INFO - [2024-06-18T13:55:00.598+0545] {dagbag.py:545} INFO - Filling up the DagBag from /home/prabal/afenv/lib/python3.10/site-packages/airflow/example_dags/example_task_group.py
[2024-06-18T13:55:00.608+0545] {processor.py:840} INFO - DAG(s) 'example_task_group' retrieved from /home/prabal/afenv/lib/python3.10/site-packages/airflow/example_dags/example_task_group.py
[2024-06-18T13:55:00.627+0545] {logging_mixin.py:188} INFO - [2024-06-18T13:55:00.626+0545] {dag.py:3096} INFO - Sync 1 DAGs
[2024-06-18T13:55:00.653+0545] {logging_mixin.py:188} INFO - [2024-06-18T13:55:00.652+0545] {dag.py:3954} INFO - Setting next_dagrun for example_task_group to 2024-06-17 00:00:00+00:00, run_after=2024-06-18 00:00:00+00:00
[2024-06-18T13:55:00.680+0545] {processor.py:183} INFO - Processing /home/prabal/afenv/lib/python3.10/site-packages/airflow/example_dags/example_task_group.py took 0.097 seconds
[2024-06-18T13:56:10.771+0545] {processor.py:161} INFO - Started process (PID=18285) to work on /home/prabal/afenv/lib/python3.10/site-packages/airflow/example_dags/example_task_group.py
[2024-06-18T13:56:10.784+0545] {processor.py:830} INFO - Processing file /home/prabal/afenv/lib/python3.10/site-packages/airflow/example_dags/example_task_group.py for tasks to queue
[2024-06-18T13:56:10.788+0545] {logging_mixin.py:188} INFO - [2024-06-18T13:56:10.787+0545] {dagbag.py:545} INFO - Filling up the DagBag from /home/prabal/afenv/lib/python3.10/site-packages/airflow/example_dags/example_task_group.py
[2024-06-18T13:56:10.806+0545] {processor.py:840} INFO - DAG(s) 'example_task_group' retrieved from /home/prabal/afenv/lib/python3.10/site-packages/airflow/example_dags/example_task_group.py
[2024-06-18T13:56:10.829+0545] {logging_mixin.py:188} INFO - [2024-06-18T13:56:10.829+0545] {dag.py:3096} INFO - Sync 1 DAGs
[2024-06-18T13:56:10.846+0545] {logging_mixin.py:188} INFO - [2024-06-18T13:56:10.845+0545] {dag.py:3954} INFO - Setting next_dagrun for example_task_group to 2024-06-17 00:00:00+00:00, run_after=2024-06-18 00:00:00+00:00
[2024-06-18T13:56:10.886+0545] {processor.py:183} INFO - Processing /home/prabal/afenv/lib/python3.10/site-packages/airflow/example_dags/example_task_group.py took 0.128 seconds
[2024-06-18T13:57:03.320+0545] {processor.py:161} INFO - Started process (PID=18538) to work on /home/prabal/afenv/lib/python3.10/site-packages/airflow/example_dags/example_task_group.py
[2024-06-18T13:57:03.334+0545] {processor.py:830} INFO - Processing file /home/prabal/afenv/lib/python3.10/site-packages/airflow/example_dags/example_task_group.py for tasks to queue
[2024-06-18T13:57:03.338+0545] {logging_mixin.py:188} INFO - [2024-06-18T13:57:03.337+0545] {dagbag.py:545} INFO - Filling up the DagBag from /home/prabal/afenv/lib/python3.10/site-packages/airflow/example_dags/example_task_group.py
[2024-06-18T13:57:03.355+0545] {processor.py:840} INFO - DAG(s) 'example_task_group' retrieved from /home/prabal/afenv/lib/python3.10/site-packages/airflow/example_dags/example_task_group.py
[2024-06-18T13:57:03.392+0545] {logging_mixin.py:188} INFO - [2024-06-18T13:57:03.391+0545] {dag.py:3096} INFO - Sync 1 DAGs
[2024-06-18T13:57:03.413+0545] {logging_mixin.py:188} INFO - [2024-06-18T13:57:03.412+0545] {dag.py:3954} INFO - Setting next_dagrun for example_task_group to 2024-06-17 00:00:00+00:00, run_after=2024-06-18 00:00:00+00:00
[2024-06-18T13:57:03.435+0545] {processor.py:183} INFO - Processing /home/prabal/afenv/lib/python3.10/site-packages/airflow/example_dags/example_task_group.py took 0.131 seconds
[2024-06-18T13:57:54.413+0545] {processor.py:161} INFO - Started process (PID=18790) to work on /home/prabal/afenv/lib/python3.10/site-packages/airflow/example_dags/example_task_group.py
[2024-06-18T13:57:54.416+0545] {processor.py:830} INFO - Processing file /home/prabal/afenv/lib/python3.10/site-packages/airflow/example_dags/example_task_group.py for tasks to queue
[2024-06-18T13:57:54.418+0545] {logging_mixin.py:188} INFO - [2024-06-18T13:57:54.417+0545] {dagbag.py:545} INFO - Filling up the DagBag from /home/prabal/afenv/lib/python3.10/site-packages/airflow/example_dags/example_task_group.py
[2024-06-18T13:57:54.429+0545] {processor.py:840} INFO - DAG(s) 'example_task_group' retrieved from /home/prabal/afenv/lib/python3.10/site-packages/airflow/example_dags/example_task_group.py
[2024-06-18T13:57:54.450+0545] {logging_mixin.py:188} INFO - [2024-06-18T13:57:54.449+0545] {dag.py:3096} INFO - Sync 1 DAGs
[2024-06-18T13:57:54.476+0545] {logging_mixin.py:188} INFO - [2024-06-18T13:57:54.476+0545] {dag.py:3954} INFO - Setting next_dagrun for example_task_group to 2024-06-17 00:00:00+00:00, run_after=2024-06-18 00:00:00+00:00
[2024-06-18T13:57:54.502+0545] {processor.py:183} INFO - Processing /home/prabal/afenv/lib/python3.10/site-packages/airflow/example_dags/example_task_group.py took 0.098 seconds
[2024-06-18T14:05:42.960+0545] {processor.py:161} INFO - Started process (PID=20860) to work on /home/prabal/afenv/lib/python3.10/site-packages/airflow/example_dags/example_task_group.py
[2024-06-18T14:05:42.974+0545] {processor.py:830} INFO - Processing file /home/prabal/afenv/lib/python3.10/site-packages/airflow/example_dags/example_task_group.py for tasks to queue
[2024-06-18T14:05:42.978+0545] {logging_mixin.py:188} INFO - [2024-06-18T14:05:42.977+0545] {dagbag.py:545} INFO - Filling up the DagBag from /home/prabal/afenv/lib/python3.10/site-packages/airflow/example_dags/example_task_group.py
[2024-06-18T14:05:42.995+0545] {processor.py:840} INFO - DAG(s) 'example_task_group' retrieved from /home/prabal/afenv/lib/python3.10/site-packages/airflow/example_dags/example_task_group.py
[2024-06-18T14:05:43.014+0545] {logging_mixin.py:188} INFO - [2024-06-18T14:05:43.014+0545] {dag.py:3096} INFO - Sync 1 DAGs
[2024-06-18T14:05:43.030+0545] {logging_mixin.py:188} INFO - [2024-06-18T14:05:43.030+0545] {dag.py:3954} INFO - Setting next_dagrun for example_task_group to 2024-06-17 00:00:00+00:00, run_after=2024-06-18 00:00:00+00:00
[2024-06-18T14:05:43.048+0545] {processor.py:183} INFO - Processing /home/prabal/afenv/lib/python3.10/site-packages/airflow/example_dags/example_task_group.py took 0.101 seconds
[2024-06-18T14:06:40.408+0545] {processor.py:161} INFO - Started process (PID=21134) to work on /home/prabal/afenv/lib/python3.10/site-packages/airflow/example_dags/example_task_group.py
[2024-06-18T14:06:40.421+0545] {processor.py:830} INFO - Processing file /home/prabal/afenv/lib/python3.10/site-packages/airflow/example_dags/example_task_group.py for tasks to queue
[2024-06-18T14:06:40.424+0545] {logging_mixin.py:188} INFO - [2024-06-18T14:06:40.423+0545] {dagbag.py:545} INFO - Filling up the DagBag from /home/prabal/afenv/lib/python3.10/site-packages/airflow/example_dags/example_task_group.py
[2024-06-18T14:06:40.439+0545] {processor.py:840} INFO - DAG(s) 'example_task_group' retrieved from /home/prabal/afenv/lib/python3.10/site-packages/airflow/example_dags/example_task_group.py
[2024-06-18T14:06:40.467+0545] {logging_mixin.py:188} INFO - [2024-06-18T14:06:40.466+0545] {dag.py:3096} INFO - Sync 1 DAGs
[2024-06-18T14:06:40.497+0545] {logging_mixin.py:188} INFO - [2024-06-18T14:06:40.497+0545] {dag.py:3954} INFO - Setting next_dagrun for example_task_group to 2024-06-17 00:00:00+00:00, run_after=2024-06-18 00:00:00+00:00
[2024-06-18T14:06:40.626+0545] {processor.py:183} INFO - Processing /home/prabal/afenv/lib/python3.10/site-packages/airflow/example_dags/example_task_group.py took 0.233 seconds
[2024-06-18T14:07:39.507+0545] {processor.py:161} INFO - Started process (PID=21427) to work on /home/prabal/afenv/lib/python3.10/site-packages/airflow/example_dags/example_task_group.py
[2024-06-18T14:07:39.519+0545] {processor.py:830} INFO - Processing file /home/prabal/afenv/lib/python3.10/site-packages/airflow/example_dags/example_task_group.py for tasks to queue
[2024-06-18T14:07:39.521+0545] {logging_mixin.py:188} INFO - [2024-06-18T14:07:39.520+0545] {dagbag.py:545} INFO - Filling up the DagBag from /home/prabal/afenv/lib/python3.10/site-packages/airflow/example_dags/example_task_group.py
[2024-06-18T14:07:39.530+0545] {processor.py:840} INFO - DAG(s) 'example_task_group' retrieved from /home/prabal/afenv/lib/python3.10/site-packages/airflow/example_dags/example_task_group.py
[2024-06-18T14:07:39.552+0545] {logging_mixin.py:188} INFO - [2024-06-18T14:07:39.552+0545] {dag.py:3096} INFO - Sync 1 DAGs
[2024-06-18T14:07:39.573+0545] {logging_mixin.py:188} INFO - [2024-06-18T14:07:39.573+0545] {dag.py:3954} INFO - Setting next_dagrun for example_task_group to 2024-06-17 00:00:00+00:00, run_after=2024-06-18 00:00:00+00:00
[2024-06-18T14:07:39.596+0545] {processor.py:183} INFO - Processing /home/prabal/afenv/lib/python3.10/site-packages/airflow/example_dags/example_task_group.py took 0.096 seconds
[2024-06-18T14:08:35.964+0545] {processor.py:161} INFO - Started process (PID=21698) to work on /home/prabal/afenv/lib/python3.10/site-packages/airflow/example_dags/example_task_group.py
[2024-06-18T14:08:35.976+0545] {processor.py:830} INFO - Processing file /home/prabal/afenv/lib/python3.10/site-packages/airflow/example_dags/example_task_group.py for tasks to queue
[2024-06-18T14:08:35.980+0545] {logging_mixin.py:188} INFO - [2024-06-18T14:08:35.979+0545] {dagbag.py:545} INFO - Filling up the DagBag from /home/prabal/afenv/lib/python3.10/site-packages/airflow/example_dags/example_task_group.py
[2024-06-18T14:08:35.997+0545] {processor.py:840} INFO - DAG(s) 'example_task_group' retrieved from /home/prabal/afenv/lib/python3.10/site-packages/airflow/example_dags/example_task_group.py
[2024-06-18T14:08:36.032+0545] {logging_mixin.py:188} INFO - [2024-06-18T14:08:36.032+0545] {dag.py:3096} INFO - Sync 1 DAGs
[2024-06-18T14:08:36.059+0545] {logging_mixin.py:188} INFO - [2024-06-18T14:08:36.058+0545] {dag.py:3954} INFO - Setting next_dagrun for example_task_group to 2024-06-17 00:00:00+00:00, run_after=2024-06-18 00:00:00+00:00
[2024-06-18T14:08:36.079+0545] {processor.py:183} INFO - Processing /home/prabal/afenv/lib/python3.10/site-packages/airflow/example_dags/example_task_group.py took 0.130 seconds
[2024-06-18T14:09:30.897+0545] {processor.py:161} INFO - Started process (PID=21964) to work on /home/prabal/afenv/lib/python3.10/site-packages/airflow/example_dags/example_task_group.py
[2024-06-18T14:09:30.909+0545] {processor.py:830} INFO - Processing file /home/prabal/afenv/lib/python3.10/site-packages/airflow/example_dags/example_task_group.py for tasks to queue
[2024-06-18T14:09:30.913+0545] {logging_mixin.py:188} INFO - [2024-06-18T14:09:30.912+0545] {dagbag.py:545} INFO - Filling up the DagBag from /home/prabal/afenv/lib/python3.10/site-packages/airflow/example_dags/example_task_group.py
[2024-06-18T14:09:30.929+0545] {processor.py:840} INFO - DAG(s) 'example_task_group' retrieved from /home/prabal/afenv/lib/python3.10/site-packages/airflow/example_dags/example_task_group.py
[2024-06-18T14:09:30.969+0545] {logging_mixin.py:188} INFO - [2024-06-18T14:09:30.968+0545] {dag.py:3096} INFO - Sync 1 DAGs
[2024-06-18T14:09:31.008+0545] {logging_mixin.py:188} INFO - [2024-06-18T14:09:31.007+0545] {dag.py:3954} INFO - Setting next_dagrun for example_task_group to 2024-06-17 00:00:00+00:00, run_after=2024-06-18 00:00:00+00:00
[2024-06-18T14:09:31.051+0545] {processor.py:183} INFO - Processing /home/prabal/afenv/lib/python3.10/site-packages/airflow/example_dags/example_task_group.py took 0.168 seconds
[2024-06-18T14:10:26.342+0545] {processor.py:161} INFO - Started process (PID=22228) to work on /home/prabal/afenv/lib/python3.10/site-packages/airflow/example_dags/example_task_group.py
[2024-06-18T14:10:26.355+0545] {processor.py:830} INFO - Processing file /home/prabal/afenv/lib/python3.10/site-packages/airflow/example_dags/example_task_group.py for tasks to queue
[2024-06-18T14:10:26.359+0545] {logging_mixin.py:188} INFO - [2024-06-18T14:10:26.358+0545] {dagbag.py:545} INFO - Filling up the DagBag from /home/prabal/afenv/lib/python3.10/site-packages/airflow/example_dags/example_task_group.py
[2024-06-18T14:10:26.375+0545] {processor.py:840} INFO - DAG(s) 'example_task_group' retrieved from /home/prabal/afenv/lib/python3.10/site-packages/airflow/example_dags/example_task_group.py
[2024-06-18T14:10:26.406+0545] {logging_mixin.py:188} INFO - [2024-06-18T14:10:26.405+0545] {dag.py:3096} INFO - Sync 1 DAGs
[2024-06-18T14:10:26.431+0545] {logging_mixin.py:188} INFO - [2024-06-18T14:10:26.430+0545] {dag.py:3954} INFO - Setting next_dagrun for example_task_group to 2024-06-17 00:00:00+00:00, run_after=2024-06-18 00:00:00+00:00
[2024-06-18T14:10:26.472+0545] {processor.py:183} INFO - Processing /home/prabal/afenv/lib/python3.10/site-packages/airflow/example_dags/example_task_group.py took 0.145 seconds
[2024-06-18T14:11:18.805+0545] {processor.py:161} INFO - Started process (PID=22481) to work on /home/prabal/afenv/lib/python3.10/site-packages/airflow/example_dags/example_task_group.py
[2024-06-18T14:11:18.818+0545] {processor.py:830} INFO - Processing file /home/prabal/afenv/lib/python3.10/site-packages/airflow/example_dags/example_task_group.py for tasks to queue
[2024-06-18T14:11:18.821+0545] {logging_mixin.py:188} INFO - [2024-06-18T14:11:18.821+0545] {dagbag.py:545} INFO - Filling up the DagBag from /home/prabal/afenv/lib/python3.10/site-packages/airflow/example_dags/example_task_group.py
[2024-06-18T14:11:18.839+0545] {processor.py:840} INFO - DAG(s) 'example_task_group' retrieved from /home/prabal/afenv/lib/python3.10/site-packages/airflow/example_dags/example_task_group.py
[2024-06-18T14:11:18.862+0545] {logging_mixin.py:188} INFO - [2024-06-18T14:11:18.862+0545] {dag.py:3096} INFO - Sync 1 DAGs
[2024-06-18T14:11:18.884+0545] {logging_mixin.py:188} INFO - [2024-06-18T14:11:18.884+0545] {dag.py:3954} INFO - Setting next_dagrun for example_task_group to 2024-06-17 00:00:00+00:00, run_after=2024-06-18 00:00:00+00:00
[2024-06-18T14:11:18.913+0545] {processor.py:183} INFO - Processing /home/prabal/afenv/lib/python3.10/site-packages/airflow/example_dags/example_task_group.py took 0.122 seconds
[2024-06-18T14:12:10.910+0545] {processor.py:161} INFO - Started process (PID=22734) to work on /home/prabal/afenv/lib/python3.10/site-packages/airflow/example_dags/example_task_group.py
[2024-06-18T14:12:10.923+0545] {processor.py:830} INFO - Processing file /home/prabal/afenv/lib/python3.10/site-packages/airflow/example_dags/example_task_group.py for tasks to queue
[2024-06-18T14:12:10.927+0545] {logging_mixin.py:188} INFO - [2024-06-18T14:12:10.926+0545] {dagbag.py:545} INFO - Filling up the DagBag from /home/prabal/afenv/lib/python3.10/site-packages/airflow/example_dags/example_task_group.py
[2024-06-18T14:12:10.946+0545] {processor.py:840} INFO - DAG(s) 'example_task_group' retrieved from /home/prabal/afenv/lib/python3.10/site-packages/airflow/example_dags/example_task_group.py
[2024-06-18T14:12:10.982+0545] {logging_mixin.py:188} INFO - [2024-06-18T14:12:10.981+0545] {dag.py:3096} INFO - Sync 1 DAGs
[2024-06-18T14:12:11.016+0545] {logging_mixin.py:188} INFO - [2024-06-18T14:12:11.016+0545] {dag.py:3954} INFO - Setting next_dagrun for example_task_group to 2024-06-17 00:00:00+00:00, run_after=2024-06-18 00:00:00+00:00
[2024-06-18T14:12:11.066+0545] {processor.py:183} INFO - Processing /home/prabal/afenv/lib/python3.10/site-packages/airflow/example_dags/example_task_group.py took 0.170 seconds
[2024-06-18T14:13:02.897+0545] {processor.py:161} INFO - Started process (PID=22984) to work on /home/prabal/afenv/lib/python3.10/site-packages/airflow/example_dags/example_task_group.py
[2024-06-18T14:13:02.909+0545] {processor.py:830} INFO - Processing file /home/prabal/afenv/lib/python3.10/site-packages/airflow/example_dags/example_task_group.py for tasks to queue
[2024-06-18T14:13:02.914+0545] {logging_mixin.py:188} INFO - [2024-06-18T14:13:02.913+0545] {dagbag.py:545} INFO - Filling up the DagBag from /home/prabal/afenv/lib/python3.10/site-packages/airflow/example_dags/example_task_group.py
[2024-06-18T14:13:02.931+0545] {processor.py:840} INFO - DAG(s) 'example_task_group' retrieved from /home/prabal/afenv/lib/python3.10/site-packages/airflow/example_dags/example_task_group.py
[2024-06-18T14:13:02.965+0545] {logging_mixin.py:188} INFO - [2024-06-18T14:13:02.964+0545] {dag.py:3096} INFO - Sync 1 DAGs
[2024-06-18T14:13:02.993+0545] {logging_mixin.py:188} INFO - [2024-06-18T14:13:02.993+0545] {dag.py:3954} INFO - Setting next_dagrun for example_task_group to 2024-06-17 00:00:00+00:00, run_after=2024-06-18 00:00:00+00:00
[2024-06-18T14:13:03.016+0545] {processor.py:183} INFO - Processing /home/prabal/afenv/lib/python3.10/site-packages/airflow/example_dags/example_task_group.py took 0.133 seconds
[2024-06-18T14:13:55.146+0545] {processor.py:161} INFO - Started process (PID=23236) to work on /home/prabal/afenv/lib/python3.10/site-packages/airflow/example_dags/example_task_group.py
[2024-06-18T14:13:55.159+0545] {processor.py:830} INFO - Processing file /home/prabal/afenv/lib/python3.10/site-packages/airflow/example_dags/example_task_group.py for tasks to queue
[2024-06-18T14:13:55.161+0545] {logging_mixin.py:188} INFO - [2024-06-18T14:13:55.161+0545] {dagbag.py:545} INFO - Filling up the DagBag from /home/prabal/afenv/lib/python3.10/site-packages/airflow/example_dags/example_task_group.py
[2024-06-18T14:13:55.174+0545] {processor.py:840} INFO - DAG(s) 'example_task_group' retrieved from /home/prabal/afenv/lib/python3.10/site-packages/airflow/example_dags/example_task_group.py
[2024-06-18T14:13:55.195+0545] {logging_mixin.py:188} INFO - [2024-06-18T14:13:55.195+0545] {dag.py:3096} INFO - Sync 1 DAGs
[2024-06-18T14:13:55.233+0545] {logging_mixin.py:188} INFO - [2024-06-18T14:13:55.233+0545] {dag.py:3954} INFO - Setting next_dagrun for example_task_group to 2024-06-17 00:00:00+00:00, run_after=2024-06-18 00:00:00+00:00
[2024-06-18T14:13:55.252+0545] {processor.py:183} INFO - Processing /home/prabal/afenv/lib/python3.10/site-packages/airflow/example_dags/example_task_group.py took 0.121 seconds
[2024-06-18T14:14:46.916+0545] {processor.py:161} INFO - Started process (PID=23486) to work on /home/prabal/afenv/lib/python3.10/site-packages/airflow/example_dags/example_task_group.py
[2024-06-18T14:14:46.929+0545] {processor.py:830} INFO - Processing file /home/prabal/afenv/lib/python3.10/site-packages/airflow/example_dags/example_task_group.py for tasks to queue
[2024-06-18T14:14:46.933+0545] {logging_mixin.py:188} INFO - [2024-06-18T14:14:46.932+0545] {dagbag.py:545} INFO - Filling up the DagBag from /home/prabal/afenv/lib/python3.10/site-packages/airflow/example_dags/example_task_group.py
[2024-06-18T14:14:46.944+0545] {processor.py:840} INFO - DAG(s) 'example_task_group' retrieved from /home/prabal/afenv/lib/python3.10/site-packages/airflow/example_dags/example_task_group.py
[2024-06-18T14:14:46.972+0545] {logging_mixin.py:188} INFO - [2024-06-18T14:14:46.972+0545] {dag.py:3096} INFO - Sync 1 DAGs
[2024-06-18T14:14:47.008+0545] {logging_mixin.py:188} INFO - [2024-06-18T14:14:47.007+0545] {dag.py:3954} INFO - Setting next_dagrun for example_task_group to 2024-06-17 00:00:00+00:00, run_after=2024-06-18 00:00:00+00:00
[2024-06-18T14:14:47.027+0545] {processor.py:183} INFO - Processing /home/prabal/afenv/lib/python3.10/site-packages/airflow/example_dags/example_task_group.py took 0.126 seconds
[2024-06-18T14:15:50.350+0545] {processor.py:161} INFO - Started process (PID=23817) to work on /home/prabal/afenv/lib/python3.10/site-packages/airflow/example_dags/example_task_group.py
[2024-06-18T14:15:50.363+0545] {processor.py:830} INFO - Processing file /home/prabal/afenv/lib/python3.10/site-packages/airflow/example_dags/example_task_group.py for tasks to queue
[2024-06-18T14:15:50.367+0545] {logging_mixin.py:188} INFO - [2024-06-18T14:15:50.366+0545] {dagbag.py:545} INFO - Filling up the DagBag from /home/prabal/afenv/lib/python3.10/site-packages/airflow/example_dags/example_task_group.py
[2024-06-18T14:15:50.384+0545] {processor.py:840} INFO - DAG(s) 'example_task_group' retrieved from /home/prabal/afenv/lib/python3.10/site-packages/airflow/example_dags/example_task_group.py
[2024-06-18T14:15:50.420+0545] {logging_mixin.py:188} INFO - [2024-06-18T14:15:50.419+0545] {dag.py:3096} INFO - Sync 1 DAGs
[2024-06-18T14:15:50.446+0545] {logging_mixin.py:188} INFO - [2024-06-18T14:15:50.446+0545] {dag.py:3954} INFO - Setting next_dagrun for example_task_group to 2024-06-17 00:00:00+00:00, run_after=2024-06-18 00:00:00+00:00
[2024-06-18T14:15:50.465+0545] {processor.py:183} INFO - Processing /home/prabal/afenv/lib/python3.10/site-packages/airflow/example_dags/example_task_group.py took 0.129 seconds
[2024-06-18T14:16:48.560+0545] {processor.py:161} INFO - Started process (PID=24094) to work on /home/prabal/afenv/lib/python3.10/site-packages/airflow/example_dags/example_task_group.py
[2024-06-18T14:16:48.573+0545] {processor.py:830} INFO - Processing file /home/prabal/afenv/lib/python3.10/site-packages/airflow/example_dags/example_task_group.py for tasks to queue
[2024-06-18T14:16:48.577+0545] {logging_mixin.py:188} INFO - [2024-06-18T14:16:48.576+0545] {dagbag.py:545} INFO - Filling up the DagBag from /home/prabal/afenv/lib/python3.10/site-packages/airflow/example_dags/example_task_group.py
[2024-06-18T14:16:48.594+0545] {processor.py:840} INFO - DAG(s) 'example_task_group' retrieved from /home/prabal/afenv/lib/python3.10/site-packages/airflow/example_dags/example_task_group.py
[2024-06-18T14:16:48.632+0545] {logging_mixin.py:188} INFO - [2024-06-18T14:16:48.631+0545] {dag.py:3096} INFO - Sync 1 DAGs
[2024-06-18T14:16:48.674+0545] {logging_mixin.py:188} INFO - [2024-06-18T14:16:48.674+0545] {dag.py:3954} INFO - Setting next_dagrun for example_task_group to 2024-06-17 00:00:00+00:00, run_after=2024-06-18 00:00:00+00:00
[2024-06-18T14:16:48.725+0545] {processor.py:183} INFO - Processing /home/prabal/afenv/lib/python3.10/site-packages/airflow/example_dags/example_task_group.py took 0.179 seconds
[2024-06-18T14:17:43.951+0545] {processor.py:161} INFO - Started process (PID=24361) to work on /home/prabal/afenv/lib/python3.10/site-packages/airflow/example_dags/example_task_group.py
[2024-06-18T14:17:43.963+0545] {processor.py:830} INFO - Processing file /home/prabal/afenv/lib/python3.10/site-packages/airflow/example_dags/example_task_group.py for tasks to queue
[2024-06-18T14:17:43.967+0545] {logging_mixin.py:188} INFO - [2024-06-18T14:17:43.966+0545] {dagbag.py:545} INFO - Filling up the DagBag from /home/prabal/afenv/lib/python3.10/site-packages/airflow/example_dags/example_task_group.py
[2024-06-18T14:17:43.985+0545] {processor.py:840} INFO - DAG(s) 'example_task_group' retrieved from /home/prabal/afenv/lib/python3.10/site-packages/airflow/example_dags/example_task_group.py
[2024-06-18T14:17:44.021+0545] {logging_mixin.py:188} INFO - [2024-06-18T14:17:44.021+0545] {dag.py:3096} INFO - Sync 1 DAGs
[2024-06-18T14:17:44.051+0545] {logging_mixin.py:188} INFO - [2024-06-18T14:17:44.051+0545] {dag.py:3954} INFO - Setting next_dagrun for example_task_group to 2024-06-17 00:00:00+00:00, run_after=2024-06-18 00:00:00+00:00
[2024-06-18T14:17:44.071+0545] {processor.py:183} INFO - Processing /home/prabal/afenv/lib/python3.10/site-packages/airflow/example_dags/example_task_group.py took 0.131 seconds
[2024-06-18T14:18:38.054+0545] {processor.py:161} INFO - Started process (PID=24623) to work on /home/prabal/afenv/lib/python3.10/site-packages/airflow/example_dags/example_task_group.py
[2024-06-18T14:18:38.066+0545] {processor.py:830} INFO - Processing file /home/prabal/afenv/lib/python3.10/site-packages/airflow/example_dags/example_task_group.py for tasks to queue
[2024-06-18T14:18:38.068+0545] {logging_mixin.py:188} INFO - [2024-06-18T14:18:38.067+0545] {dagbag.py:545} INFO - Filling up the DagBag from /home/prabal/afenv/lib/python3.10/site-packages/airflow/example_dags/example_task_group.py
[2024-06-18T14:18:38.076+0545] {processor.py:840} INFO - DAG(s) 'example_task_group' retrieved from /home/prabal/afenv/lib/python3.10/site-packages/airflow/example_dags/example_task_group.py
[2024-06-18T14:18:38.097+0545] {logging_mixin.py:188} INFO - [2024-06-18T14:18:38.096+0545] {dag.py:3096} INFO - Sync 1 DAGs
[2024-06-18T14:18:38.118+0545] {logging_mixin.py:188} INFO - [2024-06-18T14:18:38.117+0545] {dag.py:3954} INFO - Setting next_dagrun for example_task_group to 2024-06-17 00:00:00+00:00, run_after=2024-06-18 00:00:00+00:00
[2024-06-18T14:18:38.141+0545] {processor.py:183} INFO - Processing /home/prabal/afenv/lib/python3.10/site-packages/airflow/example_dags/example_task_group.py took 0.095 seconds
[2024-06-18T14:19:33.136+0545] {processor.py:161} INFO - Started process (PID=24885) to work on /home/prabal/afenv/lib/python3.10/site-packages/airflow/example_dags/example_task_group.py
[2024-06-18T14:19:33.149+0545] {processor.py:830} INFO - Processing file /home/prabal/afenv/lib/python3.10/site-packages/airflow/example_dags/example_task_group.py for tasks to queue
[2024-06-18T14:19:33.153+0545] {logging_mixin.py:188} INFO - [2024-06-18T14:19:33.152+0545] {dagbag.py:545} INFO - Filling up the DagBag from /home/prabal/afenv/lib/python3.10/site-packages/airflow/example_dags/example_task_group.py
[2024-06-18T14:19:33.169+0545] {processor.py:840} INFO - DAG(s) 'example_task_group' retrieved from /home/prabal/afenv/lib/python3.10/site-packages/airflow/example_dags/example_task_group.py
[2024-06-18T14:19:33.190+0545] {logging_mixin.py:188} INFO - [2024-06-18T14:19:33.190+0545] {dag.py:3096} INFO - Sync 1 DAGs
[2024-06-18T14:19:33.207+0545] {logging_mixin.py:188} INFO - [2024-06-18T14:19:33.207+0545] {dag.py:3954} INFO - Setting next_dagrun for example_task_group to 2024-06-17 00:00:00+00:00, run_after=2024-06-18 00:00:00+00:00
[2024-06-18T14:19:33.226+0545] {processor.py:183} INFO - Processing /home/prabal/afenv/lib/python3.10/site-packages/airflow/example_dags/example_task_group.py took 0.105 seconds
[2024-06-18T14:20:27.450+0545] {processor.py:161} INFO - Started process (PID=25145) to work on /home/prabal/afenv/lib/python3.10/site-packages/airflow/example_dags/example_task_group.py
[2024-06-18T14:20:27.462+0545] {processor.py:830} INFO - Processing file /home/prabal/afenv/lib/python3.10/site-packages/airflow/example_dags/example_task_group.py for tasks to queue
[2024-06-18T14:20:27.465+0545] {logging_mixin.py:188} INFO - [2024-06-18T14:20:27.464+0545] {dagbag.py:545} INFO - Filling up the DagBag from /home/prabal/afenv/lib/python3.10/site-packages/airflow/example_dags/example_task_group.py
[2024-06-18T14:20:27.479+0545] {processor.py:840} INFO - DAG(s) 'example_task_group' retrieved from /home/prabal/afenv/lib/python3.10/site-packages/airflow/example_dags/example_task_group.py
[2024-06-18T14:20:27.510+0545] {logging_mixin.py:188} INFO - [2024-06-18T14:20:27.510+0545] {dag.py:3096} INFO - Sync 1 DAGs
[2024-06-18T14:20:27.534+0545] {logging_mixin.py:188} INFO - [2024-06-18T14:20:27.534+0545] {dag.py:3954} INFO - Setting next_dagrun for example_task_group to 2024-06-17 00:00:00+00:00, run_after=2024-06-18 00:00:00+00:00
[2024-06-18T14:20:27.551+0545] {processor.py:183} INFO - Processing /home/prabal/afenv/lib/python3.10/site-packages/airflow/example_dags/example_task_group.py took 0.107 seconds
[2024-06-18T14:21:19.913+0545] {processor.py:161} INFO - Started process (PID=25398) to work on /home/prabal/afenv/lib/python3.10/site-packages/airflow/example_dags/example_task_group.py
[2024-06-18T14:21:19.926+0545] {processor.py:830} INFO - Processing file /home/prabal/afenv/lib/python3.10/site-packages/airflow/example_dags/example_task_group.py for tasks to queue
[2024-06-18T14:21:19.929+0545] {logging_mixin.py:188} INFO - [2024-06-18T14:21:19.928+0545] {dagbag.py:545} INFO - Filling up the DagBag from /home/prabal/afenv/lib/python3.10/site-packages/airflow/example_dags/example_task_group.py
[2024-06-18T14:21:19.946+0545] {processor.py:840} INFO - DAG(s) 'example_task_group' retrieved from /home/prabal/afenv/lib/python3.10/site-packages/airflow/example_dags/example_task_group.py
[2024-06-18T14:21:19.976+0545] {logging_mixin.py:188} INFO - [2024-06-18T14:21:19.976+0545] {dag.py:3096} INFO - Sync 1 DAGs
[2024-06-18T14:21:19.999+0545] {logging_mixin.py:188} INFO - [2024-06-18T14:21:19.998+0545] {dag.py:3954} INFO - Setting next_dagrun for example_task_group to 2024-06-17 00:00:00+00:00, run_after=2024-06-18 00:00:00+00:00
[2024-06-18T14:21:20.017+0545] {processor.py:183} INFO - Processing /home/prabal/afenv/lib/python3.10/site-packages/airflow/example_dags/example_task_group.py took 0.120 seconds
[2024-06-18T14:22:13.981+0545] {processor.py:161} INFO - Started process (PID=25657) to work on /home/prabal/afenv/lib/python3.10/site-packages/airflow/example_dags/example_task_group.py
[2024-06-18T14:22:13.994+0545] {processor.py:830} INFO - Processing file /home/prabal/afenv/lib/python3.10/site-packages/airflow/example_dags/example_task_group.py for tasks to queue
[2024-06-18T14:22:13.998+0545] {logging_mixin.py:188} INFO - [2024-06-18T14:22:13.997+0545] {dagbag.py:545} INFO - Filling up the DagBag from /home/prabal/afenv/lib/python3.10/site-packages/airflow/example_dags/example_task_group.py
[2024-06-18T14:22:14.014+0545] {processor.py:840} INFO - DAG(s) 'example_task_group' retrieved from /home/prabal/afenv/lib/python3.10/site-packages/airflow/example_dags/example_task_group.py
[2024-06-18T14:22:14.034+0545] {logging_mixin.py:188} INFO - [2024-06-18T14:22:14.034+0545] {dag.py:3096} INFO - Sync 1 DAGs
[2024-06-18T14:22:14.053+0545] {logging_mixin.py:188} INFO - [2024-06-18T14:22:14.052+0545] {dag.py:3954} INFO - Setting next_dagrun for example_task_group to 2024-06-17 00:00:00+00:00, run_after=2024-06-18 00:00:00+00:00
[2024-06-18T14:22:14.072+0545] {processor.py:183} INFO - Processing /home/prabal/afenv/lib/python3.10/site-packages/airflow/example_dags/example_task_group.py took 0.105 seconds
[2024-06-18T14:23:09.209+0545] {processor.py:161} INFO - Started process (PID=25925) to work on /home/prabal/afenv/lib/python3.10/site-packages/airflow/example_dags/example_task_group.py
[2024-06-18T14:23:09.223+0545] {processor.py:830} INFO - Processing file /home/prabal/afenv/lib/python3.10/site-packages/airflow/example_dags/example_task_group.py for tasks to queue
[2024-06-18T14:23:09.227+0545] {logging_mixin.py:188} INFO - [2024-06-18T14:23:09.226+0545] {dagbag.py:545} INFO - Filling up the DagBag from /home/prabal/afenv/lib/python3.10/site-packages/airflow/example_dags/example_task_group.py
[2024-06-18T14:23:09.242+0545] {processor.py:840} INFO - DAG(s) 'example_task_group' retrieved from /home/prabal/afenv/lib/python3.10/site-packages/airflow/example_dags/example_task_group.py
[2024-06-18T14:23:09.272+0545] {logging_mixin.py:188} INFO - [2024-06-18T14:23:09.272+0545] {dag.py:3096} INFO - Sync 1 DAGs
[2024-06-18T14:23:09.290+0545] {logging_mixin.py:188} INFO - [2024-06-18T14:23:09.290+0545] {dag.py:3954} INFO - Setting next_dagrun for example_task_group to 2024-06-17 00:00:00+00:00, run_after=2024-06-18 00:00:00+00:00
[2024-06-18T14:23:09.310+0545] {processor.py:183} INFO - Processing /home/prabal/afenv/lib/python3.10/site-packages/airflow/example_dags/example_task_group.py took 0.115 seconds
[2024-06-18T14:24:01.583+0545] {processor.py:161} INFO - Started process (PID=26180) to work on /home/prabal/afenv/lib/python3.10/site-packages/airflow/example_dags/example_task_group.py
[2024-06-18T14:24:01.595+0545] {processor.py:830} INFO - Processing file /home/prabal/afenv/lib/python3.10/site-packages/airflow/example_dags/example_task_group.py for tasks to queue
[2024-06-18T14:24:01.599+0545] {logging_mixin.py:188} INFO - [2024-06-18T14:24:01.598+0545] {dagbag.py:545} INFO - Filling up the DagBag from /home/prabal/afenv/lib/python3.10/site-packages/airflow/example_dags/example_task_group.py
[2024-06-18T14:24:01.618+0545] {processor.py:840} INFO - DAG(s) 'example_task_group' retrieved from /home/prabal/afenv/lib/python3.10/site-packages/airflow/example_dags/example_task_group.py
[2024-06-18T14:24:01.645+0545] {logging_mixin.py:188} INFO - [2024-06-18T14:24:01.645+0545] {dag.py:3096} INFO - Sync 1 DAGs
[2024-06-18T14:24:01.685+0545] {logging_mixin.py:188} INFO - [2024-06-18T14:24:01.684+0545] {dag.py:3954} INFO - Setting next_dagrun for example_task_group to 2024-06-17 00:00:00+00:00, run_after=2024-06-18 00:00:00+00:00
[2024-06-18T14:24:01.738+0545] {processor.py:183} INFO - Processing /home/prabal/afenv/lib/python3.10/site-packages/airflow/example_dags/example_task_group.py took 0.165 seconds
[2024-06-18T17:16:57.266+0545] {processor.py:161} INFO - Started process (PID=4467) to work on /home/prabal/afenv/lib/python3.10/site-packages/airflow/example_dags/example_task_group.py
[2024-06-18T17:16:57.268+0545] {processor.py:830} INFO - Processing file /home/prabal/afenv/lib/python3.10/site-packages/airflow/example_dags/example_task_group.py for tasks to queue
[2024-06-18T17:16:57.270+0545] {logging_mixin.py:188} INFO - [2024-06-18T17:16:57.269+0545] {dagbag.py:545} INFO - Filling up the DagBag from /home/prabal/afenv/lib/python3.10/site-packages/airflow/example_dags/example_task_group.py
[2024-06-18T17:16:57.287+0545] {processor.py:840} INFO - DAG(s) 'example_task_group' retrieved from /home/prabal/afenv/lib/python3.10/site-packages/airflow/example_dags/example_task_group.py
[2024-06-18T17:16:57.372+0545] {logging_mixin.py:188} INFO - [2024-06-18T17:16:57.371+0545] {dag.py:3096} INFO - Sync 1 DAGs
[2024-06-18T17:16:57.478+0545] {logging_mixin.py:188} INFO - [2024-06-18T17:16:57.477+0545] {dag.py:3954} INFO - Setting next_dagrun for example_task_group to 2024-06-17 00:00:00+00:00, run_after=2024-06-18 00:00:00+00:00
[2024-06-18T17:16:57.496+0545] {processor.py:183} INFO - Processing /home/prabal/afenv/lib/python3.10/site-packages/airflow/example_dags/example_task_group.py took 0.243 seconds
[2024-06-18T17:18:03.248+0545] {processor.py:161} INFO - Started process (PID=4783) to work on /home/prabal/afenv/lib/python3.10/site-packages/airflow/example_dags/example_task_group.py
[2024-06-18T17:18:03.250+0545] {processor.py:830} INFO - Processing file /home/prabal/afenv/lib/python3.10/site-packages/airflow/example_dags/example_task_group.py for tasks to queue
[2024-06-18T17:18:03.253+0545] {logging_mixin.py:188} INFO - [2024-06-18T17:18:03.252+0545] {dagbag.py:545} INFO - Filling up the DagBag from /home/prabal/afenv/lib/python3.10/site-packages/airflow/example_dags/example_task_group.py
[2024-06-18T17:18:03.271+0545] {processor.py:840} INFO - DAG(s) 'example_task_group' retrieved from /home/prabal/afenv/lib/python3.10/site-packages/airflow/example_dags/example_task_group.py
[2024-06-18T17:18:03.307+0545] {logging_mixin.py:188} INFO - [2024-06-18T17:18:03.306+0545] {dag.py:3096} INFO - Sync 1 DAGs
[2024-06-18T17:18:03.344+0545] {logging_mixin.py:188} INFO - [2024-06-18T17:18:03.344+0545] {dag.py:3954} INFO - Setting next_dagrun for example_task_group to 2024-06-17 00:00:00+00:00, run_after=2024-06-18 00:00:00+00:00
[2024-06-18T17:18:03.370+0545] {processor.py:183} INFO - Processing /home/prabal/afenv/lib/python3.10/site-packages/airflow/example_dags/example_task_group.py took 0.135 seconds
[2024-06-18T17:19:04.276+0545] {processor.py:161} INFO - Started process (PID=5495) to work on /home/prabal/afenv/lib/python3.10/site-packages/airflow/example_dags/example_task_group.py
[2024-06-18T17:19:04.289+0545] {processor.py:830} INFO - Processing file /home/prabal/afenv/lib/python3.10/site-packages/airflow/example_dags/example_task_group.py for tasks to queue
[2024-06-18T17:19:04.291+0545] {logging_mixin.py:188} INFO - [2024-06-18T17:19:04.290+0545] {dagbag.py:545} INFO - Filling up the DagBag from /home/prabal/afenv/lib/python3.10/site-packages/airflow/example_dags/example_task_group.py
[2024-06-18T17:19:04.308+0545] {processor.py:840} INFO - DAG(s) 'example_task_group' retrieved from /home/prabal/afenv/lib/python3.10/site-packages/airflow/example_dags/example_task_group.py
[2024-06-18T17:19:04.338+0545] {logging_mixin.py:188} INFO - [2024-06-18T17:19:04.338+0545] {dag.py:3096} INFO - Sync 1 DAGs
[2024-06-18T17:19:04.367+0545] {logging_mixin.py:188} INFO - [2024-06-18T17:19:04.367+0545] {dag.py:3954} INFO - Setting next_dagrun for example_task_group to 2024-06-17 00:00:00+00:00, run_after=2024-06-18 00:00:00+00:00
[2024-06-18T17:19:04.390+0545] {processor.py:183} INFO - Processing /home/prabal/afenv/lib/python3.10/site-packages/airflow/example_dags/example_task_group.py took 0.129 seconds
[2024-06-18T17:19:59.524+0545] {processor.py:161} INFO - Started process (PID=5913) to work on /home/prabal/afenv/lib/python3.10/site-packages/airflow/example_dags/example_task_group.py
[2024-06-18T17:19:59.536+0545] {processor.py:830} INFO - Processing file /home/prabal/afenv/lib/python3.10/site-packages/airflow/example_dags/example_task_group.py for tasks to queue
[2024-06-18T17:19:59.538+0545] {logging_mixin.py:188} INFO - [2024-06-18T17:19:59.537+0545] {dagbag.py:545} INFO - Filling up the DagBag from /home/prabal/afenv/lib/python3.10/site-packages/airflow/example_dags/example_task_group.py
[2024-06-18T17:19:59.551+0545] {processor.py:840} INFO - DAG(s) 'example_task_group' retrieved from /home/prabal/afenv/lib/python3.10/site-packages/airflow/example_dags/example_task_group.py
[2024-06-18T17:19:59.578+0545] {logging_mixin.py:188} INFO - [2024-06-18T17:19:59.578+0545] {dag.py:3096} INFO - Sync 1 DAGs
[2024-06-18T17:19:59.600+0545] {logging_mixin.py:188} INFO - [2024-06-18T17:19:59.599+0545] {dag.py:3954} INFO - Setting next_dagrun for example_task_group to 2024-06-17 00:00:00+00:00, run_after=2024-06-18 00:00:00+00:00
[2024-06-18T17:19:59.617+0545] {processor.py:183} INFO - Processing /home/prabal/afenv/lib/python3.10/site-packages/airflow/example_dags/example_task_group.py took 0.104 seconds
[2024-06-18T17:20:55.079+0545] {processor.py:161} INFO - Started process (PID=6588) to work on /home/prabal/afenv/lib/python3.10/site-packages/airflow/example_dags/example_task_group.py
[2024-06-18T17:20:55.092+0545] {processor.py:830} INFO - Processing file /home/prabal/afenv/lib/python3.10/site-packages/airflow/example_dags/example_task_group.py for tasks to queue
[2024-06-18T17:20:55.094+0545] {logging_mixin.py:188} INFO - [2024-06-18T17:20:55.093+0545] {dagbag.py:545} INFO - Filling up the DagBag from /home/prabal/afenv/lib/python3.10/site-packages/airflow/example_dags/example_task_group.py
[2024-06-18T17:20:55.110+0545] {processor.py:840} INFO - DAG(s) 'example_task_group' retrieved from /home/prabal/afenv/lib/python3.10/site-packages/airflow/example_dags/example_task_group.py
[2024-06-18T17:20:55.133+0545] {logging_mixin.py:188} INFO - [2024-06-18T17:20:55.133+0545] {dag.py:3096} INFO - Sync 1 DAGs
[2024-06-18T17:20:55.149+0545] {logging_mixin.py:188} INFO - [2024-06-18T17:20:55.149+0545] {dag.py:3954} INFO - Setting next_dagrun for example_task_group to 2024-06-17 00:00:00+00:00, run_after=2024-06-18 00:00:00+00:00
[2024-06-18T17:20:55.166+0545] {processor.py:183} INFO - Processing /home/prabal/afenv/lib/python3.10/site-packages/airflow/example_dags/example_task_group.py took 0.101 seconds
[2024-06-18T17:22:23.361+0545] {processor.py:161} INFO - Started process (PID=7119) to work on /home/prabal/afenv/lib/python3.10/site-packages/airflow/example_dags/example_task_group.py
[2024-06-18T17:22:23.375+0545] {processor.py:830} INFO - Processing file /home/prabal/afenv/lib/python3.10/site-packages/airflow/example_dags/example_task_group.py for tasks to queue
[2024-06-18T17:22:23.379+0545] {logging_mixin.py:188} INFO - [2024-06-18T17:22:23.378+0545] {dagbag.py:545} INFO - Filling up the DagBag from /home/prabal/afenv/lib/python3.10/site-packages/airflow/example_dags/example_task_group.py
[2024-06-18T17:22:23.396+0545] {processor.py:840} INFO - DAG(s) 'example_task_group' retrieved from /home/prabal/afenv/lib/python3.10/site-packages/airflow/example_dags/example_task_group.py
[2024-06-18T17:22:23.619+0545] {logging_mixin.py:188} INFO - [2024-06-18T17:22:23.618+0545] {dag.py:3096} INFO - Sync 1 DAGs
[2024-06-18T17:22:23.757+0545] {logging_mixin.py:188} INFO - [2024-06-18T17:22:23.757+0545] {dag.py:3954} INFO - Setting next_dagrun for example_task_group to 2024-06-17 00:00:00+00:00, run_after=2024-06-18 00:00:00+00:00
[2024-06-18T17:22:23.793+0545] {processor.py:183} INFO - Processing /home/prabal/afenv/lib/python3.10/site-packages/airflow/example_dags/example_task_group.py took 0.445 seconds
