[2024-06-18T13:43:01.870+0545] {processor.py:161} INFO - Started process (PID=14339) to work on /home/prabal/afenv/lib/python3.10/site-packages/airflow/example_dags/example_short_circuit_decorator.py
[2024-06-18T13:43:01.872+0545] {processor.py:830} INFO - Processing file /home/prabal/afenv/lib/python3.10/site-packages/airflow/example_dags/example_short_circuit_decorator.py for tasks to queue
[2024-06-18T13:43:01.876+0545] {logging_mixin.py:188} INFO - [2024-06-18T13:43:01.875+0545] {dagbag.py:545} INFO - Filling up the DagBag from /home/prabal/afenv/lib/python3.10/site-packages/airflow/example_dags/example_short_circuit_decorator.py
[2024-06-18T13:43:01.892+0545] {processor.py:840} INFO - DAG(s) 'example_short_circuit_decorator' retrieved from /home/prabal/afenv/lib/python3.10/site-packages/airflow/example_dags/example_short_circuit_decorator.py
[2024-06-18T13:43:02.018+0545] {logging_mixin.py:188} INFO - [2024-06-18T13:43:02.017+0545] {override.py:1829} INFO - Created Permission View: can read on DAG:example_short_circuit_decorator
[2024-06-18T13:43:02.027+0545] {logging_mixin.py:188} INFO - [2024-06-18T13:43:02.027+0545] {override.py:1829} INFO - Created Permission View: can edit on DAG:example_short_circuit_decorator
[2024-06-18T13:43:02.034+0545] {logging_mixin.py:188} INFO - [2024-06-18T13:43:02.034+0545] {override.py:1829} INFO - Created Permission View: can delete on DAG:example_short_circuit_decorator
[2024-06-18T13:43:02.034+0545] {logging_mixin.py:188} INFO - [2024-06-18T13:43:02.034+0545] {dag.py:3096} INFO - Sync 1 DAGs
[2024-06-18T13:43:02.123+0545] {logging_mixin.py:188} INFO - [2024-06-18T13:43:02.123+0545] {dag.py:3118} INFO - Creating ORM DAG for example_short_circuit_decorator
[2024-06-18T13:43:02.131+0545] {logging_mixin.py:188} INFO - [2024-06-18T13:43:02.131+0545] {dag.py:3954} INFO - Setting next_dagrun for example_short_circuit_decorator to 2024-06-17 00:00:00+00:00, run_after=2024-06-18 00:00:00+00:00
[2024-06-18T13:43:02.149+0545] {processor.py:183} INFO - Processing /home/prabal/afenv/lib/python3.10/site-packages/airflow/example_dags/example_short_circuit_decorator.py took 0.293 seconds
[2024-06-18T13:43:57.949+0545] {processor.py:161} INFO - Started process (PID=14627) to work on /home/prabal/afenv/lib/python3.10/site-packages/airflow/example_dags/example_short_circuit_decorator.py
[2024-06-18T13:43:57.961+0545] {processor.py:830} INFO - Processing file /home/prabal/afenv/lib/python3.10/site-packages/airflow/example_dags/example_short_circuit_decorator.py for tasks to queue
[2024-06-18T13:43:57.965+0545] {logging_mixin.py:188} INFO - [2024-06-18T13:43:57.964+0545] {dagbag.py:545} INFO - Filling up the DagBag from /home/prabal/afenv/lib/python3.10/site-packages/airflow/example_dags/example_short_circuit_decorator.py
[2024-06-18T13:43:57.980+0545] {processor.py:840} INFO - DAG(s) 'example_short_circuit_decorator' retrieved from /home/prabal/afenv/lib/python3.10/site-packages/airflow/example_dags/example_short_circuit_decorator.py
[2024-06-18T13:43:58.002+0545] {logging_mixin.py:188} INFO - [2024-06-18T13:43:58.002+0545] {dag.py:3096} INFO - Sync 1 DAGs
[2024-06-18T13:43:58.025+0545] {logging_mixin.py:188} INFO - [2024-06-18T13:43:58.025+0545] {dag.py:3954} INFO - Setting next_dagrun for example_short_circuit_decorator to 2024-06-17 00:00:00+00:00, run_after=2024-06-18 00:00:00+00:00
[2024-06-18T13:43:58.156+0545] {processor.py:183} INFO - Processing /home/prabal/afenv/lib/python3.10/site-packages/airflow/example_dags/example_short_circuit_decorator.py took 0.222 seconds
[2024-06-18T13:45:02.113+0545] {processor.py:161} INFO - Started process (PID=14931) to work on /home/prabal/afenv/lib/python3.10/site-packages/airflow/example_dags/example_short_circuit_decorator.py
[2024-06-18T13:45:02.126+0545] {processor.py:830} INFO - Processing file /home/prabal/afenv/lib/python3.10/site-packages/airflow/example_dags/example_short_circuit_decorator.py for tasks to queue
[2024-06-18T13:45:02.130+0545] {logging_mixin.py:188} INFO - [2024-06-18T13:45:02.129+0545] {dagbag.py:545} INFO - Filling up the DagBag from /home/prabal/afenv/lib/python3.10/site-packages/airflow/example_dags/example_short_circuit_decorator.py
[2024-06-18T13:45:02.155+0545] {processor.py:840} INFO - DAG(s) 'example_short_circuit_decorator' retrieved from /home/prabal/afenv/lib/python3.10/site-packages/airflow/example_dags/example_short_circuit_decorator.py
[2024-06-18T13:45:02.199+0545] {logging_mixin.py:188} INFO - [2024-06-18T13:45:02.199+0545] {dag.py:3096} INFO - Sync 1 DAGs
[2024-06-18T13:45:02.243+0545] {logging_mixin.py:188} INFO - [2024-06-18T13:45:02.242+0545] {dag.py:3954} INFO - Setting next_dagrun for example_short_circuit_decorator to 2024-06-17 00:00:00+00:00, run_after=2024-06-18 00:00:00+00:00
[2024-06-18T13:45:02.279+0545] {processor.py:183} INFO - Processing /home/prabal/afenv/lib/python3.10/site-packages/airflow/example_dags/example_short_circuit_decorator.py took 0.181 seconds
[2024-06-18T13:45:56.918+0545] {processor.py:161} INFO - Started process (PID=15195) to work on /home/prabal/afenv/lib/python3.10/site-packages/airflow/example_dags/example_short_circuit_decorator.py
[2024-06-18T13:45:56.934+0545] {processor.py:830} INFO - Processing file /home/prabal/afenv/lib/python3.10/site-packages/airflow/example_dags/example_short_circuit_decorator.py for tasks to queue
[2024-06-18T13:45:56.937+0545] {logging_mixin.py:188} INFO - [2024-06-18T13:45:56.936+0545] {dagbag.py:545} INFO - Filling up the DagBag from /home/prabal/afenv/lib/python3.10/site-packages/airflow/example_dags/example_short_circuit_decorator.py
[2024-06-18T13:45:56.953+0545] {processor.py:840} INFO - DAG(s) 'example_short_circuit_decorator' retrieved from /home/prabal/afenv/lib/python3.10/site-packages/airflow/example_dags/example_short_circuit_decorator.py
[2024-06-18T13:45:56.986+0545] {logging_mixin.py:188} INFO - [2024-06-18T13:45:56.986+0545] {dag.py:3096} INFO - Sync 1 DAGs
[2024-06-18T13:45:57.004+0545] {logging_mixin.py:188} INFO - [2024-06-18T13:45:57.003+0545] {dag.py:3954} INFO - Setting next_dagrun for example_short_circuit_decorator to 2024-06-17 00:00:00+00:00, run_after=2024-06-18 00:00:00+00:00
[2024-06-18T13:45:57.023+0545] {processor.py:183} INFO - Processing /home/prabal/afenv/lib/python3.10/site-packages/airflow/example_dags/example_short_circuit_decorator.py took 0.122 seconds
[2024-06-18T13:47:15.712+0545] {processor.py:161} INFO - Started process (PID=15577) to work on /home/prabal/afenv/lib/python3.10/site-packages/airflow/example_dags/example_short_circuit_decorator.py
[2024-06-18T13:47:15.725+0545] {processor.py:830} INFO - Processing file /home/prabal/afenv/lib/python3.10/site-packages/airflow/example_dags/example_short_circuit_decorator.py for tasks to queue
[2024-06-18T13:47:15.729+0545] {logging_mixin.py:188} INFO - [2024-06-18T13:47:15.728+0545] {dagbag.py:545} INFO - Filling up the DagBag from /home/prabal/afenv/lib/python3.10/site-packages/airflow/example_dags/example_short_circuit_decorator.py
[2024-06-18T13:47:15.747+0545] {processor.py:840} INFO - DAG(s) 'example_short_circuit_decorator' retrieved from /home/prabal/afenv/lib/python3.10/site-packages/airflow/example_dags/example_short_circuit_decorator.py
[2024-06-18T13:47:15.766+0545] {logging_mixin.py:188} INFO - [2024-06-18T13:47:15.766+0545] {dag.py:3096} INFO - Sync 1 DAGs
[2024-06-18T13:47:15.787+0545] {logging_mixin.py:188} INFO - [2024-06-18T13:47:15.787+0545] {dag.py:3954} INFO - Setting next_dagrun for example_short_circuit_decorator to 2024-06-17 00:00:00+00:00, run_after=2024-06-18 00:00:00+00:00
[2024-06-18T13:47:15.817+0545] {processor.py:183} INFO - Processing /home/prabal/afenv/lib/python3.10/site-packages/airflow/example_dags/example_short_circuit_decorator.py took 0.115 seconds
[2024-06-18T13:48:31.157+0545] {processor.py:161} INFO - Started process (PID=15948) to work on /home/prabal/afenv/lib/python3.10/site-packages/airflow/example_dags/example_short_circuit_decorator.py
[2024-06-18T13:48:31.169+0545] {processor.py:830} INFO - Processing file /home/prabal/afenv/lib/python3.10/site-packages/airflow/example_dags/example_short_circuit_decorator.py for tasks to queue
[2024-06-18T13:48:31.172+0545] {logging_mixin.py:188} INFO - [2024-06-18T13:48:31.171+0545] {dagbag.py:545} INFO - Filling up the DagBag from /home/prabal/afenv/lib/python3.10/site-packages/airflow/example_dags/example_short_circuit_decorator.py
[2024-06-18T13:48:31.185+0545] {processor.py:840} INFO - DAG(s) 'example_short_circuit_decorator' retrieved from /home/prabal/afenv/lib/python3.10/site-packages/airflow/example_dags/example_short_circuit_decorator.py
[2024-06-18T13:48:31.208+0545] {logging_mixin.py:188} INFO - [2024-06-18T13:48:31.208+0545] {dag.py:3096} INFO - Sync 1 DAGs
[2024-06-18T13:48:31.233+0545] {logging_mixin.py:188} INFO - [2024-06-18T13:48:31.233+0545] {dag.py:3954} INFO - Setting next_dagrun for example_short_circuit_decorator to 2024-06-17 00:00:00+00:00, run_after=2024-06-18 00:00:00+00:00
[2024-06-18T13:48:31.258+0545] {processor.py:183} INFO - Processing /home/prabal/afenv/lib/python3.10/site-packages/airflow/example_dags/example_short_circuit_decorator.py took 0.109 seconds
[2024-06-18T13:50:20.308+0545] {processor.py:161} INFO - Started process (PID=16493) to work on /home/prabal/afenv/lib/python3.10/site-packages/airflow/example_dags/example_short_circuit_decorator.py
[2024-06-18T13:50:20.322+0545] {processor.py:830} INFO - Processing file /home/prabal/afenv/lib/python3.10/site-packages/airflow/example_dags/example_short_circuit_decorator.py for tasks to queue
[2024-06-18T13:50:20.325+0545] {logging_mixin.py:188} INFO - [2024-06-18T13:50:20.325+0545] {dagbag.py:545} INFO - Filling up the DagBag from /home/prabal/afenv/lib/python3.10/site-packages/airflow/example_dags/example_short_circuit_decorator.py
[2024-06-18T13:50:20.342+0545] {processor.py:840} INFO - DAG(s) 'example_short_circuit_decorator' retrieved from /home/prabal/afenv/lib/python3.10/site-packages/airflow/example_dags/example_short_circuit_decorator.py
[2024-06-18T13:50:20.364+0545] {logging_mixin.py:188} INFO - [2024-06-18T13:50:20.363+0545] {dag.py:3096} INFO - Sync 1 DAGs
[2024-06-18T13:50:20.406+0545] {logging_mixin.py:188} INFO - [2024-06-18T13:50:20.406+0545] {dag.py:3954} INFO - Setting next_dagrun for example_short_circuit_decorator to 2024-06-17 00:00:00+00:00, run_after=2024-06-18 00:00:00+00:00
[2024-06-18T13:50:20.457+0545] {processor.py:183} INFO - Processing /home/prabal/afenv/lib/python3.10/site-packages/airflow/example_dags/example_short_circuit_decorator.py took 0.163 seconds
[2024-06-18T13:52:02.976+0545] {processor.py:161} INFO - Started process (PID=17029) to work on /home/prabal/afenv/lib/python3.10/site-packages/airflow/example_dags/example_short_circuit_decorator.py
[2024-06-18T13:52:02.978+0545] {processor.py:830} INFO - Processing file /home/prabal/afenv/lib/python3.10/site-packages/airflow/example_dags/example_short_circuit_decorator.py for tasks to queue
[2024-06-18T13:52:02.982+0545] {logging_mixin.py:188} INFO - [2024-06-18T13:52:02.981+0545] {dagbag.py:545} INFO - Filling up the DagBag from /home/prabal/afenv/lib/python3.10/site-packages/airflow/example_dags/example_short_circuit_decorator.py
[2024-06-18T13:52:02.998+0545] {processor.py:840} INFO - DAG(s) 'example_short_circuit_decorator' retrieved from /home/prabal/afenv/lib/python3.10/site-packages/airflow/example_dags/example_short_circuit_decorator.py
[2024-06-18T13:52:03.020+0545] {logging_mixin.py:188} INFO - [2024-06-18T13:52:03.020+0545] {dag.py:3096} INFO - Sync 1 DAGs
[2024-06-18T13:52:03.039+0545] {logging_mixin.py:188} INFO - [2024-06-18T13:52:03.039+0545] {dag.py:3954} INFO - Setting next_dagrun for example_short_circuit_decorator to 2024-06-17 00:00:00+00:00, run_after=2024-06-18 00:00:00+00:00
[2024-06-18T13:52:03.063+0545] {processor.py:183} INFO - Processing /home/prabal/afenv/lib/python3.10/site-packages/airflow/example_dags/example_short_circuit_decorator.py took 0.103 seconds
[2024-06-18T13:53:18.420+0545] {processor.py:161} INFO - Started process (PID=17427) to work on /home/prabal/afenv/lib/python3.10/site-packages/airflow/example_dags/example_short_circuit_decorator.py
[2024-06-18T13:53:18.422+0545] {processor.py:830} INFO - Processing file /home/prabal/afenv/lib/python3.10/site-packages/airflow/example_dags/example_short_circuit_decorator.py for tasks to queue
[2024-06-18T13:53:18.426+0545] {logging_mixin.py:188} INFO - [2024-06-18T13:53:18.425+0545] {dagbag.py:545} INFO - Filling up the DagBag from /home/prabal/afenv/lib/python3.10/site-packages/airflow/example_dags/example_short_circuit_decorator.py
[2024-06-18T13:53:18.438+0545] {processor.py:840} INFO - DAG(s) 'example_short_circuit_decorator' retrieved from /home/prabal/afenv/lib/python3.10/site-packages/airflow/example_dags/example_short_circuit_decorator.py
[2024-06-18T13:53:18.456+0545] {logging_mixin.py:188} INFO - [2024-06-18T13:53:18.456+0545] {dag.py:3096} INFO - Sync 1 DAGs
[2024-06-18T13:53:18.475+0545] {logging_mixin.py:188} INFO - [2024-06-18T13:53:18.474+0545] {dag.py:3954} INFO - Setting next_dagrun for example_short_circuit_decorator to 2024-06-17 00:00:00+00:00, run_after=2024-06-18 00:00:00+00:00
[2024-06-18T13:53:18.496+0545] {processor.py:183} INFO - Processing /home/prabal/afenv/lib/python3.10/site-packages/airflow/example_dags/example_short_circuit_decorator.py took 0.091 seconds
[2024-06-18T13:54:19.277+0545] {processor.py:161} INFO - Started process (PID=17724) to work on /home/prabal/afenv/lib/python3.10/site-packages/airflow/example_dags/example_short_circuit_decorator.py
[2024-06-18T13:54:19.290+0545] {processor.py:830} INFO - Processing file /home/prabal/afenv/lib/python3.10/site-packages/airflow/example_dags/example_short_circuit_decorator.py for tasks to queue
[2024-06-18T13:54:19.295+0545] {logging_mixin.py:188} INFO - [2024-06-18T13:54:19.294+0545] {dagbag.py:545} INFO - Filling up the DagBag from /home/prabal/afenv/lib/python3.10/site-packages/airflow/example_dags/example_short_circuit_decorator.py
[2024-06-18T13:54:19.317+0545] {processor.py:840} INFO - DAG(s) 'example_short_circuit_decorator' retrieved from /home/prabal/afenv/lib/python3.10/site-packages/airflow/example_dags/example_short_circuit_decorator.py
[2024-06-18T13:54:19.347+0545] {logging_mixin.py:188} INFO - [2024-06-18T13:54:19.346+0545] {dag.py:3096} INFO - Sync 1 DAGs
[2024-06-18T13:54:19.368+0545] {logging_mixin.py:188} INFO - [2024-06-18T13:54:19.368+0545] {dag.py:3954} INFO - Setting next_dagrun for example_short_circuit_decorator to 2024-06-17 00:00:00+00:00, run_after=2024-06-18 00:00:00+00:00
[2024-06-18T13:54:19.393+0545] {processor.py:183} INFO - Processing /home/prabal/afenv/lib/python3.10/site-packages/airflow/example_dags/example_short_circuit_decorator.py took 0.131 seconds
[2024-06-18T13:55:53.081+0545] {processor.py:161} INFO - Started process (PID=18200) to work on /home/prabal/afenv/lib/python3.10/site-packages/airflow/example_dags/example_short_circuit_decorator.py
[2024-06-18T13:55:53.095+0545] {processor.py:830} INFO - Processing file /home/prabal/afenv/lib/python3.10/site-packages/airflow/example_dags/example_short_circuit_decorator.py for tasks to queue
[2024-06-18T13:55:53.098+0545] {logging_mixin.py:188} INFO - [2024-06-18T13:55:53.098+0545] {dagbag.py:545} INFO - Filling up the DagBag from /home/prabal/afenv/lib/python3.10/site-packages/airflow/example_dags/example_short_circuit_decorator.py
[2024-06-18T13:55:53.118+0545] {processor.py:840} INFO - DAG(s) 'example_short_circuit_decorator' retrieved from /home/prabal/afenv/lib/python3.10/site-packages/airflow/example_dags/example_short_circuit_decorator.py
[2024-06-18T13:55:53.139+0545] {logging_mixin.py:188} INFO - [2024-06-18T13:55:53.139+0545] {dag.py:3096} INFO - Sync 1 DAGs
[2024-06-18T13:55:53.158+0545] {logging_mixin.py:188} INFO - [2024-06-18T13:55:53.157+0545] {dag.py:3954} INFO - Setting next_dagrun for example_short_circuit_decorator to 2024-06-17 00:00:00+00:00, run_after=2024-06-18 00:00:00+00:00
[2024-06-18T13:55:53.176+0545] {processor.py:183} INFO - Processing /home/prabal/afenv/lib/python3.10/site-packages/airflow/example_dags/example_short_circuit_decorator.py took 0.109 seconds
[2024-06-18T13:57:08.552+0545] {processor.py:161} INFO - Started process (PID=18565) to work on /home/prabal/afenv/lib/python3.10/site-packages/airflow/example_dags/example_short_circuit_decorator.py
[2024-06-18T13:57:08.565+0545] {processor.py:830} INFO - Processing file /home/prabal/afenv/lib/python3.10/site-packages/airflow/example_dags/example_short_circuit_decorator.py for tasks to queue
[2024-06-18T13:57:08.569+0545] {logging_mixin.py:188} INFO - [2024-06-18T13:57:08.568+0545] {dagbag.py:545} INFO - Filling up the DagBag from /home/prabal/afenv/lib/python3.10/site-packages/airflow/example_dags/example_short_circuit_decorator.py
[2024-06-18T13:57:08.590+0545] {processor.py:840} INFO - DAG(s) 'example_short_circuit_decorator' retrieved from /home/prabal/afenv/lib/python3.10/site-packages/airflow/example_dags/example_short_circuit_decorator.py
[2024-06-18T13:57:08.618+0545] {logging_mixin.py:188} INFO - [2024-06-18T13:57:08.618+0545] {dag.py:3096} INFO - Sync 1 DAGs
[2024-06-18T13:57:08.636+0545] {logging_mixin.py:188} INFO - [2024-06-18T13:57:08.636+0545] {dag.py:3954} INFO - Setting next_dagrun for example_short_circuit_decorator to 2024-06-17 00:00:00+00:00, run_after=2024-06-18 00:00:00+00:00
[2024-06-18T13:57:08.656+0545] {processor.py:183} INFO - Processing /home/prabal/afenv/lib/python3.10/site-packages/airflow/example_dags/example_short_circuit_decorator.py took 0.117 seconds
[2024-06-18T14:05:53.985+0545] {processor.py:161} INFO - Started process (PID=20913) to work on /home/prabal/afenv/lib/python3.10/site-packages/airflow/example_dags/example_short_circuit_decorator.py
[2024-06-18T14:05:53.998+0545] {processor.py:830} INFO - Processing file /home/prabal/afenv/lib/python3.10/site-packages/airflow/example_dags/example_short_circuit_decorator.py for tasks to queue
[2024-06-18T14:05:54.002+0545] {logging_mixin.py:188} INFO - [2024-06-18T14:05:54.001+0545] {dagbag.py:545} INFO - Filling up the DagBag from /home/prabal/afenv/lib/python3.10/site-packages/airflow/example_dags/example_short_circuit_decorator.py
[2024-06-18T14:05:54.020+0545] {processor.py:840} INFO - DAG(s) 'example_short_circuit_decorator' retrieved from /home/prabal/afenv/lib/python3.10/site-packages/airflow/example_dags/example_short_circuit_decorator.py
[2024-06-18T14:05:54.050+0545] {logging_mixin.py:188} INFO - [2024-06-18T14:05:54.049+0545] {dag.py:3096} INFO - Sync 1 DAGs
[2024-06-18T14:05:54.081+0545] {logging_mixin.py:188} INFO - [2024-06-18T14:05:54.080+0545] {dag.py:3954} INFO - Setting next_dagrun for example_short_circuit_decorator to 2024-06-17 00:00:00+00:00, run_after=2024-06-18 00:00:00+00:00
[2024-06-18T14:05:54.106+0545] {processor.py:183} INFO - Processing /home/prabal/afenv/lib/python3.10/site-packages/airflow/example_dags/example_short_circuit_decorator.py took 0.137 seconds
[2024-06-18T14:06:53.704+0545] {processor.py:161} INFO - Started process (PID=21196) to work on /home/prabal/afenv/lib/python3.10/site-packages/airflow/example_dags/example_short_circuit_decorator.py
[2024-06-18T14:06:53.706+0545] {processor.py:830} INFO - Processing file /home/prabal/afenv/lib/python3.10/site-packages/airflow/example_dags/example_short_circuit_decorator.py for tasks to queue
[2024-06-18T14:06:53.709+0545] {logging_mixin.py:188} INFO - [2024-06-18T14:06:53.708+0545] {dagbag.py:545} INFO - Filling up the DagBag from /home/prabal/afenv/lib/python3.10/site-packages/airflow/example_dags/example_short_circuit_decorator.py
[2024-06-18T14:06:53.721+0545] {processor.py:840} INFO - DAG(s) 'example_short_circuit_decorator' retrieved from /home/prabal/afenv/lib/python3.10/site-packages/airflow/example_dags/example_short_circuit_decorator.py
[2024-06-18T14:06:53.741+0545] {logging_mixin.py:188} INFO - [2024-06-18T14:06:53.740+0545] {dag.py:3096} INFO - Sync 1 DAGs
[2024-06-18T14:06:53.842+0545] {logging_mixin.py:188} INFO - [2024-06-18T14:06:53.842+0545] {dag.py:3954} INFO - Setting next_dagrun for example_short_circuit_decorator to 2024-06-17 00:00:00+00:00, run_after=2024-06-18 00:00:00+00:00
[2024-06-18T14:06:53.891+0545] {processor.py:183} INFO - Processing /home/prabal/afenv/lib/python3.10/site-packages/airflow/example_dags/example_short_circuit_decorator.py took 0.201 seconds
[2024-06-18T14:07:49.639+0545] {processor.py:161} INFO - Started process (PID=21478) to work on /home/prabal/afenv/lib/python3.10/site-packages/airflow/example_dags/example_short_circuit_decorator.py
[2024-06-18T14:07:49.652+0545] {processor.py:830} INFO - Processing file /home/prabal/afenv/lib/python3.10/site-packages/airflow/example_dags/example_short_circuit_decorator.py for tasks to queue
[2024-06-18T14:07:49.655+0545] {logging_mixin.py:188} INFO - [2024-06-18T14:07:49.654+0545] {dagbag.py:545} INFO - Filling up the DagBag from /home/prabal/afenv/lib/python3.10/site-packages/airflow/example_dags/example_short_circuit_decorator.py
[2024-06-18T14:07:49.668+0545] {processor.py:840} INFO - DAG(s) 'example_short_circuit_decorator' retrieved from /home/prabal/afenv/lib/python3.10/site-packages/airflow/example_dags/example_short_circuit_decorator.py
[2024-06-18T14:07:49.703+0545] {logging_mixin.py:188} INFO - [2024-06-18T14:07:49.703+0545] {dag.py:3096} INFO - Sync 1 DAGs
[2024-06-18T14:07:49.738+0545] {logging_mixin.py:188} INFO - [2024-06-18T14:07:49.737+0545] {dag.py:3954} INFO - Setting next_dagrun for example_short_circuit_decorator to 2024-06-17 00:00:00+00:00, run_after=2024-06-18 00:00:00+00:00
[2024-06-18T14:07:49.779+0545] {processor.py:183} INFO - Processing /home/prabal/afenv/lib/python3.10/site-packages/airflow/example_dags/example_short_circuit_decorator.py took 0.154 seconds
[2024-06-18T14:08:46.464+0545] {processor.py:161} INFO - Started process (PID=21748) to work on /home/prabal/afenv/lib/python3.10/site-packages/airflow/example_dags/example_short_circuit_decorator.py
[2024-06-18T14:08:46.476+0545] {processor.py:830} INFO - Processing file /home/prabal/afenv/lib/python3.10/site-packages/airflow/example_dags/example_short_circuit_decorator.py for tasks to queue
[2024-06-18T14:08:46.480+0545] {logging_mixin.py:188} INFO - [2024-06-18T14:08:46.479+0545] {dagbag.py:545} INFO - Filling up the DagBag from /home/prabal/afenv/lib/python3.10/site-packages/airflow/example_dags/example_short_circuit_decorator.py
[2024-06-18T14:08:46.498+0545] {processor.py:840} INFO - DAG(s) 'example_short_circuit_decorator' retrieved from /home/prabal/afenv/lib/python3.10/site-packages/airflow/example_dags/example_short_circuit_decorator.py
[2024-06-18T14:08:46.541+0545] {logging_mixin.py:188} INFO - [2024-06-18T14:08:46.541+0545] {dag.py:3096} INFO - Sync 1 DAGs
[2024-06-18T14:08:46.584+0545] {logging_mixin.py:188} INFO - [2024-06-18T14:08:46.583+0545] {dag.py:3954} INFO - Setting next_dagrun for example_short_circuit_decorator to 2024-06-17 00:00:00+00:00, run_after=2024-06-18 00:00:00+00:00
[2024-06-18T14:08:46.632+0545] {processor.py:183} INFO - Processing /home/prabal/afenv/lib/python3.10/site-packages/airflow/example_dags/example_short_circuit_decorator.py took 0.176 seconds
[2024-06-18T14:09:42.356+0545] {processor.py:161} INFO - Started process (PID=22018) to work on /home/prabal/afenv/lib/python3.10/site-packages/airflow/example_dags/example_short_circuit_decorator.py
[2024-06-18T14:09:42.370+0545] {processor.py:830} INFO - Processing file /home/prabal/afenv/lib/python3.10/site-packages/airflow/example_dags/example_short_circuit_decorator.py for tasks to queue
[2024-06-18T14:09:42.373+0545] {logging_mixin.py:188} INFO - [2024-06-18T14:09:42.372+0545] {dagbag.py:545} INFO - Filling up the DagBag from /home/prabal/afenv/lib/python3.10/site-packages/airflow/example_dags/example_short_circuit_decorator.py
[2024-06-18T14:09:42.393+0545] {processor.py:840} INFO - DAG(s) 'example_short_circuit_decorator' retrieved from /home/prabal/afenv/lib/python3.10/site-packages/airflow/example_dags/example_short_circuit_decorator.py
[2024-06-18T14:09:42.416+0545] {logging_mixin.py:188} INFO - [2024-06-18T14:09:42.416+0545] {dag.py:3096} INFO - Sync 1 DAGs
[2024-06-18T14:09:42.455+0545] {logging_mixin.py:188} INFO - [2024-06-18T14:09:42.455+0545] {dag.py:3954} INFO - Setting next_dagrun for example_short_circuit_decorator to 2024-06-17 00:00:00+00:00, run_after=2024-06-18 00:00:00+00:00
[2024-06-18T14:09:42.475+0545] {processor.py:183} INFO - Processing /home/prabal/afenv/lib/python3.10/site-packages/airflow/example_dags/example_short_circuit_decorator.py took 0.133 seconds
[2024-06-18T14:11:02.961+0545] {processor.py:161} INFO - Started process (PID=22405) to work on /home/prabal/afenv/lib/python3.10/site-packages/airflow/example_dags/example_short_circuit_decorator.py
[2024-06-18T14:11:02.975+0545] {processor.py:830} INFO - Processing file /home/prabal/afenv/lib/python3.10/site-packages/airflow/example_dags/example_short_circuit_decorator.py for tasks to queue
[2024-06-18T14:11:02.978+0545] {logging_mixin.py:188} INFO - [2024-06-18T14:11:02.977+0545] {dagbag.py:545} INFO - Filling up the DagBag from /home/prabal/afenv/lib/python3.10/site-packages/airflow/example_dags/example_short_circuit_decorator.py
[2024-06-18T14:11:03.000+0545] {processor.py:840} INFO - DAG(s) 'example_short_circuit_decorator' retrieved from /home/prabal/afenv/lib/python3.10/site-packages/airflow/example_dags/example_short_circuit_decorator.py
[2024-06-18T14:11:03.037+0545] {logging_mixin.py:188} INFO - [2024-06-18T14:11:03.036+0545] {dag.py:3096} INFO - Sync 1 DAGs
[2024-06-18T14:11:03.077+0545] {logging_mixin.py:188} INFO - [2024-06-18T14:11:03.077+0545] {dag.py:3954} INFO - Setting next_dagrun for example_short_circuit_decorator to 2024-06-17 00:00:00+00:00, run_after=2024-06-18 00:00:00+00:00
[2024-06-18T14:11:03.120+0545] {processor.py:183} INFO - Processing /home/prabal/afenv/lib/python3.10/site-packages/airflow/example_dags/example_short_circuit_decorator.py took 0.173 seconds
[2024-06-18T14:12:19.771+0545] {processor.py:161} INFO - Started process (PID=22776) to work on /home/prabal/afenv/lib/python3.10/site-packages/airflow/example_dags/example_short_circuit_decorator.py
[2024-06-18T14:12:19.773+0545] {processor.py:830} INFO - Processing file /home/prabal/afenv/lib/python3.10/site-packages/airflow/example_dags/example_short_circuit_decorator.py for tasks to queue
[2024-06-18T14:12:19.775+0545] {logging_mixin.py:188} INFO - [2024-06-18T14:12:19.774+0545] {dagbag.py:545} INFO - Filling up the DagBag from /home/prabal/afenv/lib/python3.10/site-packages/airflow/example_dags/example_short_circuit_decorator.py
[2024-06-18T14:12:19.785+0545] {processor.py:840} INFO - DAG(s) 'example_short_circuit_decorator' retrieved from /home/prabal/afenv/lib/python3.10/site-packages/airflow/example_dags/example_short_circuit_decorator.py
[2024-06-18T14:12:19.811+0545] {logging_mixin.py:188} INFO - [2024-06-18T14:12:19.810+0545] {dag.py:3096} INFO - Sync 1 DAGs
[2024-06-18T14:12:19.840+0545] {logging_mixin.py:188} INFO - [2024-06-18T14:12:19.840+0545] {dag.py:3954} INFO - Setting next_dagrun for example_short_circuit_decorator to 2024-06-17 00:00:00+00:00, run_after=2024-06-18 00:00:00+00:00
[2024-06-18T14:12:19.872+0545] {processor.py:183} INFO - Processing /home/prabal/afenv/lib/python3.10/site-packages/airflow/example_dags/example_short_circuit_decorator.py took 0.109 seconds
[2024-06-18T14:13:35.291+0545] {processor.py:161} INFO - Started process (PID=23142) to work on /home/prabal/afenv/lib/python3.10/site-packages/airflow/example_dags/example_short_circuit_decorator.py
[2024-06-18T14:13:35.304+0545] {processor.py:830} INFO - Processing file /home/prabal/afenv/lib/python3.10/site-packages/airflow/example_dags/example_short_circuit_decorator.py for tasks to queue
[2024-06-18T14:13:35.307+0545] {logging_mixin.py:188} INFO - [2024-06-18T14:13:35.307+0545] {dagbag.py:545} INFO - Filling up the DagBag from /home/prabal/afenv/lib/python3.10/site-packages/airflow/example_dags/example_short_circuit_decorator.py
[2024-06-18T14:13:35.329+0545] {processor.py:840} INFO - DAG(s) 'example_short_circuit_decorator' retrieved from /home/prabal/afenv/lib/python3.10/site-packages/airflow/example_dags/example_short_circuit_decorator.py
[2024-06-18T14:13:35.354+0545] {logging_mixin.py:188} INFO - [2024-06-18T14:13:35.353+0545] {dag.py:3096} INFO - Sync 1 DAGs
[2024-06-18T14:13:35.371+0545] {logging_mixin.py:188} INFO - [2024-06-18T14:13:35.370+0545] {dag.py:3954} INFO - Setting next_dagrun for example_short_circuit_decorator to 2024-06-17 00:00:00+00:00, run_after=2024-06-18 00:00:00+00:00
[2024-06-18T14:13:35.389+0545] {processor.py:183} INFO - Processing /home/prabal/afenv/lib/python3.10/site-packages/airflow/example_dags/example_short_circuit_decorator.py took 0.112 seconds
[2024-06-18T14:14:53.104+0545] {processor.py:161} INFO - Started process (PID=23516) to work on /home/prabal/afenv/lib/python3.10/site-packages/airflow/example_dags/example_short_circuit_decorator.py
[2024-06-18T14:14:53.117+0545] {processor.py:830} INFO - Processing file /home/prabal/afenv/lib/python3.10/site-packages/airflow/example_dags/example_short_circuit_decorator.py for tasks to queue
[2024-06-18T14:14:53.121+0545] {logging_mixin.py:188} INFO - [2024-06-18T14:14:53.120+0545] {dagbag.py:545} INFO - Filling up the DagBag from /home/prabal/afenv/lib/python3.10/site-packages/airflow/example_dags/example_short_circuit_decorator.py
[2024-06-18T14:14:53.140+0545] {processor.py:840} INFO - DAG(s) 'example_short_circuit_decorator' retrieved from /home/prabal/afenv/lib/python3.10/site-packages/airflow/example_dags/example_short_circuit_decorator.py
[2024-06-18T14:14:53.172+0545] {logging_mixin.py:188} INFO - [2024-06-18T14:14:53.172+0545] {dag.py:3096} INFO - Sync 1 DAGs
[2024-06-18T14:14:53.190+0545] {logging_mixin.py:188} INFO - [2024-06-18T14:14:53.190+0545] {dag.py:3954} INFO - Setting next_dagrun for example_short_circuit_decorator to 2024-06-17 00:00:00+00:00, run_after=2024-06-18 00:00:00+00:00
[2024-06-18T14:14:53.208+0545] {processor.py:183} INFO - Processing /home/prabal/afenv/lib/python3.10/site-packages/airflow/example_dags/example_short_circuit_decorator.py took 0.119 seconds
[2024-06-18T14:16:00.700+0545] {processor.py:161} INFO - Started process (PID=23866) to work on /home/prabal/afenv/lib/python3.10/site-packages/airflow/example_dags/example_short_circuit_decorator.py
[2024-06-18T14:16:00.713+0545] {processor.py:830} INFO - Processing file /home/prabal/afenv/lib/python3.10/site-packages/airflow/example_dags/example_short_circuit_decorator.py for tasks to queue
[2024-06-18T14:16:00.717+0545] {logging_mixin.py:188} INFO - [2024-06-18T14:16:00.716+0545] {dagbag.py:545} INFO - Filling up the DagBag from /home/prabal/afenv/lib/python3.10/site-packages/airflow/example_dags/example_short_circuit_decorator.py
[2024-06-18T14:16:00.736+0545] {processor.py:840} INFO - DAG(s) 'example_short_circuit_decorator' retrieved from /home/prabal/afenv/lib/python3.10/site-packages/airflow/example_dags/example_short_circuit_decorator.py
[2024-06-18T14:16:00.758+0545] {logging_mixin.py:188} INFO - [2024-06-18T14:16:00.758+0545] {dag.py:3096} INFO - Sync 1 DAGs
[2024-06-18T14:16:00.776+0545] {logging_mixin.py:188} INFO - [2024-06-18T14:16:00.776+0545] {dag.py:3954} INFO - Setting next_dagrun for example_short_circuit_decorator to 2024-06-17 00:00:00+00:00, run_after=2024-06-18 00:00:00+00:00
[2024-06-18T14:16:00.797+0545] {processor.py:183} INFO - Processing /home/prabal/afenv/lib/python3.10/site-packages/airflow/example_dags/example_short_circuit_decorator.py took 0.111 seconds
[2024-06-18T14:16:57.621+0545] {processor.py:161} INFO - Started process (PID=24138) to work on /home/prabal/afenv/lib/python3.10/site-packages/airflow/example_dags/example_short_circuit_decorator.py
[2024-06-18T14:16:57.623+0545] {processor.py:830} INFO - Processing file /home/prabal/afenv/lib/python3.10/site-packages/airflow/example_dags/example_short_circuit_decorator.py for tasks to queue
[2024-06-18T14:16:57.626+0545] {logging_mixin.py:188} INFO - [2024-06-18T14:16:57.625+0545] {dagbag.py:545} INFO - Filling up the DagBag from /home/prabal/afenv/lib/python3.10/site-packages/airflow/example_dags/example_short_circuit_decorator.py
[2024-06-18T14:16:57.635+0545] {processor.py:840} INFO - DAG(s) 'example_short_circuit_decorator' retrieved from /home/prabal/afenv/lib/python3.10/site-packages/airflow/example_dags/example_short_circuit_decorator.py
[2024-06-18T14:16:57.653+0545] {logging_mixin.py:188} INFO - [2024-06-18T14:16:57.653+0545] {dag.py:3096} INFO - Sync 1 DAGs
[2024-06-18T14:16:57.672+0545] {logging_mixin.py:188} INFO - [2024-06-18T14:16:57.672+0545] {dag.py:3954} INFO - Setting next_dagrun for example_short_circuit_decorator to 2024-06-17 00:00:00+00:00, run_after=2024-06-18 00:00:00+00:00
[2024-06-18T14:16:57.693+0545] {processor.py:183} INFO - Processing /home/prabal/afenv/lib/python3.10/site-packages/airflow/example_dags/example_short_circuit_decorator.py took 0.086 seconds
[2024-06-18T14:18:20.067+0545] {processor.py:161} INFO - Started process (PID=24536) to work on /home/prabal/afenv/lib/python3.10/site-packages/airflow/example_dags/example_short_circuit_decorator.py
[2024-06-18T14:18:20.081+0545] {processor.py:830} INFO - Processing file /home/prabal/afenv/lib/python3.10/site-packages/airflow/example_dags/example_short_circuit_decorator.py for tasks to queue
[2024-06-18T14:18:20.084+0545] {logging_mixin.py:188} INFO - [2024-06-18T14:18:20.083+0545] {dagbag.py:545} INFO - Filling up the DagBag from /home/prabal/afenv/lib/python3.10/site-packages/airflow/example_dags/example_short_circuit_decorator.py
[2024-06-18T14:18:20.106+0545] {processor.py:840} INFO - DAG(s) 'example_short_circuit_decorator' retrieved from /home/prabal/afenv/lib/python3.10/site-packages/airflow/example_dags/example_short_circuit_decorator.py
[2024-06-18T14:18:20.131+0545] {logging_mixin.py:188} INFO - [2024-06-18T14:18:20.131+0545] {dag.py:3096} INFO - Sync 1 DAGs
[2024-06-18T14:18:20.160+0545] {logging_mixin.py:188} INFO - [2024-06-18T14:18:20.160+0545] {dag.py:3954} INFO - Setting next_dagrun for example_short_circuit_decorator to 2024-06-17 00:00:00+00:00, run_after=2024-06-18 00:00:00+00:00
[2024-06-18T14:18:20.181+0545] {processor.py:183} INFO - Processing /home/prabal/afenv/lib/python3.10/site-packages/airflow/example_dags/example_short_circuit_decorator.py took 0.130 seconds
[2024-06-18T14:19:42.907+0545] {processor.py:161} INFO - Started process (PID=24931) to work on /home/prabal/afenv/lib/python3.10/site-packages/airflow/example_dags/example_short_circuit_decorator.py
[2024-06-18T14:19:42.920+0545] {processor.py:830} INFO - Processing file /home/prabal/afenv/lib/python3.10/site-packages/airflow/example_dags/example_short_circuit_decorator.py for tasks to queue
[2024-06-18T14:19:42.923+0545] {logging_mixin.py:188} INFO - [2024-06-18T14:19:42.923+0545] {dagbag.py:545} INFO - Filling up the DagBag from /home/prabal/afenv/lib/python3.10/site-packages/airflow/example_dags/example_short_circuit_decorator.py
[2024-06-18T14:19:42.945+0545] {processor.py:840} INFO - DAG(s) 'example_short_circuit_decorator' retrieved from /home/prabal/afenv/lib/python3.10/site-packages/airflow/example_dags/example_short_circuit_decorator.py
[2024-06-18T14:19:42.984+0545] {logging_mixin.py:188} INFO - [2024-06-18T14:19:42.983+0545] {dag.py:3096} INFO - Sync 1 DAGs
[2024-06-18T14:19:43.011+0545] {logging_mixin.py:188} INFO - [2024-06-18T14:19:43.011+0545] {dag.py:3954} INFO - Setting next_dagrun for example_short_circuit_decorator to 2024-06-17 00:00:00+00:00, run_after=2024-06-18 00:00:00+00:00
[2024-06-18T14:19:43.036+0545] {processor.py:183} INFO - Processing /home/prabal/afenv/lib/python3.10/site-packages/airflow/example_dags/example_short_circuit_decorator.py took 0.145 seconds
[2024-06-18T14:20:59.914+0545] {processor.py:161} INFO - Started process (PID=25303) to work on /home/prabal/afenv/lib/python3.10/site-packages/airflow/example_dags/example_short_circuit_decorator.py
[2024-06-18T14:20:59.927+0545] {processor.py:830} INFO - Processing file /home/prabal/afenv/lib/python3.10/site-packages/airflow/example_dags/example_short_circuit_decorator.py for tasks to queue
[2024-06-18T14:20:59.930+0545] {logging_mixin.py:188} INFO - [2024-06-18T14:20:59.929+0545] {dagbag.py:545} INFO - Filling up the DagBag from /home/prabal/afenv/lib/python3.10/site-packages/airflow/example_dags/example_short_circuit_decorator.py
[2024-06-18T14:20:59.952+0545] {processor.py:840} INFO - DAG(s) 'example_short_circuit_decorator' retrieved from /home/prabal/afenv/lib/python3.10/site-packages/airflow/example_dags/example_short_circuit_decorator.py
[2024-06-18T14:20:59.995+0545] {logging_mixin.py:188} INFO - [2024-06-18T14:20:59.994+0545] {dag.py:3096} INFO - Sync 1 DAGs
[2024-06-18T14:21:00.032+0545] {logging_mixin.py:188} INFO - [2024-06-18T14:21:00.032+0545] {dag.py:3954} INFO - Setting next_dagrun for example_short_circuit_decorator to 2024-06-17 00:00:00+00:00, run_after=2024-06-18 00:00:00+00:00
[2024-06-18T14:21:00.068+0545] {processor.py:183} INFO - Processing /home/prabal/afenv/lib/python3.10/site-packages/airflow/example_dags/example_short_circuit_decorator.py took 0.169 seconds
[2024-06-18T14:22:21.095+0545] {processor.py:161} INFO - Started process (PID=25691) to work on /home/prabal/afenv/lib/python3.10/site-packages/airflow/example_dags/example_short_circuit_decorator.py
[2024-06-18T14:22:21.109+0545] {processor.py:830} INFO - Processing file /home/prabal/afenv/lib/python3.10/site-packages/airflow/example_dags/example_short_circuit_decorator.py for tasks to queue
[2024-06-18T14:22:21.113+0545] {logging_mixin.py:188} INFO - [2024-06-18T14:22:21.112+0545] {dagbag.py:545} INFO - Filling up the DagBag from /home/prabal/afenv/lib/python3.10/site-packages/airflow/example_dags/example_short_circuit_decorator.py
[2024-06-18T14:22:21.137+0545] {processor.py:840} INFO - DAG(s) 'example_short_circuit_decorator' retrieved from /home/prabal/afenv/lib/python3.10/site-packages/airflow/example_dags/example_short_circuit_decorator.py
[2024-06-18T14:22:21.174+0545] {logging_mixin.py:188} INFO - [2024-06-18T14:22:21.174+0545] {dag.py:3096} INFO - Sync 1 DAGs
[2024-06-18T14:22:21.193+0545] {logging_mixin.py:188} INFO - [2024-06-18T14:22:21.193+0545] {dag.py:3954} INFO - Setting next_dagrun for example_short_circuit_decorator to 2024-06-17 00:00:00+00:00, run_after=2024-06-18 00:00:00+00:00
[2024-06-18T14:22:21.217+0545] {processor.py:183} INFO - Processing /home/prabal/afenv/lib/python3.10/site-packages/airflow/example_dags/example_short_circuit_decorator.py took 0.137 seconds
[2024-06-18T14:23:16.741+0545] {processor.py:161} INFO - Started process (PID=25961) to work on /home/prabal/afenv/lib/python3.10/site-packages/airflow/example_dags/example_short_circuit_decorator.py
[2024-06-18T14:23:16.754+0545] {processor.py:830} INFO - Processing file /home/prabal/afenv/lib/python3.10/site-packages/airflow/example_dags/example_short_circuit_decorator.py for tasks to queue
[2024-06-18T14:23:16.757+0545] {logging_mixin.py:188} INFO - [2024-06-18T14:23:16.756+0545] {dagbag.py:545} INFO - Filling up the DagBag from /home/prabal/afenv/lib/python3.10/site-packages/airflow/example_dags/example_short_circuit_decorator.py
[2024-06-18T14:23:16.775+0545] {processor.py:840} INFO - DAG(s) 'example_short_circuit_decorator' retrieved from /home/prabal/afenv/lib/python3.10/site-packages/airflow/example_dags/example_short_circuit_decorator.py
[2024-06-18T14:23:16.793+0545] {logging_mixin.py:188} INFO - [2024-06-18T14:23:16.793+0545] {dag.py:3096} INFO - Sync 1 DAGs
[2024-06-18T14:23:16.809+0545] {logging_mixin.py:188} INFO - [2024-06-18T14:23:16.808+0545] {dag.py:3954} INFO - Setting next_dagrun for example_short_circuit_decorator to 2024-06-17 00:00:00+00:00, run_after=2024-06-18 00:00:00+00:00
[2024-06-18T14:23:16.828+0545] {processor.py:183} INFO - Processing /home/prabal/afenv/lib/python3.10/site-packages/airflow/example_dags/example_short_circuit_decorator.py took 0.104 seconds
[2024-06-18T17:17:09.163+0545] {processor.py:161} INFO - Started process (PID=4526) to work on /home/prabal/afenv/lib/python3.10/site-packages/airflow/example_dags/example_short_circuit_decorator.py
[2024-06-18T17:17:09.185+0545] {processor.py:830} INFO - Processing file /home/prabal/afenv/lib/python3.10/site-packages/airflow/example_dags/example_short_circuit_decorator.py for tasks to queue
[2024-06-18T17:17:09.186+0545] {logging_mixin.py:188} INFO - [2024-06-18T17:17:09.186+0545] {dagbag.py:545} INFO - Filling up the DagBag from /home/prabal/afenv/lib/python3.10/site-packages/airflow/example_dags/example_short_circuit_decorator.py
[2024-06-18T17:17:09.203+0545] {processor.py:840} INFO - DAG(s) 'example_short_circuit_decorator' retrieved from /home/prabal/afenv/lib/python3.10/site-packages/airflow/example_dags/example_short_circuit_decorator.py
[2024-06-18T17:17:09.278+0545] {logging_mixin.py:188} INFO - [2024-06-18T17:17:09.278+0545] {dag.py:3096} INFO - Sync 1 DAGs
[2024-06-18T17:17:09.365+0545] {logging_mixin.py:188} INFO - [2024-06-18T17:17:09.365+0545] {dag.py:3954} INFO - Setting next_dagrun for example_short_circuit_decorator to 2024-06-17 00:00:00+00:00, run_after=2024-06-18 00:00:00+00:00
[2024-06-18T17:17:09.406+0545] {processor.py:183} INFO - Processing /home/prabal/afenv/lib/python3.10/site-packages/airflow/example_dags/example_short_circuit_decorator.py took 0.250 seconds
[2024-06-18T17:18:14.244+0545] {processor.py:161} INFO - Started process (PID=4888) to work on /home/prabal/afenv/lib/python3.10/site-packages/airflow/example_dags/example_short_circuit_decorator.py
[2024-06-18T17:18:14.257+0545] {processor.py:830} INFO - Processing file /home/prabal/afenv/lib/python3.10/site-packages/airflow/example_dags/example_short_circuit_decorator.py for tasks to queue
[2024-06-18T17:18:14.259+0545] {logging_mixin.py:188} INFO - [2024-06-18T17:18:14.258+0545] {dagbag.py:545} INFO - Filling up the DagBag from /home/prabal/afenv/lib/python3.10/site-packages/airflow/example_dags/example_short_circuit_decorator.py
[2024-06-18T17:18:14.278+0545] {processor.py:840} INFO - DAG(s) 'example_short_circuit_decorator' retrieved from /home/prabal/afenv/lib/python3.10/site-packages/airflow/example_dags/example_short_circuit_decorator.py
[2024-06-18T17:18:14.313+0545] {logging_mixin.py:188} INFO - [2024-06-18T17:18:14.313+0545] {dag.py:3096} INFO - Sync 1 DAGs
[2024-06-18T17:18:14.344+0545] {logging_mixin.py:188} INFO - [2024-06-18T17:18:14.344+0545] {dag.py:3954} INFO - Setting next_dagrun for example_short_circuit_decorator to 2024-06-17 00:00:00+00:00, run_after=2024-06-18 00:00:00+00:00
[2024-06-18T17:18:14.467+0545] {processor.py:183} INFO - Processing /home/prabal/afenv/lib/python3.10/site-packages/airflow/example_dags/example_short_circuit_decorator.py took 0.236 seconds
[2024-06-18T17:19:15.064+0545] {processor.py:161} INFO - Started process (PID=5548) to work on /home/prabal/afenv/lib/python3.10/site-packages/airflow/example_dags/example_short_circuit_decorator.py
[2024-06-18T17:19:15.077+0545] {processor.py:830} INFO - Processing file /home/prabal/afenv/lib/python3.10/site-packages/airflow/example_dags/example_short_circuit_decorator.py for tasks to queue
[2024-06-18T17:19:15.079+0545] {logging_mixin.py:188} INFO - [2024-06-18T17:19:15.078+0545] {dagbag.py:545} INFO - Filling up the DagBag from /home/prabal/afenv/lib/python3.10/site-packages/airflow/example_dags/example_short_circuit_decorator.py
[2024-06-18T17:19:15.099+0545] {processor.py:840} INFO - DAG(s) 'example_short_circuit_decorator' retrieved from /home/prabal/afenv/lib/python3.10/site-packages/airflow/example_dags/example_short_circuit_decorator.py
[2024-06-18T17:19:15.122+0545] {logging_mixin.py:188} INFO - [2024-06-18T17:19:15.121+0545] {dag.py:3096} INFO - Sync 1 DAGs
[2024-06-18T17:19:15.139+0545] {logging_mixin.py:188} INFO - [2024-06-18T17:19:15.139+0545] {dag.py:3954} INFO - Setting next_dagrun for example_short_circuit_decorator to 2024-06-17 00:00:00+00:00, run_after=2024-06-18 00:00:00+00:00
[2024-06-18T17:19:15.159+0545] {processor.py:183} INFO - Processing /home/prabal/afenv/lib/python3.10/site-packages/airflow/example_dags/example_short_circuit_decorator.py took 0.108 seconds
[2024-06-18T17:20:11.020+0545] {processor.py:161} INFO - Started process (PID=6160) to work on /home/prabal/afenv/lib/python3.10/site-packages/airflow/example_dags/example_short_circuit_decorator.py
[2024-06-18T17:20:11.033+0545] {processor.py:830} INFO - Processing file /home/prabal/afenv/lib/python3.10/site-packages/airflow/example_dags/example_short_circuit_decorator.py for tasks to queue
[2024-06-18T17:20:11.035+0545] {logging_mixin.py:188} INFO - [2024-06-18T17:20:11.035+0545] {dagbag.py:545} INFO - Filling up the DagBag from /home/prabal/afenv/lib/python3.10/site-packages/airflow/example_dags/example_short_circuit_decorator.py
[2024-06-18T17:20:11.060+0545] {processor.py:840} INFO - DAG(s) 'example_short_circuit_decorator' retrieved from /home/prabal/afenv/lib/python3.10/site-packages/airflow/example_dags/example_short_circuit_decorator.py
[2024-06-18T17:20:11.103+0545] {logging_mixin.py:188} INFO - [2024-06-18T17:20:11.102+0545] {dag.py:3096} INFO - Sync 1 DAGs
[2024-06-18T17:20:11.140+0545] {logging_mixin.py:188} INFO - [2024-06-18T17:20:11.139+0545] {dag.py:3954} INFO - Setting next_dagrun for example_short_circuit_decorator to 2024-06-17 00:00:00+00:00, run_after=2024-06-18 00:00:00+00:00
[2024-06-18T17:20:11.189+0545] {processor.py:183} INFO - Processing /home/prabal/afenv/lib/python3.10/site-packages/airflow/example_dags/example_short_circuit_decorator.py took 0.184 seconds
[2024-06-18T17:22:44.884+0545] {processor.py:161} INFO - Started process (PID=7240) to work on /home/prabal/afenv/lib/python3.10/site-packages/airflow/example_dags/example_short_circuit_decorator.py
[2024-06-18T17:22:44.897+0545] {processor.py:830} INFO - Processing file /home/prabal/afenv/lib/python3.10/site-packages/airflow/example_dags/example_short_circuit_decorator.py for tasks to queue
[2024-06-18T17:22:44.901+0545] {logging_mixin.py:188} INFO - [2024-06-18T17:22:44.900+0545] {dagbag.py:545} INFO - Filling up the DagBag from /home/prabal/afenv/lib/python3.10/site-packages/airflow/example_dags/example_short_circuit_decorator.py
[2024-06-18T17:22:44.918+0545] {processor.py:840} INFO - DAG(s) 'example_short_circuit_decorator' retrieved from /home/prabal/afenv/lib/python3.10/site-packages/airflow/example_dags/example_short_circuit_decorator.py
[2024-06-18T17:22:45.010+0545] {logging_mixin.py:188} INFO - [2024-06-18T17:22:45.010+0545] {dag.py:3096} INFO - Sync 1 DAGs
[2024-06-18T17:22:45.122+0545] {logging_mixin.py:188} INFO - [2024-06-18T17:22:45.122+0545] {dag.py:3954} INFO - Setting next_dagrun for example_short_circuit_decorator to 2024-06-17 00:00:00+00:00, run_after=2024-06-18 00:00:00+00:00
[2024-06-18T17:22:45.153+0545] {processor.py:183} INFO - Processing /home/prabal/afenv/lib/python3.10/site-packages/airflow/example_dags/example_short_circuit_decorator.py took 0.280 seconds
