[2024-06-18T13:42:54.046+0545] {processor.py:161} INFO - Started process (PID=14302) to work on /home/prabal/afenv/lib/python3.10/site-packages/airflow/example_dags/example_python_operator.py
[2024-06-18T13:42:54.047+0545] {processor.py:830} INFO - Processing file /home/prabal/afenv/lib/python3.10/site-packages/airflow/example_dags/example_python_operator.py for tasks to queue
[2024-06-18T13:42:54.050+0545] {logging_mixin.py:188} INFO - [2024-06-18T13:42:54.049+0545] {dagbag.py:545} INFO - Filling up the DagBag from /home/prabal/afenv/lib/python3.10/site-packages/airflow/example_dags/example_python_operator.py
[2024-06-18T13:42:54.066+0545] {processor.py:840} INFO - DAG(s) 'example_python_operator' retrieved from /home/prabal/afenv/lib/python3.10/site-packages/airflow/example_dags/example_python_operator.py
[2024-06-18T13:42:54.175+0545] {logging_mixin.py:188} INFO - [2024-06-18T13:42:54.174+0545] {override.py:1829} INFO - Created Permission View: can read on DAG:example_python_operator
[2024-06-18T13:42:54.191+0545] {logging_mixin.py:188} INFO - [2024-06-18T13:42:54.190+0545] {override.py:1829} INFO - Created Permission View: can edit on DAG:example_python_operator
[2024-06-18T13:42:54.208+0545] {logging_mixin.py:188} INFO - [2024-06-18T13:42:54.207+0545] {override.py:1829} INFO - Created Permission View: can delete on DAG:example_python_operator
[2024-06-18T13:42:54.208+0545] {logging_mixin.py:188} INFO - [2024-06-18T13:42:54.208+0545] {dag.py:3096} INFO - Sync 1 DAGs
[2024-06-18T13:42:54.317+0545] {logging_mixin.py:188} INFO - [2024-06-18T13:42:54.316+0545] {dag.py:3118} INFO - Creating ORM DAG for example_python_operator
[2024-06-18T13:42:54.317+0545] {logging_mixin.py:188} INFO - [2024-06-18T13:42:54.317+0545] {dag.py:3954} INFO - Setting next_dagrun for example_python_operator to None, run_after=None
[2024-06-18T13:42:54.353+0545] {processor.py:183} INFO - Processing /home/prabal/afenv/lib/python3.10/site-packages/airflow/example_dags/example_python_operator.py took 0.320 seconds
[2024-06-18T13:43:50.772+0545] {processor.py:161} INFO - Started process (PID=14593) to work on /home/prabal/afenv/lib/python3.10/site-packages/airflow/example_dags/example_python_operator.py
[2024-06-18T13:43:50.773+0545] {processor.py:830} INFO - Processing file /home/prabal/afenv/lib/python3.10/site-packages/airflow/example_dags/example_python_operator.py for tasks to queue
[2024-06-18T13:43:50.775+0545] {logging_mixin.py:188} INFO - [2024-06-18T13:43:50.775+0545] {dagbag.py:545} INFO - Filling up the DagBag from /home/prabal/afenv/lib/python3.10/site-packages/airflow/example_dags/example_python_operator.py
[2024-06-18T13:43:50.791+0545] {processor.py:840} INFO - DAG(s) 'example_python_operator' retrieved from /home/prabal/afenv/lib/python3.10/site-packages/airflow/example_dags/example_python_operator.py
[2024-06-18T13:43:50.812+0545] {logging_mixin.py:188} INFO - [2024-06-18T13:43:50.812+0545] {dag.py:3096} INFO - Sync 1 DAGs
[2024-06-18T13:43:50.821+0545] {logging_mixin.py:188} INFO - [2024-06-18T13:43:50.821+0545] {dag.py:3954} INFO - Setting next_dagrun for example_python_operator to None, run_after=None
[2024-06-18T13:43:50.850+0545] {processor.py:183} INFO - Processing /home/prabal/afenv/lib/python3.10/site-packages/airflow/example_dags/example_python_operator.py took 0.085 seconds
[2024-06-18T13:44:55.355+0545] {processor.py:161} INFO - Started process (PID=14899) to work on /home/prabal/afenv/lib/python3.10/site-packages/airflow/example_dags/example_python_operator.py
[2024-06-18T13:44:55.356+0545] {processor.py:830} INFO - Processing file /home/prabal/afenv/lib/python3.10/site-packages/airflow/example_dags/example_python_operator.py for tasks to queue
[2024-06-18T13:44:55.358+0545] {logging_mixin.py:188} INFO - [2024-06-18T13:44:55.358+0545] {dagbag.py:545} INFO - Filling up the DagBag from /home/prabal/afenv/lib/python3.10/site-packages/airflow/example_dags/example_python_operator.py
[2024-06-18T13:44:55.374+0545] {processor.py:840} INFO - DAG(s) 'example_python_operator' retrieved from /home/prabal/afenv/lib/python3.10/site-packages/airflow/example_dags/example_python_operator.py
[2024-06-18T13:44:55.396+0545] {logging_mixin.py:188} INFO - [2024-06-18T13:44:55.396+0545] {dag.py:3096} INFO - Sync 1 DAGs
[2024-06-18T13:44:55.409+0545] {logging_mixin.py:188} INFO - [2024-06-18T13:44:55.409+0545] {dag.py:3954} INFO - Setting next_dagrun for example_python_operator to None, run_after=None
[2024-06-18T13:44:55.433+0545] {processor.py:183} INFO - Processing /home/prabal/afenv/lib/python3.10/site-packages/airflow/example_dags/example_python_operator.py took 0.088 seconds
[2024-06-18T13:45:50.428+0545] {processor.py:161} INFO - Started process (PID=15164) to work on /home/prabal/afenv/lib/python3.10/site-packages/airflow/example_dags/example_python_operator.py
[2024-06-18T13:45:50.441+0545] {processor.py:830} INFO - Processing file /home/prabal/afenv/lib/python3.10/site-packages/airflow/example_dags/example_python_operator.py for tasks to queue
[2024-06-18T13:45:50.445+0545] {logging_mixin.py:188} INFO - [2024-06-18T13:45:50.444+0545] {dagbag.py:545} INFO - Filling up the DagBag from /home/prabal/afenv/lib/python3.10/site-packages/airflow/example_dags/example_python_operator.py
[2024-06-18T13:45:50.467+0545] {processor.py:840} INFO - DAG(s) 'example_python_operator' retrieved from /home/prabal/afenv/lib/python3.10/site-packages/airflow/example_dags/example_python_operator.py
[2024-06-18T13:45:50.484+0545] {logging_mixin.py:188} INFO - [2024-06-18T13:45:50.483+0545] {dag.py:3096} INFO - Sync 1 DAGs
[2024-06-18T13:45:50.494+0545] {logging_mixin.py:188} INFO - [2024-06-18T13:45:50.493+0545] {dag.py:3954} INFO - Setting next_dagrun for example_python_operator to None, run_after=None
[2024-06-18T13:45:50.514+0545] {processor.py:183} INFO - Processing /home/prabal/afenv/lib/python3.10/site-packages/airflow/example_dags/example_python_operator.py took 0.100 seconds
[2024-06-18T13:46:45.909+0545] {processor.py:161} INFO - Started process (PID=15433) to work on /home/prabal/afenv/lib/python3.10/site-packages/airflow/example_dags/example_python_operator.py
[2024-06-18T13:46:45.922+0545] {processor.py:830} INFO - Processing file /home/prabal/afenv/lib/python3.10/site-packages/airflow/example_dags/example_python_operator.py for tasks to queue
[2024-06-18T13:46:45.926+0545] {logging_mixin.py:188} INFO - [2024-06-18T13:46:45.925+0545] {dagbag.py:545} INFO - Filling up the DagBag from /home/prabal/afenv/lib/python3.10/site-packages/airflow/example_dags/example_python_operator.py
[2024-06-18T13:46:45.951+0545] {processor.py:840} INFO - DAG(s) 'example_python_operator' retrieved from /home/prabal/afenv/lib/python3.10/site-packages/airflow/example_dags/example_python_operator.py
[2024-06-18T13:46:45.977+0545] {logging_mixin.py:188} INFO - [2024-06-18T13:46:45.977+0545] {dag.py:3096} INFO - Sync 1 DAGs
[2024-06-18T13:46:45.988+0545] {logging_mixin.py:188} INFO - [2024-06-18T13:46:45.988+0545] {dag.py:3954} INFO - Setting next_dagrun for example_python_operator to None, run_after=None
[2024-06-18T13:46:46.007+0545] {processor.py:183} INFO - Processing /home/prabal/afenv/lib/python3.10/site-packages/airflow/example_dags/example_python_operator.py took 0.113 seconds
[2024-06-18T13:47:37.752+0545] {processor.py:161} INFO - Started process (PID=15685) to work on /home/prabal/afenv/lib/python3.10/site-packages/airflow/example_dags/example_python_operator.py
[2024-06-18T13:47:37.765+0545] {processor.py:830} INFO - Processing file /home/prabal/afenv/lib/python3.10/site-packages/airflow/example_dags/example_python_operator.py for tasks to queue
[2024-06-18T13:47:37.769+0545] {logging_mixin.py:188} INFO - [2024-06-18T13:47:37.768+0545] {dagbag.py:545} INFO - Filling up the DagBag from /home/prabal/afenv/lib/python3.10/site-packages/airflow/example_dags/example_python_operator.py
[2024-06-18T13:47:37.792+0545] {processor.py:840} INFO - DAG(s) 'example_python_operator' retrieved from /home/prabal/afenv/lib/python3.10/site-packages/airflow/example_dags/example_python_operator.py
[2024-06-18T13:47:37.816+0545] {logging_mixin.py:188} INFO - [2024-06-18T13:47:37.816+0545] {dag.py:3096} INFO - Sync 1 DAGs
[2024-06-18T13:47:37.827+0545] {logging_mixin.py:188} INFO - [2024-06-18T13:47:37.826+0545] {dag.py:3954} INFO - Setting next_dagrun for example_python_operator to None, run_after=None
[2024-06-18T13:47:37.845+0545] {processor.py:183} INFO - Processing /home/prabal/afenv/lib/python3.10/site-packages/airflow/example_dags/example_python_operator.py took 0.104 seconds
[2024-06-18T13:48:29.797+0545] {processor.py:161} INFO - Started process (PID=15940) to work on /home/prabal/afenv/lib/python3.10/site-packages/airflow/example_dags/example_python_operator.py
[2024-06-18T13:48:29.809+0545] {processor.py:830} INFO - Processing file /home/prabal/afenv/lib/python3.10/site-packages/airflow/example_dags/example_python_operator.py for tasks to queue
[2024-06-18T13:48:29.811+0545] {logging_mixin.py:188} INFO - [2024-06-18T13:48:29.811+0545] {dagbag.py:545} INFO - Filling up the DagBag from /home/prabal/afenv/lib/python3.10/site-packages/airflow/example_dags/example_python_operator.py
[2024-06-18T13:48:29.823+0545] {processor.py:840} INFO - DAG(s) 'example_python_operator' retrieved from /home/prabal/afenv/lib/python3.10/site-packages/airflow/example_dags/example_python_operator.py
[2024-06-18T13:48:29.842+0545] {logging_mixin.py:188} INFO - [2024-06-18T13:48:29.841+0545] {dag.py:3096} INFO - Sync 1 DAGs
[2024-06-18T13:48:29.854+0545] {logging_mixin.py:188} INFO - [2024-06-18T13:48:29.853+0545] {dag.py:3954} INFO - Setting next_dagrun for example_python_operator to None, run_after=None
[2024-06-18T13:48:29.880+0545] {processor.py:183} INFO - Processing /home/prabal/afenv/lib/python3.10/site-packages/airflow/example_dags/example_python_operator.py took 0.090 seconds
[2024-06-18T13:50:13.740+0545] {processor.py:161} INFO - Started process (PID=16459) to work on /home/prabal/afenv/lib/python3.10/site-packages/airflow/example_dags/example_python_operator.py
[2024-06-18T13:50:13.753+0545] {processor.py:830} INFO - Processing file /home/prabal/afenv/lib/python3.10/site-packages/airflow/example_dags/example_python_operator.py for tasks to queue
[2024-06-18T13:50:13.756+0545] {logging_mixin.py:188} INFO - [2024-06-18T13:50:13.756+0545] {dagbag.py:545} INFO - Filling up the DagBag from /home/prabal/afenv/lib/python3.10/site-packages/airflow/example_dags/example_python_operator.py
[2024-06-18T13:50:13.769+0545] {processor.py:840} INFO - DAG(s) 'example_python_operator' retrieved from /home/prabal/afenv/lib/python3.10/site-packages/airflow/example_dags/example_python_operator.py
[2024-06-18T13:50:13.793+0545] {logging_mixin.py:188} INFO - [2024-06-18T13:50:13.793+0545] {dag.py:3096} INFO - Sync 1 DAGs
[2024-06-18T13:50:13.819+0545] {logging_mixin.py:188} INFO - [2024-06-18T13:50:13.819+0545] {dag.py:3954} INFO - Setting next_dagrun for example_python_operator to None, run_after=None
[2024-06-18T13:50:13.868+0545] {processor.py:183} INFO - Processing /home/prabal/afenv/lib/python3.10/site-packages/airflow/example_dags/example_python_operator.py took 0.136 seconds
[2024-06-18T13:51:58.281+0545] {processor.py:161} INFO - Started process (PID=17006) to work on /home/prabal/afenv/lib/python3.10/site-packages/airflow/example_dags/example_python_operator.py
[2024-06-18T13:51:58.294+0545] {processor.py:830} INFO - Processing file /home/prabal/afenv/lib/python3.10/site-packages/airflow/example_dags/example_python_operator.py for tasks to queue
[2024-06-18T13:51:58.297+0545] {logging_mixin.py:188} INFO - [2024-06-18T13:51:58.296+0545] {dagbag.py:545} INFO - Filling up the DagBag from /home/prabal/afenv/lib/python3.10/site-packages/airflow/example_dags/example_python_operator.py
[2024-06-18T13:51:58.320+0545] {processor.py:840} INFO - DAG(s) 'example_python_operator' retrieved from /home/prabal/afenv/lib/python3.10/site-packages/airflow/example_dags/example_python_operator.py
[2024-06-18T13:51:58.350+0545] {logging_mixin.py:188} INFO - [2024-06-18T13:51:58.350+0545] {dag.py:3096} INFO - Sync 1 DAGs
[2024-06-18T13:51:58.361+0545] {logging_mixin.py:188} INFO - [2024-06-18T13:51:58.361+0545] {dag.py:3954} INFO - Setting next_dagrun for example_python_operator to None, run_after=None
[2024-06-18T13:51:58.381+0545] {processor.py:183} INFO - Processing /home/prabal/afenv/lib/python3.10/site-packages/airflow/example_dags/example_python_operator.py took 0.112 seconds
[2024-06-18T13:53:12.219+0545] {processor.py:161} INFO - Started process (PID=17398) to work on /home/prabal/afenv/lib/python3.10/site-packages/airflow/example_dags/example_python_operator.py
[2024-06-18T13:53:12.232+0545] {processor.py:830} INFO - Processing file /home/prabal/afenv/lib/python3.10/site-packages/airflow/example_dags/example_python_operator.py for tasks to queue
[2024-06-18T13:53:12.234+0545] {logging_mixin.py:188} INFO - [2024-06-18T13:53:12.233+0545] {dagbag.py:545} INFO - Filling up the DagBag from /home/prabal/afenv/lib/python3.10/site-packages/airflow/example_dags/example_python_operator.py
[2024-06-18T13:53:12.250+0545] {processor.py:840} INFO - DAG(s) 'example_python_operator' retrieved from /home/prabal/afenv/lib/python3.10/site-packages/airflow/example_dags/example_python_operator.py
[2024-06-18T13:53:12.265+0545] {logging_mixin.py:188} INFO - [2024-06-18T13:53:12.265+0545] {dag.py:3096} INFO - Sync 1 DAGs
[2024-06-18T13:53:12.274+0545] {logging_mixin.py:188} INFO - [2024-06-18T13:53:12.274+0545] {dag.py:3954} INFO - Setting next_dagrun for example_python_operator to None, run_after=None
[2024-06-18T13:53:12.292+0545] {processor.py:183} INFO - Processing /home/prabal/afenv/lib/python3.10/site-packages/airflow/example_dags/example_python_operator.py took 0.082 seconds
[2024-06-18T13:54:14.267+0545] {processor.py:161} INFO - Started process (PID=17699) to work on /home/prabal/afenv/lib/python3.10/site-packages/airflow/example_dags/example_python_operator.py
[2024-06-18T13:54:14.279+0545] {processor.py:830} INFO - Processing file /home/prabal/afenv/lib/python3.10/site-packages/airflow/example_dags/example_python_operator.py for tasks to queue
[2024-06-18T13:54:14.281+0545] {logging_mixin.py:188} INFO - [2024-06-18T13:54:14.281+0545] {dagbag.py:545} INFO - Filling up the DagBag from /home/prabal/afenv/lib/python3.10/site-packages/airflow/example_dags/example_python_operator.py
[2024-06-18T13:54:14.290+0545] {processor.py:840} INFO - DAG(s) 'example_python_operator' retrieved from /home/prabal/afenv/lib/python3.10/site-packages/airflow/example_dags/example_python_operator.py
[2024-06-18T13:54:14.307+0545] {logging_mixin.py:188} INFO - [2024-06-18T13:54:14.306+0545] {dag.py:3096} INFO - Sync 1 DAGs
[2024-06-18T13:54:14.317+0545] {logging_mixin.py:188} INFO - [2024-06-18T13:54:14.317+0545] {dag.py:3954} INFO - Setting next_dagrun for example_python_operator to None, run_after=None
[2024-06-18T13:54:14.339+0545] {processor.py:183} INFO - Processing /home/prabal/afenv/lib/python3.10/site-packages/airflow/example_dags/example_python_operator.py took 0.078 seconds
[2024-06-18T13:55:14.795+0545] {processor.py:161} INFO - Started process (PID=18016) to work on /home/prabal/afenv/lib/python3.10/site-packages/airflow/example_dags/example_python_operator.py
[2024-06-18T13:55:14.797+0545] {processor.py:830} INFO - Processing file /home/prabal/afenv/lib/python3.10/site-packages/airflow/example_dags/example_python_operator.py for tasks to queue
[2024-06-18T13:55:14.799+0545] {logging_mixin.py:188} INFO - [2024-06-18T13:55:14.798+0545] {dagbag.py:545} INFO - Filling up the DagBag from /home/prabal/afenv/lib/python3.10/site-packages/airflow/example_dags/example_python_operator.py
[2024-06-18T13:55:14.815+0545] {processor.py:840} INFO - DAG(s) 'example_python_operator' retrieved from /home/prabal/afenv/lib/python3.10/site-packages/airflow/example_dags/example_python_operator.py
[2024-06-18T13:55:14.832+0545] {logging_mixin.py:188} INFO - [2024-06-18T13:55:14.832+0545] {dag.py:3096} INFO - Sync 1 DAGs
[2024-06-18T13:55:14.845+0545] {logging_mixin.py:188} INFO - [2024-06-18T13:55:14.844+0545] {dag.py:3954} INFO - Setting next_dagrun for example_python_operator to None, run_after=None
[2024-06-18T13:55:14.864+0545] {processor.py:183} INFO - Processing /home/prabal/afenv/lib/python3.10/site-packages/airflow/example_dags/example_python_operator.py took 0.079 seconds
[2024-06-18T13:56:15.635+0545] {processor.py:161} INFO - Started process (PID=18308) to work on /home/prabal/afenv/lib/python3.10/site-packages/airflow/example_dags/example_python_operator.py
[2024-06-18T13:56:15.649+0545] {processor.py:830} INFO - Processing file /home/prabal/afenv/lib/python3.10/site-packages/airflow/example_dags/example_python_operator.py for tasks to queue
[2024-06-18T13:56:15.654+0545] {logging_mixin.py:188} INFO - [2024-06-18T13:56:15.653+0545] {dagbag.py:545} INFO - Filling up the DagBag from /home/prabal/afenv/lib/python3.10/site-packages/airflow/example_dags/example_python_operator.py
[2024-06-18T13:56:15.682+0545] {processor.py:840} INFO - DAG(s) 'example_python_operator' retrieved from /home/prabal/afenv/lib/python3.10/site-packages/airflow/example_dags/example_python_operator.py
[2024-06-18T13:56:15.716+0545] {logging_mixin.py:188} INFO - [2024-06-18T13:56:15.715+0545] {dag.py:3096} INFO - Sync 1 DAGs
[2024-06-18T13:56:15.732+0545] {logging_mixin.py:188} INFO - [2024-06-18T13:56:15.732+0545] {dag.py:3954} INFO - Setting next_dagrun for example_python_operator to None, run_after=None
[2024-06-18T13:56:15.758+0545] {processor.py:183} INFO - Processing /home/prabal/afenv/lib/python3.10/site-packages/airflow/example_dags/example_python_operator.py took 0.144 seconds
[2024-06-18T13:57:06.140+0545] {processor.py:161} INFO - Started process (PID=18553) to work on /home/prabal/afenv/lib/python3.10/site-packages/airflow/example_dags/example_python_operator.py
[2024-06-18T13:57:06.152+0545] {processor.py:830} INFO - Processing file /home/prabal/afenv/lib/python3.10/site-packages/airflow/example_dags/example_python_operator.py for tasks to queue
[2024-06-18T13:57:06.154+0545] {logging_mixin.py:188} INFO - [2024-06-18T13:57:06.154+0545] {dagbag.py:545} INFO - Filling up the DagBag from /home/prabal/afenv/lib/python3.10/site-packages/airflow/example_dags/example_python_operator.py
[2024-06-18T13:57:06.165+0545] {processor.py:840} INFO - DAG(s) 'example_python_operator' retrieved from /home/prabal/afenv/lib/python3.10/site-packages/airflow/example_dags/example_python_operator.py
[2024-06-18T13:57:06.185+0545] {logging_mixin.py:188} INFO - [2024-06-18T13:57:06.185+0545] {dag.py:3096} INFO - Sync 1 DAGs
[2024-06-18T13:57:06.196+0545] {logging_mixin.py:188} INFO - [2024-06-18T13:57:06.196+0545] {dag.py:3954} INFO - Setting next_dagrun for example_python_operator to None, run_after=None
[2024-06-18T13:57:06.215+0545] {processor.py:183} INFO - Processing /home/prabal/afenv/lib/python3.10/site-packages/airflow/example_dags/example_python_operator.py took 0.081 seconds
[2024-06-18T13:57:57.837+0545] {processor.py:161} INFO - Started process (PID=18811) to work on /home/prabal/afenv/lib/python3.10/site-packages/airflow/example_dags/example_python_operator.py
[2024-06-18T13:57:57.838+0545] {processor.py:830} INFO - Processing file /home/prabal/afenv/lib/python3.10/site-packages/airflow/example_dags/example_python_operator.py for tasks to queue
[2024-06-18T13:57:57.841+0545] {logging_mixin.py:188} INFO - [2024-06-18T13:57:57.840+0545] {dagbag.py:545} INFO - Filling up the DagBag from /home/prabal/afenv/lib/python3.10/site-packages/airflow/example_dags/example_python_operator.py
[2024-06-18T13:57:57.855+0545] {processor.py:840} INFO - DAG(s) 'example_python_operator' retrieved from /home/prabal/afenv/lib/python3.10/site-packages/airflow/example_dags/example_python_operator.py
[2024-06-18T13:57:57.879+0545] {logging_mixin.py:188} INFO - [2024-06-18T13:57:57.879+0545] {dag.py:3096} INFO - Sync 1 DAGs
[2024-06-18T13:57:57.894+0545] {logging_mixin.py:188} INFO - [2024-06-18T13:57:57.894+0545] {dag.py:3954} INFO - Setting next_dagrun for example_python_operator to None, run_after=None
[2024-06-18T13:57:57.921+0545] {processor.py:183} INFO - Processing /home/prabal/afenv/lib/python3.10/site-packages/airflow/example_dags/example_python_operator.py took 0.093 seconds
[2024-06-18T14:05:46.994+0545] {processor.py:161} INFO - Started process (PID=20880) to work on /home/prabal/afenv/lib/python3.10/site-packages/airflow/example_dags/example_python_operator.py
[2024-06-18T14:05:46.996+0545] {processor.py:830} INFO - Processing file /home/prabal/afenv/lib/python3.10/site-packages/airflow/example_dags/example_python_operator.py for tasks to queue
[2024-06-18T14:05:46.999+0545] {logging_mixin.py:188} INFO - [2024-06-18T14:05:46.998+0545] {dagbag.py:545} INFO - Filling up the DagBag from /home/prabal/afenv/lib/python3.10/site-packages/airflow/example_dags/example_python_operator.py
[2024-06-18T14:05:47.020+0545] {processor.py:840} INFO - DAG(s) 'example_python_operator' retrieved from /home/prabal/afenv/lib/python3.10/site-packages/airflow/example_dags/example_python_operator.py
[2024-06-18T14:05:47.128+0545] {logging_mixin.py:188} INFO - [2024-06-18T14:05:47.127+0545] {dag.py:3096} INFO - Sync 1 DAGs
[2024-06-18T14:05:47.217+0545] {logging_mixin.py:188} INFO - [2024-06-18T14:05:47.216+0545] {dag.py:3954} INFO - Setting next_dagrun for example_python_operator to None, run_after=None
[2024-06-18T14:05:47.250+0545] {processor.py:183} INFO - Processing /home/prabal/afenv/lib/python3.10/site-packages/airflow/example_dags/example_python_operator.py took 0.268 seconds
[2024-06-18T14:06:45.892+0545] {processor.py:161} INFO - Started process (PID=21160) to work on /home/prabal/afenv/lib/python3.10/site-packages/airflow/example_dags/example_python_operator.py
[2024-06-18T14:06:45.904+0545] {processor.py:830} INFO - Processing file /home/prabal/afenv/lib/python3.10/site-packages/airflow/example_dags/example_python_operator.py for tasks to queue
[2024-06-18T14:06:45.906+0545] {logging_mixin.py:188} INFO - [2024-06-18T14:06:45.906+0545] {dagbag.py:545} INFO - Filling up the DagBag from /home/prabal/afenv/lib/python3.10/site-packages/airflow/example_dags/example_python_operator.py
[2024-06-18T14:06:45.918+0545] {processor.py:840} INFO - DAG(s) 'example_python_operator' retrieved from /home/prabal/afenv/lib/python3.10/site-packages/airflow/example_dags/example_python_operator.py
[2024-06-18T14:06:45.938+0545] {logging_mixin.py:188} INFO - [2024-06-18T14:06:45.938+0545] {dag.py:3096} INFO - Sync 1 DAGs
[2024-06-18T14:06:45.951+0545] {logging_mixin.py:188} INFO - [2024-06-18T14:06:45.950+0545] {dag.py:3954} INFO - Setting next_dagrun for example_python_operator to None, run_after=None
[2024-06-18T14:06:46.063+0545] {processor.py:183} INFO - Processing /home/prabal/afenv/lib/python3.10/site-packages/airflow/example_dags/example_python_operator.py took 0.180 seconds
[2024-06-18T14:07:43.768+0545] {processor.py:161} INFO - Started process (PID=21449) to work on /home/prabal/afenv/lib/python3.10/site-packages/airflow/example_dags/example_python_operator.py
[2024-06-18T14:07:43.770+0545] {processor.py:830} INFO - Processing file /home/prabal/afenv/lib/python3.10/site-packages/airflow/example_dags/example_python_operator.py for tasks to queue
[2024-06-18T14:07:43.771+0545] {logging_mixin.py:188} INFO - [2024-06-18T14:07:43.771+0545] {dagbag.py:545} INFO - Filling up the DagBag from /home/prabal/afenv/lib/python3.10/site-packages/airflow/example_dags/example_python_operator.py
[2024-06-18T14:07:43.788+0545] {processor.py:840} INFO - DAG(s) 'example_python_operator' retrieved from /home/prabal/afenv/lib/python3.10/site-packages/airflow/example_dags/example_python_operator.py
[2024-06-18T14:07:43.817+0545] {logging_mixin.py:188} INFO - [2024-06-18T14:07:43.817+0545] {dag.py:3096} INFO - Sync 1 DAGs
[2024-06-18T14:07:43.840+0545] {logging_mixin.py:188} INFO - [2024-06-18T14:07:43.840+0545] {dag.py:3954} INFO - Setting next_dagrun for example_python_operator to None, run_after=None
[2024-06-18T14:07:43.865+0545] {processor.py:183} INFO - Processing /home/prabal/afenv/lib/python3.10/site-packages/airflow/example_dags/example_python_operator.py took 0.103 seconds
[2024-06-18T14:08:39.788+0545] {processor.py:161} INFO - Started process (PID=21717) to work on /home/prabal/afenv/lib/python3.10/site-packages/airflow/example_dags/example_python_operator.py
[2024-06-18T14:08:39.800+0545] {processor.py:830} INFO - Processing file /home/prabal/afenv/lib/python3.10/site-packages/airflow/example_dags/example_python_operator.py for tasks to queue
[2024-06-18T14:08:39.803+0545] {logging_mixin.py:188} INFO - [2024-06-18T14:08:39.802+0545] {dagbag.py:545} INFO - Filling up the DagBag from /home/prabal/afenv/lib/python3.10/site-packages/airflow/example_dags/example_python_operator.py
[2024-06-18T14:08:39.827+0545] {processor.py:840} INFO - DAG(s) 'example_python_operator' retrieved from /home/prabal/afenv/lib/python3.10/site-packages/airflow/example_dags/example_python_operator.py
[2024-06-18T14:08:39.856+0545] {logging_mixin.py:188} INFO - [2024-06-18T14:08:39.856+0545] {dag.py:3096} INFO - Sync 1 DAGs
[2024-06-18T14:08:39.867+0545] {logging_mixin.py:188} INFO - [2024-06-18T14:08:39.867+0545] {dag.py:3954} INFO - Setting next_dagrun for example_python_operator to None, run_after=None
[2024-06-18T14:08:39.886+0545] {processor.py:183} INFO - Processing /home/prabal/afenv/lib/python3.10/site-packages/airflow/example_dags/example_python_operator.py took 0.112 seconds
[2024-06-18T14:09:34.631+0545] {processor.py:161} INFO - Started process (PID=21982) to work on /home/prabal/afenv/lib/python3.10/site-packages/airflow/example_dags/example_python_operator.py
[2024-06-18T14:09:34.644+0545] {processor.py:830} INFO - Processing file /home/prabal/afenv/lib/python3.10/site-packages/airflow/example_dags/example_python_operator.py for tasks to queue
[2024-06-18T14:09:34.648+0545] {logging_mixin.py:188} INFO - [2024-06-18T14:09:34.647+0545] {dagbag.py:545} INFO - Filling up the DagBag from /home/prabal/afenv/lib/python3.10/site-packages/airflow/example_dags/example_python_operator.py
[2024-06-18T14:09:34.673+0545] {processor.py:840} INFO - DAG(s) 'example_python_operator' retrieved from /home/prabal/afenv/lib/python3.10/site-packages/airflow/example_dags/example_python_operator.py
[2024-06-18T14:09:34.694+0545] {logging_mixin.py:188} INFO - [2024-06-18T14:09:34.694+0545] {dag.py:3096} INFO - Sync 1 DAGs
[2024-06-18T14:09:34.704+0545] {logging_mixin.py:188} INFO - [2024-06-18T14:09:34.704+0545] {dag.py:3954} INFO - Setting next_dagrun for example_python_operator to None, run_after=None
[2024-06-18T14:09:34.724+0545] {processor.py:183} INFO - Processing /home/prabal/afenv/lib/python3.10/site-packages/airflow/example_dags/example_python_operator.py took 0.109 seconds
[2024-06-18T14:10:30.907+0545] {processor.py:161} INFO - Started process (PID=22250) to work on /home/prabal/afenv/lib/python3.10/site-packages/airflow/example_dags/example_python_operator.py
[2024-06-18T14:10:30.920+0545] {processor.py:830} INFO - Processing file /home/prabal/afenv/lib/python3.10/site-packages/airflow/example_dags/example_python_operator.py for tasks to queue
[2024-06-18T14:10:30.923+0545] {logging_mixin.py:188} INFO - [2024-06-18T14:10:30.922+0545] {dagbag.py:545} INFO - Filling up the DagBag from /home/prabal/afenv/lib/python3.10/site-packages/airflow/example_dags/example_python_operator.py
[2024-06-18T14:10:30.948+0545] {processor.py:840} INFO - DAG(s) 'example_python_operator' retrieved from /home/prabal/afenv/lib/python3.10/site-packages/airflow/example_dags/example_python_operator.py
[2024-06-18T14:10:30.982+0545] {logging_mixin.py:188} INFO - [2024-06-18T14:10:30.982+0545] {dag.py:3096} INFO - Sync 1 DAGs
[2024-06-18T14:10:30.996+0545] {logging_mixin.py:188} INFO - [2024-06-18T14:10:30.996+0545] {dag.py:3954} INFO - Setting next_dagrun for example_python_operator to None, run_after=None
[2024-06-18T14:10:31.027+0545] {processor.py:183} INFO - Processing /home/prabal/afenv/lib/python3.10/site-packages/airflow/example_dags/example_python_operator.py took 0.133 seconds
[2024-06-18T14:11:22.228+0545] {processor.py:161} INFO - Started process (PID=22498) to work on /home/prabal/afenv/lib/python3.10/site-packages/airflow/example_dags/example_python_operator.py
[2024-06-18T14:11:22.241+0545] {processor.py:830} INFO - Processing file /home/prabal/afenv/lib/python3.10/site-packages/airflow/example_dags/example_python_operator.py for tasks to queue
[2024-06-18T14:11:22.245+0545] {logging_mixin.py:188} INFO - [2024-06-18T14:11:22.244+0545] {dagbag.py:545} INFO - Filling up the DagBag from /home/prabal/afenv/lib/python3.10/site-packages/airflow/example_dags/example_python_operator.py
[2024-06-18T14:11:22.271+0545] {processor.py:840} INFO - DAG(s) 'example_python_operator' retrieved from /home/prabal/afenv/lib/python3.10/site-packages/airflow/example_dags/example_python_operator.py
[2024-06-18T14:11:22.294+0545] {logging_mixin.py:188} INFO - [2024-06-18T14:11:22.294+0545] {dag.py:3096} INFO - Sync 1 DAGs
[2024-06-18T14:11:22.310+0545] {logging_mixin.py:188} INFO - [2024-06-18T14:11:22.310+0545] {dag.py:3954} INFO - Setting next_dagrun for example_python_operator to None, run_after=None
[2024-06-18T14:11:22.347+0545] {processor.py:183} INFO - Processing /home/prabal/afenv/lib/python3.10/site-packages/airflow/example_dags/example_python_operator.py took 0.133 seconds
[2024-06-18T14:12:15.975+0545] {processor.py:161} INFO - Started process (PID=22758) to work on /home/prabal/afenv/lib/python3.10/site-packages/airflow/example_dags/example_python_operator.py
[2024-06-18T14:12:15.988+0545] {processor.py:830} INFO - Processing file /home/prabal/afenv/lib/python3.10/site-packages/airflow/example_dags/example_python_operator.py for tasks to queue
[2024-06-18T14:12:15.992+0545] {logging_mixin.py:188} INFO - [2024-06-18T14:12:15.991+0545] {dagbag.py:545} INFO - Filling up the DagBag from /home/prabal/afenv/lib/python3.10/site-packages/airflow/example_dags/example_python_operator.py
[2024-06-18T14:12:16.016+0545] {processor.py:840} INFO - DAG(s) 'example_python_operator' retrieved from /home/prabal/afenv/lib/python3.10/site-packages/airflow/example_dags/example_python_operator.py
[2024-06-18T14:12:16.046+0545] {logging_mixin.py:188} INFO - [2024-06-18T14:12:16.045+0545] {dag.py:3096} INFO - Sync 1 DAGs
[2024-06-18T14:12:16.056+0545] {logging_mixin.py:188} INFO - [2024-06-18T14:12:16.056+0545] {dag.py:3954} INFO - Setting next_dagrun for example_python_operator to None, run_after=None
[2024-06-18T14:12:16.075+0545] {processor.py:183} INFO - Processing /home/prabal/afenv/lib/python3.10/site-packages/airflow/example_dags/example_python_operator.py took 0.114 seconds
[2024-06-18T14:13:07.037+0545] {processor.py:161} INFO - Started process (PID=23004) to work on /home/prabal/afenv/lib/python3.10/site-packages/airflow/example_dags/example_python_operator.py
[2024-06-18T14:13:07.049+0545] {processor.py:830} INFO - Processing file /home/prabal/afenv/lib/python3.10/site-packages/airflow/example_dags/example_python_operator.py for tasks to queue
[2024-06-18T14:13:07.052+0545] {logging_mixin.py:188} INFO - [2024-06-18T14:13:07.051+0545] {dagbag.py:545} INFO - Filling up the DagBag from /home/prabal/afenv/lib/python3.10/site-packages/airflow/example_dags/example_python_operator.py
[2024-06-18T14:13:07.070+0545] {processor.py:840} INFO - DAG(s) 'example_python_operator' retrieved from /home/prabal/afenv/lib/python3.10/site-packages/airflow/example_dags/example_python_operator.py
[2024-06-18T14:13:07.091+0545] {logging_mixin.py:188} INFO - [2024-06-18T14:13:07.091+0545] {dag.py:3096} INFO - Sync 1 DAGs
[2024-06-18T14:13:07.113+0545] {logging_mixin.py:188} INFO - [2024-06-18T14:13:07.113+0545] {dag.py:3954} INFO - Setting next_dagrun for example_python_operator to None, run_after=None
[2024-06-18T14:13:07.153+0545] {processor.py:183} INFO - Processing /home/prabal/afenv/lib/python3.10/site-packages/airflow/example_dags/example_python_operator.py took 0.131 seconds
[2024-06-18T14:13:58.360+0545] {processor.py:161} INFO - Started process (PID=23253) to work on /home/prabal/afenv/lib/python3.10/site-packages/airflow/example_dags/example_python_operator.py
[2024-06-18T14:13:58.373+0545] {processor.py:830} INFO - Processing file /home/prabal/afenv/lib/python3.10/site-packages/airflow/example_dags/example_python_operator.py for tasks to queue
[2024-06-18T14:13:58.377+0545] {logging_mixin.py:188} INFO - [2024-06-18T14:13:58.376+0545] {dagbag.py:545} INFO - Filling up the DagBag from /home/prabal/afenv/lib/python3.10/site-packages/airflow/example_dags/example_python_operator.py
[2024-06-18T14:13:58.394+0545] {processor.py:840} INFO - DAG(s) 'example_python_operator' retrieved from /home/prabal/afenv/lib/python3.10/site-packages/airflow/example_dags/example_python_operator.py
[2024-06-18T14:13:58.417+0545] {logging_mixin.py:188} INFO - [2024-06-18T14:13:58.416+0545] {dag.py:3096} INFO - Sync 1 DAGs
[2024-06-18T14:13:58.437+0545] {logging_mixin.py:188} INFO - [2024-06-18T14:13:58.436+0545] {dag.py:3954} INFO - Setting next_dagrun for example_python_operator to None, run_after=None
[2024-06-18T14:13:58.468+0545] {processor.py:183} INFO - Processing /home/prabal/afenv/lib/python3.10/site-packages/airflow/example_dags/example_python_operator.py took 0.121 seconds
[2024-06-18T14:14:51.623+0545] {processor.py:161} INFO - Started process (PID=23509) to work on /home/prabal/afenv/lib/python3.10/site-packages/airflow/example_dags/example_python_operator.py
[2024-06-18T14:14:51.625+0545] {processor.py:830} INFO - Processing file /home/prabal/afenv/lib/python3.10/site-packages/airflow/example_dags/example_python_operator.py for tasks to queue
[2024-06-18T14:14:51.628+0545] {logging_mixin.py:188} INFO - [2024-06-18T14:14:51.627+0545] {dagbag.py:545} INFO - Filling up the DagBag from /home/prabal/afenv/lib/python3.10/site-packages/airflow/example_dags/example_python_operator.py
[2024-06-18T14:14:51.651+0545] {processor.py:840} INFO - DAG(s) 'example_python_operator' retrieved from /home/prabal/afenv/lib/python3.10/site-packages/airflow/example_dags/example_python_operator.py
[2024-06-18T14:14:51.674+0545] {logging_mixin.py:188} INFO - [2024-06-18T14:14:51.674+0545] {dag.py:3096} INFO - Sync 1 DAGs
[2024-06-18T14:14:51.686+0545] {logging_mixin.py:188} INFO - [2024-06-18T14:14:51.686+0545] {dag.py:3954} INFO - Setting next_dagrun for example_python_operator to None, run_after=None
[2024-06-18T14:14:51.705+0545] {processor.py:183} INFO - Processing /home/prabal/afenv/lib/python3.10/site-packages/airflow/example_dags/example_python_operator.py took 0.094 seconds
[2024-06-18T14:15:55.409+0545] {processor.py:161} INFO - Started process (PID=23840) to work on /home/prabal/afenv/lib/python3.10/site-packages/airflow/example_dags/example_python_operator.py
[2024-06-18T14:15:55.423+0545] {processor.py:830} INFO - Processing file /home/prabal/afenv/lib/python3.10/site-packages/airflow/example_dags/example_python_operator.py for tasks to queue
[2024-06-18T14:15:55.426+0545] {logging_mixin.py:188} INFO - [2024-06-18T14:15:55.426+0545] {dagbag.py:545} INFO - Filling up the DagBag from /home/prabal/afenv/lib/python3.10/site-packages/airflow/example_dags/example_python_operator.py
[2024-06-18T14:15:55.449+0545] {processor.py:840} INFO - DAG(s) 'example_python_operator' retrieved from /home/prabal/afenv/lib/python3.10/site-packages/airflow/example_dags/example_python_operator.py
[2024-06-18T14:15:55.472+0545] {logging_mixin.py:188} INFO - [2024-06-18T14:15:55.472+0545] {dag.py:3096} INFO - Sync 1 DAGs
[2024-06-18T14:15:55.486+0545] {logging_mixin.py:188} INFO - [2024-06-18T14:15:55.486+0545] {dag.py:3954} INFO - Setting next_dagrun for example_python_operator to None, run_after=None
[2024-06-18T14:15:55.522+0545] {processor.py:183} INFO - Processing /home/prabal/afenv/lib/python3.10/site-packages/airflow/example_dags/example_python_operator.py took 0.126 seconds
[2024-06-18T14:16:53.624+0545] {processor.py:161} INFO - Started process (PID=24117) to work on /home/prabal/afenv/lib/python3.10/site-packages/airflow/example_dags/example_python_operator.py
[2024-06-18T14:16:53.637+0545] {processor.py:830} INFO - Processing file /home/prabal/afenv/lib/python3.10/site-packages/airflow/example_dags/example_python_operator.py for tasks to queue
[2024-06-18T14:16:53.639+0545] {logging_mixin.py:188} INFO - [2024-06-18T14:16:53.638+0545] {dagbag.py:545} INFO - Filling up the DagBag from /home/prabal/afenv/lib/python3.10/site-packages/airflow/example_dags/example_python_operator.py
[2024-06-18T14:16:53.663+0545] {processor.py:840} INFO - DAG(s) 'example_python_operator' retrieved from /home/prabal/afenv/lib/python3.10/site-packages/airflow/example_dags/example_python_operator.py
[2024-06-18T14:16:53.700+0545] {logging_mixin.py:188} INFO - [2024-06-18T14:16:53.700+0545] {dag.py:3096} INFO - Sync 1 DAGs
[2024-06-18T14:16:53.724+0545] {logging_mixin.py:188} INFO - [2024-06-18T14:16:53.724+0545] {dag.py:3954} INFO - Setting next_dagrun for example_python_operator to None, run_after=None
[2024-06-18T14:16:53.757+0545] {processor.py:183} INFO - Processing /home/prabal/afenv/lib/python3.10/site-packages/airflow/example_dags/example_python_operator.py took 0.148 seconds
[2024-06-18T14:17:47.942+0545] {processor.py:161} INFO - Started process (PID=24380) to work on /home/prabal/afenv/lib/python3.10/site-packages/airflow/example_dags/example_python_operator.py
[2024-06-18T14:17:47.955+0545] {processor.py:830} INFO - Processing file /home/prabal/afenv/lib/python3.10/site-packages/airflow/example_dags/example_python_operator.py for tasks to queue
[2024-06-18T14:17:47.960+0545] {logging_mixin.py:188} INFO - [2024-06-18T14:17:47.958+0545] {dagbag.py:545} INFO - Filling up the DagBag from /home/prabal/afenv/lib/python3.10/site-packages/airflow/example_dags/example_python_operator.py
[2024-06-18T14:17:47.985+0545] {processor.py:840} INFO - DAG(s) 'example_python_operator' retrieved from /home/prabal/afenv/lib/python3.10/site-packages/airflow/example_dags/example_python_operator.py
[2024-06-18T14:17:48.006+0545] {logging_mixin.py:188} INFO - [2024-06-18T14:17:48.005+0545] {dag.py:3096} INFO - Sync 1 DAGs
[2024-06-18T14:17:48.016+0545] {logging_mixin.py:188} INFO - [2024-06-18T14:17:48.016+0545] {dag.py:3954} INFO - Setting next_dagrun for example_python_operator to None, run_after=None
[2024-06-18T14:17:48.037+0545] {processor.py:183} INFO - Processing /home/prabal/afenv/lib/python3.10/site-packages/airflow/example_dags/example_python_operator.py took 0.108 seconds
[2024-06-18T14:18:42.624+0545] {processor.py:161} INFO - Started process (PID=24645) to work on /home/prabal/afenv/lib/python3.10/site-packages/airflow/example_dags/example_python_operator.py
[2024-06-18T14:18:42.636+0545] {processor.py:830} INFO - Processing file /home/prabal/afenv/lib/python3.10/site-packages/airflow/example_dags/example_python_operator.py for tasks to queue
[2024-06-18T14:18:42.640+0545] {logging_mixin.py:188} INFO - [2024-06-18T14:18:42.639+0545] {dagbag.py:545} INFO - Filling up the DagBag from /home/prabal/afenv/lib/python3.10/site-packages/airflow/example_dags/example_python_operator.py
[2024-06-18T14:18:42.662+0545] {processor.py:840} INFO - DAG(s) 'example_python_operator' retrieved from /home/prabal/afenv/lib/python3.10/site-packages/airflow/example_dags/example_python_operator.py
[2024-06-18T14:18:42.684+0545] {logging_mixin.py:188} INFO - [2024-06-18T14:18:42.684+0545] {dag.py:3096} INFO - Sync 1 DAGs
[2024-06-18T14:18:42.694+0545] {logging_mixin.py:188} INFO - [2024-06-18T14:18:42.694+0545] {dag.py:3954} INFO - Setting next_dagrun for example_python_operator to None, run_after=None
[2024-06-18T14:18:42.713+0545] {processor.py:183} INFO - Processing /home/prabal/afenv/lib/python3.10/site-packages/airflow/example_dags/example_python_operator.py took 0.103 seconds
[2024-06-18T14:19:38.219+0545] {processor.py:161} INFO - Started process (PID=24909) to work on /home/prabal/afenv/lib/python3.10/site-packages/airflow/example_dags/example_python_operator.py
[2024-06-18T14:19:38.232+0545] {processor.py:830} INFO - Processing file /home/prabal/afenv/lib/python3.10/site-packages/airflow/example_dags/example_python_operator.py for tasks to queue
[2024-06-18T14:19:38.235+0545] {logging_mixin.py:188} INFO - [2024-06-18T14:19:38.235+0545] {dagbag.py:545} INFO - Filling up the DagBag from /home/prabal/afenv/lib/python3.10/site-packages/airflow/example_dags/example_python_operator.py
[2024-06-18T14:19:38.260+0545] {processor.py:840} INFO - DAG(s) 'example_python_operator' retrieved from /home/prabal/afenv/lib/python3.10/site-packages/airflow/example_dags/example_python_operator.py
[2024-06-18T14:19:38.298+0545] {logging_mixin.py:188} INFO - [2024-06-18T14:19:38.298+0545] {dag.py:3096} INFO - Sync 1 DAGs
[2024-06-18T14:19:38.318+0545] {logging_mixin.py:188} INFO - [2024-06-18T14:19:38.318+0545] {dag.py:3954} INFO - Setting next_dagrun for example_python_operator to None, run_after=None
[2024-06-18T14:19:38.360+0545] {processor.py:183} INFO - Processing /home/prabal/afenv/lib/python3.10/site-packages/airflow/example_dags/example_python_operator.py took 0.155 seconds
[2024-06-18T14:20:31.538+0545] {processor.py:161} INFO - Started process (PID=25165) to work on /home/prabal/afenv/lib/python3.10/site-packages/airflow/example_dags/example_python_operator.py
[2024-06-18T14:20:31.551+0545] {processor.py:830} INFO - Processing file /home/prabal/afenv/lib/python3.10/site-packages/airflow/example_dags/example_python_operator.py for tasks to queue
[2024-06-18T14:20:31.556+0545] {logging_mixin.py:188} INFO - [2024-06-18T14:20:31.555+0545] {dagbag.py:545} INFO - Filling up the DagBag from /home/prabal/afenv/lib/python3.10/site-packages/airflow/example_dags/example_python_operator.py
[2024-06-18T14:20:31.579+0545] {processor.py:840} INFO - DAG(s) 'example_python_operator' retrieved from /home/prabal/afenv/lib/python3.10/site-packages/airflow/example_dags/example_python_operator.py
[2024-06-18T14:20:31.608+0545] {logging_mixin.py:188} INFO - [2024-06-18T14:20:31.608+0545] {dag.py:3096} INFO - Sync 1 DAGs
[2024-06-18T14:20:31.632+0545] {logging_mixin.py:188} INFO - [2024-06-18T14:20:31.631+0545] {dag.py:3954} INFO - Setting next_dagrun for example_python_operator to None, run_after=None
[2024-06-18T14:20:31.681+0545] {processor.py:183} INFO - Processing /home/prabal/afenv/lib/python3.10/site-packages/airflow/example_dags/example_python_operator.py took 0.157 seconds
[2024-06-18T14:21:24.040+0545] {processor.py:161} INFO - Started process (PID=25418) to work on /home/prabal/afenv/lib/python3.10/site-packages/airflow/example_dags/example_python_operator.py
[2024-06-18T14:21:24.054+0545] {processor.py:830} INFO - Processing file /home/prabal/afenv/lib/python3.10/site-packages/airflow/example_dags/example_python_operator.py for tasks to queue
[2024-06-18T14:21:24.057+0545] {logging_mixin.py:188} INFO - [2024-06-18T14:21:24.057+0545] {dagbag.py:545} INFO - Filling up the DagBag from /home/prabal/afenv/lib/python3.10/site-packages/airflow/example_dags/example_python_operator.py
[2024-06-18T14:21:24.077+0545] {processor.py:840} INFO - DAG(s) 'example_python_operator' retrieved from /home/prabal/afenv/lib/python3.10/site-packages/airflow/example_dags/example_python_operator.py
[2024-06-18T14:21:24.093+0545] {logging_mixin.py:188} INFO - [2024-06-18T14:21:24.093+0545] {dag.py:3096} INFO - Sync 1 DAGs
[2024-06-18T14:21:24.112+0545] {logging_mixin.py:188} INFO - [2024-06-18T14:21:24.111+0545] {dag.py:3954} INFO - Setting next_dagrun for example_python_operator to None, run_after=None
[2024-06-18T14:21:24.155+0545] {processor.py:183} INFO - Processing /home/prabal/afenv/lib/python3.10/site-packages/airflow/example_dags/example_python_operator.py took 0.131 seconds
[2024-06-18T14:22:18.506+0545] {processor.py:161} INFO - Started process (PID=25679) to work on /home/prabal/afenv/lib/python3.10/site-packages/airflow/example_dags/example_python_operator.py
[2024-06-18T14:22:18.508+0545] {processor.py:830} INFO - Processing file /home/prabal/afenv/lib/python3.10/site-packages/airflow/example_dags/example_python_operator.py for tasks to queue
[2024-06-18T14:22:18.512+0545] {logging_mixin.py:188} INFO - [2024-06-18T14:22:18.511+0545] {dagbag.py:545} INFO - Filling up the DagBag from /home/prabal/afenv/lib/python3.10/site-packages/airflow/example_dags/example_python_operator.py
[2024-06-18T14:22:18.537+0545] {processor.py:840} INFO - DAG(s) 'example_python_operator' retrieved from /home/prabal/afenv/lib/python3.10/site-packages/airflow/example_dags/example_python_operator.py
[2024-06-18T14:22:18.560+0545] {logging_mixin.py:188} INFO - [2024-06-18T14:22:18.560+0545] {dag.py:3096} INFO - Sync 1 DAGs
[2024-06-18T14:22:18.580+0545] {logging_mixin.py:188} INFO - [2024-06-18T14:22:18.580+0545] {dag.py:3954} INFO - Setting next_dagrun for example_python_operator to None, run_after=None
[2024-06-18T14:22:18.621+0545] {processor.py:183} INFO - Processing /home/prabal/afenv/lib/python3.10/site-packages/airflow/example_dags/example_python_operator.py took 0.131 seconds
[2024-06-18T14:23:13.328+0545] {processor.py:161} INFO - Started process (PID=25945) to work on /home/prabal/afenv/lib/python3.10/site-packages/airflow/example_dags/example_python_operator.py
[2024-06-18T14:23:13.342+0545] {processor.py:830} INFO - Processing file /home/prabal/afenv/lib/python3.10/site-packages/airflow/example_dags/example_python_operator.py for tasks to queue
[2024-06-18T14:23:13.346+0545] {logging_mixin.py:188} INFO - [2024-06-18T14:23:13.345+0545] {dagbag.py:545} INFO - Filling up the DagBag from /home/prabal/afenv/lib/python3.10/site-packages/airflow/example_dags/example_python_operator.py
[2024-06-18T14:23:13.369+0545] {processor.py:840} INFO - DAG(s) 'example_python_operator' retrieved from /home/prabal/afenv/lib/python3.10/site-packages/airflow/example_dags/example_python_operator.py
[2024-06-18T14:23:13.408+0545] {logging_mixin.py:188} INFO - [2024-06-18T14:23:13.408+0545] {dag.py:3096} INFO - Sync 1 DAGs
[2024-06-18T14:23:13.429+0545] {logging_mixin.py:188} INFO - [2024-06-18T14:23:13.428+0545] {dag.py:3954} INFO - Setting next_dagrun for example_python_operator to None, run_after=None
[2024-06-18T14:23:13.451+0545] {processor.py:183} INFO - Processing /home/prabal/afenv/lib/python3.10/site-packages/airflow/example_dags/example_python_operator.py took 0.137 seconds
[2024-06-18T14:24:05.425+0545] {processor.py:161} INFO - Started process (PID=26199) to work on /home/prabal/afenv/lib/python3.10/site-packages/airflow/example_dags/example_python_operator.py
[2024-06-18T14:24:05.438+0545] {processor.py:830} INFO - Processing file /home/prabal/afenv/lib/python3.10/site-packages/airflow/example_dags/example_python_operator.py for tasks to queue
[2024-06-18T14:24:05.441+0545] {logging_mixin.py:188} INFO - [2024-06-18T14:24:05.440+0545] {dagbag.py:545} INFO - Filling up the DagBag from /home/prabal/afenv/lib/python3.10/site-packages/airflow/example_dags/example_python_operator.py
[2024-06-18T14:24:05.461+0545] {processor.py:840} INFO - DAG(s) 'example_python_operator' retrieved from /home/prabal/afenv/lib/python3.10/site-packages/airflow/example_dags/example_python_operator.py
[2024-06-18T14:24:05.479+0545] {logging_mixin.py:188} INFO - [2024-06-18T14:24:05.478+0545] {dag.py:3096} INFO - Sync 1 DAGs
[2024-06-18T14:24:05.490+0545] {logging_mixin.py:188} INFO - [2024-06-18T14:24:05.489+0545] {dag.py:3954} INFO - Setting next_dagrun for example_python_operator to None, run_after=None
[2024-06-18T14:24:05.511+0545] {processor.py:183} INFO - Processing /home/prabal/afenv/lib/python3.10/site-packages/airflow/example_dags/example_python_operator.py took 0.101 seconds
[2024-06-18T17:17:02.714+0545] {processor.py:161} INFO - Started process (PID=4493) to work on /home/prabal/afenv/lib/python3.10/site-packages/airflow/example_dags/example_python_operator.py
[2024-06-18T17:17:02.719+0545] {processor.py:830} INFO - Processing file /home/prabal/afenv/lib/python3.10/site-packages/airflow/example_dags/example_python_operator.py for tasks to queue
[2024-06-18T17:17:02.720+0545] {logging_mixin.py:188} INFO - [2024-06-18T17:17:02.720+0545] {dagbag.py:545} INFO - Filling up the DagBag from /home/prabal/afenv/lib/python3.10/site-packages/airflow/example_dags/example_python_operator.py
[2024-06-18T17:17:02.738+0545] {processor.py:840} INFO - DAG(s) 'example_python_operator' retrieved from /home/prabal/afenv/lib/python3.10/site-packages/airflow/example_dags/example_python_operator.py
[2024-06-18T17:17:02.817+0545] {logging_mixin.py:188} INFO - [2024-06-18T17:17:02.817+0545] {dag.py:3096} INFO - Sync 1 DAGs
[2024-06-18T17:17:02.905+0545] {logging_mixin.py:188} INFO - [2024-06-18T17:17:02.905+0545] {dag.py:3954} INFO - Setting next_dagrun for example_python_operator to None, run_after=None
[2024-06-18T17:17:02.923+0545] {processor.py:183} INFO - Processing /home/prabal/afenv/lib/python3.10/site-packages/airflow/example_dags/example_python_operator.py took 0.219 seconds
[2024-06-18T17:18:06.645+0545] {processor.py:161} INFO - Started process (PID=4820) to work on /home/prabal/afenv/lib/python3.10/site-packages/airflow/example_dags/example_python_operator.py
[2024-06-18T17:18:06.647+0545] {processor.py:830} INFO - Processing file /home/prabal/afenv/lib/python3.10/site-packages/airflow/example_dags/example_python_operator.py for tasks to queue
[2024-06-18T17:18:06.649+0545] {logging_mixin.py:188} INFO - [2024-06-18T17:18:06.648+0545] {dagbag.py:545} INFO - Filling up the DagBag from /home/prabal/afenv/lib/python3.10/site-packages/airflow/example_dags/example_python_operator.py
[2024-06-18T17:18:06.670+0545] {processor.py:840} INFO - DAG(s) 'example_python_operator' retrieved from /home/prabal/afenv/lib/python3.10/site-packages/airflow/example_dags/example_python_operator.py
[2024-06-18T17:18:06.710+0545] {logging_mixin.py:188} INFO - [2024-06-18T17:18:06.709+0545] {dag.py:3096} INFO - Sync 1 DAGs
[2024-06-18T17:18:06.737+0545] {logging_mixin.py:188} INFO - [2024-06-18T17:18:06.736+0545] {dag.py:3954} INFO - Setting next_dagrun for example_python_operator to None, run_after=None
[2024-06-18T17:18:06.783+0545] {processor.py:183} INFO - Processing /home/prabal/afenv/lib/python3.10/site-packages/airflow/example_dags/example_python_operator.py took 0.150 seconds
[2024-06-18T17:19:07.932+0545] {processor.py:161} INFO - Started process (PID=5514) to work on /home/prabal/afenv/lib/python3.10/site-packages/airflow/example_dags/example_python_operator.py
[2024-06-18T17:19:07.946+0545] {processor.py:830} INFO - Processing file /home/prabal/afenv/lib/python3.10/site-packages/airflow/example_dags/example_python_operator.py for tasks to queue
[2024-06-18T17:19:07.947+0545] {logging_mixin.py:188} INFO - [2024-06-18T17:19:07.947+0545] {dagbag.py:545} INFO - Filling up the DagBag from /home/prabal/afenv/lib/python3.10/site-packages/airflow/example_dags/example_python_operator.py
[2024-06-18T17:19:07.968+0545] {processor.py:840} INFO - DAG(s) 'example_python_operator' retrieved from /home/prabal/afenv/lib/python3.10/site-packages/airflow/example_dags/example_python_operator.py
[2024-06-18T17:19:07.992+0545] {logging_mixin.py:188} INFO - [2024-06-18T17:19:07.992+0545] {dag.py:3096} INFO - Sync 1 DAGs
[2024-06-18T17:19:08.002+0545] {logging_mixin.py:188} INFO - [2024-06-18T17:19:08.002+0545] {dag.py:3954} INFO - Setting next_dagrun for example_python_operator to None, run_after=None
[2024-06-18T17:19:08.021+0545] {processor.py:183} INFO - Processing /home/prabal/afenv/lib/python3.10/site-packages/airflow/example_dags/example_python_operator.py took 0.101 seconds
[2024-06-18T17:20:04.580+0545] {processor.py:161} INFO - Started process (PID=5937) to work on /home/prabal/afenv/lib/python3.10/site-packages/airflow/example_dags/example_python_operator.py
[2024-06-18T17:20:04.593+0545] {processor.py:830} INFO - Processing file /home/prabal/afenv/lib/python3.10/site-packages/airflow/example_dags/example_python_operator.py for tasks to queue
[2024-06-18T17:20:04.595+0545] {logging_mixin.py:188} INFO - [2024-06-18T17:20:04.594+0545] {dagbag.py:545} INFO - Filling up the DagBag from /home/prabal/afenv/lib/python3.10/site-packages/airflow/example_dags/example_python_operator.py
[2024-06-18T17:20:04.616+0545] {processor.py:840} INFO - DAG(s) 'example_python_operator' retrieved from /home/prabal/afenv/lib/python3.10/site-packages/airflow/example_dags/example_python_operator.py
[2024-06-18T17:20:04.640+0545] {logging_mixin.py:188} INFO - [2024-06-18T17:20:04.640+0545] {dag.py:3096} INFO - Sync 1 DAGs
[2024-06-18T17:20:04.650+0545] {logging_mixin.py:188} INFO - [2024-06-18T17:20:04.649+0545] {dag.py:3954} INFO - Setting next_dagrun for example_python_operator to None, run_after=None
[2024-06-18T17:20:04.668+0545] {processor.py:183} INFO - Processing /home/prabal/afenv/lib/python3.10/site-packages/airflow/example_dags/example_python_operator.py took 0.100 seconds
[2024-06-18T17:20:59.557+0545] {processor.py:161} INFO - Started process (PID=6620) to work on /home/prabal/afenv/lib/python3.10/site-packages/airflow/example_dags/example_python_operator.py
[2024-06-18T17:20:59.570+0545] {processor.py:830} INFO - Processing file /home/prabal/afenv/lib/python3.10/site-packages/airflow/example_dags/example_python_operator.py for tasks to queue
[2024-06-18T17:20:59.571+0545] {logging_mixin.py:188} INFO - [2024-06-18T17:20:59.571+0545] {dagbag.py:545} INFO - Filling up the DagBag from /home/prabal/afenv/lib/python3.10/site-packages/airflow/example_dags/example_python_operator.py
[2024-06-18T17:20:59.593+0545] {processor.py:840} INFO - DAG(s) 'example_python_operator' retrieved from /home/prabal/afenv/lib/python3.10/site-packages/airflow/example_dags/example_python_operator.py
[2024-06-18T17:20:59.622+0545] {logging_mixin.py:188} INFO - [2024-06-18T17:20:59.622+0545] {dag.py:3096} INFO - Sync 1 DAGs
[2024-06-18T17:20:59.632+0545] {logging_mixin.py:188} INFO - [2024-06-18T17:20:59.632+0545] {dag.py:3954} INFO - Setting next_dagrun for example_python_operator to None, run_after=None
[2024-06-18T17:20:59.652+0545] {processor.py:183} INFO - Processing /home/prabal/afenv/lib/python3.10/site-packages/airflow/example_dags/example_python_operator.py took 0.108 seconds
[2024-06-18T17:22:30.504+0545] {processor.py:161} INFO - Started process (PID=7174) to work on /home/prabal/afenv/lib/python3.10/site-packages/airflow/example_dags/example_python_operator.py
[2024-06-18T17:22:30.506+0545] {processor.py:830} INFO - Processing file /home/prabal/afenv/lib/python3.10/site-packages/airflow/example_dags/example_python_operator.py for tasks to queue
[2024-06-18T17:22:30.508+0545] {logging_mixin.py:188} INFO - [2024-06-18T17:22:30.508+0545] {dagbag.py:545} INFO - Filling up the DagBag from /home/prabal/afenv/lib/python3.10/site-packages/airflow/example_dags/example_python_operator.py
[2024-06-18T17:22:30.518+0545] {processor.py:840} INFO - DAG(s) 'example_python_operator' retrieved from /home/prabal/afenv/lib/python3.10/site-packages/airflow/example_dags/example_python_operator.py
[2024-06-18T17:22:30.606+0545] {logging_mixin.py:188} INFO - [2024-06-18T17:22:30.606+0545] {dag.py:3096} INFO - Sync 1 DAGs
[2024-06-18T17:22:30.690+0545] {logging_mixin.py:188} INFO - [2024-06-18T17:22:30.690+0545] {dag.py:3954} INFO - Setting next_dagrun for example_python_operator to None, run_after=None
[2024-06-18T17:22:30.724+0545] {processor.py:183} INFO - Processing /home/prabal/afenv/lib/python3.10/site-packages/airflow/example_dags/example_python_operator.py took 0.226 seconds
