[2024-06-18T13:42:34.398+0545] {processor.py:161} INFO - Started process (PID=14212) to work on /home/prabal/afenv/lib/python3.10/site-packages/airflow/example_dags/example_time_delta_sensor_async.py
[2024-06-18T13:42:34.400+0545] {processor.py:830} INFO - Processing file /home/prabal/afenv/lib/python3.10/site-packages/airflow/example_dags/example_time_delta_sensor_async.py for tasks to queue
[2024-06-18T13:42:34.403+0545] {logging_mixin.py:188} INFO - [2024-06-18T13:42:34.402+0545] {dagbag.py:545} INFO - Filling up the DagBag from /home/prabal/afenv/lib/python3.10/site-packages/airflow/example_dags/example_time_delta_sensor_async.py
[2024-06-18T13:42:34.413+0545] {processor.py:840} INFO - DAG(s) 'example_time_delta_sensor_async' retrieved from /home/prabal/afenv/lib/python3.10/site-packages/airflow/example_dags/example_time_delta_sensor_async.py
[2024-06-18T13:42:34.526+0545] {logging_mixin.py:188} INFO - [2024-06-18T13:42:34.526+0545] {override.py:1829} INFO - Created Permission View: can read on DAG:example_time_delta_sensor_async
[2024-06-18T13:42:34.535+0545] {logging_mixin.py:188} INFO - [2024-06-18T13:42:34.535+0545] {override.py:1829} INFO - Created Permission View: can edit on DAG:example_time_delta_sensor_async
[2024-06-18T13:42:34.542+0545] {logging_mixin.py:188} INFO - [2024-06-18T13:42:34.542+0545] {override.py:1829} INFO - Created Permission View: can delete on DAG:example_time_delta_sensor_async
[2024-06-18T13:42:34.542+0545] {logging_mixin.py:188} INFO - [2024-06-18T13:42:34.542+0545] {dag.py:3096} INFO - Sync 1 DAGs
[2024-06-18T13:42:34.551+0545] {logging_mixin.py:188} INFO - [2024-06-18T13:42:34.550+0545] {dag.py:3118} INFO - Creating ORM DAG for example_time_delta_sensor_async
[2024-06-18T13:42:34.551+0545] {logging_mixin.py:188} INFO - [2024-06-18T13:42:34.551+0545] {dag.py:3954} INFO - Setting next_dagrun for example_time_delta_sensor_async to None, run_after=None
[2024-06-18T13:42:34.567+0545] {processor.py:183} INFO - Processing /home/prabal/afenv/lib/python3.10/site-packages/airflow/example_dags/example_time_delta_sensor_async.py took 0.183 seconds
[2024-06-18T13:43:34.348+0545] {processor.py:161} INFO - Started process (PID=14509) to work on /home/prabal/afenv/lib/python3.10/site-packages/airflow/example_dags/example_time_delta_sensor_async.py
[2024-06-18T13:43:34.361+0545] {processor.py:830} INFO - Processing file /home/prabal/afenv/lib/python3.10/site-packages/airflow/example_dags/example_time_delta_sensor_async.py for tasks to queue
[2024-06-18T13:43:34.364+0545] {logging_mixin.py:188} INFO - [2024-06-18T13:43:34.363+0545] {dagbag.py:545} INFO - Filling up the DagBag from /home/prabal/afenv/lib/python3.10/site-packages/airflow/example_dags/example_time_delta_sensor_async.py
[2024-06-18T13:43:34.377+0545] {processor.py:840} INFO - DAG(s) 'example_time_delta_sensor_async' retrieved from /home/prabal/afenv/lib/python3.10/site-packages/airflow/example_dags/example_time_delta_sensor_async.py
[2024-06-18T13:43:34.407+0545] {logging_mixin.py:188} INFO - [2024-06-18T13:43:34.407+0545] {dag.py:3096} INFO - Sync 1 DAGs
[2024-06-18T13:43:34.420+0545] {logging_mixin.py:188} INFO - [2024-06-18T13:43:34.420+0545] {dag.py:3954} INFO - Setting next_dagrun for example_time_delta_sensor_async to None, run_after=None
[2024-06-18T13:43:34.440+0545] {processor.py:183} INFO - Processing /home/prabal/afenv/lib/python3.10/site-packages/airflow/example_dags/example_time_delta_sensor_async.py took 0.103 seconds
[2024-06-18T13:44:37.576+0545] {processor.py:161} INFO - Started process (PID=14813) to work on /home/prabal/afenv/lib/python3.10/site-packages/airflow/example_dags/example_time_delta_sensor_async.py
[2024-06-18T13:44:37.579+0545] {processor.py:830} INFO - Processing file /home/prabal/afenv/lib/python3.10/site-packages/airflow/example_dags/example_time_delta_sensor_async.py for tasks to queue
[2024-06-18T13:44:37.583+0545] {logging_mixin.py:188} INFO - [2024-06-18T13:44:37.582+0545] {dagbag.py:545} INFO - Filling up the DagBag from /home/prabal/afenv/lib/python3.10/site-packages/airflow/example_dags/example_time_delta_sensor_async.py
[2024-06-18T13:44:37.600+0545] {processor.py:840} INFO - DAG(s) 'example_time_delta_sensor_async' retrieved from /home/prabal/afenv/lib/python3.10/site-packages/airflow/example_dags/example_time_delta_sensor_async.py
[2024-06-18T13:44:37.743+0545] {logging_mixin.py:188} INFO - [2024-06-18T13:44:37.743+0545] {dag.py:3096} INFO - Sync 1 DAGs
[2024-06-18T13:44:37.754+0545] {logging_mixin.py:188} INFO - [2024-06-18T13:44:37.754+0545] {dag.py:3954} INFO - Setting next_dagrun for example_time_delta_sensor_async to None, run_after=None
[2024-06-18T13:44:37.796+0545] {processor.py:183} INFO - Processing /home/prabal/afenv/lib/python3.10/site-packages/airflow/example_dags/example_time_delta_sensor_async.py took 0.235 seconds
[2024-06-18T13:45:34.748+0545] {processor.py:161} INFO - Started process (PID=15089) to work on /home/prabal/afenv/lib/python3.10/site-packages/airflow/example_dags/example_time_delta_sensor_async.py
[2024-06-18T13:45:34.761+0545] {processor.py:830} INFO - Processing file /home/prabal/afenv/lib/python3.10/site-packages/airflow/example_dags/example_time_delta_sensor_async.py for tasks to queue
[2024-06-18T13:45:34.763+0545] {logging_mixin.py:188} INFO - [2024-06-18T13:45:34.763+0545] {dagbag.py:545} INFO - Filling up the DagBag from /home/prabal/afenv/lib/python3.10/site-packages/airflow/example_dags/example_time_delta_sensor_async.py
[2024-06-18T13:45:34.769+0545] {processor.py:840} INFO - DAG(s) 'example_time_delta_sensor_async' retrieved from /home/prabal/afenv/lib/python3.10/site-packages/airflow/example_dags/example_time_delta_sensor_async.py
[2024-06-18T13:45:34.792+0545] {logging_mixin.py:188} INFO - [2024-06-18T13:45:34.791+0545] {dag.py:3096} INFO - Sync 1 DAGs
[2024-06-18T13:45:34.806+0545] {logging_mixin.py:188} INFO - [2024-06-18T13:45:34.805+0545] {dag.py:3954} INFO - Setting next_dagrun for example_time_delta_sensor_async to None, run_after=None
[2024-06-18T13:45:34.828+0545] {processor.py:183} INFO - Processing /home/prabal/afenv/lib/python3.10/site-packages/airflow/example_dags/example_time_delta_sensor_async.py took 0.089 seconds
[2024-06-18T13:46:29.113+0545] {processor.py:161} INFO - Started process (PID=15353) to work on /home/prabal/afenv/lib/python3.10/site-packages/airflow/example_dags/example_time_delta_sensor_async.py
[2024-06-18T13:46:29.127+0545] {processor.py:830} INFO - Processing file /home/prabal/afenv/lib/python3.10/site-packages/airflow/example_dags/example_time_delta_sensor_async.py for tasks to queue
[2024-06-18T13:46:29.130+0545] {logging_mixin.py:188} INFO - [2024-06-18T13:46:29.129+0545] {dagbag.py:545} INFO - Filling up the DagBag from /home/prabal/afenv/lib/python3.10/site-packages/airflow/example_dags/example_time_delta_sensor_async.py
[2024-06-18T13:46:29.142+0545] {processor.py:840} INFO - DAG(s) 'example_time_delta_sensor_async' retrieved from /home/prabal/afenv/lib/python3.10/site-packages/airflow/example_dags/example_time_delta_sensor_async.py
[2024-06-18T13:46:29.168+0545] {logging_mixin.py:188} INFO - [2024-06-18T13:46:29.168+0545] {dag.py:3096} INFO - Sync 1 DAGs
[2024-06-18T13:46:29.179+0545] {logging_mixin.py:188} INFO - [2024-06-18T13:46:29.178+0545] {dag.py:3954} INFO - Setting next_dagrun for example_time_delta_sensor_async to None, run_after=None
[2024-06-18T13:46:29.200+0545] {processor.py:183} INFO - Processing /home/prabal/afenv/lib/python3.10/site-packages/airflow/example_dags/example_time_delta_sensor_async.py took 0.102 seconds
[2024-06-18T13:47:21.161+0545] {processor.py:161} INFO - Started process (PID=15603) to work on /home/prabal/afenv/lib/python3.10/site-packages/airflow/example_dags/example_time_delta_sensor_async.py
[2024-06-18T13:47:21.173+0545] {processor.py:830} INFO - Processing file /home/prabal/afenv/lib/python3.10/site-packages/airflow/example_dags/example_time_delta_sensor_async.py for tasks to queue
[2024-06-18T13:47:21.176+0545] {logging_mixin.py:188} INFO - [2024-06-18T13:47:21.175+0545] {dagbag.py:545} INFO - Filling up the DagBag from /home/prabal/afenv/lib/python3.10/site-packages/airflow/example_dags/example_time_delta_sensor_async.py
[2024-06-18T13:47:21.186+0545] {processor.py:840} INFO - DAG(s) 'example_time_delta_sensor_async' retrieved from /home/prabal/afenv/lib/python3.10/site-packages/airflow/example_dags/example_time_delta_sensor_async.py
[2024-06-18T13:47:21.208+0545] {logging_mixin.py:188} INFO - [2024-06-18T13:47:21.208+0545] {dag.py:3096} INFO - Sync 1 DAGs
[2024-06-18T13:47:21.223+0545] {logging_mixin.py:188} INFO - [2024-06-18T13:47:21.222+0545] {dag.py:3954} INFO - Setting next_dagrun for example_time_delta_sensor_async to None, run_after=None
[2024-06-18T13:47:21.247+0545] {processor.py:183} INFO - Processing /home/prabal/afenv/lib/python3.10/site-packages/airflow/example_dags/example_time_delta_sensor_async.py took 0.092 seconds
[2024-06-18T13:48:12.091+0545] {processor.py:161} INFO - Started process (PID=15853) to work on /home/prabal/afenv/lib/python3.10/site-packages/airflow/example_dags/example_time_delta_sensor_async.py
[2024-06-18T13:48:12.103+0545] {processor.py:830} INFO - Processing file /home/prabal/afenv/lib/python3.10/site-packages/airflow/example_dags/example_time_delta_sensor_async.py for tasks to queue
[2024-06-18T13:48:12.107+0545] {logging_mixin.py:188} INFO - [2024-06-18T13:48:12.106+0545] {dagbag.py:545} INFO - Filling up the DagBag from /home/prabal/afenv/lib/python3.10/site-packages/airflow/example_dags/example_time_delta_sensor_async.py
[2024-06-18T13:48:12.118+0545] {processor.py:840} INFO - DAG(s) 'example_time_delta_sensor_async' retrieved from /home/prabal/afenv/lib/python3.10/site-packages/airflow/example_dags/example_time_delta_sensor_async.py
[2024-06-18T13:48:12.138+0545] {logging_mixin.py:188} INFO - [2024-06-18T13:48:12.138+0545] {dag.py:3096} INFO - Sync 1 DAGs
[2024-06-18T13:48:12.149+0545] {logging_mixin.py:188} INFO - [2024-06-18T13:48:12.148+0545] {dag.py:3954} INFO - Setting next_dagrun for example_time_delta_sensor_async to None, run_after=None
[2024-06-18T13:48:12.170+0545] {processor.py:183} INFO - Processing /home/prabal/afenv/lib/python3.10/site-packages/airflow/example_dags/example_time_delta_sensor_async.py took 0.093 seconds
[2024-06-18T13:49:56.804+0545] {processor.py:161} INFO - Started process (PID=16379) to work on /home/prabal/afenv/lib/python3.10/site-packages/airflow/example_dags/example_time_delta_sensor_async.py
[2024-06-18T13:49:56.817+0545] {processor.py:830} INFO - Processing file /home/prabal/afenv/lib/python3.10/site-packages/airflow/example_dags/example_time_delta_sensor_async.py for tasks to queue
[2024-06-18T13:49:56.819+0545] {logging_mixin.py:188} INFO - [2024-06-18T13:49:56.818+0545] {dagbag.py:545} INFO - Filling up the DagBag from /home/prabal/afenv/lib/python3.10/site-packages/airflow/example_dags/example_time_delta_sensor_async.py
[2024-06-18T13:49:56.824+0545] {processor.py:840} INFO - DAG(s) 'example_time_delta_sensor_async' retrieved from /home/prabal/afenv/lib/python3.10/site-packages/airflow/example_dags/example_time_delta_sensor_async.py
[2024-06-18T13:49:56.843+0545] {logging_mixin.py:188} INFO - [2024-06-18T13:49:56.843+0545] {dag.py:3096} INFO - Sync 1 DAGs
[2024-06-18T13:49:56.856+0545] {logging_mixin.py:188} INFO - [2024-06-18T13:49:56.856+0545] {dag.py:3954} INFO - Setting next_dagrun for example_time_delta_sensor_async to None, run_after=None
[2024-06-18T13:49:56.884+0545] {processor.py:183} INFO - Processing /home/prabal/afenv/lib/python3.10/site-packages/airflow/example_dags/example_time_delta_sensor_async.py took 0.093 seconds
[2024-06-18T13:51:30.252+0545] {processor.py:161} INFO - Started process (PID=16836) to work on /home/prabal/afenv/lib/python3.10/site-packages/airflow/example_dags/example_time_delta_sensor_async.py
[2024-06-18T13:51:30.260+0545] {processor.py:830} INFO - Processing file /home/prabal/afenv/lib/python3.10/site-packages/airflow/example_dags/example_time_delta_sensor_async.py for tasks to queue
[2024-06-18T13:51:30.263+0545] {logging_mixin.py:188} INFO - [2024-06-18T13:51:30.262+0545] {dagbag.py:545} INFO - Filling up the DagBag from /home/prabal/afenv/lib/python3.10/site-packages/airflow/example_dags/example_time_delta_sensor_async.py
[2024-06-18T13:51:30.279+0545] {processor.py:840} INFO - DAG(s) 'example_time_delta_sensor_async' retrieved from /home/prabal/afenv/lib/python3.10/site-packages/airflow/example_dags/example_time_delta_sensor_async.py
[2024-06-18T13:51:30.311+0545] {logging_mixin.py:188} INFO - [2024-06-18T13:51:30.310+0545] {dag.py:3096} INFO - Sync 1 DAGs
[2024-06-18T13:51:30.344+0545] {logging_mixin.py:188} INFO - [2024-06-18T13:51:30.343+0545] {dag.py:3954} INFO - Setting next_dagrun for example_time_delta_sensor_async to None, run_after=None
[2024-06-18T13:51:30.382+0545] {processor.py:183} INFO - Processing /home/prabal/afenv/lib/python3.10/site-packages/airflow/example_dags/example_time_delta_sensor_async.py took 0.139 seconds
[2024-06-18T13:52:34.091+0545] {processor.py:161} INFO - Started process (PID=17190) to work on /home/prabal/afenv/lib/python3.10/site-packages/airflow/example_dags/example_time_delta_sensor_async.py
[2024-06-18T13:52:34.093+0545] {processor.py:830} INFO - Processing file /home/prabal/afenv/lib/python3.10/site-packages/airflow/example_dags/example_time_delta_sensor_async.py for tasks to queue
[2024-06-18T13:52:34.095+0545] {logging_mixin.py:188} INFO - [2024-06-18T13:52:34.095+0545] {dagbag.py:545} INFO - Filling up the DagBag from /home/prabal/afenv/lib/python3.10/site-packages/airflow/example_dags/example_time_delta_sensor_async.py
[2024-06-18T13:52:34.106+0545] {processor.py:840} INFO - DAG(s) 'example_time_delta_sensor_async' retrieved from /home/prabal/afenv/lib/python3.10/site-packages/airflow/example_dags/example_time_delta_sensor_async.py
[2024-06-18T13:52:34.136+0545] {logging_mixin.py:188} INFO - [2024-06-18T13:52:34.135+0545] {dag.py:3096} INFO - Sync 1 DAGs
[2024-06-18T13:52:34.152+0545] {logging_mixin.py:188} INFO - [2024-06-18T13:52:34.152+0545] {dag.py:3954} INFO - Setting next_dagrun for example_time_delta_sensor_async to None, run_after=None
[2024-06-18T13:52:34.182+0545] {processor.py:183} INFO - Processing /home/prabal/afenv/lib/python3.10/site-packages/airflow/example_dags/example_time_delta_sensor_async.py took 0.107 seconds
[2024-06-18T13:53:48.433+0545] {processor.py:161} INFO - Started process (PID=17573) to work on /home/prabal/afenv/lib/python3.10/site-packages/airflow/example_dags/example_time_delta_sensor_async.py
[2024-06-18T13:53:48.447+0545] {processor.py:830} INFO - Processing file /home/prabal/afenv/lib/python3.10/site-packages/airflow/example_dags/example_time_delta_sensor_async.py for tasks to queue
[2024-06-18T13:53:48.451+0545] {logging_mixin.py:188} INFO - [2024-06-18T13:53:48.450+0545] {dagbag.py:545} INFO - Filling up the DagBag from /home/prabal/afenv/lib/python3.10/site-packages/airflow/example_dags/example_time_delta_sensor_async.py
[2024-06-18T13:53:48.462+0545] {processor.py:840} INFO - DAG(s) 'example_time_delta_sensor_async' retrieved from /home/prabal/afenv/lib/python3.10/site-packages/airflow/example_dags/example_time_delta_sensor_async.py
[2024-06-18T13:53:48.481+0545] {logging_mixin.py:188} INFO - [2024-06-18T13:53:48.481+0545] {dag.py:3096} INFO - Sync 1 DAGs
[2024-06-18T13:53:48.493+0545] {logging_mixin.py:188} INFO - [2024-06-18T13:53:48.493+0545] {dag.py:3954} INFO - Setting next_dagrun for example_time_delta_sensor_async to None, run_after=None
[2024-06-18T13:53:48.523+0545] {processor.py:183} INFO - Processing /home/prabal/afenv/lib/python3.10/site-packages/airflow/example_dags/example_time_delta_sensor_async.py took 0.103 seconds
[2024-06-18T13:54:42.071+0545] {processor.py:161} INFO - Started process (PID=17835) to work on /home/prabal/afenv/lib/python3.10/site-packages/airflow/example_dags/example_time_delta_sensor_async.py
[2024-06-18T13:54:42.074+0545] {processor.py:830} INFO - Processing file /home/prabal/afenv/lib/python3.10/site-packages/airflow/example_dags/example_time_delta_sensor_async.py for tasks to queue
[2024-06-18T13:54:42.078+0545] {logging_mixin.py:188} INFO - [2024-06-18T13:54:42.077+0545] {dagbag.py:545} INFO - Filling up the DagBag from /home/prabal/afenv/lib/python3.10/site-packages/airflow/example_dags/example_time_delta_sensor_async.py
[2024-06-18T13:54:42.089+0545] {processor.py:840} INFO - DAG(s) 'example_time_delta_sensor_async' retrieved from /home/prabal/afenv/lib/python3.10/site-packages/airflow/example_dags/example_time_delta_sensor_async.py
[2024-06-18T13:54:42.117+0545] {logging_mixin.py:188} INFO - [2024-06-18T13:54:42.117+0545] {dag.py:3096} INFO - Sync 1 DAGs
[2024-06-18T13:54:42.129+0545] {logging_mixin.py:188} INFO - [2024-06-18T13:54:42.129+0545] {dag.py:3954} INFO - Setting next_dagrun for example_time_delta_sensor_async to None, run_after=None
[2024-06-18T13:54:42.147+0545] {processor.py:183} INFO - Processing /home/prabal/afenv/lib/python3.10/site-packages/airflow/example_dags/example_time_delta_sensor_async.py took 0.089 seconds
[2024-06-18T13:55:45.622+0545] {processor.py:161} INFO - Started process (PID=18164) to work on /home/prabal/afenv/lib/python3.10/site-packages/airflow/example_dags/example_time_delta_sensor_async.py
[2024-06-18T13:55:45.636+0545] {processor.py:830} INFO - Processing file /home/prabal/afenv/lib/python3.10/site-packages/airflow/example_dags/example_time_delta_sensor_async.py for tasks to queue
[2024-06-18T13:55:45.640+0545] {logging_mixin.py:188} INFO - [2024-06-18T13:55:45.639+0545] {dagbag.py:545} INFO - Filling up the DagBag from /home/prabal/afenv/lib/python3.10/site-packages/airflow/example_dags/example_time_delta_sensor_async.py
[2024-06-18T13:55:45.650+0545] {processor.py:840} INFO - DAG(s) 'example_time_delta_sensor_async' retrieved from /home/prabal/afenv/lib/python3.10/site-packages/airflow/example_dags/example_time_delta_sensor_async.py
[2024-06-18T13:55:45.678+0545] {logging_mixin.py:188} INFO - [2024-06-18T13:55:45.678+0545] {dag.py:3096} INFO - Sync 1 DAGs
[2024-06-18T13:55:45.694+0545] {logging_mixin.py:188} INFO - [2024-06-18T13:55:45.694+0545] {dag.py:3954} INFO - Setting next_dagrun for example_time_delta_sensor_async to None, run_after=None
[2024-06-18T13:55:45.713+0545] {processor.py:183} INFO - Processing /home/prabal/afenv/lib/python3.10/site-packages/airflow/example_dags/example_time_delta_sensor_async.py took 0.107 seconds
[2024-06-18T13:56:39.147+0545] {processor.py:161} INFO - Started process (PID=18425) to work on /home/prabal/afenv/lib/python3.10/site-packages/airflow/example_dags/example_time_delta_sensor_async.py
[2024-06-18T13:56:39.160+0545] {processor.py:830} INFO - Processing file /home/prabal/afenv/lib/python3.10/site-packages/airflow/example_dags/example_time_delta_sensor_async.py for tasks to queue
[2024-06-18T13:56:39.164+0545] {logging_mixin.py:188} INFO - [2024-06-18T13:56:39.163+0545] {dagbag.py:545} INFO - Filling up the DagBag from /home/prabal/afenv/lib/python3.10/site-packages/airflow/example_dags/example_time_delta_sensor_async.py
[2024-06-18T13:56:39.174+0545] {processor.py:840} INFO - DAG(s) 'example_time_delta_sensor_async' retrieved from /home/prabal/afenv/lib/python3.10/site-packages/airflow/example_dags/example_time_delta_sensor_async.py
[2024-06-18T13:56:39.203+0545] {logging_mixin.py:188} INFO - [2024-06-18T13:56:39.203+0545] {dag.py:3096} INFO - Sync 1 DAGs
[2024-06-18T13:56:39.214+0545] {logging_mixin.py:188} INFO - [2024-06-18T13:56:39.213+0545] {dag.py:3954} INFO - Setting next_dagrun for example_time_delta_sensor_async to None, run_after=None
[2024-06-18T13:56:39.233+0545] {processor.py:183} INFO - Processing /home/prabal/afenv/lib/python3.10/site-packages/airflow/example_dags/example_time_delta_sensor_async.py took 0.101 seconds
[2024-06-18T13:57:30.208+0545] {processor.py:161} INFO - Started process (PID=18671) to work on /home/prabal/afenv/lib/python3.10/site-packages/airflow/example_dags/example_time_delta_sensor_async.py
[2024-06-18T13:57:30.221+0545] {processor.py:830} INFO - Processing file /home/prabal/afenv/lib/python3.10/site-packages/airflow/example_dags/example_time_delta_sensor_async.py for tasks to queue
[2024-06-18T13:57:30.225+0545] {logging_mixin.py:188} INFO - [2024-06-18T13:57:30.224+0545] {dagbag.py:545} INFO - Filling up the DagBag from /home/prabal/afenv/lib/python3.10/site-packages/airflow/example_dags/example_time_delta_sensor_async.py
[2024-06-18T13:57:30.235+0545] {processor.py:840} INFO - DAG(s) 'example_time_delta_sensor_async' retrieved from /home/prabal/afenv/lib/python3.10/site-packages/airflow/example_dags/example_time_delta_sensor_async.py
[2024-06-18T13:57:30.258+0545] {logging_mixin.py:188} INFO - [2024-06-18T13:57:30.258+0545] {dag.py:3096} INFO - Sync 1 DAGs
[2024-06-18T13:57:30.275+0545] {logging_mixin.py:188} INFO - [2024-06-18T13:57:30.274+0545] {dag.py:3954} INFO - Setting next_dagrun for example_time_delta_sensor_async to None, run_after=None
[2024-06-18T13:57:30.305+0545] {processor.py:183} INFO - Processing /home/prabal/afenv/lib/python3.10/site-packages/airflow/example_dags/example_time_delta_sensor_async.py took 0.112 seconds
[2024-06-18T14:05:30.110+0545] {processor.py:161} INFO - Started process (PID=20798) to work on /home/prabal/afenv/lib/python3.10/site-packages/airflow/example_dags/example_time_delta_sensor_async.py
[2024-06-18T14:05:30.122+0545] {processor.py:830} INFO - Processing file /home/prabal/afenv/lib/python3.10/site-packages/airflow/example_dags/example_time_delta_sensor_async.py for tasks to queue
[2024-06-18T14:05:30.126+0545] {logging_mixin.py:188} INFO - [2024-06-18T14:05:30.125+0545] {dagbag.py:545} INFO - Filling up the DagBag from /home/prabal/afenv/lib/python3.10/site-packages/airflow/example_dags/example_time_delta_sensor_async.py
[2024-06-18T14:05:30.142+0545] {processor.py:840} INFO - DAG(s) 'example_time_delta_sensor_async' retrieved from /home/prabal/afenv/lib/python3.10/site-packages/airflow/example_dags/example_time_delta_sensor_async.py
[2024-06-18T14:05:30.160+0545] {logging_mixin.py:188} INFO - [2024-06-18T14:05:30.160+0545] {dag.py:3096} INFO - Sync 1 DAGs
[2024-06-18T14:05:30.172+0545] {logging_mixin.py:188} INFO - [2024-06-18T14:05:30.172+0545] {dag.py:3954} INFO - Setting next_dagrun for example_time_delta_sensor_async to None, run_after=None
[2024-06-18T14:05:30.199+0545] {processor.py:183} INFO - Processing /home/prabal/afenv/lib/python3.10/site-packages/airflow/example_dags/example_time_delta_sensor_async.py took 0.103 seconds
[2024-06-18T14:06:28.718+0545] {processor.py:161} INFO - Started process (PID=21078) to work on /home/prabal/afenv/lib/python3.10/site-packages/airflow/example_dags/example_time_delta_sensor_async.py
[2024-06-18T14:06:28.725+0545] {processor.py:830} INFO - Processing file /home/prabal/afenv/lib/python3.10/site-packages/airflow/example_dags/example_time_delta_sensor_async.py for tasks to queue
[2024-06-18T14:06:28.728+0545] {logging_mixin.py:188} INFO - [2024-06-18T14:06:28.727+0545] {dagbag.py:545} INFO - Filling up the DagBag from /home/prabal/afenv/lib/python3.10/site-packages/airflow/example_dags/example_time_delta_sensor_async.py
[2024-06-18T14:06:28.735+0545] {processor.py:840} INFO - DAG(s) 'example_time_delta_sensor_async' retrieved from /home/prabal/afenv/lib/python3.10/site-packages/airflow/example_dags/example_time_delta_sensor_async.py
[2024-06-18T14:06:28.751+0545] {logging_mixin.py:188} INFO - [2024-06-18T14:06:28.750+0545] {dag.py:3096} INFO - Sync 1 DAGs
[2024-06-18T14:06:28.761+0545] {logging_mixin.py:188} INFO - [2024-06-18T14:06:28.761+0545] {dag.py:3954} INFO - Setting next_dagrun for example_time_delta_sensor_async to None, run_after=None
[2024-06-18T14:06:28.778+0545] {processor.py:183} INFO - Processing /home/prabal/afenv/lib/python3.10/site-packages/airflow/example_dags/example_time_delta_sensor_async.py took 0.073 seconds
[2024-06-18T14:07:26.680+0545] {processor.py:161} INFO - Started process (PID=21356) to work on /home/prabal/afenv/lib/python3.10/site-packages/airflow/example_dags/example_time_delta_sensor_async.py
[2024-06-18T14:07:26.693+0545] {processor.py:830} INFO - Processing file /home/prabal/afenv/lib/python3.10/site-packages/airflow/example_dags/example_time_delta_sensor_async.py for tasks to queue
[2024-06-18T14:07:26.697+0545] {logging_mixin.py:188} INFO - [2024-06-18T14:07:26.696+0545] {dagbag.py:545} INFO - Filling up the DagBag from /home/prabal/afenv/lib/python3.10/site-packages/airflow/example_dags/example_time_delta_sensor_async.py
[2024-06-18T14:07:26.707+0545] {processor.py:840} INFO - DAG(s) 'example_time_delta_sensor_async' retrieved from /home/prabal/afenv/lib/python3.10/site-packages/airflow/example_dags/example_time_delta_sensor_async.py
[2024-06-18T14:07:26.800+0545] {logging_mixin.py:188} INFO - [2024-06-18T14:07:26.800+0545] {dag.py:3096} INFO - Sync 1 DAGs
[2024-06-18T14:07:26.809+0545] {logging_mixin.py:188} INFO - [2024-06-18T14:07:26.809+0545] {dag.py:3954} INFO - Setting next_dagrun for example_time_delta_sensor_async to None, run_after=None
[2024-06-18T14:07:26.835+0545] {processor.py:183} INFO - Processing /home/prabal/afenv/lib/python3.10/site-packages/airflow/example_dags/example_time_delta_sensor_async.py took 0.167 seconds
[2024-06-18T14:08:23.068+0545] {processor.py:161} INFO - Started process (PID=21637) to work on /home/prabal/afenv/lib/python3.10/site-packages/airflow/example_dags/example_time_delta_sensor_async.py
[2024-06-18T14:08:23.071+0545] {processor.py:830} INFO - Processing file /home/prabal/afenv/lib/python3.10/site-packages/airflow/example_dags/example_time_delta_sensor_async.py for tasks to queue
[2024-06-18T14:08:23.075+0545] {logging_mixin.py:188} INFO - [2024-06-18T14:08:23.074+0545] {dagbag.py:545} INFO - Filling up the DagBag from /home/prabal/afenv/lib/python3.10/site-packages/airflow/example_dags/example_time_delta_sensor_async.py
[2024-06-18T14:08:23.085+0545] {processor.py:840} INFO - DAG(s) 'example_time_delta_sensor_async' retrieved from /home/prabal/afenv/lib/python3.10/site-packages/airflow/example_dags/example_time_delta_sensor_async.py
[2024-06-18T14:08:23.117+0545] {logging_mixin.py:188} INFO - [2024-06-18T14:08:23.117+0545] {dag.py:3096} INFO - Sync 1 DAGs
[2024-06-18T14:08:23.142+0545] {logging_mixin.py:188} INFO - [2024-06-18T14:08:23.141+0545] {dag.py:3954} INFO - Setting next_dagrun for example_time_delta_sensor_async to None, run_after=None
[2024-06-18T14:08:23.179+0545] {processor.py:183} INFO - Processing /home/prabal/afenv/lib/python3.10/site-packages/airflow/example_dags/example_time_delta_sensor_async.py took 0.126 seconds
[2024-06-18T14:09:19.019+0545] {processor.py:161} INFO - Started process (PID=21907) to work on /home/prabal/afenv/lib/python3.10/site-packages/airflow/example_dags/example_time_delta_sensor_async.py
[2024-06-18T14:09:19.032+0545] {processor.py:830} INFO - Processing file /home/prabal/afenv/lib/python3.10/site-packages/airflow/example_dags/example_time_delta_sensor_async.py for tasks to queue
[2024-06-18T14:09:19.035+0545] {logging_mixin.py:188} INFO - [2024-06-18T14:09:19.034+0545] {dagbag.py:545} INFO - Filling up the DagBag from /home/prabal/afenv/lib/python3.10/site-packages/airflow/example_dags/example_time_delta_sensor_async.py
[2024-06-18T14:09:19.047+0545] {processor.py:840} INFO - DAG(s) 'example_time_delta_sensor_async' retrieved from /home/prabal/afenv/lib/python3.10/site-packages/airflow/example_dags/example_time_delta_sensor_async.py
[2024-06-18T14:09:19.070+0545] {logging_mixin.py:188} INFO - [2024-06-18T14:09:19.070+0545] {dag.py:3096} INFO - Sync 1 DAGs
[2024-06-18T14:09:19.081+0545] {logging_mixin.py:188} INFO - [2024-06-18T14:09:19.081+0545] {dag.py:3954} INFO - Setting next_dagrun for example_time_delta_sensor_async to None, run_after=None
[2024-06-18T14:09:19.100+0545] {processor.py:183} INFO - Processing /home/prabal/afenv/lib/python3.10/site-packages/airflow/example_dags/example_time_delta_sensor_async.py took 0.095 seconds
[2024-06-18T14:10:14.505+0545] {processor.py:161} INFO - Started process (PID=22171) to work on /home/prabal/afenv/lib/python3.10/site-packages/airflow/example_dags/example_time_delta_sensor_async.py
[2024-06-18T14:10:14.519+0545] {processor.py:830} INFO - Processing file /home/prabal/afenv/lib/python3.10/site-packages/airflow/example_dags/example_time_delta_sensor_async.py for tasks to queue
[2024-06-18T14:10:14.522+0545] {logging_mixin.py:188} INFO - [2024-06-18T14:10:14.521+0545] {dagbag.py:545} INFO - Filling up the DagBag from /home/prabal/afenv/lib/python3.10/site-packages/airflow/example_dags/example_time_delta_sensor_async.py
[2024-06-18T14:10:14.534+0545] {processor.py:840} INFO - DAG(s) 'example_time_delta_sensor_async' retrieved from /home/prabal/afenv/lib/python3.10/site-packages/airflow/example_dags/example_time_delta_sensor_async.py
[2024-06-18T14:10:14.567+0545] {logging_mixin.py:188} INFO - [2024-06-18T14:10:14.566+0545] {dag.py:3096} INFO - Sync 1 DAGs
[2024-06-18T14:10:14.585+0545] {logging_mixin.py:188} INFO - [2024-06-18T14:10:14.584+0545] {dag.py:3954} INFO - Setting next_dagrun for example_time_delta_sensor_async to None, run_after=None
[2024-06-18T14:10:14.619+0545] {processor.py:183} INFO - Processing /home/prabal/afenv/lib/python3.10/site-packages/airflow/example_dags/example_time_delta_sensor_async.py took 0.130 seconds
[2024-06-18T14:11:07.613+0545] {processor.py:161} INFO - Started process (PID=22427) to work on /home/prabal/afenv/lib/python3.10/site-packages/airflow/example_dags/example_time_delta_sensor_async.py
[2024-06-18T14:11:07.627+0545] {processor.py:830} INFO - Processing file /home/prabal/afenv/lib/python3.10/site-packages/airflow/example_dags/example_time_delta_sensor_async.py for tasks to queue
[2024-06-18T14:11:07.631+0545] {logging_mixin.py:188} INFO - [2024-06-18T14:11:07.630+0545] {dagbag.py:545} INFO - Filling up the DagBag from /home/prabal/afenv/lib/python3.10/site-packages/airflow/example_dags/example_time_delta_sensor_async.py
[2024-06-18T14:11:07.642+0545] {processor.py:840} INFO - DAG(s) 'example_time_delta_sensor_async' retrieved from /home/prabal/afenv/lib/python3.10/site-packages/airflow/example_dags/example_time_delta_sensor_async.py
[2024-06-18T14:11:07.677+0545] {logging_mixin.py:188} INFO - [2024-06-18T14:11:07.677+0545] {dag.py:3096} INFO - Sync 1 DAGs
[2024-06-18T14:11:07.699+0545] {logging_mixin.py:188} INFO - [2024-06-18T14:11:07.698+0545] {dag.py:3954} INFO - Setting next_dagrun for example_time_delta_sensor_async to None, run_after=None
[2024-06-18T14:11:07.719+0545] {processor.py:183} INFO - Processing /home/prabal/afenv/lib/python3.10/site-packages/airflow/example_dags/example_time_delta_sensor_async.py took 0.119 seconds
[2024-06-18T14:12:00.446+0545] {processor.py:161} INFO - Started process (PID=22683) to work on /home/prabal/afenv/lib/python3.10/site-packages/airflow/example_dags/example_time_delta_sensor_async.py
[2024-06-18T14:12:00.448+0545] {processor.py:830} INFO - Processing file /home/prabal/afenv/lib/python3.10/site-packages/airflow/example_dags/example_time_delta_sensor_async.py for tasks to queue
[2024-06-18T14:12:00.451+0545] {logging_mixin.py:188} INFO - [2024-06-18T14:12:00.451+0545] {dagbag.py:545} INFO - Filling up the DagBag from /home/prabal/afenv/lib/python3.10/site-packages/airflow/example_dags/example_time_delta_sensor_async.py
[2024-06-18T14:12:00.461+0545] {processor.py:840} INFO - DAG(s) 'example_time_delta_sensor_async' retrieved from /home/prabal/afenv/lib/python3.10/site-packages/airflow/example_dags/example_time_delta_sensor_async.py
[2024-06-18T14:12:00.491+0545] {logging_mixin.py:188} INFO - [2024-06-18T14:12:00.490+0545] {dag.py:3096} INFO - Sync 1 DAGs
[2024-06-18T14:12:00.514+0545] {logging_mixin.py:188} INFO - [2024-06-18T14:12:00.514+0545] {dag.py:3954} INFO - Setting next_dagrun for example_time_delta_sensor_async to None, run_after=None
[2024-06-18T14:12:00.539+0545] {processor.py:183} INFO - Processing /home/prabal/afenv/lib/python3.10/site-packages/airflow/example_dags/example_time_delta_sensor_async.py took 0.105 seconds
[2024-06-18T14:12:51.958+0545] {processor.py:161} INFO - Started process (PID=22931) to work on /home/prabal/afenv/lib/python3.10/site-packages/airflow/example_dags/example_time_delta_sensor_async.py
[2024-06-18T14:12:51.972+0545] {processor.py:830} INFO - Processing file /home/prabal/afenv/lib/python3.10/site-packages/airflow/example_dags/example_time_delta_sensor_async.py for tasks to queue
[2024-06-18T14:12:51.975+0545] {logging_mixin.py:188} INFO - [2024-06-18T14:12:51.974+0545] {dagbag.py:545} INFO - Filling up the DagBag from /home/prabal/afenv/lib/python3.10/site-packages/airflow/example_dags/example_time_delta_sensor_async.py
[2024-06-18T14:12:51.985+0545] {processor.py:840} INFO - DAG(s) 'example_time_delta_sensor_async' retrieved from /home/prabal/afenv/lib/python3.10/site-packages/airflow/example_dags/example_time_delta_sensor_async.py
[2024-06-18T14:12:52.021+0545] {logging_mixin.py:188} INFO - [2024-06-18T14:12:52.020+0545] {dag.py:3096} INFO - Sync 1 DAGs
[2024-06-18T14:12:52.046+0545] {logging_mixin.py:188} INFO - [2024-06-18T14:12:52.045+0545] {dag.py:3954} INFO - Setting next_dagrun for example_time_delta_sensor_async to None, run_after=None
[2024-06-18T14:12:52.082+0545] {processor.py:183} INFO - Processing /home/prabal/afenv/lib/python3.10/site-packages/airflow/example_dags/example_time_delta_sensor_async.py took 0.140 seconds
[2024-06-18T14:13:43.420+0545] {processor.py:161} INFO - Started process (PID=23180) to work on /home/prabal/afenv/lib/python3.10/site-packages/airflow/example_dags/example_time_delta_sensor_async.py
[2024-06-18T14:13:43.433+0545] {processor.py:830} INFO - Processing file /home/prabal/afenv/lib/python3.10/site-packages/airflow/example_dags/example_time_delta_sensor_async.py for tasks to queue
[2024-06-18T14:13:43.435+0545] {logging_mixin.py:188} INFO - [2024-06-18T14:13:43.435+0545] {dagbag.py:545} INFO - Filling up the DagBag from /home/prabal/afenv/lib/python3.10/site-packages/airflow/example_dags/example_time_delta_sensor_async.py
[2024-06-18T14:13:43.442+0545] {processor.py:840} INFO - DAG(s) 'example_time_delta_sensor_async' retrieved from /home/prabal/afenv/lib/python3.10/site-packages/airflow/example_dags/example_time_delta_sensor_async.py
[2024-06-18T14:13:43.463+0545] {logging_mixin.py:188} INFO - [2024-06-18T14:13:43.463+0545] {dag.py:3096} INFO - Sync 1 DAGs
[2024-06-18T14:13:43.477+0545] {logging_mixin.py:188} INFO - [2024-06-18T14:13:43.477+0545] {dag.py:3954} INFO - Setting next_dagrun for example_time_delta_sensor_async to None, run_after=None
[2024-06-18T14:13:43.497+0545] {processor.py:183} INFO - Processing /home/prabal/afenv/lib/python3.10/site-packages/airflow/example_dags/example_time_delta_sensor_async.py took 0.085 seconds
[2024-06-18T14:14:35.959+0545] {processor.py:161} INFO - Started process (PID=23433) to work on /home/prabal/afenv/lib/python3.10/site-packages/airflow/example_dags/example_time_delta_sensor_async.py
[2024-06-18T14:14:35.961+0545] {processor.py:830} INFO - Processing file /home/prabal/afenv/lib/python3.10/site-packages/airflow/example_dags/example_time_delta_sensor_async.py for tasks to queue
[2024-06-18T14:14:35.966+0545] {logging_mixin.py:188} INFO - [2024-06-18T14:14:35.965+0545] {dagbag.py:545} INFO - Filling up the DagBag from /home/prabal/afenv/lib/python3.10/site-packages/airflow/example_dags/example_time_delta_sensor_async.py
[2024-06-18T14:14:35.975+0545] {processor.py:840} INFO - DAG(s) 'example_time_delta_sensor_async' retrieved from /home/prabal/afenv/lib/python3.10/site-packages/airflow/example_dags/example_time_delta_sensor_async.py
[2024-06-18T14:14:36.007+0545] {logging_mixin.py:188} INFO - [2024-06-18T14:14:36.006+0545] {dag.py:3096} INFO - Sync 1 DAGs
[2024-06-18T14:14:36.031+0545] {logging_mixin.py:188} INFO - [2024-06-18T14:14:36.031+0545] {dag.py:3954} INFO - Setting next_dagrun for example_time_delta_sensor_async to None, run_after=None
[2024-06-18T14:14:36.054+0545] {processor.py:183} INFO - Processing /home/prabal/afenv/lib/python3.10/site-packages/airflow/example_dags/example_time_delta_sensor_async.py took 0.108 seconds
[2024-06-18T14:15:39.767+0545] {processor.py:161} INFO - Started process (PID=23763) to work on /home/prabal/afenv/lib/python3.10/site-packages/airflow/example_dags/example_time_delta_sensor_async.py
[2024-06-18T14:15:39.780+0545] {processor.py:830} INFO - Processing file /home/prabal/afenv/lib/python3.10/site-packages/airflow/example_dags/example_time_delta_sensor_async.py for tasks to queue
[2024-06-18T14:15:39.783+0545] {logging_mixin.py:188} INFO - [2024-06-18T14:15:39.783+0545] {dagbag.py:545} INFO - Filling up the DagBag from /home/prabal/afenv/lib/python3.10/site-packages/airflow/example_dags/example_time_delta_sensor_async.py
[2024-06-18T14:15:39.794+0545] {processor.py:840} INFO - DAG(s) 'example_time_delta_sensor_async' retrieved from /home/prabal/afenv/lib/python3.10/site-packages/airflow/example_dags/example_time_delta_sensor_async.py
[2024-06-18T14:15:39.826+0545] {logging_mixin.py:188} INFO - [2024-06-18T14:15:39.826+0545] {dag.py:3096} INFO - Sync 1 DAGs
[2024-06-18T14:15:39.838+0545] {logging_mixin.py:188} INFO - [2024-06-18T14:15:39.838+0545] {dag.py:3954} INFO - Setting next_dagrun for example_time_delta_sensor_async to None, run_after=None
[2024-06-18T14:15:39.857+0545] {processor.py:183} INFO - Processing /home/prabal/afenv/lib/python3.10/site-packages/airflow/example_dags/example_time_delta_sensor_async.py took 0.104 seconds
[2024-06-18T14:16:36.378+0545] {processor.py:161} INFO - Started process (PID=24036) to work on /home/prabal/afenv/lib/python3.10/site-packages/airflow/example_dags/example_time_delta_sensor_async.py
[2024-06-18T14:16:36.391+0545] {processor.py:830} INFO - Processing file /home/prabal/afenv/lib/python3.10/site-packages/airflow/example_dags/example_time_delta_sensor_async.py for tasks to queue
[2024-06-18T14:16:36.395+0545] {logging_mixin.py:188} INFO - [2024-06-18T14:16:36.394+0545] {dagbag.py:545} INFO - Filling up the DagBag from /home/prabal/afenv/lib/python3.10/site-packages/airflow/example_dags/example_time_delta_sensor_async.py
[2024-06-18T14:16:36.405+0545] {processor.py:840} INFO - DAG(s) 'example_time_delta_sensor_async' retrieved from /home/prabal/afenv/lib/python3.10/site-packages/airflow/example_dags/example_time_delta_sensor_async.py
[2024-06-18T14:16:36.440+0545] {logging_mixin.py:188} INFO - [2024-06-18T14:16:36.439+0545] {dag.py:3096} INFO - Sync 1 DAGs
[2024-06-18T14:16:36.455+0545] {logging_mixin.py:188} INFO - [2024-06-18T14:16:36.455+0545] {dag.py:3954} INFO - Setting next_dagrun for example_time_delta_sensor_async to None, run_after=None
[2024-06-18T14:16:36.476+0545] {processor.py:183} INFO - Processing /home/prabal/afenv/lib/python3.10/site-packages/airflow/example_dags/example_time_delta_sensor_async.py took 0.113 seconds
[2024-06-18T14:17:30.151+0545] {processor.py:161} INFO - Started process (PID=24297) to work on /home/prabal/afenv/lib/python3.10/site-packages/airflow/example_dags/example_time_delta_sensor_async.py
[2024-06-18T14:17:30.165+0545] {processor.py:830} INFO - Processing file /home/prabal/afenv/lib/python3.10/site-packages/airflow/example_dags/example_time_delta_sensor_async.py for tasks to queue
[2024-06-18T14:17:30.168+0545] {logging_mixin.py:188} INFO - [2024-06-18T14:17:30.167+0545] {dagbag.py:545} INFO - Filling up the DagBag from /home/prabal/afenv/lib/python3.10/site-packages/airflow/example_dags/example_time_delta_sensor_async.py
[2024-06-18T14:17:30.180+0545] {processor.py:840} INFO - DAG(s) 'example_time_delta_sensor_async' retrieved from /home/prabal/afenv/lib/python3.10/site-packages/airflow/example_dags/example_time_delta_sensor_async.py
[2024-06-18T14:17:30.214+0545] {logging_mixin.py:188} INFO - [2024-06-18T14:17:30.214+0545] {dag.py:3096} INFO - Sync 1 DAGs
[2024-06-18T14:17:30.235+0545] {logging_mixin.py:188} INFO - [2024-06-18T14:17:30.235+0545] {dag.py:3954} INFO - Setting next_dagrun for example_time_delta_sensor_async to None, run_after=None
[2024-06-18T14:17:30.264+0545] {processor.py:183} INFO - Processing /home/prabal/afenv/lib/python3.10/site-packages/airflow/example_dags/example_time_delta_sensor_async.py took 0.131 seconds
[2024-06-18T14:18:25.930+0545] {processor.py:161} INFO - Started process (PID=24565) to work on /home/prabal/afenv/lib/python3.10/site-packages/airflow/example_dags/example_time_delta_sensor_async.py
[2024-06-18T14:18:25.944+0545] {processor.py:830} INFO - Processing file /home/prabal/afenv/lib/python3.10/site-packages/airflow/example_dags/example_time_delta_sensor_async.py for tasks to queue
[2024-06-18T14:18:25.948+0545] {logging_mixin.py:188} INFO - [2024-06-18T14:18:25.947+0545] {dagbag.py:545} INFO - Filling up the DagBag from /home/prabal/afenv/lib/python3.10/site-packages/airflow/example_dags/example_time_delta_sensor_async.py
[2024-06-18T14:18:25.959+0545] {processor.py:840} INFO - DAG(s) 'example_time_delta_sensor_async' retrieved from /home/prabal/afenv/lib/python3.10/site-packages/airflow/example_dags/example_time_delta_sensor_async.py
[2024-06-18T14:18:25.984+0545] {logging_mixin.py:188} INFO - [2024-06-18T14:18:25.983+0545] {dag.py:3096} INFO - Sync 1 DAGs
[2024-06-18T14:18:25.994+0545] {logging_mixin.py:188} INFO - [2024-06-18T14:18:25.994+0545] {dag.py:3954} INFO - Setting next_dagrun for example_time_delta_sensor_async to None, run_after=None
[2024-06-18T14:18:26.016+0545] {processor.py:183} INFO - Processing /home/prabal/afenv/lib/python3.10/site-packages/airflow/example_dags/example_time_delta_sensor_async.py took 0.099 seconds
[2024-06-18T14:19:21.218+0545] {processor.py:161} INFO - Started process (PID=24828) to work on /home/prabal/afenv/lib/python3.10/site-packages/airflow/example_dags/example_time_delta_sensor_async.py
[2024-06-18T14:19:21.232+0545] {processor.py:830} INFO - Processing file /home/prabal/afenv/lib/python3.10/site-packages/airflow/example_dags/example_time_delta_sensor_async.py for tasks to queue
[2024-06-18T14:19:21.236+0545] {logging_mixin.py:188} INFO - [2024-06-18T14:19:21.235+0545] {dagbag.py:545} INFO - Filling up the DagBag from /home/prabal/afenv/lib/python3.10/site-packages/airflow/example_dags/example_time_delta_sensor_async.py
[2024-06-18T14:19:21.248+0545] {processor.py:840} INFO - DAG(s) 'example_time_delta_sensor_async' retrieved from /home/prabal/afenv/lib/python3.10/site-packages/airflow/example_dags/example_time_delta_sensor_async.py
[2024-06-18T14:19:21.283+0545] {logging_mixin.py:188} INFO - [2024-06-18T14:19:21.282+0545] {dag.py:3096} INFO - Sync 1 DAGs
[2024-06-18T14:19:21.306+0545] {logging_mixin.py:188} INFO - [2024-06-18T14:19:21.306+0545] {dag.py:3954} INFO - Setting next_dagrun for example_time_delta_sensor_async to None, run_after=None
[2024-06-18T14:19:21.328+0545] {processor.py:183} INFO - Processing /home/prabal/afenv/lib/python3.10/site-packages/airflow/example_dags/example_time_delta_sensor_async.py took 0.125 seconds
[2024-06-18T14:20:14.783+0545] {processor.py:161} INFO - Started process (PID=25085) to work on /home/prabal/afenv/lib/python3.10/site-packages/airflow/example_dags/example_time_delta_sensor_async.py
[2024-06-18T14:20:14.796+0545] {processor.py:830} INFO - Processing file /home/prabal/afenv/lib/python3.10/site-packages/airflow/example_dags/example_time_delta_sensor_async.py for tasks to queue
[2024-06-18T14:20:14.799+0545] {logging_mixin.py:188} INFO - [2024-06-18T14:20:14.799+0545] {dagbag.py:545} INFO - Filling up the DagBag from /home/prabal/afenv/lib/python3.10/site-packages/airflow/example_dags/example_time_delta_sensor_async.py
[2024-06-18T14:20:14.810+0545] {processor.py:840} INFO - DAG(s) 'example_time_delta_sensor_async' retrieved from /home/prabal/afenv/lib/python3.10/site-packages/airflow/example_dags/example_time_delta_sensor_async.py
[2024-06-18T14:20:14.828+0545] {logging_mixin.py:188} INFO - [2024-06-18T14:20:14.827+0545] {dag.py:3096} INFO - Sync 1 DAGs
[2024-06-18T14:20:14.839+0545] {logging_mixin.py:188} INFO - [2024-06-18T14:20:14.839+0545] {dag.py:3954} INFO - Setting next_dagrun for example_time_delta_sensor_async to None, run_after=None
[2024-06-18T14:20:14.859+0545] {processor.py:183} INFO - Processing /home/prabal/afenv/lib/python3.10/site-packages/airflow/example_dags/example_time_delta_sensor_async.py took 0.089 seconds
[2024-06-18T14:21:06.988+0545] {processor.py:161} INFO - Started process (PID=25338) to work on /home/prabal/afenv/lib/python3.10/site-packages/airflow/example_dags/example_time_delta_sensor_async.py
[2024-06-18T14:21:07.002+0545] {processor.py:830} INFO - Processing file /home/prabal/afenv/lib/python3.10/site-packages/airflow/example_dags/example_time_delta_sensor_async.py for tasks to queue
[2024-06-18T14:21:07.005+0545] {logging_mixin.py:188} INFO - [2024-06-18T14:21:07.004+0545] {dagbag.py:545} INFO - Filling up the DagBag from /home/prabal/afenv/lib/python3.10/site-packages/airflow/example_dags/example_time_delta_sensor_async.py
[2024-06-18T14:21:07.015+0545] {processor.py:840} INFO - DAG(s) 'example_time_delta_sensor_async' retrieved from /home/prabal/afenv/lib/python3.10/site-packages/airflow/example_dags/example_time_delta_sensor_async.py
[2024-06-18T14:21:07.044+0545] {logging_mixin.py:188} INFO - [2024-06-18T14:21:07.044+0545] {dag.py:3096} INFO - Sync 1 DAGs
[2024-06-18T14:21:07.055+0545] {logging_mixin.py:188} INFO - [2024-06-18T14:21:07.054+0545] {dag.py:3954} INFO - Setting next_dagrun for example_time_delta_sensor_async to None, run_after=None
[2024-06-18T14:21:07.094+0545] {processor.py:183} INFO - Processing /home/prabal/afenv/lib/python3.10/site-packages/airflow/example_dags/example_time_delta_sensor_async.py took 0.120 seconds
[2024-06-18T14:22:02.547+0545] {processor.py:161} INFO - Started process (PID=25602) to work on /home/prabal/afenv/lib/python3.10/site-packages/airflow/example_dags/example_time_delta_sensor_async.py
[2024-06-18T14:22:02.560+0545] {processor.py:830} INFO - Processing file /home/prabal/afenv/lib/python3.10/site-packages/airflow/example_dags/example_time_delta_sensor_async.py for tasks to queue
[2024-06-18T14:22:02.563+0545] {logging_mixin.py:188} INFO - [2024-06-18T14:22:02.562+0545] {dagbag.py:545} INFO - Filling up the DagBag from /home/prabal/afenv/lib/python3.10/site-packages/airflow/example_dags/example_time_delta_sensor_async.py
[2024-06-18T14:22:02.574+0545] {processor.py:840} INFO - DAG(s) 'example_time_delta_sensor_async' retrieved from /home/prabal/afenv/lib/python3.10/site-packages/airflow/example_dags/example_time_delta_sensor_async.py
[2024-06-18T14:22:02.609+0545] {logging_mixin.py:188} INFO - [2024-06-18T14:22:02.609+0545] {dag.py:3096} INFO - Sync 1 DAGs
[2024-06-18T14:22:02.628+0545] {logging_mixin.py:188} INFO - [2024-06-18T14:22:02.627+0545] {dag.py:3954} INFO - Setting next_dagrun for example_time_delta_sensor_async to None, run_after=None
[2024-06-18T14:22:02.649+0545] {processor.py:183} INFO - Processing /home/prabal/afenv/lib/python3.10/site-packages/airflow/example_dags/example_time_delta_sensor_async.py took 0.117 seconds
[2024-06-18T14:22:56.399+0545] {processor.py:161} INFO - Started process (PID=25864) to work on /home/prabal/afenv/lib/python3.10/site-packages/airflow/example_dags/example_time_delta_sensor_async.py
[2024-06-18T14:22:56.413+0545] {processor.py:830} INFO - Processing file /home/prabal/afenv/lib/python3.10/site-packages/airflow/example_dags/example_time_delta_sensor_async.py for tasks to queue
[2024-06-18T14:22:56.416+0545] {logging_mixin.py:188} INFO - [2024-06-18T14:22:56.415+0545] {dagbag.py:545} INFO - Filling up the DagBag from /home/prabal/afenv/lib/python3.10/site-packages/airflow/example_dags/example_time_delta_sensor_async.py
[2024-06-18T14:22:56.427+0545] {processor.py:840} INFO - DAG(s) 'example_time_delta_sensor_async' retrieved from /home/prabal/afenv/lib/python3.10/site-packages/airflow/example_dags/example_time_delta_sensor_async.py
[2024-06-18T14:22:56.462+0545] {logging_mixin.py:188} INFO - [2024-06-18T14:22:56.462+0545] {dag.py:3096} INFO - Sync 1 DAGs
[2024-06-18T14:22:56.485+0545] {logging_mixin.py:188} INFO - [2024-06-18T14:22:56.485+0545] {dag.py:3954} INFO - Setting next_dagrun for example_time_delta_sensor_async to None, run_after=None
[2024-06-18T14:22:56.513+0545] {processor.py:183} INFO - Processing /home/prabal/afenv/lib/python3.10/site-packages/airflow/example_dags/example_time_delta_sensor_async.py took 0.127 seconds
[2024-06-18T14:23:48.678+0545] {processor.py:161} INFO - Started process (PID=26117) to work on /home/prabal/afenv/lib/python3.10/site-packages/airflow/example_dags/example_time_delta_sensor_async.py
[2024-06-18T14:23:48.691+0545] {processor.py:830} INFO - Processing file /home/prabal/afenv/lib/python3.10/site-packages/airflow/example_dags/example_time_delta_sensor_async.py for tasks to queue
[2024-06-18T14:23:48.695+0545] {logging_mixin.py:188} INFO - [2024-06-18T14:23:48.694+0545] {dagbag.py:545} INFO - Filling up the DagBag from /home/prabal/afenv/lib/python3.10/site-packages/airflow/example_dags/example_time_delta_sensor_async.py
[2024-06-18T14:23:48.706+0545] {processor.py:840} INFO - DAG(s) 'example_time_delta_sensor_async' retrieved from /home/prabal/afenv/lib/python3.10/site-packages/airflow/example_dags/example_time_delta_sensor_async.py
[2024-06-18T14:23:48.736+0545] {logging_mixin.py:188} INFO - [2024-06-18T14:23:48.736+0545] {dag.py:3096} INFO - Sync 1 DAGs
[2024-06-18T14:23:48.748+0545] {logging_mixin.py:188} INFO - [2024-06-18T14:23:48.747+0545] {dag.py:3954} INFO - Setting next_dagrun for example_time_delta_sensor_async to None, run_after=None
[2024-06-18T14:23:48.768+0545] {processor.py:183} INFO - Processing /home/prabal/afenv/lib/python3.10/site-packages/airflow/example_dags/example_time_delta_sensor_async.py took 0.106 seconds
[2024-06-18T17:16:33.246+0545] {processor.py:161} INFO - Started process (PID=4355) to work on /home/prabal/afenv/lib/python3.10/site-packages/airflow/example_dags/example_time_delta_sensor_async.py
[2024-06-18T17:16:33.251+0545] {processor.py:830} INFO - Processing file /home/prabal/afenv/lib/python3.10/site-packages/airflow/example_dags/example_time_delta_sensor_async.py for tasks to queue
[2024-06-18T17:16:33.255+0545] {logging_mixin.py:188} INFO - [2024-06-18T17:16:33.254+0545] {dagbag.py:545} INFO - Filling up the DagBag from /home/prabal/afenv/lib/python3.10/site-packages/airflow/example_dags/example_time_delta_sensor_async.py
[2024-06-18T17:16:33.268+0545] {processor.py:840} INFO - DAG(s) 'example_time_delta_sensor_async' retrieved from /home/prabal/afenv/lib/python3.10/site-packages/airflow/example_dags/example_time_delta_sensor_async.py
[2024-06-18T17:16:33.453+0545] {logging_mixin.py:188} INFO - [2024-06-18T17:16:33.453+0545] {dag.py:3096} INFO - Sync 1 DAGs
[2024-06-18T17:16:33.470+0545] {logging_mixin.py:188} INFO - [2024-06-18T17:16:33.469+0545] {dag.py:3954} INFO - Setting next_dagrun for example_time_delta_sensor_async to None, run_after=None
[2024-06-18T17:16:33.515+0545] {processor.py:183} INFO - Processing /home/prabal/afenv/lib/python3.10/site-packages/airflow/example_dags/example_time_delta_sensor_async.py took 0.287 seconds
[2024-06-18T17:17:47.381+0545] {processor.py:161} INFO - Started process (PID=4705) to work on /home/prabal/afenv/lib/python3.10/site-packages/airflow/example_dags/example_time_delta_sensor_async.py
[2024-06-18T17:17:47.395+0545] {processor.py:830} INFO - Processing file /home/prabal/afenv/lib/python3.10/site-packages/airflow/example_dags/example_time_delta_sensor_async.py for tasks to queue
[2024-06-18T17:17:47.396+0545] {logging_mixin.py:188} INFO - [2024-06-18T17:17:47.396+0545] {dagbag.py:545} INFO - Filling up the DagBag from /home/prabal/afenv/lib/python3.10/site-packages/airflow/example_dags/example_time_delta_sensor_async.py
[2024-06-18T17:17:47.406+0545] {processor.py:840} INFO - DAG(s) 'example_time_delta_sensor_async' retrieved from /home/prabal/afenv/lib/python3.10/site-packages/airflow/example_dags/example_time_delta_sensor_async.py
[2024-06-18T17:17:47.432+0545] {logging_mixin.py:188} INFO - [2024-06-18T17:17:47.432+0545] {dag.py:3096} INFO - Sync 1 DAGs
[2024-06-18T17:17:47.443+0545] {logging_mixin.py:188} INFO - [2024-06-18T17:17:47.442+0545] {dag.py:3954} INFO - Setting next_dagrun for example_time_delta_sensor_async to None, run_after=None
[2024-06-18T17:17:47.460+0545] {processor.py:183} INFO - Processing /home/prabal/afenv/lib/python3.10/site-packages/airflow/example_dags/example_time_delta_sensor_async.py took 0.090 seconds
[2024-06-18T17:18:47.309+0545] {processor.py:161} INFO - Started process (PID=5415) to work on /home/prabal/afenv/lib/python3.10/site-packages/airflow/example_dags/example_time_delta_sensor_async.py
[2024-06-18T17:18:47.311+0545] {processor.py:830} INFO - Processing file /home/prabal/afenv/lib/python3.10/site-packages/airflow/example_dags/example_time_delta_sensor_async.py for tasks to queue
[2024-06-18T17:18:47.312+0545] {logging_mixin.py:188} INFO - [2024-06-18T17:18:47.312+0545] {dagbag.py:545} INFO - Filling up the DagBag from /home/prabal/afenv/lib/python3.10/site-packages/airflow/example_dags/example_time_delta_sensor_async.py
[2024-06-18T17:18:47.323+0545] {processor.py:840} INFO - DAG(s) 'example_time_delta_sensor_async' retrieved from /home/prabal/afenv/lib/python3.10/site-packages/airflow/example_dags/example_time_delta_sensor_async.py
[2024-06-18T17:18:47.482+0545] {logging_mixin.py:188} INFO - [2024-06-18T17:18:47.481+0545] {dag.py:3096} INFO - Sync 1 DAGs
[2024-06-18T17:18:47.489+0545] {logging_mixin.py:188} INFO - [2024-06-18T17:18:47.489+0545] {dag.py:3954} INFO - Setting next_dagrun for example_time_delta_sensor_async to None, run_after=None
[2024-06-18T17:18:47.508+0545] {processor.py:183} INFO - Processing /home/prabal/afenv/lib/python3.10/site-packages/airflow/example_dags/example_time_delta_sensor_async.py took 0.209 seconds
[2024-06-18T17:19:44.975+0545] {processor.py:161} INFO - Started process (PID=5843) to work on /home/prabal/afenv/lib/python3.10/site-packages/airflow/example_dags/example_time_delta_sensor_async.py
[2024-06-18T17:19:44.988+0545] {processor.py:830} INFO - Processing file /home/prabal/afenv/lib/python3.10/site-packages/airflow/example_dags/example_time_delta_sensor_async.py for tasks to queue
[2024-06-18T17:19:44.991+0545] {logging_mixin.py:188} INFO - [2024-06-18T17:19:44.990+0545] {dagbag.py:545} INFO - Filling up the DagBag from /home/prabal/afenv/lib/python3.10/site-packages/airflow/example_dags/example_time_delta_sensor_async.py
[2024-06-18T17:19:45.002+0545] {processor.py:840} INFO - DAG(s) 'example_time_delta_sensor_async' retrieved from /home/prabal/afenv/lib/python3.10/site-packages/airflow/example_dags/example_time_delta_sensor_async.py
[2024-06-18T17:19:45.036+0545] {logging_mixin.py:188} INFO - [2024-06-18T17:19:45.036+0545] {dag.py:3096} INFO - Sync 1 DAGs
[2024-06-18T17:19:45.055+0545] {logging_mixin.py:188} INFO - [2024-06-18T17:19:45.055+0545] {dag.py:3954} INFO - Setting next_dagrun for example_time_delta_sensor_async to None, run_after=None
[2024-06-18T17:19:45.075+0545] {processor.py:183} INFO - Processing /home/prabal/afenv/lib/python3.10/site-packages/airflow/example_dags/example_time_delta_sensor_async.py took 0.109 seconds
[2024-06-18T17:20:42.754+0545] {processor.py:161} INFO - Started process (PID=6529) to work on /home/prabal/afenv/lib/python3.10/site-packages/airflow/example_dags/example_time_delta_sensor_async.py
[2024-06-18T17:20:42.767+0545] {processor.py:830} INFO - Processing file /home/prabal/afenv/lib/python3.10/site-packages/airflow/example_dags/example_time_delta_sensor_async.py for tasks to queue
[2024-06-18T17:20:42.769+0545] {logging_mixin.py:188} INFO - [2024-06-18T17:20:42.768+0545] {dagbag.py:545} INFO - Filling up the DagBag from /home/prabal/afenv/lib/python3.10/site-packages/airflow/example_dags/example_time_delta_sensor_async.py
[2024-06-18T17:20:42.781+0545] {processor.py:840} INFO - DAG(s) 'example_time_delta_sensor_async' retrieved from /home/prabal/afenv/lib/python3.10/site-packages/airflow/example_dags/example_time_delta_sensor_async.py
[2024-06-18T17:20:42.815+0545] {logging_mixin.py:188} INFO - [2024-06-18T17:20:42.814+0545] {dag.py:3096} INFO - Sync 1 DAGs
[2024-06-18T17:20:42.838+0545] {logging_mixin.py:188} INFO - [2024-06-18T17:20:42.838+0545] {dag.py:3954} INFO - Setting next_dagrun for example_time_delta_sensor_async to None, run_after=None
[2024-06-18T17:20:42.879+0545] {processor.py:183} INFO - Processing /home/prabal/afenv/lib/python3.10/site-packages/airflow/example_dags/example_time_delta_sensor_async.py took 0.138 seconds
[2024-06-18T17:22:11.595+0545] {processor.py:161} INFO - Started process (PID=7060) to work on /home/prabal/afenv/lib/python3.10/site-packages/airflow/example_dags/example_time_delta_sensor_async.py
[2024-06-18T17:22:11.598+0545] {processor.py:830} INFO - Processing file /home/prabal/afenv/lib/python3.10/site-packages/airflow/example_dags/example_time_delta_sensor_async.py for tasks to queue
[2024-06-18T17:22:11.601+0545] {logging_mixin.py:188} INFO - [2024-06-18T17:22:11.600+0545] {dagbag.py:545} INFO - Filling up the DagBag from /home/prabal/afenv/lib/python3.10/site-packages/airflow/example_dags/example_time_delta_sensor_async.py
[2024-06-18T17:22:11.615+0545] {processor.py:840} INFO - DAG(s) 'example_time_delta_sensor_async' retrieved from /home/prabal/afenv/lib/python3.10/site-packages/airflow/example_dags/example_time_delta_sensor_async.py
[2024-06-18T17:22:11.630+0545] {logging_mixin.py:188} INFO - [2024-06-18T17:22:11.630+0545] {dag.py:3096} INFO - Sync 1 DAGs
[2024-06-18T17:22:11.654+0545] {logging_mixin.py:188} INFO - [2024-06-18T17:22:11.653+0545] {dag.py:3954} INFO - Setting next_dagrun for example_time_delta_sensor_async to None, run_after=None
[2024-06-18T17:22:11.691+0545] {processor.py:183} INFO - Processing /home/prabal/afenv/lib/python3.10/site-packages/airflow/example_dags/example_time_delta_sensor_async.py took 0.110 seconds
[2024-06-18T17:23:22.164+0545] {processor.py:161} INFO - Started process (PID=7421) to work on /home/prabal/afenv/lib/python3.10/site-packages/airflow/example_dags/example_time_delta_sensor_async.py
[2024-06-18T17:23:22.167+0545] {processor.py:830} INFO - Processing file /home/prabal/afenv/lib/python3.10/site-packages/airflow/example_dags/example_time_delta_sensor_async.py for tasks to queue
[2024-06-18T17:23:22.171+0545] {logging_mixin.py:188} INFO - [2024-06-18T17:23:22.171+0545] {dagbag.py:545} INFO - Filling up the DagBag from /home/prabal/afenv/lib/python3.10/site-packages/airflow/example_dags/example_time_delta_sensor_async.py
[2024-06-18T17:23:22.184+0545] {processor.py:840} INFO - DAG(s) 'example_time_delta_sensor_async' retrieved from /home/prabal/afenv/lib/python3.10/site-packages/airflow/example_dags/example_time_delta_sensor_async.py
[2024-06-18T17:23:22.383+0545] {logging_mixin.py:188} INFO - [2024-06-18T17:23:22.383+0545] {dag.py:3096} INFO - Sync 1 DAGs
[2024-06-18T17:23:22.390+0545] {logging_mixin.py:188} INFO - [2024-06-18T17:23:22.390+0545] {dag.py:3954} INFO - Setting next_dagrun for example_time_delta_sensor_async to None, run_after=None
[2024-06-18T17:23:22.420+0545] {processor.py:183} INFO - Processing /home/prabal/afenv/lib/python3.10/site-packages/airflow/example_dags/example_time_delta_sensor_async.py took 0.271 seconds
