[2024-06-18T13:42:24.190+0545] {processor.py:161} INFO - Started process (PID=14164) to work on /home/prabal/afenv/lib/python3.10/site-packages/airflow/example_dags/example_external_task_marker_dag.py
[2024-06-18T13:42:24.193+0545] {processor.py:830} INFO - Processing file /home/prabal/afenv/lib/python3.10/site-packages/airflow/example_dags/example_external_task_marker_dag.py for tasks to queue
[2024-06-18T13:42:24.196+0545] {logging_mixin.py:188} INFO - [2024-06-18T13:42:24.195+0545] {dagbag.py:545} INFO - Filling up the DagBag from /home/prabal/afenv/lib/python3.10/site-packages/airflow/example_dags/example_external_task_marker_dag.py
[2024-06-18T13:42:24.207+0545] {processor.py:840} INFO - DAG(s) 'example_external_task_marker_parent', 'example_external_task_marker_child' retrieved from /home/prabal/afenv/lib/python3.10/site-packages/airflow/example_dags/example_external_task_marker_dag.py
[2024-06-18T13:42:24.291+0545] {logging_mixin.py:188} INFO - [2024-06-18T13:42:24.291+0545] {override.py:1829} INFO - Created Permission View: can read on DAG:example_external_task_marker_parent
[2024-06-18T13:42:24.301+0545] {logging_mixin.py:188} INFO - [2024-06-18T13:42:24.300+0545] {override.py:1829} INFO - Created Permission View: can edit on DAG:example_external_task_marker_parent
[2024-06-18T13:42:24.307+0545] {logging_mixin.py:188} INFO - [2024-06-18T13:42:24.306+0545] {override.py:1829} INFO - Created Permission View: can delete on DAG:example_external_task_marker_parent
[2024-06-18T13:42:24.327+0545] {logging_mixin.py:188} INFO - [2024-06-18T13:42:24.327+0545] {override.py:1829} INFO - Created Permission View: can read on DAG:example_external_task_marker_child
[2024-06-18T13:42:24.334+0545] {logging_mixin.py:188} INFO - [2024-06-18T13:42:24.334+0545] {override.py:1829} INFO - Created Permission View: can edit on DAG:example_external_task_marker_child
[2024-06-18T13:42:24.340+0545] {logging_mixin.py:188} INFO - [2024-06-18T13:42:24.340+0545] {override.py:1829} INFO - Created Permission View: can delete on DAG:example_external_task_marker_child
[2024-06-18T13:42:24.340+0545] {logging_mixin.py:188} INFO - [2024-06-18T13:42:24.340+0545] {dag.py:3096} INFO - Sync 2 DAGs
[2024-06-18T13:42:24.349+0545] {logging_mixin.py:188} INFO - [2024-06-18T13:42:24.349+0545] {dag.py:3118} INFO - Creating ORM DAG for example_external_task_marker_child
[2024-06-18T13:42:24.350+0545] {logging_mixin.py:188} INFO - [2024-06-18T13:42:24.350+0545] {dag.py:3118} INFO - Creating ORM DAG for example_external_task_marker_parent
[2024-06-18T13:42:24.351+0545] {logging_mixin.py:188} INFO - [2024-06-18T13:42:24.351+0545] {dag.py:3954} INFO - Setting next_dagrun for example_external_task_marker_child to None, run_after=None
[2024-06-18T13:42:24.351+0545] {logging_mixin.py:188} INFO - [2024-06-18T13:42:24.351+0545] {dag.py:3954} INFO - Setting next_dagrun for example_external_task_marker_parent to None, run_after=None
[2024-06-18T13:42:24.377+0545] {processor.py:183} INFO - Processing /home/prabal/afenv/lib/python3.10/site-packages/airflow/example_dags/example_external_task_marker_dag.py took 0.202 seconds
[2024-06-18T13:43:25.248+0545] {processor.py:161} INFO - Started process (PID=14456) to work on /home/prabal/afenv/lib/python3.10/site-packages/airflow/example_dags/example_external_task_marker_dag.py
[2024-06-18T13:43:25.261+0545] {processor.py:830} INFO - Processing file /home/prabal/afenv/lib/python3.10/site-packages/airflow/example_dags/example_external_task_marker_dag.py for tasks to queue
[2024-06-18T13:43:25.263+0545] {logging_mixin.py:188} INFO - [2024-06-18T13:43:25.263+0545] {dagbag.py:545} INFO - Filling up the DagBag from /home/prabal/afenv/lib/python3.10/site-packages/airflow/example_dags/example_external_task_marker_dag.py
[2024-06-18T13:43:25.270+0545] {processor.py:840} INFO - DAG(s) 'example_external_task_marker_parent', 'example_external_task_marker_child' retrieved from /home/prabal/afenv/lib/python3.10/site-packages/airflow/example_dags/example_external_task_marker_dag.py
[2024-06-18T13:43:25.292+0545] {logging_mixin.py:188} INFO - [2024-06-18T13:43:25.291+0545] {dag.py:3096} INFO - Sync 2 DAGs
[2024-06-18T13:43:25.306+0545] {logging_mixin.py:188} INFO - [2024-06-18T13:43:25.306+0545] {dag.py:3954} INFO - Setting next_dagrun for example_external_task_marker_child to None, run_after=None
[2024-06-18T13:43:25.310+0545] {logging_mixin.py:188} INFO - [2024-06-18T13:43:25.310+0545] {dag.py:3954} INFO - Setting next_dagrun for example_external_task_marker_parent to None, run_after=None
[2024-06-18T13:43:25.386+0545] {processor.py:183} INFO - Processing /home/prabal/afenv/lib/python3.10/site-packages/airflow/example_dags/example_external_task_marker_dag.py took 0.147 seconds
[2024-06-18T13:44:23.678+0545] {processor.py:161} INFO - Started process (PID=14748) to work on /home/prabal/afenv/lib/python3.10/site-packages/airflow/example_dags/example_external_task_marker_dag.py
[2024-06-18T13:44:23.679+0545] {processor.py:830} INFO - Processing file /home/prabal/afenv/lib/python3.10/site-packages/airflow/example_dags/example_external_task_marker_dag.py for tasks to queue
[2024-06-18T13:44:23.682+0545] {logging_mixin.py:188} INFO - [2024-06-18T13:44:23.681+0545] {dagbag.py:545} INFO - Filling up the DagBag from /home/prabal/afenv/lib/python3.10/site-packages/airflow/example_dags/example_external_task_marker_dag.py
[2024-06-18T13:44:23.691+0545] {processor.py:840} INFO - DAG(s) 'example_external_task_marker_parent', 'example_external_task_marker_child' retrieved from /home/prabal/afenv/lib/python3.10/site-packages/airflow/example_dags/example_external_task_marker_dag.py
[2024-06-18T13:44:23.715+0545] {logging_mixin.py:188} INFO - [2024-06-18T13:44:23.715+0545] {dag.py:3096} INFO - Sync 2 DAGs
[2024-06-18T13:44:23.817+0545] {logging_mixin.py:188} INFO - [2024-06-18T13:44:23.817+0545] {dag.py:3954} INFO - Setting next_dagrun for example_external_task_marker_child to None, run_after=None
[2024-06-18T13:44:23.820+0545] {logging_mixin.py:188} INFO - [2024-06-18T13:44:23.820+0545] {dag.py:3954} INFO - Setting next_dagrun for example_external_task_marker_parent to None, run_after=None
[2024-06-18T13:44:23.834+0545] {processor.py:183} INFO - Processing /home/prabal/afenv/lib/python3.10/site-packages/airflow/example_dags/example_external_task_marker_dag.py took 0.163 seconds
[2024-06-18T13:45:25.669+0545] {processor.py:161} INFO - Started process (PID=15044) to work on /home/prabal/afenv/lib/python3.10/site-packages/airflow/example_dags/example_external_task_marker_dag.py
[2024-06-18T13:45:25.678+0545] {processor.py:830} INFO - Processing file /home/prabal/afenv/lib/python3.10/site-packages/airflow/example_dags/example_external_task_marker_dag.py for tasks to queue
[2024-06-18T13:45:25.680+0545] {logging_mixin.py:188} INFO - [2024-06-18T13:45:25.679+0545] {dagbag.py:545} INFO - Filling up the DagBag from /home/prabal/afenv/lib/python3.10/site-packages/airflow/example_dags/example_external_task_marker_dag.py
[2024-06-18T13:45:25.690+0545] {processor.py:840} INFO - DAG(s) 'example_external_task_marker_parent', 'example_external_task_marker_child' retrieved from /home/prabal/afenv/lib/python3.10/site-packages/airflow/example_dags/example_external_task_marker_dag.py
[2024-06-18T13:45:25.708+0545] {logging_mixin.py:188} INFO - [2024-06-18T13:45:25.707+0545] {dag.py:3096} INFO - Sync 2 DAGs
[2024-06-18T13:45:25.718+0545] {logging_mixin.py:188} INFO - [2024-06-18T13:45:25.718+0545] {dag.py:3954} INFO - Setting next_dagrun for example_external_task_marker_child to None, run_after=None
[2024-06-18T13:45:25.721+0545] {logging_mixin.py:188} INFO - [2024-06-18T13:45:25.721+0545] {dag.py:3954} INFO - Setting next_dagrun for example_external_task_marker_parent to None, run_after=None
[2024-06-18T13:45:25.738+0545] {processor.py:183} INFO - Processing /home/prabal/afenv/lib/python3.10/site-packages/airflow/example_dags/example_external_task_marker_dag.py took 0.083 seconds
[2024-06-18T13:46:17.276+0545] {processor.py:161} INFO - Started process (PID=15293) to work on /home/prabal/afenv/lib/python3.10/site-packages/airflow/example_dags/example_external_task_marker_dag.py
[2024-06-18T13:46:17.278+0545] {processor.py:830} INFO - Processing file /home/prabal/afenv/lib/python3.10/site-packages/airflow/example_dags/example_external_task_marker_dag.py for tasks to queue
[2024-06-18T13:46:17.281+0545] {logging_mixin.py:188} INFO - [2024-06-18T13:46:17.281+0545] {dagbag.py:545} INFO - Filling up the DagBag from /home/prabal/afenv/lib/python3.10/site-packages/airflow/example_dags/example_external_task_marker_dag.py
[2024-06-18T13:46:17.293+0545] {processor.py:840} INFO - DAG(s) 'example_external_task_marker_parent', 'example_external_task_marker_child' retrieved from /home/prabal/afenv/lib/python3.10/site-packages/airflow/example_dags/example_external_task_marker_dag.py
[2024-06-18T13:46:17.326+0545] {logging_mixin.py:188} INFO - [2024-06-18T13:46:17.325+0545] {dag.py:3096} INFO - Sync 2 DAGs
[2024-06-18T13:46:17.338+0545] {logging_mixin.py:188} INFO - [2024-06-18T13:46:17.338+0545] {dag.py:3954} INFO - Setting next_dagrun for example_external_task_marker_child to None, run_after=None
[2024-06-18T13:46:17.341+0545] {logging_mixin.py:188} INFO - [2024-06-18T13:46:17.341+0545] {dag.py:3954} INFO - Setting next_dagrun for example_external_task_marker_parent to None, run_after=None
[2024-06-18T13:46:17.362+0545] {processor.py:183} INFO - Processing /home/prabal/afenv/lib/python3.10/site-packages/airflow/example_dags/example_external_task_marker_dag.py took 0.099 seconds
[2024-06-18T13:47:08.613+0545] {processor.py:161} INFO - Started process (PID=15544) to work on /home/prabal/afenv/lib/python3.10/site-packages/airflow/example_dags/example_external_task_marker_dag.py
[2024-06-18T13:47:08.626+0545] {processor.py:830} INFO - Processing file /home/prabal/afenv/lib/python3.10/site-packages/airflow/example_dags/example_external_task_marker_dag.py for tasks to queue
[2024-06-18T13:47:08.630+0545] {logging_mixin.py:188} INFO - [2024-06-18T13:47:08.629+0545] {dagbag.py:545} INFO - Filling up the DagBag from /home/prabal/afenv/lib/python3.10/site-packages/airflow/example_dags/example_external_task_marker_dag.py
[2024-06-18T13:47:08.643+0545] {processor.py:840} INFO - DAG(s) 'example_external_task_marker_parent', 'example_external_task_marker_child' retrieved from /home/prabal/afenv/lib/python3.10/site-packages/airflow/example_dags/example_external_task_marker_dag.py
[2024-06-18T13:47:08.668+0545] {logging_mixin.py:188} INFO - [2024-06-18T13:47:08.668+0545] {dag.py:3096} INFO - Sync 2 DAGs
[2024-06-18T13:47:08.678+0545] {logging_mixin.py:188} INFO - [2024-06-18T13:47:08.678+0545] {dag.py:3954} INFO - Setting next_dagrun for example_external_task_marker_child to None, run_after=None
[2024-06-18T13:47:08.681+0545] {logging_mixin.py:188} INFO - [2024-06-18T13:47:08.681+0545] {dag.py:3954} INFO - Setting next_dagrun for example_external_task_marker_parent to None, run_after=None
[2024-06-18T13:47:08.698+0545] {processor.py:183} INFO - Processing /home/prabal/afenv/lib/python3.10/site-packages/airflow/example_dags/example_external_task_marker_dag.py took 0.097 seconds
[2024-06-18T13:48:00.225+0545] {processor.py:161} INFO - Started process (PID=15793) to work on /home/prabal/afenv/lib/python3.10/site-packages/airflow/example_dags/example_external_task_marker_dag.py
[2024-06-18T13:48:00.238+0545] {processor.py:830} INFO - Processing file /home/prabal/afenv/lib/python3.10/site-packages/airflow/example_dags/example_external_task_marker_dag.py for tasks to queue
[2024-06-18T13:48:00.241+0545] {logging_mixin.py:188} INFO - [2024-06-18T13:48:00.241+0545] {dagbag.py:545} INFO - Filling up the DagBag from /home/prabal/afenv/lib/python3.10/site-packages/airflow/example_dags/example_external_task_marker_dag.py
[2024-06-18T13:48:00.255+0545] {processor.py:840} INFO - DAG(s) 'example_external_task_marker_parent', 'example_external_task_marker_child' retrieved from /home/prabal/afenv/lib/python3.10/site-packages/airflow/example_dags/example_external_task_marker_dag.py
[2024-06-18T13:48:00.302+0545] {logging_mixin.py:188} INFO - [2024-06-18T13:48:00.301+0545] {dag.py:3096} INFO - Sync 2 DAGs
[2024-06-18T13:48:00.330+0545] {logging_mixin.py:188} INFO - [2024-06-18T13:48:00.330+0545] {dag.py:3954} INFO - Setting next_dagrun for example_external_task_marker_child to None, run_after=None
[2024-06-18T13:48:00.337+0545] {logging_mixin.py:188} INFO - [2024-06-18T13:48:00.337+0545] {dag.py:3954} INFO - Setting next_dagrun for example_external_task_marker_parent to None, run_after=None
[2024-06-18T13:48:00.379+0545] {processor.py:183} INFO - Processing /home/prabal/afenv/lib/python3.10/site-packages/airflow/example_dags/example_external_task_marker_dag.py took 0.167 seconds
[2024-06-18T13:49:26.764+0545] {processor.py:161} INFO - Started process (PID=16231) to work on /home/prabal/afenv/lib/python3.10/site-packages/airflow/example_dags/example_external_task_marker_dag.py
[2024-06-18T13:49:26.777+0545] {processor.py:830} INFO - Processing file /home/prabal/afenv/lib/python3.10/site-packages/airflow/example_dags/example_external_task_marker_dag.py for tasks to queue
[2024-06-18T13:49:26.781+0545] {logging_mixin.py:188} INFO - [2024-06-18T13:49:26.780+0545] {dagbag.py:545} INFO - Filling up the DagBag from /home/prabal/afenv/lib/python3.10/site-packages/airflow/example_dags/example_external_task_marker_dag.py
[2024-06-18T13:49:26.794+0545] {processor.py:840} INFO - DAG(s) 'example_external_task_marker_child', 'example_external_task_marker_parent' retrieved from /home/prabal/afenv/lib/python3.10/site-packages/airflow/example_dags/example_external_task_marker_dag.py
[2024-06-18T13:49:26.826+0545] {logging_mixin.py:188} INFO - [2024-06-18T13:49:26.825+0545] {dag.py:3096} INFO - Sync 2 DAGs
[2024-06-18T13:49:26.851+0545] {logging_mixin.py:188} INFO - [2024-06-18T13:49:26.851+0545] {dag.py:3954} INFO - Setting next_dagrun for example_external_task_marker_child to None, run_after=None
[2024-06-18T13:49:26.858+0545] {logging_mixin.py:188} INFO - [2024-06-18T13:49:26.857+0545] {dag.py:3954} INFO - Setting next_dagrun for example_external_task_marker_parent to None, run_after=None
[2024-06-18T13:49:26.885+0545] {processor.py:183} INFO - Processing /home/prabal/afenv/lib/python3.10/site-packages/airflow/example_dags/example_external_task_marker_dag.py took 0.136 seconds
[2024-06-18T13:51:15.922+0545] {processor.py:161} INFO - Started process (PID=16761) to work on /home/prabal/afenv/lib/python3.10/site-packages/airflow/example_dags/example_external_task_marker_dag.py
[2024-06-18T13:51:15.924+0545] {processor.py:830} INFO - Processing file /home/prabal/afenv/lib/python3.10/site-packages/airflow/example_dags/example_external_task_marker_dag.py for tasks to queue
[2024-06-18T13:51:15.926+0545] {logging_mixin.py:188} INFO - [2024-06-18T13:51:15.925+0545] {dagbag.py:545} INFO - Filling up the DagBag from /home/prabal/afenv/lib/python3.10/site-packages/airflow/example_dags/example_external_task_marker_dag.py
[2024-06-18T13:51:15.932+0545] {processor.py:840} INFO - DAG(s) 'example_external_task_marker_parent', 'example_external_task_marker_child' retrieved from /home/prabal/afenv/lib/python3.10/site-packages/airflow/example_dags/example_external_task_marker_dag.py
[2024-06-18T13:51:15.950+0545] {logging_mixin.py:188} INFO - [2024-06-18T13:51:15.949+0545] {dag.py:3096} INFO - Sync 2 DAGs
[2024-06-18T13:51:15.961+0545] {logging_mixin.py:188} INFO - [2024-06-18T13:51:15.961+0545] {dag.py:3954} INFO - Setting next_dagrun for example_external_task_marker_child to None, run_after=None
[2024-06-18T13:51:15.966+0545] {logging_mixin.py:188} INFO - [2024-06-18T13:51:15.965+0545] {dag.py:3954} INFO - Setting next_dagrun for example_external_task_marker_parent to None, run_after=None
[2024-06-18T13:51:15.993+0545] {processor.py:183} INFO - Processing /home/prabal/afenv/lib/python3.10/site-packages/airflow/example_dags/example_external_task_marker_dag.py took 0.079 seconds
[2024-06-18T13:52:24.962+0545] {processor.py:161} INFO - Started process (PID=17145) to work on /home/prabal/afenv/lib/python3.10/site-packages/airflow/example_dags/example_external_task_marker_dag.py
[2024-06-18T13:52:24.975+0545] {processor.py:830} INFO - Processing file /home/prabal/afenv/lib/python3.10/site-packages/airflow/example_dags/example_external_task_marker_dag.py for tasks to queue
[2024-06-18T13:52:24.977+0545] {logging_mixin.py:188} INFO - [2024-06-18T13:52:24.976+0545] {dagbag.py:545} INFO - Filling up the DagBag from /home/prabal/afenv/lib/python3.10/site-packages/airflow/example_dags/example_external_task_marker_dag.py
[2024-06-18T13:52:24.983+0545] {processor.py:840} INFO - DAG(s) 'example_external_task_marker_child', 'example_external_task_marker_parent' retrieved from /home/prabal/afenv/lib/python3.10/site-packages/airflow/example_dags/example_external_task_marker_dag.py
[2024-06-18T13:52:24.999+0545] {logging_mixin.py:188} INFO - [2024-06-18T13:52:24.998+0545] {dag.py:3096} INFO - Sync 2 DAGs
[2024-06-18T13:52:25.009+0545] {logging_mixin.py:188} INFO - [2024-06-18T13:52:25.008+0545] {dag.py:3954} INFO - Setting next_dagrun for example_external_task_marker_child to None, run_after=None
[2024-06-18T13:52:25.011+0545] {logging_mixin.py:188} INFO - [2024-06-18T13:52:25.011+0545] {dag.py:3954} INFO - Setting next_dagrun for example_external_task_marker_parent to None, run_after=None
[2024-06-18T13:52:25.029+0545] {processor.py:183} INFO - Processing /home/prabal/afenv/lib/python3.10/site-packages/airflow/example_dags/example_external_task_marker_dag.py took 0.077 seconds
[2024-06-18T13:53:39.348+0545] {processor.py:161} INFO - Started process (PID=17530) to work on /home/prabal/afenv/lib/python3.10/site-packages/airflow/example_dags/example_external_task_marker_dag.py
[2024-06-18T13:53:39.361+0545] {processor.py:830} INFO - Processing file /home/prabal/afenv/lib/python3.10/site-packages/airflow/example_dags/example_external_task_marker_dag.py for tasks to queue
[2024-06-18T13:53:39.365+0545] {logging_mixin.py:188} INFO - [2024-06-18T13:53:39.364+0545] {dagbag.py:545} INFO - Filling up the DagBag from /home/prabal/afenv/lib/python3.10/site-packages/airflow/example_dags/example_external_task_marker_dag.py
[2024-06-18T13:53:39.378+0545] {processor.py:840} INFO - DAG(s) 'example_external_task_marker_child', 'example_external_task_marker_parent' retrieved from /home/prabal/afenv/lib/python3.10/site-packages/airflow/example_dags/example_external_task_marker_dag.py
[2024-06-18T13:53:39.400+0545] {logging_mixin.py:188} INFO - [2024-06-18T13:53:39.400+0545] {dag.py:3096} INFO - Sync 2 DAGs
[2024-06-18T13:53:39.421+0545] {logging_mixin.py:188} INFO - [2024-06-18T13:53:39.421+0545] {dag.py:3954} INFO - Setting next_dagrun for example_external_task_marker_child to None, run_after=None
[2024-06-18T13:53:39.425+0545] {logging_mixin.py:188} INFO - [2024-06-18T13:53:39.425+0545] {dag.py:3954} INFO - Setting next_dagrun for example_external_task_marker_parent to None, run_after=None
[2024-06-18T13:53:39.444+0545] {processor.py:183} INFO - Processing /home/prabal/afenv/lib/python3.10/site-packages/airflow/example_dags/example_external_task_marker_dag.py took 0.114 seconds
[2024-06-18T13:54:33.035+0545] {processor.py:161} INFO - Started process (PID=17790) to work on /home/prabal/afenv/lib/python3.10/site-packages/airflow/example_dags/example_external_task_marker_dag.py
[2024-06-18T13:54:33.049+0545] {processor.py:830} INFO - Processing file /home/prabal/afenv/lib/python3.10/site-packages/airflow/example_dags/example_external_task_marker_dag.py for tasks to queue
[2024-06-18T13:54:33.052+0545] {logging_mixin.py:188} INFO - [2024-06-18T13:54:33.051+0545] {dagbag.py:545} INFO - Filling up the DagBag from /home/prabal/afenv/lib/python3.10/site-packages/airflow/example_dags/example_external_task_marker_dag.py
[2024-06-18T13:54:33.067+0545] {processor.py:840} INFO - DAG(s) 'example_external_task_marker_child', 'example_external_task_marker_parent' retrieved from /home/prabal/afenv/lib/python3.10/site-packages/airflow/example_dags/example_external_task_marker_dag.py
[2024-06-18T13:54:33.110+0545] {logging_mixin.py:188} INFO - [2024-06-18T13:54:33.109+0545] {dag.py:3096} INFO - Sync 2 DAGs
[2024-06-18T13:54:33.132+0545] {logging_mixin.py:188} INFO - [2024-06-18T13:54:33.131+0545] {dag.py:3954} INFO - Setting next_dagrun for example_external_task_marker_child to None, run_after=None
[2024-06-18T13:54:33.136+0545] {logging_mixin.py:188} INFO - [2024-06-18T13:54:33.136+0545] {dag.py:3954} INFO - Setting next_dagrun for example_external_task_marker_parent to None, run_after=None
[2024-06-18T13:54:33.160+0545] {processor.py:183} INFO - Processing /home/prabal/afenv/lib/python3.10/site-packages/airflow/example_dags/example_external_task_marker_dag.py took 0.139 seconds
[2024-06-18T13:55:36.559+0545] {processor.py:161} INFO - Started process (PID=18121) to work on /home/prabal/afenv/lib/python3.10/site-packages/airflow/example_dags/example_external_task_marker_dag.py
[2024-06-18T13:55:36.571+0545] {processor.py:830} INFO - Processing file /home/prabal/afenv/lib/python3.10/site-packages/airflow/example_dags/example_external_task_marker_dag.py for tasks to queue
[2024-06-18T13:55:36.574+0545] {logging_mixin.py:188} INFO - [2024-06-18T13:55:36.573+0545] {dagbag.py:545} INFO - Filling up the DagBag from /home/prabal/afenv/lib/python3.10/site-packages/airflow/example_dags/example_external_task_marker_dag.py
[2024-06-18T13:55:36.588+0545] {processor.py:840} INFO - DAG(s) 'example_external_task_marker_parent', 'example_external_task_marker_child' retrieved from /home/prabal/afenv/lib/python3.10/site-packages/airflow/example_dags/example_external_task_marker_dag.py
[2024-06-18T13:55:36.612+0545] {logging_mixin.py:188} INFO - [2024-06-18T13:55:36.611+0545] {dag.py:3096} INFO - Sync 2 DAGs
[2024-06-18T13:55:36.625+0545] {logging_mixin.py:188} INFO - [2024-06-18T13:55:36.624+0545] {dag.py:3954} INFO - Setting next_dagrun for example_external_task_marker_child to None, run_after=None
[2024-06-18T13:55:36.630+0545] {logging_mixin.py:188} INFO - [2024-06-18T13:55:36.630+0545] {dag.py:3954} INFO - Setting next_dagrun for example_external_task_marker_parent to None, run_after=None
[2024-06-18T13:55:36.651+0545] {processor.py:183} INFO - Processing /home/prabal/afenv/lib/python3.10/site-packages/airflow/example_dags/example_external_task_marker_dag.py took 0.103 seconds
[2024-06-18T13:56:31.409+0545] {processor.py:161} INFO - Started process (PID=18387) to work on /home/prabal/afenv/lib/python3.10/site-packages/airflow/example_dags/example_external_task_marker_dag.py
[2024-06-18T13:56:31.412+0545] {processor.py:830} INFO - Processing file /home/prabal/afenv/lib/python3.10/site-packages/airflow/example_dags/example_external_task_marker_dag.py for tasks to queue
[2024-06-18T13:56:31.415+0545] {logging_mixin.py:188} INFO - [2024-06-18T13:56:31.415+0545] {dagbag.py:545} INFO - Filling up the DagBag from /home/prabal/afenv/lib/python3.10/site-packages/airflow/example_dags/example_external_task_marker_dag.py
[2024-06-18T13:56:31.429+0545] {processor.py:840} INFO - DAG(s) 'example_external_task_marker_parent', 'example_external_task_marker_child' retrieved from /home/prabal/afenv/lib/python3.10/site-packages/airflow/example_dags/example_external_task_marker_dag.py
[2024-06-18T13:56:31.458+0545] {logging_mixin.py:188} INFO - [2024-06-18T13:56:31.457+0545] {dag.py:3096} INFO - Sync 2 DAGs
[2024-06-18T13:56:31.479+0545] {logging_mixin.py:188} INFO - [2024-06-18T13:56:31.479+0545] {dag.py:3954} INFO - Setting next_dagrun for example_external_task_marker_child to None, run_after=None
[2024-06-18T13:56:31.486+0545] {logging_mixin.py:188} INFO - [2024-06-18T13:56:31.485+0545] {dag.py:3954} INFO - Setting next_dagrun for example_external_task_marker_parent to None, run_after=None
[2024-06-18T13:56:31.524+0545] {processor.py:183} INFO - Processing /home/prabal/afenv/lib/python3.10/site-packages/airflow/example_dags/example_external_task_marker_dag.py took 0.127 seconds
[2024-06-18T13:57:21.190+0545] {processor.py:161} INFO - Started process (PID=18629) to work on /home/prabal/afenv/lib/python3.10/site-packages/airflow/example_dags/example_external_task_marker_dag.py
[2024-06-18T13:57:21.202+0545] {processor.py:830} INFO - Processing file /home/prabal/afenv/lib/python3.10/site-packages/airflow/example_dags/example_external_task_marker_dag.py for tasks to queue
[2024-06-18T13:57:21.205+0545] {logging_mixin.py:188} INFO - [2024-06-18T13:57:21.204+0545] {dagbag.py:545} INFO - Filling up the DagBag from /home/prabal/afenv/lib/python3.10/site-packages/airflow/example_dags/example_external_task_marker_dag.py
[2024-06-18T13:57:21.213+0545] {processor.py:840} INFO - DAG(s) 'example_external_task_marker_parent', 'example_external_task_marker_child' retrieved from /home/prabal/afenv/lib/python3.10/site-packages/airflow/example_dags/example_external_task_marker_dag.py
[2024-06-18T13:57:21.235+0545] {logging_mixin.py:188} INFO - [2024-06-18T13:57:21.235+0545] {dag.py:3096} INFO - Sync 2 DAGs
[2024-06-18T13:57:21.249+0545] {logging_mixin.py:188} INFO - [2024-06-18T13:57:21.248+0545] {dag.py:3954} INFO - Setting next_dagrun for example_external_task_marker_child to None, run_after=None
[2024-06-18T13:57:21.252+0545] {logging_mixin.py:188} INFO - [2024-06-18T13:57:21.252+0545] {dag.py:3954} INFO - Setting next_dagrun for example_external_task_marker_parent to None, run_after=None
[2024-06-18T13:57:21.269+0545] {processor.py:183} INFO - Processing /home/prabal/afenv/lib/python3.10/site-packages/airflow/example_dags/example_external_task_marker_dag.py took 0.086 seconds
[2024-06-18T14:05:22.165+0545] {processor.py:161} INFO - Started process (PID=20760) to work on /home/prabal/afenv/lib/python3.10/site-packages/airflow/example_dags/example_external_task_marker_dag.py
[2024-06-18T14:05:22.178+0545] {processor.py:830} INFO - Processing file /home/prabal/afenv/lib/python3.10/site-packages/airflow/example_dags/example_external_task_marker_dag.py for tasks to queue
[2024-06-18T14:05:22.181+0545] {logging_mixin.py:188} INFO - [2024-06-18T14:05:22.180+0545] {dagbag.py:545} INFO - Filling up the DagBag from /home/prabal/afenv/lib/python3.10/site-packages/airflow/example_dags/example_external_task_marker_dag.py
[2024-06-18T14:05:22.197+0545] {processor.py:840} INFO - DAG(s) 'example_external_task_marker_parent', 'example_external_task_marker_child' retrieved from /home/prabal/afenv/lib/python3.10/site-packages/airflow/example_dags/example_external_task_marker_dag.py
[2024-06-18T14:05:22.216+0545] {logging_mixin.py:188} INFO - [2024-06-18T14:05:22.216+0545] {dag.py:3096} INFO - Sync 2 DAGs
[2024-06-18T14:05:22.226+0545] {logging_mixin.py:188} INFO - [2024-06-18T14:05:22.226+0545] {dag.py:3954} INFO - Setting next_dagrun for example_external_task_marker_child to None, run_after=None
[2024-06-18T14:05:22.230+0545] {logging_mixin.py:188} INFO - [2024-06-18T14:05:22.230+0545] {dag.py:3954} INFO - Setting next_dagrun for example_external_task_marker_parent to None, run_after=None
[2024-06-18T14:05:22.247+0545] {processor.py:183} INFO - Processing /home/prabal/afenv/lib/python3.10/site-packages/airflow/example_dags/example_external_task_marker_dag.py took 0.094 seconds
[2024-06-18T14:06:19.624+0545] {processor.py:161} INFO - Started process (PID=21035) to work on /home/prabal/afenv/lib/python3.10/site-packages/airflow/example_dags/example_external_task_marker_dag.py
[2024-06-18T14:06:19.638+0545] {processor.py:830} INFO - Processing file /home/prabal/afenv/lib/python3.10/site-packages/airflow/example_dags/example_external_task_marker_dag.py for tasks to queue
[2024-06-18T14:06:19.642+0545] {logging_mixin.py:188} INFO - [2024-06-18T14:06:19.641+0545] {dagbag.py:545} INFO - Filling up the DagBag from /home/prabal/afenv/lib/python3.10/site-packages/airflow/example_dags/example_external_task_marker_dag.py
[2024-06-18T14:06:19.656+0545] {processor.py:840} INFO - DAG(s) 'example_external_task_marker_child', 'example_external_task_marker_parent' retrieved from /home/prabal/afenv/lib/python3.10/site-packages/airflow/example_dags/example_external_task_marker_dag.py
[2024-06-18T14:06:19.683+0545] {logging_mixin.py:188} INFO - [2024-06-18T14:06:19.683+0545] {dag.py:3096} INFO - Sync 2 DAGs
[2024-06-18T14:06:19.693+0545] {logging_mixin.py:188} INFO - [2024-06-18T14:06:19.693+0545] {dag.py:3954} INFO - Setting next_dagrun for example_external_task_marker_child to None, run_after=None
[2024-06-18T14:06:19.696+0545] {logging_mixin.py:188} INFO - [2024-06-18T14:06:19.696+0545] {dag.py:3954} INFO - Setting next_dagrun for example_external_task_marker_parent to None, run_after=None
[2024-06-18T14:06:19.714+0545] {processor.py:183} INFO - Processing /home/prabal/afenv/lib/python3.10/site-packages/airflow/example_dags/example_external_task_marker_dag.py took 0.102 seconds
[2024-06-18T14:07:16.616+0545] {processor.py:161} INFO - Started process (PID=21309) to work on /home/prabal/afenv/lib/python3.10/site-packages/airflow/example_dags/example_external_task_marker_dag.py
[2024-06-18T14:07:16.629+0545] {processor.py:830} INFO - Processing file /home/prabal/afenv/lib/python3.10/site-packages/airflow/example_dags/example_external_task_marker_dag.py for tasks to queue
[2024-06-18T14:07:16.632+0545] {logging_mixin.py:188} INFO - [2024-06-18T14:07:16.632+0545] {dagbag.py:545} INFO - Filling up the DagBag from /home/prabal/afenv/lib/python3.10/site-packages/airflow/example_dags/example_external_task_marker_dag.py
[2024-06-18T14:07:16.646+0545] {processor.py:840} INFO - DAG(s) 'example_external_task_marker_child', 'example_external_task_marker_parent' retrieved from /home/prabal/afenv/lib/python3.10/site-packages/airflow/example_dags/example_external_task_marker_dag.py
[2024-06-18T14:07:16.746+0545] {logging_mixin.py:188} INFO - [2024-06-18T14:07:16.746+0545] {dag.py:3096} INFO - Sync 2 DAGs
[2024-06-18T14:07:16.758+0545] {logging_mixin.py:188} INFO - [2024-06-18T14:07:16.758+0545] {dag.py:3954} INFO - Setting next_dagrun for example_external_task_marker_child to None, run_after=None
[2024-06-18T14:07:16.763+0545] {logging_mixin.py:188} INFO - [2024-06-18T14:07:16.763+0545] {dag.py:3954} INFO - Setting next_dagrun for example_external_task_marker_parent to None, run_after=None
[2024-06-18T14:07:16.805+0545] {processor.py:183} INFO - Processing /home/prabal/afenv/lib/python3.10/site-packages/airflow/example_dags/example_external_task_marker_dag.py took 0.204 seconds
[2024-06-18T14:08:14.065+0545] {processor.py:161} INFO - Started process (PID=21594) to work on /home/prabal/afenv/lib/python3.10/site-packages/airflow/example_dags/example_external_task_marker_dag.py
[2024-06-18T14:08:14.078+0545] {processor.py:830} INFO - Processing file /home/prabal/afenv/lib/python3.10/site-packages/airflow/example_dags/example_external_task_marker_dag.py for tasks to queue
[2024-06-18T14:08:14.081+0545] {logging_mixin.py:188} INFO - [2024-06-18T14:08:14.080+0545] {dagbag.py:545} INFO - Filling up the DagBag from /home/prabal/afenv/lib/python3.10/site-packages/airflow/example_dags/example_external_task_marker_dag.py
[2024-06-18T14:08:14.094+0545] {processor.py:840} INFO - DAG(s) 'example_external_task_marker_parent', 'example_external_task_marker_child' retrieved from /home/prabal/afenv/lib/python3.10/site-packages/airflow/example_dags/example_external_task_marker_dag.py
[2024-06-18T14:08:14.128+0545] {logging_mixin.py:188} INFO - [2024-06-18T14:08:14.127+0545] {dag.py:3096} INFO - Sync 2 DAGs
[2024-06-18T14:08:14.141+0545] {logging_mixin.py:188} INFO - [2024-06-18T14:08:14.141+0545] {dag.py:3954} INFO - Setting next_dagrun for example_external_task_marker_child to None, run_after=None
[2024-06-18T14:08:14.144+0545] {logging_mixin.py:188} INFO - [2024-06-18T14:08:14.144+0545] {dag.py:3954} INFO - Setting next_dagrun for example_external_task_marker_parent to None, run_after=None
[2024-06-18T14:08:14.161+0545] {processor.py:183} INFO - Processing /home/prabal/afenv/lib/python3.10/site-packages/airflow/example_dags/example_external_task_marker_dag.py took 0.111 seconds
[2024-06-18T14:09:08.447+0545] {processor.py:161} INFO - Started process (PID=21856) to work on /home/prabal/afenv/lib/python3.10/site-packages/airflow/example_dags/example_external_task_marker_dag.py
[2024-06-18T14:09:08.455+0545] {processor.py:830} INFO - Processing file /home/prabal/afenv/lib/python3.10/site-packages/airflow/example_dags/example_external_task_marker_dag.py for tasks to queue
[2024-06-18T14:09:08.458+0545] {logging_mixin.py:188} INFO - [2024-06-18T14:09:08.457+0545] {dagbag.py:545} INFO - Filling up the DagBag from /home/prabal/afenv/lib/python3.10/site-packages/airflow/example_dags/example_external_task_marker_dag.py
[2024-06-18T14:09:08.472+0545] {processor.py:840} INFO - DAG(s) 'example_external_task_marker_child', 'example_external_task_marker_parent' retrieved from /home/prabal/afenv/lib/python3.10/site-packages/airflow/example_dags/example_external_task_marker_dag.py
[2024-06-18T14:09:08.505+0545] {logging_mixin.py:188} INFO - [2024-06-18T14:09:08.505+0545] {dag.py:3096} INFO - Sync 2 DAGs
[2024-06-18T14:09:08.528+0545] {logging_mixin.py:188} INFO - [2024-06-18T14:09:08.528+0545] {dag.py:3954} INFO - Setting next_dagrun for example_external_task_marker_child to None, run_after=None
[2024-06-18T14:09:08.535+0545] {logging_mixin.py:188} INFO - [2024-06-18T14:09:08.535+0545] {dag.py:3954} INFO - Setting next_dagrun for example_external_task_marker_parent to None, run_after=None
[2024-06-18T14:09:08.563+0545] {processor.py:183} INFO - Processing /home/prabal/afenv/lib/python3.10/site-packages/airflow/example_dags/example_external_task_marker_dag.py took 0.129 seconds
[2024-06-18T14:10:02.880+0545] {processor.py:161} INFO - Started process (PID=22117) to work on /home/prabal/afenv/lib/python3.10/site-packages/airflow/example_dags/example_external_task_marker_dag.py
[2024-06-18T14:10:02.893+0545] {processor.py:830} INFO - Processing file /home/prabal/afenv/lib/python3.10/site-packages/airflow/example_dags/example_external_task_marker_dag.py for tasks to queue
[2024-06-18T14:10:02.897+0545] {logging_mixin.py:188} INFO - [2024-06-18T14:10:02.896+0545] {dagbag.py:545} INFO - Filling up the DagBag from /home/prabal/afenv/lib/python3.10/site-packages/airflow/example_dags/example_external_task_marker_dag.py
[2024-06-18T14:10:02.910+0545] {processor.py:840} INFO - DAG(s) 'example_external_task_marker_parent', 'example_external_task_marker_child' retrieved from /home/prabal/afenv/lib/python3.10/site-packages/airflow/example_dags/example_external_task_marker_dag.py
[2024-06-18T14:10:02.940+0545] {logging_mixin.py:188} INFO - [2024-06-18T14:10:02.940+0545] {dag.py:3096} INFO - Sync 2 DAGs
[2024-06-18T14:10:02.952+0545] {logging_mixin.py:188} INFO - [2024-06-18T14:10:02.952+0545] {dag.py:3954} INFO - Setting next_dagrun for example_external_task_marker_child to None, run_after=None
[2024-06-18T14:10:02.955+0545] {logging_mixin.py:188} INFO - [2024-06-18T14:10:02.955+0545] {dag.py:3954} INFO - Setting next_dagrun for example_external_task_marker_parent to None, run_after=None
[2024-06-18T14:10:02.972+0545] {processor.py:183} INFO - Processing /home/prabal/afenv/lib/python3.10/site-packages/airflow/example_dags/example_external_task_marker_dag.py took 0.107 seconds
[2024-06-18T14:10:56.366+0545] {processor.py:161} INFO - Started process (PID=22373) to work on /home/prabal/afenv/lib/python3.10/site-packages/airflow/example_dags/example_external_task_marker_dag.py
[2024-06-18T14:10:56.379+0545] {processor.py:830} INFO - Processing file /home/prabal/afenv/lib/python3.10/site-packages/airflow/example_dags/example_external_task_marker_dag.py for tasks to queue
[2024-06-18T14:10:56.382+0545] {logging_mixin.py:188} INFO - [2024-06-18T14:10:56.382+0545] {dagbag.py:545} INFO - Filling up the DagBag from /home/prabal/afenv/lib/python3.10/site-packages/airflow/example_dags/example_external_task_marker_dag.py
[2024-06-18T14:10:56.397+0545] {processor.py:840} INFO - DAG(s) 'example_external_task_marker_parent', 'example_external_task_marker_child' retrieved from /home/prabal/afenv/lib/python3.10/site-packages/airflow/example_dags/example_external_task_marker_dag.py
[2024-06-18T14:10:56.423+0545] {logging_mixin.py:188} INFO - [2024-06-18T14:10:56.423+0545] {dag.py:3096} INFO - Sync 2 DAGs
[2024-06-18T14:10:56.433+0545] {logging_mixin.py:188} INFO - [2024-06-18T14:10:56.433+0545] {dag.py:3954} INFO - Setting next_dagrun for example_external_task_marker_child to None, run_after=None
[2024-06-18T14:10:56.436+0545] {logging_mixin.py:188} INFO - [2024-06-18T14:10:56.436+0545] {dag.py:3954} INFO - Setting next_dagrun for example_external_task_marker_parent to None, run_after=None
[2024-06-18T14:10:56.458+0545] {processor.py:183} INFO - Processing /home/prabal/afenv/lib/python3.10/site-packages/airflow/example_dags/example_external_task_marker_dag.py took 0.105 seconds
[2024-06-18T14:11:48.770+0545] {processor.py:161} INFO - Started process (PID=22627) to work on /home/prabal/afenv/lib/python3.10/site-packages/airflow/example_dags/example_external_task_marker_dag.py
[2024-06-18T14:11:48.784+0545] {processor.py:830} INFO - Processing file /home/prabal/afenv/lib/python3.10/site-packages/airflow/example_dags/example_external_task_marker_dag.py for tasks to queue
[2024-06-18T14:11:48.787+0545] {logging_mixin.py:188} INFO - [2024-06-18T14:11:48.786+0545] {dagbag.py:545} INFO - Filling up the DagBag from /home/prabal/afenv/lib/python3.10/site-packages/airflow/example_dags/example_external_task_marker_dag.py
[2024-06-18T14:11:48.801+0545] {processor.py:840} INFO - DAG(s) 'example_external_task_marker_parent', 'example_external_task_marker_child' retrieved from /home/prabal/afenv/lib/python3.10/site-packages/airflow/example_dags/example_external_task_marker_dag.py
[2024-06-18T14:11:48.832+0545] {logging_mixin.py:188} INFO - [2024-06-18T14:11:48.832+0545] {dag.py:3096} INFO - Sync 2 DAGs
[2024-06-18T14:11:48.842+0545] {logging_mixin.py:188} INFO - [2024-06-18T14:11:48.842+0545] {dag.py:3954} INFO - Setting next_dagrun for example_external_task_marker_child to None, run_after=None
[2024-06-18T14:11:48.845+0545] {logging_mixin.py:188} INFO - [2024-06-18T14:11:48.845+0545] {dag.py:3954} INFO - Setting next_dagrun for example_external_task_marker_parent to None, run_after=None
[2024-06-18T14:11:48.863+0545] {processor.py:183} INFO - Processing /home/prabal/afenv/lib/python3.10/site-packages/airflow/example_dags/example_external_task_marker_dag.py took 0.108 seconds
[2024-06-18T14:12:39.319+0545] {processor.py:161} INFO - Started process (PID=22870) to work on /home/prabal/afenv/lib/python3.10/site-packages/airflow/example_dags/example_external_task_marker_dag.py
[2024-06-18T14:12:39.332+0545] {processor.py:830} INFO - Processing file /home/prabal/afenv/lib/python3.10/site-packages/airflow/example_dags/example_external_task_marker_dag.py for tasks to queue
[2024-06-18T14:12:39.334+0545] {logging_mixin.py:188} INFO - [2024-06-18T14:12:39.333+0545] {dagbag.py:545} INFO - Filling up the DagBag from /home/prabal/afenv/lib/python3.10/site-packages/airflow/example_dags/example_external_task_marker_dag.py
[2024-06-18T14:12:39.346+0545] {processor.py:840} INFO - DAG(s) 'example_external_task_marker_parent', 'example_external_task_marker_child' retrieved from /home/prabal/afenv/lib/python3.10/site-packages/airflow/example_dags/example_external_task_marker_dag.py
[2024-06-18T14:12:39.368+0545] {logging_mixin.py:188} INFO - [2024-06-18T14:12:39.368+0545] {dag.py:3096} INFO - Sync 2 DAGs
[2024-06-18T14:12:39.379+0545] {logging_mixin.py:188} INFO - [2024-06-18T14:12:39.379+0545] {dag.py:3954} INFO - Setting next_dagrun for example_external_task_marker_child to None, run_after=None
[2024-06-18T14:12:39.382+0545] {logging_mixin.py:188} INFO - [2024-06-18T14:12:39.382+0545] {dag.py:3954} INFO - Setting next_dagrun for example_external_task_marker_parent to None, run_after=None
[2024-06-18T14:12:39.399+0545] {processor.py:183} INFO - Processing /home/prabal/afenv/lib/python3.10/site-packages/airflow/example_dags/example_external_task_marker_dag.py took 0.091 seconds
[2024-06-18T14:13:29.234+0545] {processor.py:161} INFO - Started process (PID=23111) to work on /home/prabal/afenv/lib/python3.10/site-packages/airflow/example_dags/example_external_task_marker_dag.py
[2024-06-18T14:13:29.248+0545] {processor.py:830} INFO - Processing file /home/prabal/afenv/lib/python3.10/site-packages/airflow/example_dags/example_external_task_marker_dag.py for tasks to queue
[2024-06-18T14:13:29.251+0545] {logging_mixin.py:188} INFO - [2024-06-18T14:13:29.250+0545] {dagbag.py:545} INFO - Filling up the DagBag from /home/prabal/afenv/lib/python3.10/site-packages/airflow/example_dags/example_external_task_marker_dag.py
[2024-06-18T14:13:29.265+0545] {processor.py:840} INFO - DAG(s) 'example_external_task_marker_parent', 'example_external_task_marker_child' retrieved from /home/prabal/afenv/lib/python3.10/site-packages/airflow/example_dags/example_external_task_marker_dag.py
[2024-06-18T14:13:29.291+0545] {logging_mixin.py:188} INFO - [2024-06-18T14:13:29.291+0545] {dag.py:3096} INFO - Sync 2 DAGs
[2024-06-18T14:13:29.301+0545] {logging_mixin.py:188} INFO - [2024-06-18T14:13:29.300+0545] {dag.py:3954} INFO - Setting next_dagrun for example_external_task_marker_child to None, run_after=None
[2024-06-18T14:13:29.303+0545] {logging_mixin.py:188} INFO - [2024-06-18T14:13:29.303+0545] {dag.py:3954} INFO - Setting next_dagrun for example_external_task_marker_parent to None, run_after=None
[2024-06-18T14:13:29.323+0545] {processor.py:183} INFO - Processing /home/prabal/afenv/lib/python3.10/site-packages/airflow/example_dags/example_external_task_marker_dag.py took 0.102 seconds
[2024-06-18T14:14:21.990+0545] {processor.py:161} INFO - Started process (PID=23366) to work on /home/prabal/afenv/lib/python3.10/site-packages/airflow/example_dags/example_external_task_marker_dag.py
[2024-06-18T14:14:22.002+0545] {processor.py:830} INFO - Processing file /home/prabal/afenv/lib/python3.10/site-packages/airflow/example_dags/example_external_task_marker_dag.py for tasks to queue
[2024-06-18T14:14:22.005+0545] {logging_mixin.py:188} INFO - [2024-06-18T14:14:22.004+0545] {dagbag.py:545} INFO - Filling up the DagBag from /home/prabal/afenv/lib/python3.10/site-packages/airflow/example_dags/example_external_task_marker_dag.py
[2024-06-18T14:14:22.019+0545] {processor.py:840} INFO - DAG(s) 'example_external_task_marker_parent', 'example_external_task_marker_child' retrieved from /home/prabal/afenv/lib/python3.10/site-packages/airflow/example_dags/example_external_task_marker_dag.py
[2024-06-18T14:14:22.056+0545] {logging_mixin.py:188} INFO - [2024-06-18T14:14:22.055+0545] {dag.py:3096} INFO - Sync 2 DAGs
[2024-06-18T14:14:22.071+0545] {logging_mixin.py:188} INFO - [2024-06-18T14:14:22.071+0545] {dag.py:3954} INFO - Setting next_dagrun for example_external_task_marker_child to None, run_after=None
[2024-06-18T14:14:22.074+0545] {logging_mixin.py:188} INFO - [2024-06-18T14:14:22.074+0545] {dag.py:3954} INFO - Setting next_dagrun for example_external_task_marker_parent to None, run_after=None
[2024-06-18T14:14:22.092+0545] {processor.py:183} INFO - Processing /home/prabal/afenv/lib/python3.10/site-packages/airflow/example_dags/example_external_task_marker_dag.py took 0.114 seconds
[2024-06-18T14:15:23.817+0545] {processor.py:161} INFO - Started process (PID=23686) to work on /home/prabal/afenv/lib/python3.10/site-packages/airflow/example_dags/example_external_task_marker_dag.py
[2024-06-18T14:15:23.830+0545] {processor.py:830} INFO - Processing file /home/prabal/afenv/lib/python3.10/site-packages/airflow/example_dags/example_external_task_marker_dag.py for tasks to queue
[2024-06-18T14:15:23.833+0545] {logging_mixin.py:188} INFO - [2024-06-18T14:15:23.833+0545] {dagbag.py:545} INFO - Filling up the DagBag from /home/prabal/afenv/lib/python3.10/site-packages/airflow/example_dags/example_external_task_marker_dag.py
[2024-06-18T14:15:23.848+0545] {processor.py:840} INFO - DAG(s) 'example_external_task_marker_parent', 'example_external_task_marker_child' retrieved from /home/prabal/afenv/lib/python3.10/site-packages/airflow/example_dags/example_external_task_marker_dag.py
[2024-06-18T14:15:23.892+0545] {logging_mixin.py:188} INFO - [2024-06-18T14:15:23.891+0545] {dag.py:3096} INFO - Sync 2 DAGs
[2024-06-18T14:15:23.915+0545] {logging_mixin.py:188} INFO - [2024-06-18T14:15:23.915+0545] {dag.py:3954} INFO - Setting next_dagrun for example_external_task_marker_child to None, run_after=None
[2024-06-18T14:15:23.922+0545] {logging_mixin.py:188} INFO - [2024-06-18T14:15:23.921+0545] {dag.py:3954} INFO - Setting next_dagrun for example_external_task_marker_parent to None, run_after=None
[2024-06-18T14:15:23.961+0545] {processor.py:183} INFO - Processing /home/prabal/afenv/lib/python3.10/site-packages/airflow/example_dags/example_external_task_marker_dag.py took 0.158 seconds
[2024-06-18T14:16:23.975+0545] {processor.py:161} INFO - Started process (PID=23977) to work on /home/prabal/afenv/lib/python3.10/site-packages/airflow/example_dags/example_external_task_marker_dag.py
[2024-06-18T14:16:23.988+0545] {processor.py:830} INFO - Processing file /home/prabal/afenv/lib/python3.10/site-packages/airflow/example_dags/example_external_task_marker_dag.py for tasks to queue
[2024-06-18T14:16:23.991+0545] {logging_mixin.py:188} INFO - [2024-06-18T14:16:23.991+0545] {dagbag.py:545} INFO - Filling up the DagBag from /home/prabal/afenv/lib/python3.10/site-packages/airflow/example_dags/example_external_task_marker_dag.py
[2024-06-18T14:16:24.003+0545] {processor.py:840} INFO - DAG(s) 'example_external_task_marker_child', 'example_external_task_marker_parent' retrieved from /home/prabal/afenv/lib/python3.10/site-packages/airflow/example_dags/example_external_task_marker_dag.py
[2024-06-18T14:16:24.041+0545] {logging_mixin.py:188} INFO - [2024-06-18T14:16:24.041+0545] {dag.py:3096} INFO - Sync 2 DAGs
[2024-06-18T14:16:24.057+0545] {logging_mixin.py:188} INFO - [2024-06-18T14:16:24.057+0545] {dag.py:3954} INFO - Setting next_dagrun for example_external_task_marker_child to None, run_after=None
[2024-06-18T14:16:24.060+0545] {logging_mixin.py:188} INFO - [2024-06-18T14:16:24.060+0545] {dag.py:3954} INFO - Setting next_dagrun for example_external_task_marker_parent to None, run_after=None
[2024-06-18T14:16:24.078+0545] {processor.py:183} INFO - Processing /home/prabal/afenv/lib/python3.10/site-packages/airflow/example_dags/example_external_task_marker_dag.py took 0.118 seconds
[2024-06-18T14:17:17.442+0545] {processor.py:161} INFO - Started process (PID=24236) to work on /home/prabal/afenv/lib/python3.10/site-packages/airflow/example_dags/example_external_task_marker_dag.py
[2024-06-18T14:17:17.455+0545] {processor.py:830} INFO - Processing file /home/prabal/afenv/lib/python3.10/site-packages/airflow/example_dags/example_external_task_marker_dag.py for tasks to queue
[2024-06-18T14:17:17.459+0545] {logging_mixin.py:188} INFO - [2024-06-18T14:17:17.458+0545] {dagbag.py:545} INFO - Filling up the DagBag from /home/prabal/afenv/lib/python3.10/site-packages/airflow/example_dags/example_external_task_marker_dag.py
[2024-06-18T14:17:17.474+0545] {processor.py:840} INFO - DAG(s) 'example_external_task_marker_parent', 'example_external_task_marker_child' retrieved from /home/prabal/afenv/lib/python3.10/site-packages/airflow/example_dags/example_external_task_marker_dag.py
[2024-06-18T14:17:17.493+0545] {logging_mixin.py:188} INFO - [2024-06-18T14:17:17.492+0545] {dag.py:3096} INFO - Sync 2 DAGs
[2024-06-18T14:17:17.512+0545] {logging_mixin.py:188} INFO - [2024-06-18T14:17:17.511+0545] {dag.py:3954} INFO - Setting next_dagrun for example_external_task_marker_child to None, run_after=None
[2024-06-18T14:17:17.518+0545] {logging_mixin.py:188} INFO - [2024-06-18T14:17:17.517+0545] {dag.py:3954} INFO - Setting next_dagrun for example_external_task_marker_parent to None, run_after=None
[2024-06-18T14:17:17.553+0545] {processor.py:183} INFO - Processing /home/prabal/afenv/lib/python3.10/site-packages/airflow/example_dags/example_external_task_marker_dag.py took 0.126 seconds
[2024-06-18T14:18:12.839+0545] {processor.py:161} INFO - Started process (PID=24501) to work on /home/prabal/afenv/lib/python3.10/site-packages/airflow/example_dags/example_external_task_marker_dag.py
[2024-06-18T14:18:12.851+0545] {processor.py:830} INFO - Processing file /home/prabal/afenv/lib/python3.10/site-packages/airflow/example_dags/example_external_task_marker_dag.py for tasks to queue
[2024-06-18T14:18:12.854+0545] {logging_mixin.py:188} INFO - [2024-06-18T14:18:12.853+0545] {dagbag.py:545} INFO - Filling up the DagBag from /home/prabal/afenv/lib/python3.10/site-packages/airflow/example_dags/example_external_task_marker_dag.py
[2024-06-18T14:18:12.868+0545] {processor.py:840} INFO - DAG(s) 'example_external_task_marker_parent', 'example_external_task_marker_child' retrieved from /home/prabal/afenv/lib/python3.10/site-packages/airflow/example_dags/example_external_task_marker_dag.py
[2024-06-18T14:18:12.902+0545] {logging_mixin.py:188} INFO - [2024-06-18T14:18:12.902+0545] {dag.py:3096} INFO - Sync 2 DAGs
[2024-06-18T14:18:12.914+0545] {logging_mixin.py:188} INFO - [2024-06-18T14:18:12.914+0545] {dag.py:3954} INFO - Setting next_dagrun for example_external_task_marker_child to None, run_after=None
[2024-06-18T14:18:12.917+0545] {logging_mixin.py:188} INFO - [2024-06-18T14:18:12.917+0545] {dag.py:3954} INFO - Setting next_dagrun for example_external_task_marker_parent to None, run_after=None
[2024-06-18T14:18:12.942+0545] {processor.py:183} INFO - Processing /home/prabal/afenv/lib/python3.10/site-packages/airflow/example_dags/example_external_task_marker_dag.py took 0.118 seconds
[2024-06-18T14:19:08.414+0545] {processor.py:161} INFO - Started process (PID=24767) to work on /home/prabal/afenv/lib/python3.10/site-packages/airflow/example_dags/example_external_task_marker_dag.py
[2024-06-18T14:19:08.428+0545] {processor.py:830} INFO - Processing file /home/prabal/afenv/lib/python3.10/site-packages/airflow/example_dags/example_external_task_marker_dag.py for tasks to queue
[2024-06-18T14:19:08.431+0545] {logging_mixin.py:188} INFO - [2024-06-18T14:19:08.431+0545] {dagbag.py:545} INFO - Filling up the DagBag from /home/prabal/afenv/lib/python3.10/site-packages/airflow/example_dags/example_external_task_marker_dag.py
[2024-06-18T14:19:08.446+0545] {processor.py:840} INFO - DAG(s) 'example_external_task_marker_child', 'example_external_task_marker_parent' retrieved from /home/prabal/afenv/lib/python3.10/site-packages/airflow/example_dags/example_external_task_marker_dag.py
[2024-06-18T14:19:08.469+0545] {logging_mixin.py:188} INFO - [2024-06-18T14:19:08.468+0545] {dag.py:3096} INFO - Sync 2 DAGs
[2024-06-18T14:19:08.492+0545] {logging_mixin.py:188} INFO - [2024-06-18T14:19:08.491+0545] {dag.py:3954} INFO - Setting next_dagrun for example_external_task_marker_child to None, run_after=None
[2024-06-18T14:19:08.497+0545] {logging_mixin.py:188} INFO - [2024-06-18T14:19:08.496+0545] {dag.py:3954} INFO - Setting next_dagrun for example_external_task_marker_parent to None, run_after=None
[2024-06-18T14:19:08.528+0545] {processor.py:183} INFO - Processing /home/prabal/afenv/lib/python3.10/site-packages/airflow/example_dags/example_external_task_marker_dag.py took 0.130 seconds
[2024-06-18T14:20:02.552+0545] {processor.py:161} INFO - Started process (PID=25027) to work on /home/prabal/afenv/lib/python3.10/site-packages/airflow/example_dags/example_external_task_marker_dag.py
[2024-06-18T14:20:02.565+0545] {processor.py:830} INFO - Processing file /home/prabal/afenv/lib/python3.10/site-packages/airflow/example_dags/example_external_task_marker_dag.py for tasks to queue
[2024-06-18T14:20:02.568+0545] {logging_mixin.py:188} INFO - [2024-06-18T14:20:02.567+0545] {dagbag.py:545} INFO - Filling up the DagBag from /home/prabal/afenv/lib/python3.10/site-packages/airflow/example_dags/example_external_task_marker_dag.py
[2024-06-18T14:20:02.583+0545] {processor.py:840} INFO - DAG(s) 'example_external_task_marker_child', 'example_external_task_marker_parent' retrieved from /home/prabal/afenv/lib/python3.10/site-packages/airflow/example_dags/example_external_task_marker_dag.py
[2024-06-18T14:20:02.624+0545] {logging_mixin.py:188} INFO - [2024-06-18T14:20:02.624+0545] {dag.py:3096} INFO - Sync 2 DAGs
[2024-06-18T14:20:02.647+0545] {logging_mixin.py:188} INFO - [2024-06-18T14:20:02.647+0545] {dag.py:3954} INFO - Setting next_dagrun for example_external_task_marker_child to None, run_after=None
[2024-06-18T14:20:02.654+0545] {logging_mixin.py:188} INFO - [2024-06-18T14:20:02.653+0545] {dag.py:3954} INFO - Setting next_dagrun for example_external_task_marker_parent to None, run_after=None
[2024-06-18T14:20:02.695+0545] {processor.py:183} INFO - Processing /home/prabal/afenv/lib/python3.10/site-packages/airflow/example_dags/example_external_task_marker_dag.py took 0.158 seconds
[2024-06-18T14:20:55.056+0545] {processor.py:161} INFO - Started process (PID=25279) to work on /home/prabal/afenv/lib/python3.10/site-packages/airflow/example_dags/example_external_task_marker_dag.py
[2024-06-18T14:20:55.069+0545] {processor.py:830} INFO - Processing file /home/prabal/afenv/lib/python3.10/site-packages/airflow/example_dags/example_external_task_marker_dag.py for tasks to queue
[2024-06-18T14:20:55.072+0545] {logging_mixin.py:188} INFO - [2024-06-18T14:20:55.072+0545] {dagbag.py:545} INFO - Filling up the DagBag from /home/prabal/afenv/lib/python3.10/site-packages/airflow/example_dags/example_external_task_marker_dag.py
[2024-06-18T14:20:55.088+0545] {processor.py:840} INFO - DAG(s) 'example_external_task_marker_child', 'example_external_task_marker_parent' retrieved from /home/prabal/afenv/lib/python3.10/site-packages/airflow/example_dags/example_external_task_marker_dag.py
[2024-06-18T14:20:55.119+0545] {logging_mixin.py:188} INFO - [2024-06-18T14:20:55.118+0545] {dag.py:3096} INFO - Sync 2 DAGs
[2024-06-18T14:20:55.142+0545] {logging_mixin.py:188} INFO - [2024-06-18T14:20:55.142+0545] {dag.py:3954} INFO - Setting next_dagrun for example_external_task_marker_child to None, run_after=None
[2024-06-18T14:20:55.147+0545] {logging_mixin.py:188} INFO - [2024-06-18T14:20:55.147+0545] {dag.py:3954} INFO - Setting next_dagrun for example_external_task_marker_parent to None, run_after=None
[2024-06-18T14:20:55.180+0545] {processor.py:183} INFO - Processing /home/prabal/afenv/lib/python3.10/site-packages/airflow/example_dags/example_external_task_marker_dag.py took 0.139 seconds
[2024-06-18T14:21:48.336+0545] {processor.py:161} INFO - Started process (PID=25533) to work on /home/prabal/afenv/lib/python3.10/site-packages/airflow/example_dags/example_external_task_marker_dag.py
[2024-06-18T14:21:48.350+0545] {processor.py:830} INFO - Processing file /home/prabal/afenv/lib/python3.10/site-packages/airflow/example_dags/example_external_task_marker_dag.py for tasks to queue
[2024-06-18T14:21:48.353+0545] {logging_mixin.py:188} INFO - [2024-06-18T14:21:48.352+0545] {dagbag.py:545} INFO - Filling up the DagBag from /home/prabal/afenv/lib/python3.10/site-packages/airflow/example_dags/example_external_task_marker_dag.py
[2024-06-18T14:21:48.367+0545] {processor.py:840} INFO - DAG(s) 'example_external_task_marker_parent', 'example_external_task_marker_child' retrieved from /home/prabal/afenv/lib/python3.10/site-packages/airflow/example_dags/example_external_task_marker_dag.py
[2024-06-18T14:21:48.405+0545] {logging_mixin.py:188} INFO - [2024-06-18T14:21:48.404+0545] {dag.py:3096} INFO - Sync 2 DAGs
[2024-06-18T14:21:48.416+0545] {logging_mixin.py:188} INFO - [2024-06-18T14:21:48.416+0545] {dag.py:3954} INFO - Setting next_dagrun for example_external_task_marker_child to None, run_after=None
[2024-06-18T14:21:48.419+0545] {logging_mixin.py:188} INFO - [2024-06-18T14:21:48.418+0545] {dag.py:3954} INFO - Setting next_dagrun for example_external_task_marker_parent to None, run_after=None
[2024-06-18T14:21:48.438+0545] {processor.py:183} INFO - Processing /home/prabal/afenv/lib/python3.10/site-packages/airflow/example_dags/example_external_task_marker_dag.py took 0.116 seconds
[2024-06-18T14:22:43.292+0545] {processor.py:161} INFO - Started process (PID=25800) to work on /home/prabal/afenv/lib/python3.10/site-packages/airflow/example_dags/example_external_task_marker_dag.py
[2024-06-18T14:22:43.305+0545] {processor.py:830} INFO - Processing file /home/prabal/afenv/lib/python3.10/site-packages/airflow/example_dags/example_external_task_marker_dag.py for tasks to queue
[2024-06-18T14:22:43.308+0545] {logging_mixin.py:188} INFO - [2024-06-18T14:22:43.307+0545] {dagbag.py:545} INFO - Filling up the DagBag from /home/prabal/afenv/lib/python3.10/site-packages/airflow/example_dags/example_external_task_marker_dag.py
[2024-06-18T14:22:43.323+0545] {processor.py:840} INFO - DAG(s) 'example_external_task_marker_child', 'example_external_task_marker_parent' retrieved from /home/prabal/afenv/lib/python3.10/site-packages/airflow/example_dags/example_external_task_marker_dag.py
[2024-06-18T14:22:43.357+0545] {logging_mixin.py:188} INFO - [2024-06-18T14:22:43.357+0545] {dag.py:3096} INFO - Sync 2 DAGs
[2024-06-18T14:22:43.382+0545] {logging_mixin.py:188} INFO - [2024-06-18T14:22:43.381+0545] {dag.py:3954} INFO - Setting next_dagrun for example_external_task_marker_child to None, run_after=None
[2024-06-18T14:22:43.388+0545] {logging_mixin.py:188} INFO - [2024-06-18T14:22:43.388+0545] {dag.py:3954} INFO - Setting next_dagrun for example_external_task_marker_parent to None, run_after=None
[2024-06-18T14:22:43.417+0545] {processor.py:183} INFO - Processing /home/prabal/afenv/lib/python3.10/site-packages/airflow/example_dags/example_external_task_marker_dag.py took 0.139 seconds
[2024-06-18T14:23:36.024+0545] {processor.py:161} INFO - Started process (PID=26057) to work on /home/prabal/afenv/lib/python3.10/site-packages/airflow/example_dags/example_external_task_marker_dag.py
[2024-06-18T14:23:36.037+0545] {processor.py:830} INFO - Processing file /home/prabal/afenv/lib/python3.10/site-packages/airflow/example_dags/example_external_task_marker_dag.py for tasks to queue
[2024-06-18T14:23:36.041+0545] {logging_mixin.py:188} INFO - [2024-06-18T14:23:36.040+0545] {dagbag.py:545} INFO - Filling up the DagBag from /home/prabal/afenv/lib/python3.10/site-packages/airflow/example_dags/example_external_task_marker_dag.py
[2024-06-18T14:23:36.054+0545] {processor.py:840} INFO - DAG(s) 'example_external_task_marker_parent', 'example_external_task_marker_child' retrieved from /home/prabal/afenv/lib/python3.10/site-packages/airflow/example_dags/example_external_task_marker_dag.py
[2024-06-18T14:23:36.083+0545] {logging_mixin.py:188} INFO - [2024-06-18T14:23:36.083+0545] {dag.py:3096} INFO - Sync 2 DAGs
[2024-06-18T14:23:36.096+0545] {logging_mixin.py:188} INFO - [2024-06-18T14:23:36.095+0545] {dag.py:3954} INFO - Setting next_dagrun for example_external_task_marker_child to None, run_after=None
[2024-06-18T14:23:36.101+0545] {logging_mixin.py:188} INFO - [2024-06-18T14:23:36.101+0545] {dag.py:3954} INFO - Setting next_dagrun for example_external_task_marker_parent to None, run_after=None
[2024-06-18T14:23:36.136+0545] {processor.py:183} INFO - Processing /home/prabal/afenv/lib/python3.10/site-packages/airflow/example_dags/example_external_task_marker_dag.py took 0.127 seconds
[2024-06-18T17:15:53.512+0545] {processor.py:161} INFO - Started process (PID=4092) to work on /home/prabal/afenv/lib/python3.10/site-packages/airflow/example_dags/example_external_task_marker_dag.py
[2024-06-18T17:15:53.518+0545] {processor.py:830} INFO - Processing file /home/prabal/afenv/lib/python3.10/site-packages/airflow/example_dags/example_external_task_marker_dag.py for tasks to queue
[2024-06-18T17:15:53.522+0545] {logging_mixin.py:188} INFO - [2024-06-18T17:15:53.521+0545] {dagbag.py:545} INFO - Filling up the DagBag from /home/prabal/afenv/lib/python3.10/site-packages/airflow/example_dags/example_external_task_marker_dag.py
[2024-06-18T17:15:53.539+0545] {processor.py:840} INFO - DAG(s) 'example_external_task_marker_parent', 'example_external_task_marker_child' retrieved from /home/prabal/afenv/lib/python3.10/site-packages/airflow/example_dags/example_external_task_marker_dag.py
[2024-06-18T17:15:53.558+0545] {logging_mixin.py:188} INFO - [2024-06-18T17:15:53.558+0545] {dag.py:3096} INFO - Sync 2 DAGs
[2024-06-18T17:15:53.582+0545] {logging_mixin.py:188} INFO - [2024-06-18T17:15:53.582+0545] {dag.py:3954} INFO - Setting next_dagrun for example_external_task_marker_child to None, run_after=None
[2024-06-18T17:15:53.588+0545] {logging_mixin.py:188} INFO - [2024-06-18T17:15:53.588+0545] {dag.py:3954} INFO - Setting next_dagrun for example_external_task_marker_parent to None, run_after=None
[2024-06-18T17:15:53.621+0545] {processor.py:183} INFO - Processing /home/prabal/afenv/lib/python3.10/site-packages/airflow/example_dags/example_external_task_marker_dag.py took 0.132 seconds
[2024-06-18T17:17:37.059+0545] {processor.py:161} INFO - Started process (PID=4657) to work on /home/prabal/afenv/lib/python3.10/site-packages/airflow/example_dags/example_external_task_marker_dag.py
[2024-06-18T17:17:37.072+0545] {processor.py:830} INFO - Processing file /home/prabal/afenv/lib/python3.10/site-packages/airflow/example_dags/example_external_task_marker_dag.py for tasks to queue
[2024-06-18T17:17:37.074+0545] {logging_mixin.py:188} INFO - [2024-06-18T17:17:37.073+0545] {dagbag.py:545} INFO - Filling up the DagBag from /home/prabal/afenv/lib/python3.10/site-packages/airflow/example_dags/example_external_task_marker_dag.py
[2024-06-18T17:17:37.087+0545] {processor.py:840} INFO - DAG(s) 'example_external_task_marker_parent', 'example_external_task_marker_child' retrieved from /home/prabal/afenv/lib/python3.10/site-packages/airflow/example_dags/example_external_task_marker_dag.py
[2024-06-18T17:17:37.263+0545] {logging_mixin.py:188} INFO - [2024-06-18T17:17:37.263+0545] {dag.py:3096} INFO - Sync 2 DAGs
[2024-06-18T17:17:37.270+0545] {logging_mixin.py:188} INFO - [2024-06-18T17:17:37.270+0545] {dag.py:3954} INFO - Setting next_dagrun for example_external_task_marker_child to None, run_after=None
[2024-06-18T17:17:37.272+0545] {logging_mixin.py:188} INFO - [2024-06-18T17:17:37.272+0545] {dag.py:3954} INFO - Setting next_dagrun for example_external_task_marker_parent to None, run_after=None
[2024-06-18T17:17:37.306+0545] {processor.py:183} INFO - Processing /home/prabal/afenv/lib/python3.10/site-packages/airflow/example_dags/example_external_task_marker_dag.py took 0.260 seconds
[2024-06-18T17:18:37.389+0545] {processor.py:161} INFO - Started process (PID=5125) to work on /home/prabal/afenv/lib/python3.10/site-packages/airflow/example_dags/example_external_task_marker_dag.py
[2024-06-18T17:18:37.401+0545] {processor.py:830} INFO - Processing file /home/prabal/afenv/lib/python3.10/site-packages/airflow/example_dags/example_external_task_marker_dag.py for tasks to queue
[2024-06-18T17:18:37.403+0545] {logging_mixin.py:188} INFO - [2024-06-18T17:18:37.402+0545] {dagbag.py:545} INFO - Filling up the DagBag from /home/prabal/afenv/lib/python3.10/site-packages/airflow/example_dags/example_external_task_marker_dag.py
[2024-06-18T17:18:37.416+0545] {processor.py:840} INFO - DAG(s) 'example_external_task_marker_child', 'example_external_task_marker_parent' retrieved from /home/prabal/afenv/lib/python3.10/site-packages/airflow/example_dags/example_external_task_marker_dag.py
[2024-06-18T17:18:37.443+0545] {logging_mixin.py:188} INFO - [2024-06-18T17:18:37.443+0545] {dag.py:3096} INFO - Sync 2 DAGs
[2024-06-18T17:18:37.526+0545] {logging_mixin.py:188} INFO - [2024-06-18T17:18:37.526+0545] {dag.py:3954} INFO - Setting next_dagrun for example_external_task_marker_child to None, run_after=None
[2024-06-18T17:18:37.529+0545] {logging_mixin.py:188} INFO - [2024-06-18T17:18:37.529+0545] {dag.py:3954} INFO - Setting next_dagrun for example_external_task_marker_parent to None, run_after=None
[2024-06-18T17:18:37.555+0545] {processor.py:183} INFO - Processing /home/prabal/afenv/lib/python3.10/site-packages/airflow/example_dags/example_external_task_marker_dag.py took 0.178 seconds
[2024-06-18T17:19:36.678+0545] {processor.py:161} INFO - Started process (PID=5653) to work on /home/prabal/afenv/lib/python3.10/site-packages/airflow/example_dags/example_external_task_marker_dag.py
[2024-06-18T17:19:36.680+0545] {processor.py:830} INFO - Processing file /home/prabal/afenv/lib/python3.10/site-packages/airflow/example_dags/example_external_task_marker_dag.py for tasks to queue
[2024-06-18T17:19:36.682+0545] {logging_mixin.py:188} INFO - [2024-06-18T17:19:36.681+0545] {dagbag.py:545} INFO - Filling up the DagBag from /home/prabal/afenv/lib/python3.10/site-packages/airflow/example_dags/example_external_task_marker_dag.py
[2024-06-18T17:19:36.694+0545] {processor.py:840} INFO - DAG(s) 'example_external_task_marker_child', 'example_external_task_marker_parent' retrieved from /home/prabal/afenv/lib/python3.10/site-packages/airflow/example_dags/example_external_task_marker_dag.py
[2024-06-18T17:19:36.712+0545] {logging_mixin.py:188} INFO - [2024-06-18T17:19:36.712+0545] {dag.py:3096} INFO - Sync 2 DAGs
[2024-06-18T17:19:36.722+0545] {logging_mixin.py:188} INFO - [2024-06-18T17:19:36.722+0545] {dag.py:3954} INFO - Setting next_dagrun for example_external_task_marker_child to None, run_after=None
[2024-06-18T17:19:36.725+0545] {logging_mixin.py:188} INFO - [2024-06-18T17:19:36.725+0545] {dag.py:3954} INFO - Setting next_dagrun for example_external_task_marker_parent to None, run_after=None
[2024-06-18T17:19:36.742+0545] {processor.py:183} INFO - Processing /home/prabal/afenv/lib/python3.10/site-packages/airflow/example_dags/example_external_task_marker_dag.py took 0.077 seconds
[2024-06-18T17:20:29.662+0545] {processor.py:161} INFO - Started process (PID=6455) to work on /home/prabal/afenv/lib/python3.10/site-packages/airflow/example_dags/example_external_task_marker_dag.py
[2024-06-18T17:20:29.675+0545] {processor.py:830} INFO - Processing file /home/prabal/afenv/lib/python3.10/site-packages/airflow/example_dags/example_external_task_marker_dag.py for tasks to queue
[2024-06-18T17:20:29.677+0545] {logging_mixin.py:188} INFO - [2024-06-18T17:20:29.676+0545] {dagbag.py:545} INFO - Filling up the DagBag from /home/prabal/afenv/lib/python3.10/site-packages/airflow/example_dags/example_external_task_marker_dag.py
[2024-06-18T17:20:29.690+0545] {processor.py:840} INFO - DAG(s) 'example_external_task_marker_parent', 'example_external_task_marker_child' retrieved from /home/prabal/afenv/lib/python3.10/site-packages/airflow/example_dags/example_external_task_marker_dag.py
[2024-06-18T17:20:29.726+0545] {logging_mixin.py:188} INFO - [2024-06-18T17:20:29.725+0545] {dag.py:3096} INFO - Sync 2 DAGs
[2024-06-18T17:20:29.746+0545] {logging_mixin.py:188} INFO - [2024-06-18T17:20:29.746+0545] {dag.py:3954} INFO - Setting next_dagrun for example_external_task_marker_child to None, run_after=None
[2024-06-18T17:20:29.751+0545] {logging_mixin.py:188} INFO - [2024-06-18T17:20:29.750+0545] {dag.py:3954} INFO - Setting next_dagrun for example_external_task_marker_parent to None, run_after=None
[2024-06-18T17:20:29.777+0545] {processor.py:183} INFO - Processing /home/prabal/afenv/lib/python3.10/site-packages/airflow/example_dags/example_external_task_marker_dag.py took 0.128 seconds
[2024-06-18T17:22:03.694+0545] {processor.py:161} INFO - Started process (PID=7020) to work on /home/prabal/afenv/lib/python3.10/site-packages/airflow/example_dags/example_external_task_marker_dag.py
[2024-06-18T17:22:03.697+0545] {processor.py:830} INFO - Processing file /home/prabal/afenv/lib/python3.10/site-packages/airflow/example_dags/example_external_task_marker_dag.py for tasks to queue
[2024-06-18T17:22:03.700+0545] {logging_mixin.py:188} INFO - [2024-06-18T17:22:03.700+0545] {dagbag.py:545} INFO - Filling up the DagBag from /home/prabal/afenv/lib/python3.10/site-packages/airflow/example_dags/example_external_task_marker_dag.py
[2024-06-18T17:22:03.714+0545] {processor.py:840} INFO - DAG(s) 'example_external_task_marker_parent', 'example_external_task_marker_child' retrieved from /home/prabal/afenv/lib/python3.10/site-packages/airflow/example_dags/example_external_task_marker_dag.py
[2024-06-18T17:22:03.728+0545] {logging_mixin.py:188} INFO - [2024-06-18T17:22:03.728+0545] {dag.py:3096} INFO - Sync 2 DAGs
[2024-06-18T17:22:03.747+0545] {logging_mixin.py:188} INFO - [2024-06-18T17:22:03.746+0545] {dag.py:3954} INFO - Setting next_dagrun for example_external_task_marker_child to None, run_after=None
[2024-06-18T17:22:03.752+0545] {logging_mixin.py:188} INFO - [2024-06-18T17:22:03.752+0545] {dag.py:3954} INFO - Setting next_dagrun for example_external_task_marker_parent to None, run_after=None
[2024-06-18T17:22:03.780+0545] {processor.py:183} INFO - Processing /home/prabal/afenv/lib/python3.10/site-packages/airflow/example_dags/example_external_task_marker_dag.py took 0.100 seconds
[2024-06-18T17:23:11.522+0545] {processor.py:161} INFO - Started process (PID=7372) to work on /home/prabal/afenv/lib/python3.10/site-packages/airflow/example_dags/example_external_task_marker_dag.py
[2024-06-18T17:23:11.535+0545] {processor.py:830} INFO - Processing file /home/prabal/afenv/lib/python3.10/site-packages/airflow/example_dags/example_external_task_marker_dag.py for tasks to queue
[2024-06-18T17:23:11.538+0545] {logging_mixin.py:188} INFO - [2024-06-18T17:23:11.537+0545] {dagbag.py:545} INFO - Filling up the DagBag from /home/prabal/afenv/lib/python3.10/site-packages/airflow/example_dags/example_external_task_marker_dag.py
[2024-06-18T17:23:11.549+0545] {processor.py:840} INFO - DAG(s) 'example_external_task_marker_child', 'example_external_task_marker_parent' retrieved from /home/prabal/afenv/lib/python3.10/site-packages/airflow/example_dags/example_external_task_marker_dag.py
[2024-06-18T17:23:11.766+0545] {logging_mixin.py:188} INFO - [2024-06-18T17:23:11.766+0545] {dag.py:3096} INFO - Sync 2 DAGs
[2024-06-18T17:23:11.782+0545] {logging_mixin.py:188} INFO - [2024-06-18T17:23:11.782+0545] {dag.py:3954} INFO - Setting next_dagrun for example_external_task_marker_child to None, run_after=None
[2024-06-18T17:23:11.786+0545] {logging_mixin.py:188} INFO - [2024-06-18T17:23:11.786+0545] {dag.py:3954} INFO - Setting next_dagrun for example_external_task_marker_parent to None, run_after=None
[2024-06-18T17:23:11.828+0545] {processor.py:183} INFO - Processing /home/prabal/afenv/lib/python3.10/site-packages/airflow/example_dags/example_external_task_marker_dag.py took 0.316 seconds
