[2024-06-18T13:42:55.028+0545] {processor.py:161} INFO - Started process (PID=14307) to work on /home/prabal/afenv/lib/python3.10/site-packages/airflow/example_dags/example_trigger_target_dag.py
[2024-06-18T13:42:55.030+0545] {processor.py:830} INFO - Processing file /home/prabal/afenv/lib/python3.10/site-packages/airflow/example_dags/example_trigger_target_dag.py for tasks to queue
[2024-06-18T13:42:55.032+0545] {logging_mixin.py:188} INFO - [2024-06-18T13:42:55.032+0545] {dagbag.py:545} INFO - Filling up the DagBag from /home/prabal/afenv/lib/python3.10/site-packages/airflow/example_dags/example_trigger_target_dag.py
[2024-06-18T13:42:55.043+0545] {processor.py:840} INFO - DAG(s) 'example_trigger_target_dag' retrieved from /home/prabal/afenv/lib/python3.10/site-packages/airflow/example_dags/example_trigger_target_dag.py
[2024-06-18T13:42:55.170+0545] {logging_mixin.py:188} INFO - [2024-06-18T13:42:55.169+0545] {override.py:1829} INFO - Created Permission View: can read on DAG:example_trigger_target_dag
[2024-06-18T13:42:55.184+0545] {logging_mixin.py:188} INFO - [2024-06-18T13:42:55.183+0545] {override.py:1829} INFO - Created Permission View: can edit on DAG:example_trigger_target_dag
[2024-06-18T13:42:55.196+0545] {logging_mixin.py:188} INFO - [2024-06-18T13:42:55.195+0545] {override.py:1829} INFO - Created Permission View: can delete on DAG:example_trigger_target_dag
[2024-06-18T13:42:55.196+0545] {logging_mixin.py:188} INFO - [2024-06-18T13:42:55.196+0545] {dag.py:3096} INFO - Sync 1 DAGs
[2024-06-18T13:42:55.295+0545] {logging_mixin.py:188} INFO - [2024-06-18T13:42:55.295+0545] {dag.py:3118} INFO - Creating ORM DAG for example_trigger_target_dag
[2024-06-18T13:42:55.296+0545] {logging_mixin.py:188} INFO - [2024-06-18T13:42:55.295+0545] {dag.py:3954} INFO - Setting next_dagrun for example_trigger_target_dag to None, run_after=None
[2024-06-18T13:42:55.325+0545] {processor.py:183} INFO - Processing /home/prabal/afenv/lib/python3.10/site-packages/airflow/example_dags/example_trigger_target_dag.py took 0.307 seconds
[2024-06-18T13:43:51.922+0545] {processor.py:161} INFO - Started process (PID=14599) to work on /home/prabal/afenv/lib/python3.10/site-packages/airflow/example_dags/example_trigger_target_dag.py
[2024-06-18T13:43:51.935+0545] {processor.py:830} INFO - Processing file /home/prabal/afenv/lib/python3.10/site-packages/airflow/example_dags/example_trigger_target_dag.py for tasks to queue
[2024-06-18T13:43:51.939+0545] {logging_mixin.py:188} INFO - [2024-06-18T13:43:51.938+0545] {dagbag.py:545} INFO - Filling up the DagBag from /home/prabal/afenv/lib/python3.10/site-packages/airflow/example_dags/example_trigger_target_dag.py
[2024-06-18T13:43:51.951+0545] {processor.py:840} INFO - DAG(s) 'example_trigger_target_dag' retrieved from /home/prabal/afenv/lib/python3.10/site-packages/airflow/example_dags/example_trigger_target_dag.py
[2024-06-18T13:43:51.974+0545] {logging_mixin.py:188} INFO - [2024-06-18T13:43:51.974+0545] {dag.py:3096} INFO - Sync 1 DAGs
[2024-06-18T13:43:51.996+0545] {logging_mixin.py:188} INFO - [2024-06-18T13:43:51.996+0545] {dag.py:3954} INFO - Setting next_dagrun for example_trigger_target_dag to None, run_after=None
[2024-06-18T13:43:52.021+0545] {processor.py:183} INFO - Processing /home/prabal/afenv/lib/python3.10/site-packages/airflow/example_dags/example_trigger_target_dag.py took 0.108 seconds
[2024-06-18T13:44:56.505+0545] {processor.py:161} INFO - Started process (PID=14905) to work on /home/prabal/afenv/lib/python3.10/site-packages/airflow/example_dags/example_trigger_target_dag.py
[2024-06-18T13:44:56.508+0545] {processor.py:830} INFO - Processing file /home/prabal/afenv/lib/python3.10/site-packages/airflow/example_dags/example_trigger_target_dag.py for tasks to queue
[2024-06-18T13:44:56.513+0545] {logging_mixin.py:188} INFO - [2024-06-18T13:44:56.512+0545] {dagbag.py:545} INFO - Filling up the DagBag from /home/prabal/afenv/lib/python3.10/site-packages/airflow/example_dags/example_trigger_target_dag.py
[2024-06-18T13:44:56.525+0545] {processor.py:840} INFO - DAG(s) 'example_trigger_target_dag' retrieved from /home/prabal/afenv/lib/python3.10/site-packages/airflow/example_dags/example_trigger_target_dag.py
[2024-06-18T13:44:56.547+0545] {logging_mixin.py:188} INFO - [2024-06-18T13:44:56.546+0545] {dag.py:3096} INFO - Sync 1 DAGs
[2024-06-18T13:44:56.558+0545] {logging_mixin.py:188} INFO - [2024-06-18T13:44:56.558+0545] {dag.py:3954} INFO - Setting next_dagrun for example_trigger_target_dag to None, run_after=None
[2024-06-18T13:44:56.584+0545] {processor.py:183} INFO - Processing /home/prabal/afenv/lib/python3.10/site-packages/airflow/example_dags/example_trigger_target_dag.py took 0.093 seconds
[2024-06-18T13:45:51.683+0545] {processor.py:161} INFO - Started process (PID=15170) to work on /home/prabal/afenv/lib/python3.10/site-packages/airflow/example_dags/example_trigger_target_dag.py
[2024-06-18T13:45:51.684+0545] {processor.py:830} INFO - Processing file /home/prabal/afenv/lib/python3.10/site-packages/airflow/example_dags/example_trigger_target_dag.py for tasks to queue
[2024-06-18T13:45:51.686+0545] {logging_mixin.py:188} INFO - [2024-06-18T13:45:51.685+0545] {dagbag.py:545} INFO - Filling up the DagBag from /home/prabal/afenv/lib/python3.10/site-packages/airflow/example_dags/example_trigger_target_dag.py
[2024-06-18T13:45:51.691+0545] {processor.py:840} INFO - DAG(s) 'example_trigger_target_dag' retrieved from /home/prabal/afenv/lib/python3.10/site-packages/airflow/example_dags/example_trigger_target_dag.py
[2024-06-18T13:45:51.704+0545] {logging_mixin.py:188} INFO - [2024-06-18T13:45:51.704+0545] {dag.py:3096} INFO - Sync 1 DAGs
[2024-06-18T13:45:51.713+0545] {logging_mixin.py:188} INFO - [2024-06-18T13:45:51.713+0545] {dag.py:3954} INFO - Setting next_dagrun for example_trigger_target_dag to None, run_after=None
[2024-06-18T13:45:51.731+0545] {processor.py:183} INFO - Processing /home/prabal/afenv/lib/python3.10/site-packages/airflow/example_dags/example_trigger_target_dag.py took 0.058 seconds
[2024-06-18T13:46:47.200+0545] {processor.py:161} INFO - Started process (PID=15439) to work on /home/prabal/afenv/lib/python3.10/site-packages/airflow/example_dags/example_trigger_target_dag.py
[2024-06-18T13:46:47.213+0545] {processor.py:830} INFO - Processing file /home/prabal/afenv/lib/python3.10/site-packages/airflow/example_dags/example_trigger_target_dag.py for tasks to queue
[2024-06-18T13:46:47.217+0545] {logging_mixin.py:188} INFO - [2024-06-18T13:46:47.216+0545] {dagbag.py:545} INFO - Filling up the DagBag from /home/prabal/afenv/lib/python3.10/site-packages/airflow/example_dags/example_trigger_target_dag.py
[2024-06-18T13:46:47.230+0545] {processor.py:840} INFO - DAG(s) 'example_trigger_target_dag' retrieved from /home/prabal/afenv/lib/python3.10/site-packages/airflow/example_dags/example_trigger_target_dag.py
[2024-06-18T13:46:47.249+0545] {logging_mixin.py:188} INFO - [2024-06-18T13:46:47.249+0545] {dag.py:3096} INFO - Sync 1 DAGs
[2024-06-18T13:46:47.259+0545] {logging_mixin.py:188} INFO - [2024-06-18T13:46:47.259+0545] {dag.py:3954} INFO - Setting next_dagrun for example_trigger_target_dag to None, run_after=None
[2024-06-18T13:46:47.281+0545] {processor.py:183} INFO - Processing /home/prabal/afenv/lib/python3.10/site-packages/airflow/example_dags/example_trigger_target_dag.py took 0.095 seconds
[2024-06-18T13:47:38.102+0545] {processor.py:161} INFO - Started process (PID=15687) to work on /home/prabal/afenv/lib/python3.10/site-packages/airflow/example_dags/example_trigger_target_dag.py
[2024-06-18T13:47:38.115+0545] {processor.py:830} INFO - Processing file /home/prabal/afenv/lib/python3.10/site-packages/airflow/example_dags/example_trigger_target_dag.py for tasks to queue
[2024-06-18T13:47:38.118+0545] {logging_mixin.py:188} INFO - [2024-06-18T13:47:38.117+0545] {dagbag.py:545} INFO - Filling up the DagBag from /home/prabal/afenv/lib/python3.10/site-packages/airflow/example_dags/example_trigger_target_dag.py
[2024-06-18T13:47:38.131+0545] {processor.py:840} INFO - DAG(s) 'example_trigger_target_dag' retrieved from /home/prabal/afenv/lib/python3.10/site-packages/airflow/example_dags/example_trigger_target_dag.py
[2024-06-18T13:47:38.145+0545] {logging_mixin.py:188} INFO - [2024-06-18T13:47:38.145+0545] {dag.py:3096} INFO - Sync 1 DAGs
[2024-06-18T13:47:38.166+0545] {logging_mixin.py:188} INFO - [2024-06-18T13:47:38.166+0545] {dag.py:3954} INFO - Setting next_dagrun for example_trigger_target_dag to None, run_after=None
[2024-06-18T13:47:38.203+0545] {processor.py:183} INFO - Processing /home/prabal/afenv/lib/python3.10/site-packages/airflow/example_dags/example_trigger_target_dag.py took 0.110 seconds
[2024-06-18T13:49:31.785+0545] {processor.py:161} INFO - Started process (PID=16254) to work on /home/prabal/afenv/lib/python3.10/site-packages/airflow/example_dags/example_trigger_target_dag.py
[2024-06-18T13:49:31.798+0545] {processor.py:830} INFO - Processing file /home/prabal/afenv/lib/python3.10/site-packages/airflow/example_dags/example_trigger_target_dag.py for tasks to queue
[2024-06-18T13:49:31.802+0545] {logging_mixin.py:188} INFO - [2024-06-18T13:49:31.801+0545] {dagbag.py:545} INFO - Filling up the DagBag from /home/prabal/afenv/lib/python3.10/site-packages/airflow/example_dags/example_trigger_target_dag.py
[2024-06-18T13:49:31.815+0545] {processor.py:840} INFO - DAG(s) 'example_trigger_target_dag' retrieved from /home/prabal/afenv/lib/python3.10/site-packages/airflow/example_dags/example_trigger_target_dag.py
[2024-06-18T13:49:31.831+0545] {logging_mixin.py:188} INFO - [2024-06-18T13:49:31.831+0545] {dag.py:3096} INFO - Sync 1 DAGs
[2024-06-18T13:49:31.841+0545] {logging_mixin.py:188} INFO - [2024-06-18T13:49:31.841+0545] {dag.py:3954} INFO - Setting next_dagrun for example_trigger_target_dag to None, run_after=None
[2024-06-18T13:49:31.861+0545] {processor.py:183} INFO - Processing /home/prabal/afenv/lib/python3.10/site-packages/airflow/example_dags/example_trigger_target_dag.py took 0.091 seconds
[2024-06-18T13:51:21.070+0545] {processor.py:161} INFO - Started process (PID=16787) to work on /home/prabal/afenv/lib/python3.10/site-packages/airflow/example_dags/example_trigger_target_dag.py
[2024-06-18T13:51:21.083+0545] {processor.py:830} INFO - Processing file /home/prabal/afenv/lib/python3.10/site-packages/airflow/example_dags/example_trigger_target_dag.py for tasks to queue
[2024-06-18T13:51:21.087+0545] {logging_mixin.py:188} INFO - [2024-06-18T13:51:21.086+0545] {dagbag.py:545} INFO - Filling up the DagBag from /home/prabal/afenv/lib/python3.10/site-packages/airflow/example_dags/example_trigger_target_dag.py
[2024-06-18T13:51:21.099+0545] {processor.py:840} INFO - DAG(s) 'example_trigger_target_dag' retrieved from /home/prabal/afenv/lib/python3.10/site-packages/airflow/example_dags/example_trigger_target_dag.py
[2024-06-18T13:51:21.118+0545] {logging_mixin.py:188} INFO - [2024-06-18T13:51:21.118+0545] {dag.py:3096} INFO - Sync 1 DAGs
[2024-06-18T13:51:21.129+0545] {logging_mixin.py:188} INFO - [2024-06-18T13:51:21.129+0545] {dag.py:3954} INFO - Setting next_dagrun for example_trigger_target_dag to None, run_after=None
[2024-06-18T13:51:21.152+0545] {processor.py:183} INFO - Processing /home/prabal/afenv/lib/python3.10/site-packages/airflow/example_dags/example_trigger_target_dag.py took 0.092 seconds
[2024-06-18T13:52:35.782+0545] {processor.py:161} INFO - Started process (PID=17199) to work on /home/prabal/afenv/lib/python3.10/site-packages/airflow/example_dags/example_trigger_target_dag.py
[2024-06-18T13:52:35.795+0545] {processor.py:830} INFO - Processing file /home/prabal/afenv/lib/python3.10/site-packages/airflow/example_dags/example_trigger_target_dag.py for tasks to queue
[2024-06-18T13:52:35.801+0545] {logging_mixin.py:188} INFO - [2024-06-18T13:52:35.800+0545] {dagbag.py:545} INFO - Filling up the DagBag from /home/prabal/afenv/lib/python3.10/site-packages/airflow/example_dags/example_trigger_target_dag.py
[2024-06-18T13:52:35.819+0545] {processor.py:840} INFO - DAG(s) 'example_trigger_target_dag' retrieved from /home/prabal/afenv/lib/python3.10/site-packages/airflow/example_dags/example_trigger_target_dag.py
[2024-06-18T13:52:35.855+0545] {logging_mixin.py:188} INFO - [2024-06-18T13:52:35.854+0545] {dag.py:3096} INFO - Sync 1 DAGs
[2024-06-18T13:52:35.887+0545] {logging_mixin.py:188} INFO - [2024-06-18T13:52:35.886+0545] {dag.py:3954} INFO - Setting next_dagrun for example_trigger_target_dag to None, run_after=None
[2024-06-18T13:52:35.946+0545] {processor.py:183} INFO - Processing /home/prabal/afenv/lib/python3.10/site-packages/airflow/example_dags/example_trigger_target_dag.py took 0.183 seconds
[2024-06-18T13:53:54.005+0545] {processor.py:161} INFO - Started process (PID=17601) to work on /home/prabal/afenv/lib/python3.10/site-packages/airflow/example_dags/example_trigger_target_dag.py
[2024-06-18T13:53:54.018+0545] {processor.py:830} INFO - Processing file /home/prabal/afenv/lib/python3.10/site-packages/airflow/example_dags/example_trigger_target_dag.py for tasks to queue
[2024-06-18T13:53:54.022+0545] {logging_mixin.py:188} INFO - [2024-06-18T13:53:54.021+0545] {dagbag.py:545} INFO - Filling up the DagBag from /home/prabal/afenv/lib/python3.10/site-packages/airflow/example_dags/example_trigger_target_dag.py
[2024-06-18T13:53:54.036+0545] {processor.py:840} INFO - DAG(s) 'example_trigger_target_dag' retrieved from /home/prabal/afenv/lib/python3.10/site-packages/airflow/example_dags/example_trigger_target_dag.py
[2024-06-18T13:53:54.059+0545] {logging_mixin.py:188} INFO - [2024-06-18T13:53:54.059+0545] {dag.py:3096} INFO - Sync 1 DAGs
[2024-06-18T13:53:54.079+0545] {logging_mixin.py:188} INFO - [2024-06-18T13:53:54.079+0545] {dag.py:3954} INFO - Setting next_dagrun for example_trigger_target_dag to None, run_after=None
[2024-06-18T13:53:54.101+0545] {processor.py:183} INFO - Processing /home/prabal/afenv/lib/python3.10/site-packages/airflow/example_dags/example_trigger_target_dag.py took 0.111 seconds
[2024-06-18T13:55:15.982+0545] {processor.py:161} INFO - Started process (PID=18021) to work on /home/prabal/afenv/lib/python3.10/site-packages/airflow/example_dags/example_trigger_target_dag.py
[2024-06-18T13:55:15.995+0545] {processor.py:830} INFO - Processing file /home/prabal/afenv/lib/python3.10/site-packages/airflow/example_dags/example_trigger_target_dag.py for tasks to queue
[2024-06-18T13:55:15.999+0545] {logging_mixin.py:188} INFO - [2024-06-18T13:55:15.998+0545] {dagbag.py:545} INFO - Filling up the DagBag from /home/prabal/afenv/lib/python3.10/site-packages/airflow/example_dags/example_trigger_target_dag.py
[2024-06-18T13:55:16.013+0545] {processor.py:840} INFO - DAG(s) 'example_trigger_target_dag' retrieved from /home/prabal/afenv/lib/python3.10/site-packages/airflow/example_dags/example_trigger_target_dag.py
[2024-06-18T13:55:16.032+0545] {logging_mixin.py:188} INFO - [2024-06-18T13:55:16.032+0545] {dag.py:3096} INFO - Sync 1 DAGs
[2024-06-18T13:55:16.051+0545] {logging_mixin.py:188} INFO - [2024-06-18T13:55:16.050+0545] {dag.py:3954} INFO - Setting next_dagrun for example_trigger_target_dag to None, run_after=None
[2024-06-18T13:55:16.089+0545] {processor.py:183} INFO - Processing /home/prabal/afenv/lib/python3.10/site-packages/airflow/example_dags/example_trigger_target_dag.py took 0.122 seconds
[2024-06-18T13:56:16.885+0545] {processor.py:161} INFO - Started process (PID=18314) to work on /home/prabal/afenv/lib/python3.10/site-packages/airflow/example_dags/example_trigger_target_dag.py
[2024-06-18T13:56:16.898+0545] {processor.py:830} INFO - Processing file /home/prabal/afenv/lib/python3.10/site-packages/airflow/example_dags/example_trigger_target_dag.py for tasks to queue
[2024-06-18T13:56:16.902+0545] {logging_mixin.py:188} INFO - [2024-06-18T13:56:16.901+0545] {dagbag.py:545} INFO - Filling up the DagBag from /home/prabal/afenv/lib/python3.10/site-packages/airflow/example_dags/example_trigger_target_dag.py
[2024-06-18T13:56:16.916+0545] {processor.py:840} INFO - DAG(s) 'example_trigger_target_dag' retrieved from /home/prabal/afenv/lib/python3.10/site-packages/airflow/example_dags/example_trigger_target_dag.py
[2024-06-18T13:56:16.944+0545] {logging_mixin.py:188} INFO - [2024-06-18T13:56:16.944+0545] {dag.py:3096} INFO - Sync 1 DAGs
[2024-06-18T13:56:16.956+0545] {logging_mixin.py:188} INFO - [2024-06-18T13:56:16.956+0545] {dag.py:3954} INFO - Setting next_dagrun for example_trigger_target_dag to None, run_after=None
[2024-06-18T13:56:16.974+0545] {processor.py:183} INFO - Processing /home/prabal/afenv/lib/python3.10/site-packages/airflow/example_dags/example_trigger_target_dag.py took 0.104 seconds
[2024-06-18T13:57:31.442+0545] {processor.py:161} INFO - Started process (PID=18677) to work on /home/prabal/afenv/lib/python3.10/site-packages/airflow/example_dags/example_trigger_target_dag.py
[2024-06-18T13:57:31.444+0545] {processor.py:830} INFO - Processing file /home/prabal/afenv/lib/python3.10/site-packages/airflow/example_dags/example_trigger_target_dag.py for tasks to queue
[2024-06-18T13:57:31.446+0545] {logging_mixin.py:188} INFO - [2024-06-18T13:57:31.445+0545] {dagbag.py:545} INFO - Filling up the DagBag from /home/prabal/afenv/lib/python3.10/site-packages/airflow/example_dags/example_trigger_target_dag.py
[2024-06-18T13:57:31.454+0545] {processor.py:840} INFO - DAG(s) 'example_trigger_target_dag' retrieved from /home/prabal/afenv/lib/python3.10/site-packages/airflow/example_dags/example_trigger_target_dag.py
[2024-06-18T13:57:31.472+0545] {logging_mixin.py:188} INFO - [2024-06-18T13:57:31.472+0545] {dag.py:3096} INFO - Sync 1 DAGs
[2024-06-18T13:57:31.485+0545] {logging_mixin.py:188} INFO - [2024-06-18T13:57:31.485+0545] {dag.py:3954} INFO - Setting next_dagrun for example_trigger_target_dag to None, run_after=None
[2024-06-18T13:57:31.509+0545] {processor.py:183} INFO - Processing /home/prabal/afenv/lib/python3.10/site-packages/airflow/example_dags/example_trigger_target_dag.py took 0.077 seconds
[2024-06-18T14:05:48.349+0545] {processor.py:161} INFO - Started process (PID=20886) to work on /home/prabal/afenv/lib/python3.10/site-packages/airflow/example_dags/example_trigger_target_dag.py
[2024-06-18T14:05:48.362+0545] {processor.py:830} INFO - Processing file /home/prabal/afenv/lib/python3.10/site-packages/airflow/example_dags/example_trigger_target_dag.py for tasks to queue
[2024-06-18T14:05:48.365+0545] {logging_mixin.py:188} INFO - [2024-06-18T14:05:48.364+0545] {dagbag.py:545} INFO - Filling up the DagBag from /home/prabal/afenv/lib/python3.10/site-packages/airflow/example_dags/example_trigger_target_dag.py
[2024-06-18T14:05:48.378+0545] {processor.py:840} INFO - DAG(s) 'example_trigger_target_dag' retrieved from /home/prabal/afenv/lib/python3.10/site-packages/airflow/example_dags/example_trigger_target_dag.py
[2024-06-18T14:05:48.403+0545] {logging_mixin.py:188} INFO - [2024-06-18T14:05:48.403+0545] {dag.py:3096} INFO - Sync 1 DAGs
[2024-06-18T14:05:48.414+0545] {logging_mixin.py:188} INFO - [2024-06-18T14:05:48.414+0545] {dag.py:3954} INFO - Setting next_dagrun for example_trigger_target_dag to None, run_after=None
[2024-06-18T14:05:48.433+0545] {processor.py:183} INFO - Processing /home/prabal/afenv/lib/python3.10/site-packages/airflow/example_dags/example_trigger_target_dag.py took 0.089 seconds
[2024-06-18T14:06:47.145+0545] {processor.py:161} INFO - Started process (PID=21166) to work on /home/prabal/afenv/lib/python3.10/site-packages/airflow/example_dags/example_trigger_target_dag.py
[2024-06-18T14:06:47.158+0545] {processor.py:830} INFO - Processing file /home/prabal/afenv/lib/python3.10/site-packages/airflow/example_dags/example_trigger_target_dag.py for tasks to queue
[2024-06-18T14:06:47.160+0545] {logging_mixin.py:188} INFO - [2024-06-18T14:06:47.160+0545] {dagbag.py:545} INFO - Filling up the DagBag from /home/prabal/afenv/lib/python3.10/site-packages/airflow/example_dags/example_trigger_target_dag.py
[2024-06-18T14:06:47.167+0545] {processor.py:840} INFO - DAG(s) 'example_trigger_target_dag' retrieved from /home/prabal/afenv/lib/python3.10/site-packages/airflow/example_dags/example_trigger_target_dag.py
[2024-06-18T14:06:47.184+0545] {logging_mixin.py:188} INFO - [2024-06-18T14:06:47.184+0545] {dag.py:3096} INFO - Sync 1 DAGs
[2024-06-18T14:06:47.198+0545] {logging_mixin.py:188} INFO - [2024-06-18T14:06:47.197+0545] {dag.py:3954} INFO - Setting next_dagrun for example_trigger_target_dag to None, run_after=None
[2024-06-18T14:06:47.219+0545] {processor.py:183} INFO - Processing /home/prabal/afenv/lib/python3.10/site-packages/airflow/example_dags/example_trigger_target_dag.py took 0.084 seconds
[2024-06-18T14:07:45.015+0545] {processor.py:161} INFO - Started process (PID=21455) to work on /home/prabal/afenv/lib/python3.10/site-packages/airflow/example_dags/example_trigger_target_dag.py
[2024-06-18T14:07:45.027+0545] {processor.py:830} INFO - Processing file /home/prabal/afenv/lib/python3.10/site-packages/airflow/example_dags/example_trigger_target_dag.py for tasks to queue
[2024-06-18T14:07:45.030+0545] {logging_mixin.py:188} INFO - [2024-06-18T14:07:45.030+0545] {dagbag.py:545} INFO - Filling up the DagBag from /home/prabal/afenv/lib/python3.10/site-packages/airflow/example_dags/example_trigger_target_dag.py
[2024-06-18T14:07:45.045+0545] {processor.py:840} INFO - DAG(s) 'example_trigger_target_dag' retrieved from /home/prabal/afenv/lib/python3.10/site-packages/airflow/example_dags/example_trigger_target_dag.py
[2024-06-18T14:07:45.064+0545] {logging_mixin.py:188} INFO - [2024-06-18T14:07:45.064+0545] {dag.py:3096} INFO - Sync 1 DAGs
[2024-06-18T14:07:45.076+0545] {logging_mixin.py:188} INFO - [2024-06-18T14:07:45.076+0545] {dag.py:3954} INFO - Setting next_dagrun for example_trigger_target_dag to None, run_after=None
[2024-06-18T14:07:45.094+0545] {processor.py:183} INFO - Processing /home/prabal/afenv/lib/python3.10/site-packages/airflow/example_dags/example_trigger_target_dag.py took 0.088 seconds
[2024-06-18T14:08:41.048+0545] {processor.py:161} INFO - Started process (PID=21722) to work on /home/prabal/afenv/lib/python3.10/site-packages/airflow/example_dags/example_trigger_target_dag.py
[2024-06-18T14:08:41.061+0545] {processor.py:830} INFO - Processing file /home/prabal/afenv/lib/python3.10/site-packages/airflow/example_dags/example_trigger_target_dag.py for tasks to queue
[2024-06-18T14:08:41.066+0545] {logging_mixin.py:188} INFO - [2024-06-18T14:08:41.064+0545] {dagbag.py:545} INFO - Filling up the DagBag from /home/prabal/afenv/lib/python3.10/site-packages/airflow/example_dags/example_trigger_target_dag.py
[2024-06-18T14:08:41.081+0545] {processor.py:840} INFO - DAG(s) 'example_trigger_target_dag' retrieved from /home/prabal/afenv/lib/python3.10/site-packages/airflow/example_dags/example_trigger_target_dag.py
[2024-06-18T14:08:41.107+0545] {logging_mixin.py:188} INFO - [2024-06-18T14:08:41.107+0545] {dag.py:3096} INFO - Sync 1 DAGs
[2024-06-18T14:08:41.123+0545] {logging_mixin.py:188} INFO - [2024-06-18T14:08:41.123+0545] {dag.py:3954} INFO - Setting next_dagrun for example_trigger_target_dag to None, run_after=None
[2024-06-18T14:08:41.144+0545] {processor.py:183} INFO - Processing /home/prabal/afenv/lib/python3.10/site-packages/airflow/example_dags/example_trigger_target_dag.py took 0.108 seconds
[2024-06-18T14:09:35.927+0545] {processor.py:161} INFO - Started process (PID=21988) to work on /home/prabal/afenv/lib/python3.10/site-packages/airflow/example_dags/example_trigger_target_dag.py
[2024-06-18T14:09:35.940+0545] {processor.py:830} INFO - Processing file /home/prabal/afenv/lib/python3.10/site-packages/airflow/example_dags/example_trigger_target_dag.py for tasks to queue
[2024-06-18T14:09:35.944+0545] {logging_mixin.py:188} INFO - [2024-06-18T14:09:35.943+0545] {dagbag.py:545} INFO - Filling up the DagBag from /home/prabal/afenv/lib/python3.10/site-packages/airflow/example_dags/example_trigger_target_dag.py
[2024-06-18T14:09:35.959+0545] {processor.py:840} INFO - DAG(s) 'example_trigger_target_dag' retrieved from /home/prabal/afenv/lib/python3.10/site-packages/airflow/example_dags/example_trigger_target_dag.py
[2024-06-18T14:09:35.992+0545] {logging_mixin.py:188} INFO - [2024-06-18T14:09:35.992+0545] {dag.py:3096} INFO - Sync 1 DAGs
[2024-06-18T14:09:36.013+0545] {logging_mixin.py:188} INFO - [2024-06-18T14:09:36.012+0545] {dag.py:3954} INFO - Setting next_dagrun for example_trigger_target_dag to None, run_after=None
[2024-06-18T14:09:36.032+0545] {processor.py:183} INFO - Processing /home/prabal/afenv/lib/python3.10/site-packages/airflow/example_dags/example_trigger_target_dag.py took 0.120 seconds
[2024-06-18T14:10:31.630+0545] {processor.py:161} INFO - Started process (PID=22254) to work on /home/prabal/afenv/lib/python3.10/site-packages/airflow/example_dags/example_trigger_target_dag.py
[2024-06-18T14:10:31.644+0545] {processor.py:830} INFO - Processing file /home/prabal/afenv/lib/python3.10/site-packages/airflow/example_dags/example_trigger_target_dag.py for tasks to queue
[2024-06-18T14:10:31.648+0545] {logging_mixin.py:188} INFO - [2024-06-18T14:10:31.647+0545] {dagbag.py:545} INFO - Filling up the DagBag from /home/prabal/afenv/lib/python3.10/site-packages/airflow/example_dags/example_trigger_target_dag.py
[2024-06-18T14:10:31.665+0545] {processor.py:840} INFO - DAG(s) 'example_trigger_target_dag' retrieved from /home/prabal/afenv/lib/python3.10/site-packages/airflow/example_dags/example_trigger_target_dag.py
[2024-06-18T14:10:31.692+0545] {logging_mixin.py:188} INFO - [2024-06-18T14:10:31.692+0545] {dag.py:3096} INFO - Sync 1 DAGs
[2024-06-18T14:10:31.710+0545] {logging_mixin.py:188} INFO - [2024-06-18T14:10:31.710+0545] {dag.py:3954} INFO - Setting next_dagrun for example_trigger_target_dag to None, run_after=None
[2024-06-18T14:10:31.751+0545] {processor.py:183} INFO - Processing /home/prabal/afenv/lib/python3.10/site-packages/airflow/example_dags/example_trigger_target_dag.py took 0.136 seconds
[2024-06-18T14:11:23.492+0545] {processor.py:161} INFO - Started process (PID=22504) to work on /home/prabal/afenv/lib/python3.10/site-packages/airflow/example_dags/example_trigger_target_dag.py
[2024-06-18T14:11:23.494+0545] {processor.py:830} INFO - Processing file /home/prabal/afenv/lib/python3.10/site-packages/airflow/example_dags/example_trigger_target_dag.py for tasks to queue
[2024-06-18T14:11:23.498+0545] {logging_mixin.py:188} INFO - [2024-06-18T14:11:23.497+0545] {dagbag.py:545} INFO - Filling up the DagBag from /home/prabal/afenv/lib/python3.10/site-packages/airflow/example_dags/example_trigger_target_dag.py
[2024-06-18T14:11:23.511+0545] {processor.py:840} INFO - DAG(s) 'example_trigger_target_dag' retrieved from /home/prabal/afenv/lib/python3.10/site-packages/airflow/example_dags/example_trigger_target_dag.py
[2024-06-18T14:11:23.541+0545] {logging_mixin.py:188} INFO - [2024-06-18T14:11:23.540+0545] {dag.py:3096} INFO - Sync 1 DAGs
[2024-06-18T14:11:23.555+0545] {logging_mixin.py:188} INFO - [2024-06-18T14:11:23.554+0545] {dag.py:3954} INFO - Setting next_dagrun for example_trigger_target_dag to None, run_after=None
[2024-06-18T14:11:23.587+0545] {processor.py:183} INFO - Processing /home/prabal/afenv/lib/python3.10/site-packages/airflow/example_dags/example_trigger_target_dag.py took 0.111 seconds
[2024-06-18T14:12:17.267+0545] {processor.py:161} INFO - Started process (PID=22764) to work on /home/prabal/afenv/lib/python3.10/site-packages/airflow/example_dags/example_trigger_target_dag.py
[2024-06-18T14:12:17.281+0545] {processor.py:830} INFO - Processing file /home/prabal/afenv/lib/python3.10/site-packages/airflow/example_dags/example_trigger_target_dag.py for tasks to queue
[2024-06-18T14:12:17.284+0545] {logging_mixin.py:188} INFO - [2024-06-18T14:12:17.283+0545] {dagbag.py:545} INFO - Filling up the DagBag from /home/prabal/afenv/lib/python3.10/site-packages/airflow/example_dags/example_trigger_target_dag.py
[2024-06-18T14:12:17.298+0545] {processor.py:840} INFO - DAG(s) 'example_trigger_target_dag' retrieved from /home/prabal/afenv/lib/python3.10/site-packages/airflow/example_dags/example_trigger_target_dag.py
[2024-06-18T14:12:17.321+0545] {logging_mixin.py:188} INFO - [2024-06-18T14:12:17.321+0545] {dag.py:3096} INFO - Sync 1 DAGs
[2024-06-18T14:12:17.345+0545] {logging_mixin.py:188} INFO - [2024-06-18T14:12:17.344+0545] {dag.py:3954} INFO - Setting next_dagrun for example_trigger_target_dag to None, run_after=None
[2024-06-18T14:12:17.383+0545] {processor.py:183} INFO - Processing /home/prabal/afenv/lib/python3.10/site-packages/airflow/example_dags/example_trigger_target_dag.py took 0.130 seconds
[2024-06-18T14:13:33.058+0545] {processor.py:161} INFO - Started process (PID=23129) to work on /home/prabal/afenv/lib/python3.10/site-packages/airflow/example_dags/example_trigger_target_dag.py
[2024-06-18T14:13:33.070+0545] {processor.py:830} INFO - Processing file /home/prabal/afenv/lib/python3.10/site-packages/airflow/example_dags/example_trigger_target_dag.py for tasks to queue
[2024-06-18T14:13:33.074+0545] {logging_mixin.py:188} INFO - [2024-06-18T14:13:33.073+0545] {dagbag.py:545} INFO - Filling up the DagBag from /home/prabal/afenv/lib/python3.10/site-packages/airflow/example_dags/example_trigger_target_dag.py
[2024-06-18T14:13:33.088+0545] {processor.py:840} INFO - DAG(s) 'example_trigger_target_dag' retrieved from /home/prabal/afenv/lib/python3.10/site-packages/airflow/example_dags/example_trigger_target_dag.py
[2024-06-18T14:13:33.114+0545] {logging_mixin.py:188} INFO - [2024-06-18T14:13:33.114+0545] {dag.py:3096} INFO - Sync 1 DAGs
[2024-06-18T14:13:33.124+0545] {logging_mixin.py:188} INFO - [2024-06-18T14:13:33.124+0545] {dag.py:3954} INFO - Setting next_dagrun for example_trigger_target_dag to None, run_after=None
[2024-06-18T14:13:33.155+0545] {processor.py:183} INFO - Processing /home/prabal/afenv/lib/python3.10/site-packages/airflow/example_dags/example_trigger_target_dag.py took 0.111 seconds
[2024-06-18T14:14:25.789+0545] {processor.py:161} INFO - Started process (PID=23384) to work on /home/prabal/afenv/lib/python3.10/site-packages/airflow/example_dags/example_trigger_target_dag.py
[2024-06-18T14:14:25.801+0545] {processor.py:830} INFO - Processing file /home/prabal/afenv/lib/python3.10/site-packages/airflow/example_dags/example_trigger_target_dag.py for tasks to queue
[2024-06-18T14:14:25.804+0545] {logging_mixin.py:188} INFO - [2024-06-18T14:14:25.803+0545] {dagbag.py:545} INFO - Filling up the DagBag from /home/prabal/afenv/lib/python3.10/site-packages/airflow/example_dags/example_trigger_target_dag.py
[2024-06-18T14:14:25.817+0545] {processor.py:840} INFO - DAG(s) 'example_trigger_target_dag' retrieved from /home/prabal/afenv/lib/python3.10/site-packages/airflow/example_dags/example_trigger_target_dag.py
[2024-06-18T14:14:25.835+0545] {logging_mixin.py:188} INFO - [2024-06-18T14:14:25.834+0545] {dag.py:3096} INFO - Sync 1 DAGs
[2024-06-18T14:14:25.846+0545] {logging_mixin.py:188} INFO - [2024-06-18T14:14:25.846+0545] {dag.py:3954} INFO - Setting next_dagrun for example_trigger_target_dag to None, run_after=None
[2024-06-18T14:14:25.865+0545] {processor.py:183} INFO - Processing /home/prabal/afenv/lib/python3.10/site-packages/airflow/example_dags/example_trigger_target_dag.py took 0.089 seconds
[2024-06-18T14:15:56.359+0545] {processor.py:161} INFO - Started process (PID=23845) to work on /home/prabal/afenv/lib/python3.10/site-packages/airflow/example_dags/example_trigger_target_dag.py
[2024-06-18T14:15:56.372+0545] {processor.py:830} INFO - Processing file /home/prabal/afenv/lib/python3.10/site-packages/airflow/example_dags/example_trigger_target_dag.py for tasks to queue
[2024-06-18T14:15:56.376+0545] {logging_mixin.py:188} INFO - [2024-06-18T14:15:56.375+0545] {dagbag.py:545} INFO - Filling up the DagBag from /home/prabal/afenv/lib/python3.10/site-packages/airflow/example_dags/example_trigger_target_dag.py
[2024-06-18T14:15:56.388+0545] {processor.py:840} INFO - DAG(s) 'example_trigger_target_dag' retrieved from /home/prabal/afenv/lib/python3.10/site-packages/airflow/example_dags/example_trigger_target_dag.py
[2024-06-18T14:15:56.404+0545] {logging_mixin.py:188} INFO - [2024-06-18T14:15:56.404+0545] {dag.py:3096} INFO - Sync 1 DAGs
[2024-06-18T14:15:56.416+0545] {logging_mixin.py:188} INFO - [2024-06-18T14:15:56.415+0545] {dag.py:3954} INFO - Setting next_dagrun for example_trigger_target_dag to None, run_after=None
[2024-06-18T14:15:56.449+0545] {processor.py:183} INFO - Processing /home/prabal/afenv/lib/python3.10/site-packages/airflow/example_dags/example_trigger_target_dag.py took 0.103 seconds
[2024-06-18T14:16:54.879+0545] {processor.py:161} INFO - Started process (PID=24123) to work on /home/prabal/afenv/lib/python3.10/site-packages/airflow/example_dags/example_trigger_target_dag.py
[2024-06-18T14:16:54.892+0545] {processor.py:830} INFO - Processing file /home/prabal/afenv/lib/python3.10/site-packages/airflow/example_dags/example_trigger_target_dag.py for tasks to queue
[2024-06-18T14:16:54.896+0545] {logging_mixin.py:188} INFO - [2024-06-18T14:16:54.896+0545] {dagbag.py:545} INFO - Filling up the DagBag from /home/prabal/afenv/lib/python3.10/site-packages/airflow/example_dags/example_trigger_target_dag.py
[2024-06-18T14:16:54.912+0545] {processor.py:840} INFO - DAG(s) 'example_trigger_target_dag' retrieved from /home/prabal/afenv/lib/python3.10/site-packages/airflow/example_dags/example_trigger_target_dag.py
[2024-06-18T14:16:54.938+0545] {logging_mixin.py:188} INFO - [2024-06-18T14:16:54.938+0545] {dag.py:3096} INFO - Sync 1 DAGs
[2024-06-18T14:16:54.950+0545] {logging_mixin.py:188} INFO - [2024-06-18T14:16:54.949+0545] {dag.py:3954} INFO - Setting next_dagrun for example_trigger_target_dag to None, run_after=None
[2024-06-18T14:16:54.969+0545] {processor.py:183} INFO - Processing /home/prabal/afenv/lib/python3.10/site-packages/airflow/example_dags/example_trigger_target_dag.py took 0.105 seconds
[2024-06-18T14:17:49.201+0545] {processor.py:161} INFO - Started process (PID=24386) to work on /home/prabal/afenv/lib/python3.10/site-packages/airflow/example_dags/example_trigger_target_dag.py
[2024-06-18T14:17:49.214+0545] {processor.py:830} INFO - Processing file /home/prabal/afenv/lib/python3.10/site-packages/airflow/example_dags/example_trigger_target_dag.py for tasks to queue
[2024-06-18T14:17:49.217+0545] {logging_mixin.py:188} INFO - [2024-06-18T14:17:49.216+0545] {dagbag.py:545} INFO - Filling up the DagBag from /home/prabal/afenv/lib/python3.10/site-packages/airflow/example_dags/example_trigger_target_dag.py
[2024-06-18T14:17:49.231+0545] {processor.py:840} INFO - DAG(s) 'example_trigger_target_dag' retrieved from /home/prabal/afenv/lib/python3.10/site-packages/airflow/example_dags/example_trigger_target_dag.py
[2024-06-18T14:17:49.265+0545] {logging_mixin.py:188} INFO - [2024-06-18T14:17:49.265+0545] {dag.py:3096} INFO - Sync 1 DAGs
[2024-06-18T14:17:49.288+0545] {logging_mixin.py:188} INFO - [2024-06-18T14:17:49.287+0545] {dag.py:3954} INFO - Setting next_dagrun for example_trigger_target_dag to None, run_after=None
[2024-06-18T14:17:49.327+0545] {processor.py:183} INFO - Processing /home/prabal/afenv/lib/python3.10/site-packages/airflow/example_dags/example_trigger_target_dag.py took 0.141 seconds
[2024-06-18T14:18:43.886+0545] {processor.py:161} INFO - Started process (PID=24651) to work on /home/prabal/afenv/lib/python3.10/site-packages/airflow/example_dags/example_trigger_target_dag.py
[2024-06-18T14:18:43.899+0545] {processor.py:830} INFO - Processing file /home/prabal/afenv/lib/python3.10/site-packages/airflow/example_dags/example_trigger_target_dag.py for tasks to queue
[2024-06-18T14:18:43.902+0545] {logging_mixin.py:188} INFO - [2024-06-18T14:18:43.902+0545] {dagbag.py:545} INFO - Filling up the DagBag from /home/prabal/afenv/lib/python3.10/site-packages/airflow/example_dags/example_trigger_target_dag.py
[2024-06-18T14:18:43.920+0545] {processor.py:840} INFO - DAG(s) 'example_trigger_target_dag' retrieved from /home/prabal/afenv/lib/python3.10/site-packages/airflow/example_dags/example_trigger_target_dag.py
[2024-06-18T14:18:43.951+0545] {logging_mixin.py:188} INFO - [2024-06-18T14:18:43.951+0545] {dag.py:3096} INFO - Sync 1 DAGs
[2024-06-18T14:18:43.962+0545] {logging_mixin.py:188} INFO - [2024-06-18T14:18:43.962+0545] {dag.py:3954} INFO - Setting next_dagrun for example_trigger_target_dag to None, run_after=None
[2024-06-18T14:18:43.984+0545] {processor.py:183} INFO - Processing /home/prabal/afenv/lib/python3.10/site-packages/airflow/example_dags/example_trigger_target_dag.py took 0.111 seconds
[2024-06-18T14:19:39.097+0545] {processor.py:161} INFO - Started process (PID=24913) to work on /home/prabal/afenv/lib/python3.10/site-packages/airflow/example_dags/example_trigger_target_dag.py
[2024-06-18T14:19:39.110+0545] {processor.py:830} INFO - Processing file /home/prabal/afenv/lib/python3.10/site-packages/airflow/example_dags/example_trigger_target_dag.py for tasks to queue
[2024-06-18T14:19:39.113+0545] {logging_mixin.py:188} INFO - [2024-06-18T14:19:39.113+0545] {dagbag.py:545} INFO - Filling up the DagBag from /home/prabal/afenv/lib/python3.10/site-packages/airflow/example_dags/example_trigger_target_dag.py
[2024-06-18T14:19:39.127+0545] {processor.py:840} INFO - DAG(s) 'example_trigger_target_dag' retrieved from /home/prabal/afenv/lib/python3.10/site-packages/airflow/example_dags/example_trigger_target_dag.py
[2024-06-18T14:19:39.156+0545] {logging_mixin.py:188} INFO - [2024-06-18T14:19:39.155+0545] {dag.py:3096} INFO - Sync 1 DAGs
[2024-06-18T14:19:39.168+0545] {logging_mixin.py:188} INFO - [2024-06-18T14:19:39.168+0545] {dag.py:3954} INFO - Setting next_dagrun for example_trigger_target_dag to None, run_after=None
[2024-06-18T14:19:39.187+0545] {processor.py:183} INFO - Processing /home/prabal/afenv/lib/python3.10/site-packages/airflow/example_dags/example_trigger_target_dag.py took 0.103 seconds
[2024-06-18T14:20:32.804+0545] {processor.py:161} INFO - Started process (PID=25170) to work on /home/prabal/afenv/lib/python3.10/site-packages/airflow/example_dags/example_trigger_target_dag.py
[2024-06-18T14:20:32.817+0545] {processor.py:830} INFO - Processing file /home/prabal/afenv/lib/python3.10/site-packages/airflow/example_dags/example_trigger_target_dag.py for tasks to queue
[2024-06-18T14:20:32.820+0545] {logging_mixin.py:188} INFO - [2024-06-18T14:20:32.819+0545] {dagbag.py:545} INFO - Filling up the DagBag from /home/prabal/afenv/lib/python3.10/site-packages/airflow/example_dags/example_trigger_target_dag.py
[2024-06-18T14:20:32.834+0545] {processor.py:840} INFO - DAG(s) 'example_trigger_target_dag' retrieved from /home/prabal/afenv/lib/python3.10/site-packages/airflow/example_dags/example_trigger_target_dag.py
[2024-06-18T14:20:32.863+0545] {logging_mixin.py:188} INFO - [2024-06-18T14:20:32.863+0545] {dag.py:3096} INFO - Sync 1 DAGs
[2024-06-18T14:20:32.879+0545] {logging_mixin.py:188} INFO - [2024-06-18T14:20:32.879+0545] {dag.py:3954} INFO - Setting next_dagrun for example_trigger_target_dag to None, run_after=None
[2024-06-18T14:20:32.923+0545] {processor.py:183} INFO - Processing /home/prabal/afenv/lib/python3.10/site-packages/airflow/example_dags/example_trigger_target_dag.py took 0.136 seconds
[2024-06-18T14:21:52.271+0545] {processor.py:161} INFO - Started process (PID=25552) to work on /home/prabal/afenv/lib/python3.10/site-packages/airflow/example_dags/example_trigger_target_dag.py
[2024-06-18T14:21:52.285+0545] {processor.py:830} INFO - Processing file /home/prabal/afenv/lib/python3.10/site-packages/airflow/example_dags/example_trigger_target_dag.py for tasks to queue
[2024-06-18T14:21:52.288+0545] {logging_mixin.py:188} INFO - [2024-06-18T14:21:52.287+0545] {dagbag.py:545} INFO - Filling up the DagBag from /home/prabal/afenv/lib/python3.10/site-packages/airflow/example_dags/example_trigger_target_dag.py
[2024-06-18T14:21:52.303+0545] {processor.py:840} INFO - DAG(s) 'example_trigger_target_dag' retrieved from /home/prabal/afenv/lib/python3.10/site-packages/airflow/example_dags/example_trigger_target_dag.py
[2024-06-18T14:21:52.338+0545] {logging_mixin.py:188} INFO - [2024-06-18T14:21:52.337+0545] {dag.py:3096} INFO - Sync 1 DAGs
[2024-06-18T14:21:52.359+0545] {logging_mixin.py:188} INFO - [2024-06-18T14:21:52.358+0545] {dag.py:3954} INFO - Setting next_dagrun for example_trigger_target_dag to None, run_after=None
[2024-06-18T14:21:52.379+0545] {processor.py:183} INFO - Processing /home/prabal/afenv/lib/python3.10/site-packages/airflow/example_dags/example_trigger_target_dag.py took 0.122 seconds
[2024-06-18T14:22:48.281+0545] {processor.py:161} INFO - Started process (PID=25823) to work on /home/prabal/afenv/lib/python3.10/site-packages/airflow/example_dags/example_trigger_target_dag.py
[2024-06-18T14:22:48.294+0545] {processor.py:830} INFO - Processing file /home/prabal/afenv/lib/python3.10/site-packages/airflow/example_dags/example_trigger_target_dag.py for tasks to queue
[2024-06-18T14:22:48.299+0545] {logging_mixin.py:188} INFO - [2024-06-18T14:22:48.297+0545] {dagbag.py:545} INFO - Filling up the DagBag from /home/prabal/afenv/lib/python3.10/site-packages/airflow/example_dags/example_trigger_target_dag.py
[2024-06-18T14:22:48.312+0545] {processor.py:840} INFO - DAG(s) 'example_trigger_target_dag' retrieved from /home/prabal/afenv/lib/python3.10/site-packages/airflow/example_dags/example_trigger_target_dag.py
[2024-06-18T14:22:48.329+0545] {logging_mixin.py:188} INFO - [2024-06-18T14:22:48.329+0545] {dag.py:3096} INFO - Sync 1 DAGs
[2024-06-18T14:22:48.339+0545] {logging_mixin.py:188} INFO - [2024-06-18T14:22:48.339+0545] {dag.py:3954} INFO - Setting next_dagrun for example_trigger_target_dag to None, run_after=None
[2024-06-18T14:22:48.357+0545] {processor.py:183} INFO - Processing /home/prabal/afenv/lib/python3.10/site-packages/airflow/example_dags/example_trigger_target_dag.py took 0.093 seconds
[2024-06-18T14:23:40.564+0545] {processor.py:161} INFO - Started process (PID=26078) to work on /home/prabal/afenv/lib/python3.10/site-packages/airflow/example_dags/example_trigger_target_dag.py
[2024-06-18T14:23:40.578+0545] {processor.py:830} INFO - Processing file /home/prabal/afenv/lib/python3.10/site-packages/airflow/example_dags/example_trigger_target_dag.py for tasks to queue
[2024-06-18T14:23:40.582+0545] {logging_mixin.py:188} INFO - [2024-06-18T14:23:40.581+0545] {dagbag.py:545} INFO - Filling up the DagBag from /home/prabal/afenv/lib/python3.10/site-packages/airflow/example_dags/example_trigger_target_dag.py
[2024-06-18T14:23:40.596+0545] {processor.py:840} INFO - DAG(s) 'example_trigger_target_dag' retrieved from /home/prabal/afenv/lib/python3.10/site-packages/airflow/example_dags/example_trigger_target_dag.py
[2024-06-18T14:23:40.614+0545] {logging_mixin.py:188} INFO - [2024-06-18T14:23:40.614+0545] {dag.py:3096} INFO - Sync 1 DAGs
[2024-06-18T14:23:40.633+0545] {logging_mixin.py:188} INFO - [2024-06-18T14:23:40.632+0545] {dag.py:3954} INFO - Setting next_dagrun for example_trigger_target_dag to None, run_after=None
[2024-06-18T14:23:40.677+0545] {processor.py:183} INFO - Processing /home/prabal/afenv/lib/python3.10/site-packages/airflow/example_dags/example_trigger_target_dag.py took 0.127 seconds
[2024-06-18T17:17:03.370+0545] {processor.py:161} INFO - Started process (PID=4499) to work on /home/prabal/afenv/lib/python3.10/site-packages/airflow/example_dags/example_trigger_target_dag.py
[2024-06-18T17:17:03.379+0545] {processor.py:830} INFO - Processing file /home/prabal/afenv/lib/python3.10/site-packages/airflow/example_dags/example_trigger_target_dag.py for tasks to queue
[2024-06-18T17:17:03.381+0545] {logging_mixin.py:188} INFO - [2024-06-18T17:17:03.380+0545] {dagbag.py:545} INFO - Filling up the DagBag from /home/prabal/afenv/lib/python3.10/site-packages/airflow/example_dags/example_trigger_target_dag.py
[2024-06-18T17:17:03.394+0545] {processor.py:840} INFO - DAG(s) 'example_trigger_target_dag' retrieved from /home/prabal/afenv/lib/python3.10/site-packages/airflow/example_dags/example_trigger_target_dag.py
[2024-06-18T17:17:03.478+0545] {logging_mixin.py:188} INFO - [2024-06-18T17:17:03.478+0545] {dag.py:3096} INFO - Sync 1 DAGs
[2024-06-18T17:17:03.487+0545] {logging_mixin.py:188} INFO - [2024-06-18T17:17:03.486+0545] {dag.py:3954} INFO - Setting next_dagrun for example_trigger_target_dag to None, run_after=None
[2024-06-18T17:17:03.584+0545] {processor.py:183} INFO - Processing /home/prabal/afenv/lib/python3.10/site-packages/airflow/example_dags/example_trigger_target_dag.py took 0.226 seconds
[2024-06-18T17:18:07.912+0545] {processor.py:161} INFO - Started process (PID=4859) to work on /home/prabal/afenv/lib/python3.10/site-packages/airflow/example_dags/example_trigger_target_dag.py
[2024-06-18T17:18:07.915+0545] {processor.py:830} INFO - Processing file /home/prabal/afenv/lib/python3.10/site-packages/airflow/example_dags/example_trigger_target_dag.py for tasks to queue
[2024-06-18T17:18:07.917+0545] {logging_mixin.py:188} INFO - [2024-06-18T17:18:07.916+0545] {dagbag.py:545} INFO - Filling up the DagBag from /home/prabal/afenv/lib/python3.10/site-packages/airflow/example_dags/example_trigger_target_dag.py
[2024-06-18T17:18:07.929+0545] {processor.py:840} INFO - DAG(s) 'example_trigger_target_dag' retrieved from /home/prabal/afenv/lib/python3.10/site-packages/airflow/example_dags/example_trigger_target_dag.py
[2024-06-18T17:18:07.946+0545] {logging_mixin.py:188} INFO - [2024-06-18T17:18:07.946+0545] {dag.py:3096} INFO - Sync 1 DAGs
[2024-06-18T17:18:07.956+0545] {logging_mixin.py:188} INFO - [2024-06-18T17:18:07.956+0545] {dag.py:3954} INFO - Setting next_dagrun for example_trigger_target_dag to None, run_after=None
[2024-06-18T17:18:07.977+0545] {processor.py:183} INFO - Processing /home/prabal/afenv/lib/python3.10/site-packages/airflow/example_dags/example_trigger_target_dag.py took 0.077 seconds
[2024-06-18T17:19:09.191+0545] {processor.py:161} INFO - Started process (PID=5520) to work on /home/prabal/afenv/lib/python3.10/site-packages/airflow/example_dags/example_trigger_target_dag.py
[2024-06-18T17:19:09.193+0545] {processor.py:830} INFO - Processing file /home/prabal/afenv/lib/python3.10/site-packages/airflow/example_dags/example_trigger_target_dag.py for tasks to queue
[2024-06-18T17:19:09.195+0545] {logging_mixin.py:188} INFO - [2024-06-18T17:19:09.194+0545] {dagbag.py:545} INFO - Filling up the DagBag from /home/prabal/afenv/lib/python3.10/site-packages/airflow/example_dags/example_trigger_target_dag.py
[2024-06-18T17:19:09.209+0545] {processor.py:840} INFO - DAG(s) 'example_trigger_target_dag' retrieved from /home/prabal/afenv/lib/python3.10/site-packages/airflow/example_dags/example_trigger_target_dag.py
[2024-06-18T17:19:09.237+0545] {logging_mixin.py:188} INFO - [2024-06-18T17:19:09.237+0545] {dag.py:3096} INFO - Sync 1 DAGs
[2024-06-18T17:19:09.251+0545] {logging_mixin.py:188} INFO - [2024-06-18T17:19:09.251+0545] {dag.py:3954} INFO - Setting next_dagrun for example_trigger_target_dag to None, run_after=None
[2024-06-18T17:19:09.271+0545] {processor.py:183} INFO - Processing /home/prabal/afenv/lib/python3.10/site-packages/airflow/example_dags/example_trigger_target_dag.py took 0.094 seconds
[2024-06-18T17:20:05.856+0545] {processor.py:161} INFO - Started process (PID=5943) to work on /home/prabal/afenv/lib/python3.10/site-packages/airflow/example_dags/example_trigger_target_dag.py
[2024-06-18T17:20:05.869+0545] {processor.py:830} INFO - Processing file /home/prabal/afenv/lib/python3.10/site-packages/airflow/example_dags/example_trigger_target_dag.py for tasks to queue
[2024-06-18T17:20:05.871+0545] {logging_mixin.py:188} INFO - [2024-06-18T17:20:05.870+0545] {dagbag.py:545} INFO - Filling up the DagBag from /home/prabal/afenv/lib/python3.10/site-packages/airflow/example_dags/example_trigger_target_dag.py
[2024-06-18T17:20:05.885+0545] {processor.py:840} INFO - DAG(s) 'example_trigger_target_dag' retrieved from /home/prabal/afenv/lib/python3.10/site-packages/airflow/example_dags/example_trigger_target_dag.py
[2024-06-18T17:20:05.910+0545] {logging_mixin.py:188} INFO - [2024-06-18T17:20:05.909+0545] {dag.py:3096} INFO - Sync 1 DAGs
[2024-06-18T17:20:05.935+0545] {logging_mixin.py:188} INFO - [2024-06-18T17:20:05.935+0545] {dag.py:3954} INFO - Setting next_dagrun for example_trigger_target_dag to None, run_after=None
[2024-06-18T17:20:05.978+0545] {processor.py:183} INFO - Processing /home/prabal/afenv/lib/python3.10/site-packages/airflow/example_dags/example_trigger_target_dag.py took 0.135 seconds
[2024-06-18T17:21:00.450+0545] {processor.py:161} INFO - Started process (PID=6625) to work on /home/prabal/afenv/lib/python3.10/site-packages/airflow/example_dags/example_trigger_target_dag.py
[2024-06-18T17:21:00.463+0545] {processor.py:830} INFO - Processing file /home/prabal/afenv/lib/python3.10/site-packages/airflow/example_dags/example_trigger_target_dag.py for tasks to queue
[2024-06-18T17:21:00.465+0545] {logging_mixin.py:188} INFO - [2024-06-18T17:21:00.464+0545] {dagbag.py:545} INFO - Filling up the DagBag from /home/prabal/afenv/lib/python3.10/site-packages/airflow/example_dags/example_trigger_target_dag.py
[2024-06-18T17:21:00.478+0545] {processor.py:840} INFO - DAG(s) 'example_trigger_target_dag' retrieved from /home/prabal/afenv/lib/python3.10/site-packages/airflow/example_dags/example_trigger_target_dag.py
[2024-06-18T17:21:00.511+0545] {logging_mixin.py:188} INFO - [2024-06-18T17:21:00.511+0545] {dag.py:3096} INFO - Sync 1 DAGs
[2024-06-18T17:21:00.539+0545] {logging_mixin.py:188} INFO - [2024-06-18T17:21:00.538+0545] {dag.py:3954} INFO - Setting next_dagrun for example_trigger_target_dag to None, run_after=None
[2024-06-18T17:21:00.579+0545] {processor.py:183} INFO - Processing /home/prabal/afenv/lib/python3.10/site-packages/airflow/example_dags/example_trigger_target_dag.py took 0.143 seconds
[2024-06-18T17:22:32.924+0545] {processor.py:161} INFO - Started process (PID=7186) to work on /home/prabal/afenv/lib/python3.10/site-packages/airflow/example_dags/example_trigger_target_dag.py
[2024-06-18T17:22:32.937+0545] {processor.py:830} INFO - Processing file /home/prabal/afenv/lib/python3.10/site-packages/airflow/example_dags/example_trigger_target_dag.py for tasks to queue
[2024-06-18T17:22:32.940+0545] {logging_mixin.py:188} INFO - [2024-06-18T17:22:32.939+0545] {dagbag.py:545} INFO - Filling up the DagBag from /home/prabal/afenv/lib/python3.10/site-packages/airflow/example_dags/example_trigger_target_dag.py
[2024-06-18T17:22:32.952+0545] {processor.py:840} INFO - DAG(s) 'example_trigger_target_dag' retrieved from /home/prabal/afenv/lib/python3.10/site-packages/airflow/example_dags/example_trigger_target_dag.py
[2024-06-18T17:22:33.064+0545] {logging_mixin.py:188} INFO - [2024-06-18T17:22:33.063+0545] {dag.py:3096} INFO - Sync 1 DAGs
[2024-06-18T17:22:33.176+0545] {logging_mixin.py:188} INFO - [2024-06-18T17:22:33.175+0545] {dag.py:3954} INFO - Setting next_dagrun for example_trigger_target_dag to None, run_after=None
[2024-06-18T17:22:33.214+0545] {processor.py:183} INFO - Processing /home/prabal/afenv/lib/python3.10/site-packages/airflow/example_dags/example_trigger_target_dag.py took 0.298 seconds
