[2024-06-18T13:42:30.327+0545] {processor.py:161} INFO - Started process (PID=14193) to work on /home/prabal/afenv/lib/python3.10/site-packages/airflow/example_dags/example_branch_datetime_operator.py
[2024-06-18T13:42:30.328+0545] {processor.py:830} INFO - Processing file /home/prabal/afenv/lib/python3.10/site-packages/airflow/example_dags/example_branch_datetime_operator.py for tasks to queue
[2024-06-18T13:42:30.331+0545] {logging_mixin.py:188} INFO - [2024-06-18T13:42:30.330+0545] {dagbag.py:545} INFO - Filling up the DagBag from /home/prabal/afenv/lib/python3.10/site-packages/airflow/example_dags/example_branch_datetime_operator.py
[2024-06-18T13:42:30.343+0545] {processor.py:840} INFO - DAG(s) 'example_branch_datetime_operator_2', 'example_branch_datetime_operator', 'example_branch_datetime_operator_3' retrieved from /home/prabal/afenv/lib/python3.10/site-packages/airflow/example_dags/example_branch_datetime_operator.py
[2024-06-18T13:42:30.437+0545] {logging_mixin.py:188} INFO - [2024-06-18T13:42:30.436+0545] {override.py:1829} INFO - Created Permission View: can read on DAG:example_branch_datetime_operator_2
[2024-06-18T13:42:30.446+0545] {logging_mixin.py:188} INFO - [2024-06-18T13:42:30.446+0545] {override.py:1829} INFO - Created Permission View: can edit on DAG:example_branch_datetime_operator_2
[2024-06-18T13:42:30.453+0545] {logging_mixin.py:188} INFO - [2024-06-18T13:42:30.452+0545] {override.py:1829} INFO - Created Permission View: can delete on DAG:example_branch_datetime_operator_2
[2024-06-18T13:42:30.467+0545] {logging_mixin.py:188} INFO - [2024-06-18T13:42:30.467+0545] {override.py:1829} INFO - Created Permission View: can read on DAG:example_branch_datetime_operator
[2024-06-18T13:42:30.473+0545] {logging_mixin.py:188} INFO - [2024-06-18T13:42:30.473+0545] {override.py:1829} INFO - Created Permission View: can edit on DAG:example_branch_datetime_operator
[2024-06-18T13:42:30.480+0545] {logging_mixin.py:188} INFO - [2024-06-18T13:42:30.480+0545] {override.py:1829} INFO - Created Permission View: can delete on DAG:example_branch_datetime_operator
[2024-06-18T13:42:30.497+0545] {logging_mixin.py:188} INFO - [2024-06-18T13:42:30.496+0545] {override.py:1829} INFO - Created Permission View: can read on DAG:example_branch_datetime_operator_3
[2024-06-18T13:42:30.502+0545] {logging_mixin.py:188} INFO - [2024-06-18T13:42:30.502+0545] {override.py:1829} INFO - Created Permission View: can edit on DAG:example_branch_datetime_operator_3
[2024-06-18T13:42:30.509+0545] {logging_mixin.py:188} INFO - [2024-06-18T13:42:30.509+0545] {override.py:1829} INFO - Created Permission View: can delete on DAG:example_branch_datetime_operator_3
[2024-06-18T13:42:30.510+0545] {logging_mixin.py:188} INFO - [2024-06-18T13:42:30.509+0545] {dag.py:3096} INFO - Sync 3 DAGs
[2024-06-18T13:42:30.518+0545] {logging_mixin.py:188} INFO - [2024-06-18T13:42:30.518+0545] {dag.py:3118} INFO - Creating ORM DAG for example_branch_datetime_operator
[2024-06-18T13:42:30.519+0545] {logging_mixin.py:188} INFO - [2024-06-18T13:42:30.519+0545] {dag.py:3118} INFO - Creating ORM DAG for example_branch_datetime_operator_2
[2024-06-18T13:42:30.519+0545] {logging_mixin.py:188} INFO - [2024-06-18T13:42:30.519+0545] {dag.py:3118} INFO - Creating ORM DAG for example_branch_datetime_operator_3
[2024-06-18T13:42:30.527+0545] {logging_mixin.py:188} INFO - [2024-06-18T13:42:30.527+0545] {dag.py:3954} INFO - Setting next_dagrun for example_branch_datetime_operator to 2024-06-17 00:00:00+00:00, run_after=2024-06-18 00:00:00+00:00
[2024-06-18T13:42:30.530+0545] {logging_mixin.py:188} INFO - [2024-06-18T13:42:30.530+0545] {dag.py:3954} INFO - Setting next_dagrun for example_branch_datetime_operator_2 to 2024-06-17 00:00:00+00:00, run_after=2024-06-18 00:00:00+00:00
[2024-06-18T13:42:30.531+0545] {logging_mixin.py:188} INFO - [2024-06-18T13:42:30.531+0545] {dag.py:3954} INFO - Setting next_dagrun for example_branch_datetime_operator_3 to 2024-06-17 00:00:00+00:00, run_after=2024-06-18 00:00:00+00:00
[2024-06-18T13:42:30.630+0545] {processor.py:183} INFO - Processing /home/prabal/afenv/lib/python3.10/site-packages/airflow/example_dags/example_branch_datetime_operator.py took 0.318 seconds
[2024-06-18T13:43:30.575+0545] {processor.py:161} INFO - Started process (PID=14487) to work on /home/prabal/afenv/lib/python3.10/site-packages/airflow/example_dags/example_branch_datetime_operator.py
[2024-06-18T13:43:30.577+0545] {processor.py:830} INFO - Processing file /home/prabal/afenv/lib/python3.10/site-packages/airflow/example_dags/example_branch_datetime_operator.py for tasks to queue
[2024-06-18T13:43:30.581+0545] {logging_mixin.py:188} INFO - [2024-06-18T13:43:30.580+0545] {dagbag.py:545} INFO - Filling up the DagBag from /home/prabal/afenv/lib/python3.10/site-packages/airflow/example_dags/example_branch_datetime_operator.py
[2024-06-18T13:43:30.596+0545] {processor.py:840} INFO - DAG(s) 'example_branch_datetime_operator_2', 'example_branch_datetime_operator_3', 'example_branch_datetime_operator' retrieved from /home/prabal/afenv/lib/python3.10/site-packages/airflow/example_dags/example_branch_datetime_operator.py
[2024-06-18T13:43:30.639+0545] {logging_mixin.py:188} INFO - [2024-06-18T13:43:30.639+0545] {dag.py:3096} INFO - Sync 3 DAGs
[2024-06-18T13:43:30.674+0545] {logging_mixin.py:188} INFO - [2024-06-18T13:43:30.674+0545] {dag.py:3954} INFO - Setting next_dagrun for example_branch_datetime_operator to 2024-06-17 00:00:00+00:00, run_after=2024-06-18 00:00:00+00:00
[2024-06-18T13:43:30.679+0545] {logging_mixin.py:188} INFO - [2024-06-18T13:43:30.679+0545] {dag.py:3954} INFO - Setting next_dagrun for example_branch_datetime_operator_2 to 2024-06-17 00:00:00+00:00, run_after=2024-06-18 00:00:00+00:00
[2024-06-18T13:43:30.682+0545] {logging_mixin.py:188} INFO - [2024-06-18T13:43:30.682+0545] {dag.py:3954} INFO - Setting next_dagrun for example_branch_datetime_operator_3 to 2024-06-17 00:00:00+00:00, run_after=2024-06-18 00:00:00+00:00
[2024-06-18T13:43:30.704+0545] {processor.py:183} INFO - Processing /home/prabal/afenv/lib/python3.10/site-packages/airflow/example_dags/example_branch_datetime_operator.py took 0.156 seconds
[2024-06-18T13:44:30.058+0545] {processor.py:161} INFO - Started process (PID=14778) to work on /home/prabal/afenv/lib/python3.10/site-packages/airflow/example_dags/example_branch_datetime_operator.py
[2024-06-18T13:44:30.060+0545] {processor.py:830} INFO - Processing file /home/prabal/afenv/lib/python3.10/site-packages/airflow/example_dags/example_branch_datetime_operator.py for tasks to queue
[2024-06-18T13:44:30.062+0545] {logging_mixin.py:188} INFO - [2024-06-18T13:44:30.062+0545] {dagbag.py:545} INFO - Filling up the DagBag from /home/prabal/afenv/lib/python3.10/site-packages/airflow/example_dags/example_branch_datetime_operator.py
[2024-06-18T13:44:30.076+0545] {processor.py:840} INFO - DAG(s) 'example_branch_datetime_operator', 'example_branch_datetime_operator_3', 'example_branch_datetime_operator_2' retrieved from /home/prabal/afenv/lib/python3.10/site-packages/airflow/example_dags/example_branch_datetime_operator.py
[2024-06-18T13:44:30.207+0545] {logging_mixin.py:188} INFO - [2024-06-18T13:44:30.207+0545] {dag.py:3096} INFO - Sync 3 DAGs
[2024-06-18T13:44:30.227+0545] {logging_mixin.py:188} INFO - [2024-06-18T13:44:30.226+0545] {dag.py:3954} INFO - Setting next_dagrun for example_branch_datetime_operator to 2024-06-17 00:00:00+00:00, run_after=2024-06-18 00:00:00+00:00
[2024-06-18T13:44:30.233+0545] {logging_mixin.py:188} INFO - [2024-06-18T13:44:30.233+0545] {dag.py:3954} INFO - Setting next_dagrun for example_branch_datetime_operator_2 to 2024-06-17 00:00:00+00:00, run_after=2024-06-18 00:00:00+00:00
[2024-06-18T13:44:30.238+0545] {logging_mixin.py:188} INFO - [2024-06-18T13:44:30.238+0545] {dag.py:3954} INFO - Setting next_dagrun for example_branch_datetime_operator_3 to 2024-06-17 00:00:00+00:00, run_after=2024-06-18 00:00:00+00:00
[2024-06-18T13:44:30.279+0545] {processor.py:183} INFO - Processing /home/prabal/afenv/lib/python3.10/site-packages/airflow/example_dags/example_branch_datetime_operator.py took 0.229 seconds
[2024-06-18T13:45:30.032+0545] {processor.py:161} INFO - Started process (PID=15066) to work on /home/prabal/afenv/lib/python3.10/site-packages/airflow/example_dags/example_branch_datetime_operator.py
[2024-06-18T13:45:30.045+0545] {processor.py:830} INFO - Processing file /home/prabal/afenv/lib/python3.10/site-packages/airflow/example_dags/example_branch_datetime_operator.py for tasks to queue
[2024-06-18T13:45:30.049+0545] {logging_mixin.py:188} INFO - [2024-06-18T13:45:30.048+0545] {dagbag.py:545} INFO - Filling up the DagBag from /home/prabal/afenv/lib/python3.10/site-packages/airflow/example_dags/example_branch_datetime_operator.py
[2024-06-18T13:45:30.069+0545] {processor.py:840} INFO - DAG(s) 'example_branch_datetime_operator_3', 'example_branch_datetime_operator_2', 'example_branch_datetime_operator' retrieved from /home/prabal/afenv/lib/python3.10/site-packages/airflow/example_dags/example_branch_datetime_operator.py
[2024-06-18T13:45:30.090+0545] {logging_mixin.py:188} INFO - [2024-06-18T13:45:30.090+0545] {dag.py:3096} INFO - Sync 3 DAGs
[2024-06-18T13:45:30.111+0545] {logging_mixin.py:188} INFO - [2024-06-18T13:45:30.111+0545] {dag.py:3954} INFO - Setting next_dagrun for example_branch_datetime_operator to 2024-06-17 00:00:00+00:00, run_after=2024-06-18 00:00:00+00:00
[2024-06-18T13:45:30.115+0545] {logging_mixin.py:188} INFO - [2024-06-18T13:45:30.114+0545] {dag.py:3954} INFO - Setting next_dagrun for example_branch_datetime_operator_2 to 2024-06-17 00:00:00+00:00, run_after=2024-06-18 00:00:00+00:00
[2024-06-18T13:45:30.117+0545] {logging_mixin.py:188} INFO - [2024-06-18T13:45:30.116+0545] {dag.py:3954} INFO - Setting next_dagrun for example_branch_datetime_operator_3 to 2024-06-17 00:00:00+00:00, run_after=2024-06-18 00:00:00+00:00
[2024-06-18T13:45:30.134+0545] {processor.py:183} INFO - Processing /home/prabal/afenv/lib/python3.10/site-packages/airflow/example_dags/example_branch_datetime_operator.py took 0.117 seconds
[2024-06-18T13:46:25.292+0545] {processor.py:161} INFO - Started process (PID=15333) to work on /home/prabal/afenv/lib/python3.10/site-packages/airflow/example_dags/example_branch_datetime_operator.py
[2024-06-18T13:46:25.305+0545] {processor.py:830} INFO - Processing file /home/prabal/afenv/lib/python3.10/site-packages/airflow/example_dags/example_branch_datetime_operator.py for tasks to queue
[2024-06-18T13:46:25.308+0545] {logging_mixin.py:188} INFO - [2024-06-18T13:46:25.308+0545] {dagbag.py:545} INFO - Filling up the DagBag from /home/prabal/afenv/lib/python3.10/site-packages/airflow/example_dags/example_branch_datetime_operator.py
[2024-06-18T13:46:25.322+0545] {processor.py:840} INFO - DAG(s) 'example_branch_datetime_operator_3', 'example_branch_datetime_operator_2', 'example_branch_datetime_operator' retrieved from /home/prabal/afenv/lib/python3.10/site-packages/airflow/example_dags/example_branch_datetime_operator.py
[2024-06-18T13:46:25.344+0545] {logging_mixin.py:188} INFO - [2024-06-18T13:46:25.344+0545] {dag.py:3096} INFO - Sync 3 DAGs
[2024-06-18T13:46:25.363+0545] {logging_mixin.py:188} INFO - [2024-06-18T13:46:25.362+0545] {dag.py:3954} INFO - Setting next_dagrun for example_branch_datetime_operator to 2024-06-17 00:00:00+00:00, run_after=2024-06-18 00:00:00+00:00
[2024-06-18T13:46:25.366+0545] {logging_mixin.py:188} INFO - [2024-06-18T13:46:25.366+0545] {dag.py:3954} INFO - Setting next_dagrun for example_branch_datetime_operator_2 to 2024-06-17 00:00:00+00:00, run_after=2024-06-18 00:00:00+00:00
[2024-06-18T13:46:25.368+0545] {logging_mixin.py:188} INFO - [2024-06-18T13:46:25.368+0545] {dag.py:3954} INFO - Setting next_dagrun for example_branch_datetime_operator_3 to 2024-06-17 00:00:00+00:00, run_after=2024-06-18 00:00:00+00:00
[2024-06-18T13:46:25.385+0545] {processor.py:183} INFO - Processing /home/prabal/afenv/lib/python3.10/site-packages/airflow/example_dags/example_branch_datetime_operator.py took 0.110 seconds
[2024-06-18T13:47:18.271+0545] {processor.py:161} INFO - Started process (PID=15589) to work on /home/prabal/afenv/lib/python3.10/site-packages/airflow/example_dags/example_branch_datetime_operator.py
[2024-06-18T13:47:18.283+0545] {processor.py:830} INFO - Processing file /home/prabal/afenv/lib/python3.10/site-packages/airflow/example_dags/example_branch_datetime_operator.py for tasks to queue
[2024-06-18T13:47:18.286+0545] {logging_mixin.py:188} INFO - [2024-06-18T13:47:18.285+0545] {dagbag.py:545} INFO - Filling up the DagBag from /home/prabal/afenv/lib/python3.10/site-packages/airflow/example_dags/example_branch_datetime_operator.py
[2024-06-18T13:47:18.303+0545] {processor.py:840} INFO - DAG(s) 'example_branch_datetime_operator_2', 'example_branch_datetime_operator', 'example_branch_datetime_operator_3' retrieved from /home/prabal/afenv/lib/python3.10/site-packages/airflow/example_dags/example_branch_datetime_operator.py
[2024-06-18T13:47:18.325+0545] {logging_mixin.py:188} INFO - [2024-06-18T13:47:18.325+0545] {dag.py:3096} INFO - Sync 3 DAGs
[2024-06-18T13:47:18.346+0545] {logging_mixin.py:188} INFO - [2024-06-18T13:47:18.346+0545] {dag.py:3954} INFO - Setting next_dagrun for example_branch_datetime_operator to 2024-06-17 00:00:00+00:00, run_after=2024-06-18 00:00:00+00:00
[2024-06-18T13:47:18.350+0545] {logging_mixin.py:188} INFO - [2024-06-18T13:47:18.350+0545] {dag.py:3954} INFO - Setting next_dagrun for example_branch_datetime_operator_2 to 2024-06-17 00:00:00+00:00, run_after=2024-06-18 00:00:00+00:00
[2024-06-18T13:47:18.353+0545] {logging_mixin.py:188} INFO - [2024-06-18T13:47:18.352+0545] {dag.py:3954} INFO - Setting next_dagrun for example_branch_datetime_operator_3 to 2024-06-17 00:00:00+00:00, run_after=2024-06-18 00:00:00+00:00
[2024-06-18T13:47:18.370+0545] {processor.py:183} INFO - Processing /home/prabal/afenv/lib/python3.10/site-packages/airflow/example_dags/example_branch_datetime_operator.py took 0.109 seconds
[2024-06-18T13:48:09.356+0545] {processor.py:161} INFO - Started process (PID=15840) to work on /home/prabal/afenv/lib/python3.10/site-packages/airflow/example_dags/example_branch_datetime_operator.py
[2024-06-18T13:48:09.369+0545] {processor.py:830} INFO - Processing file /home/prabal/afenv/lib/python3.10/site-packages/airflow/example_dags/example_branch_datetime_operator.py for tasks to queue
[2024-06-18T13:48:09.372+0545] {logging_mixin.py:188} INFO - [2024-06-18T13:48:09.371+0545] {dagbag.py:545} INFO - Filling up the DagBag from /home/prabal/afenv/lib/python3.10/site-packages/airflow/example_dags/example_branch_datetime_operator.py
[2024-06-18T13:48:09.392+0545] {processor.py:840} INFO - DAG(s) 'example_branch_datetime_operator_2', 'example_branch_datetime_operator_3', 'example_branch_datetime_operator' retrieved from /home/prabal/afenv/lib/python3.10/site-packages/airflow/example_dags/example_branch_datetime_operator.py
[2024-06-18T13:48:09.425+0545] {logging_mixin.py:188} INFO - [2024-06-18T13:48:09.425+0545] {dag.py:3096} INFO - Sync 3 DAGs
[2024-06-18T13:48:09.457+0545] {logging_mixin.py:188} INFO - [2024-06-18T13:48:09.456+0545] {dag.py:3954} INFO - Setting next_dagrun for example_branch_datetime_operator to 2024-06-17 00:00:00+00:00, run_after=2024-06-18 00:00:00+00:00
[2024-06-18T13:48:09.465+0545] {logging_mixin.py:188} INFO - [2024-06-18T13:48:09.465+0545] {dag.py:3954} INFO - Setting next_dagrun for example_branch_datetime_operator_2 to 2024-06-17 00:00:00+00:00, run_after=2024-06-18 00:00:00+00:00
[2024-06-18T13:48:09.469+0545] {logging_mixin.py:188} INFO - [2024-06-18T13:48:09.468+0545] {dag.py:3954} INFO - Setting next_dagrun for example_branch_datetime_operator_3 to 2024-06-17 00:00:00+00:00, run_after=2024-06-18 00:00:00+00:00
[2024-06-18T13:48:09.502+0545] {processor.py:183} INFO - Processing /home/prabal/afenv/lib/python3.10/site-packages/airflow/example_dags/example_branch_datetime_operator.py took 0.160 seconds
[2024-06-18T13:49:54.102+0545] {processor.py:161} INFO - Started process (PID=16365) to work on /home/prabal/afenv/lib/python3.10/site-packages/airflow/example_dags/example_branch_datetime_operator.py
[2024-06-18T13:49:54.105+0545] {processor.py:830} INFO - Processing file /home/prabal/afenv/lib/python3.10/site-packages/airflow/example_dags/example_branch_datetime_operator.py for tasks to queue
[2024-06-18T13:49:54.109+0545] {logging_mixin.py:188} INFO - [2024-06-18T13:49:54.108+0545] {dagbag.py:545} INFO - Filling up the DagBag from /home/prabal/afenv/lib/python3.10/site-packages/airflow/example_dags/example_branch_datetime_operator.py
[2024-06-18T13:49:54.125+0545] {processor.py:840} INFO - DAG(s) 'example_branch_datetime_operator_3', 'example_branch_datetime_operator', 'example_branch_datetime_operator_2' retrieved from /home/prabal/afenv/lib/python3.10/site-packages/airflow/example_dags/example_branch_datetime_operator.py
[2024-06-18T13:49:54.145+0545] {logging_mixin.py:188} INFO - [2024-06-18T13:49:54.145+0545] {dag.py:3096} INFO - Sync 3 DAGs
[2024-06-18T13:49:54.165+0545] {logging_mixin.py:188} INFO - [2024-06-18T13:49:54.165+0545] {dag.py:3954} INFO - Setting next_dagrun for example_branch_datetime_operator to 2024-06-17 00:00:00+00:00, run_after=2024-06-18 00:00:00+00:00
[2024-06-18T13:49:54.168+0545] {logging_mixin.py:188} INFO - [2024-06-18T13:49:54.168+0545] {dag.py:3954} INFO - Setting next_dagrun for example_branch_datetime_operator_2 to 2024-06-17 00:00:00+00:00, run_after=2024-06-18 00:00:00+00:00
[2024-06-18T13:49:54.170+0545] {logging_mixin.py:188} INFO - [2024-06-18T13:49:54.170+0545] {dag.py:3954} INFO - Setting next_dagrun for example_branch_datetime_operator_3 to 2024-06-17 00:00:00+00:00, run_after=2024-06-18 00:00:00+00:00
[2024-06-18T13:49:54.193+0545] {processor.py:183} INFO - Processing /home/prabal/afenv/lib/python3.10/site-packages/airflow/example_dags/example_branch_datetime_operator.py took 0.106 seconds
[2024-06-18T13:51:27.704+0545] {processor.py:161} INFO - Started process (PID=16823) to work on /home/prabal/afenv/lib/python3.10/site-packages/airflow/example_dags/example_branch_datetime_operator.py
[2024-06-18T13:51:27.707+0545] {processor.py:830} INFO - Processing file /home/prabal/afenv/lib/python3.10/site-packages/airflow/example_dags/example_branch_datetime_operator.py for tasks to queue
[2024-06-18T13:51:27.711+0545] {logging_mixin.py:188} INFO - [2024-06-18T13:51:27.710+0545] {dagbag.py:545} INFO - Filling up the DagBag from /home/prabal/afenv/lib/python3.10/site-packages/airflow/example_dags/example_branch_datetime_operator.py
[2024-06-18T13:51:27.726+0545] {processor.py:840} INFO - DAG(s) 'example_branch_datetime_operator', 'example_branch_datetime_operator_2', 'example_branch_datetime_operator_3' retrieved from /home/prabal/afenv/lib/python3.10/site-packages/airflow/example_dags/example_branch_datetime_operator.py
[2024-06-18T13:51:27.748+0545] {logging_mixin.py:188} INFO - [2024-06-18T13:51:27.748+0545] {dag.py:3096} INFO - Sync 3 DAGs
[2024-06-18T13:51:27.769+0545] {logging_mixin.py:188} INFO - [2024-06-18T13:51:27.769+0545] {dag.py:3954} INFO - Setting next_dagrun for example_branch_datetime_operator to 2024-06-17 00:00:00+00:00, run_after=2024-06-18 00:00:00+00:00
[2024-06-18T13:51:27.775+0545] {logging_mixin.py:188} INFO - [2024-06-18T13:51:27.775+0545] {dag.py:3954} INFO - Setting next_dagrun for example_branch_datetime_operator_2 to 2024-06-17 00:00:00+00:00, run_after=2024-06-18 00:00:00+00:00
[2024-06-18T13:51:27.778+0545] {logging_mixin.py:188} INFO - [2024-06-18T13:51:27.778+0545] {dag.py:3954} INFO - Setting next_dagrun for example_branch_datetime_operator_3 to 2024-06-17 00:00:00+00:00, run_after=2024-06-18 00:00:00+00:00
[2024-06-18T13:51:27.801+0545] {processor.py:183} INFO - Processing /home/prabal/afenv/lib/python3.10/site-packages/airflow/example_dags/example_branch_datetime_operator.py took 0.106 seconds
[2024-06-18T13:52:30.262+0545] {processor.py:161} INFO - Started process (PID=17170) to work on /home/prabal/afenv/lib/python3.10/site-packages/airflow/example_dags/example_branch_datetime_operator.py
[2024-06-18T13:52:30.275+0545] {processor.py:830} INFO - Processing file /home/prabal/afenv/lib/python3.10/site-packages/airflow/example_dags/example_branch_datetime_operator.py for tasks to queue
[2024-06-18T13:52:30.277+0545] {logging_mixin.py:188} INFO - [2024-06-18T13:52:30.277+0545] {dagbag.py:545} INFO - Filling up the DagBag from /home/prabal/afenv/lib/python3.10/site-packages/airflow/example_dags/example_branch_datetime_operator.py
[2024-06-18T13:52:30.289+0545] {processor.py:840} INFO - DAG(s) 'example_branch_datetime_operator_2', 'example_branch_datetime_operator', 'example_branch_datetime_operator_3' retrieved from /home/prabal/afenv/lib/python3.10/site-packages/airflow/example_dags/example_branch_datetime_operator.py
[2024-06-18T13:52:30.312+0545] {logging_mixin.py:188} INFO - [2024-06-18T13:52:30.312+0545] {dag.py:3096} INFO - Sync 3 DAGs
[2024-06-18T13:52:30.345+0545] {logging_mixin.py:188} INFO - [2024-06-18T13:52:30.345+0545] {dag.py:3954} INFO - Setting next_dagrun for example_branch_datetime_operator to 2024-06-17 00:00:00+00:00, run_after=2024-06-18 00:00:00+00:00
[2024-06-18T13:52:30.355+0545] {logging_mixin.py:188} INFO - [2024-06-18T13:52:30.355+0545] {dag.py:3954} INFO - Setting next_dagrun for example_branch_datetime_operator_2 to 2024-06-17 00:00:00+00:00, run_after=2024-06-18 00:00:00+00:00
[2024-06-18T13:52:30.358+0545] {logging_mixin.py:188} INFO - [2024-06-18T13:52:30.358+0545] {dag.py:3954} INFO - Setting next_dagrun for example_branch_datetime_operator_3 to 2024-06-17 00:00:00+00:00, run_after=2024-06-18 00:00:00+00:00
[2024-06-18T13:52:30.374+0545] {processor.py:183} INFO - Processing /home/prabal/afenv/lib/python3.10/site-packages/airflow/example_dags/example_branch_datetime_operator.py took 0.120 seconds
[2024-06-18T13:53:44.606+0545] {processor.py:161} INFO - Started process (PID=17556) to work on /home/prabal/afenv/lib/python3.10/site-packages/airflow/example_dags/example_branch_datetime_operator.py
[2024-06-18T13:53:44.618+0545] {processor.py:830} INFO - Processing file /home/prabal/afenv/lib/python3.10/site-packages/airflow/example_dags/example_branch_datetime_operator.py for tasks to queue
[2024-06-18T13:53:44.621+0545] {logging_mixin.py:188} INFO - [2024-06-18T13:53:44.620+0545] {dagbag.py:545} INFO - Filling up the DagBag from /home/prabal/afenv/lib/python3.10/site-packages/airflow/example_dags/example_branch_datetime_operator.py
[2024-06-18T13:53:44.640+0545] {processor.py:840} INFO - DAG(s) 'example_branch_datetime_operator_2', 'example_branch_datetime_operator', 'example_branch_datetime_operator_3' retrieved from /home/prabal/afenv/lib/python3.10/site-packages/airflow/example_dags/example_branch_datetime_operator.py
[2024-06-18T13:53:44.663+0545] {logging_mixin.py:188} INFO - [2024-06-18T13:53:44.663+0545] {dag.py:3096} INFO - Sync 3 DAGs
[2024-06-18T13:53:44.684+0545] {logging_mixin.py:188} INFO - [2024-06-18T13:53:44.684+0545] {dag.py:3954} INFO - Setting next_dagrun for example_branch_datetime_operator to 2024-06-17 00:00:00+00:00, run_after=2024-06-18 00:00:00+00:00
[2024-06-18T13:53:44.689+0545] {logging_mixin.py:188} INFO - [2024-06-18T13:53:44.689+0545] {dag.py:3954} INFO - Setting next_dagrun for example_branch_datetime_operator_2 to 2024-06-17 00:00:00+00:00, run_after=2024-06-18 00:00:00+00:00
[2024-06-18T13:53:44.691+0545] {logging_mixin.py:188} INFO - [2024-06-18T13:53:44.691+0545] {dag.py:3954} INFO - Setting next_dagrun for example_branch_datetime_operator_3 to 2024-06-17 00:00:00+00:00, run_after=2024-06-18 00:00:00+00:00
[2024-06-18T13:53:44.711+0545] {processor.py:183} INFO - Processing /home/prabal/afenv/lib/python3.10/site-packages/airflow/example_dags/example_branch_datetime_operator.py took 0.111 seconds
[2024-06-18T13:54:38.285+0545] {processor.py:161} INFO - Started process (PID=17817) to work on /home/prabal/afenv/lib/python3.10/site-packages/airflow/example_dags/example_branch_datetime_operator.py
[2024-06-18T13:54:38.298+0545] {processor.py:830} INFO - Processing file /home/prabal/afenv/lib/python3.10/site-packages/airflow/example_dags/example_branch_datetime_operator.py for tasks to queue
[2024-06-18T13:54:38.301+0545] {logging_mixin.py:188} INFO - [2024-06-18T13:54:38.301+0545] {dagbag.py:545} INFO - Filling up the DagBag from /home/prabal/afenv/lib/python3.10/site-packages/airflow/example_dags/example_branch_datetime_operator.py
[2024-06-18T13:54:38.326+0545] {processor.py:840} INFO - DAG(s) 'example_branch_datetime_operator', 'example_branch_datetime_operator_2', 'example_branch_datetime_operator_3' retrieved from /home/prabal/afenv/lib/python3.10/site-packages/airflow/example_dags/example_branch_datetime_operator.py
[2024-06-18T13:54:38.364+0545] {logging_mixin.py:188} INFO - [2024-06-18T13:54:38.364+0545] {dag.py:3096} INFO - Sync 3 DAGs
[2024-06-18T13:54:38.395+0545] {logging_mixin.py:188} INFO - [2024-06-18T13:54:38.395+0545] {dag.py:3954} INFO - Setting next_dagrun for example_branch_datetime_operator to 2024-06-17 00:00:00+00:00, run_after=2024-06-18 00:00:00+00:00
[2024-06-18T13:54:38.399+0545] {logging_mixin.py:188} INFO - [2024-06-18T13:54:38.399+0545] {dag.py:3954} INFO - Setting next_dagrun for example_branch_datetime_operator_2 to 2024-06-17 00:00:00+00:00, run_after=2024-06-18 00:00:00+00:00
[2024-06-18T13:54:38.401+0545] {logging_mixin.py:188} INFO - [2024-06-18T13:54:38.401+0545] {dag.py:3954} INFO - Setting next_dagrun for example_branch_datetime_operator_3 to 2024-06-17 00:00:00+00:00, run_after=2024-06-18 00:00:00+00:00
[2024-06-18T13:54:38.419+0545] {processor.py:183} INFO - Processing /home/prabal/afenv/lib/python3.10/site-packages/airflow/example_dags/example_branch_datetime_operator.py took 0.150 seconds
[2024-06-18T13:55:41.847+0545] {processor.py:161} INFO - Started process (PID=18146) to work on /home/prabal/afenv/lib/python3.10/site-packages/airflow/example_dags/example_branch_datetime_operator.py
[2024-06-18T13:55:41.861+0545] {processor.py:830} INFO - Processing file /home/prabal/afenv/lib/python3.10/site-packages/airflow/example_dags/example_branch_datetime_operator.py for tasks to queue
[2024-06-18T13:55:41.865+0545] {logging_mixin.py:188} INFO - [2024-06-18T13:55:41.864+0545] {dagbag.py:545} INFO - Filling up the DagBag from /home/prabal/afenv/lib/python3.10/site-packages/airflow/example_dags/example_branch_datetime_operator.py
[2024-06-18T13:55:41.886+0545] {processor.py:840} INFO - DAG(s) 'example_branch_datetime_operator', 'example_branch_datetime_operator_3', 'example_branch_datetime_operator_2' retrieved from /home/prabal/afenv/lib/python3.10/site-packages/airflow/example_dags/example_branch_datetime_operator.py
[2024-06-18T13:55:41.920+0545] {logging_mixin.py:188} INFO - [2024-06-18T13:55:41.919+0545] {dag.py:3096} INFO - Sync 3 DAGs
[2024-06-18T13:55:41.943+0545] {logging_mixin.py:188} INFO - [2024-06-18T13:55:41.943+0545] {dag.py:3954} INFO - Setting next_dagrun for example_branch_datetime_operator to 2024-06-17 00:00:00+00:00, run_after=2024-06-18 00:00:00+00:00
[2024-06-18T13:55:41.947+0545] {logging_mixin.py:188} INFO - [2024-06-18T13:55:41.947+0545] {dag.py:3954} INFO - Setting next_dagrun for example_branch_datetime_operator_2 to 2024-06-17 00:00:00+00:00, run_after=2024-06-18 00:00:00+00:00
[2024-06-18T13:55:41.951+0545] {logging_mixin.py:188} INFO - [2024-06-18T13:55:41.951+0545] {dag.py:3954} INFO - Setting next_dagrun for example_branch_datetime_operator_3 to 2024-06-17 00:00:00+00:00, run_after=2024-06-18 00:00:00+00:00
[2024-06-18T13:55:41.988+0545] {processor.py:183} INFO - Processing /home/prabal/afenv/lib/python3.10/site-packages/airflow/example_dags/example_branch_datetime_operator.py took 0.160 seconds
[2024-06-18T13:56:37.475+0545] {processor.py:161} INFO - Started process (PID=18416) to work on /home/prabal/afenv/lib/python3.10/site-packages/airflow/example_dags/example_branch_datetime_operator.py
[2024-06-18T13:56:37.477+0545] {processor.py:830} INFO - Processing file /home/prabal/afenv/lib/python3.10/site-packages/airflow/example_dags/example_branch_datetime_operator.py for tasks to queue
[2024-06-18T13:56:37.480+0545] {logging_mixin.py:188} INFO - [2024-06-18T13:56:37.480+0545] {dagbag.py:545} INFO - Filling up the DagBag from /home/prabal/afenv/lib/python3.10/site-packages/airflow/example_dags/example_branch_datetime_operator.py
[2024-06-18T13:56:37.501+0545] {processor.py:840} INFO - DAG(s) 'example_branch_datetime_operator_3', 'example_branch_datetime_operator', 'example_branch_datetime_operator_2' retrieved from /home/prabal/afenv/lib/python3.10/site-packages/airflow/example_dags/example_branch_datetime_operator.py
[2024-06-18T13:56:37.535+0545] {logging_mixin.py:188} INFO - [2024-06-18T13:56:37.535+0545] {dag.py:3096} INFO - Sync 3 DAGs
[2024-06-18T13:56:37.554+0545] {logging_mixin.py:188} INFO - [2024-06-18T13:56:37.554+0545] {dag.py:3954} INFO - Setting next_dagrun for example_branch_datetime_operator to 2024-06-17 00:00:00+00:00, run_after=2024-06-18 00:00:00+00:00
[2024-06-18T13:56:37.559+0545] {logging_mixin.py:188} INFO - [2024-06-18T13:56:37.559+0545] {dag.py:3954} INFO - Setting next_dagrun for example_branch_datetime_operator_2 to 2024-06-17 00:00:00+00:00, run_after=2024-06-18 00:00:00+00:00
[2024-06-18T13:56:37.561+0545] {logging_mixin.py:188} INFO - [2024-06-18T13:56:37.561+0545] {dag.py:3954} INFO - Setting next_dagrun for example_branch_datetime_operator_3 to 2024-06-17 00:00:00+00:00, run_after=2024-06-18 00:00:00+00:00
[2024-06-18T13:56:37.594+0545] {processor.py:183} INFO - Processing /home/prabal/afenv/lib/python3.10/site-packages/airflow/example_dags/example_branch_datetime_operator.py took 0.134 seconds
[2024-06-18T13:57:26.899+0545] {processor.py:161} INFO - Started process (PID=18656) to work on /home/prabal/afenv/lib/python3.10/site-packages/airflow/example_dags/example_branch_datetime_operator.py
[2024-06-18T13:57:26.900+0545] {processor.py:830} INFO - Processing file /home/prabal/afenv/lib/python3.10/site-packages/airflow/example_dags/example_branch_datetime_operator.py for tasks to queue
[2024-06-18T13:57:26.902+0545] {logging_mixin.py:188} INFO - [2024-06-18T13:57:26.902+0545] {dagbag.py:545} INFO - Filling up the DagBag from /home/prabal/afenv/lib/python3.10/site-packages/airflow/example_dags/example_branch_datetime_operator.py
[2024-06-18T13:57:26.915+0545] {processor.py:840} INFO - DAG(s) 'example_branch_datetime_operator_2', 'example_branch_datetime_operator', 'example_branch_datetime_operator_3' retrieved from /home/prabal/afenv/lib/python3.10/site-packages/airflow/example_dags/example_branch_datetime_operator.py
[2024-06-18T13:57:26.941+0545] {logging_mixin.py:188} INFO - [2024-06-18T13:57:26.941+0545] {dag.py:3096} INFO - Sync 3 DAGs
[2024-06-18T13:57:26.964+0545] {logging_mixin.py:188} INFO - [2024-06-18T13:57:26.963+0545] {dag.py:3954} INFO - Setting next_dagrun for example_branch_datetime_operator to 2024-06-17 00:00:00+00:00, run_after=2024-06-18 00:00:00+00:00
[2024-06-18T13:57:26.968+0545] {logging_mixin.py:188} INFO - [2024-06-18T13:57:26.968+0545] {dag.py:3954} INFO - Setting next_dagrun for example_branch_datetime_operator_2 to 2024-06-17 00:00:00+00:00, run_after=2024-06-18 00:00:00+00:00
[2024-06-18T13:57:26.970+0545] {logging_mixin.py:188} INFO - [2024-06-18T13:57:26.970+0545] {dag.py:3954} INFO - Setting next_dagrun for example_branch_datetime_operator_3 to 2024-06-17 00:00:00+00:00, run_after=2024-06-18 00:00:00+00:00
[2024-06-18T13:57:26.989+0545] {processor.py:183} INFO - Processing /home/prabal/afenv/lib/python3.10/site-packages/airflow/example_dags/example_branch_datetime_operator.py took 0.099 seconds
[2024-06-18T14:05:27.820+0545] {processor.py:161} INFO - Started process (PID=20786) to work on /home/prabal/afenv/lib/python3.10/site-packages/airflow/example_dags/example_branch_datetime_operator.py
[2024-06-18T14:05:27.833+0545] {processor.py:830} INFO - Processing file /home/prabal/afenv/lib/python3.10/site-packages/airflow/example_dags/example_branch_datetime_operator.py for tasks to queue
[2024-06-18T14:05:27.836+0545] {logging_mixin.py:188} INFO - [2024-06-18T14:05:27.836+0545] {dagbag.py:545} INFO - Filling up the DagBag from /home/prabal/afenv/lib/python3.10/site-packages/airflow/example_dags/example_branch_datetime_operator.py
[2024-06-18T14:05:27.853+0545] {processor.py:840} INFO - DAG(s) 'example_branch_datetime_operator_3', 'example_branch_datetime_operator_2', 'example_branch_datetime_operator' retrieved from /home/prabal/afenv/lib/python3.10/site-packages/airflow/example_dags/example_branch_datetime_operator.py
[2024-06-18T14:05:27.875+0545] {logging_mixin.py:188} INFO - [2024-06-18T14:05:27.874+0545] {dag.py:3096} INFO - Sync 3 DAGs
[2024-06-18T14:05:27.905+0545] {logging_mixin.py:188} INFO - [2024-06-18T14:05:27.905+0545] {dag.py:3954} INFO - Setting next_dagrun for example_branch_datetime_operator to 2024-06-17 00:00:00+00:00, run_after=2024-06-18 00:00:00+00:00
[2024-06-18T14:05:27.909+0545] {logging_mixin.py:188} INFO - [2024-06-18T14:05:27.909+0545] {dag.py:3954} INFO - Setting next_dagrun for example_branch_datetime_operator_2 to 2024-06-17 00:00:00+00:00, run_after=2024-06-18 00:00:00+00:00
[2024-06-18T14:05:27.911+0545] {logging_mixin.py:188} INFO - [2024-06-18T14:05:27.911+0545] {dag.py:3954} INFO - Setting next_dagrun for example_branch_datetime_operator_3 to 2024-06-17 00:00:00+00:00, run_after=2024-06-18 00:00:00+00:00
[2024-06-18T14:05:27.926+0545] {processor.py:183} INFO - Processing /home/prabal/afenv/lib/python3.10/site-packages/airflow/example_dags/example_branch_datetime_operator.py took 0.121 seconds
[2024-06-18T14:06:25.527+0545] {processor.py:161} INFO - Started process (PID=21062) to work on /home/prabal/afenv/lib/python3.10/site-packages/airflow/example_dags/example_branch_datetime_operator.py
[2024-06-18T14:06:25.540+0545] {processor.py:830} INFO - Processing file /home/prabal/afenv/lib/python3.10/site-packages/airflow/example_dags/example_branch_datetime_operator.py for tasks to queue
[2024-06-18T14:06:25.545+0545] {logging_mixin.py:188} INFO - [2024-06-18T14:06:25.543+0545] {dagbag.py:545} INFO - Filling up the DagBag from /home/prabal/afenv/lib/python3.10/site-packages/airflow/example_dags/example_branch_datetime_operator.py
[2024-06-18T14:06:25.566+0545] {processor.py:840} INFO - DAG(s) 'example_branch_datetime_operator', 'example_branch_datetime_operator_3', 'example_branch_datetime_operator_2' retrieved from /home/prabal/afenv/lib/python3.10/site-packages/airflow/example_dags/example_branch_datetime_operator.py
[2024-06-18T14:06:25.591+0545] {logging_mixin.py:188} INFO - [2024-06-18T14:06:25.590+0545] {dag.py:3096} INFO - Sync 3 DAGs
[2024-06-18T14:06:25.624+0545] {logging_mixin.py:188} INFO - [2024-06-18T14:06:25.624+0545] {dag.py:3954} INFO - Setting next_dagrun for example_branch_datetime_operator to 2024-06-17 00:00:00+00:00, run_after=2024-06-18 00:00:00+00:00
[2024-06-18T14:06:25.628+0545] {logging_mixin.py:188} INFO - [2024-06-18T14:06:25.628+0545] {dag.py:3954} INFO - Setting next_dagrun for example_branch_datetime_operator_2 to 2024-06-17 00:00:00+00:00, run_after=2024-06-18 00:00:00+00:00
[2024-06-18T14:06:25.630+0545] {logging_mixin.py:188} INFO - [2024-06-18T14:06:25.630+0545] {dag.py:3954} INFO - Setting next_dagrun for example_branch_datetime_operator_3 to 2024-06-17 00:00:00+00:00, run_after=2024-06-18 00:00:00+00:00
[2024-06-18T14:06:25.648+0545] {processor.py:183} INFO - Processing /home/prabal/afenv/lib/python3.10/site-packages/airflow/example_dags/example_branch_datetime_operator.py took 0.135 seconds
[2024-06-18T14:07:22.675+0545] {processor.py:161} INFO - Started process (PID=21337) to work on /home/prabal/afenv/lib/python3.10/site-packages/airflow/example_dags/example_branch_datetime_operator.py
[2024-06-18T14:07:22.688+0545] {processor.py:830} INFO - Processing file /home/prabal/afenv/lib/python3.10/site-packages/airflow/example_dags/example_branch_datetime_operator.py for tasks to queue
[2024-06-18T14:07:22.692+0545] {logging_mixin.py:188} INFO - [2024-06-18T14:07:22.691+0545] {dagbag.py:545} INFO - Filling up the DagBag from /home/prabal/afenv/lib/python3.10/site-packages/airflow/example_dags/example_branch_datetime_operator.py
[2024-06-18T14:07:22.798+0545] {processor.py:840} INFO - DAG(s) 'example_branch_datetime_operator_3', 'example_branch_datetime_operator_2', 'example_branch_datetime_operator' retrieved from /home/prabal/afenv/lib/python3.10/site-packages/airflow/example_dags/example_branch_datetime_operator.py
[2024-06-18T14:07:22.815+0545] {logging_mixin.py:188} INFO - [2024-06-18T14:07:22.815+0545] {dag.py:3096} INFO - Sync 3 DAGs
[2024-06-18T14:07:22.830+0545] {logging_mixin.py:188} INFO - [2024-06-18T14:07:22.830+0545] {dag.py:3954} INFO - Setting next_dagrun for example_branch_datetime_operator to 2024-06-17 00:00:00+00:00, run_after=2024-06-18 00:00:00+00:00
[2024-06-18T14:07:22.834+0545] {logging_mixin.py:188} INFO - [2024-06-18T14:07:22.834+0545] {dag.py:3954} INFO - Setting next_dagrun for example_branch_datetime_operator_2 to 2024-06-17 00:00:00+00:00, run_after=2024-06-18 00:00:00+00:00
[2024-06-18T14:07:22.836+0545] {logging_mixin.py:188} INFO - [2024-06-18T14:07:22.835+0545] {dag.py:3954} INFO - Setting next_dagrun for example_branch_datetime_operator_3 to 2024-06-17 00:00:00+00:00, run_after=2024-06-18 00:00:00+00:00
[2024-06-18T14:07:22.861+0545] {processor.py:183} INFO - Processing /home/prabal/afenv/lib/python3.10/site-packages/airflow/example_dags/example_branch_datetime_operator.py took 0.201 seconds
[2024-06-18T14:08:19.256+0545] {processor.py:161} INFO - Started process (PID=21619) to work on /home/prabal/afenv/lib/python3.10/site-packages/airflow/example_dags/example_branch_datetime_operator.py
[2024-06-18T14:08:19.269+0545] {processor.py:830} INFO - Processing file /home/prabal/afenv/lib/python3.10/site-packages/airflow/example_dags/example_branch_datetime_operator.py for tasks to queue
[2024-06-18T14:08:19.273+0545] {logging_mixin.py:188} INFO - [2024-06-18T14:08:19.272+0545] {dagbag.py:545} INFO - Filling up the DagBag from /home/prabal/afenv/lib/python3.10/site-packages/airflow/example_dags/example_branch_datetime_operator.py
[2024-06-18T14:08:19.298+0545] {processor.py:840} INFO - DAG(s) 'example_branch_datetime_operator_3', 'example_branch_datetime_operator_2', 'example_branch_datetime_operator' retrieved from /home/prabal/afenv/lib/python3.10/site-packages/airflow/example_dags/example_branch_datetime_operator.py
[2024-06-18T14:08:19.343+0545] {logging_mixin.py:188} INFO - [2024-06-18T14:08:19.343+0545] {dag.py:3096} INFO - Sync 3 DAGs
[2024-06-18T14:08:19.370+0545] {logging_mixin.py:188} INFO - [2024-06-18T14:08:19.369+0545] {dag.py:3954} INFO - Setting next_dagrun for example_branch_datetime_operator to 2024-06-17 00:00:00+00:00, run_after=2024-06-18 00:00:00+00:00
[2024-06-18T14:08:19.374+0545] {logging_mixin.py:188} INFO - [2024-06-18T14:08:19.373+0545] {dag.py:3954} INFO - Setting next_dagrun for example_branch_datetime_operator_2 to 2024-06-17 00:00:00+00:00, run_after=2024-06-18 00:00:00+00:00
[2024-06-18T14:08:19.376+0545] {logging_mixin.py:188} INFO - [2024-06-18T14:08:19.376+0545] {dag.py:3954} INFO - Setting next_dagrun for example_branch_datetime_operator_3 to 2024-06-17 00:00:00+00:00, run_after=2024-06-18 00:00:00+00:00
[2024-06-18T14:08:19.403+0545] {processor.py:183} INFO - Processing /home/prabal/afenv/lib/python3.10/site-packages/airflow/example_dags/example_branch_datetime_operator.py took 0.160 seconds
[2024-06-18T14:09:13.735+0545] {processor.py:161} INFO - Started process (PID=21882) to work on /home/prabal/afenv/lib/python3.10/site-packages/airflow/example_dags/example_branch_datetime_operator.py
[2024-06-18T14:09:13.749+0545] {processor.py:830} INFO - Processing file /home/prabal/afenv/lib/python3.10/site-packages/airflow/example_dags/example_branch_datetime_operator.py for tasks to queue
[2024-06-18T14:09:13.752+0545] {logging_mixin.py:188} INFO - [2024-06-18T14:09:13.751+0545] {dagbag.py:545} INFO - Filling up the DagBag from /home/prabal/afenv/lib/python3.10/site-packages/airflow/example_dags/example_branch_datetime_operator.py
[2024-06-18T14:09:13.776+0545] {processor.py:840} INFO - DAG(s) 'example_branch_datetime_operator', 'example_branch_datetime_operator_2', 'example_branch_datetime_operator_3' retrieved from /home/prabal/afenv/lib/python3.10/site-packages/airflow/example_dags/example_branch_datetime_operator.py
[2024-06-18T14:09:13.814+0545] {logging_mixin.py:188} INFO - [2024-06-18T14:09:13.814+0545] {dag.py:3096} INFO - Sync 3 DAGs
[2024-06-18T14:09:13.840+0545] {logging_mixin.py:188} INFO - [2024-06-18T14:09:13.840+0545] {dag.py:3954} INFO - Setting next_dagrun for example_branch_datetime_operator to 2024-06-17 00:00:00+00:00, run_after=2024-06-18 00:00:00+00:00
[2024-06-18T14:09:13.846+0545] {logging_mixin.py:188} INFO - [2024-06-18T14:09:13.845+0545] {dag.py:3954} INFO - Setting next_dagrun for example_branch_datetime_operator_2 to 2024-06-17 00:00:00+00:00, run_after=2024-06-18 00:00:00+00:00
[2024-06-18T14:09:13.850+0545] {logging_mixin.py:188} INFO - [2024-06-18T14:09:13.850+0545] {dag.py:3954} INFO - Setting next_dagrun for example_branch_datetime_operator_3 to 2024-06-17 00:00:00+00:00, run_after=2024-06-18 00:00:00+00:00
[2024-06-18T14:09:13.897+0545] {processor.py:183} INFO - Processing /home/prabal/afenv/lib/python3.10/site-packages/airflow/example_dags/example_branch_datetime_operator.py took 0.177 seconds
[2024-06-18T14:10:09.110+0545] {processor.py:161} INFO - Started process (PID=22146) to work on /home/prabal/afenv/lib/python3.10/site-packages/airflow/example_dags/example_branch_datetime_operator.py
[2024-06-18T14:10:09.123+0545] {processor.py:830} INFO - Processing file /home/prabal/afenv/lib/python3.10/site-packages/airflow/example_dags/example_branch_datetime_operator.py for tasks to queue
[2024-06-18T14:10:09.126+0545] {logging_mixin.py:188} INFO - [2024-06-18T14:10:09.125+0545] {dagbag.py:545} INFO - Filling up the DagBag from /home/prabal/afenv/lib/python3.10/site-packages/airflow/example_dags/example_branch_datetime_operator.py
[2024-06-18T14:10:09.143+0545] {processor.py:840} INFO - DAG(s) 'example_branch_datetime_operator_3', 'example_branch_datetime_operator_2', 'example_branch_datetime_operator' retrieved from /home/prabal/afenv/lib/python3.10/site-packages/airflow/example_dags/example_branch_datetime_operator.py
[2024-06-18T14:10:09.164+0545] {logging_mixin.py:188} INFO - [2024-06-18T14:10:09.164+0545] {dag.py:3096} INFO - Sync 3 DAGs
[2024-06-18T14:10:09.187+0545] {logging_mixin.py:188} INFO - [2024-06-18T14:10:09.187+0545] {dag.py:3954} INFO - Setting next_dagrun for example_branch_datetime_operator to 2024-06-17 00:00:00+00:00, run_after=2024-06-18 00:00:00+00:00
[2024-06-18T14:10:09.190+0545] {logging_mixin.py:188} INFO - [2024-06-18T14:10:09.190+0545] {dag.py:3954} INFO - Setting next_dagrun for example_branch_datetime_operator_2 to 2024-06-17 00:00:00+00:00, run_after=2024-06-18 00:00:00+00:00
[2024-06-18T14:10:09.192+0545] {logging_mixin.py:188} INFO - [2024-06-18T14:10:09.191+0545] {dag.py:3954} INFO - Setting next_dagrun for example_branch_datetime_operator_3 to 2024-06-17 00:00:00+00:00, run_after=2024-06-18 00:00:00+00:00
[2024-06-18T14:10:09.217+0545] {processor.py:183} INFO - Processing /home/prabal/afenv/lib/python3.10/site-packages/airflow/example_dags/example_branch_datetime_operator.py took 0.120 seconds
[2024-06-18T14:11:01.697+0545] {processor.py:161} INFO - Started process (PID=22399) to work on /home/prabal/afenv/lib/python3.10/site-packages/airflow/example_dags/example_branch_datetime_operator.py
[2024-06-18T14:11:01.710+0545] {processor.py:830} INFO - Processing file /home/prabal/afenv/lib/python3.10/site-packages/airflow/example_dags/example_branch_datetime_operator.py for tasks to queue
[2024-06-18T14:11:01.713+0545] {logging_mixin.py:188} INFO - [2024-06-18T14:11:01.713+0545] {dagbag.py:545} INFO - Filling up the DagBag from /home/prabal/afenv/lib/python3.10/site-packages/airflow/example_dags/example_branch_datetime_operator.py
[2024-06-18T14:11:01.735+0545] {processor.py:840} INFO - DAG(s) 'example_branch_datetime_operator_2', 'example_branch_datetime_operator', 'example_branch_datetime_operator_3' retrieved from /home/prabal/afenv/lib/python3.10/site-packages/airflow/example_dags/example_branch_datetime_operator.py
[2024-06-18T14:11:01.780+0545] {logging_mixin.py:188} INFO - [2024-06-18T14:11:01.780+0545] {dag.py:3096} INFO - Sync 3 DAGs
[2024-06-18T14:11:01.818+0545] {logging_mixin.py:188} INFO - [2024-06-18T14:11:01.818+0545] {dag.py:3954} INFO - Setting next_dagrun for example_branch_datetime_operator to 2024-06-17 00:00:00+00:00, run_after=2024-06-18 00:00:00+00:00
[2024-06-18T14:11:01.822+0545] {logging_mixin.py:188} INFO - [2024-06-18T14:11:01.822+0545] {dag.py:3954} INFO - Setting next_dagrun for example_branch_datetime_operator_2 to 2024-06-17 00:00:00+00:00, run_after=2024-06-18 00:00:00+00:00
[2024-06-18T14:11:01.824+0545] {logging_mixin.py:188} INFO - [2024-06-18T14:11:01.824+0545] {dag.py:3954} INFO - Setting next_dagrun for example_branch_datetime_operator_3 to 2024-06-17 00:00:00+00:00, run_after=2024-06-18 00:00:00+00:00
[2024-06-18T14:11:01.859+0545] {processor.py:183} INFO - Processing /home/prabal/afenv/lib/python3.10/site-packages/airflow/example_dags/example_branch_datetime_operator.py took 0.175 seconds
[2024-06-18T14:11:56.663+0545] {processor.py:161} INFO - Started process (PID=22665) to work on /home/prabal/afenv/lib/python3.10/site-packages/airflow/example_dags/example_branch_datetime_operator.py
[2024-06-18T14:11:56.677+0545] {processor.py:830} INFO - Processing file /home/prabal/afenv/lib/python3.10/site-packages/airflow/example_dags/example_branch_datetime_operator.py for tasks to queue
[2024-06-18T14:11:56.680+0545] {logging_mixin.py:188} INFO - [2024-06-18T14:11:56.679+0545] {dagbag.py:545} INFO - Filling up the DagBag from /home/prabal/afenv/lib/python3.10/site-packages/airflow/example_dags/example_branch_datetime_operator.py
[2024-06-18T14:11:56.704+0545] {processor.py:840} INFO - DAG(s) 'example_branch_datetime_operator', 'example_branch_datetime_operator_3', 'example_branch_datetime_operator_2' retrieved from /home/prabal/afenv/lib/python3.10/site-packages/airflow/example_dags/example_branch_datetime_operator.py
[2024-06-18T14:11:56.733+0545] {logging_mixin.py:188} INFO - [2024-06-18T14:11:56.733+0545] {dag.py:3096} INFO - Sync 3 DAGs
[2024-06-18T14:11:56.754+0545] {logging_mixin.py:188} INFO - [2024-06-18T14:11:56.753+0545] {dag.py:3954} INFO - Setting next_dagrun for example_branch_datetime_operator to 2024-06-17 00:00:00+00:00, run_after=2024-06-18 00:00:00+00:00
[2024-06-18T14:11:56.758+0545] {logging_mixin.py:188} INFO - [2024-06-18T14:11:56.757+0545] {dag.py:3954} INFO - Setting next_dagrun for example_branch_datetime_operator_2 to 2024-06-17 00:00:00+00:00, run_after=2024-06-18 00:00:00+00:00
[2024-06-18T14:11:56.759+0545] {logging_mixin.py:188} INFO - [2024-06-18T14:11:56.759+0545] {dag.py:3954} INFO - Setting next_dagrun for example_branch_datetime_operator_3 to 2024-06-17 00:00:00+00:00, run_after=2024-06-18 00:00:00+00:00
[2024-06-18T14:11:56.777+0545] {processor.py:183} INFO - Processing /home/prabal/afenv/lib/python3.10/site-packages/airflow/example_dags/example_branch_datetime_operator.py took 0.129 seconds
[2024-06-18T14:12:48.628+0545] {processor.py:161} INFO - Started process (PID=22915) to work on /home/prabal/afenv/lib/python3.10/site-packages/airflow/example_dags/example_branch_datetime_operator.py
[2024-06-18T14:12:48.640+0545] {processor.py:830} INFO - Processing file /home/prabal/afenv/lib/python3.10/site-packages/airflow/example_dags/example_branch_datetime_operator.py for tasks to queue
[2024-06-18T14:12:48.643+0545] {logging_mixin.py:188} INFO - [2024-06-18T14:12:48.643+0545] {dagbag.py:545} INFO - Filling up the DagBag from /home/prabal/afenv/lib/python3.10/site-packages/airflow/example_dags/example_branch_datetime_operator.py
[2024-06-18T14:12:48.667+0545] {processor.py:840} INFO - DAG(s) 'example_branch_datetime_operator_2', 'example_branch_datetime_operator', 'example_branch_datetime_operator_3' retrieved from /home/prabal/afenv/lib/python3.10/site-packages/airflow/example_dags/example_branch_datetime_operator.py
[2024-06-18T14:12:48.711+0545] {logging_mixin.py:188} INFO - [2024-06-18T14:12:48.710+0545] {dag.py:3096} INFO - Sync 3 DAGs
[2024-06-18T14:12:48.748+0545] {logging_mixin.py:188} INFO - [2024-06-18T14:12:48.748+0545] {dag.py:3954} INFO - Setting next_dagrun for example_branch_datetime_operator to 2024-06-17 00:00:00+00:00, run_after=2024-06-18 00:00:00+00:00
[2024-06-18T14:12:48.752+0545] {logging_mixin.py:188} INFO - [2024-06-18T14:12:48.752+0545] {dag.py:3954} INFO - Setting next_dagrun for example_branch_datetime_operator_2 to 2024-06-17 00:00:00+00:00, run_after=2024-06-18 00:00:00+00:00
[2024-06-18T14:12:48.754+0545] {logging_mixin.py:188} INFO - [2024-06-18T14:12:48.753+0545] {dag.py:3954} INFO - Setting next_dagrun for example_branch_datetime_operator_3 to 2024-06-17 00:00:00+00:00, run_after=2024-06-18 00:00:00+00:00
[2024-06-18T14:12:48.784+0545] {processor.py:183} INFO - Processing /home/prabal/afenv/lib/python3.10/site-packages/airflow/example_dags/example_branch_datetime_operator.py took 0.172 seconds
[2024-06-18T14:13:39.624+0545] {processor.py:161} INFO - Started process (PID=23162) to work on /home/prabal/afenv/lib/python3.10/site-packages/airflow/example_dags/example_branch_datetime_operator.py
[2024-06-18T14:13:39.637+0545] {processor.py:830} INFO - Processing file /home/prabal/afenv/lib/python3.10/site-packages/airflow/example_dags/example_branch_datetime_operator.py for tasks to queue
[2024-06-18T14:13:39.639+0545] {logging_mixin.py:188} INFO - [2024-06-18T14:13:39.638+0545] {dagbag.py:545} INFO - Filling up the DagBag from /home/prabal/afenv/lib/python3.10/site-packages/airflow/example_dags/example_branch_datetime_operator.py
[2024-06-18T14:13:39.654+0545] {processor.py:840} INFO - DAG(s) 'example_branch_datetime_operator', 'example_branch_datetime_operator_3', 'example_branch_datetime_operator_2' retrieved from /home/prabal/afenv/lib/python3.10/site-packages/airflow/example_dags/example_branch_datetime_operator.py
[2024-06-18T14:13:39.674+0545] {logging_mixin.py:188} INFO - [2024-06-18T14:13:39.674+0545] {dag.py:3096} INFO - Sync 3 DAGs
[2024-06-18T14:13:39.693+0545] {logging_mixin.py:188} INFO - [2024-06-18T14:13:39.693+0545] {dag.py:3954} INFO - Setting next_dagrun for example_branch_datetime_operator to 2024-06-17 00:00:00+00:00, run_after=2024-06-18 00:00:00+00:00
[2024-06-18T14:13:39.697+0545] {logging_mixin.py:188} INFO - [2024-06-18T14:13:39.697+0545] {dag.py:3954} INFO - Setting next_dagrun for example_branch_datetime_operator_2 to 2024-06-17 00:00:00+00:00, run_after=2024-06-18 00:00:00+00:00
[2024-06-18T14:13:39.699+0545] {logging_mixin.py:188} INFO - [2024-06-18T14:13:39.699+0545] {dag.py:3954} INFO - Setting next_dagrun for example_branch_datetime_operator_3 to 2024-06-17 00:00:00+00:00, run_after=2024-06-18 00:00:00+00:00
[2024-06-18T14:13:39.717+0545] {processor.py:183} INFO - Processing /home/prabal/afenv/lib/python3.10/site-packages/airflow/example_dags/example_branch_datetime_operator.py took 0.107 seconds
[2024-06-18T14:14:32.137+0545] {processor.py:161} INFO - Started process (PID=23415) to work on /home/prabal/afenv/lib/python3.10/site-packages/airflow/example_dags/example_branch_datetime_operator.py
[2024-06-18T14:14:32.150+0545] {processor.py:830} INFO - Processing file /home/prabal/afenv/lib/python3.10/site-packages/airflow/example_dags/example_branch_datetime_operator.py for tasks to queue
[2024-06-18T14:14:32.154+0545] {logging_mixin.py:188} INFO - [2024-06-18T14:14:32.153+0545] {dagbag.py:545} INFO - Filling up the DagBag from /home/prabal/afenv/lib/python3.10/site-packages/airflow/example_dags/example_branch_datetime_operator.py
[2024-06-18T14:14:32.180+0545] {processor.py:840} INFO - DAG(s) 'example_branch_datetime_operator', 'example_branch_datetime_operator_3', 'example_branch_datetime_operator_2' retrieved from /home/prabal/afenv/lib/python3.10/site-packages/airflow/example_dags/example_branch_datetime_operator.py
[2024-06-18T14:14:32.207+0545] {logging_mixin.py:188} INFO - [2024-06-18T14:14:32.206+0545] {dag.py:3096} INFO - Sync 3 DAGs
[2024-06-18T14:14:32.228+0545] {logging_mixin.py:188} INFO - [2024-06-18T14:14:32.227+0545] {dag.py:3954} INFO - Setting next_dagrun for example_branch_datetime_operator to 2024-06-17 00:00:00+00:00, run_after=2024-06-18 00:00:00+00:00
[2024-06-18T14:14:32.234+0545] {logging_mixin.py:188} INFO - [2024-06-18T14:14:32.234+0545] {dag.py:3954} INFO - Setting next_dagrun for example_branch_datetime_operator_2 to 2024-06-17 00:00:00+00:00, run_after=2024-06-18 00:00:00+00:00
[2024-06-18T14:14:32.237+0545] {logging_mixin.py:188} INFO - [2024-06-18T14:14:32.237+0545] {dag.py:3954} INFO - Setting next_dagrun for example_branch_datetime_operator_3 to 2024-06-17 00:00:00+00:00, run_after=2024-06-18 00:00:00+00:00
[2024-06-18T14:14:32.262+0545] {processor.py:183} INFO - Processing /home/prabal/afenv/lib/python3.10/site-packages/airflow/example_dags/example_branch_datetime_operator.py took 0.139 seconds
[2024-06-18T14:15:35.975+0545] {processor.py:161} INFO - Started process (PID=23745) to work on /home/prabal/afenv/lib/python3.10/site-packages/airflow/example_dags/example_branch_datetime_operator.py
[2024-06-18T14:15:35.988+0545] {processor.py:830} INFO - Processing file /home/prabal/afenv/lib/python3.10/site-packages/airflow/example_dags/example_branch_datetime_operator.py for tasks to queue
[2024-06-18T14:15:35.991+0545] {logging_mixin.py:188} INFO - [2024-06-18T14:15:35.990+0545] {dagbag.py:545} INFO - Filling up the DagBag from /home/prabal/afenv/lib/python3.10/site-packages/airflow/example_dags/example_branch_datetime_operator.py
[2024-06-18T14:15:36.012+0545] {processor.py:840} INFO - DAG(s) 'example_branch_datetime_operator_3', 'example_branch_datetime_operator', 'example_branch_datetime_operator_2' retrieved from /home/prabal/afenv/lib/python3.10/site-packages/airflow/example_dags/example_branch_datetime_operator.py
[2024-06-18T14:15:36.039+0545] {logging_mixin.py:188} INFO - [2024-06-18T14:15:36.039+0545] {dag.py:3096} INFO - Sync 3 DAGs
[2024-06-18T14:15:36.075+0545] {logging_mixin.py:188} INFO - [2024-06-18T14:15:36.075+0545] {dag.py:3954} INFO - Setting next_dagrun for example_branch_datetime_operator to 2024-06-17 00:00:00+00:00, run_after=2024-06-18 00:00:00+00:00
[2024-06-18T14:15:36.084+0545] {logging_mixin.py:188} INFO - [2024-06-18T14:15:36.083+0545] {dag.py:3954} INFO - Setting next_dagrun for example_branch_datetime_operator_2 to 2024-06-17 00:00:00+00:00, run_after=2024-06-18 00:00:00+00:00
[2024-06-18T14:15:36.089+0545] {logging_mixin.py:188} INFO - [2024-06-18T14:15:36.088+0545] {dag.py:3954} INFO - Setting next_dagrun for example_branch_datetime_operator_3 to 2024-06-17 00:00:00+00:00, run_after=2024-06-18 00:00:00+00:00
[2024-06-18T14:15:36.138+0545] {processor.py:183} INFO - Processing /home/prabal/afenv/lib/python3.10/site-packages/airflow/example_dags/example_branch_datetime_operator.py took 0.179 seconds
[2024-06-18T14:16:32.934+0545] {processor.py:161} INFO - Started process (PID=24020) to work on /home/prabal/afenv/lib/python3.10/site-packages/airflow/example_dags/example_branch_datetime_operator.py
[2024-06-18T14:16:32.937+0545] {processor.py:830} INFO - Processing file /home/prabal/afenv/lib/python3.10/site-packages/airflow/example_dags/example_branch_datetime_operator.py for tasks to queue
[2024-06-18T14:16:32.940+0545] {logging_mixin.py:188} INFO - [2024-06-18T14:16:32.939+0545] {dagbag.py:545} INFO - Filling up the DagBag from /home/prabal/afenv/lib/python3.10/site-packages/airflow/example_dags/example_branch_datetime_operator.py
[2024-06-18T14:16:32.965+0545] {processor.py:840} INFO - DAG(s) 'example_branch_datetime_operator_3', 'example_branch_datetime_operator_2', 'example_branch_datetime_operator' retrieved from /home/prabal/afenv/lib/python3.10/site-packages/airflow/example_dags/example_branch_datetime_operator.py
[2024-06-18T14:16:32.990+0545] {logging_mixin.py:188} INFO - [2024-06-18T14:16:32.990+0545] {dag.py:3096} INFO - Sync 3 DAGs
[2024-06-18T14:16:33.009+0545] {logging_mixin.py:188} INFO - [2024-06-18T14:16:33.009+0545] {dag.py:3954} INFO - Setting next_dagrun for example_branch_datetime_operator to 2024-06-17 00:00:00+00:00, run_after=2024-06-18 00:00:00+00:00
[2024-06-18T14:16:33.013+0545] {logging_mixin.py:188} INFO - [2024-06-18T14:16:33.013+0545] {dag.py:3954} INFO - Setting next_dagrun for example_branch_datetime_operator_2 to 2024-06-17 00:00:00+00:00, run_after=2024-06-18 00:00:00+00:00
[2024-06-18T14:16:33.015+0545] {logging_mixin.py:188} INFO - [2024-06-18T14:16:33.015+0545] {dag.py:3954} INFO - Setting next_dagrun for example_branch_datetime_operator_3 to 2024-06-17 00:00:00+00:00, run_after=2024-06-18 00:00:00+00:00
[2024-06-18T14:16:33.032+0545] {processor.py:183} INFO - Processing /home/prabal/afenv/lib/python3.10/site-packages/airflow/example_dags/example_branch_datetime_operator.py took 0.112 seconds
[2024-06-18T14:17:26.343+0545] {processor.py:161} INFO - Started process (PID=24279) to work on /home/prabal/afenv/lib/python3.10/site-packages/airflow/example_dags/example_branch_datetime_operator.py
[2024-06-18T14:17:26.357+0545] {processor.py:830} INFO - Processing file /home/prabal/afenv/lib/python3.10/site-packages/airflow/example_dags/example_branch_datetime_operator.py for tasks to queue
[2024-06-18T14:17:26.360+0545] {logging_mixin.py:188} INFO - [2024-06-18T14:17:26.359+0545] {dagbag.py:545} INFO - Filling up the DagBag from /home/prabal/afenv/lib/python3.10/site-packages/airflow/example_dags/example_branch_datetime_operator.py
[2024-06-18T14:17:26.384+0545] {processor.py:840} INFO - DAG(s) 'example_branch_datetime_operator', 'example_branch_datetime_operator_3', 'example_branch_datetime_operator_2' retrieved from /home/prabal/afenv/lib/python3.10/site-packages/airflow/example_dags/example_branch_datetime_operator.py
[2024-06-18T14:17:26.428+0545] {logging_mixin.py:188} INFO - [2024-06-18T14:17:26.428+0545] {dag.py:3096} INFO - Sync 3 DAGs
[2024-06-18T14:17:26.456+0545] {logging_mixin.py:188} INFO - [2024-06-18T14:17:26.456+0545] {dag.py:3954} INFO - Setting next_dagrun for example_branch_datetime_operator to 2024-06-17 00:00:00+00:00, run_after=2024-06-18 00:00:00+00:00
[2024-06-18T14:17:26.459+0545] {logging_mixin.py:188} INFO - [2024-06-18T14:17:26.459+0545] {dag.py:3954} INFO - Setting next_dagrun for example_branch_datetime_operator_2 to 2024-06-17 00:00:00+00:00, run_after=2024-06-18 00:00:00+00:00
[2024-06-18T14:17:26.461+0545] {logging_mixin.py:188} INFO - [2024-06-18T14:17:26.461+0545] {dag.py:3954} INFO - Setting next_dagrun for example_branch_datetime_operator_3 to 2024-06-17 00:00:00+00:00, run_after=2024-06-18 00:00:00+00:00
[2024-06-18T14:17:26.499+0545] {processor.py:183} INFO - Processing /home/prabal/afenv/lib/python3.10/site-packages/airflow/example_dags/example_branch_datetime_operator.py took 0.169 seconds
[2024-06-18T14:18:23.208+0545] {processor.py:161} INFO - Started process (PID=24552) to work on /home/prabal/afenv/lib/python3.10/site-packages/airflow/example_dags/example_branch_datetime_operator.py
[2024-06-18T14:18:23.221+0545] {processor.py:830} INFO - Processing file /home/prabal/afenv/lib/python3.10/site-packages/airflow/example_dags/example_branch_datetime_operator.py for tasks to queue
[2024-06-18T14:18:23.225+0545] {logging_mixin.py:188} INFO - [2024-06-18T14:18:23.224+0545] {dagbag.py:545} INFO - Filling up the DagBag from /home/prabal/afenv/lib/python3.10/site-packages/airflow/example_dags/example_branch_datetime_operator.py
[2024-06-18T14:18:23.246+0545] {processor.py:840} INFO - DAG(s) 'example_branch_datetime_operator', 'example_branch_datetime_operator_2', 'example_branch_datetime_operator_3' retrieved from /home/prabal/afenv/lib/python3.10/site-packages/airflow/example_dags/example_branch_datetime_operator.py
[2024-06-18T14:18:23.280+0545] {logging_mixin.py:188} INFO - [2024-06-18T14:18:23.280+0545] {dag.py:3096} INFO - Sync 3 DAGs
[2024-06-18T14:18:23.307+0545] {logging_mixin.py:188} INFO - [2024-06-18T14:18:23.306+0545] {dag.py:3954} INFO - Setting next_dagrun for example_branch_datetime_operator to 2024-06-17 00:00:00+00:00, run_after=2024-06-18 00:00:00+00:00
[2024-06-18T14:18:23.317+0545] {logging_mixin.py:188} INFO - [2024-06-18T14:18:23.317+0545] {dag.py:3954} INFO - Setting next_dagrun for example_branch_datetime_operator_2 to 2024-06-17 00:00:00+00:00, run_after=2024-06-18 00:00:00+00:00
[2024-06-18T14:18:23.322+0545] {logging_mixin.py:188} INFO - [2024-06-18T14:18:23.322+0545] {dag.py:3954} INFO - Setting next_dagrun for example_branch_datetime_operator_3 to 2024-06-17 00:00:00+00:00, run_after=2024-06-18 00:00:00+00:00
[2024-06-18T14:18:23.365+0545] {processor.py:183} INFO - Processing /home/prabal/afenv/lib/python3.10/site-packages/airflow/example_dags/example_branch_datetime_operator.py took 0.171 seconds
[2024-06-18T14:19:17.505+0545] {processor.py:161} INFO - Started process (PID=24810) to work on /home/prabal/afenv/lib/python3.10/site-packages/airflow/example_dags/example_branch_datetime_operator.py
[2024-06-18T14:19:17.518+0545] {processor.py:830} INFO - Processing file /home/prabal/afenv/lib/python3.10/site-packages/airflow/example_dags/example_branch_datetime_operator.py for tasks to queue
[2024-06-18T14:19:17.522+0545] {logging_mixin.py:188} INFO - [2024-06-18T14:19:17.521+0545] {dagbag.py:545} INFO - Filling up the DagBag from /home/prabal/afenv/lib/python3.10/site-packages/airflow/example_dags/example_branch_datetime_operator.py
[2024-06-18T14:19:17.542+0545] {processor.py:840} INFO - DAG(s) 'example_branch_datetime_operator', 'example_branch_datetime_operator_3', 'example_branch_datetime_operator_2' retrieved from /home/prabal/afenv/lib/python3.10/site-packages/airflow/example_dags/example_branch_datetime_operator.py
[2024-06-18T14:19:17.563+0545] {logging_mixin.py:188} INFO - [2024-06-18T14:19:17.563+0545] {dag.py:3096} INFO - Sync 3 DAGs
[2024-06-18T14:19:17.591+0545] {logging_mixin.py:188} INFO - [2024-06-18T14:19:17.590+0545] {dag.py:3954} INFO - Setting next_dagrun for example_branch_datetime_operator to 2024-06-17 00:00:00+00:00, run_after=2024-06-18 00:00:00+00:00
[2024-06-18T14:19:17.598+0545] {logging_mixin.py:188} INFO - [2024-06-18T14:19:17.598+0545] {dag.py:3954} INFO - Setting next_dagrun for example_branch_datetime_operator_2 to 2024-06-17 00:00:00+00:00, run_after=2024-06-18 00:00:00+00:00
[2024-06-18T14:19:17.601+0545] {logging_mixin.py:188} INFO - [2024-06-18T14:19:17.601+0545] {dag.py:3954} INFO - Setting next_dagrun for example_branch_datetime_operator_3 to 2024-06-17 00:00:00+00:00, run_after=2024-06-18 00:00:00+00:00
[2024-06-18T14:19:17.625+0545] {processor.py:183} INFO - Processing /home/prabal/afenv/lib/python3.10/site-packages/airflow/example_dags/example_branch_datetime_operator.py took 0.134 seconds
[2024-06-18T14:20:11.177+0545] {processor.py:161} INFO - Started process (PID=25068) to work on /home/prabal/afenv/lib/python3.10/site-packages/airflow/example_dags/example_branch_datetime_operator.py
[2024-06-18T14:20:11.191+0545] {processor.py:830} INFO - Processing file /home/prabal/afenv/lib/python3.10/site-packages/airflow/example_dags/example_branch_datetime_operator.py for tasks to queue
[2024-06-18T14:20:11.194+0545] {logging_mixin.py:188} INFO - [2024-06-18T14:20:11.193+0545] {dagbag.py:545} INFO - Filling up the DagBag from /home/prabal/afenv/lib/python3.10/site-packages/airflow/example_dags/example_branch_datetime_operator.py
[2024-06-18T14:20:11.217+0545] {processor.py:840} INFO - DAG(s) 'example_branch_datetime_operator_2', 'example_branch_datetime_operator_3', 'example_branch_datetime_operator' retrieved from /home/prabal/afenv/lib/python3.10/site-packages/airflow/example_dags/example_branch_datetime_operator.py
[2024-06-18T14:20:11.250+0545] {logging_mixin.py:188} INFO - [2024-06-18T14:20:11.250+0545] {dag.py:3096} INFO - Sync 3 DAGs
[2024-06-18T14:20:11.275+0545] {logging_mixin.py:188} INFO - [2024-06-18T14:20:11.274+0545] {dag.py:3954} INFO - Setting next_dagrun for example_branch_datetime_operator to 2024-06-17 00:00:00+00:00, run_after=2024-06-18 00:00:00+00:00
[2024-06-18T14:20:11.278+0545] {logging_mixin.py:188} INFO - [2024-06-18T14:20:11.278+0545] {dag.py:3954} INFO - Setting next_dagrun for example_branch_datetime_operator_2 to 2024-06-17 00:00:00+00:00, run_after=2024-06-18 00:00:00+00:00
[2024-06-18T14:20:11.280+0545] {logging_mixin.py:188} INFO - [2024-06-18T14:20:11.279+0545] {dag.py:3954} INFO - Setting next_dagrun for example_branch_datetime_operator_3 to 2024-06-17 00:00:00+00:00, run_after=2024-06-18 00:00:00+00:00
[2024-06-18T14:20:11.296+0545] {processor.py:183} INFO - Processing /home/prabal/afenv/lib/python3.10/site-packages/airflow/example_dags/example_branch_datetime_operator.py took 0.133 seconds
[2024-06-18T14:21:03.491+0545] {processor.py:161} INFO - Started process (PID=25321) to work on /home/prabal/afenv/lib/python3.10/site-packages/airflow/example_dags/example_branch_datetime_operator.py
[2024-06-18T14:21:03.505+0545] {processor.py:830} INFO - Processing file /home/prabal/afenv/lib/python3.10/site-packages/airflow/example_dags/example_branch_datetime_operator.py for tasks to queue
[2024-06-18T14:21:03.508+0545] {logging_mixin.py:188} INFO - [2024-06-18T14:21:03.507+0545] {dagbag.py:545} INFO - Filling up the DagBag from /home/prabal/afenv/lib/python3.10/site-packages/airflow/example_dags/example_branch_datetime_operator.py
[2024-06-18T14:21:03.532+0545] {processor.py:840} INFO - DAG(s) 'example_branch_datetime_operator_2', 'example_branch_datetime_operator_3', 'example_branch_datetime_operator' retrieved from /home/prabal/afenv/lib/python3.10/site-packages/airflow/example_dags/example_branch_datetime_operator.py
[2024-06-18T14:21:03.555+0545] {logging_mixin.py:188} INFO - [2024-06-18T14:21:03.555+0545] {dag.py:3096} INFO - Sync 3 DAGs
[2024-06-18T14:21:03.576+0545] {logging_mixin.py:188} INFO - [2024-06-18T14:21:03.575+0545] {dag.py:3954} INFO - Setting next_dagrun for example_branch_datetime_operator to 2024-06-17 00:00:00+00:00, run_after=2024-06-18 00:00:00+00:00
[2024-06-18T14:21:03.580+0545] {logging_mixin.py:188} INFO - [2024-06-18T14:21:03.580+0545] {dag.py:3954} INFO - Setting next_dagrun for example_branch_datetime_operator_2 to 2024-06-17 00:00:00+00:00, run_after=2024-06-18 00:00:00+00:00
[2024-06-18T14:21:03.583+0545] {logging_mixin.py:188} INFO - [2024-06-18T14:21:03.582+0545] {dag.py:3954} INFO - Setting next_dagrun for example_branch_datetime_operator_3 to 2024-06-17 00:00:00+00:00, run_after=2024-06-18 00:00:00+00:00
[2024-06-18T14:21:03.600+0545] {processor.py:183} INFO - Processing /home/prabal/afenv/lib/python3.10/site-packages/airflow/example_dags/example_branch_datetime_operator.py took 0.123 seconds
[2024-06-18T14:21:58.852+0545] {processor.py:161} INFO - Started process (PID=25584) to work on /home/prabal/afenv/lib/python3.10/site-packages/airflow/example_dags/example_branch_datetime_operator.py
[2024-06-18T14:21:58.865+0545] {processor.py:830} INFO - Processing file /home/prabal/afenv/lib/python3.10/site-packages/airflow/example_dags/example_branch_datetime_operator.py for tasks to queue
[2024-06-18T14:21:58.868+0545] {logging_mixin.py:188} INFO - [2024-06-18T14:21:58.868+0545] {dagbag.py:545} INFO - Filling up the DagBag from /home/prabal/afenv/lib/python3.10/site-packages/airflow/example_dags/example_branch_datetime_operator.py
[2024-06-18T14:21:58.887+0545] {processor.py:840} INFO - DAG(s) 'example_branch_datetime_operator', 'example_branch_datetime_operator_3', 'example_branch_datetime_operator_2' retrieved from /home/prabal/afenv/lib/python3.10/site-packages/airflow/example_dags/example_branch_datetime_operator.py
[2024-06-18T14:21:58.908+0545] {logging_mixin.py:188} INFO - [2024-06-18T14:21:58.908+0545] {dag.py:3096} INFO - Sync 3 DAGs
[2024-06-18T14:21:58.933+0545] {logging_mixin.py:188} INFO - [2024-06-18T14:21:58.932+0545] {dag.py:3954} INFO - Setting next_dagrun for example_branch_datetime_operator to 2024-06-17 00:00:00+00:00, run_after=2024-06-18 00:00:00+00:00
[2024-06-18T14:21:58.939+0545] {logging_mixin.py:188} INFO - [2024-06-18T14:21:58.938+0545] {dag.py:3954} INFO - Setting next_dagrun for example_branch_datetime_operator_2 to 2024-06-17 00:00:00+00:00, run_after=2024-06-18 00:00:00+00:00
[2024-06-18T14:21:58.941+0545] {logging_mixin.py:188} INFO - [2024-06-18T14:21:58.940+0545] {dag.py:3954} INFO - Setting next_dagrun for example_branch_datetime_operator_3 to 2024-06-17 00:00:00+00:00, run_after=2024-06-18 00:00:00+00:00
[2024-06-18T14:21:58.965+0545] {processor.py:183} INFO - Processing /home/prabal/afenv/lib/python3.10/site-packages/airflow/example_dags/example_branch_datetime_operator.py took 0.128 seconds
[2024-06-18T14:22:53.566+0545] {processor.py:161} INFO - Started process (PID=25848) to work on /home/prabal/afenv/lib/python3.10/site-packages/airflow/example_dags/example_branch_datetime_operator.py
[2024-06-18T14:22:53.579+0545] {processor.py:830} INFO - Processing file /home/prabal/afenv/lib/python3.10/site-packages/airflow/example_dags/example_branch_datetime_operator.py for tasks to queue
[2024-06-18T14:22:53.582+0545] {logging_mixin.py:188} INFO - [2024-06-18T14:22:53.581+0545] {dagbag.py:545} INFO - Filling up the DagBag from /home/prabal/afenv/lib/python3.10/site-packages/airflow/example_dags/example_branch_datetime_operator.py
[2024-06-18T14:22:53.606+0545] {processor.py:840} INFO - DAG(s) 'example_branch_datetime_operator_2', 'example_branch_datetime_operator_3', 'example_branch_datetime_operator' retrieved from /home/prabal/afenv/lib/python3.10/site-packages/airflow/example_dags/example_branch_datetime_operator.py
[2024-06-18T14:22:53.635+0545] {logging_mixin.py:188} INFO - [2024-06-18T14:22:53.635+0545] {dag.py:3096} INFO - Sync 3 DAGs
[2024-06-18T14:22:53.656+0545] {logging_mixin.py:188} INFO - [2024-06-18T14:22:53.656+0545] {dag.py:3954} INFO - Setting next_dagrun for example_branch_datetime_operator to 2024-06-17 00:00:00+00:00, run_after=2024-06-18 00:00:00+00:00
[2024-06-18T14:22:53.660+0545] {logging_mixin.py:188} INFO - [2024-06-18T14:22:53.660+0545] {dag.py:3954} INFO - Setting next_dagrun for example_branch_datetime_operator_2 to 2024-06-17 00:00:00+00:00, run_after=2024-06-18 00:00:00+00:00
[2024-06-18T14:22:53.661+0545] {logging_mixin.py:188} INFO - [2024-06-18T14:22:53.661+0545] {dag.py:3954} INFO - Setting next_dagrun for example_branch_datetime_operator_3 to 2024-06-17 00:00:00+00:00, run_after=2024-06-18 00:00:00+00:00
[2024-06-18T14:22:53.687+0545] {processor.py:183} INFO - Processing /home/prabal/afenv/lib/python3.10/site-packages/airflow/example_dags/example_branch_datetime_operator.py took 0.136 seconds
[2024-06-18T14:23:45.020+0545] {processor.py:161} INFO - Started process (PID=26100) to work on /home/prabal/afenv/lib/python3.10/site-packages/airflow/example_dags/example_branch_datetime_operator.py
[2024-06-18T14:23:45.033+0545] {processor.py:830} INFO - Processing file /home/prabal/afenv/lib/python3.10/site-packages/airflow/example_dags/example_branch_datetime_operator.py for tasks to queue
[2024-06-18T14:23:45.037+0545] {logging_mixin.py:188} INFO - [2024-06-18T14:23:45.036+0545] {dagbag.py:545} INFO - Filling up the DagBag from /home/prabal/afenv/lib/python3.10/site-packages/airflow/example_dags/example_branch_datetime_operator.py
[2024-06-18T14:23:45.060+0545] {processor.py:840} INFO - DAG(s) 'example_branch_datetime_operator', 'example_branch_datetime_operator_3', 'example_branch_datetime_operator_2' retrieved from /home/prabal/afenv/lib/python3.10/site-packages/airflow/example_dags/example_branch_datetime_operator.py
[2024-06-18T14:23:45.092+0545] {logging_mixin.py:188} INFO - [2024-06-18T14:23:45.092+0545] {dag.py:3096} INFO - Sync 3 DAGs
[2024-06-18T14:23:45.111+0545] {logging_mixin.py:188} INFO - [2024-06-18T14:23:45.111+0545] {dag.py:3954} INFO - Setting next_dagrun for example_branch_datetime_operator to 2024-06-17 00:00:00+00:00, run_after=2024-06-18 00:00:00+00:00
[2024-06-18T14:23:45.115+0545] {logging_mixin.py:188} INFO - [2024-06-18T14:23:45.115+0545] {dag.py:3954} INFO - Setting next_dagrun for example_branch_datetime_operator_2 to 2024-06-17 00:00:00+00:00, run_after=2024-06-18 00:00:00+00:00
[2024-06-18T14:23:45.117+0545] {logging_mixin.py:188} INFO - [2024-06-18T14:23:45.117+0545] {dag.py:3954} INFO - Setting next_dagrun for example_branch_datetime_operator_3 to 2024-06-17 00:00:00+00:00, run_after=2024-06-18 00:00:00+00:00
[2024-06-18T14:23:45.134+0545] {processor.py:183} INFO - Processing /home/prabal/afenv/lib/python3.10/site-packages/airflow/example_dags/example_branch_datetime_operator.py took 0.128 seconds
[2024-06-18T17:16:01.939+0545] {processor.py:161} INFO - Started process (PID=4162) to work on /home/prabal/afenv/lib/python3.10/site-packages/airflow/example_dags/example_branch_datetime_operator.py
[2024-06-18T17:16:01.941+0545] {processor.py:830} INFO - Processing file /home/prabal/afenv/lib/python3.10/site-packages/airflow/example_dags/example_branch_datetime_operator.py for tasks to queue
[2024-06-18T17:16:01.945+0545] {logging_mixin.py:188} INFO - [2024-06-18T17:16:01.944+0545] {dagbag.py:545} INFO - Filling up the DagBag from /home/prabal/afenv/lib/python3.10/site-packages/airflow/example_dags/example_branch_datetime_operator.py
[2024-06-18T17:16:01.968+0545] {processor.py:840} INFO - DAG(s) 'example_branch_datetime_operator_2', 'example_branch_datetime_operator_3', 'example_branch_datetime_operator' retrieved from /home/prabal/afenv/lib/python3.10/site-packages/airflow/example_dags/example_branch_datetime_operator.py
[2024-06-18T17:16:02.116+0545] {logging_mixin.py:188} INFO - [2024-06-18T17:16:02.116+0545] {dag.py:3096} INFO - Sync 3 DAGs
[2024-06-18T17:16:02.142+0545] {logging_mixin.py:188} INFO - [2024-06-18T17:16:02.141+0545] {dag.py:3954} INFO - Setting next_dagrun for example_branch_datetime_operator to 2024-06-17 00:00:00+00:00, run_after=2024-06-18 00:00:00+00:00
[2024-06-18T17:16:02.150+0545] {logging_mixin.py:188} INFO - [2024-06-18T17:16:02.149+0545] {dag.py:3954} INFO - Setting next_dagrun for example_branch_datetime_operator_2 to 2024-06-17 00:00:00+00:00, run_after=2024-06-18 00:00:00+00:00
[2024-06-18T17:16:02.154+0545] {logging_mixin.py:188} INFO - [2024-06-18T17:16:02.154+0545] {dag.py:3954} INFO - Setting next_dagrun for example_branch_datetime_operator_3 to 2024-06-17 00:00:00+00:00, run_after=2024-06-18 00:00:00+00:00
[2024-06-18T17:16:02.187+0545] {processor.py:183} INFO - Processing /home/prabal/afenv/lib/python3.10/site-packages/airflow/example_dags/example_branch_datetime_operator.py took 0.259 seconds
[2024-06-18T17:17:43.760+0545] {processor.py:161} INFO - Started process (PID=4688) to work on /home/prabal/afenv/lib/python3.10/site-packages/airflow/example_dags/example_branch_datetime_operator.py
[2024-06-18T17:17:43.773+0545] {processor.py:830} INFO - Processing file /home/prabal/afenv/lib/python3.10/site-packages/airflow/example_dags/example_branch_datetime_operator.py for tasks to queue
[2024-06-18T17:17:43.775+0545] {logging_mixin.py:188} INFO - [2024-06-18T17:17:43.775+0545] {dagbag.py:545} INFO - Filling up the DagBag from /home/prabal/afenv/lib/python3.10/site-packages/airflow/example_dags/example_branch_datetime_operator.py
[2024-06-18T17:17:43.798+0545] {processor.py:840} INFO - DAG(s) 'example_branch_datetime_operator_3', 'example_branch_datetime_operator', 'example_branch_datetime_operator_2' retrieved from /home/prabal/afenv/lib/python3.10/site-packages/airflow/example_dags/example_branch_datetime_operator.py
[2024-06-18T17:17:43.836+0545] {logging_mixin.py:188} INFO - [2024-06-18T17:17:43.836+0545] {dag.py:3096} INFO - Sync 3 DAGs
[2024-06-18T17:17:43.854+0545] {logging_mixin.py:188} INFO - [2024-06-18T17:17:43.854+0545] {dag.py:3954} INFO - Setting next_dagrun for example_branch_datetime_operator to 2024-06-17 00:00:00+00:00, run_after=2024-06-18 00:00:00+00:00
[2024-06-18T17:17:43.858+0545] {logging_mixin.py:188} INFO - [2024-06-18T17:17:43.857+0545] {dag.py:3954} INFO - Setting next_dagrun for example_branch_datetime_operator_2 to 2024-06-17 00:00:00+00:00, run_after=2024-06-18 00:00:00+00:00
[2024-06-18T17:17:43.861+0545] {logging_mixin.py:188} INFO - [2024-06-18T17:17:43.860+0545] {dag.py:3954} INFO - Setting next_dagrun for example_branch_datetime_operator_3 to 2024-06-17 00:00:00+00:00, run_after=2024-06-18 00:00:00+00:00
[2024-06-18T17:17:43.888+0545] {processor.py:183} INFO - Processing /home/prabal/afenv/lib/python3.10/site-packages/airflow/example_dags/example_branch_datetime_operator.py took 0.139 seconds
[2024-06-18T17:18:43.446+0545] {processor.py:161} INFO - Started process (PID=5303) to work on /home/prabal/afenv/lib/python3.10/site-packages/airflow/example_dags/example_branch_datetime_operator.py
[2024-06-18T17:18:43.448+0545] {processor.py:830} INFO - Processing file /home/prabal/afenv/lib/python3.10/site-packages/airflow/example_dags/example_branch_datetime_operator.py for tasks to queue
[2024-06-18T17:18:43.449+0545] {logging_mixin.py:188} INFO - [2024-06-18T17:18:43.448+0545] {dagbag.py:545} INFO - Filling up the DagBag from /home/prabal/afenv/lib/python3.10/site-packages/airflow/example_dags/example_branch_datetime_operator.py
[2024-06-18T17:18:43.467+0545] {processor.py:840} INFO - DAG(s) 'example_branch_datetime_operator_3', 'example_branch_datetime_operator_2', 'example_branch_datetime_operator' retrieved from /home/prabal/afenv/lib/python3.10/site-packages/airflow/example_dags/example_branch_datetime_operator.py
[2024-06-18T17:18:43.571+0545] {logging_mixin.py:188} INFO - [2024-06-18T17:18:43.571+0545] {dag.py:3096} INFO - Sync 3 DAGs
[2024-06-18T17:18:43.586+0545] {logging_mixin.py:188} INFO - [2024-06-18T17:18:43.586+0545] {dag.py:3954} INFO - Setting next_dagrun for example_branch_datetime_operator to 2024-06-17 00:00:00+00:00, run_after=2024-06-18 00:00:00+00:00
[2024-06-18T17:18:43.590+0545] {logging_mixin.py:188} INFO - [2024-06-18T17:18:43.590+0545] {dag.py:3954} INFO - Setting next_dagrun for example_branch_datetime_operator_2 to 2024-06-17 00:00:00+00:00, run_after=2024-06-18 00:00:00+00:00
[2024-06-18T17:18:43.592+0545] {logging_mixin.py:188} INFO - [2024-06-18T17:18:43.592+0545] {dag.py:3954} INFO - Setting next_dagrun for example_branch_datetime_operator_3 to 2024-06-17 00:00:00+00:00, run_after=2024-06-18 00:00:00+00:00
[2024-06-18T17:18:43.609+0545] {processor.py:183} INFO - Processing /home/prabal/afenv/lib/python3.10/site-packages/airflow/example_dags/example_branch_datetime_operator.py took 0.172 seconds
[2024-06-18T17:19:42.130+0545] {processor.py:161} INFO - Started process (PID=5829) to work on /home/prabal/afenv/lib/python3.10/site-packages/airflow/example_dags/example_branch_datetime_operator.py
[2024-06-18T17:19:42.133+0545] {processor.py:830} INFO - Processing file /home/prabal/afenv/lib/python3.10/site-packages/airflow/example_dags/example_branch_datetime_operator.py for tasks to queue
[2024-06-18T17:19:42.135+0545] {logging_mixin.py:188} INFO - [2024-06-18T17:19:42.134+0545] {dagbag.py:545} INFO - Filling up the DagBag from /home/prabal/afenv/lib/python3.10/site-packages/airflow/example_dags/example_branch_datetime_operator.py
[2024-06-18T17:19:42.159+0545] {processor.py:840} INFO - DAG(s) 'example_branch_datetime_operator', 'example_branch_datetime_operator_2', 'example_branch_datetime_operator_3' retrieved from /home/prabal/afenv/lib/python3.10/site-packages/airflow/example_dags/example_branch_datetime_operator.py
[2024-06-18T17:19:42.190+0545] {logging_mixin.py:188} INFO - [2024-06-18T17:19:42.190+0545] {dag.py:3096} INFO - Sync 3 DAGs
[2024-06-18T17:19:42.227+0545] {logging_mixin.py:188} INFO - [2024-06-18T17:19:42.227+0545] {dag.py:3954} INFO - Setting next_dagrun for example_branch_datetime_operator to 2024-06-17 00:00:00+00:00, run_after=2024-06-18 00:00:00+00:00
[2024-06-18T17:19:42.234+0545] {logging_mixin.py:188} INFO - [2024-06-18T17:19:42.234+0545] {dag.py:3954} INFO - Setting next_dagrun for example_branch_datetime_operator_2 to 2024-06-17 00:00:00+00:00, run_after=2024-06-18 00:00:00+00:00
[2024-06-18T17:19:42.237+0545] {logging_mixin.py:188} INFO - [2024-06-18T17:19:42.236+0545] {dag.py:3954} INFO - Setting next_dagrun for example_branch_datetime_operator_3 to 2024-06-17 00:00:00+00:00, run_after=2024-06-18 00:00:00+00:00
[2024-06-18T17:19:42.273+0545] {processor.py:183} INFO - Processing /home/prabal/afenv/lib/python3.10/site-packages/airflow/example_dags/example_branch_datetime_operator.py took 0.156 seconds
[2024-06-18T17:20:35.667+0545] {processor.py:161} INFO - Started process (PID=6485) to work on /home/prabal/afenv/lib/python3.10/site-packages/airflow/example_dags/example_branch_datetime_operator.py
[2024-06-18T17:20:35.680+0545] {processor.py:830} INFO - Processing file /home/prabal/afenv/lib/python3.10/site-packages/airflow/example_dags/example_branch_datetime_operator.py for tasks to queue
[2024-06-18T17:20:35.682+0545] {logging_mixin.py:188} INFO - [2024-06-18T17:20:35.681+0545] {dagbag.py:545} INFO - Filling up the DagBag from /home/prabal/afenv/lib/python3.10/site-packages/airflow/example_dags/example_branch_datetime_operator.py
[2024-06-18T17:20:35.703+0545] {processor.py:840} INFO - DAG(s) 'example_branch_datetime_operator', 'example_branch_datetime_operator_2', 'example_branch_datetime_operator_3' retrieved from /home/prabal/afenv/lib/python3.10/site-packages/airflow/example_dags/example_branch_datetime_operator.py
[2024-06-18T17:20:35.730+0545] {logging_mixin.py:188} INFO - [2024-06-18T17:20:35.730+0545] {dag.py:3096} INFO - Sync 3 DAGs
[2024-06-18T17:20:35.762+0545] {logging_mixin.py:188} INFO - [2024-06-18T17:20:35.762+0545] {dag.py:3954} INFO - Setting next_dagrun for example_branch_datetime_operator to 2024-06-17 00:00:00+00:00, run_after=2024-06-18 00:00:00+00:00
[2024-06-18T17:20:35.766+0545] {logging_mixin.py:188} INFO - [2024-06-18T17:20:35.766+0545] {dag.py:3954} INFO - Setting next_dagrun for example_branch_datetime_operator_2 to 2024-06-17 00:00:00+00:00, run_after=2024-06-18 00:00:00+00:00
[2024-06-18T17:20:35.769+0545] {logging_mixin.py:188} INFO - [2024-06-18T17:20:35.769+0545] {dag.py:3954} INFO - Setting next_dagrun for example_branch_datetime_operator_3 to 2024-06-17 00:00:00+00:00, run_after=2024-06-18 00:00:00+00:00
[2024-06-18T17:20:35.790+0545] {processor.py:183} INFO - Processing /home/prabal/afenv/lib/python3.10/site-packages/airflow/example_dags/example_branch_datetime_operator.py took 0.136 seconds
[2024-06-18T17:22:08.858+0545] {processor.py:161} INFO - Started process (PID=7047) to work on /home/prabal/afenv/lib/python3.10/site-packages/airflow/example_dags/example_branch_datetime_operator.py
[2024-06-18T17:22:08.860+0545] {processor.py:830} INFO - Processing file /home/prabal/afenv/lib/python3.10/site-packages/airflow/example_dags/example_branch_datetime_operator.py for tasks to queue
[2024-06-18T17:22:08.863+0545] {logging_mixin.py:188} INFO - [2024-06-18T17:22:08.862+0545] {dagbag.py:545} INFO - Filling up the DagBag from /home/prabal/afenv/lib/python3.10/site-packages/airflow/example_dags/example_branch_datetime_operator.py
[2024-06-18T17:22:08.883+0545] {processor.py:840} INFO - DAG(s) 'example_branch_datetime_operator', 'example_branch_datetime_operator_2', 'example_branch_datetime_operator_3' retrieved from /home/prabal/afenv/lib/python3.10/site-packages/airflow/example_dags/example_branch_datetime_operator.py
[2024-06-18T17:22:08.893+0545] {logging_mixin.py:188} INFO - [2024-06-18T17:22:08.893+0545] {dag.py:3096} INFO - Sync 3 DAGs
[2024-06-18T17:22:08.920+0545] {logging_mixin.py:188} INFO - [2024-06-18T17:22:08.920+0545] {dag.py:3954} INFO - Setting next_dagrun for example_branch_datetime_operator to 2024-06-17 00:00:00+00:00, run_after=2024-06-18 00:00:00+00:00
[2024-06-18T17:22:08.924+0545] {logging_mixin.py:188} INFO - [2024-06-18T17:22:08.924+0545] {dag.py:3954} INFO - Setting next_dagrun for example_branch_datetime_operator_2 to 2024-06-17 00:00:00+00:00, run_after=2024-06-18 00:00:00+00:00
[2024-06-18T17:22:08.927+0545] {logging_mixin.py:188} INFO - [2024-06-18T17:22:08.927+0545] {dag.py:3954} INFO - Setting next_dagrun for example_branch_datetime_operator_3 to 2024-06-17 00:00:00+00:00, run_after=2024-06-18 00:00:00+00:00
[2024-06-18T17:22:08.952+0545] {processor.py:183} INFO - Processing /home/prabal/afenv/lib/python3.10/site-packages/airflow/example_dags/example_branch_datetime_operator.py took 0.102 seconds
[2024-06-18T17:23:18.323+0545] {processor.py:161} INFO - Started process (PID=7403) to work on /home/prabal/afenv/lib/python3.10/site-packages/airflow/example_dags/example_branch_datetime_operator.py
[2024-06-18T17:23:18.325+0545] {processor.py:830} INFO - Processing file /home/prabal/afenv/lib/python3.10/site-packages/airflow/example_dags/example_branch_datetime_operator.py for tasks to queue
[2024-06-18T17:23:18.328+0545] {logging_mixin.py:188} INFO - [2024-06-18T17:23:18.328+0545] {dagbag.py:545} INFO - Filling up the DagBag from /home/prabal/afenv/lib/python3.10/site-packages/airflow/example_dags/example_branch_datetime_operator.py
[2024-06-18T17:23:18.347+0545] {processor.py:840} INFO - DAG(s) 'example_branch_datetime_operator_2', 'example_branch_datetime_operator', 'example_branch_datetime_operator_3' retrieved from /home/prabal/afenv/lib/python3.10/site-packages/airflow/example_dags/example_branch_datetime_operator.py
[2024-06-18T17:23:18.519+0545] {logging_mixin.py:188} INFO - [2024-06-18T17:23:18.519+0545] {dag.py:3096} INFO - Sync 3 DAGs
[2024-06-18T17:23:18.531+0545] {logging_mixin.py:188} INFO - [2024-06-18T17:23:18.531+0545] {dag.py:3954} INFO - Setting next_dagrun for example_branch_datetime_operator to 2024-06-17 00:00:00+00:00, run_after=2024-06-18 00:00:00+00:00
[2024-06-18T17:23:18.534+0545] {logging_mixin.py:188} INFO - [2024-06-18T17:23:18.534+0545] {dag.py:3954} INFO - Setting next_dagrun for example_branch_datetime_operator_2 to 2024-06-17 00:00:00+00:00, run_after=2024-06-18 00:00:00+00:00
[2024-06-18T17:23:18.536+0545] {logging_mixin.py:188} INFO - [2024-06-18T17:23:18.536+0545] {dag.py:3954} INFO - Setting next_dagrun for example_branch_datetime_operator_3 to 2024-06-17 00:00:00+00:00, run_after=2024-06-18 00:00:00+00:00
[2024-06-18T17:23:18.552+0545] {processor.py:183} INFO - Processing /home/prabal/afenv/lib/python3.10/site-packages/airflow/example_dags/example_branch_datetime_operator.py took 0.240 seconds
