[2024-06-18T13:42:59.335+0545] {processor.py:161} INFO - Started process (PID=14327) to work on /home/prabal/afenv/lib/python3.10/site-packages/airflow/example_dags/example_dag_decorator.py
[2024-06-18T13:42:59.337+0545] {processor.py:830} INFO - Processing file /home/prabal/afenv/lib/python3.10/site-packages/airflow/example_dags/example_dag_decorator.py for tasks to queue
[2024-06-18T13:42:59.340+0545] {logging_mixin.py:188} INFO - [2024-06-18T13:42:59.340+0545] {dagbag.py:545} INFO - Filling up the DagBag from /home/prabal/afenv/lib/python3.10/site-packages/airflow/example_dags/example_dag_decorator.py
[2024-06-18T13:42:59.549+0545] {processor.py:840} INFO - DAG(s) 'example_dag_decorator' retrieved from /home/prabal/afenv/lib/python3.10/site-packages/airflow/example_dags/example_dag_decorator.py
[2024-06-18T13:42:59.645+0545] {logging_mixin.py:188} INFO - [2024-06-18T13:42:59.644+0545] {override.py:1829} INFO - Created Permission View: can read on DAG:example_dag_decorator
[2024-06-18T13:42:59.661+0545] {logging_mixin.py:188} INFO - [2024-06-18T13:42:59.661+0545] {override.py:1829} INFO - Created Permission View: can edit on DAG:example_dag_decorator
[2024-06-18T13:42:59.669+0545] {logging_mixin.py:188} INFO - [2024-06-18T13:42:59.668+0545] {override.py:1829} INFO - Created Permission View: can delete on DAG:example_dag_decorator
[2024-06-18T13:42:59.669+0545] {logging_mixin.py:188} INFO - [2024-06-18T13:42:59.669+0545] {dag.py:3096} INFO - Sync 1 DAGs
[2024-06-18T13:42:59.677+0545] {logging_mixin.py:188} INFO - [2024-06-18T13:42:59.676+0545] {dag.py:3118} INFO - Creating ORM DAG for example_dag_decorator
[2024-06-18T13:42:59.677+0545] {logging_mixin.py:188} INFO - [2024-06-18T13:42:59.677+0545] {dag.py:3954} INFO - Setting next_dagrun for example_dag_decorator to None, run_after=None
[2024-06-18T13:42:59.693+0545] {processor.py:183} INFO - Processing /home/prabal/afenv/lib/python3.10/site-packages/airflow/example_dags/example_dag_decorator.py took 0.373 seconds
[2024-06-18T13:43:55.264+0545] {processor.py:161} INFO - Started process (PID=14614) to work on /home/prabal/afenv/lib/python3.10/site-packages/airflow/example_dags/example_dag_decorator.py
[2024-06-18T13:43:55.277+0545] {processor.py:830} INFO - Processing file /home/prabal/afenv/lib/python3.10/site-packages/airflow/example_dags/example_dag_decorator.py for tasks to queue
[2024-06-18T13:43:55.281+0545] {logging_mixin.py:188} INFO - [2024-06-18T13:43:55.280+0545] {dagbag.py:545} INFO - Filling up the DagBag from /home/prabal/afenv/lib/python3.10/site-packages/airflow/example_dags/example_dag_decorator.py
[2024-06-18T13:43:55.457+0545] {processor.py:840} INFO - DAG(s) 'example_dag_decorator' retrieved from /home/prabal/afenv/lib/python3.10/site-packages/airflow/example_dags/example_dag_decorator.py
[2024-06-18T13:43:55.543+0545] {logging_mixin.py:188} INFO - [2024-06-18T13:43:55.543+0545] {dag.py:3096} INFO - Sync 1 DAGs
[2024-06-18T13:43:55.551+0545] {logging_mixin.py:188} INFO - [2024-06-18T13:43:55.551+0545] {dag.py:3954} INFO - Setting next_dagrun for example_dag_decorator to None, run_after=None
[2024-06-18T13:43:55.580+0545] {processor.py:183} INFO - Processing /home/prabal/afenv/lib/python3.10/site-packages/airflow/example_dags/example_dag_decorator.py took 0.330 seconds
[2024-06-18T13:44:59.385+0545] {processor.py:161} INFO - Started process (PID=14919) to work on /home/prabal/afenv/lib/python3.10/site-packages/airflow/example_dags/example_dag_decorator.py
[2024-06-18T13:44:59.388+0545] {processor.py:830} INFO - Processing file /home/prabal/afenv/lib/python3.10/site-packages/airflow/example_dags/example_dag_decorator.py for tasks to queue
[2024-06-18T13:44:59.393+0545] {logging_mixin.py:188} INFO - [2024-06-18T13:44:59.392+0545] {dagbag.py:545} INFO - Filling up the DagBag from /home/prabal/afenv/lib/python3.10/site-packages/airflow/example_dags/example_dag_decorator.py
[2024-06-18T13:44:59.574+0545] {processor.py:840} INFO - DAG(s) 'example_dag_decorator' retrieved from /home/prabal/afenv/lib/python3.10/site-packages/airflow/example_dags/example_dag_decorator.py
[2024-06-18T13:44:59.702+0545] {logging_mixin.py:188} INFO - [2024-06-18T13:44:59.702+0545] {dag.py:3096} INFO - Sync 1 DAGs
[2024-06-18T13:44:59.722+0545] {logging_mixin.py:188} INFO - [2024-06-18T13:44:59.722+0545] {dag.py:3954} INFO - Setting next_dagrun for example_dag_decorator to None, run_after=None
[2024-06-18T13:44:59.765+0545] {processor.py:183} INFO - Processing /home/prabal/afenv/lib/python3.10/site-packages/airflow/example_dags/example_dag_decorator.py took 0.397 seconds
[2024-06-18T13:45:54.226+0545] {processor.py:161} INFO - Started process (PID=15183) to work on /home/prabal/afenv/lib/python3.10/site-packages/airflow/example_dags/example_dag_decorator.py
[2024-06-18T13:45:54.238+0545] {processor.py:830} INFO - Processing file /home/prabal/afenv/lib/python3.10/site-packages/airflow/example_dags/example_dag_decorator.py for tasks to queue
[2024-06-18T13:45:54.240+0545] {logging_mixin.py:188} INFO - [2024-06-18T13:45:54.240+0545] {dagbag.py:545} INFO - Filling up the DagBag from /home/prabal/afenv/lib/python3.10/site-packages/airflow/example_dags/example_dag_decorator.py
[2024-06-18T13:45:54.315+0545] {processor.py:840} INFO - DAG(s) 'example_dag_decorator' retrieved from /home/prabal/afenv/lib/python3.10/site-packages/airflow/example_dags/example_dag_decorator.py
[2024-06-18T13:45:54.411+0545] {logging_mixin.py:188} INFO - [2024-06-18T13:45:54.411+0545] {dag.py:3096} INFO - Sync 1 DAGs
[2024-06-18T13:45:54.418+0545] {logging_mixin.py:188} INFO - [2024-06-18T13:45:54.418+0545] {dag.py:3954} INFO - Setting next_dagrun for example_dag_decorator to None, run_after=None
[2024-06-18T13:45:54.445+0545] {processor.py:183} INFO - Processing /home/prabal/afenv/lib/python3.10/site-packages/airflow/example_dags/example_dag_decorator.py took 0.225 seconds
[2024-06-18T13:46:50.387+0545] {processor.py:161} INFO - Started process (PID=15454) to work on /home/prabal/afenv/lib/python3.10/site-packages/airflow/example_dags/example_dag_decorator.py
[2024-06-18T13:46:50.399+0545] {processor.py:830} INFO - Processing file /home/prabal/afenv/lib/python3.10/site-packages/airflow/example_dags/example_dag_decorator.py for tasks to queue
[2024-06-18T13:46:50.403+0545] {logging_mixin.py:188} INFO - [2024-06-18T13:46:50.402+0545] {dagbag.py:545} INFO - Filling up the DagBag from /home/prabal/afenv/lib/python3.10/site-packages/airflow/example_dags/example_dag_decorator.py
[2024-06-18T13:46:50.484+0545] {processor.py:840} INFO - DAG(s) 'example_dag_decorator' retrieved from /home/prabal/afenv/lib/python3.10/site-packages/airflow/example_dags/example_dag_decorator.py
[2024-06-18T13:46:50.562+0545] {logging_mixin.py:188} INFO - [2024-06-18T13:46:50.561+0545] {dag.py:3096} INFO - Sync 1 DAGs
[2024-06-18T13:46:50.569+0545] {logging_mixin.py:188} INFO - [2024-06-18T13:46:50.569+0545] {dag.py:3954} INFO - Setting next_dagrun for example_dag_decorator to None, run_after=None
[2024-06-18T13:46:50.598+0545] {processor.py:183} INFO - Processing /home/prabal/afenv/lib/python3.10/site-packages/airflow/example_dags/example_dag_decorator.py took 0.221 seconds
[2024-06-18T13:48:05.451+0545] {processor.py:161} INFO - Started process (PID=15822) to work on /home/prabal/afenv/lib/python3.10/site-packages/airflow/example_dags/example_dag_decorator.py
[2024-06-18T13:48:05.464+0545] {processor.py:830} INFO - Processing file /home/prabal/afenv/lib/python3.10/site-packages/airflow/example_dags/example_dag_decorator.py for tasks to queue
[2024-06-18T13:48:05.468+0545] {logging_mixin.py:188} INFO - [2024-06-18T13:48:05.467+0545] {dagbag.py:545} INFO - Filling up the DagBag from /home/prabal/afenv/lib/python3.10/site-packages/airflow/example_dags/example_dag_decorator.py
[2024-06-18T13:48:05.588+0545] {processor.py:840} INFO - DAG(s) 'example_dag_decorator' retrieved from /home/prabal/afenv/lib/python3.10/site-packages/airflow/example_dags/example_dag_decorator.py
[2024-06-18T13:48:05.671+0545] {logging_mixin.py:188} INFO - [2024-06-18T13:48:05.671+0545] {dag.py:3096} INFO - Sync 1 DAGs
[2024-06-18T13:48:05.681+0545] {logging_mixin.py:188} INFO - [2024-06-18T13:48:05.681+0545] {dag.py:3954} INFO - Setting next_dagrun for example_dag_decorator to None, run_after=None
[2024-06-18T13:48:05.713+0545] {processor.py:183} INFO - Processing /home/prabal/afenv/lib/python3.10/site-packages/airflow/example_dags/example_dag_decorator.py took 0.276 seconds
[2024-06-18T13:50:17.627+0545] {processor.py:161} INFO - Started process (PID=16477) to work on /home/prabal/afenv/lib/python3.10/site-packages/airflow/example_dags/example_dag_decorator.py
[2024-06-18T13:50:17.639+0545] {processor.py:830} INFO - Processing file /home/prabal/afenv/lib/python3.10/site-packages/airflow/example_dags/example_dag_decorator.py for tasks to queue
[2024-06-18T13:50:17.642+0545] {logging_mixin.py:188} INFO - [2024-06-18T13:50:17.641+0545] {dagbag.py:545} INFO - Filling up the DagBag from /home/prabal/afenv/lib/python3.10/site-packages/airflow/example_dags/example_dag_decorator.py
[2024-06-18T13:50:17.734+0545] {processor.py:840} INFO - DAG(s) 'example_dag_decorator' retrieved from /home/prabal/afenv/lib/python3.10/site-packages/airflow/example_dags/example_dag_decorator.py
[2024-06-18T13:50:17.834+0545] {logging_mixin.py:188} INFO - [2024-06-18T13:50:17.834+0545] {dag.py:3096} INFO - Sync 1 DAGs
[2024-06-18T13:50:17.846+0545] {logging_mixin.py:188} INFO - [2024-06-18T13:50:17.846+0545] {dag.py:3954} INFO - Setting next_dagrun for example_dag_decorator to None, run_after=None
[2024-06-18T13:50:17.880+0545] {processor.py:183} INFO - Processing /home/prabal/afenv/lib/python3.10/site-packages/airflow/example_dags/example_dag_decorator.py took 0.269 seconds
[2024-06-18T13:52:00.408+0545] {processor.py:161} INFO - Started process (PID=17018) to work on /home/prabal/afenv/lib/python3.10/site-packages/airflow/example_dags/example_dag_decorator.py
[2024-06-18T13:52:00.421+0545] {processor.py:830} INFO - Processing file /home/prabal/afenv/lib/python3.10/site-packages/airflow/example_dags/example_dag_decorator.py for tasks to queue
[2024-06-18T13:52:00.422+0545] {logging_mixin.py:188} INFO - [2024-06-18T13:52:00.422+0545] {dagbag.py:545} INFO - Filling up the DagBag from /home/prabal/afenv/lib/python3.10/site-packages/airflow/example_dags/example_dag_decorator.py
[2024-06-18T13:52:00.524+0545] {processor.py:840} INFO - DAG(s) 'example_dag_decorator' retrieved from /home/prabal/afenv/lib/python3.10/site-packages/airflow/example_dags/example_dag_decorator.py
[2024-06-18T13:52:00.542+0545] {logging_mixin.py:188} INFO - [2024-06-18T13:52:00.542+0545] {dag.py:3096} INFO - Sync 1 DAGs
[2024-06-18T13:52:00.555+0545] {logging_mixin.py:188} INFO - [2024-06-18T13:52:00.555+0545] {dag.py:3954} INFO - Setting next_dagrun for example_dag_decorator to None, run_after=None
[2024-06-18T13:52:00.593+0545] {processor.py:183} INFO - Processing /home/prabal/afenv/lib/python3.10/site-packages/airflow/example_dags/example_dag_decorator.py took 0.191 seconds
[2024-06-18T13:53:15.921+0545] {processor.py:161} INFO - Started process (PID=17415) to work on /home/prabal/afenv/lib/python3.10/site-packages/airflow/example_dags/example_dag_decorator.py
[2024-06-18T13:53:15.933+0545] {processor.py:830} INFO - Processing file /home/prabal/afenv/lib/python3.10/site-packages/airflow/example_dags/example_dag_decorator.py for tasks to queue
[2024-06-18T13:53:15.937+0545] {logging_mixin.py:188} INFO - [2024-06-18T13:53:15.936+0545] {dagbag.py:545} INFO - Filling up the DagBag from /home/prabal/afenv/lib/python3.10/site-packages/airflow/example_dags/example_dag_decorator.py
[2024-06-18T13:53:16.039+0545] {processor.py:840} INFO - DAG(s) 'example_dag_decorator' retrieved from /home/prabal/afenv/lib/python3.10/site-packages/airflow/example_dags/example_dag_decorator.py
[2024-06-18T13:53:16.134+0545] {logging_mixin.py:188} INFO - [2024-06-18T13:53:16.134+0545] {dag.py:3096} INFO - Sync 1 DAGs
[2024-06-18T13:53:16.142+0545] {logging_mixin.py:188} INFO - [2024-06-18T13:53:16.142+0545] {dag.py:3954} INFO - Setting next_dagrun for example_dag_decorator to None, run_after=None
[2024-06-18T13:53:16.175+0545] {processor.py:183} INFO - Processing /home/prabal/afenv/lib/python3.10/site-packages/airflow/example_dags/example_dag_decorator.py took 0.269 seconds
[2024-06-18T13:54:17.303+0545] {processor.py:161} INFO - Started process (PID=17714) to work on /home/prabal/afenv/lib/python3.10/site-packages/airflow/example_dags/example_dag_decorator.py
[2024-06-18T13:54:17.317+0545] {processor.py:830} INFO - Processing file /home/prabal/afenv/lib/python3.10/site-packages/airflow/example_dags/example_dag_decorator.py for tasks to queue
[2024-06-18T13:54:17.320+0545] {logging_mixin.py:188} INFO - [2024-06-18T13:54:17.319+0545] {dagbag.py:545} INFO - Filling up the DagBag from /home/prabal/afenv/lib/python3.10/site-packages/airflow/example_dags/example_dag_decorator.py
[2024-06-18T13:54:17.451+0545] {processor.py:840} INFO - DAG(s) 'example_dag_decorator' retrieved from /home/prabal/afenv/lib/python3.10/site-packages/airflow/example_dags/example_dag_decorator.py
[2024-06-18T13:54:17.542+0545] {logging_mixin.py:188} INFO - [2024-06-18T13:54:17.542+0545] {dag.py:3096} INFO - Sync 1 DAGs
[2024-06-18T13:54:17.551+0545] {logging_mixin.py:188} INFO - [2024-06-18T13:54:17.550+0545] {dag.py:3954} INFO - Setting next_dagrun for example_dag_decorator to None, run_after=None
[2024-06-18T13:54:17.580+0545] {processor.py:183} INFO - Processing /home/prabal/afenv/lib/python3.10/site-packages/airflow/example_dags/example_dag_decorator.py took 0.290 seconds
[2024-06-18T13:55:50.905+0545] {processor.py:161} INFO - Started process (PID=18189) to work on /home/prabal/afenv/lib/python3.10/site-packages/airflow/example_dags/example_dag_decorator.py
[2024-06-18T13:55:50.918+0545] {processor.py:830} INFO - Processing file /home/prabal/afenv/lib/python3.10/site-packages/airflow/example_dags/example_dag_decorator.py for tasks to queue
[2024-06-18T13:55:50.922+0545] {logging_mixin.py:188} INFO - [2024-06-18T13:55:50.921+0545] {dagbag.py:545} INFO - Filling up the DagBag from /home/prabal/afenv/lib/python3.10/site-packages/airflow/example_dags/example_dag_decorator.py
[2024-06-18T13:55:51.037+0545] {processor.py:840} INFO - DAG(s) 'example_dag_decorator' retrieved from /home/prabal/afenv/lib/python3.10/site-packages/airflow/example_dags/example_dag_decorator.py
[2024-06-18T13:55:51.071+0545] {logging_mixin.py:188} INFO - [2024-06-18T13:55:51.071+0545] {dag.py:3096} INFO - Sync 1 DAGs
[2024-06-18T13:55:51.088+0545] {logging_mixin.py:188} INFO - [2024-06-18T13:55:51.088+0545] {dag.py:3954} INFO - Setting next_dagrun for example_dag_decorator to None, run_after=None
[2024-06-18T13:55:51.137+0545] {processor.py:183} INFO - Processing /home/prabal/afenv/lib/python3.10/site-packages/airflow/example_dags/example_dag_decorator.py took 0.247 seconds
[2024-06-18T13:56:45.443+0545] {processor.py:161} INFO - Started process (PID=18454) to work on /home/prabal/afenv/lib/python3.10/site-packages/airflow/example_dags/example_dag_decorator.py
[2024-06-18T13:56:45.456+0545] {processor.py:830} INFO - Processing file /home/prabal/afenv/lib/python3.10/site-packages/airflow/example_dags/example_dag_decorator.py for tasks to queue
[2024-06-18T13:56:45.459+0545] {logging_mixin.py:188} INFO - [2024-06-18T13:56:45.458+0545] {dagbag.py:545} INFO - Filling up the DagBag from /home/prabal/afenv/lib/python3.10/site-packages/airflow/example_dags/example_dag_decorator.py
[2024-06-18T13:56:45.561+0545] {processor.py:840} INFO - DAG(s) 'example_dag_decorator' retrieved from /home/prabal/afenv/lib/python3.10/site-packages/airflow/example_dags/example_dag_decorator.py
[2024-06-18T13:56:45.594+0545] {logging_mixin.py:188} INFO - [2024-06-18T13:56:45.593+0545] {dag.py:3096} INFO - Sync 1 DAGs
[2024-06-18T13:56:45.615+0545] {logging_mixin.py:188} INFO - [2024-06-18T13:56:45.614+0545] {dag.py:3954} INFO - Setting next_dagrun for example_dag_decorator to None, run_after=None
[2024-06-18T13:56:45.641+0545] {processor.py:183} INFO - Processing /home/prabal/afenv/lib/python3.10/site-packages/airflow/example_dags/example_dag_decorator.py took 0.204 seconds
[2024-06-18T14:05:52.085+0545] {processor.py:161} INFO - Started process (PID=20903) to work on /home/prabal/afenv/lib/python3.10/site-packages/airflow/example_dags/example_dag_decorator.py
[2024-06-18T14:05:52.099+0545] {processor.py:830} INFO - Processing file /home/prabal/afenv/lib/python3.10/site-packages/airflow/example_dags/example_dag_decorator.py for tasks to queue
[2024-06-18T14:05:52.103+0545] {logging_mixin.py:188} INFO - [2024-06-18T14:05:52.102+0545] {dagbag.py:545} INFO - Filling up the DagBag from /home/prabal/afenv/lib/python3.10/site-packages/airflow/example_dags/example_dag_decorator.py
[2024-06-18T14:05:52.268+0545] {processor.py:840} INFO - DAG(s) 'example_dag_decorator' retrieved from /home/prabal/afenv/lib/python3.10/site-packages/airflow/example_dags/example_dag_decorator.py
[2024-06-18T14:05:52.333+0545] {logging_mixin.py:188} INFO - [2024-06-18T14:05:52.332+0545] {dag.py:3096} INFO - Sync 1 DAGs
[2024-06-18T14:05:52.340+0545] {logging_mixin.py:188} INFO - [2024-06-18T14:05:52.339+0545] {dag.py:3954} INFO - Setting next_dagrun for example_dag_decorator to None, run_after=None
[2024-06-18T14:05:52.377+0545] {processor.py:183} INFO - Processing /home/prabal/afenv/lib/python3.10/site-packages/airflow/example_dags/example_dag_decorator.py took 0.306 seconds
[2024-06-18T14:06:50.925+0545] {processor.py:161} INFO - Started process (PID=21184) to work on /home/prabal/afenv/lib/python3.10/site-packages/airflow/example_dags/example_dag_decorator.py
[2024-06-18T14:06:50.938+0545] {processor.py:830} INFO - Processing file /home/prabal/afenv/lib/python3.10/site-packages/airflow/example_dags/example_dag_decorator.py for tasks to queue
[2024-06-18T14:06:50.941+0545] {logging_mixin.py:188} INFO - [2024-06-18T14:06:50.941+0545] {dagbag.py:545} INFO - Filling up the DagBag from /home/prabal/afenv/lib/python3.10/site-packages/airflow/example_dags/example_dag_decorator.py
[2024-06-18T14:06:51.142+0545] {processor.py:840} INFO - DAG(s) 'example_dag_decorator' retrieved from /home/prabal/afenv/lib/python3.10/site-packages/airflow/example_dags/example_dag_decorator.py
[2024-06-18T14:06:51.222+0545] {logging_mixin.py:188} INFO - [2024-06-18T14:06:51.222+0545] {dag.py:3096} INFO - Sync 1 DAGs
[2024-06-18T14:06:51.230+0545] {logging_mixin.py:188} INFO - [2024-06-18T14:06:51.230+0545] {dag.py:3954} INFO - Setting next_dagrun for example_dag_decorator to None, run_after=None
[2024-06-18T14:06:51.260+0545] {processor.py:183} INFO - Processing /home/prabal/afenv/lib/python3.10/site-packages/airflow/example_dags/example_dag_decorator.py took 0.347 seconds
[2024-06-18T14:07:47.142+0545] {processor.py:161} INFO - Started process (PID=21466) to work on /home/prabal/afenv/lib/python3.10/site-packages/airflow/example_dags/example_dag_decorator.py
[2024-06-18T14:07:47.145+0545] {processor.py:830} INFO - Processing file /home/prabal/afenv/lib/python3.10/site-packages/airflow/example_dags/example_dag_decorator.py for tasks to queue
[2024-06-18T14:07:47.148+0545] {logging_mixin.py:188} INFO - [2024-06-18T14:07:47.147+0545] {dagbag.py:545} INFO - Filling up the DagBag from /home/prabal/afenv/lib/python3.10/site-packages/airflow/example_dags/example_dag_decorator.py
[2024-06-18T14:07:47.279+0545] {processor.py:840} INFO - DAG(s) 'example_dag_decorator' retrieved from /home/prabal/afenv/lib/python3.10/site-packages/airflow/example_dags/example_dag_decorator.py
[2024-06-18T14:07:47.366+0545] {logging_mixin.py:188} INFO - [2024-06-18T14:07:47.365+0545] {dag.py:3096} INFO - Sync 1 DAGs
[2024-06-18T14:07:47.374+0545] {logging_mixin.py:188} INFO - [2024-06-18T14:07:47.374+0545] {dag.py:3954} INFO - Setting next_dagrun for example_dag_decorator to None, run_after=None
[2024-06-18T14:07:47.404+0545] {processor.py:183} INFO - Processing /home/prabal/afenv/lib/python3.10/site-packages/airflow/example_dags/example_dag_decorator.py took 0.275 seconds
[2024-06-18T14:08:43.958+0545] {processor.py:161} INFO - Started process (PID=21737) to work on /home/prabal/afenv/lib/python3.10/site-packages/airflow/example_dags/example_dag_decorator.py
[2024-06-18T14:08:43.960+0545] {processor.py:830} INFO - Processing file /home/prabal/afenv/lib/python3.10/site-packages/airflow/example_dags/example_dag_decorator.py for tasks to queue
[2024-06-18T14:08:43.964+0545] {logging_mixin.py:188} INFO - [2024-06-18T14:08:43.963+0545] {dagbag.py:545} INFO - Filling up the DagBag from /home/prabal/afenv/lib/python3.10/site-packages/airflow/example_dags/example_dag_decorator.py
[2024-06-18T14:08:44.046+0545] {processor.py:840} INFO - DAG(s) 'example_dag_decorator' retrieved from /home/prabal/afenv/lib/python3.10/site-packages/airflow/example_dags/example_dag_decorator.py
[2024-06-18T14:08:44.140+0545] {logging_mixin.py:188} INFO - [2024-06-18T14:08:44.140+0545] {dag.py:3096} INFO - Sync 1 DAGs
[2024-06-18T14:08:44.148+0545] {logging_mixin.py:188} INFO - [2024-06-18T14:08:44.147+0545] {dag.py:3954} INFO - Setting next_dagrun for example_dag_decorator to None, run_after=None
[2024-06-18T14:08:44.178+0545] {processor.py:183} INFO - Processing /home/prabal/afenv/lib/python3.10/site-packages/airflow/example_dags/example_dag_decorator.py took 0.232 seconds
[2024-06-18T14:09:39.717+0545] {processor.py:161} INFO - Started process (PID=22006) to work on /home/prabal/afenv/lib/python3.10/site-packages/airflow/example_dags/example_dag_decorator.py
[2024-06-18T14:09:39.730+0545] {processor.py:830} INFO - Processing file /home/prabal/afenv/lib/python3.10/site-packages/airflow/example_dags/example_dag_decorator.py for tasks to queue
[2024-06-18T14:09:39.734+0545] {logging_mixin.py:188} INFO - [2024-06-18T14:09:39.733+0545] {dagbag.py:545} INFO - Filling up the DagBag from /home/prabal/afenv/lib/python3.10/site-packages/airflow/example_dags/example_dag_decorator.py
[2024-06-18T14:09:39.825+0545] {processor.py:840} INFO - DAG(s) 'example_dag_decorator' retrieved from /home/prabal/afenv/lib/python3.10/site-packages/airflow/example_dags/example_dag_decorator.py
[2024-06-18T14:09:39.940+0545] {logging_mixin.py:188} INFO - [2024-06-18T14:09:39.940+0545] {dag.py:3096} INFO - Sync 1 DAGs
[2024-06-18T14:09:39.949+0545] {logging_mixin.py:188} INFO - [2024-06-18T14:09:39.949+0545] {dag.py:3954} INFO - Setting next_dagrun for example_dag_decorator to None, run_after=None
[2024-06-18T14:09:39.987+0545] {processor.py:183} INFO - Processing /home/prabal/afenv/lib/python3.10/site-packages/airflow/example_dags/example_dag_decorator.py took 0.284 seconds
[2024-06-18T14:10:34.678+0545] {processor.py:161} INFO - Started process (PID=22268) to work on /home/prabal/afenv/lib/python3.10/site-packages/airflow/example_dags/example_dag_decorator.py
[2024-06-18T14:10:34.692+0545] {processor.py:830} INFO - Processing file /home/prabal/afenv/lib/python3.10/site-packages/airflow/example_dags/example_dag_decorator.py for tasks to queue
[2024-06-18T14:10:34.696+0545] {logging_mixin.py:188} INFO - [2024-06-18T14:10:34.695+0545] {dagbag.py:545} INFO - Filling up the DagBag from /home/prabal/afenv/lib/python3.10/site-packages/airflow/example_dags/example_dag_decorator.py
[2024-06-18T14:10:34.792+0545] {processor.py:840} INFO - DAG(s) 'example_dag_decorator' retrieved from /home/prabal/afenv/lib/python3.10/site-packages/airflow/example_dags/example_dag_decorator.py
[2024-06-18T14:10:34.874+0545] {logging_mixin.py:188} INFO - [2024-06-18T14:10:34.874+0545] {dag.py:3096} INFO - Sync 1 DAGs
[2024-06-18T14:10:34.882+0545] {logging_mixin.py:188} INFO - [2024-06-18T14:10:34.882+0545] {dag.py:3954} INFO - Setting next_dagrun for example_dag_decorator to None, run_after=None
[2024-06-18T14:10:34.910+0545] {processor.py:183} INFO - Processing /home/prabal/afenv/lib/python3.10/site-packages/airflow/example_dags/example_dag_decorator.py took 0.247 seconds
[2024-06-18T14:11:26.647+0545] {processor.py:161} INFO - Started process (PID=22521) to work on /home/prabal/afenv/lib/python3.10/site-packages/airflow/example_dags/example_dag_decorator.py
[2024-06-18T14:11:26.660+0545] {processor.py:830} INFO - Processing file /home/prabal/afenv/lib/python3.10/site-packages/airflow/example_dags/example_dag_decorator.py for tasks to queue
[2024-06-18T14:11:26.664+0545] {logging_mixin.py:188} INFO - [2024-06-18T14:11:26.663+0545] {dagbag.py:545} INFO - Filling up the DagBag from /home/prabal/afenv/lib/python3.10/site-packages/airflow/example_dags/example_dag_decorator.py
[2024-06-18T14:11:26.775+0545] {processor.py:840} INFO - DAG(s) 'example_dag_decorator' retrieved from /home/prabal/afenv/lib/python3.10/site-packages/airflow/example_dags/example_dag_decorator.py
[2024-06-18T14:11:26.858+0545] {logging_mixin.py:188} INFO - [2024-06-18T14:11:26.858+0545] {dag.py:3096} INFO - Sync 1 DAGs
[2024-06-18T14:11:26.871+0545] {logging_mixin.py:188} INFO - [2024-06-18T14:11:26.871+0545] {dag.py:3954} INFO - Setting next_dagrun for example_dag_decorator to None, run_after=None
[2024-06-18T14:11:26.917+0545] {processor.py:183} INFO - Processing /home/prabal/afenv/lib/python3.10/site-packages/airflow/example_dags/example_dag_decorator.py took 0.284 seconds
[2024-06-18T14:12:43.339+0545] {processor.py:161} INFO - Started process (PID=22890) to work on /home/prabal/afenv/lib/python3.10/site-packages/airflow/example_dags/example_dag_decorator.py
[2024-06-18T14:12:43.352+0545] {processor.py:830} INFO - Processing file /home/prabal/afenv/lib/python3.10/site-packages/airflow/example_dags/example_dag_decorator.py for tasks to queue
[2024-06-18T14:12:43.356+0545] {logging_mixin.py:188} INFO - [2024-06-18T14:12:43.355+0545] {dagbag.py:545} INFO - Filling up the DagBag from /home/prabal/afenv/lib/python3.10/site-packages/airflow/example_dags/example_dag_decorator.py
[2024-06-18T14:12:43.481+0545] {processor.py:840} INFO - DAG(s) 'example_dag_decorator' retrieved from /home/prabal/afenv/lib/python3.10/site-packages/airflow/example_dags/example_dag_decorator.py
[2024-06-18T14:12:43.572+0545] {logging_mixin.py:188} INFO - [2024-06-18T14:12:43.572+0545] {dag.py:3096} INFO - Sync 1 DAGs
[2024-06-18T14:12:43.581+0545] {logging_mixin.py:188} INFO - [2024-06-18T14:12:43.581+0545] {dag.py:3954} INFO - Setting next_dagrun for example_dag_decorator to None, run_after=None
[2024-06-18T14:12:43.610+0545] {processor.py:183} INFO - Processing /home/prabal/afenv/lib/python3.10/site-packages/airflow/example_dags/example_dag_decorator.py took 0.284 seconds
[2024-06-18T14:14:00.754+0545] {processor.py:161} INFO - Started process (PID=23264) to work on /home/prabal/afenv/lib/python3.10/site-packages/airflow/example_dags/example_dag_decorator.py
[2024-06-18T14:14:00.768+0545] {processor.py:830} INFO - Processing file /home/prabal/afenv/lib/python3.10/site-packages/airflow/example_dags/example_dag_decorator.py for tasks to queue
[2024-06-18T14:14:00.771+0545] {logging_mixin.py:188} INFO - [2024-06-18T14:14:00.770+0545] {dagbag.py:545} INFO - Filling up the DagBag from /home/prabal/afenv/lib/python3.10/site-packages/airflow/example_dags/example_dag_decorator.py
[2024-06-18T14:14:00.875+0545] {processor.py:840} INFO - DAG(s) 'example_dag_decorator' retrieved from /home/prabal/afenv/lib/python3.10/site-packages/airflow/example_dags/example_dag_decorator.py
[2024-06-18T14:14:00.957+0545] {logging_mixin.py:188} INFO - [2024-06-18T14:14:00.956+0545] {dag.py:3096} INFO - Sync 1 DAGs
[2024-06-18T14:14:00.969+0545] {logging_mixin.py:188} INFO - [2024-06-18T14:14:00.968+0545] {dag.py:3954} INFO - Setting next_dagrun for example_dag_decorator to None, run_after=None
[2024-06-18T14:14:01.014+0545] {processor.py:183} INFO - Processing /home/prabal/afenv/lib/python3.10/site-packages/airflow/example_dags/example_dag_decorator.py took 0.274 seconds
[2024-06-18T14:15:26.654+0545] {processor.py:161} INFO - Started process (PID=23700) to work on /home/prabal/afenv/lib/python3.10/site-packages/airflow/example_dags/example_dag_decorator.py
[2024-06-18T14:15:26.666+0545] {processor.py:830} INFO - Processing file /home/prabal/afenv/lib/python3.10/site-packages/airflow/example_dags/example_dag_decorator.py for tasks to queue
[2024-06-18T14:15:26.669+0545] {logging_mixin.py:188} INFO - [2024-06-18T14:15:26.668+0545] {dagbag.py:545} INFO - Filling up the DagBag from /home/prabal/afenv/lib/python3.10/site-packages/airflow/example_dags/example_dag_decorator.py
[2024-06-18T14:15:26.756+0545] {processor.py:840} INFO - DAG(s) 'example_dag_decorator' retrieved from /home/prabal/afenv/lib/python3.10/site-packages/airflow/example_dags/example_dag_decorator.py
[2024-06-18T14:15:26.834+0545] {logging_mixin.py:188} INFO - [2024-06-18T14:15:26.833+0545] {dag.py:3096} INFO - Sync 1 DAGs
[2024-06-18T14:15:26.843+0545] {logging_mixin.py:188} INFO - [2024-06-18T14:15:26.843+0545] {dag.py:3954} INFO - Setting next_dagrun for example_dag_decorator to None, run_after=None
[2024-06-18T14:15:26.876+0545] {processor.py:183} INFO - Processing /home/prabal/afenv/lib/python3.10/site-packages/airflow/example_dags/example_dag_decorator.py took 0.236 seconds
[2024-06-18T14:16:29.146+0545] {processor.py:161} INFO - Started process (PID=24002) to work on /home/prabal/afenv/lib/python3.10/site-packages/airflow/example_dags/example_dag_decorator.py
[2024-06-18T14:16:29.159+0545] {processor.py:830} INFO - Processing file /home/prabal/afenv/lib/python3.10/site-packages/airflow/example_dags/example_dag_decorator.py for tasks to queue
[2024-06-18T14:16:29.162+0545] {logging_mixin.py:188} INFO - [2024-06-18T14:16:29.162+0545] {dagbag.py:545} INFO - Filling up the DagBag from /home/prabal/afenv/lib/python3.10/site-packages/airflow/example_dags/example_dag_decorator.py
[2024-06-18T14:16:29.289+0545] {processor.py:840} INFO - DAG(s) 'example_dag_decorator' retrieved from /home/prabal/afenv/lib/python3.10/site-packages/airflow/example_dags/example_dag_decorator.py
[2024-06-18T14:16:29.324+0545] {logging_mixin.py:188} INFO - [2024-06-18T14:16:29.323+0545] {dag.py:3096} INFO - Sync 1 DAGs
[2024-06-18T14:16:29.340+0545] {logging_mixin.py:188} INFO - [2024-06-18T14:16:29.339+0545] {dag.py:3954} INFO - Setting next_dagrun for example_dag_decorator to None, run_after=None
[2024-06-18T14:16:29.378+0545] {processor.py:183} INFO - Processing /home/prabal/afenv/lib/python3.10/site-packages/airflow/example_dags/example_dag_decorator.py took 0.246 seconds
[2024-06-18T14:17:23.507+0545] {processor.py:161} INFO - Started process (PID=24265) to work on /home/prabal/afenv/lib/python3.10/site-packages/airflow/example_dags/example_dag_decorator.py
[2024-06-18T14:17:23.521+0545] {processor.py:830} INFO - Processing file /home/prabal/afenv/lib/python3.10/site-packages/airflow/example_dags/example_dag_decorator.py for tasks to queue
[2024-06-18T14:17:23.524+0545] {logging_mixin.py:188} INFO - [2024-06-18T14:17:23.523+0545] {dagbag.py:545} INFO - Filling up the DagBag from /home/prabal/afenv/lib/python3.10/site-packages/airflow/example_dags/example_dag_decorator.py
[2024-06-18T14:17:23.593+0545] {processor.py:840} INFO - DAG(s) 'example_dag_decorator' retrieved from /home/prabal/afenv/lib/python3.10/site-packages/airflow/example_dags/example_dag_decorator.py
[2024-06-18T14:17:23.608+0545] {logging_mixin.py:188} INFO - [2024-06-18T14:17:23.608+0545] {dag.py:3096} INFO - Sync 1 DAGs
[2024-06-18T14:17:23.619+0545] {logging_mixin.py:188} INFO - [2024-06-18T14:17:23.619+0545] {dag.py:3954} INFO - Setting next_dagrun for example_dag_decorator to None, run_after=None
[2024-06-18T14:17:23.662+0545] {processor.py:183} INFO - Processing /home/prabal/afenv/lib/python3.10/site-packages/airflow/example_dags/example_dag_decorator.py took 0.169 seconds
[2024-06-18T14:18:17.435+0545] {processor.py:161} INFO - Started process (PID=24524) to work on /home/prabal/afenv/lib/python3.10/site-packages/airflow/example_dags/example_dag_decorator.py
[2024-06-18T14:18:17.448+0545] {processor.py:830} INFO - Processing file /home/prabal/afenv/lib/python3.10/site-packages/airflow/example_dags/example_dag_decorator.py for tasks to queue
[2024-06-18T14:18:17.451+0545] {logging_mixin.py:188} INFO - [2024-06-18T14:18:17.450+0545] {dagbag.py:545} INFO - Filling up the DagBag from /home/prabal/afenv/lib/python3.10/site-packages/airflow/example_dags/example_dag_decorator.py
[2024-06-18T14:18:17.565+0545] {processor.py:840} INFO - DAG(s) 'example_dag_decorator' retrieved from /home/prabal/afenv/lib/python3.10/site-packages/airflow/example_dags/example_dag_decorator.py
[2024-06-18T14:18:17.601+0545] {logging_mixin.py:188} INFO - [2024-06-18T14:18:17.600+0545] {dag.py:3096} INFO - Sync 1 DAGs
[2024-06-18T14:18:17.617+0545] {logging_mixin.py:188} INFO - [2024-06-18T14:18:17.617+0545] {dag.py:3954} INFO - Setting next_dagrun for example_dag_decorator to None, run_after=None
[2024-06-18T14:18:17.668+0545] {processor.py:183} INFO - Processing /home/prabal/afenv/lib/python3.10/site-packages/airflow/example_dags/example_dag_decorator.py took 0.245 seconds
[2024-06-18T14:19:14.772+0545] {processor.py:161} INFO - Started process (PID=24797) to work on /home/prabal/afenv/lib/python3.10/site-packages/airflow/example_dags/example_dag_decorator.py
[2024-06-18T14:19:14.785+0545] {processor.py:830} INFO - Processing file /home/prabal/afenv/lib/python3.10/site-packages/airflow/example_dags/example_dag_decorator.py for tasks to queue
[2024-06-18T14:19:14.788+0545] {logging_mixin.py:188} INFO - [2024-06-18T14:19:14.787+0545] {dagbag.py:545} INFO - Filling up the DagBag from /home/prabal/afenv/lib/python3.10/site-packages/airflow/example_dags/example_dag_decorator.py
[2024-06-18T14:19:14.901+0545] {processor.py:840} INFO - DAG(s) 'example_dag_decorator' retrieved from /home/prabal/afenv/lib/python3.10/site-packages/airflow/example_dags/example_dag_decorator.py
[2024-06-18T14:19:14.919+0545] {logging_mixin.py:188} INFO - [2024-06-18T14:19:14.918+0545] {dag.py:3096} INFO - Sync 1 DAGs
[2024-06-18T14:19:14.935+0545] {logging_mixin.py:188} INFO - [2024-06-18T14:19:14.934+0545] {dag.py:3954} INFO - Setting next_dagrun for example_dag_decorator to None, run_after=None
[2024-06-18T14:19:14.977+0545] {processor.py:183} INFO - Processing /home/prabal/afenv/lib/python3.10/site-packages/airflow/example_dags/example_dag_decorator.py took 0.219 seconds
[2024-06-18T14:20:08.019+0545] {processor.py:161} INFO - Started process (PID=25053) to work on /home/prabal/afenv/lib/python3.10/site-packages/airflow/example_dags/example_dag_decorator.py
[2024-06-18T14:20:08.032+0545] {processor.py:830} INFO - Processing file /home/prabal/afenv/lib/python3.10/site-packages/airflow/example_dags/example_dag_decorator.py for tasks to queue
[2024-06-18T14:20:08.036+0545] {logging_mixin.py:188} INFO - [2024-06-18T14:20:08.035+0545] {dagbag.py:545} INFO - Filling up the DagBag from /home/prabal/afenv/lib/python3.10/site-packages/airflow/example_dags/example_dag_decorator.py
[2024-06-18T14:20:08.168+0545] {processor.py:840} INFO - DAG(s) 'example_dag_decorator' retrieved from /home/prabal/afenv/lib/python3.10/site-packages/airflow/example_dags/example_dag_decorator.py
[2024-06-18T14:20:08.273+0545] {logging_mixin.py:188} INFO - [2024-06-18T14:20:08.272+0545] {dag.py:3096} INFO - Sync 1 DAGs
[2024-06-18T14:20:08.284+0545] {logging_mixin.py:188} INFO - [2024-06-18T14:20:08.283+0545] {dag.py:3954} INFO - Setting next_dagrun for example_dag_decorator to None, run_after=None
[2024-06-18T14:20:08.322+0545] {processor.py:183} INFO - Processing /home/prabal/afenv/lib/python3.10/site-packages/airflow/example_dags/example_dag_decorator.py took 0.317 seconds
[2024-06-18T14:21:25.291+0545] {processor.py:161} INFO - Started process (PID=25424) to work on /home/prabal/afenv/lib/python3.10/site-packages/airflow/example_dags/example_dag_decorator.py
[2024-06-18T14:21:25.293+0545] {processor.py:830} INFO - Processing file /home/prabal/afenv/lib/python3.10/site-packages/airflow/example_dags/example_dag_decorator.py for tasks to queue
[2024-06-18T14:21:25.295+0545] {logging_mixin.py:188} INFO - [2024-06-18T14:21:25.294+0545] {dagbag.py:545} INFO - Filling up the DagBag from /home/prabal/afenv/lib/python3.10/site-packages/airflow/example_dags/example_dag_decorator.py
[2024-06-18T14:21:25.372+0545] {processor.py:840} INFO - DAG(s) 'example_dag_decorator' retrieved from /home/prabal/afenv/lib/python3.10/site-packages/airflow/example_dags/example_dag_decorator.py
[2024-06-18T14:21:25.459+0545] {logging_mixin.py:188} INFO - [2024-06-18T14:21:25.459+0545] {dag.py:3096} INFO - Sync 1 DAGs
[2024-06-18T14:21:25.472+0545] {logging_mixin.py:188} INFO - [2024-06-18T14:21:25.471+0545] {dag.py:3954} INFO - Setting next_dagrun for example_dag_decorator to None, run_after=None
[2024-06-18T14:21:25.501+0545] {processor.py:183} INFO - Processing /home/prabal/afenv/lib/python3.10/site-packages/airflow/example_dags/example_dag_decorator.py took 0.219 seconds
[2024-06-18T14:22:19.705+0545] {processor.py:161} INFO - Started process (PID=25685) to work on /home/prabal/afenv/lib/python3.10/site-packages/airflow/example_dags/example_dag_decorator.py
[2024-06-18T14:22:19.718+0545] {processor.py:830} INFO - Processing file /home/prabal/afenv/lib/python3.10/site-packages/airflow/example_dags/example_dag_decorator.py for tasks to queue
[2024-06-18T14:22:19.722+0545] {logging_mixin.py:188} INFO - [2024-06-18T14:22:19.721+0545] {dagbag.py:545} INFO - Filling up the DagBag from /home/prabal/afenv/lib/python3.10/site-packages/airflow/example_dags/example_dag_decorator.py
[2024-06-18T14:22:19.850+0545] {processor.py:840} INFO - DAG(s) 'example_dag_decorator' retrieved from /home/prabal/afenv/lib/python3.10/site-packages/airflow/example_dags/example_dag_decorator.py
[2024-06-18T14:22:19.881+0545] {logging_mixin.py:188} INFO - [2024-06-18T14:22:19.880+0545] {dag.py:3096} INFO - Sync 1 DAGs
[2024-06-18T14:22:19.901+0545] {logging_mixin.py:188} INFO - [2024-06-18T14:22:19.901+0545] {dag.py:3954} INFO - Setting next_dagrun for example_dag_decorator to None, run_after=None
[2024-06-18T14:22:19.947+0545] {processor.py:183} INFO - Processing /home/prabal/afenv/lib/python3.10/site-packages/airflow/example_dags/example_dag_decorator.py took 0.258 seconds
[2024-06-18T14:23:14.110+0545] {processor.py:161} INFO - Started process (PID=25949) to work on /home/prabal/afenv/lib/python3.10/site-packages/airflow/example_dags/example_dag_decorator.py
[2024-06-18T14:23:14.123+0545] {processor.py:830} INFO - Processing file /home/prabal/afenv/lib/python3.10/site-packages/airflow/example_dags/example_dag_decorator.py for tasks to queue
[2024-06-18T14:23:14.127+0545] {logging_mixin.py:188} INFO - [2024-06-18T14:23:14.126+0545] {dagbag.py:545} INFO - Filling up the DagBag from /home/prabal/afenv/lib/python3.10/site-packages/airflow/example_dags/example_dag_decorator.py
[2024-06-18T14:23:14.211+0545] {processor.py:840} INFO - DAG(s) 'example_dag_decorator' retrieved from /home/prabal/afenv/lib/python3.10/site-packages/airflow/example_dags/example_dag_decorator.py
[2024-06-18T14:23:14.306+0545] {logging_mixin.py:188} INFO - [2024-06-18T14:23:14.306+0545] {dag.py:3096} INFO - Sync 1 DAGs
[2024-06-18T14:23:14.314+0545] {logging_mixin.py:188} INFO - [2024-06-18T14:23:14.314+0545] {dag.py:3954} INFO - Setting next_dagrun for example_dag_decorator to None, run_after=None
[2024-06-18T14:23:14.343+0545] {processor.py:183} INFO - Processing /home/prabal/afenv/lib/python3.10/site-packages/airflow/example_dags/example_dag_decorator.py took 0.247 seconds
[2024-06-18T14:24:09.018+0545] {processor.py:161} INFO - Started process (PID=26216) to work on /home/prabal/afenv/lib/python3.10/site-packages/airflow/example_dags/example_dag_decorator.py
[2024-06-18T14:24:09.031+0545] {processor.py:830} INFO - Processing file /home/prabal/afenv/lib/python3.10/site-packages/airflow/example_dags/example_dag_decorator.py for tasks to queue
[2024-06-18T14:24:09.035+0545] {logging_mixin.py:188} INFO - [2024-06-18T14:24:09.035+0545] {dagbag.py:545} INFO - Filling up the DagBag from /home/prabal/afenv/lib/python3.10/site-packages/airflow/example_dags/example_dag_decorator.py
[2024-06-18T14:24:09.128+0545] {processor.py:840} INFO - DAG(s) 'example_dag_decorator' retrieved from /home/prabal/afenv/lib/python3.10/site-packages/airflow/example_dags/example_dag_decorator.py
[2024-06-18T14:24:09.207+0545] {logging_mixin.py:188} INFO - [2024-06-18T14:24:09.207+0545] {dag.py:3096} INFO - Sync 1 DAGs
[2024-06-18T14:24:09.215+0545] {logging_mixin.py:188} INFO - [2024-06-18T14:24:09.215+0545] {dag.py:3954} INFO - Setting next_dagrun for example_dag_decorator to None, run_after=None
[2024-06-18T14:24:09.244+0545] {processor.py:183} INFO - Processing /home/prabal/afenv/lib/python3.10/site-packages/airflow/example_dags/example_dag_decorator.py took 0.240 seconds
[2024-06-18T17:17:06.473+0545] {processor.py:161} INFO - Started process (PID=4514) to work on /home/prabal/afenv/lib/python3.10/site-packages/airflow/example_dags/example_dag_decorator.py
[2024-06-18T17:17:06.476+0545] {processor.py:830} INFO - Processing file /home/prabal/afenv/lib/python3.10/site-packages/airflow/example_dags/example_dag_decorator.py for tasks to queue
[2024-06-18T17:17:06.477+0545] {logging_mixin.py:188} INFO - [2024-06-18T17:17:06.477+0545] {dagbag.py:545} INFO - Filling up the DagBag from /home/prabal/afenv/lib/python3.10/site-packages/airflow/example_dags/example_dag_decorator.py
[2024-06-18T17:17:06.629+0545] {processor.py:840} INFO - DAG(s) 'example_dag_decorator' retrieved from /home/prabal/afenv/lib/python3.10/site-packages/airflow/example_dags/example_dag_decorator.py
[2024-06-18T17:17:06.689+0545] {logging_mixin.py:188} INFO - [2024-06-18T17:17:06.688+0545] {dag.py:3096} INFO - Sync 1 DAGs
[2024-06-18T17:17:06.695+0545] {logging_mixin.py:188} INFO - [2024-06-18T17:17:06.695+0545] {dag.py:3954} INFO - Setting next_dagrun for example_dag_decorator to None, run_after=None
[2024-06-18T17:17:06.714+0545] {processor.py:183} INFO - Processing /home/prabal/afenv/lib/python3.10/site-packages/airflow/example_dags/example_dag_decorator.py took 0.252 seconds
[2024-06-18T17:18:11.595+0545] {processor.py:161} INFO - Started process (PID=4876) to work on /home/prabal/afenv/lib/python3.10/site-packages/airflow/example_dags/example_dag_decorator.py
[2024-06-18T17:18:11.597+0545] {processor.py:830} INFO - Processing file /home/prabal/afenv/lib/python3.10/site-packages/airflow/example_dags/example_dag_decorator.py for tasks to queue
[2024-06-18T17:18:11.599+0545] {logging_mixin.py:188} INFO - [2024-06-18T17:18:11.598+0545] {dagbag.py:545} INFO - Filling up the DagBag from /home/prabal/afenv/lib/python3.10/site-packages/airflow/example_dags/example_dag_decorator.py
[2024-06-18T17:18:11.825+0545] {processor.py:840} INFO - DAG(s) 'example_dag_decorator' retrieved from /home/prabal/afenv/lib/python3.10/site-packages/airflow/example_dags/example_dag_decorator.py
[2024-06-18T17:18:11.981+0545] {logging_mixin.py:188} INFO - [2024-06-18T17:18:11.981+0545] {dag.py:3096} INFO - Sync 1 DAGs
[2024-06-18T17:18:11.997+0545] {logging_mixin.py:188} INFO - [2024-06-18T17:18:11.996+0545] {dag.py:3954} INFO - Setting next_dagrun for example_dag_decorator to None, run_after=None
[2024-06-18T17:18:12.024+0545] {processor.py:183} INFO - Processing /home/prabal/afenv/lib/python3.10/site-packages/airflow/example_dags/example_dag_decorator.py took 0.440 seconds
[2024-06-18T17:19:12.422+0545] {processor.py:161} INFO - Started process (PID=5536) to work on /home/prabal/afenv/lib/python3.10/site-packages/airflow/example_dags/example_dag_decorator.py
[2024-06-18T17:19:12.435+0545] {processor.py:830} INFO - Processing file /home/prabal/afenv/lib/python3.10/site-packages/airflow/example_dags/example_dag_decorator.py for tasks to queue
[2024-06-18T17:19:12.437+0545] {logging_mixin.py:188} INFO - [2024-06-18T17:19:12.436+0545] {dagbag.py:545} INFO - Filling up the DagBag from /home/prabal/afenv/lib/python3.10/site-packages/airflow/example_dags/example_dag_decorator.py
[2024-06-18T17:19:12.522+0545] {processor.py:840} INFO - DAG(s) 'example_dag_decorator' retrieved from /home/prabal/afenv/lib/python3.10/site-packages/airflow/example_dags/example_dag_decorator.py
[2024-06-18T17:19:12.598+0545] {logging_mixin.py:188} INFO - [2024-06-18T17:19:12.598+0545] {dag.py:3096} INFO - Sync 1 DAGs
[2024-06-18T17:19:12.605+0545] {logging_mixin.py:188} INFO - [2024-06-18T17:19:12.605+0545] {dag.py:3954} INFO - Setting next_dagrun for example_dag_decorator to None, run_after=None
[2024-06-18T17:19:12.635+0545] {processor.py:183} INFO - Processing /home/prabal/afenv/lib/python3.10/site-packages/airflow/example_dags/example_dag_decorator.py took 0.224 seconds
[2024-06-18T17:20:09.055+0545] {processor.py:161} INFO - Started process (PID=5966) to work on /home/prabal/afenv/lib/python3.10/site-packages/airflow/example_dags/example_dag_decorator.py
[2024-06-18T17:20:09.068+0545] {processor.py:830} INFO - Processing file /home/prabal/afenv/lib/python3.10/site-packages/airflow/example_dags/example_dag_decorator.py for tasks to queue
[2024-06-18T17:20:09.071+0545] {logging_mixin.py:188} INFO - [2024-06-18T17:20:09.070+0545] {dagbag.py:545} INFO - Filling up the DagBag from /home/prabal/afenv/lib/python3.10/site-packages/airflow/example_dags/example_dag_decorator.py
[2024-06-18T17:20:09.223+0545] {processor.py:840} INFO - DAG(s) 'example_dag_decorator' retrieved from /home/prabal/afenv/lib/python3.10/site-packages/airflow/example_dags/example_dag_decorator.py
[2024-06-18T17:20:09.324+0545] {logging_mixin.py:188} INFO - [2024-06-18T17:20:09.324+0545] {dag.py:3096} INFO - Sync 1 DAGs
[2024-06-18T17:20:09.336+0545] {logging_mixin.py:188} INFO - [2024-06-18T17:20:09.336+0545] {dag.py:3954} INFO - Setting next_dagrun for example_dag_decorator to None, run_after=None
[2024-06-18T17:20:09.365+0545] {processor.py:183} INFO - Processing /home/prabal/afenv/lib/python3.10/site-packages/airflow/example_dags/example_dag_decorator.py took 0.324 seconds
[2024-06-18T17:22:42.621+0545] {processor.py:161} INFO - Started process (PID=7229) to work on /home/prabal/afenv/lib/python3.10/site-packages/airflow/example_dags/example_dag_decorator.py
[2024-06-18T17:22:42.623+0545] {processor.py:830} INFO - Processing file /home/prabal/afenv/lib/python3.10/site-packages/airflow/example_dags/example_dag_decorator.py for tasks to queue
[2024-06-18T17:22:42.626+0545] {logging_mixin.py:188} INFO - [2024-06-18T17:22:42.625+0545] {dagbag.py:545} INFO - Filling up the DagBag from /home/prabal/afenv/lib/python3.10/site-packages/airflow/example_dags/example_dag_decorator.py
[2024-06-18T17:22:42.809+0545] {processor.py:840} INFO - DAG(s) 'example_dag_decorator' retrieved from /home/prabal/afenv/lib/python3.10/site-packages/airflow/example_dags/example_dag_decorator.py
[2024-06-18T17:22:42.879+0545] {logging_mixin.py:188} INFO - [2024-06-18T17:22:42.879+0545] {dag.py:3096} INFO - Sync 1 DAGs
[2024-06-18T17:22:42.886+0545] {logging_mixin.py:188} INFO - [2024-06-18T17:22:42.886+0545] {dag.py:3954} INFO - Setting next_dagrun for example_dag_decorator to None, run_after=None
[2024-06-18T17:22:42.904+0545] {processor.py:183} INFO - Processing /home/prabal/afenv/lib/python3.10/site-packages/airflow/example_dags/example_dag_decorator.py took 0.295 seconds
