[2024-06-18T13:42:33.050+0545] {processor.py:161} INFO - Started process (PID=14205) to work on /home/prabal/afenv/lib/python3.10/site-packages/airflow/example_dags/example_setup_teardown_taskflow.py
[2024-06-18T13:42:33.052+0545] {processor.py:830} INFO - Processing file /home/prabal/afenv/lib/python3.10/site-packages/airflow/example_dags/example_setup_teardown_taskflow.py for tasks to queue
[2024-06-18T13:42:33.055+0545] {logging_mixin.py:188} INFO - [2024-06-18T13:42:33.054+0545] {dagbag.py:545} INFO - Filling up the DagBag from /home/prabal/afenv/lib/python3.10/site-packages/airflow/example_dags/example_setup_teardown_taskflow.py
[2024-06-18T13:42:33.070+0545] {processor.py:840} INFO - DAG(s) 'example_setup_teardown_taskflow' retrieved from /home/prabal/afenv/lib/python3.10/site-packages/airflow/example_dags/example_setup_teardown_taskflow.py
[2024-06-18T13:42:33.168+0545] {logging_mixin.py:188} INFO - [2024-06-18T13:42:33.167+0545] {override.py:1829} INFO - Created Permission View: can read on DAG:example_setup_teardown_taskflow
[2024-06-18T13:42:33.181+0545] {logging_mixin.py:188} INFO - [2024-06-18T13:42:33.181+0545] {override.py:1829} INFO - Created Permission View: can edit on DAG:example_setup_teardown_taskflow
[2024-06-18T13:42:33.191+0545] {logging_mixin.py:188} INFO - [2024-06-18T13:42:33.191+0545] {override.py:1829} INFO - Created Permission View: can delete on DAG:example_setup_teardown_taskflow
[2024-06-18T13:42:33.192+0545] {logging_mixin.py:188} INFO - [2024-06-18T13:42:33.191+0545] {dag.py:3096} INFO - Sync 1 DAGs
[2024-06-18T13:42:33.205+0545] {logging_mixin.py:188} INFO - [2024-06-18T13:42:33.204+0545] {dag.py:3118} INFO - Creating ORM DAG for example_setup_teardown_taskflow
[2024-06-18T13:42:33.217+0545] {logging_mixin.py:188} INFO - [2024-06-18T13:42:33.216+0545] {dag.py:3954} INFO - Setting next_dagrun for example_setup_teardown_taskflow to 2024-06-17 00:00:00+00:00, run_after=2024-06-18 00:00:00+00:00
[2024-06-18T13:42:33.320+0545] {processor.py:183} INFO - Processing /home/prabal/afenv/lib/python3.10/site-packages/airflow/example_dags/example_setup_teardown_taskflow.py took 0.284 seconds
[2024-06-18T13:43:33.066+0545] {processor.py:161} INFO - Started process (PID=14503) to work on /home/prabal/afenv/lib/python3.10/site-packages/airflow/example_dags/example_setup_teardown_taskflow.py
[2024-06-18T13:43:33.068+0545] {processor.py:830} INFO - Processing file /home/prabal/afenv/lib/python3.10/site-packages/airflow/example_dags/example_setup_teardown_taskflow.py for tasks to queue
[2024-06-18T13:43:33.071+0545] {logging_mixin.py:188} INFO - [2024-06-18T13:43:33.070+0545] {dagbag.py:545} INFO - Filling up the DagBag from /home/prabal/afenv/lib/python3.10/site-packages/airflow/example_dags/example_setup_teardown_taskflow.py
[2024-06-18T13:43:33.091+0545] {processor.py:840} INFO - DAG(s) 'example_setup_teardown_taskflow' retrieved from /home/prabal/afenv/lib/python3.10/site-packages/airflow/example_dags/example_setup_teardown_taskflow.py
[2024-06-18T13:43:33.124+0545] {logging_mixin.py:188} INFO - [2024-06-18T13:43:33.123+0545] {dag.py:3096} INFO - Sync 1 DAGs
[2024-06-18T13:43:33.153+0545] {logging_mixin.py:188} INFO - [2024-06-18T13:43:33.153+0545] {dag.py:3954} INFO - Setting next_dagrun for example_setup_teardown_taskflow to 2024-06-17 00:00:00+00:00, run_after=2024-06-18 00:00:00+00:00
[2024-06-18T13:43:33.175+0545] {processor.py:183} INFO - Processing /home/prabal/afenv/lib/python3.10/site-packages/airflow/example_dags/example_setup_teardown_taskflow.py took 0.121 seconds
[2024-06-18T13:44:32.785+0545] {processor.py:161} INFO - Started process (PID=14791) to work on /home/prabal/afenv/lib/python3.10/site-packages/airflow/example_dags/example_setup_teardown_taskflow.py
[2024-06-18T13:44:32.787+0545] {processor.py:830} INFO - Processing file /home/prabal/afenv/lib/python3.10/site-packages/airflow/example_dags/example_setup_teardown_taskflow.py for tasks to queue
[2024-06-18T13:44:32.788+0545] {logging_mixin.py:188} INFO - [2024-06-18T13:44:32.788+0545] {dagbag.py:545} INFO - Filling up the DagBag from /home/prabal/afenv/lib/python3.10/site-packages/airflow/example_dags/example_setup_teardown_taskflow.py
[2024-06-18T13:44:32.798+0545] {processor.py:840} INFO - DAG(s) 'example_setup_teardown_taskflow' retrieved from /home/prabal/afenv/lib/python3.10/site-packages/airflow/example_dags/example_setup_teardown_taskflow.py
[2024-06-18T13:44:32.924+0545] {logging_mixin.py:188} INFO - [2024-06-18T13:44:32.923+0545] {dag.py:3096} INFO - Sync 1 DAGs
[2024-06-18T13:44:32.970+0545] {logging_mixin.py:188} INFO - [2024-06-18T13:44:32.969+0545] {dag.py:3954} INFO - Setting next_dagrun for example_setup_teardown_taskflow to 2024-06-17 00:00:00+00:00, run_after=2024-06-18 00:00:00+00:00
[2024-06-18T13:44:32.995+0545] {processor.py:183} INFO - Processing /home/prabal/afenv/lib/python3.10/site-packages/airflow/example_dags/example_setup_teardown_taskflow.py took 0.215 seconds
[2024-06-18T13:45:32.569+0545] {processor.py:161} INFO - Started process (PID=15078) to work on /home/prabal/afenv/lib/python3.10/site-packages/airflow/example_dags/example_setup_teardown_taskflow.py
[2024-06-18T13:45:32.582+0545] {processor.py:830} INFO - Processing file /home/prabal/afenv/lib/python3.10/site-packages/airflow/example_dags/example_setup_teardown_taskflow.py for tasks to queue
[2024-06-18T13:45:32.586+0545] {logging_mixin.py:188} INFO - [2024-06-18T13:45:32.585+0545] {dagbag.py:545} INFO - Filling up the DagBag from /home/prabal/afenv/lib/python3.10/site-packages/airflow/example_dags/example_setup_teardown_taskflow.py
[2024-06-18T13:45:32.607+0545] {processor.py:840} INFO - DAG(s) 'example_setup_teardown_taskflow' retrieved from /home/prabal/afenv/lib/python3.10/site-packages/airflow/example_dags/example_setup_teardown_taskflow.py
[2024-06-18T13:45:32.636+0545] {logging_mixin.py:188} INFO - [2024-06-18T13:45:32.636+0545] {dag.py:3096} INFO - Sync 1 DAGs
[2024-06-18T13:45:32.659+0545] {logging_mixin.py:188} INFO - [2024-06-18T13:45:32.659+0545] {dag.py:3954} INFO - Setting next_dagrun for example_setup_teardown_taskflow to 2024-06-17 00:00:00+00:00, run_after=2024-06-18 00:00:00+00:00
[2024-06-18T13:45:32.679+0545] {processor.py:183} INFO - Processing /home/prabal/afenv/lib/python3.10/site-packages/airflow/example_dags/example_setup_teardown_taskflow.py took 0.124 seconds
[2024-06-18T13:46:27.851+0545] {processor.py:161} INFO - Started process (PID=15345) to work on /home/prabal/afenv/lib/python3.10/site-packages/airflow/example_dags/example_setup_teardown_taskflow.py
[2024-06-18T13:46:27.864+0545] {processor.py:830} INFO - Processing file /home/prabal/afenv/lib/python3.10/site-packages/airflow/example_dags/example_setup_teardown_taskflow.py for tasks to queue
[2024-06-18T13:46:27.867+0545] {logging_mixin.py:188} INFO - [2024-06-18T13:46:27.867+0545] {dagbag.py:545} INFO - Filling up the DagBag from /home/prabal/afenv/lib/python3.10/site-packages/airflow/example_dags/example_setup_teardown_taskflow.py
[2024-06-18T13:46:27.889+0545] {processor.py:840} INFO - DAG(s) 'example_setup_teardown_taskflow' retrieved from /home/prabal/afenv/lib/python3.10/site-packages/airflow/example_dags/example_setup_teardown_taskflow.py
[2024-06-18T13:46:27.919+0545] {logging_mixin.py:188} INFO - [2024-06-18T13:46:27.919+0545] {dag.py:3096} INFO - Sync 1 DAGs
[2024-06-18T13:46:27.938+0545] {logging_mixin.py:188} INFO - [2024-06-18T13:46:27.938+0545] {dag.py:3954} INFO - Setting next_dagrun for example_setup_teardown_taskflow to 2024-06-17 00:00:00+00:00, run_after=2024-06-18 00:00:00+00:00
[2024-06-18T13:46:27.958+0545] {processor.py:183} INFO - Processing /home/prabal/afenv/lib/python3.10/site-packages/airflow/example_dags/example_setup_teardown_taskflow.py took 0.121 seconds
[2024-06-18T13:47:20.815+0545] {processor.py:161} INFO - Started process (PID=15601) to work on /home/prabal/afenv/lib/python3.10/site-packages/airflow/example_dags/example_setup_teardown_taskflow.py
[2024-06-18T13:47:20.827+0545] {processor.py:830} INFO - Processing file /home/prabal/afenv/lib/python3.10/site-packages/airflow/example_dags/example_setup_teardown_taskflow.py for tasks to queue
[2024-06-18T13:47:20.830+0545] {logging_mixin.py:188} INFO - [2024-06-18T13:47:20.829+0545] {dagbag.py:545} INFO - Filling up the DagBag from /home/prabal/afenv/lib/python3.10/site-packages/airflow/example_dags/example_setup_teardown_taskflow.py
[2024-06-18T13:47:20.850+0545] {processor.py:840} INFO - DAG(s) 'example_setup_teardown_taskflow' retrieved from /home/prabal/afenv/lib/python3.10/site-packages/airflow/example_dags/example_setup_teardown_taskflow.py
[2024-06-18T13:47:20.870+0545] {logging_mixin.py:188} INFO - [2024-06-18T13:47:20.870+0545] {dag.py:3096} INFO - Sync 1 DAGs
[2024-06-18T13:47:20.892+0545] {logging_mixin.py:188} INFO - [2024-06-18T13:47:20.891+0545] {dag.py:3954} INFO - Setting next_dagrun for example_setup_teardown_taskflow to 2024-06-17 00:00:00+00:00, run_after=2024-06-18 00:00:00+00:00
[2024-06-18T13:47:20.913+0545] {processor.py:183} INFO - Processing /home/prabal/afenv/lib/python3.10/site-packages/airflow/example_dags/example_setup_teardown_taskflow.py took 0.112 seconds
[2024-06-18T13:48:11.783+0545] {processor.py:161} INFO - Started process (PID=15851) to work on /home/prabal/afenv/lib/python3.10/site-packages/airflow/example_dags/example_setup_teardown_taskflow.py
[2024-06-18T13:48:11.797+0545] {processor.py:830} INFO - Processing file /home/prabal/afenv/lib/python3.10/site-packages/airflow/example_dags/example_setup_teardown_taskflow.py for tasks to queue
[2024-06-18T13:48:11.800+0545] {logging_mixin.py:188} INFO - [2024-06-18T13:48:11.800+0545] {dagbag.py:545} INFO - Filling up the DagBag from /home/prabal/afenv/lib/python3.10/site-packages/airflow/example_dags/example_setup_teardown_taskflow.py
[2024-06-18T13:48:11.821+0545] {processor.py:840} INFO - DAG(s) 'example_setup_teardown_taskflow' retrieved from /home/prabal/afenv/lib/python3.10/site-packages/airflow/example_dags/example_setup_teardown_taskflow.py
[2024-06-18T13:48:11.846+0545] {logging_mixin.py:188} INFO - [2024-06-18T13:48:11.846+0545] {dag.py:3096} INFO - Sync 1 DAGs
[2024-06-18T13:48:11.863+0545] {logging_mixin.py:188} INFO - [2024-06-18T13:48:11.863+0545] {dag.py:3954} INFO - Setting next_dagrun for example_setup_teardown_taskflow to 2024-06-17 00:00:00+00:00, run_after=2024-06-18 00:00:00+00:00
[2024-06-18T13:48:11.888+0545] {processor.py:183} INFO - Processing /home/prabal/afenv/lib/python3.10/site-packages/airflow/example_dags/example_setup_teardown_taskflow.py took 0.118 seconds
[2024-06-18T13:49:55.855+0545] {processor.py:161} INFO - Started process (PID=16374) to work on /home/prabal/afenv/lib/python3.10/site-packages/airflow/example_dags/example_setup_teardown_taskflow.py
[2024-06-18T13:49:55.856+0545] {processor.py:830} INFO - Processing file /home/prabal/afenv/lib/python3.10/site-packages/airflow/example_dags/example_setup_teardown_taskflow.py for tasks to queue
[2024-06-18T13:49:55.858+0545] {logging_mixin.py:188} INFO - [2024-06-18T13:49:55.858+0545] {dagbag.py:545} INFO - Filling up the DagBag from /home/prabal/afenv/lib/python3.10/site-packages/airflow/example_dags/example_setup_teardown_taskflow.py
[2024-06-18T13:49:55.866+0545] {processor.py:840} INFO - DAG(s) 'example_setup_teardown_taskflow' retrieved from /home/prabal/afenv/lib/python3.10/site-packages/airflow/example_dags/example_setup_teardown_taskflow.py
[2024-06-18T13:49:55.881+0545] {logging_mixin.py:188} INFO - [2024-06-18T13:49:55.881+0545] {dag.py:3096} INFO - Sync 1 DAGs
[2024-06-18T13:49:55.903+0545] {logging_mixin.py:188} INFO - [2024-06-18T13:49:55.902+0545] {dag.py:3954} INFO - Setting next_dagrun for example_setup_teardown_taskflow to 2024-06-17 00:00:00+00:00, run_after=2024-06-18 00:00:00+00:00
[2024-06-18T13:49:55.937+0545] {processor.py:183} INFO - Processing /home/prabal/afenv/lib/python3.10/site-packages/airflow/example_dags/example_setup_teardown_taskflow.py took 0.091 seconds
[2024-06-18T13:51:29.101+0545] {processor.py:161} INFO - Started process (PID=16830) to work on /home/prabal/afenv/lib/python3.10/site-packages/airflow/example_dags/example_setup_teardown_taskflow.py
[2024-06-18T13:51:29.113+0545] {processor.py:830} INFO - Processing file /home/prabal/afenv/lib/python3.10/site-packages/airflow/example_dags/example_setup_teardown_taskflow.py for tasks to queue
[2024-06-18T13:51:29.116+0545] {logging_mixin.py:188} INFO - [2024-06-18T13:51:29.115+0545] {dagbag.py:545} INFO - Filling up the DagBag from /home/prabal/afenv/lib/python3.10/site-packages/airflow/example_dags/example_setup_teardown_taskflow.py
[2024-06-18T13:51:29.128+0545] {processor.py:840} INFO - DAG(s) 'example_setup_teardown_taskflow' retrieved from /home/prabal/afenv/lib/python3.10/site-packages/airflow/example_dags/example_setup_teardown_taskflow.py
[2024-06-18T13:51:29.143+0545] {logging_mixin.py:188} INFO - [2024-06-18T13:51:29.143+0545] {dag.py:3096} INFO - Sync 1 DAGs
[2024-06-18T13:51:29.161+0545] {logging_mixin.py:188} INFO - [2024-06-18T13:51:29.161+0545] {dag.py:3954} INFO - Setting next_dagrun for example_setup_teardown_taskflow to 2024-06-17 00:00:00+00:00, run_after=2024-06-18 00:00:00+00:00
[2024-06-18T13:51:29.183+0545] {processor.py:183} INFO - Processing /home/prabal/afenv/lib/python3.10/site-packages/airflow/example_dags/example_setup_teardown_taskflow.py took 0.090 seconds
[2024-06-18T13:52:32.837+0545] {processor.py:161} INFO - Started process (PID=17183) to work on /home/prabal/afenv/lib/python3.10/site-packages/airflow/example_dags/example_setup_teardown_taskflow.py
[2024-06-18T13:52:32.851+0545] {processor.py:830} INFO - Processing file /home/prabal/afenv/lib/python3.10/site-packages/airflow/example_dags/example_setup_teardown_taskflow.py for tasks to queue
[2024-06-18T13:52:32.854+0545] {logging_mixin.py:188} INFO - [2024-06-18T13:52:32.853+0545] {dagbag.py:545} INFO - Filling up the DagBag from /home/prabal/afenv/lib/python3.10/site-packages/airflow/example_dags/example_setup_teardown_taskflow.py
[2024-06-18T13:52:32.873+0545] {processor.py:840} INFO - DAG(s) 'example_setup_teardown_taskflow' retrieved from /home/prabal/afenv/lib/python3.10/site-packages/airflow/example_dags/example_setup_teardown_taskflow.py
[2024-06-18T13:52:32.909+0545] {logging_mixin.py:188} INFO - [2024-06-18T13:52:32.909+0545] {dag.py:3096} INFO - Sync 1 DAGs
[2024-06-18T13:52:32.947+0545] {logging_mixin.py:188} INFO - [2024-06-18T13:52:32.946+0545] {dag.py:3954} INFO - Setting next_dagrun for example_setup_teardown_taskflow to 2024-06-17 00:00:00+00:00, run_after=2024-06-18 00:00:00+00:00
[2024-06-18T13:52:32.995+0545] {processor.py:183} INFO - Processing /home/prabal/afenv/lib/python3.10/site-packages/airflow/example_dags/example_setup_teardown_taskflow.py took 0.173 seconds
[2024-06-18T13:53:47.169+0545] {processor.py:161} INFO - Started process (PID=17567) to work on /home/prabal/afenv/lib/python3.10/site-packages/airflow/example_dags/example_setup_teardown_taskflow.py
[2024-06-18T13:53:47.182+0545] {processor.py:830} INFO - Processing file /home/prabal/afenv/lib/python3.10/site-packages/airflow/example_dags/example_setup_teardown_taskflow.py for tasks to queue
[2024-06-18T13:53:47.186+0545] {logging_mixin.py:188} INFO - [2024-06-18T13:53:47.185+0545] {dagbag.py:545} INFO - Filling up the DagBag from /home/prabal/afenv/lib/python3.10/site-packages/airflow/example_dags/example_setup_teardown_taskflow.py
[2024-06-18T13:53:47.206+0545] {processor.py:840} INFO - DAG(s) 'example_setup_teardown_taskflow' retrieved from /home/prabal/afenv/lib/python3.10/site-packages/airflow/example_dags/example_setup_teardown_taskflow.py
[2024-06-18T13:53:47.240+0545] {logging_mixin.py:188} INFO - [2024-06-18T13:53:47.239+0545] {dag.py:3096} INFO - Sync 1 DAGs
[2024-06-18T13:53:47.261+0545] {logging_mixin.py:188} INFO - [2024-06-18T13:53:47.261+0545] {dag.py:3954} INFO - Setting next_dagrun for example_setup_teardown_taskflow to 2024-06-17 00:00:00+00:00, run_after=2024-06-18 00:00:00+00:00
[2024-06-18T13:53:47.282+0545] {processor.py:183} INFO - Processing /home/prabal/afenv/lib/python3.10/site-packages/airflow/example_dags/example_setup_teardown_taskflow.py took 0.128 seconds
[2024-06-18T13:54:40.801+0545] {processor.py:161} INFO - Started process (PID=17829) to work on /home/prabal/afenv/lib/python3.10/site-packages/airflow/example_dags/example_setup_teardown_taskflow.py
[2024-06-18T13:54:40.814+0545] {processor.py:830} INFO - Processing file /home/prabal/afenv/lib/python3.10/site-packages/airflow/example_dags/example_setup_teardown_taskflow.py for tasks to queue
[2024-06-18T13:54:40.818+0545] {logging_mixin.py:188} INFO - [2024-06-18T13:54:40.817+0545] {dagbag.py:545} INFO - Filling up the DagBag from /home/prabal/afenv/lib/python3.10/site-packages/airflow/example_dags/example_setup_teardown_taskflow.py
[2024-06-18T13:54:40.834+0545] {processor.py:840} INFO - DAG(s) 'example_setup_teardown_taskflow' retrieved from /home/prabal/afenv/lib/python3.10/site-packages/airflow/example_dags/example_setup_teardown_taskflow.py
[2024-06-18T13:54:40.850+0545] {logging_mixin.py:188} INFO - [2024-06-18T13:54:40.850+0545] {dag.py:3096} INFO - Sync 1 DAGs
[2024-06-18T13:54:40.876+0545] {logging_mixin.py:188} INFO - [2024-06-18T13:54:40.876+0545] {dag.py:3954} INFO - Setting next_dagrun for example_setup_teardown_taskflow to 2024-06-17 00:00:00+00:00, run_after=2024-06-18 00:00:00+00:00
[2024-06-18T13:54:40.898+0545] {processor.py:183} INFO - Processing /home/prabal/afenv/lib/python3.10/site-packages/airflow/example_dags/example_setup_teardown_taskflow.py took 0.110 seconds
[2024-06-18T13:55:44.358+0545] {processor.py:161} INFO - Started process (PID=18158) to work on /home/prabal/afenv/lib/python3.10/site-packages/airflow/example_dags/example_setup_teardown_taskflow.py
[2024-06-18T13:55:44.371+0545] {processor.py:830} INFO - Processing file /home/prabal/afenv/lib/python3.10/site-packages/airflow/example_dags/example_setup_teardown_taskflow.py for tasks to queue
[2024-06-18T13:55:44.375+0545] {logging_mixin.py:188} INFO - [2024-06-18T13:55:44.374+0545] {dagbag.py:545} INFO - Filling up the DagBag from /home/prabal/afenv/lib/python3.10/site-packages/airflow/example_dags/example_setup_teardown_taskflow.py
[2024-06-18T13:55:44.395+0545] {processor.py:840} INFO - DAG(s) 'example_setup_teardown_taskflow' retrieved from /home/prabal/afenv/lib/python3.10/site-packages/airflow/example_dags/example_setup_teardown_taskflow.py
[2024-06-18T13:55:44.422+0545] {logging_mixin.py:188} INFO - [2024-06-18T13:55:44.422+0545] {dag.py:3096} INFO - Sync 1 DAGs
[2024-06-18T13:55:44.447+0545] {logging_mixin.py:188} INFO - [2024-06-18T13:55:44.447+0545] {dag.py:3954} INFO - Setting next_dagrun for example_setup_teardown_taskflow to 2024-06-17 00:00:00+00:00, run_after=2024-06-18 00:00:00+00:00
[2024-06-18T13:55:44.473+0545] {processor.py:183} INFO - Processing /home/prabal/afenv/lib/python3.10/site-packages/airflow/example_dags/example_setup_teardown_taskflow.py took 0.132 seconds
[2024-06-18T13:56:38.780+0545] {processor.py:161} INFO - Started process (PID=18423) to work on /home/prabal/afenv/lib/python3.10/site-packages/airflow/example_dags/example_setup_teardown_taskflow.py
[2024-06-18T13:56:38.792+0545] {processor.py:830} INFO - Processing file /home/prabal/afenv/lib/python3.10/site-packages/airflow/example_dags/example_setup_teardown_taskflow.py for tasks to queue
[2024-06-18T13:56:38.795+0545] {logging_mixin.py:188} INFO - [2024-06-18T13:56:38.795+0545] {dagbag.py:545} INFO - Filling up the DagBag from /home/prabal/afenv/lib/python3.10/site-packages/airflow/example_dags/example_setup_teardown_taskflow.py
[2024-06-18T13:56:38.816+0545] {processor.py:840} INFO - DAG(s) 'example_setup_teardown_taskflow' retrieved from /home/prabal/afenv/lib/python3.10/site-packages/airflow/example_dags/example_setup_teardown_taskflow.py
[2024-06-18T13:56:38.845+0545] {logging_mixin.py:188} INFO - [2024-06-18T13:56:38.845+0545] {dag.py:3096} INFO - Sync 1 DAGs
[2024-06-18T13:56:38.871+0545] {logging_mixin.py:188} INFO - [2024-06-18T13:56:38.871+0545] {dag.py:3954} INFO - Setting next_dagrun for example_setup_teardown_taskflow to 2024-06-17 00:00:00+00:00, run_after=2024-06-18 00:00:00+00:00
[2024-06-18T13:56:38.906+0545] {processor.py:183} INFO - Processing /home/prabal/afenv/lib/python3.10/site-packages/airflow/example_dags/example_setup_teardown_taskflow.py took 0.140 seconds
[2024-06-18T13:57:29.430+0545] {processor.py:161} INFO - Started process (PID=18667) to work on /home/prabal/afenv/lib/python3.10/site-packages/airflow/example_dags/example_setup_teardown_taskflow.py
[2024-06-18T13:57:29.443+0545] {processor.py:830} INFO - Processing file /home/prabal/afenv/lib/python3.10/site-packages/airflow/example_dags/example_setup_teardown_taskflow.py for tasks to queue
[2024-06-18T13:57:29.447+0545] {logging_mixin.py:188} INFO - [2024-06-18T13:57:29.446+0545] {dagbag.py:545} INFO - Filling up the DagBag from /home/prabal/afenv/lib/python3.10/site-packages/airflow/example_dags/example_setup_teardown_taskflow.py
[2024-06-18T13:57:29.467+0545] {processor.py:840} INFO - DAG(s) 'example_setup_teardown_taskflow' retrieved from /home/prabal/afenv/lib/python3.10/site-packages/airflow/example_dags/example_setup_teardown_taskflow.py
[2024-06-18T13:57:29.496+0545] {logging_mixin.py:188} INFO - [2024-06-18T13:57:29.496+0545] {dag.py:3096} INFO - Sync 1 DAGs
[2024-06-18T13:57:29.533+0545] {logging_mixin.py:188} INFO - [2024-06-18T13:57:29.533+0545] {dag.py:3954} INFO - Setting next_dagrun for example_setup_teardown_taskflow to 2024-06-17 00:00:00+00:00, run_after=2024-06-18 00:00:00+00:00
[2024-06-18T13:57:29.571+0545] {processor.py:183} INFO - Processing /home/prabal/afenv/lib/python3.10/site-packages/airflow/example_dags/example_setup_teardown_taskflow.py took 0.159 seconds
[2024-06-18T14:05:28.825+0545] {processor.py:161} INFO - Started process (PID=20792) to work on /home/prabal/afenv/lib/python3.10/site-packages/airflow/example_dags/example_setup_teardown_taskflow.py
[2024-06-18T14:05:28.838+0545] {processor.py:830} INFO - Processing file /home/prabal/afenv/lib/python3.10/site-packages/airflow/example_dags/example_setup_teardown_taskflow.py for tasks to queue
[2024-06-18T14:05:28.842+0545] {logging_mixin.py:188} INFO - [2024-06-18T14:05:28.842+0545] {dagbag.py:545} INFO - Filling up the DagBag from /home/prabal/afenv/lib/python3.10/site-packages/airflow/example_dags/example_setup_teardown_taskflow.py
[2024-06-18T14:05:28.867+0545] {processor.py:840} INFO - DAG(s) 'example_setup_teardown_taskflow' retrieved from /home/prabal/afenv/lib/python3.10/site-packages/airflow/example_dags/example_setup_teardown_taskflow.py
[2024-06-18T14:05:28.898+0545] {logging_mixin.py:188} INFO - [2024-06-18T14:05:28.898+0545] {dag.py:3096} INFO - Sync 1 DAGs
[2024-06-18T14:05:28.914+0545] {logging_mixin.py:188} INFO - [2024-06-18T14:05:28.914+0545] {dag.py:3954} INFO - Setting next_dagrun for example_setup_teardown_taskflow to 2024-06-17 00:00:00+00:00, run_after=2024-06-18 00:00:00+00:00
[2024-06-18T14:05:28.931+0545] {processor.py:183} INFO - Processing /home/prabal/afenv/lib/python3.10/site-packages/airflow/example_dags/example_setup_teardown_taskflow.py took 0.121 seconds
[2024-06-18T14:06:27.458+0545] {processor.py:161} INFO - Started process (PID=21072) to work on /home/prabal/afenv/lib/python3.10/site-packages/airflow/example_dags/example_setup_teardown_taskflow.py
[2024-06-18T14:06:27.472+0545] {processor.py:830} INFO - Processing file /home/prabal/afenv/lib/python3.10/site-packages/airflow/example_dags/example_setup_teardown_taskflow.py for tasks to queue
[2024-06-18T14:06:27.476+0545] {logging_mixin.py:188} INFO - [2024-06-18T14:06:27.475+0545] {dagbag.py:545} INFO - Filling up the DagBag from /home/prabal/afenv/lib/python3.10/site-packages/airflow/example_dags/example_setup_teardown_taskflow.py
[2024-06-18T14:06:27.494+0545] {processor.py:840} INFO - DAG(s) 'example_setup_teardown_taskflow' retrieved from /home/prabal/afenv/lib/python3.10/site-packages/airflow/example_dags/example_setup_teardown_taskflow.py
[2024-06-18T14:06:27.516+0545] {logging_mixin.py:188} INFO - [2024-06-18T14:06:27.515+0545] {dag.py:3096} INFO - Sync 1 DAGs
[2024-06-18T14:06:27.542+0545] {logging_mixin.py:188} INFO - [2024-06-18T14:06:27.542+0545] {dag.py:3954} INFO - Setting next_dagrun for example_setup_teardown_taskflow to 2024-06-17 00:00:00+00:00, run_after=2024-06-18 00:00:00+00:00
[2024-06-18T14:06:27.560+0545] {processor.py:183} INFO - Processing /home/prabal/afenv/lib/python3.10/site-packages/airflow/example_dags/example_setup_teardown_taskflow.py took 0.116 seconds
[2024-06-18T14:07:25.440+0545] {processor.py:161} INFO - Started process (PID=21350) to work on /home/prabal/afenv/lib/python3.10/site-packages/airflow/example_dags/example_setup_teardown_taskflow.py
[2024-06-18T14:07:25.453+0545] {processor.py:830} INFO - Processing file /home/prabal/afenv/lib/python3.10/site-packages/airflow/example_dags/example_setup_teardown_taskflow.py for tasks to queue
[2024-06-18T14:07:25.456+0545] {logging_mixin.py:188} INFO - [2024-06-18T14:07:25.455+0545] {dagbag.py:545} INFO - Filling up the DagBag from /home/prabal/afenv/lib/python3.10/site-packages/airflow/example_dags/example_setup_teardown_taskflow.py
[2024-06-18T14:07:25.554+0545] {processor.py:840} INFO - DAG(s) 'example_setup_teardown_taskflow' retrieved from /home/prabal/afenv/lib/python3.10/site-packages/airflow/example_dags/example_setup_teardown_taskflow.py
[2024-06-18T14:07:25.567+0545] {logging_mixin.py:188} INFO - [2024-06-18T14:07:25.567+0545] {dag.py:3096} INFO - Sync 1 DAGs
[2024-06-18T14:07:25.583+0545] {logging_mixin.py:188} INFO - [2024-06-18T14:07:25.583+0545] {dag.py:3954} INFO - Setting next_dagrun for example_setup_teardown_taskflow to 2024-06-17 00:00:00+00:00, run_after=2024-06-18 00:00:00+00:00
[2024-06-18T14:07:25.614+0545] {processor.py:183} INFO - Processing /home/prabal/afenv/lib/python3.10/site-packages/airflow/example_dags/example_setup_teardown_taskflow.py took 0.188 seconds
[2024-06-18T14:08:21.785+0545] {processor.py:161} INFO - Started process (PID=21631) to work on /home/prabal/afenv/lib/python3.10/site-packages/airflow/example_dags/example_setup_teardown_taskflow.py
[2024-06-18T14:08:21.798+0545] {processor.py:830} INFO - Processing file /home/prabal/afenv/lib/python3.10/site-packages/airflow/example_dags/example_setup_teardown_taskflow.py for tasks to queue
[2024-06-18T14:08:21.801+0545] {logging_mixin.py:188} INFO - [2024-06-18T14:08:21.801+0545] {dagbag.py:545} INFO - Filling up the DagBag from /home/prabal/afenv/lib/python3.10/site-packages/airflow/example_dags/example_setup_teardown_taskflow.py
[2024-06-18T14:08:21.822+0545] {processor.py:840} INFO - DAG(s) 'example_setup_teardown_taskflow' retrieved from /home/prabal/afenv/lib/python3.10/site-packages/airflow/example_dags/example_setup_teardown_taskflow.py
[2024-06-18T14:08:21.857+0545] {logging_mixin.py:188} INFO - [2024-06-18T14:08:21.857+0545] {dag.py:3096} INFO - Sync 1 DAGs
[2024-06-18T14:08:21.876+0545] {logging_mixin.py:188} INFO - [2024-06-18T14:08:21.876+0545] {dag.py:3954} INFO - Setting next_dagrun for example_setup_teardown_taskflow to 2024-06-17 00:00:00+00:00, run_after=2024-06-18 00:00:00+00:00
[2024-06-18T14:08:21.894+0545] {processor.py:183} INFO - Processing /home/prabal/afenv/lib/python3.10/site-packages/airflow/example_dags/example_setup_teardown_taskflow.py took 0.124 seconds
[2024-06-18T14:09:18.548+0545] {processor.py:161} INFO - Started process (PID=21904) to work on /home/prabal/afenv/lib/python3.10/site-packages/airflow/example_dags/example_setup_teardown_taskflow.py
[2024-06-18T14:09:18.561+0545] {processor.py:830} INFO - Processing file /home/prabal/afenv/lib/python3.10/site-packages/airflow/example_dags/example_setup_teardown_taskflow.py for tasks to queue
[2024-06-18T14:09:18.565+0545] {logging_mixin.py:188} INFO - [2024-06-18T14:09:18.564+0545] {dagbag.py:545} INFO - Filling up the DagBag from /home/prabal/afenv/lib/python3.10/site-packages/airflow/example_dags/example_setup_teardown_taskflow.py
[2024-06-18T14:09:18.586+0545] {processor.py:840} INFO - DAG(s) 'example_setup_teardown_taskflow' retrieved from /home/prabal/afenv/lib/python3.10/site-packages/airflow/example_dags/example_setup_teardown_taskflow.py
[2024-06-18T14:09:18.611+0545] {logging_mixin.py:188} INFO - [2024-06-18T14:09:18.610+0545] {dag.py:3096} INFO - Sync 1 DAGs
[2024-06-18T14:09:18.629+0545] {logging_mixin.py:188} INFO - [2024-06-18T14:09:18.629+0545] {dag.py:3954} INFO - Setting next_dagrun for example_setup_teardown_taskflow to 2024-06-17 00:00:00+00:00, run_after=2024-06-18 00:00:00+00:00
[2024-06-18T14:09:18.654+0545] {processor.py:183} INFO - Processing /home/prabal/afenv/lib/python3.10/site-packages/airflow/example_dags/example_setup_teardown_taskflow.py took 0.121 seconds
[2024-06-18T14:10:13.245+0545] {processor.py:161} INFO - Started process (PID=22166) to work on /home/prabal/afenv/lib/python3.10/site-packages/airflow/example_dags/example_setup_teardown_taskflow.py
[2024-06-18T14:10:13.259+0545] {processor.py:830} INFO - Processing file /home/prabal/afenv/lib/python3.10/site-packages/airflow/example_dags/example_setup_teardown_taskflow.py for tasks to queue
[2024-06-18T14:10:13.264+0545] {logging_mixin.py:188} INFO - [2024-06-18T14:10:13.263+0545] {dagbag.py:545} INFO - Filling up the DagBag from /home/prabal/afenv/lib/python3.10/site-packages/airflow/example_dags/example_setup_teardown_taskflow.py
[2024-06-18T14:10:13.289+0545] {processor.py:840} INFO - DAG(s) 'example_setup_teardown_taskflow' retrieved from /home/prabal/afenv/lib/python3.10/site-packages/airflow/example_dags/example_setup_teardown_taskflow.py
[2024-06-18T14:10:13.323+0545] {logging_mixin.py:188} INFO - [2024-06-18T14:10:13.323+0545] {dag.py:3096} INFO - Sync 1 DAGs
[2024-06-18T14:10:13.362+0545] {logging_mixin.py:188} INFO - [2024-06-18T14:10:13.361+0545] {dag.py:3954} INFO - Setting next_dagrun for example_setup_teardown_taskflow to 2024-06-17 00:00:00+00:00, run_after=2024-06-18 00:00:00+00:00
[2024-06-18T14:10:13.415+0545] {processor.py:183} INFO - Processing /home/prabal/afenv/lib/python3.10/site-packages/airflow/example_dags/example_setup_teardown_taskflow.py took 0.184 seconds
[2024-06-18T14:11:06.354+0545] {processor.py:161} INFO - Started process (PID=22421) to work on /home/prabal/afenv/lib/python3.10/site-packages/airflow/example_dags/example_setup_teardown_taskflow.py
[2024-06-18T14:11:06.367+0545] {processor.py:830} INFO - Processing file /home/prabal/afenv/lib/python3.10/site-packages/airflow/example_dags/example_setup_teardown_taskflow.py for tasks to queue
[2024-06-18T14:11:06.371+0545] {logging_mixin.py:188} INFO - [2024-06-18T14:11:06.370+0545] {dagbag.py:545} INFO - Filling up the DagBag from /home/prabal/afenv/lib/python3.10/site-packages/airflow/example_dags/example_setup_teardown_taskflow.py
[2024-06-18T14:11:06.392+0545] {processor.py:840} INFO - DAG(s) 'example_setup_teardown_taskflow' retrieved from /home/prabal/afenv/lib/python3.10/site-packages/airflow/example_dags/example_setup_teardown_taskflow.py
[2024-06-18T14:11:06.429+0545] {logging_mixin.py:188} INFO - [2024-06-18T14:11:06.428+0545] {dag.py:3096} INFO - Sync 1 DAGs
[2024-06-18T14:11:06.452+0545] {logging_mixin.py:188} INFO - [2024-06-18T14:11:06.452+0545] {dag.py:3954} INFO - Setting next_dagrun for example_setup_teardown_taskflow to 2024-06-17 00:00:00+00:00, run_after=2024-06-18 00:00:00+00:00
[2024-06-18T14:11:06.494+0545] {processor.py:183} INFO - Processing /home/prabal/afenv/lib/python3.10/site-packages/airflow/example_dags/example_setup_teardown_taskflow.py took 0.154 seconds
[2024-06-18T14:11:59.191+0545] {processor.py:161} INFO - Started process (PID=22677) to work on /home/prabal/afenv/lib/python3.10/site-packages/airflow/example_dags/example_setup_teardown_taskflow.py
[2024-06-18T14:11:59.204+0545] {processor.py:830} INFO - Processing file /home/prabal/afenv/lib/python3.10/site-packages/airflow/example_dags/example_setup_teardown_taskflow.py for tasks to queue
[2024-06-18T14:11:59.207+0545] {logging_mixin.py:188} INFO - [2024-06-18T14:11:59.206+0545] {dagbag.py:545} INFO - Filling up the DagBag from /home/prabal/afenv/lib/python3.10/site-packages/airflow/example_dags/example_setup_teardown_taskflow.py
[2024-06-18T14:11:59.229+0545] {processor.py:840} INFO - DAG(s) 'example_setup_teardown_taskflow' retrieved from /home/prabal/afenv/lib/python3.10/site-packages/airflow/example_dags/example_setup_teardown_taskflow.py
[2024-06-18T14:11:59.256+0545] {logging_mixin.py:188} INFO - [2024-06-18T14:11:59.256+0545] {dag.py:3096} INFO - Sync 1 DAGs
[2024-06-18T14:11:59.274+0545] {logging_mixin.py:188} INFO - [2024-06-18T14:11:59.274+0545] {dag.py:3954} INFO - Setting next_dagrun for example_setup_teardown_taskflow to 2024-06-17 00:00:00+00:00, run_after=2024-06-18 00:00:00+00:00
[2024-06-18T14:11:59.293+0545] {processor.py:183} INFO - Processing /home/prabal/afenv/lib/python3.10/site-packages/airflow/example_dags/example_setup_teardown_taskflow.py took 0.118 seconds
[2024-06-18T14:12:50.685+0545] {processor.py:161} INFO - Started process (PID=22925) to work on /home/prabal/afenv/lib/python3.10/site-packages/airflow/example_dags/example_setup_teardown_taskflow.py
[2024-06-18T14:12:50.688+0545] {processor.py:830} INFO - Processing file /home/prabal/afenv/lib/python3.10/site-packages/airflow/example_dags/example_setup_teardown_taskflow.py for tasks to queue
[2024-06-18T14:12:50.691+0545] {logging_mixin.py:188} INFO - [2024-06-18T14:12:50.690+0545] {dagbag.py:545} INFO - Filling up the DagBag from /home/prabal/afenv/lib/python3.10/site-packages/airflow/example_dags/example_setup_teardown_taskflow.py
[2024-06-18T14:12:50.703+0545] {processor.py:840} INFO - DAG(s) 'example_setup_teardown_taskflow' retrieved from /home/prabal/afenv/lib/python3.10/site-packages/airflow/example_dags/example_setup_teardown_taskflow.py
[2024-06-18T14:12:50.724+0545] {logging_mixin.py:188} INFO - [2024-06-18T14:12:50.723+0545] {dag.py:3096} INFO - Sync 1 DAGs
[2024-06-18T14:12:50.745+0545] {logging_mixin.py:188} INFO - [2024-06-18T14:12:50.744+0545] {dag.py:3954} INFO - Setting next_dagrun for example_setup_teardown_taskflow to 2024-06-17 00:00:00+00:00, run_after=2024-06-18 00:00:00+00:00
[2024-06-18T14:12:50.768+0545] {processor.py:183} INFO - Processing /home/prabal/afenv/lib/python3.10/site-packages/airflow/example_dags/example_setup_teardown_taskflow.py took 0.099 seconds
[2024-06-18T14:13:42.171+0545] {processor.py:161} INFO - Started process (PID=23174) to work on /home/prabal/afenv/lib/python3.10/site-packages/airflow/example_dags/example_setup_teardown_taskflow.py
[2024-06-18T14:13:42.184+0545] {processor.py:830} INFO - Processing file /home/prabal/afenv/lib/python3.10/site-packages/airflow/example_dags/example_setup_teardown_taskflow.py for tasks to queue
[2024-06-18T14:13:42.187+0545] {logging_mixin.py:188} INFO - [2024-06-18T14:13:42.186+0545] {dagbag.py:545} INFO - Filling up the DagBag from /home/prabal/afenv/lib/python3.10/site-packages/airflow/example_dags/example_setup_teardown_taskflow.py
[2024-06-18T14:13:42.200+0545] {processor.py:840} INFO - DAG(s) 'example_setup_teardown_taskflow' retrieved from /home/prabal/afenv/lib/python3.10/site-packages/airflow/example_dags/example_setup_teardown_taskflow.py
[2024-06-18T14:13:42.219+0545] {logging_mixin.py:188} INFO - [2024-06-18T14:13:42.219+0545] {dag.py:3096} INFO - Sync 1 DAGs
[2024-06-18T14:13:42.238+0545] {logging_mixin.py:188} INFO - [2024-06-18T14:13:42.238+0545] {dag.py:3954} INFO - Setting next_dagrun for example_setup_teardown_taskflow to 2024-06-17 00:00:00+00:00, run_after=2024-06-18 00:00:00+00:00
[2024-06-18T14:13:42.259+0545] {processor.py:183} INFO - Processing /home/prabal/afenv/lib/python3.10/site-packages/airflow/example_dags/example_setup_teardown_taskflow.py took 0.106 seconds
[2024-06-18T14:14:34.700+0545] {processor.py:161} INFO - Started process (PID=23427) to work on /home/prabal/afenv/lib/python3.10/site-packages/airflow/example_dags/example_setup_teardown_taskflow.py
[2024-06-18T14:14:34.714+0545] {processor.py:830} INFO - Processing file /home/prabal/afenv/lib/python3.10/site-packages/airflow/example_dags/example_setup_teardown_taskflow.py for tasks to queue
[2024-06-18T14:14:34.718+0545] {logging_mixin.py:188} INFO - [2024-06-18T14:14:34.717+0545] {dagbag.py:545} INFO - Filling up the DagBag from /home/prabal/afenv/lib/python3.10/site-packages/airflow/example_dags/example_setup_teardown_taskflow.py
[2024-06-18T14:14:34.739+0545] {processor.py:840} INFO - DAG(s) 'example_setup_teardown_taskflow' retrieved from /home/prabal/afenv/lib/python3.10/site-packages/airflow/example_dags/example_setup_teardown_taskflow.py
[2024-06-18T14:14:34.776+0545] {logging_mixin.py:188} INFO - [2024-06-18T14:14:34.776+0545] {dag.py:3096} INFO - Sync 1 DAGs
[2024-06-18T14:14:34.795+0545] {logging_mixin.py:188} INFO - [2024-06-18T14:14:34.794+0545] {dag.py:3954} INFO - Setting next_dagrun for example_setup_teardown_taskflow to 2024-06-17 00:00:00+00:00, run_after=2024-06-18 00:00:00+00:00
[2024-06-18T14:14:34.813+0545] {processor.py:183} INFO - Processing /home/prabal/afenv/lib/python3.10/site-packages/airflow/example_dags/example_setup_teardown_taskflow.py took 0.126 seconds
[2024-06-18T14:15:38.498+0545] {processor.py:161} INFO - Started process (PID=23757) to work on /home/prabal/afenv/lib/python3.10/site-packages/airflow/example_dags/example_setup_teardown_taskflow.py
[2024-06-18T14:15:38.511+0545] {processor.py:830} INFO - Processing file /home/prabal/afenv/lib/python3.10/site-packages/airflow/example_dags/example_setup_teardown_taskflow.py for tasks to queue
[2024-06-18T14:15:38.515+0545] {logging_mixin.py:188} INFO - [2024-06-18T14:15:38.514+0545] {dagbag.py:545} INFO - Filling up the DagBag from /home/prabal/afenv/lib/python3.10/site-packages/airflow/example_dags/example_setup_teardown_taskflow.py
[2024-06-18T14:15:38.537+0545] {processor.py:840} INFO - DAG(s) 'example_setup_teardown_taskflow' retrieved from /home/prabal/afenv/lib/python3.10/site-packages/airflow/example_dags/example_setup_teardown_taskflow.py
[2024-06-18T14:15:38.577+0545] {logging_mixin.py:188} INFO - [2024-06-18T14:15:38.576+0545] {dag.py:3096} INFO - Sync 1 DAGs
[2024-06-18T14:15:38.613+0545] {logging_mixin.py:188} INFO - [2024-06-18T14:15:38.612+0545] {dag.py:3954} INFO - Setting next_dagrun for example_setup_teardown_taskflow to 2024-06-17 00:00:00+00:00, run_after=2024-06-18 00:00:00+00:00
[2024-06-18T14:15:38.647+0545] {processor.py:183} INFO - Processing /home/prabal/afenv/lib/python3.10/site-packages/airflow/example_dags/example_setup_teardown_taskflow.py took 0.164 seconds
[2024-06-18T14:16:35.106+0545] {processor.py:161} INFO - Started process (PID=24030) to work on /home/prabal/afenv/lib/python3.10/site-packages/airflow/example_dags/example_setup_teardown_taskflow.py
[2024-06-18T14:16:35.118+0545] {processor.py:830} INFO - Processing file /home/prabal/afenv/lib/python3.10/site-packages/airflow/example_dags/example_setup_teardown_taskflow.py for tasks to queue
[2024-06-18T14:16:35.121+0545] {logging_mixin.py:188} INFO - [2024-06-18T14:16:35.120+0545] {dagbag.py:545} INFO - Filling up the DagBag from /home/prabal/afenv/lib/python3.10/site-packages/airflow/example_dags/example_setup_teardown_taskflow.py
[2024-06-18T14:16:35.138+0545] {processor.py:840} INFO - DAG(s) 'example_setup_teardown_taskflow' retrieved from /home/prabal/afenv/lib/python3.10/site-packages/airflow/example_dags/example_setup_teardown_taskflow.py
[2024-06-18T14:16:35.161+0545] {logging_mixin.py:188} INFO - [2024-06-18T14:16:35.161+0545] {dag.py:3096} INFO - Sync 1 DAGs
[2024-06-18T14:16:35.196+0545] {logging_mixin.py:188} INFO - [2024-06-18T14:16:35.196+0545] {dag.py:3954} INFO - Setting next_dagrun for example_setup_teardown_taskflow to 2024-06-17 00:00:00+00:00, run_after=2024-06-18 00:00:00+00:00
[2024-06-18T14:16:35.233+0545] {processor.py:183} INFO - Processing /home/prabal/afenv/lib/python3.10/site-packages/airflow/example_dags/example_setup_teardown_taskflow.py took 0.142 seconds
[2024-06-18T14:17:28.874+0545] {processor.py:161} INFO - Started process (PID=24291) to work on /home/prabal/afenv/lib/python3.10/site-packages/airflow/example_dags/example_setup_teardown_taskflow.py
[2024-06-18T14:17:28.887+0545] {processor.py:830} INFO - Processing file /home/prabal/afenv/lib/python3.10/site-packages/airflow/example_dags/example_setup_teardown_taskflow.py for tasks to queue
[2024-06-18T14:17:28.891+0545] {logging_mixin.py:188} INFO - [2024-06-18T14:17:28.890+0545] {dagbag.py:545} INFO - Filling up the DagBag from /home/prabal/afenv/lib/python3.10/site-packages/airflow/example_dags/example_setup_teardown_taskflow.py
[2024-06-18T14:17:28.911+0545] {processor.py:840} INFO - DAG(s) 'example_setup_teardown_taskflow' retrieved from /home/prabal/afenv/lib/python3.10/site-packages/airflow/example_dags/example_setup_teardown_taskflow.py
[2024-06-18T14:17:28.946+0545] {logging_mixin.py:188} INFO - [2024-06-18T14:17:28.946+0545] {dag.py:3096} INFO - Sync 1 DAGs
[2024-06-18T14:17:28.976+0545] {logging_mixin.py:188} INFO - [2024-06-18T14:17:28.976+0545] {dag.py:3954} INFO - Setting next_dagrun for example_setup_teardown_taskflow to 2024-06-17 00:00:00+00:00, run_after=2024-06-18 00:00:00+00:00
[2024-06-18T14:17:29.026+0545] {processor.py:183} INFO - Processing /home/prabal/afenv/lib/python3.10/site-packages/airflow/example_dags/example_setup_teardown_taskflow.py took 0.166 seconds
[2024-06-18T14:18:25.732+0545] {processor.py:161} INFO - Started process (PID=24563) to work on /home/prabal/afenv/lib/python3.10/site-packages/airflow/example_dags/example_setup_teardown_taskflow.py
[2024-06-18T14:18:25.734+0545] {processor.py:830} INFO - Processing file /home/prabal/afenv/lib/python3.10/site-packages/airflow/example_dags/example_setup_teardown_taskflow.py for tasks to queue
[2024-06-18T14:18:25.737+0545] {logging_mixin.py:188} INFO - [2024-06-18T14:18:25.737+0545] {dagbag.py:545} INFO - Filling up the DagBag from /home/prabal/afenv/lib/python3.10/site-packages/airflow/example_dags/example_setup_teardown_taskflow.py
[2024-06-18T14:18:25.752+0545] {processor.py:840} INFO - DAG(s) 'example_setup_teardown_taskflow' retrieved from /home/prabal/afenv/lib/python3.10/site-packages/airflow/example_dags/example_setup_teardown_taskflow.py
[2024-06-18T14:18:25.768+0545] {logging_mixin.py:188} INFO - [2024-06-18T14:18:25.768+0545] {dag.py:3096} INFO - Sync 1 DAGs
[2024-06-18T14:18:25.785+0545] {logging_mixin.py:188} INFO - [2024-06-18T14:18:25.784+0545] {dag.py:3954} INFO - Setting next_dagrun for example_setup_teardown_taskflow to 2024-06-17 00:00:00+00:00, run_after=2024-06-18 00:00:00+00:00
[2024-06-18T14:18:25.803+0545] {processor.py:183} INFO - Processing /home/prabal/afenv/lib/python3.10/site-packages/airflow/example_dags/example_setup_teardown_taskflow.py took 0.086 seconds
[2024-06-18T14:19:19.959+0545] {processor.py:161} INFO - Started process (PID=24822) to work on /home/prabal/afenv/lib/python3.10/site-packages/airflow/example_dags/example_setup_teardown_taskflow.py
[2024-06-18T14:19:19.972+0545] {processor.py:830} INFO - Processing file /home/prabal/afenv/lib/python3.10/site-packages/airflow/example_dags/example_setup_teardown_taskflow.py for tasks to queue
[2024-06-18T14:19:19.975+0545] {logging_mixin.py:188} INFO - [2024-06-18T14:19:19.974+0545] {dagbag.py:545} INFO - Filling up the DagBag from /home/prabal/afenv/lib/python3.10/site-packages/airflow/example_dags/example_setup_teardown_taskflow.py
[2024-06-18T14:19:19.997+0545] {processor.py:840} INFO - DAG(s) 'example_setup_teardown_taskflow' retrieved from /home/prabal/afenv/lib/python3.10/site-packages/airflow/example_dags/example_setup_teardown_taskflow.py
[2024-06-18T14:19:20.023+0545] {logging_mixin.py:188} INFO - [2024-06-18T14:19:20.022+0545] {dag.py:3096} INFO - Sync 1 DAGs
[2024-06-18T14:19:20.041+0545] {logging_mixin.py:188} INFO - [2024-06-18T14:19:20.041+0545] {dag.py:3954} INFO - Setting next_dagrun for example_setup_teardown_taskflow to 2024-06-17 00:00:00+00:00, run_after=2024-06-18 00:00:00+00:00
[2024-06-18T14:19:20.059+0545] {processor.py:183} INFO - Processing /home/prabal/afenv/lib/python3.10/site-packages/airflow/example_dags/example_setup_teardown_taskflow.py took 0.112 seconds
[2024-06-18T14:20:13.701+0545] {processor.py:161} INFO - Started process (PID=25080) to work on /home/prabal/afenv/lib/python3.10/site-packages/airflow/example_dags/example_setup_teardown_taskflow.py
[2024-06-18T14:20:13.715+0545] {processor.py:830} INFO - Processing file /home/prabal/afenv/lib/python3.10/site-packages/airflow/example_dags/example_setup_teardown_taskflow.py for tasks to queue
[2024-06-18T14:20:13.718+0545] {logging_mixin.py:188} INFO - [2024-06-18T14:20:13.717+0545] {dagbag.py:545} INFO - Filling up the DagBag from /home/prabal/afenv/lib/python3.10/site-packages/airflow/example_dags/example_setup_teardown_taskflow.py
[2024-06-18T14:20:13.738+0545] {processor.py:840} INFO - DAG(s) 'example_setup_teardown_taskflow' retrieved from /home/prabal/afenv/lib/python3.10/site-packages/airflow/example_dags/example_setup_teardown_taskflow.py
[2024-06-18T14:20:13.757+0545] {logging_mixin.py:188} INFO - [2024-06-18T14:20:13.757+0545] {dag.py:3096} INFO - Sync 1 DAGs
[2024-06-18T14:20:13.773+0545] {logging_mixin.py:188} INFO - [2024-06-18T14:20:13.773+0545] {dag.py:3954} INFO - Setting next_dagrun for example_setup_teardown_taskflow to 2024-06-17 00:00:00+00:00, run_after=2024-06-18 00:00:00+00:00
[2024-06-18T14:20:13.792+0545] {processor.py:183} INFO - Processing /home/prabal/afenv/lib/python3.10/site-packages/airflow/example_dags/example_setup_teardown_taskflow.py took 0.104 seconds
[2024-06-18T14:21:06.017+0545] {processor.py:161} INFO - Started process (PID=25333) to work on /home/prabal/afenv/lib/python3.10/site-packages/airflow/example_dags/example_setup_teardown_taskflow.py
[2024-06-18T14:21:06.030+0545] {processor.py:830} INFO - Processing file /home/prabal/afenv/lib/python3.10/site-packages/airflow/example_dags/example_setup_teardown_taskflow.py for tasks to queue
[2024-06-18T14:21:06.033+0545] {logging_mixin.py:188} INFO - [2024-06-18T14:21:06.033+0545] {dagbag.py:545} INFO - Filling up the DagBag from /home/prabal/afenv/lib/python3.10/site-packages/airflow/example_dags/example_setup_teardown_taskflow.py
[2024-06-18T14:21:06.056+0545] {processor.py:840} INFO - DAG(s) 'example_setup_teardown_taskflow' retrieved from /home/prabal/afenv/lib/python3.10/site-packages/airflow/example_dags/example_setup_teardown_taskflow.py
[2024-06-18T14:21:06.089+0545] {logging_mixin.py:188} INFO - [2024-06-18T14:21:06.088+0545] {dag.py:3096} INFO - Sync 1 DAGs
[2024-06-18T14:21:06.128+0545] {logging_mixin.py:188} INFO - [2024-06-18T14:21:06.127+0545] {dag.py:3954} INFO - Setting next_dagrun for example_setup_teardown_taskflow to 2024-06-17 00:00:00+00:00, run_after=2024-06-18 00:00:00+00:00
[2024-06-18T14:21:06.181+0545] {processor.py:183} INFO - Processing /home/prabal/afenv/lib/python3.10/site-packages/airflow/example_dags/example_setup_teardown_taskflow.py took 0.179 seconds
[2024-06-18T14:22:01.404+0545] {processor.py:161} INFO - Started process (PID=25596) to work on /home/prabal/afenv/lib/python3.10/site-packages/airflow/example_dags/example_setup_teardown_taskflow.py
[2024-06-18T14:22:01.416+0545] {processor.py:830} INFO - Processing file /home/prabal/afenv/lib/python3.10/site-packages/airflow/example_dags/example_setup_teardown_taskflow.py for tasks to queue
[2024-06-18T14:22:01.419+0545] {logging_mixin.py:188} INFO - [2024-06-18T14:22:01.419+0545] {dagbag.py:545} INFO - Filling up the DagBag from /home/prabal/afenv/lib/python3.10/site-packages/airflow/example_dags/example_setup_teardown_taskflow.py
[2024-06-18T14:22:01.436+0545] {processor.py:840} INFO - DAG(s) 'example_setup_teardown_taskflow' retrieved from /home/prabal/afenv/lib/python3.10/site-packages/airflow/example_dags/example_setup_teardown_taskflow.py
[2024-06-18T14:22:01.455+0545] {logging_mixin.py:188} INFO - [2024-06-18T14:22:01.454+0545] {dag.py:3096} INFO - Sync 1 DAGs
[2024-06-18T14:22:01.473+0545] {logging_mixin.py:188} INFO - [2024-06-18T14:22:01.473+0545] {dag.py:3954} INFO - Setting next_dagrun for example_setup_teardown_taskflow to 2024-06-17 00:00:00+00:00, run_after=2024-06-18 00:00:00+00:00
[2024-06-18T14:22:01.494+0545] {processor.py:183} INFO - Processing /home/prabal/afenv/lib/python3.10/site-packages/airflow/example_dags/example_setup_teardown_taskflow.py took 0.103 seconds
[2024-06-18T14:22:55.991+0545] {processor.py:161} INFO - Started process (PID=25862) to work on /home/prabal/afenv/lib/python3.10/site-packages/airflow/example_dags/example_setup_teardown_taskflow.py
[2024-06-18T14:22:56.005+0545] {processor.py:830} INFO - Processing file /home/prabal/afenv/lib/python3.10/site-packages/airflow/example_dags/example_setup_teardown_taskflow.py for tasks to queue
[2024-06-18T14:22:56.008+0545] {logging_mixin.py:188} INFO - [2024-06-18T14:22:56.007+0545] {dagbag.py:545} INFO - Filling up the DagBag from /home/prabal/afenv/lib/python3.10/site-packages/airflow/example_dags/example_setup_teardown_taskflow.py
[2024-06-18T14:22:56.028+0545] {processor.py:840} INFO - DAG(s) 'example_setup_teardown_taskflow' retrieved from /home/prabal/afenv/lib/python3.10/site-packages/airflow/example_dags/example_setup_teardown_taskflow.py
[2024-06-18T14:22:56.047+0545] {logging_mixin.py:188} INFO - [2024-06-18T14:22:56.047+0545] {dag.py:3096} INFO - Sync 1 DAGs
[2024-06-18T14:22:56.071+0545] {logging_mixin.py:188} INFO - [2024-06-18T14:22:56.070+0545] {dag.py:3954} INFO - Setting next_dagrun for example_setup_teardown_taskflow to 2024-06-17 00:00:00+00:00, run_after=2024-06-18 00:00:00+00:00
[2024-06-18T14:22:56.110+0545] {processor.py:183} INFO - Processing /home/prabal/afenv/lib/python3.10/site-packages/airflow/example_dags/example_setup_teardown_taskflow.py took 0.133 seconds
[2024-06-18T14:23:47.558+0545] {processor.py:161} INFO - Started process (PID=26112) to work on /home/prabal/afenv/lib/python3.10/site-packages/airflow/example_dags/example_setup_teardown_taskflow.py
[2024-06-18T14:23:47.571+0545] {processor.py:830} INFO - Processing file /home/prabal/afenv/lib/python3.10/site-packages/airflow/example_dags/example_setup_teardown_taskflow.py for tasks to queue
[2024-06-18T14:23:47.575+0545] {logging_mixin.py:188} INFO - [2024-06-18T14:23:47.574+0545] {dagbag.py:545} INFO - Filling up the DagBag from /home/prabal/afenv/lib/python3.10/site-packages/airflow/example_dags/example_setup_teardown_taskflow.py
[2024-06-18T14:23:47.594+0545] {processor.py:840} INFO - DAG(s) 'example_setup_teardown_taskflow' retrieved from /home/prabal/afenv/lib/python3.10/site-packages/airflow/example_dags/example_setup_teardown_taskflow.py
[2024-06-18T14:23:47.611+0545] {logging_mixin.py:188} INFO - [2024-06-18T14:23:47.610+0545] {dag.py:3096} INFO - Sync 1 DAGs
[2024-06-18T14:23:47.629+0545] {logging_mixin.py:188} INFO - [2024-06-18T14:23:47.629+0545] {dag.py:3954} INFO - Setting next_dagrun for example_setup_teardown_taskflow to 2024-06-17 00:00:00+00:00, run_after=2024-06-18 00:00:00+00:00
[2024-06-18T14:23:47.648+0545] {processor.py:183} INFO - Processing /home/prabal/afenv/lib/python3.10/site-packages/airflow/example_dags/example_setup_teardown_taskflow.py took 0.106 seconds
[2024-06-18T17:16:21.233+0545] {processor.py:161} INFO - Started process (PID=4274) to work on /home/prabal/afenv/lib/python3.10/site-packages/airflow/example_dags/example_setup_teardown_taskflow.py
[2024-06-18T17:16:21.236+0545] {processor.py:830} INFO - Processing file /home/prabal/afenv/lib/python3.10/site-packages/airflow/example_dags/example_setup_teardown_taskflow.py for tasks to queue
[2024-06-18T17:16:21.239+0545] {logging_mixin.py:188} INFO - [2024-06-18T17:16:21.238+0545] {dagbag.py:545} INFO - Filling up the DagBag from /home/prabal/afenv/lib/python3.10/site-packages/airflow/example_dags/example_setup_teardown_taskflow.py
[2024-06-18T17:16:21.259+0545] {processor.py:840} INFO - DAG(s) 'example_setup_teardown_taskflow' retrieved from /home/prabal/afenv/lib/python3.10/site-packages/airflow/example_dags/example_setup_teardown_taskflow.py
[2024-06-18T17:16:21.387+0545] {logging_mixin.py:188} INFO - [2024-06-18T17:16:21.387+0545] {dag.py:3096} INFO - Sync 1 DAGs
[2024-06-18T17:16:21.410+0545] {logging_mixin.py:188} INFO - [2024-06-18T17:16:21.410+0545] {dag.py:3954} INFO - Setting next_dagrun for example_setup_teardown_taskflow to 2024-06-17 00:00:00+00:00, run_after=2024-06-18 00:00:00+00:00
[2024-06-18T17:16:21.454+0545] {processor.py:183} INFO - Processing /home/prabal/afenv/lib/python3.10/site-packages/airflow/example_dags/example_setup_teardown_taskflow.py took 0.231 seconds
[2024-06-18T17:17:46.115+0545] {processor.py:161} INFO - Started process (PID=4699) to work on /home/prabal/afenv/lib/python3.10/site-packages/airflow/example_dags/example_setup_teardown_taskflow.py
[2024-06-18T17:17:46.118+0545] {processor.py:830} INFO - Processing file /home/prabal/afenv/lib/python3.10/site-packages/airflow/example_dags/example_setup_teardown_taskflow.py for tasks to queue
[2024-06-18T17:17:46.120+0545] {logging_mixin.py:188} INFO - [2024-06-18T17:17:46.119+0545] {dagbag.py:545} INFO - Filling up the DagBag from /home/prabal/afenv/lib/python3.10/site-packages/airflow/example_dags/example_setup_teardown_taskflow.py
[2024-06-18T17:17:46.138+0545] {processor.py:840} INFO - DAG(s) 'example_setup_teardown_taskflow' retrieved from /home/prabal/afenv/lib/python3.10/site-packages/airflow/example_dags/example_setup_teardown_taskflow.py
[2024-06-18T17:17:46.168+0545] {logging_mixin.py:188} INFO - [2024-06-18T17:17:46.168+0545] {dag.py:3096} INFO - Sync 1 DAGs
[2024-06-18T17:17:46.185+0545] {logging_mixin.py:188} INFO - [2024-06-18T17:17:46.185+0545] {dag.py:3954} INFO - Setting next_dagrun for example_setup_teardown_taskflow to 2024-06-17 00:00:00+00:00, run_after=2024-06-18 00:00:00+00:00
[2024-06-18T17:17:46.202+0545] {processor.py:183} INFO - Processing /home/prabal/afenv/lib/python3.10/site-packages/airflow/example_dags/example_setup_teardown_taskflow.py took 0.099 seconds
[2024-06-18T17:18:46.050+0545] {processor.py:161} INFO - Started process (PID=5409) to work on /home/prabal/afenv/lib/python3.10/site-packages/airflow/example_dags/example_setup_teardown_taskflow.py
[2024-06-18T17:18:46.052+0545] {processor.py:830} INFO - Processing file /home/prabal/afenv/lib/python3.10/site-packages/airflow/example_dags/example_setup_teardown_taskflow.py for tasks to queue
[2024-06-18T17:18:46.054+0545] {logging_mixin.py:188} INFO - [2024-06-18T17:18:46.053+0545] {dagbag.py:545} INFO - Filling up the DagBag from /home/prabal/afenv/lib/python3.10/site-packages/airflow/example_dags/example_setup_teardown_taskflow.py
[2024-06-18T17:18:46.072+0545] {processor.py:840} INFO - DAG(s) 'example_setup_teardown_taskflow' retrieved from /home/prabal/afenv/lib/python3.10/site-packages/airflow/example_dags/example_setup_teardown_taskflow.py
[2024-06-18T17:18:46.188+0545] {logging_mixin.py:188} INFO - [2024-06-18T17:18:46.188+0545] {dag.py:3096} INFO - Sync 1 DAGs
[2024-06-18T17:18:46.201+0545] {logging_mixin.py:188} INFO - [2024-06-18T17:18:46.201+0545] {dag.py:3954} INFO - Setting next_dagrun for example_setup_teardown_taskflow to 2024-06-17 00:00:00+00:00, run_after=2024-06-18 00:00:00+00:00
[2024-06-18T17:18:46.221+0545] {processor.py:183} INFO - Processing /home/prabal/afenv/lib/python3.10/site-packages/airflow/example_dags/example_setup_teardown_taskflow.py took 0.184 seconds
[2024-06-18T17:19:43.704+0545] {processor.py:161} INFO - Started process (PID=5837) to work on /home/prabal/afenv/lib/python3.10/site-packages/airflow/example_dags/example_setup_teardown_taskflow.py
[2024-06-18T17:19:43.717+0545] {processor.py:830} INFO - Processing file /home/prabal/afenv/lib/python3.10/site-packages/airflow/example_dags/example_setup_teardown_taskflow.py for tasks to queue
[2024-06-18T17:19:43.719+0545] {logging_mixin.py:188} INFO - [2024-06-18T17:19:43.719+0545] {dagbag.py:545} INFO - Filling up the DagBag from /home/prabal/afenv/lib/python3.10/site-packages/airflow/example_dags/example_setup_teardown_taskflow.py
[2024-06-18T17:19:43.742+0545] {processor.py:840} INFO - DAG(s) 'example_setup_teardown_taskflow' retrieved from /home/prabal/afenv/lib/python3.10/site-packages/airflow/example_dags/example_setup_teardown_taskflow.py
[2024-06-18T17:19:43.775+0545] {logging_mixin.py:188} INFO - [2024-06-18T17:19:43.775+0545] {dag.py:3096} INFO - Sync 1 DAGs
[2024-06-18T17:19:43.795+0545] {logging_mixin.py:188} INFO - [2024-06-18T17:19:43.795+0545] {dag.py:3954} INFO - Setting next_dagrun for example_setup_teardown_taskflow to 2024-06-17 00:00:00+00:00, run_after=2024-06-18 00:00:00+00:00
[2024-06-18T17:19:43.817+0545] {processor.py:183} INFO - Processing /home/prabal/afenv/lib/python3.10/site-packages/airflow/example_dags/example_setup_teardown_taskflow.py took 0.127 seconds
[2024-06-18T17:20:37.402+0545] {processor.py:161} INFO - Started process (PID=6494) to work on /home/prabal/afenv/lib/python3.10/site-packages/airflow/example_dags/example_setup_teardown_taskflow.py
[2024-06-18T17:20:37.416+0545] {processor.py:830} INFO - Processing file /home/prabal/afenv/lib/python3.10/site-packages/airflow/example_dags/example_setup_teardown_taskflow.py for tasks to queue
[2024-06-18T17:20:37.417+0545] {logging_mixin.py:188} INFO - [2024-06-18T17:20:37.417+0545] {dagbag.py:545} INFO - Filling up the DagBag from /home/prabal/afenv/lib/python3.10/site-packages/airflow/example_dags/example_setup_teardown_taskflow.py
[2024-06-18T17:20:37.436+0545] {processor.py:840} INFO - DAG(s) 'example_setup_teardown_taskflow' retrieved from /home/prabal/afenv/lib/python3.10/site-packages/airflow/example_dags/example_setup_teardown_taskflow.py
[2024-06-18T17:20:37.466+0545] {logging_mixin.py:188} INFO - [2024-06-18T17:20:37.466+0545] {dag.py:3096} INFO - Sync 1 DAGs
[2024-06-18T17:20:37.484+0545] {logging_mixin.py:188} INFO - [2024-06-18T17:20:37.484+0545] {dag.py:3954} INFO - Setting next_dagrun for example_setup_teardown_taskflow to 2024-06-17 00:00:00+00:00, run_after=2024-06-18 00:00:00+00:00
[2024-06-18T17:20:37.505+0545] {processor.py:183} INFO - Processing /home/prabal/afenv/lib/python3.10/site-packages/airflow/example_dags/example_setup_teardown_taskflow.py took 0.115 seconds
[2024-06-18T17:22:11.362+0545] {processor.py:161} INFO - Started process (PID=7059) to work on /home/prabal/afenv/lib/python3.10/site-packages/airflow/example_dags/example_setup_teardown_taskflow.py
[2024-06-18T17:22:11.365+0545] {processor.py:830} INFO - Processing file /home/prabal/afenv/lib/python3.10/site-packages/airflow/example_dags/example_setup_teardown_taskflow.py for tasks to queue
[2024-06-18T17:22:11.367+0545] {logging_mixin.py:188} INFO - [2024-06-18T17:22:11.367+0545] {dagbag.py:545} INFO - Filling up the DagBag from /home/prabal/afenv/lib/python3.10/site-packages/airflow/example_dags/example_setup_teardown_taskflow.py
[2024-06-18T17:22:11.386+0545] {processor.py:840} INFO - DAG(s) 'example_setup_teardown_taskflow' retrieved from /home/prabal/afenv/lib/python3.10/site-packages/airflow/example_dags/example_setup_teardown_taskflow.py
[2024-06-18T17:22:11.397+0545] {logging_mixin.py:188} INFO - [2024-06-18T17:22:11.397+0545] {dag.py:3096} INFO - Sync 1 DAGs
[2024-06-18T17:22:11.419+0545] {logging_mixin.py:188} INFO - [2024-06-18T17:22:11.419+0545] {dag.py:3954} INFO - Setting next_dagrun for example_setup_teardown_taskflow to 2024-06-17 00:00:00+00:00, run_after=2024-06-18 00:00:00+00:00
[2024-06-18T17:22:11.440+0545] {processor.py:183} INFO - Processing /home/prabal/afenv/lib/python3.10/site-packages/airflow/example_dags/example_setup_teardown_taskflow.py took 0.088 seconds
[2024-06-18T17:23:20.702+0545] {processor.py:161} INFO - Started process (PID=7415) to work on /home/prabal/afenv/lib/python3.10/site-packages/airflow/example_dags/example_setup_teardown_taskflow.py
[2024-06-18T17:23:20.705+0545] {processor.py:830} INFO - Processing file /home/prabal/afenv/lib/python3.10/site-packages/airflow/example_dags/example_setup_teardown_taskflow.py for tasks to queue
[2024-06-18T17:23:20.709+0545] {logging_mixin.py:188} INFO - [2024-06-18T17:23:20.708+0545] {dagbag.py:545} INFO - Filling up the DagBag from /home/prabal/afenv/lib/python3.10/site-packages/airflow/example_dags/example_setup_teardown_taskflow.py
[2024-06-18T17:23:20.729+0545] {processor.py:840} INFO - DAG(s) 'example_setup_teardown_taskflow' retrieved from /home/prabal/afenv/lib/python3.10/site-packages/airflow/example_dags/example_setup_teardown_taskflow.py
[2024-06-18T17:23:20.970+0545] {logging_mixin.py:188} INFO - [2024-06-18T17:23:20.970+0545] {dag.py:3096} INFO - Sync 1 DAGs
[2024-06-18T17:23:20.987+0545] {logging_mixin.py:188} INFO - [2024-06-18T17:23:20.987+0545] {dag.py:3954} INFO - Setting next_dagrun for example_setup_teardown_taskflow to 2024-06-17 00:00:00+00:00, run_after=2024-06-18 00:00:00+00:00
[2024-06-18T17:23:21.029+0545] {processor.py:183} INFO - Processing /home/prabal/afenv/lib/python3.10/site-packages/airflow/example_dags/example_setup_teardown_taskflow.py took 0.342 seconds
