[2024-06-18T13:42:43.745+0545] {processor.py:161} INFO - Started process (PID=14255) to work on /home/prabal/afenv/lib/python3.10/site-packages/airflow/example_dags/example_dynamic_task_mapping_with_no_taskflow_operators.py
[2024-06-18T13:42:43.747+0545] {processor.py:830} INFO - Processing file /home/prabal/afenv/lib/python3.10/site-packages/airflow/example_dags/example_dynamic_task_mapping_with_no_taskflow_operators.py for tasks to queue
[2024-06-18T13:42:43.750+0545] {logging_mixin.py:188} INFO - [2024-06-18T13:42:43.750+0545] {dagbag.py:545} INFO - Filling up the DagBag from /home/prabal/afenv/lib/python3.10/site-packages/airflow/example_dags/example_dynamic_task_mapping_with_no_taskflow_operators.py
[2024-06-18T13:42:43.760+0545] {processor.py:840} INFO - DAG(s) 'example_dynamic_task_mapping_with_no_taskflow_operators' retrieved from /home/prabal/afenv/lib/python3.10/site-packages/airflow/example_dags/example_dynamic_task_mapping_with_no_taskflow_operators.py
[2024-06-18T13:42:43.855+0545] {logging_mixin.py:188} INFO - [2024-06-18T13:42:43.855+0545] {override.py:1829} INFO - Created Permission View: can read on DAG:example_dynamic_task_mapping_with_no_taskflow_operators
[2024-06-18T13:42:43.864+0545] {logging_mixin.py:188} INFO - [2024-06-18T13:42:43.864+0545] {override.py:1829} INFO - Created Permission View: can edit on DAG:example_dynamic_task_mapping_with_no_taskflow_operators
[2024-06-18T13:42:43.870+0545] {logging_mixin.py:188} INFO - [2024-06-18T13:42:43.870+0545] {override.py:1829} INFO - Created Permission View: can delete on DAG:example_dynamic_task_mapping_with_no_taskflow_operators
[2024-06-18T13:42:43.871+0545] {logging_mixin.py:188} INFO - [2024-06-18T13:42:43.871+0545] {dag.py:3096} INFO - Sync 1 DAGs
[2024-06-18T13:42:43.880+0545] {logging_mixin.py:188} INFO - [2024-06-18T13:42:43.880+0545] {dag.py:3118} INFO - Creating ORM DAG for example_dynamic_task_mapping_with_no_taskflow_operators
[2024-06-18T13:42:43.887+0545] {logging_mixin.py:188} INFO - [2024-06-18T13:42:43.887+0545] {dag.py:3954} INFO - Setting next_dagrun for example_dynamic_task_mapping_with_no_taskflow_operators to 2024-06-17 00:00:00+00:00, run_after=2024-06-18 00:00:00+00:00
[2024-06-18T13:42:43.987+0545] {processor.py:183} INFO - Processing /home/prabal/afenv/lib/python3.10/site-packages/airflow/example_dags/example_dynamic_task_mapping_with_no_taskflow_operators.py took 0.256 seconds
[2024-06-18T13:43:42.119+0545] {processor.py:161} INFO - Started process (PID=14546) to work on /home/prabal/afenv/lib/python3.10/site-packages/airflow/example_dags/example_dynamic_task_mapping_with_no_taskflow_operators.py
[2024-06-18T13:43:42.133+0545] {processor.py:830} INFO - Processing file /home/prabal/afenv/lib/python3.10/site-packages/airflow/example_dags/example_dynamic_task_mapping_with_no_taskflow_operators.py for tasks to queue
[2024-06-18T13:43:42.136+0545] {logging_mixin.py:188} INFO - [2024-06-18T13:43:42.135+0545] {dagbag.py:545} INFO - Filling up the DagBag from /home/prabal/afenv/lib/python3.10/site-packages/airflow/example_dags/example_dynamic_task_mapping_with_no_taskflow_operators.py
[2024-06-18T13:43:42.149+0545] {processor.py:840} INFO - DAG(s) 'example_dynamic_task_mapping_with_no_taskflow_operators' retrieved from /home/prabal/afenv/lib/python3.10/site-packages/airflow/example_dags/example_dynamic_task_mapping_with_no_taskflow_operators.py
[2024-06-18T13:43:42.171+0545] {logging_mixin.py:188} INFO - [2024-06-18T13:43:42.171+0545] {dag.py:3096} INFO - Sync 1 DAGs
[2024-06-18T13:43:42.191+0545] {logging_mixin.py:188} INFO - [2024-06-18T13:43:42.191+0545] {dag.py:3954} INFO - Setting next_dagrun for example_dynamic_task_mapping_with_no_taskflow_operators to 2024-06-17 00:00:00+00:00, run_after=2024-06-18 00:00:00+00:00
[2024-06-18T13:43:42.227+0545] {processor.py:183} INFO - Processing /home/prabal/afenv/lib/python3.10/site-packages/airflow/example_dags/example_dynamic_task_mapping_with_no_taskflow_operators.py took 0.121 seconds
[2024-06-18T13:44:46.202+0545] {processor.py:161} INFO - Started process (PID=14854) to work on /home/prabal/afenv/lib/python3.10/site-packages/airflow/example_dags/example_dynamic_task_mapping_with_no_taskflow_operators.py
[2024-06-18T13:44:46.216+0545] {processor.py:830} INFO - Processing file /home/prabal/afenv/lib/python3.10/site-packages/airflow/example_dags/example_dynamic_task_mapping_with_no_taskflow_operators.py for tasks to queue
[2024-06-18T13:44:46.220+0545] {logging_mixin.py:188} INFO - [2024-06-18T13:44:46.219+0545] {dagbag.py:545} INFO - Filling up the DagBag from /home/prabal/afenv/lib/python3.10/site-packages/airflow/example_dags/example_dynamic_task_mapping_with_no_taskflow_operators.py
[2024-06-18T13:44:46.324+0545] {processor.py:840} INFO - DAG(s) 'example_dynamic_task_mapping_with_no_taskflow_operators' retrieved from /home/prabal/afenv/lib/python3.10/site-packages/airflow/example_dags/example_dynamic_task_mapping_with_no_taskflow_operators.py
[2024-06-18T13:44:46.338+0545] {logging_mixin.py:188} INFO - [2024-06-18T13:44:46.337+0545] {dag.py:3096} INFO - Sync 1 DAGs
[2024-06-18T13:44:46.363+0545] {logging_mixin.py:188} INFO - [2024-06-18T13:44:46.362+0545] {dag.py:3954} INFO - Setting next_dagrun for example_dynamic_task_mapping_with_no_taskflow_operators to 2024-06-17 00:00:00+00:00, run_after=2024-06-18 00:00:00+00:00
[2024-06-18T13:44:46.384+0545] {processor.py:183} INFO - Processing /home/prabal/afenv/lib/python3.10/site-packages/airflow/example_dags/example_dynamic_task_mapping_with_no_taskflow_operators.py took 0.198 seconds
[2024-06-18T13:45:42.689+0545] {processor.py:161} INFO - Started process (PID=15126) to work on /home/prabal/afenv/lib/python3.10/site-packages/airflow/example_dags/example_dynamic_task_mapping_with_no_taskflow_operators.py
[2024-06-18T13:45:42.702+0545] {processor.py:830} INFO - Processing file /home/prabal/afenv/lib/python3.10/site-packages/airflow/example_dags/example_dynamic_task_mapping_with_no_taskflow_operators.py for tasks to queue
[2024-06-18T13:45:42.704+0545] {logging_mixin.py:188} INFO - [2024-06-18T13:45:42.704+0545] {dagbag.py:545} INFO - Filling up the DagBag from /home/prabal/afenv/lib/python3.10/site-packages/airflow/example_dags/example_dynamic_task_mapping_with_no_taskflow_operators.py
[2024-06-18T13:45:42.717+0545] {processor.py:840} INFO - DAG(s) 'example_dynamic_task_mapping_with_no_taskflow_operators' retrieved from /home/prabal/afenv/lib/python3.10/site-packages/airflow/example_dags/example_dynamic_task_mapping_with_no_taskflow_operators.py
[2024-06-18T13:45:42.736+0545] {logging_mixin.py:188} INFO - [2024-06-18T13:45:42.736+0545] {dag.py:3096} INFO - Sync 1 DAGs
[2024-06-18T13:45:42.759+0545] {logging_mixin.py:188} INFO - [2024-06-18T13:45:42.759+0545] {dag.py:3954} INFO - Setting next_dagrun for example_dynamic_task_mapping_with_no_taskflow_operators to 2024-06-17 00:00:00+00:00, run_after=2024-06-18 00:00:00+00:00
[2024-06-18T13:45:42.789+0545] {processor.py:183} INFO - Processing /home/prabal/afenv/lib/python3.10/site-packages/airflow/example_dags/example_dynamic_task_mapping_with_no_taskflow_operators.py took 0.113 seconds
[2024-06-18T13:46:36.959+0545] {processor.py:161} INFO - Started process (PID=15390) to work on /home/prabal/afenv/lib/python3.10/site-packages/airflow/example_dags/example_dynamic_task_mapping_with_no_taskflow_operators.py
[2024-06-18T13:46:36.972+0545] {processor.py:830} INFO - Processing file /home/prabal/afenv/lib/python3.10/site-packages/airflow/example_dags/example_dynamic_task_mapping_with_no_taskflow_operators.py for tasks to queue
[2024-06-18T13:46:36.976+0545] {logging_mixin.py:188} INFO - [2024-06-18T13:46:36.975+0545] {dagbag.py:545} INFO - Filling up the DagBag from /home/prabal/afenv/lib/python3.10/site-packages/airflow/example_dags/example_dynamic_task_mapping_with_no_taskflow_operators.py
[2024-06-18T13:46:36.990+0545] {processor.py:840} INFO - DAG(s) 'example_dynamic_task_mapping_with_no_taskflow_operators' retrieved from /home/prabal/afenv/lib/python3.10/site-packages/airflow/example_dags/example_dynamic_task_mapping_with_no_taskflow_operators.py
[2024-06-18T13:46:37.016+0545] {logging_mixin.py:188} INFO - [2024-06-18T13:46:37.016+0545] {dag.py:3096} INFO - Sync 1 DAGs
[2024-06-18T13:46:37.033+0545] {logging_mixin.py:188} INFO - [2024-06-18T13:46:37.033+0545] {dag.py:3954} INFO - Setting next_dagrun for example_dynamic_task_mapping_with_no_taskflow_operators to 2024-06-17 00:00:00+00:00, run_after=2024-06-18 00:00:00+00:00
[2024-06-18T13:46:37.054+0545] {processor.py:183} INFO - Processing /home/prabal/afenv/lib/python3.10/site-packages/airflow/example_dags/example_dynamic_task_mapping_with_no_taskflow_operators.py took 0.107 seconds
[2024-06-18T13:47:28.803+0545] {processor.py:161} INFO - Started process (PID=15640) to work on /home/prabal/afenv/lib/python3.10/site-packages/airflow/example_dags/example_dynamic_task_mapping_with_no_taskflow_operators.py
[2024-06-18T13:47:28.816+0545] {processor.py:830} INFO - Processing file /home/prabal/afenv/lib/python3.10/site-packages/airflow/example_dags/example_dynamic_task_mapping_with_no_taskflow_operators.py for tasks to queue
[2024-06-18T13:47:28.818+0545] {logging_mixin.py:188} INFO - [2024-06-18T13:47:28.818+0545] {dagbag.py:545} INFO - Filling up the DagBag from /home/prabal/afenv/lib/python3.10/site-packages/airflow/example_dags/example_dynamic_task_mapping_with_no_taskflow_operators.py
[2024-06-18T13:47:28.829+0545] {processor.py:840} INFO - DAG(s) 'example_dynamic_task_mapping_with_no_taskflow_operators' retrieved from /home/prabal/afenv/lib/python3.10/site-packages/airflow/example_dags/example_dynamic_task_mapping_with_no_taskflow_operators.py
[2024-06-18T13:47:28.845+0545] {logging_mixin.py:188} INFO - [2024-06-18T13:47:28.845+0545] {dag.py:3096} INFO - Sync 1 DAGs
[2024-06-18T13:47:28.862+0545] {logging_mixin.py:188} INFO - [2024-06-18T13:47:28.862+0545] {dag.py:3954} INFO - Setting next_dagrun for example_dynamic_task_mapping_with_no_taskflow_operators to 2024-06-17 00:00:00+00:00, run_after=2024-06-18 00:00:00+00:00
[2024-06-18T13:47:28.883+0545] {processor.py:183} INFO - Processing /home/prabal/afenv/lib/python3.10/site-packages/airflow/example_dags/example_dynamic_task_mapping_with_no_taskflow_operators.py took 0.090 seconds
[2024-06-18T13:48:20.735+0545] {processor.py:161} INFO - Started process (PID=15894) to work on /home/prabal/afenv/lib/python3.10/site-packages/airflow/example_dags/example_dynamic_task_mapping_with_no_taskflow_operators.py
[2024-06-18T13:48:20.749+0545] {processor.py:830} INFO - Processing file /home/prabal/afenv/lib/python3.10/site-packages/airflow/example_dags/example_dynamic_task_mapping_with_no_taskflow_operators.py for tasks to queue
[2024-06-18T13:48:20.753+0545] {logging_mixin.py:188} INFO - [2024-06-18T13:48:20.753+0545] {dagbag.py:545} INFO - Filling up the DagBag from /home/prabal/afenv/lib/python3.10/site-packages/airflow/example_dags/example_dynamic_task_mapping_with_no_taskflow_operators.py
[2024-06-18T13:48:20.767+0545] {processor.py:840} INFO - DAG(s) 'example_dynamic_task_mapping_with_no_taskflow_operators' retrieved from /home/prabal/afenv/lib/python3.10/site-packages/airflow/example_dags/example_dynamic_task_mapping_with_no_taskflow_operators.py
[2024-06-18T13:48:20.796+0545] {logging_mixin.py:188} INFO - [2024-06-18T13:48:20.796+0545] {dag.py:3096} INFO - Sync 1 DAGs
[2024-06-18T13:48:20.817+0545] {logging_mixin.py:188} INFO - [2024-06-18T13:48:20.817+0545] {dag.py:3954} INFO - Setting next_dagrun for example_dynamic_task_mapping_with_no_taskflow_operators to 2024-06-17 00:00:00+00:00, run_after=2024-06-18 00:00:00+00:00
[2024-06-18T13:48:20.836+0545] {processor.py:183} INFO - Processing /home/prabal/afenv/lib/python3.10/site-packages/airflow/example_dags/example_dynamic_task_mapping_with_no_taskflow_operators.py took 0.116 seconds
[2024-06-18T13:50:04.988+0545] {processor.py:161} INFO - Started process (PID=16417) to work on /home/prabal/afenv/lib/python3.10/site-packages/airflow/example_dags/example_dynamic_task_mapping_with_no_taskflow_operators.py
[2024-06-18T13:50:05.000+0545] {processor.py:830} INFO - Processing file /home/prabal/afenv/lib/python3.10/site-packages/airflow/example_dags/example_dynamic_task_mapping_with_no_taskflow_operators.py for tasks to queue
[2024-06-18T13:50:05.003+0545] {logging_mixin.py:188} INFO - [2024-06-18T13:50:05.002+0545] {dagbag.py:545} INFO - Filling up the DagBag from /home/prabal/afenv/lib/python3.10/site-packages/airflow/example_dags/example_dynamic_task_mapping_with_no_taskflow_operators.py
[2024-06-18T13:50:05.012+0545] {processor.py:840} INFO - DAG(s) 'example_dynamic_task_mapping_with_no_taskflow_operators' retrieved from /home/prabal/afenv/lib/python3.10/site-packages/airflow/example_dags/example_dynamic_task_mapping_with_no_taskflow_operators.py
[2024-06-18T13:50:05.029+0545] {logging_mixin.py:188} INFO - [2024-06-18T13:50:05.028+0545] {dag.py:3096} INFO - Sync 1 DAGs
[2024-06-18T13:50:05.052+0545] {logging_mixin.py:188} INFO - [2024-06-18T13:50:05.052+0545] {dag.py:3954} INFO - Setting next_dagrun for example_dynamic_task_mapping_with_no_taskflow_operators to 2024-06-17 00:00:00+00:00, run_after=2024-06-18 00:00:00+00:00
[2024-06-18T13:50:05.073+0545] {processor.py:183} INFO - Processing /home/prabal/afenv/lib/python3.10/site-packages/airflow/example_dags/example_dynamic_task_mapping_with_no_taskflow_operators.py took 0.097 seconds
[2024-06-18T13:51:49.868+0545] {processor.py:161} INFO - Started process (PID=16951) to work on /home/prabal/afenv/lib/python3.10/site-packages/airflow/example_dags/example_dynamic_task_mapping_with_no_taskflow_operators.py
[2024-06-18T13:51:49.882+0545] {processor.py:830} INFO - Processing file /home/prabal/afenv/lib/python3.10/site-packages/airflow/example_dags/example_dynamic_task_mapping_with_no_taskflow_operators.py for tasks to queue
[2024-06-18T13:51:49.886+0545] {logging_mixin.py:188} INFO - [2024-06-18T13:51:49.885+0545] {dagbag.py:545} INFO - Filling up the DagBag from /home/prabal/afenv/lib/python3.10/site-packages/airflow/example_dags/example_dynamic_task_mapping_with_no_taskflow_operators.py
[2024-06-18T13:51:49.896+0545] {processor.py:840} INFO - DAG(s) 'example_dynamic_task_mapping_with_no_taskflow_operators' retrieved from /home/prabal/afenv/lib/python3.10/site-packages/airflow/example_dags/example_dynamic_task_mapping_with_no_taskflow_operators.py
[2024-06-18T13:51:49.917+0545] {logging_mixin.py:188} INFO - [2024-06-18T13:51:49.917+0545] {dag.py:3096} INFO - Sync 1 DAGs
[2024-06-18T13:51:49.943+0545] {logging_mixin.py:188} INFO - [2024-06-18T13:51:49.943+0545] {dag.py:3954} INFO - Setting next_dagrun for example_dynamic_task_mapping_with_no_taskflow_operators to 2024-06-17 00:00:00+00:00, run_after=2024-06-18 00:00:00+00:00
[2024-06-18T13:51:49.967+0545] {processor.py:183} INFO - Processing /home/prabal/afenv/lib/python3.10/site-packages/airflow/example_dags/example_dynamic_task_mapping_with_no_taskflow_operators.py took 0.115 seconds
[2024-06-18T13:52:55.510+0545] {processor.py:161} INFO - Started process (PID=17320) to work on /home/prabal/afenv/lib/python3.10/site-packages/airflow/example_dags/example_dynamic_task_mapping_with_no_taskflow_operators.py
[2024-06-18T13:52:55.511+0545] {processor.py:830} INFO - Processing file /home/prabal/afenv/lib/python3.10/site-packages/airflow/example_dags/example_dynamic_task_mapping_with_no_taskflow_operators.py for tasks to queue
[2024-06-18T13:52:55.514+0545] {logging_mixin.py:188} INFO - [2024-06-18T13:52:55.513+0545] {dagbag.py:545} INFO - Filling up the DagBag from /home/prabal/afenv/lib/python3.10/site-packages/airflow/example_dags/example_dynamic_task_mapping_with_no_taskflow_operators.py
[2024-06-18T13:52:55.524+0545] {processor.py:840} INFO - DAG(s) 'example_dynamic_task_mapping_with_no_taskflow_operators' retrieved from /home/prabal/afenv/lib/python3.10/site-packages/airflow/example_dags/example_dynamic_task_mapping_with_no_taskflow_operators.py
[2024-06-18T13:52:55.546+0545] {logging_mixin.py:188} INFO - [2024-06-18T13:52:55.546+0545] {dag.py:3096} INFO - Sync 1 DAGs
[2024-06-18T13:52:55.576+0545] {logging_mixin.py:188} INFO - [2024-06-18T13:52:55.576+0545] {dag.py:3954} INFO - Setting next_dagrun for example_dynamic_task_mapping_with_no_taskflow_operators to 2024-06-17 00:00:00+00:00, run_after=2024-06-18 00:00:00+00:00
[2024-06-18T13:52:55.598+0545] {processor.py:183} INFO - Processing /home/prabal/afenv/lib/python3.10/site-packages/airflow/example_dags/example_dynamic_task_mapping_with_no_taskflow_operators.py took 0.097 seconds
[2024-06-18T13:54:05.602+0545] {processor.py:161} INFO - Started process (PID=17658) to work on /home/prabal/afenv/lib/python3.10/site-packages/airflow/example_dags/example_dynamic_task_mapping_with_no_taskflow_operators.py
[2024-06-18T13:54:05.615+0545] {processor.py:830} INFO - Processing file /home/prabal/afenv/lib/python3.10/site-packages/airflow/example_dags/example_dynamic_task_mapping_with_no_taskflow_operators.py for tasks to queue
[2024-06-18T13:54:05.619+0545] {logging_mixin.py:188} INFO - [2024-06-18T13:54:05.618+0545] {dagbag.py:545} INFO - Filling up the DagBag from /home/prabal/afenv/lib/python3.10/site-packages/airflow/example_dags/example_dynamic_task_mapping_with_no_taskflow_operators.py
[2024-06-18T13:54:05.633+0545] {processor.py:840} INFO - DAG(s) 'example_dynamic_task_mapping_with_no_taskflow_operators' retrieved from /home/prabal/afenv/lib/python3.10/site-packages/airflow/example_dags/example_dynamic_task_mapping_with_no_taskflow_operators.py
[2024-06-18T13:54:05.662+0545] {logging_mixin.py:188} INFO - [2024-06-18T13:54:05.661+0545] {dag.py:3096} INFO - Sync 1 DAGs
[2024-06-18T13:54:05.686+0545] {logging_mixin.py:188} INFO - [2024-06-18T13:54:05.686+0545] {dag.py:3954} INFO - Setting next_dagrun for example_dynamic_task_mapping_with_no_taskflow_operators to 2024-06-17 00:00:00+00:00, run_after=2024-06-18 00:00:00+00:00
[2024-06-18T13:54:05.717+0545] {processor.py:183} INFO - Processing /home/prabal/afenv/lib/python3.10/site-packages/airflow/example_dags/example_dynamic_task_mapping_with_no_taskflow_operators.py took 0.129 seconds
[2024-06-18T13:54:56.352+0545] {processor.py:161} INFO - Started process (PID=17904) to work on /home/prabal/afenv/lib/python3.10/site-packages/airflow/example_dags/example_dynamic_task_mapping_with_no_taskflow_operators.py
[2024-06-18T13:54:56.366+0545] {processor.py:830} INFO - Processing file /home/prabal/afenv/lib/python3.10/site-packages/airflow/example_dags/example_dynamic_task_mapping_with_no_taskflow_operators.py for tasks to queue
[2024-06-18T13:54:56.370+0545] {logging_mixin.py:188} INFO - [2024-06-18T13:54:56.370+0545] {dagbag.py:545} INFO - Filling up the DagBag from /home/prabal/afenv/lib/python3.10/site-packages/airflow/example_dags/example_dynamic_task_mapping_with_no_taskflow_operators.py
[2024-06-18T13:54:56.383+0545] {processor.py:840} INFO - DAG(s) 'example_dynamic_task_mapping_with_no_taskflow_operators' retrieved from /home/prabal/afenv/lib/python3.10/site-packages/airflow/example_dags/example_dynamic_task_mapping_with_no_taskflow_operators.py
[2024-06-18T13:54:56.408+0545] {logging_mixin.py:188} INFO - [2024-06-18T13:54:56.408+0545] {dag.py:3096} INFO - Sync 1 DAGs
[2024-06-18T13:54:56.424+0545] {logging_mixin.py:188} INFO - [2024-06-18T13:54:56.424+0545] {dag.py:3954} INFO - Setting next_dagrun for example_dynamic_task_mapping_with_no_taskflow_operators to 2024-06-17 00:00:00+00:00, run_after=2024-06-18 00:00:00+00:00
[2024-06-18T13:54:56.445+0545] {processor.py:183} INFO - Processing /home/prabal/afenv/lib/python3.10/site-packages/airflow/example_dags/example_dynamic_task_mapping_with_no_taskflow_operators.py took 0.106 seconds
[2024-06-18T13:56:06.688+0545] {processor.py:161} INFO - Started process (PID=18266) to work on /home/prabal/afenv/lib/python3.10/site-packages/airflow/example_dags/example_dynamic_task_mapping_with_no_taskflow_operators.py
[2024-06-18T13:56:06.700+0545] {processor.py:830} INFO - Processing file /home/prabal/afenv/lib/python3.10/site-packages/airflow/example_dags/example_dynamic_task_mapping_with_no_taskflow_operators.py for tasks to queue
[2024-06-18T13:56:06.702+0545] {logging_mixin.py:188} INFO - [2024-06-18T13:56:06.701+0545] {dagbag.py:545} INFO - Filling up the DagBag from /home/prabal/afenv/lib/python3.10/site-packages/airflow/example_dags/example_dynamic_task_mapping_with_no_taskflow_operators.py
[2024-06-18T13:56:06.708+0545] {processor.py:840} INFO - DAG(s) 'example_dynamic_task_mapping_with_no_taskflow_operators' retrieved from /home/prabal/afenv/lib/python3.10/site-packages/airflow/example_dags/example_dynamic_task_mapping_with_no_taskflow_operators.py
[2024-06-18T13:56:06.723+0545] {logging_mixin.py:188} INFO - [2024-06-18T13:56:06.722+0545] {dag.py:3096} INFO - Sync 1 DAGs
[2024-06-18T13:56:06.742+0545] {logging_mixin.py:188} INFO - [2024-06-18T13:56:06.742+0545] {dag.py:3954} INFO - Setting next_dagrun for example_dynamic_task_mapping_with_no_taskflow_operators to 2024-06-17 00:00:00+00:00, run_after=2024-06-18 00:00:00+00:00
[2024-06-18T13:56:06.766+0545] {processor.py:183} INFO - Processing /home/prabal/afenv/lib/python3.10/site-packages/airflow/example_dags/example_dynamic_task_mapping_with_no_taskflow_operators.py took 0.086 seconds
[2024-06-18T13:56:58.426+0545] {processor.py:161} INFO - Started process (PID=18516) to work on /home/prabal/afenv/lib/python3.10/site-packages/airflow/example_dags/example_dynamic_task_mapping_with_no_taskflow_operators.py
[2024-06-18T13:56:58.439+0545] {processor.py:830} INFO - Processing file /home/prabal/afenv/lib/python3.10/site-packages/airflow/example_dags/example_dynamic_task_mapping_with_no_taskflow_operators.py for tasks to queue
[2024-06-18T13:56:58.442+0545] {logging_mixin.py:188} INFO - [2024-06-18T13:56:58.442+0545] {dagbag.py:545} INFO - Filling up the DagBag from /home/prabal/afenv/lib/python3.10/site-packages/airflow/example_dags/example_dynamic_task_mapping_with_no_taskflow_operators.py
[2024-06-18T13:56:58.453+0545] {processor.py:840} INFO - DAG(s) 'example_dynamic_task_mapping_with_no_taskflow_operators' retrieved from /home/prabal/afenv/lib/python3.10/site-packages/airflow/example_dags/example_dynamic_task_mapping_with_no_taskflow_operators.py
[2024-06-18T13:56:58.479+0545] {logging_mixin.py:188} INFO - [2024-06-18T13:56:58.479+0545] {dag.py:3096} INFO - Sync 1 DAGs
[2024-06-18T13:56:58.504+0545] {logging_mixin.py:188} INFO - [2024-06-18T13:56:58.504+0545] {dag.py:3954} INFO - Setting next_dagrun for example_dynamic_task_mapping_with_no_taskflow_operators to 2024-06-17 00:00:00+00:00, run_after=2024-06-18 00:00:00+00:00
[2024-06-18T13:56:58.526+0545] {processor.py:183} INFO - Processing /home/prabal/afenv/lib/python3.10/site-packages/airflow/example_dags/example_dynamic_task_mapping_with_no_taskflow_operators.py took 0.109 seconds
[2024-06-18T13:57:50.272+0545] {processor.py:161} INFO - Started process (PID=18769) to work on /home/prabal/afenv/lib/python3.10/site-packages/airflow/example_dags/example_dynamic_task_mapping_with_no_taskflow_operators.py
[2024-06-18T13:57:50.285+0545] {processor.py:830} INFO - Processing file /home/prabal/afenv/lib/python3.10/site-packages/airflow/example_dags/example_dynamic_task_mapping_with_no_taskflow_operators.py for tasks to queue
[2024-06-18T13:57:50.289+0545] {logging_mixin.py:188} INFO - [2024-06-18T13:57:50.288+0545] {dagbag.py:545} INFO - Filling up the DagBag from /home/prabal/afenv/lib/python3.10/site-packages/airflow/example_dags/example_dynamic_task_mapping_with_no_taskflow_operators.py
[2024-06-18T13:57:50.303+0545] {processor.py:840} INFO - DAG(s) 'example_dynamic_task_mapping_with_no_taskflow_operators' retrieved from /home/prabal/afenv/lib/python3.10/site-packages/airflow/example_dags/example_dynamic_task_mapping_with_no_taskflow_operators.py
[2024-06-18T13:57:50.320+0545] {logging_mixin.py:188} INFO - [2024-06-18T13:57:50.319+0545] {dag.py:3096} INFO - Sync 1 DAGs
[2024-06-18T13:57:50.337+0545] {logging_mixin.py:188} INFO - [2024-06-18T13:57:50.337+0545] {dag.py:3954} INFO - Setting next_dagrun for example_dynamic_task_mapping_with_no_taskflow_operators to 2024-06-17 00:00:00+00:00, run_after=2024-06-18 00:00:00+00:00
[2024-06-18T13:57:50.371+0545] {processor.py:183} INFO - Processing /home/prabal/afenv/lib/python3.10/site-packages/airflow/example_dags/example_dynamic_task_mapping_with_no_taskflow_operators.py took 0.114 seconds
[2024-06-18T14:05:38.053+0545] {processor.py:161} INFO - Started process (PID=20837) to work on /home/prabal/afenv/lib/python3.10/site-packages/airflow/example_dags/example_dynamic_task_mapping_with_no_taskflow_operators.py
[2024-06-18T14:05:38.055+0545] {processor.py:830} INFO - Processing file /home/prabal/afenv/lib/python3.10/site-packages/airflow/example_dags/example_dynamic_task_mapping_with_no_taskflow_operators.py for tasks to queue
[2024-06-18T14:05:38.058+0545] {logging_mixin.py:188} INFO - [2024-06-18T14:05:38.057+0545] {dagbag.py:545} INFO - Filling up the DagBag from /home/prabal/afenv/lib/python3.10/site-packages/airflow/example_dags/example_dynamic_task_mapping_with_no_taskflow_operators.py
[2024-06-18T14:05:38.067+0545] {processor.py:840} INFO - DAG(s) 'example_dynamic_task_mapping_with_no_taskflow_operators' retrieved from /home/prabal/afenv/lib/python3.10/site-packages/airflow/example_dags/example_dynamic_task_mapping_with_no_taskflow_operators.py
[2024-06-18T14:05:38.080+0545] {logging_mixin.py:188} INFO - [2024-06-18T14:05:38.080+0545] {dag.py:3096} INFO - Sync 1 DAGs
[2024-06-18T14:05:38.097+0545] {logging_mixin.py:188} INFO - [2024-06-18T14:05:38.097+0545] {dag.py:3954} INFO - Setting next_dagrun for example_dynamic_task_mapping_with_no_taskflow_operators to 2024-06-17 00:00:00+00:00, run_after=2024-06-18 00:00:00+00:00
[2024-06-18T14:05:38.113+0545] {processor.py:183} INFO - Processing /home/prabal/afenv/lib/python3.10/site-packages/airflow/example_dags/example_dynamic_task_mapping_with_no_taskflow_operators.py took 0.074 seconds
[2024-06-18T14:06:35.793+0545] {processor.py:161} INFO - Started process (PID=21112) to work on /home/prabal/afenv/lib/python3.10/site-packages/airflow/example_dags/example_dynamic_task_mapping_with_no_taskflow_operators.py
[2024-06-18T14:06:35.806+0545] {processor.py:830} INFO - Processing file /home/prabal/afenv/lib/python3.10/site-packages/airflow/example_dags/example_dynamic_task_mapping_with_no_taskflow_operators.py for tasks to queue
[2024-06-18T14:06:35.810+0545] {logging_mixin.py:188} INFO - [2024-06-18T14:06:35.809+0545] {dagbag.py:545} INFO - Filling up the DagBag from /home/prabal/afenv/lib/python3.10/site-packages/airflow/example_dags/example_dynamic_task_mapping_with_no_taskflow_operators.py
[2024-06-18T14:06:35.825+0545] {processor.py:840} INFO - DAG(s) 'example_dynamic_task_mapping_with_no_taskflow_operators' retrieved from /home/prabal/afenv/lib/python3.10/site-packages/airflow/example_dags/example_dynamic_task_mapping_with_no_taskflow_operators.py
[2024-06-18T14:06:35.843+0545] {logging_mixin.py:188} INFO - [2024-06-18T14:06:35.843+0545] {dag.py:3096} INFO - Sync 1 DAGs
[2024-06-18T14:06:35.860+0545] {logging_mixin.py:188} INFO - [2024-06-18T14:06:35.860+0545] {dag.py:3954} INFO - Setting next_dagrun for example_dynamic_task_mapping_with_no_taskflow_operators to 2024-06-17 00:00:00+00:00, run_after=2024-06-18 00:00:00+00:00
[2024-06-18T14:06:35.877+0545] {processor.py:183} INFO - Processing /home/prabal/afenv/lib/python3.10/site-packages/airflow/example_dags/example_dynamic_task_mapping_with_no_taskflow_operators.py took 0.095 seconds
[2024-06-18T14:07:34.804+0545] {processor.py:161} INFO - Started process (PID=21396) to work on /home/prabal/afenv/lib/python3.10/site-packages/airflow/example_dags/example_dynamic_task_mapping_with_no_taskflow_operators.py
[2024-06-18T14:07:34.815+0545] {processor.py:830} INFO - Processing file /home/prabal/afenv/lib/python3.10/site-packages/airflow/example_dags/example_dynamic_task_mapping_with_no_taskflow_operators.py for tasks to queue
[2024-06-18T14:07:34.818+0545] {logging_mixin.py:188} INFO - [2024-06-18T14:07:34.817+0545] {dagbag.py:545} INFO - Filling up the DagBag from /home/prabal/afenv/lib/python3.10/site-packages/airflow/example_dags/example_dynamic_task_mapping_with_no_taskflow_operators.py
[2024-06-18T14:07:34.825+0545] {processor.py:840} INFO - DAG(s) 'example_dynamic_task_mapping_with_no_taskflow_operators' retrieved from /home/prabal/afenv/lib/python3.10/site-packages/airflow/example_dags/example_dynamic_task_mapping_with_no_taskflow_operators.py
[2024-06-18T14:07:34.839+0545] {logging_mixin.py:188} INFO - [2024-06-18T14:07:34.839+0545] {dag.py:3096} INFO - Sync 1 DAGs
[2024-06-18T14:07:34.857+0545] {logging_mixin.py:188} INFO - [2024-06-18T14:07:34.856+0545] {dag.py:3954} INFO - Setting next_dagrun for example_dynamic_task_mapping_with_no_taskflow_operators to 2024-06-17 00:00:00+00:00, run_after=2024-06-18 00:00:00+00:00
[2024-06-18T14:07:34.874+0545] {processor.py:183} INFO - Processing /home/prabal/afenv/lib/python3.10/site-packages/airflow/example_dags/example_dynamic_task_mapping_with_no_taskflow_operators.py took 0.078 seconds
[2024-06-18T14:08:31.492+0545] {processor.py:161} INFO - Started process (PID=21676) to work on /home/prabal/afenv/lib/python3.10/site-packages/airflow/example_dags/example_dynamic_task_mapping_with_no_taskflow_operators.py
[2024-06-18T14:08:31.504+0545] {processor.py:830} INFO - Processing file /home/prabal/afenv/lib/python3.10/site-packages/airflow/example_dags/example_dynamic_task_mapping_with_no_taskflow_operators.py for tasks to queue
[2024-06-18T14:08:31.508+0545] {logging_mixin.py:188} INFO - [2024-06-18T14:08:31.507+0545] {dagbag.py:545} INFO - Filling up the DagBag from /home/prabal/afenv/lib/python3.10/site-packages/airflow/example_dags/example_dynamic_task_mapping_with_no_taskflow_operators.py
[2024-06-18T14:08:31.515+0545] {processor.py:840} INFO - DAG(s) 'example_dynamic_task_mapping_with_no_taskflow_operators' retrieved from /home/prabal/afenv/lib/python3.10/site-packages/airflow/example_dags/example_dynamic_task_mapping_with_no_taskflow_operators.py
[2024-06-18T14:08:31.540+0545] {logging_mixin.py:188} INFO - [2024-06-18T14:08:31.539+0545] {dag.py:3096} INFO - Sync 1 DAGs
[2024-06-18T14:08:31.564+0545] {logging_mixin.py:188} INFO - [2024-06-18T14:08:31.563+0545] {dag.py:3954} INFO - Setting next_dagrun for example_dynamic_task_mapping_with_no_taskflow_operators to 2024-06-17 00:00:00+00:00, run_after=2024-06-18 00:00:00+00:00
[2024-06-18T14:08:31.583+0545] {processor.py:183} INFO - Processing /home/prabal/afenv/lib/python3.10/site-packages/airflow/example_dags/example_dynamic_task_mapping_with_no_taskflow_operators.py took 0.106 seconds
[2024-06-18T14:09:26.811+0545] {processor.py:161} INFO - Started process (PID=21944) to work on /home/prabal/afenv/lib/python3.10/site-packages/airflow/example_dags/example_dynamic_task_mapping_with_no_taskflow_operators.py
[2024-06-18T14:09:26.823+0545] {processor.py:830} INFO - Processing file /home/prabal/afenv/lib/python3.10/site-packages/airflow/example_dags/example_dynamic_task_mapping_with_no_taskflow_operators.py for tasks to queue
[2024-06-18T14:09:26.826+0545] {logging_mixin.py:188} INFO - [2024-06-18T14:09:26.825+0545] {dagbag.py:545} INFO - Filling up the DagBag from /home/prabal/afenv/lib/python3.10/site-packages/airflow/example_dags/example_dynamic_task_mapping_with_no_taskflow_operators.py
[2024-06-18T14:09:26.841+0545] {processor.py:840} INFO - DAG(s) 'example_dynamic_task_mapping_with_no_taskflow_operators' retrieved from /home/prabal/afenv/lib/python3.10/site-packages/airflow/example_dags/example_dynamic_task_mapping_with_no_taskflow_operators.py
[2024-06-18T14:09:26.870+0545] {logging_mixin.py:188} INFO - [2024-06-18T14:09:26.870+0545] {dag.py:3096} INFO - Sync 1 DAGs
[2024-06-18T14:09:26.910+0545] {logging_mixin.py:188} INFO - [2024-06-18T14:09:26.909+0545] {dag.py:3954} INFO - Setting next_dagrun for example_dynamic_task_mapping_with_no_taskflow_operators to 2024-06-17 00:00:00+00:00, run_after=2024-06-18 00:00:00+00:00
[2024-06-18T14:09:26.952+0545] {processor.py:183} INFO - Processing /home/prabal/afenv/lib/python3.10/site-packages/airflow/example_dags/example_dynamic_task_mapping_with_no_taskflow_operators.py took 0.147 seconds
[2024-06-18T14:10:22.345+0545] {processor.py:161} INFO - Started process (PID=22209) to work on /home/prabal/afenv/lib/python3.10/site-packages/airflow/example_dags/example_dynamic_task_mapping_with_no_taskflow_operators.py
[2024-06-18T14:10:22.358+0545] {processor.py:830} INFO - Processing file /home/prabal/afenv/lib/python3.10/site-packages/airflow/example_dags/example_dynamic_task_mapping_with_no_taskflow_operators.py for tasks to queue
[2024-06-18T14:10:22.362+0545] {logging_mixin.py:188} INFO - [2024-06-18T14:10:22.361+0545] {dagbag.py:545} INFO - Filling up the DagBag from /home/prabal/afenv/lib/python3.10/site-packages/airflow/example_dags/example_dynamic_task_mapping_with_no_taskflow_operators.py
[2024-06-18T14:10:22.376+0545] {processor.py:840} INFO - DAG(s) 'example_dynamic_task_mapping_with_no_taskflow_operators' retrieved from /home/prabal/afenv/lib/python3.10/site-packages/airflow/example_dags/example_dynamic_task_mapping_with_no_taskflow_operators.py
[2024-06-18T14:10:22.407+0545] {logging_mixin.py:188} INFO - [2024-06-18T14:10:22.407+0545] {dag.py:3096} INFO - Sync 1 DAGs
[2024-06-18T14:10:22.443+0545] {logging_mixin.py:188} INFO - [2024-06-18T14:10:22.442+0545] {dag.py:3954} INFO - Setting next_dagrun for example_dynamic_task_mapping_with_no_taskflow_operators to 2024-06-17 00:00:00+00:00, run_after=2024-06-18 00:00:00+00:00
[2024-06-18T14:10:22.488+0545] {processor.py:183} INFO - Processing /home/prabal/afenv/lib/python3.10/site-packages/airflow/example_dags/example_dynamic_task_mapping_with_no_taskflow_operators.py took 0.159 seconds
[2024-06-18T14:11:14.805+0545] {processor.py:161} INFO - Started process (PID=22461) to work on /home/prabal/afenv/lib/python3.10/site-packages/airflow/example_dags/example_dynamic_task_mapping_with_no_taskflow_operators.py
[2024-06-18T14:11:14.819+0545] {processor.py:830} INFO - Processing file /home/prabal/afenv/lib/python3.10/site-packages/airflow/example_dags/example_dynamic_task_mapping_with_no_taskflow_operators.py for tasks to queue
[2024-06-18T14:11:14.822+0545] {logging_mixin.py:188} INFO - [2024-06-18T14:11:14.821+0545] {dagbag.py:545} INFO - Filling up the DagBag from /home/prabal/afenv/lib/python3.10/site-packages/airflow/example_dags/example_dynamic_task_mapping_with_no_taskflow_operators.py
[2024-06-18T14:11:14.837+0545] {processor.py:840} INFO - DAG(s) 'example_dynamic_task_mapping_with_no_taskflow_operators' retrieved from /home/prabal/afenv/lib/python3.10/site-packages/airflow/example_dags/example_dynamic_task_mapping_with_no_taskflow_operators.py
[2024-06-18T14:11:14.865+0545] {logging_mixin.py:188} INFO - [2024-06-18T14:11:14.865+0545] {dag.py:3096} INFO - Sync 1 DAGs
[2024-06-18T14:11:14.908+0545] {logging_mixin.py:188} INFO - [2024-06-18T14:11:14.907+0545] {dag.py:3954} INFO - Setting next_dagrun for example_dynamic_task_mapping_with_no_taskflow_operators to 2024-06-17 00:00:00+00:00, run_after=2024-06-18 00:00:00+00:00
[2024-06-18T14:11:14.942+0545] {processor.py:183} INFO - Processing /home/prabal/afenv/lib/python3.10/site-packages/airflow/example_dags/example_dynamic_task_mapping_with_no_taskflow_operators.py took 0.152 seconds
[2024-06-18T14:12:06.912+0545] {processor.py:161} INFO - Started process (PID=22715) to work on /home/prabal/afenv/lib/python3.10/site-packages/airflow/example_dags/example_dynamic_task_mapping_with_no_taskflow_operators.py
[2024-06-18T14:12:06.925+0545] {processor.py:830} INFO - Processing file /home/prabal/afenv/lib/python3.10/site-packages/airflow/example_dags/example_dynamic_task_mapping_with_no_taskflow_operators.py for tasks to queue
[2024-06-18T14:12:06.929+0545] {logging_mixin.py:188} INFO - [2024-06-18T14:12:06.928+0545] {dagbag.py:545} INFO - Filling up the DagBag from /home/prabal/afenv/lib/python3.10/site-packages/airflow/example_dags/example_dynamic_task_mapping_with_no_taskflow_operators.py
[2024-06-18T14:12:06.943+0545] {processor.py:840} INFO - DAG(s) 'example_dynamic_task_mapping_with_no_taskflow_operators' retrieved from /home/prabal/afenv/lib/python3.10/site-packages/airflow/example_dags/example_dynamic_task_mapping_with_no_taskflow_operators.py
[2024-06-18T14:12:06.963+0545] {logging_mixin.py:188} INFO - [2024-06-18T14:12:06.963+0545] {dag.py:3096} INFO - Sync 1 DAGs
[2024-06-18T14:12:06.981+0545] {logging_mixin.py:188} INFO - [2024-06-18T14:12:06.981+0545] {dag.py:3954} INFO - Setting next_dagrun for example_dynamic_task_mapping_with_no_taskflow_operators to 2024-06-17 00:00:00+00:00, run_after=2024-06-18 00:00:00+00:00
[2024-06-18T14:12:06.999+0545] {processor.py:183} INFO - Processing /home/prabal/afenv/lib/python3.10/site-packages/airflow/example_dags/example_dynamic_task_mapping_with_no_taskflow_operators.py took 0.102 seconds
[2024-06-18T14:12:57.915+0545] {processor.py:161} INFO - Started process (PID=22961) to work on /home/prabal/afenv/lib/python3.10/site-packages/airflow/example_dags/example_dynamic_task_mapping_with_no_taskflow_operators.py
[2024-06-18T14:12:57.928+0545] {processor.py:830} INFO - Processing file /home/prabal/afenv/lib/python3.10/site-packages/airflow/example_dags/example_dynamic_task_mapping_with_no_taskflow_operators.py for tasks to queue
[2024-06-18T14:12:57.931+0545] {logging_mixin.py:188} INFO - [2024-06-18T14:12:57.930+0545] {dagbag.py:545} INFO - Filling up the DagBag from /home/prabal/afenv/lib/python3.10/site-packages/airflow/example_dags/example_dynamic_task_mapping_with_no_taskflow_operators.py
[2024-06-18T14:12:57.945+0545] {processor.py:840} INFO - DAG(s) 'example_dynamic_task_mapping_with_no_taskflow_operators' retrieved from /home/prabal/afenv/lib/python3.10/site-packages/airflow/example_dags/example_dynamic_task_mapping_with_no_taskflow_operators.py
[2024-06-18T14:12:57.977+0545] {logging_mixin.py:188} INFO - [2024-06-18T14:12:57.977+0545] {dag.py:3096} INFO - Sync 1 DAGs
[2024-06-18T14:12:58.010+0545] {logging_mixin.py:188} INFO - [2024-06-18T14:12:58.010+0545] {dag.py:3954} INFO - Setting next_dagrun for example_dynamic_task_mapping_with_no_taskflow_operators to 2024-06-17 00:00:00+00:00, run_after=2024-06-18 00:00:00+00:00
[2024-06-18T14:12:58.051+0545] {processor.py:183} INFO - Processing /home/prabal/afenv/lib/python3.10/site-packages/airflow/example_dags/example_dynamic_task_mapping_with_no_taskflow_operators.py took 0.150 seconds
[2024-06-18T14:13:50.195+0545] {processor.py:161} INFO - Started process (PID=23213) to work on /home/prabal/afenv/lib/python3.10/site-packages/airflow/example_dags/example_dynamic_task_mapping_with_no_taskflow_operators.py
[2024-06-18T14:13:50.208+0545] {processor.py:830} INFO - Processing file /home/prabal/afenv/lib/python3.10/site-packages/airflow/example_dags/example_dynamic_task_mapping_with_no_taskflow_operators.py for tasks to queue
[2024-06-18T14:13:50.212+0545] {logging_mixin.py:188} INFO - [2024-06-18T14:13:50.211+0545] {dagbag.py:545} INFO - Filling up the DagBag from /home/prabal/afenv/lib/python3.10/site-packages/airflow/example_dags/example_dynamic_task_mapping_with_no_taskflow_operators.py
[2024-06-18T14:13:50.226+0545] {processor.py:840} INFO - DAG(s) 'example_dynamic_task_mapping_with_no_taskflow_operators' retrieved from /home/prabal/afenv/lib/python3.10/site-packages/airflow/example_dags/example_dynamic_task_mapping_with_no_taskflow_operators.py
[2024-06-18T14:13:50.255+0545] {logging_mixin.py:188} INFO - [2024-06-18T14:13:50.255+0545] {dag.py:3096} INFO - Sync 1 DAGs
[2024-06-18T14:13:50.294+0545] {logging_mixin.py:188} INFO - [2024-06-18T14:13:50.293+0545] {dag.py:3954} INFO - Setting next_dagrun for example_dynamic_task_mapping_with_no_taskflow_operators to 2024-06-17 00:00:00+00:00, run_after=2024-06-18 00:00:00+00:00
[2024-06-18T14:13:50.329+0545] {processor.py:183} INFO - Processing /home/prabal/afenv/lib/python3.10/site-packages/airflow/example_dags/example_dynamic_task_mapping_with_no_taskflow_operators.py took 0.148 seconds
[2024-06-18T14:14:42.546+0545] {processor.py:161} INFO - Started process (PID=23466) to work on /home/prabal/afenv/lib/python3.10/site-packages/airflow/example_dags/example_dynamic_task_mapping_with_no_taskflow_operators.py
[2024-06-18T14:14:42.559+0545] {processor.py:830} INFO - Processing file /home/prabal/afenv/lib/python3.10/site-packages/airflow/example_dags/example_dynamic_task_mapping_with_no_taskflow_operators.py for tasks to queue
[2024-06-18T14:14:42.562+0545] {logging_mixin.py:188} INFO - [2024-06-18T14:14:42.562+0545] {dagbag.py:545} INFO - Filling up the DagBag from /home/prabal/afenv/lib/python3.10/site-packages/airflow/example_dags/example_dynamic_task_mapping_with_no_taskflow_operators.py
[2024-06-18T14:14:42.577+0545] {processor.py:840} INFO - DAG(s) 'example_dynamic_task_mapping_with_no_taskflow_operators' retrieved from /home/prabal/afenv/lib/python3.10/site-packages/airflow/example_dags/example_dynamic_task_mapping_with_no_taskflow_operators.py
[2024-06-18T14:14:42.595+0545] {logging_mixin.py:188} INFO - [2024-06-18T14:14:42.595+0545] {dag.py:3096} INFO - Sync 1 DAGs
[2024-06-18T14:14:42.632+0545] {logging_mixin.py:188} INFO - [2024-06-18T14:14:42.631+0545] {dag.py:3954} INFO - Setting next_dagrun for example_dynamic_task_mapping_with_no_taskflow_operators to 2024-06-17 00:00:00+00:00, run_after=2024-06-18 00:00:00+00:00
[2024-06-18T14:14:42.652+0545] {processor.py:183} INFO - Processing /home/prabal/afenv/lib/python3.10/site-packages/airflow/example_dags/example_dynamic_task_mapping_with_no_taskflow_operators.py took 0.121 seconds
[2024-06-18T14:15:46.357+0545] {processor.py:161} INFO - Started process (PID=23795) to work on /home/prabal/afenv/lib/python3.10/site-packages/airflow/example_dags/example_dynamic_task_mapping_with_no_taskflow_operators.py
[2024-06-18T14:15:46.370+0545] {processor.py:830} INFO - Processing file /home/prabal/afenv/lib/python3.10/site-packages/airflow/example_dags/example_dynamic_task_mapping_with_no_taskflow_operators.py for tasks to queue
[2024-06-18T14:15:46.372+0545] {logging_mixin.py:188} INFO - [2024-06-18T14:15:46.372+0545] {dagbag.py:545} INFO - Filling up the DagBag from /home/prabal/afenv/lib/python3.10/site-packages/airflow/example_dags/example_dynamic_task_mapping_with_no_taskflow_operators.py
[2024-06-18T14:15:46.379+0545] {processor.py:840} INFO - DAG(s) 'example_dynamic_task_mapping_with_no_taskflow_operators' retrieved from /home/prabal/afenv/lib/python3.10/site-packages/airflow/example_dags/example_dynamic_task_mapping_with_no_taskflow_operators.py
[2024-06-18T14:15:46.395+0545] {logging_mixin.py:188} INFO - [2024-06-18T14:15:46.395+0545] {dag.py:3096} INFO - Sync 1 DAGs
[2024-06-18T14:15:46.429+0545] {logging_mixin.py:188} INFO - [2024-06-18T14:15:46.428+0545] {dag.py:3954} INFO - Setting next_dagrun for example_dynamic_task_mapping_with_no_taskflow_operators to 2024-06-17 00:00:00+00:00, run_after=2024-06-18 00:00:00+00:00
[2024-06-18T14:15:46.456+0545] {processor.py:183} INFO - Processing /home/prabal/afenv/lib/python3.10/site-packages/airflow/example_dags/example_dynamic_task_mapping_with_no_taskflow_operators.py took 0.115 seconds
[2024-06-18T14:16:44.499+0545] {processor.py:161} INFO - Started process (PID=24074) to work on /home/prabal/afenv/lib/python3.10/site-packages/airflow/example_dags/example_dynamic_task_mapping_with_no_taskflow_operators.py
[2024-06-18T14:16:44.513+0545] {processor.py:830} INFO - Processing file /home/prabal/afenv/lib/python3.10/site-packages/airflow/example_dags/example_dynamic_task_mapping_with_no_taskflow_operators.py for tasks to queue
[2024-06-18T14:16:44.517+0545] {logging_mixin.py:188} INFO - [2024-06-18T14:16:44.516+0545] {dagbag.py:545} INFO - Filling up the DagBag from /home/prabal/afenv/lib/python3.10/site-packages/airflow/example_dags/example_dynamic_task_mapping_with_no_taskflow_operators.py
[2024-06-18T14:16:44.533+0545] {processor.py:840} INFO - DAG(s) 'example_dynamic_task_mapping_with_no_taskflow_operators' retrieved from /home/prabal/afenv/lib/python3.10/site-packages/airflow/example_dags/example_dynamic_task_mapping_with_no_taskflow_operators.py
[2024-06-18T14:16:44.557+0545] {logging_mixin.py:188} INFO - [2024-06-18T14:16:44.557+0545] {dag.py:3096} INFO - Sync 1 DAGs
[2024-06-18T14:16:44.576+0545] {logging_mixin.py:188} INFO - [2024-06-18T14:16:44.575+0545] {dag.py:3954} INFO - Setting next_dagrun for example_dynamic_task_mapping_with_no_taskflow_operators to 2024-06-17 00:00:00+00:00, run_after=2024-06-18 00:00:00+00:00
[2024-06-18T14:16:44.603+0545] {processor.py:183} INFO - Processing /home/prabal/afenv/lib/python3.10/site-packages/airflow/example_dags/example_dynamic_task_mapping_with_no_taskflow_operators.py took 0.116 seconds
[2024-06-18T14:17:38.978+0545] {processor.py:161} INFO - Started process (PID=24338) to work on /home/prabal/afenv/lib/python3.10/site-packages/airflow/example_dags/example_dynamic_task_mapping_with_no_taskflow_operators.py
[2024-06-18T14:17:38.991+0545] {processor.py:830} INFO - Processing file /home/prabal/afenv/lib/python3.10/site-packages/airflow/example_dags/example_dynamic_task_mapping_with_no_taskflow_operators.py for tasks to queue
[2024-06-18T14:17:38.995+0545] {logging_mixin.py:188} INFO - [2024-06-18T14:17:38.994+0545] {dagbag.py:545} INFO - Filling up the DagBag from /home/prabal/afenv/lib/python3.10/site-packages/airflow/example_dags/example_dynamic_task_mapping_with_no_taskflow_operators.py
[2024-06-18T14:17:39.009+0545] {processor.py:840} INFO - DAG(s) 'example_dynamic_task_mapping_with_no_taskflow_operators' retrieved from /home/prabal/afenv/lib/python3.10/site-packages/airflow/example_dags/example_dynamic_task_mapping_with_no_taskflow_operators.py
[2024-06-18T14:17:39.042+0545] {logging_mixin.py:188} INFO - [2024-06-18T14:17:39.041+0545] {dag.py:3096} INFO - Sync 1 DAGs
[2024-06-18T14:17:39.064+0545] {logging_mixin.py:188} INFO - [2024-06-18T14:17:39.064+0545] {dag.py:3954} INFO - Setting next_dagrun for example_dynamic_task_mapping_with_no_taskflow_operators to 2024-06-17 00:00:00+00:00, run_after=2024-06-18 00:00:00+00:00
[2024-06-18T14:17:39.081+0545] {processor.py:183} INFO - Processing /home/prabal/afenv/lib/python3.10/site-packages/airflow/example_dags/example_dynamic_task_mapping_with_no_taskflow_operators.py took 0.118 seconds
[2024-06-18T14:18:33.670+0545] {processor.py:161} INFO - Started process (PID=24602) to work on /home/prabal/afenv/lib/python3.10/site-packages/airflow/example_dags/example_dynamic_task_mapping_with_no_taskflow_operators.py
[2024-06-18T14:18:33.683+0545] {processor.py:830} INFO - Processing file /home/prabal/afenv/lib/python3.10/site-packages/airflow/example_dags/example_dynamic_task_mapping_with_no_taskflow_operators.py for tasks to queue
[2024-06-18T14:18:33.686+0545] {logging_mixin.py:188} INFO - [2024-06-18T14:18:33.685+0545] {dagbag.py:545} INFO - Filling up the DagBag from /home/prabal/afenv/lib/python3.10/site-packages/airflow/example_dags/example_dynamic_task_mapping_with_no_taskflow_operators.py
[2024-06-18T14:18:33.700+0545] {processor.py:840} INFO - DAG(s) 'example_dynamic_task_mapping_with_no_taskflow_operators' retrieved from /home/prabal/afenv/lib/python3.10/site-packages/airflow/example_dags/example_dynamic_task_mapping_with_no_taskflow_operators.py
[2024-06-18T14:18:33.716+0545] {logging_mixin.py:188} INFO - [2024-06-18T14:18:33.716+0545] {dag.py:3096} INFO - Sync 1 DAGs
[2024-06-18T14:18:33.735+0545] {logging_mixin.py:188} INFO - [2024-06-18T14:18:33.734+0545] {dag.py:3954} INFO - Setting next_dagrun for example_dynamic_task_mapping_with_no_taskflow_operators to 2024-06-17 00:00:00+00:00, run_after=2024-06-18 00:00:00+00:00
[2024-06-18T14:18:33.760+0545] {processor.py:183} INFO - Processing /home/prabal/afenv/lib/python3.10/site-packages/airflow/example_dags/example_dynamic_task_mapping_with_no_taskflow_operators.py took 0.105 seconds
[2024-06-18T14:19:28.951+0545] {processor.py:161} INFO - Started process (PID=24865) to work on /home/prabal/afenv/lib/python3.10/site-packages/airflow/example_dags/example_dynamic_task_mapping_with_no_taskflow_operators.py
[2024-06-18T14:19:28.958+0545] {processor.py:830} INFO - Processing file /home/prabal/afenv/lib/python3.10/site-packages/airflow/example_dags/example_dynamic_task_mapping_with_no_taskflow_operators.py for tasks to queue
[2024-06-18T14:19:28.960+0545] {logging_mixin.py:188} INFO - [2024-06-18T14:19:28.960+0545] {dagbag.py:545} INFO - Filling up the DagBag from /home/prabal/afenv/lib/python3.10/site-packages/airflow/example_dags/example_dynamic_task_mapping_with_no_taskflow_operators.py
[2024-06-18T14:19:28.971+0545] {processor.py:840} INFO - DAG(s) 'example_dynamic_task_mapping_with_no_taskflow_operators' retrieved from /home/prabal/afenv/lib/python3.10/site-packages/airflow/example_dags/example_dynamic_task_mapping_with_no_taskflow_operators.py
[2024-06-18T14:19:28.992+0545] {logging_mixin.py:188} INFO - [2024-06-18T14:19:28.992+0545] {dag.py:3096} INFO - Sync 1 DAGs
[2024-06-18T14:19:29.015+0545] {logging_mixin.py:188} INFO - [2024-06-18T14:19:29.014+0545] {dag.py:3954} INFO - Setting next_dagrun for example_dynamic_task_mapping_with_no_taskflow_operators to 2024-06-17 00:00:00+00:00, run_after=2024-06-18 00:00:00+00:00
[2024-06-18T14:19:29.032+0545] {processor.py:183} INFO - Processing /home/prabal/afenv/lib/python3.10/site-packages/airflow/example_dags/example_dynamic_task_mapping_with_no_taskflow_operators.py took 0.090 seconds
[2024-06-18T14:20:22.506+0545] {processor.py:161} INFO - Started process (PID=25122) to work on /home/prabal/afenv/lib/python3.10/site-packages/airflow/example_dags/example_dynamic_task_mapping_with_no_taskflow_operators.py
[2024-06-18T14:20:22.519+0545] {processor.py:830} INFO - Processing file /home/prabal/afenv/lib/python3.10/site-packages/airflow/example_dags/example_dynamic_task_mapping_with_no_taskflow_operators.py for tasks to queue
[2024-06-18T14:20:22.523+0545] {logging_mixin.py:188} INFO - [2024-06-18T14:20:22.522+0545] {dagbag.py:545} INFO - Filling up the DagBag from /home/prabal/afenv/lib/python3.10/site-packages/airflow/example_dags/example_dynamic_task_mapping_with_no_taskflow_operators.py
[2024-06-18T14:20:22.538+0545] {processor.py:840} INFO - DAG(s) 'example_dynamic_task_mapping_with_no_taskflow_operators' retrieved from /home/prabal/afenv/lib/python3.10/site-packages/airflow/example_dags/example_dynamic_task_mapping_with_no_taskflow_operators.py
[2024-06-18T14:20:22.568+0545] {logging_mixin.py:188} INFO - [2024-06-18T14:20:22.568+0545] {dag.py:3096} INFO - Sync 1 DAGs
[2024-06-18T14:20:22.586+0545] {logging_mixin.py:188} INFO - [2024-06-18T14:20:22.586+0545] {dag.py:3954} INFO - Setting next_dagrun for example_dynamic_task_mapping_with_no_taskflow_operators to 2024-06-17 00:00:00+00:00, run_after=2024-06-18 00:00:00+00:00
[2024-06-18T14:20:22.604+0545] {processor.py:183} INFO - Processing /home/prabal/afenv/lib/python3.10/site-packages/airflow/example_dags/example_dynamic_task_mapping_with_no_taskflow_operators.py took 0.112 seconds
[2024-06-18T14:21:14.828+0545] {processor.py:161} INFO - Started process (PID=25375) to work on /home/prabal/afenv/lib/python3.10/site-packages/airflow/example_dags/example_dynamic_task_mapping_with_no_taskflow_operators.py
[2024-06-18T14:21:14.842+0545] {processor.py:830} INFO - Processing file /home/prabal/afenv/lib/python3.10/site-packages/airflow/example_dags/example_dynamic_task_mapping_with_no_taskflow_operators.py for tasks to queue
[2024-06-18T14:21:14.845+0545] {logging_mixin.py:188} INFO - [2024-06-18T14:21:14.845+0545] {dagbag.py:545} INFO - Filling up the DagBag from /home/prabal/afenv/lib/python3.10/site-packages/airflow/example_dags/example_dynamic_task_mapping_with_no_taskflow_operators.py
[2024-06-18T14:21:14.860+0545] {processor.py:840} INFO - DAG(s) 'example_dynamic_task_mapping_with_no_taskflow_operators' retrieved from /home/prabal/afenv/lib/python3.10/site-packages/airflow/example_dags/example_dynamic_task_mapping_with_no_taskflow_operators.py
[2024-06-18T14:21:14.894+0545] {logging_mixin.py:188} INFO - [2024-06-18T14:21:14.893+0545] {dag.py:3096} INFO - Sync 1 DAGs
[2024-06-18T14:21:14.931+0545] {logging_mixin.py:188} INFO - [2024-06-18T14:21:14.930+0545] {dag.py:3954} INFO - Setting next_dagrun for example_dynamic_task_mapping_with_no_taskflow_operators to 2024-06-17 00:00:00+00:00, run_after=2024-06-18 00:00:00+00:00
[2024-06-18T14:21:14.949+0545] {processor.py:183} INFO - Processing /home/prabal/afenv/lib/python3.10/site-packages/airflow/example_dags/example_dynamic_task_mapping_with_no_taskflow_operators.py took 0.137 seconds
[2024-06-18T14:22:09.421+0545] {processor.py:161} INFO - Started process (PID=25636) to work on /home/prabal/afenv/lib/python3.10/site-packages/airflow/example_dags/example_dynamic_task_mapping_with_no_taskflow_operators.py
[2024-06-18T14:22:09.434+0545] {processor.py:830} INFO - Processing file /home/prabal/afenv/lib/python3.10/site-packages/airflow/example_dags/example_dynamic_task_mapping_with_no_taskflow_operators.py for tasks to queue
[2024-06-18T14:22:09.438+0545] {logging_mixin.py:188} INFO - [2024-06-18T14:22:09.437+0545] {dagbag.py:545} INFO - Filling up the DagBag from /home/prabal/afenv/lib/python3.10/site-packages/airflow/example_dags/example_dynamic_task_mapping_with_no_taskflow_operators.py
[2024-06-18T14:22:09.453+0545] {processor.py:840} INFO - DAG(s) 'example_dynamic_task_mapping_with_no_taskflow_operators' retrieved from /home/prabal/afenv/lib/python3.10/site-packages/airflow/example_dags/example_dynamic_task_mapping_with_no_taskflow_operators.py
[2024-06-18T14:22:09.484+0545] {logging_mixin.py:188} INFO - [2024-06-18T14:22:09.484+0545] {dag.py:3096} INFO - Sync 1 DAGs
[2024-06-18T14:22:09.505+0545] {logging_mixin.py:188} INFO - [2024-06-18T14:22:09.505+0545] {dag.py:3954} INFO - Setting next_dagrun for example_dynamic_task_mapping_with_no_taskflow_operators to 2024-06-17 00:00:00+00:00, run_after=2024-06-18 00:00:00+00:00
[2024-06-18T14:22:09.525+0545] {processor.py:183} INFO - Processing /home/prabal/afenv/lib/python3.10/site-packages/airflow/example_dags/example_dynamic_task_mapping_with_no_taskflow_operators.py took 0.118 seconds
[2024-06-18T14:23:05.110+0545] {processor.py:161} INFO - Started process (PID=25905) to work on /home/prabal/afenv/lib/python3.10/site-packages/airflow/example_dags/example_dynamic_task_mapping_with_no_taskflow_operators.py
[2024-06-18T14:23:05.123+0545] {processor.py:830} INFO - Processing file /home/prabal/afenv/lib/python3.10/site-packages/airflow/example_dags/example_dynamic_task_mapping_with_no_taskflow_operators.py for tasks to queue
[2024-06-18T14:23:05.127+0545] {logging_mixin.py:188} INFO - [2024-06-18T14:23:05.126+0545] {dagbag.py:545} INFO - Filling up the DagBag from /home/prabal/afenv/lib/python3.10/site-packages/airflow/example_dags/example_dynamic_task_mapping_with_no_taskflow_operators.py
[2024-06-18T14:23:05.140+0545] {processor.py:840} INFO - DAG(s) 'example_dynamic_task_mapping_with_no_taskflow_operators' retrieved from /home/prabal/afenv/lib/python3.10/site-packages/airflow/example_dags/example_dynamic_task_mapping_with_no_taskflow_operators.py
[2024-06-18T14:23:05.157+0545] {logging_mixin.py:188} INFO - [2024-06-18T14:23:05.156+0545] {dag.py:3096} INFO - Sync 1 DAGs
[2024-06-18T14:23:05.175+0545] {logging_mixin.py:188} INFO - [2024-06-18T14:23:05.175+0545] {dag.py:3954} INFO - Setting next_dagrun for example_dynamic_task_mapping_with_no_taskflow_operators to 2024-06-17 00:00:00+00:00, run_after=2024-06-18 00:00:00+00:00
[2024-06-18T14:23:05.192+0545] {processor.py:183} INFO - Processing /home/prabal/afenv/lib/python3.10/site-packages/airflow/example_dags/example_dynamic_task_mapping_with_no_taskflow_operators.py took 0.096 seconds
[2024-06-18T14:23:57.688+0545] {processor.py:161} INFO - Started process (PID=26161) to work on /home/prabal/afenv/lib/python3.10/site-packages/airflow/example_dags/example_dynamic_task_mapping_with_no_taskflow_operators.py
[2024-06-18T14:23:57.701+0545] {processor.py:830} INFO - Processing file /home/prabal/afenv/lib/python3.10/site-packages/airflow/example_dags/example_dynamic_task_mapping_with_no_taskflow_operators.py for tasks to queue
[2024-06-18T14:23:57.705+0545] {logging_mixin.py:188} INFO - [2024-06-18T14:23:57.703+0545] {dagbag.py:545} INFO - Filling up the DagBag from /home/prabal/afenv/lib/python3.10/site-packages/airflow/example_dags/example_dynamic_task_mapping_with_no_taskflow_operators.py
[2024-06-18T14:23:57.718+0545] {processor.py:840} INFO - DAG(s) 'example_dynamic_task_mapping_with_no_taskflow_operators' retrieved from /home/prabal/afenv/lib/python3.10/site-packages/airflow/example_dags/example_dynamic_task_mapping_with_no_taskflow_operators.py
[2024-06-18T14:23:57.734+0545] {logging_mixin.py:188} INFO - [2024-06-18T14:23:57.734+0545] {dag.py:3096} INFO - Sync 1 DAGs
[2024-06-18T14:23:57.754+0545] {logging_mixin.py:188} INFO - [2024-06-18T14:23:57.754+0545] {dag.py:3954} INFO - Setting next_dagrun for example_dynamic_task_mapping_with_no_taskflow_operators to 2024-06-17 00:00:00+00:00, run_after=2024-06-18 00:00:00+00:00
[2024-06-18T14:23:57.775+0545] {processor.py:183} INFO - Processing /home/prabal/afenv/lib/python3.10/site-packages/airflow/example_dags/example_dynamic_task_mapping_with_no_taskflow_operators.py took 0.102 seconds
[2024-06-18T17:16:52.419+0545] {processor.py:161} INFO - Started process (PID=4442) to work on /home/prabal/afenv/lib/python3.10/site-packages/airflow/example_dags/example_dynamic_task_mapping_with_no_taskflow_operators.py
[2024-06-18T17:16:52.422+0545] {processor.py:830} INFO - Processing file /home/prabal/afenv/lib/python3.10/site-packages/airflow/example_dags/example_dynamic_task_mapping_with_no_taskflow_operators.py for tasks to queue
[2024-06-18T17:16:52.423+0545] {logging_mixin.py:188} INFO - [2024-06-18T17:16:52.423+0545] {dagbag.py:545} INFO - Filling up the DagBag from /home/prabal/afenv/lib/python3.10/site-packages/airflow/example_dags/example_dynamic_task_mapping_with_no_taskflow_operators.py
[2024-06-18T17:16:52.437+0545] {processor.py:840} INFO - DAG(s) 'example_dynamic_task_mapping_with_no_taskflow_operators' retrieved from /home/prabal/afenv/lib/python3.10/site-packages/airflow/example_dags/example_dynamic_task_mapping_with_no_taskflow_operators.py
[2024-06-18T17:16:52.525+0545] {logging_mixin.py:188} INFO - [2024-06-18T17:16:52.525+0545] {dag.py:3096} INFO - Sync 1 DAGs
[2024-06-18T17:16:52.540+0545] {logging_mixin.py:188} INFO - [2024-06-18T17:16:52.540+0545] {dag.py:3954} INFO - Setting next_dagrun for example_dynamic_task_mapping_with_no_taskflow_operators to 2024-06-17 00:00:00+00:00, run_after=2024-06-18 00:00:00+00:00
[2024-06-18T17:16:52.637+0545] {processor.py:183} INFO - Processing /home/prabal/afenv/lib/python3.10/site-packages/airflow/example_dags/example_dynamic_task_mapping_with_no_taskflow_operators.py took 0.228 seconds
[2024-06-18T17:17:58.312+0545] {processor.py:161} INFO - Started process (PID=4759) to work on /home/prabal/afenv/lib/python3.10/site-packages/airflow/example_dags/example_dynamic_task_mapping_with_no_taskflow_operators.py
[2024-06-18T17:17:58.325+0545] {processor.py:830} INFO - Processing file /home/prabal/afenv/lib/python3.10/site-packages/airflow/example_dags/example_dynamic_task_mapping_with_no_taskflow_operators.py for tasks to queue
[2024-06-18T17:17:58.327+0545] {logging_mixin.py:188} INFO - [2024-06-18T17:17:58.326+0545] {dagbag.py:545} INFO - Filling up the DagBag from /home/prabal/afenv/lib/python3.10/site-packages/airflow/example_dags/example_dynamic_task_mapping_with_no_taskflow_operators.py
[2024-06-18T17:17:58.343+0545] {processor.py:840} INFO - DAG(s) 'example_dynamic_task_mapping_with_no_taskflow_operators' retrieved from /home/prabal/afenv/lib/python3.10/site-packages/airflow/example_dags/example_dynamic_task_mapping_with_no_taskflow_operators.py
[2024-06-18T17:17:58.371+0545] {logging_mixin.py:188} INFO - [2024-06-18T17:17:58.371+0545] {dag.py:3096} INFO - Sync 1 DAGs
[2024-06-18T17:17:58.389+0545] {logging_mixin.py:188} INFO - [2024-06-18T17:17:58.389+0545] {dag.py:3954} INFO - Setting next_dagrun for example_dynamic_task_mapping_with_no_taskflow_operators to 2024-06-17 00:00:00+00:00, run_after=2024-06-18 00:00:00+00:00
[2024-06-18T17:17:58.409+0545] {processor.py:183} INFO - Processing /home/prabal/afenv/lib/python3.10/site-packages/airflow/example_dags/example_dynamic_task_mapping_with_no_taskflow_operators.py took 0.108 seconds
[2024-06-18T17:18:58.940+0545] {processor.py:161} INFO - Started process (PID=5470) to work on /home/prabal/afenv/lib/python3.10/site-packages/airflow/example_dags/example_dynamic_task_mapping_with_no_taskflow_operators.py
[2024-06-18T17:18:58.948+0545] {processor.py:830} INFO - Processing file /home/prabal/afenv/lib/python3.10/site-packages/airflow/example_dags/example_dynamic_task_mapping_with_no_taskflow_operators.py for tasks to queue
[2024-06-18T17:18:58.950+0545] {logging_mixin.py:188} INFO - [2024-06-18T17:18:58.950+0545] {dagbag.py:545} INFO - Filling up the DagBag from /home/prabal/afenv/lib/python3.10/site-packages/airflow/example_dags/example_dynamic_task_mapping_with_no_taskflow_operators.py
[2024-06-18T17:18:59.146+0545] {processor.py:840} INFO - DAG(s) 'example_dynamic_task_mapping_with_no_taskflow_operators' retrieved from /home/prabal/afenv/lib/python3.10/site-packages/airflow/example_dags/example_dynamic_task_mapping_with_no_taskflow_operators.py
[2024-06-18T17:18:59.158+0545] {logging_mixin.py:188} INFO - [2024-06-18T17:18:59.157+0545] {dag.py:3096} INFO - Sync 1 DAGs
[2024-06-18T17:18:59.171+0545] {logging_mixin.py:188} INFO - [2024-06-18T17:18:59.171+0545] {dag.py:3954} INFO - Setting next_dagrun for example_dynamic_task_mapping_with_no_taskflow_operators to 2024-06-17 00:00:00+00:00, run_after=2024-06-18 00:00:00+00:00
[2024-06-18T17:18:59.189+0545] {processor.py:183} INFO - Processing /home/prabal/afenv/lib/python3.10/site-packages/airflow/example_dags/example_dynamic_task_mapping_with_no_taskflow_operators.py took 0.266 seconds
[2024-06-18T17:19:55.532+0545] {processor.py:161} INFO - Started process (PID=5894) to work on /home/prabal/afenv/lib/python3.10/site-packages/airflow/example_dags/example_dynamic_task_mapping_with_no_taskflow_operators.py
[2024-06-18T17:19:55.545+0545] {processor.py:830} INFO - Processing file /home/prabal/afenv/lib/python3.10/site-packages/airflow/example_dags/example_dynamic_task_mapping_with_no_taskflow_operators.py for tasks to queue
[2024-06-18T17:19:55.547+0545] {logging_mixin.py:188} INFO - [2024-06-18T17:19:55.546+0545] {dagbag.py:545} INFO - Filling up the DagBag from /home/prabal/afenv/lib/python3.10/site-packages/airflow/example_dags/example_dynamic_task_mapping_with_no_taskflow_operators.py
[2024-06-18T17:19:55.567+0545] {processor.py:840} INFO - DAG(s) 'example_dynamic_task_mapping_with_no_taskflow_operators' retrieved from /home/prabal/afenv/lib/python3.10/site-packages/airflow/example_dags/example_dynamic_task_mapping_with_no_taskflow_operators.py
[2024-06-18T17:19:55.587+0545] {logging_mixin.py:188} INFO - [2024-06-18T17:19:55.587+0545] {dag.py:3096} INFO - Sync 1 DAGs
[2024-06-18T17:19:55.604+0545] {logging_mixin.py:188} INFO - [2024-06-18T17:19:55.604+0545] {dag.py:3954} INFO - Setting next_dagrun for example_dynamic_task_mapping_with_no_taskflow_operators to 2024-06-17 00:00:00+00:00, run_after=2024-06-18 00:00:00+00:00
[2024-06-18T17:19:55.622+0545] {processor.py:183} INFO - Processing /home/prabal/afenv/lib/python3.10/site-packages/airflow/example_dags/example_dynamic_task_mapping_with_no_taskflow_operators.py took 0.106 seconds
[2024-06-18T17:20:51.443+0545] {processor.py:161} INFO - Started process (PID=6570) to work on /home/prabal/afenv/lib/python3.10/site-packages/airflow/example_dags/example_dynamic_task_mapping_with_no_taskflow_operators.py
[2024-06-18T17:20:51.447+0545] {processor.py:830} INFO - Processing file /home/prabal/afenv/lib/python3.10/site-packages/airflow/example_dags/example_dynamic_task_mapping_with_no_taskflow_operators.py for tasks to queue
[2024-06-18T17:20:51.449+0545] {logging_mixin.py:188} INFO - [2024-06-18T17:20:51.448+0545] {dagbag.py:545} INFO - Filling up the DagBag from /home/prabal/afenv/lib/python3.10/site-packages/airflow/example_dags/example_dynamic_task_mapping_with_no_taskflow_operators.py
[2024-06-18T17:20:51.465+0545] {processor.py:840} INFO - DAG(s) 'example_dynamic_task_mapping_with_no_taskflow_operators' retrieved from /home/prabal/afenv/lib/python3.10/site-packages/airflow/example_dags/example_dynamic_task_mapping_with_no_taskflow_operators.py
[2024-06-18T17:20:51.493+0545] {logging_mixin.py:188} INFO - [2024-06-18T17:20:51.492+0545] {dag.py:3096} INFO - Sync 1 DAGs
[2024-06-18T17:20:51.515+0545] {logging_mixin.py:188} INFO - [2024-06-18T17:20:51.515+0545] {dag.py:3954} INFO - Setting next_dagrun for example_dynamic_task_mapping_with_no_taskflow_operators to 2024-06-17 00:00:00+00:00, run_after=2024-06-18 00:00:00+00:00
[2024-06-18T17:20:51.532+0545] {processor.py:183} INFO - Processing /home/prabal/afenv/lib/python3.10/site-packages/airflow/example_dags/example_dynamic_task_mapping_with_no_taskflow_operators.py took 0.101 seconds
[2024-06-18T17:22:18.216+0545] {processor.py:161} INFO - Started process (PID=7093) to work on /home/prabal/afenv/lib/python3.10/site-packages/airflow/example_dags/example_dynamic_task_mapping_with_no_taskflow_operators.py
[2024-06-18T17:22:18.229+0545] {processor.py:830} INFO - Processing file /home/prabal/afenv/lib/python3.10/site-packages/airflow/example_dags/example_dynamic_task_mapping_with_no_taskflow_operators.py for tasks to queue
[2024-06-18T17:22:18.233+0545] {logging_mixin.py:188} INFO - [2024-06-18T17:22:18.232+0545] {dagbag.py:545} INFO - Filling up the DagBag from /home/prabal/afenv/lib/python3.10/site-packages/airflow/example_dags/example_dynamic_task_mapping_with_no_taskflow_operators.py
[2024-06-18T17:22:18.244+0545] {processor.py:840} INFO - DAG(s) 'example_dynamic_task_mapping_with_no_taskflow_operators' retrieved from /home/prabal/afenv/lib/python3.10/site-packages/airflow/example_dags/example_dynamic_task_mapping_with_no_taskflow_operators.py
[2024-06-18T17:22:18.329+0545] {logging_mixin.py:188} INFO - [2024-06-18T17:22:18.329+0545] {dag.py:3096} INFO - Sync 1 DAGs
[2024-06-18T17:22:18.342+0545] {logging_mixin.py:188} INFO - [2024-06-18T17:22:18.341+0545] {dag.py:3954} INFO - Setting next_dagrun for example_dynamic_task_mapping_with_no_taskflow_operators to 2024-06-17 00:00:00+00:00, run_after=2024-06-18 00:00:00+00:00
[2024-06-18T17:22:18.475+0545] {processor.py:183} INFO - Processing /home/prabal/afenv/lib/python3.10/site-packages/airflow/example_dags/example_dynamic_task_mapping_with_no_taskflow_operators.py took 0.270 seconds
[2024-06-18T17:23:31.117+0545] {processor.py:161} INFO - Started process (PID=7465) to work on /home/prabal/afenv/lib/python3.10/site-packages/airflow/example_dags/example_dynamic_task_mapping_with_no_taskflow_operators.py
[2024-06-18T17:23:31.120+0545] {processor.py:830} INFO - Processing file /home/prabal/afenv/lib/python3.10/site-packages/airflow/example_dags/example_dynamic_task_mapping_with_no_taskflow_operators.py for tasks to queue
[2024-06-18T17:23:31.124+0545] {logging_mixin.py:188} INFO - [2024-06-18T17:23:31.123+0545] {dagbag.py:545} INFO - Filling up the DagBag from /home/prabal/afenv/lib/python3.10/site-packages/airflow/example_dags/example_dynamic_task_mapping_with_no_taskflow_operators.py
[2024-06-18T17:23:31.138+0545] {processor.py:840} INFO - DAG(s) 'example_dynamic_task_mapping_with_no_taskflow_operators' retrieved from /home/prabal/afenv/lib/python3.10/site-packages/airflow/example_dags/example_dynamic_task_mapping_with_no_taskflow_operators.py
[2024-06-18T17:23:31.170+0545] {logging_mixin.py:188} INFO - [2024-06-18T17:23:31.170+0545] {dag.py:3096} INFO - Sync 1 DAGs
[2024-06-18T17:23:31.206+0545] {logging_mixin.py:188} INFO - [2024-06-18T17:23:31.206+0545] {dag.py:3954} INFO - Setting next_dagrun for example_dynamic_task_mapping_with_no_taskflow_operators to 2024-06-17 00:00:00+00:00, run_after=2024-06-18 00:00:00+00:00
[2024-06-18T17:23:31.241+0545] {processor.py:183} INFO - Processing /home/prabal/afenv/lib/python3.10/site-packages/airflow/example_dags/example_dynamic_task_mapping_with_no_taskflow_operators.py took 0.138 seconds
