[2024-06-18T13:42:09.141+0545] {processor.py:161} INFO - Started process (PID=14072) to work on /home/prabal/afenv/lib/python3.10/site-packages/airflow/example_dags/tutorial_dag.py
[2024-06-18T13:42:09.146+0545] {processor.py:830} INFO - Processing file /home/prabal/afenv/lib/python3.10/site-packages/airflow/example_dags/tutorial_dag.py for tasks to queue
[2024-06-18T13:42:09.148+0545] {logging_mixin.py:188} INFO - [2024-06-18T13:42:09.148+0545] {dagbag.py:545} INFO - Filling up the DagBag from /home/prabal/afenv/lib/python3.10/site-packages/airflow/example_dags/tutorial_dag.py
[2024-06-18T13:42:09.168+0545] {processor.py:840} INFO - DAG(s) 'tutorial_dag' retrieved from /home/prabal/afenv/lib/python3.10/site-packages/airflow/example_dags/tutorial_dag.py
[2024-06-18T13:42:09.293+0545] {logging_mixin.py:188} INFO - [2024-06-18T13:42:09.292+0545] {override.py:1829} INFO - Created Permission View: can read on DAG:tutorial_dag
[2024-06-18T13:42:09.301+0545] {logging_mixin.py:188} INFO - [2024-06-18T13:42:09.301+0545] {override.py:1829} INFO - Created Permission View: can edit on DAG:tutorial_dag
[2024-06-18T13:42:09.307+0545] {logging_mixin.py:188} INFO - [2024-06-18T13:42:09.307+0545] {override.py:1829} INFO - Created Permission View: can delete on DAG:tutorial_dag
[2024-06-18T13:42:09.307+0545] {logging_mixin.py:188} INFO - [2024-06-18T13:42:09.307+0545] {dag.py:3096} INFO - Sync 1 DAGs
[2024-06-18T13:42:09.315+0545] {logging_mixin.py:188} INFO - [2024-06-18T13:42:09.315+0545] {dag.py:3118} INFO - Creating ORM DAG for tutorial_dag
[2024-06-18T13:42:09.315+0545] {logging_mixin.py:188} INFO - [2024-06-18T13:42:09.315+0545] {dag.py:3954} INFO - Setting next_dagrun for tutorial_dag to None, run_after=None
[2024-06-18T13:42:09.331+0545] {processor.py:183} INFO - Processing /home/prabal/afenv/lib/python3.10/site-packages/airflow/example_dags/tutorial_dag.py took 0.199 seconds
[2024-06-18T13:43:12.060+0545] {processor.py:161} INFO - Started process (PID=14390) to work on /home/prabal/afenv/lib/python3.10/site-packages/airflow/example_dags/tutorial_dag.py
[2024-06-18T13:43:12.063+0545] {processor.py:830} INFO - Processing file /home/prabal/afenv/lib/python3.10/site-packages/airflow/example_dags/tutorial_dag.py for tasks to queue
[2024-06-18T13:43:12.066+0545] {logging_mixin.py:188} INFO - [2024-06-18T13:43:12.065+0545] {dagbag.py:545} INFO - Filling up the DagBag from /home/prabal/afenv/lib/python3.10/site-packages/airflow/example_dags/tutorial_dag.py
[2024-06-18T13:43:12.078+0545] {processor.py:840} INFO - DAG(s) 'tutorial_dag' retrieved from /home/prabal/afenv/lib/python3.10/site-packages/airflow/example_dags/tutorial_dag.py
[2024-06-18T13:43:12.099+0545] {logging_mixin.py:188} INFO - [2024-06-18T13:43:12.098+0545] {dag.py:3096} INFO - Sync 1 DAGs
[2024-06-18T13:43:12.108+0545] {logging_mixin.py:188} INFO - [2024-06-18T13:43:12.108+0545] {dag.py:3954} INFO - Setting next_dagrun for tutorial_dag to None, run_after=None
[2024-06-18T13:43:12.140+0545] {processor.py:183} INFO - Processing /home/prabal/afenv/lib/python3.10/site-packages/airflow/example_dags/tutorial_dag.py took 0.092 seconds
[2024-06-18T13:44:08.188+0545] {processor.py:161} INFO - Started process (PID=14675) to work on /home/prabal/afenv/lib/python3.10/site-packages/airflow/example_dags/tutorial_dag.py
[2024-06-18T13:44:08.201+0545] {processor.py:830} INFO - Processing file /home/prabal/afenv/lib/python3.10/site-packages/airflow/example_dags/tutorial_dag.py for tasks to queue
[2024-06-18T13:44:08.205+0545] {logging_mixin.py:188} INFO - [2024-06-18T13:44:08.204+0545] {dagbag.py:545} INFO - Filling up the DagBag from /home/prabal/afenv/lib/python3.10/site-packages/airflow/example_dags/tutorial_dag.py
[2024-06-18T13:44:08.217+0545] {processor.py:840} INFO - DAG(s) 'tutorial_dag' retrieved from /home/prabal/afenv/lib/python3.10/site-packages/airflow/example_dags/tutorial_dag.py
[2024-06-18T13:44:08.238+0545] {logging_mixin.py:188} INFO - [2024-06-18T13:44:08.238+0545] {dag.py:3096} INFO - Sync 1 DAGs
[2024-06-18T13:44:08.249+0545] {logging_mixin.py:188} INFO - [2024-06-18T13:44:08.249+0545] {dag.py:3954} INFO - Setting next_dagrun for tutorial_dag to None, run_after=None
[2024-06-18T13:44:08.388+0545] {processor.py:183} INFO - Processing /home/prabal/afenv/lib/python3.10/site-packages/airflow/example_dags/tutorial_dag.py took 0.211 seconds
[2024-06-18T13:45:11.926+0545] {processor.py:161} INFO - Started process (PID=14978) to work on /home/prabal/afenv/lib/python3.10/site-packages/airflow/example_dags/tutorial_dag.py
[2024-06-18T13:45:11.939+0545] {processor.py:830} INFO - Processing file /home/prabal/afenv/lib/python3.10/site-packages/airflow/example_dags/tutorial_dag.py for tasks to queue
[2024-06-18T13:45:11.942+0545] {logging_mixin.py:188} INFO - [2024-06-18T13:45:11.942+0545] {dagbag.py:545} INFO - Filling up the DagBag from /home/prabal/afenv/lib/python3.10/site-packages/airflow/example_dags/tutorial_dag.py
[2024-06-18T13:45:11.955+0545] {processor.py:840} INFO - DAG(s) 'tutorial_dag' retrieved from /home/prabal/afenv/lib/python3.10/site-packages/airflow/example_dags/tutorial_dag.py
[2024-06-18T13:45:11.986+0545] {logging_mixin.py:188} INFO - [2024-06-18T13:45:11.986+0545] {dag.py:3096} INFO - Sync 1 DAGs
[2024-06-18T13:45:12.009+0545] {logging_mixin.py:188} INFO - [2024-06-18T13:45:12.009+0545] {dag.py:3954} INFO - Setting next_dagrun for tutorial_dag to None, run_after=None
[2024-06-18T13:45:12.040+0545] {processor.py:183} INFO - Processing /home/prabal/afenv/lib/python3.10/site-packages/airflow/example_dags/tutorial_dag.py took 0.128 seconds
[2024-06-18T13:46:04.459+0545] {processor.py:161} INFO - Started process (PID=15231) to work on /home/prabal/afenv/lib/python3.10/site-packages/airflow/example_dags/tutorial_dag.py
[2024-06-18T13:46:04.471+0545] {processor.py:830} INFO - Processing file /home/prabal/afenv/lib/python3.10/site-packages/airflow/example_dags/tutorial_dag.py for tasks to queue
[2024-06-18T13:46:04.475+0545] {logging_mixin.py:188} INFO - [2024-06-18T13:46:04.475+0545] {dagbag.py:545} INFO - Filling up the DagBag from /home/prabal/afenv/lib/python3.10/site-packages/airflow/example_dags/tutorial_dag.py
[2024-06-18T13:46:04.484+0545] {processor.py:840} INFO - DAG(s) 'tutorial_dag' retrieved from /home/prabal/afenv/lib/python3.10/site-packages/airflow/example_dags/tutorial_dag.py
[2024-06-18T13:46:04.519+0545] {logging_mixin.py:188} INFO - [2024-06-18T13:46:04.518+0545] {dag.py:3096} INFO - Sync 1 DAGs
[2024-06-18T13:46:04.535+0545] {logging_mixin.py:188} INFO - [2024-06-18T13:46:04.535+0545] {dag.py:3954} INFO - Setting next_dagrun for tutorial_dag to None, run_after=None
[2024-06-18T13:46:04.557+0545] {processor.py:183} INFO - Processing /home/prabal/afenv/lib/python3.10/site-packages/airflow/example_dags/tutorial_dag.py took 0.107 seconds
[2024-06-18T13:46:56.449+0545] {processor.py:161} INFO - Started process (PID=15484) to work on /home/prabal/afenv/lib/python3.10/site-packages/airflow/example_dags/tutorial_dag.py
[2024-06-18T13:46:56.461+0545] {processor.py:830} INFO - Processing file /home/prabal/afenv/lib/python3.10/site-packages/airflow/example_dags/tutorial_dag.py for tasks to queue
[2024-06-18T13:46:56.464+0545] {logging_mixin.py:188} INFO - [2024-06-18T13:46:56.463+0545] {dagbag.py:545} INFO - Filling up the DagBag from /home/prabal/afenv/lib/python3.10/site-packages/airflow/example_dags/tutorial_dag.py
[2024-06-18T13:46:56.472+0545] {processor.py:840} INFO - DAG(s) 'tutorial_dag' retrieved from /home/prabal/afenv/lib/python3.10/site-packages/airflow/example_dags/tutorial_dag.py
[2024-06-18T13:46:56.493+0545] {logging_mixin.py:188} INFO - [2024-06-18T13:46:56.492+0545] {dag.py:3096} INFO - Sync 1 DAGs
[2024-06-18T13:46:56.508+0545] {logging_mixin.py:188} INFO - [2024-06-18T13:46:56.507+0545] {dag.py:3954} INFO - Setting next_dagrun for tutorial_dag to None, run_after=None
[2024-06-18T13:46:56.534+0545] {processor.py:183} INFO - Processing /home/prabal/afenv/lib/python3.10/site-packages/airflow/example_dags/tutorial_dag.py took 0.094 seconds
[2024-06-18T13:47:46.999+0545] {processor.py:161} INFO - Started process (PID=15729) to work on /home/prabal/afenv/lib/python3.10/site-packages/airflow/example_dags/tutorial_dag.py
[2024-06-18T13:47:47.013+0545] {processor.py:830} INFO - Processing file /home/prabal/afenv/lib/python3.10/site-packages/airflow/example_dags/tutorial_dag.py for tasks to queue
[2024-06-18T13:47:47.016+0545] {logging_mixin.py:188} INFO - [2024-06-18T13:47:47.016+0545] {dagbag.py:545} INFO - Filling up the DagBag from /home/prabal/afenv/lib/python3.10/site-packages/airflow/example_dags/tutorial_dag.py
[2024-06-18T13:47:47.029+0545] {processor.py:840} INFO - DAG(s) 'tutorial_dag' retrieved from /home/prabal/afenv/lib/python3.10/site-packages/airflow/example_dags/tutorial_dag.py
[2024-06-18T13:47:47.059+0545] {logging_mixin.py:188} INFO - [2024-06-18T13:47:47.059+0545] {dag.py:3096} INFO - Sync 1 DAGs
[2024-06-18T13:47:47.078+0545] {logging_mixin.py:188} INFO - [2024-06-18T13:47:47.077+0545] {dag.py:3954} INFO - Setting next_dagrun for tutorial_dag to None, run_after=None
[2024-06-18T13:47:47.103+0545] {processor.py:183} INFO - Processing /home/prabal/afenv/lib/python3.10/site-packages/airflow/example_dags/tutorial_dag.py took 0.117 seconds
[2024-06-18T13:48:37.710+0545] {processor.py:161} INFO - Started process (PID=15991) to work on /home/prabal/afenv/lib/python3.10/site-packages/airflow/example_dags/tutorial_dag.py
[2024-06-18T13:48:37.713+0545] {processor.py:830} INFO - Processing file /home/prabal/afenv/lib/python3.10/site-packages/airflow/example_dags/tutorial_dag.py for tasks to queue
[2024-06-18T13:48:37.715+0545] {logging_mixin.py:188} INFO - [2024-06-18T13:48:37.714+0545] {dagbag.py:545} INFO - Filling up the DagBag from /home/prabal/afenv/lib/python3.10/site-packages/airflow/example_dags/tutorial_dag.py
[2024-06-18T13:48:37.723+0545] {processor.py:840} INFO - DAG(s) 'tutorial_dag' retrieved from /home/prabal/afenv/lib/python3.10/site-packages/airflow/example_dags/tutorial_dag.py
[2024-06-18T13:48:37.767+0545] {logging_mixin.py:188} INFO - [2024-06-18T13:48:37.766+0545] {dag.py:3096} INFO - Sync 1 DAGs
[2024-06-18T13:48:37.791+0545] {logging_mixin.py:188} INFO - [2024-06-18T13:48:37.791+0545] {dag.py:3954} INFO - Setting next_dagrun for tutorial_dag to None, run_after=None
[2024-06-18T13:48:37.839+0545] {processor.py:183} INFO - Processing /home/prabal/afenv/lib/python3.10/site-packages/airflow/example_dags/tutorial_dag.py took 0.138 seconds
[2024-06-18T13:49:40.581+0545] {processor.py:161} INFO - Started process (PID=16298) to work on /home/prabal/afenv/lib/python3.10/site-packages/airflow/example_dags/tutorial_dag.py
[2024-06-18T13:49:40.595+0545] {processor.py:830} INFO - Processing file /home/prabal/afenv/lib/python3.10/site-packages/airflow/example_dags/tutorial_dag.py for tasks to queue
[2024-06-18T13:49:40.598+0545] {logging_mixin.py:188} INFO - [2024-06-18T13:49:40.597+0545] {dagbag.py:545} INFO - Filling up the DagBag from /home/prabal/afenv/lib/python3.10/site-packages/airflow/example_dags/tutorial_dag.py
[2024-06-18T13:49:40.606+0545] {processor.py:840} INFO - DAG(s) 'tutorial_dag' retrieved from /home/prabal/afenv/lib/python3.10/site-packages/airflow/example_dags/tutorial_dag.py
[2024-06-18T13:49:40.628+0545] {logging_mixin.py:188} INFO - [2024-06-18T13:49:40.628+0545] {dag.py:3096} INFO - Sync 1 DAGs
[2024-06-18T13:49:40.643+0545] {logging_mixin.py:188} INFO - [2024-06-18T13:49:40.643+0545] {dag.py:3954} INFO - Setting next_dagrun for tutorial_dag to None, run_after=None
[2024-06-18T13:49:40.668+0545] {processor.py:183} INFO - Processing /home/prabal/afenv/lib/python3.10/site-packages/airflow/example_dags/tutorial_dag.py took 0.098 seconds
[2024-06-18T13:51:00.774+0545] {processor.py:161} INFO - Started process (PID=16687) to work on /home/prabal/afenv/lib/python3.10/site-packages/airflow/example_dags/tutorial_dag.py
[2024-06-18T13:51:00.786+0545] {processor.py:830} INFO - Processing file /home/prabal/afenv/lib/python3.10/site-packages/airflow/example_dags/tutorial_dag.py for tasks to queue
[2024-06-18T13:51:00.788+0545] {logging_mixin.py:188} INFO - [2024-06-18T13:51:00.787+0545] {dagbag.py:545} INFO - Filling up the DagBag from /home/prabal/afenv/lib/python3.10/site-packages/airflow/example_dags/tutorial_dag.py
[2024-06-18T13:51:00.794+0545] {processor.py:840} INFO - DAG(s) 'tutorial_dag' retrieved from /home/prabal/afenv/lib/python3.10/site-packages/airflow/example_dags/tutorial_dag.py
[2024-06-18T13:51:00.809+0545] {logging_mixin.py:188} INFO - [2024-06-18T13:51:00.809+0545] {dag.py:3096} INFO - Sync 1 DAGs
[2024-06-18T13:51:00.821+0545] {logging_mixin.py:188} INFO - [2024-06-18T13:51:00.821+0545] {dag.py:3954} INFO - Setting next_dagrun for tutorial_dag to None, run_after=None
[2024-06-18T13:51:00.849+0545] {processor.py:183} INFO - Processing /home/prabal/afenv/lib/python3.10/site-packages/airflow/example_dags/tutorial_dag.py took 0.083 seconds
[2024-06-18T13:52:10.721+0545] {processor.py:161} INFO - Started process (PID=17066) to work on /home/prabal/afenv/lib/python3.10/site-packages/airflow/example_dags/tutorial_dag.py
[2024-06-18T13:52:10.734+0545] {processor.py:830} INFO - Processing file /home/prabal/afenv/lib/python3.10/site-packages/airflow/example_dags/tutorial_dag.py for tasks to queue
[2024-06-18T13:52:10.738+0545] {logging_mixin.py:188} INFO - [2024-06-18T13:52:10.737+0545] {dagbag.py:545} INFO - Filling up the DagBag from /home/prabal/afenv/lib/python3.10/site-packages/airflow/example_dags/tutorial_dag.py
[2024-06-18T13:52:10.749+0545] {processor.py:840} INFO - DAG(s) 'tutorial_dag' retrieved from /home/prabal/afenv/lib/python3.10/site-packages/airflow/example_dags/tutorial_dag.py
[2024-06-18T13:52:10.778+0545] {logging_mixin.py:188} INFO - [2024-06-18T13:52:10.777+0545] {dag.py:3096} INFO - Sync 1 DAGs
[2024-06-18T13:52:10.794+0545] {logging_mixin.py:188} INFO - [2024-06-18T13:52:10.794+0545] {dag.py:3954} INFO - Setting next_dagrun for tutorial_dag to None, run_after=None
[2024-06-18T13:52:10.815+0545] {processor.py:183} INFO - Processing /home/prabal/afenv/lib/python3.10/site-packages/airflow/example_dags/tutorial_dag.py took 0.104 seconds
[2024-06-18T13:53:25.111+0545] {processor.py:161} INFO - Started process (PID=17460) to work on /home/prabal/afenv/lib/python3.10/site-packages/airflow/example_dags/tutorial_dag.py
[2024-06-18T13:53:25.124+0545] {processor.py:830} INFO - Processing file /home/prabal/afenv/lib/python3.10/site-packages/airflow/example_dags/tutorial_dag.py for tasks to queue
[2024-06-18T13:53:25.128+0545] {logging_mixin.py:188} INFO - [2024-06-18T13:53:25.127+0545] {dagbag.py:545} INFO - Filling up the DagBag from /home/prabal/afenv/lib/python3.10/site-packages/airflow/example_dags/tutorial_dag.py
[2024-06-18T13:53:25.139+0545] {processor.py:840} INFO - DAG(s) 'tutorial_dag' retrieved from /home/prabal/afenv/lib/python3.10/site-packages/airflow/example_dags/tutorial_dag.py
[2024-06-18T13:53:25.159+0545] {logging_mixin.py:188} INFO - [2024-06-18T13:53:25.159+0545] {dag.py:3096} INFO - Sync 1 DAGs
[2024-06-18T13:53:25.174+0545] {logging_mixin.py:188} INFO - [2024-06-18T13:53:25.173+0545] {dag.py:3954} INFO - Setting next_dagrun for tutorial_dag to None, run_after=None
[2024-06-18T13:53:25.198+0545] {processor.py:183} INFO - Processing /home/prabal/afenv/lib/python3.10/site-packages/airflow/example_dags/tutorial_dag.py took 0.103 seconds
[2024-06-18T13:54:02.858+0545] {processor.py:161} INFO - Started process (PID=17643) to work on /home/prabal/afenv/lib/python3.10/site-packages/airflow/example_dags/tutorial_dag.py
[2024-06-18T13:54:02.872+0545] {processor.py:830} INFO - Processing file /home/prabal/afenv/lib/python3.10/site-packages/airflow/example_dags/tutorial_dag.py for tasks to queue
[2024-06-18T13:54:02.877+0545] {logging_mixin.py:188} INFO - [2024-06-18T13:54:02.877+0545] {dagbag.py:545} INFO - Filling up the DagBag from /home/prabal/afenv/lib/python3.10/site-packages/airflow/example_dags/tutorial_dag.py
[2024-06-18T13:54:02.890+0545] {processor.py:840} INFO - DAG(s) 'tutorial_dag' retrieved from /home/prabal/afenv/lib/python3.10/site-packages/airflow/example_dags/tutorial_dag.py
[2024-06-18T13:54:02.918+0545] {logging_mixin.py:188} INFO - [2024-06-18T13:54:02.918+0545] {dag.py:3096} INFO - Sync 1 DAGs
[2024-06-18T13:54:02.942+0545] {logging_mixin.py:188} INFO - [2024-06-18T13:54:02.941+0545] {dag.py:3954} INFO - Setting next_dagrun for tutorial_dag to None, run_after=None
[2024-06-18T13:54:02.979+0545] {processor.py:183} INFO - Processing /home/prabal/afenv/lib/python3.10/site-packages/airflow/example_dags/tutorial_dag.py took 0.136 seconds
[2024-06-18T13:54:49.565+0545] {processor.py:161} INFO - Started process (PID=17872) to work on /home/prabal/afenv/lib/python3.10/site-packages/airflow/example_dags/tutorial_dag.py
[2024-06-18T13:54:49.578+0545] {processor.py:830} INFO - Processing file /home/prabal/afenv/lib/python3.10/site-packages/airflow/example_dags/tutorial_dag.py for tasks to queue
[2024-06-18T13:54:49.582+0545] {logging_mixin.py:188} INFO - [2024-06-18T13:54:49.582+0545] {dagbag.py:545} INFO - Filling up the DagBag from /home/prabal/afenv/lib/python3.10/site-packages/airflow/example_dags/tutorial_dag.py
[2024-06-18T13:54:49.595+0545] {processor.py:840} INFO - DAG(s) 'tutorial_dag' retrieved from /home/prabal/afenv/lib/python3.10/site-packages/airflow/example_dags/tutorial_dag.py
[2024-06-18T13:54:49.619+0545] {logging_mixin.py:188} INFO - [2024-06-18T13:54:49.618+0545] {dag.py:3096} INFO - Sync 1 DAGs
[2024-06-18T13:54:49.629+0545] {logging_mixin.py:188} INFO - [2024-06-18T13:54:49.629+0545] {dag.py:3954} INFO - Setting next_dagrun for tutorial_dag to None, run_after=None
[2024-06-18T13:54:49.655+0545] {processor.py:183} INFO - Processing /home/prabal/afenv/lib/python3.10/site-packages/airflow/example_dags/tutorial_dag.py took 0.102 seconds
[2024-06-18T13:55:24.955+0545] {processor.py:161} INFO - Started process (PID=18065) to work on /home/prabal/afenv/lib/python3.10/site-packages/airflow/example_dags/tutorial_dag.py
[2024-06-18T13:55:24.968+0545] {processor.py:830} INFO - Processing file /home/prabal/afenv/lib/python3.10/site-packages/airflow/example_dags/tutorial_dag.py for tasks to queue
[2024-06-18T13:55:24.971+0545] {logging_mixin.py:188} INFO - [2024-06-18T13:55:24.970+0545] {dagbag.py:545} INFO - Filling up the DagBag from /home/prabal/afenv/lib/python3.10/site-packages/airflow/example_dags/tutorial_dag.py
[2024-06-18T13:55:24.983+0545] {processor.py:840} INFO - DAG(s) 'tutorial_dag' retrieved from /home/prabal/afenv/lib/python3.10/site-packages/airflow/example_dags/tutorial_dag.py
[2024-06-18T13:55:25.015+0545] {logging_mixin.py:188} INFO - [2024-06-18T13:55:25.014+0545] {dag.py:3096} INFO - Sync 1 DAGs
[2024-06-18T13:55:25.035+0545] {logging_mixin.py:188} INFO - [2024-06-18T13:55:25.034+0545] {dag.py:3954} INFO - Setting next_dagrun for tutorial_dag to None, run_after=None
[2024-06-18T13:55:25.066+0545] {processor.py:183} INFO - Processing /home/prabal/afenv/lib/python3.10/site-packages/airflow/example_dags/tutorial_dag.py took 0.126 seconds
[2024-06-18T13:56:00.617+0545] {processor.py:161} INFO - Started process (PID=18236) to work on /home/prabal/afenv/lib/python3.10/site-packages/airflow/example_dags/tutorial_dag.py
[2024-06-18T13:56:00.630+0545] {processor.py:830} INFO - Processing file /home/prabal/afenv/lib/python3.10/site-packages/airflow/example_dags/tutorial_dag.py for tasks to queue
[2024-06-18T13:56:00.634+0545] {logging_mixin.py:188} INFO - [2024-06-18T13:56:00.633+0545] {dagbag.py:545} INFO - Filling up the DagBag from /home/prabal/afenv/lib/python3.10/site-packages/airflow/example_dags/tutorial_dag.py
[2024-06-18T13:56:00.646+0545] {processor.py:840} INFO - DAG(s) 'tutorial_dag' retrieved from /home/prabal/afenv/lib/python3.10/site-packages/airflow/example_dags/tutorial_dag.py
[2024-06-18T13:56:00.663+0545] {logging_mixin.py:188} INFO - [2024-06-18T13:56:00.663+0545] {dag.py:3096} INFO - Sync 1 DAGs
[2024-06-18T13:56:00.674+0545] {logging_mixin.py:188} INFO - [2024-06-18T13:56:00.674+0545] {dag.py:3954} INFO - Setting next_dagrun for tutorial_dag to None, run_after=None
[2024-06-18T13:56:00.694+0545] {processor.py:183} INFO - Processing /home/prabal/afenv/lib/python3.10/site-packages/airflow/example_dags/tutorial_dag.py took 0.090 seconds
[2024-06-18T13:56:51.881+0545] {processor.py:161} INFO - Started process (PID=18484) to work on /home/prabal/afenv/lib/python3.10/site-packages/airflow/example_dags/tutorial_dag.py
[2024-06-18T13:56:51.893+0545] {processor.py:830} INFO - Processing file /home/prabal/afenv/lib/python3.10/site-packages/airflow/example_dags/tutorial_dag.py for tasks to queue
[2024-06-18T13:56:51.897+0545] {logging_mixin.py:188} INFO - [2024-06-18T13:56:51.896+0545] {dagbag.py:545} INFO - Filling up the DagBag from /home/prabal/afenv/lib/python3.10/site-packages/airflow/example_dags/tutorial_dag.py
[2024-06-18T13:56:51.910+0545] {processor.py:840} INFO - DAG(s) 'tutorial_dag' retrieved from /home/prabal/afenv/lib/python3.10/site-packages/airflow/example_dags/tutorial_dag.py
[2024-06-18T13:56:51.938+0545] {logging_mixin.py:188} INFO - [2024-06-18T13:56:51.938+0545] {dag.py:3096} INFO - Sync 1 DAGs
[2024-06-18T13:56:51.949+0545] {logging_mixin.py:188} INFO - [2024-06-18T13:56:51.948+0545] {dag.py:3954} INFO - Setting next_dagrun for tutorial_dag to None, run_after=None
[2024-06-18T13:56:51.971+0545] {processor.py:183} INFO - Processing /home/prabal/afenv/lib/python3.10/site-packages/airflow/example_dags/tutorial_dag.py took 0.103 seconds
[2024-06-18T13:57:40.457+0545] {processor.py:161} INFO - Started process (PID=18722) to work on /home/prabal/afenv/lib/python3.10/site-packages/airflow/example_dags/tutorial_dag.py
[2024-06-18T13:57:40.469+0545] {processor.py:830} INFO - Processing file /home/prabal/afenv/lib/python3.10/site-packages/airflow/example_dags/tutorial_dag.py for tasks to queue
[2024-06-18T13:57:40.473+0545] {logging_mixin.py:188} INFO - [2024-06-18T13:57:40.472+0545] {dagbag.py:545} INFO - Filling up the DagBag from /home/prabal/afenv/lib/python3.10/site-packages/airflow/example_dags/tutorial_dag.py
[2024-06-18T13:57:40.485+0545] {processor.py:840} INFO - DAG(s) 'tutorial_dag' retrieved from /home/prabal/afenv/lib/python3.10/site-packages/airflow/example_dags/tutorial_dag.py
[2024-06-18T13:57:40.502+0545] {logging_mixin.py:188} INFO - [2024-06-18T13:57:40.502+0545] {dag.py:3096} INFO - Sync 1 DAGs
[2024-06-18T13:57:40.513+0545] {logging_mixin.py:188} INFO - [2024-06-18T13:57:40.513+0545] {dag.py:3954} INFO - Setting next_dagrun for tutorial_dag to None, run_after=None
[2024-06-18T13:57:40.541+0545] {processor.py:183} INFO - Processing /home/prabal/afenv/lib/python3.10/site-packages/airflow/example_dags/tutorial_dag.py took 0.099 seconds
[2024-06-18T14:04:58.963+0545] {processor.py:161} INFO - Started process (PID=20593) to work on /home/prabal/afenv/lib/python3.10/site-packages/airflow/example_dags/tutorial_dag.py
[2024-06-18T14:04:58.975+0545] {processor.py:830} INFO - Processing file /home/prabal/afenv/lib/python3.10/site-packages/airflow/example_dags/tutorial_dag.py for tasks to queue
[2024-06-18T14:04:58.978+0545] {logging_mixin.py:188} INFO - [2024-06-18T14:04:58.977+0545] {dagbag.py:545} INFO - Filling up the DagBag from /home/prabal/afenv/lib/python3.10/site-packages/airflow/example_dags/tutorial_dag.py
[2024-06-18T14:04:59.000+0545] {processor.py:840} INFO - DAG(s) 'tutorial_dag' retrieved from /home/prabal/afenv/lib/python3.10/site-packages/airflow/example_dags/tutorial_dag.py
[2024-06-18T14:04:59.024+0545] {logging_mixin.py:188} INFO - [2024-06-18T14:04:59.024+0545] {dag.py:3096} INFO - Sync 1 DAGs
[2024-06-18T14:04:59.034+0545] {logging_mixin.py:188} INFO - [2024-06-18T14:04:59.034+0545] {dag.py:3954} INFO - Setting next_dagrun for tutorial_dag to None, run_after=None
[2024-06-18T14:04:59.054+0545] {processor.py:183} INFO - Processing /home/prabal/afenv/lib/python3.10/site-packages/airflow/example_dags/tutorial_dag.py took 0.096 seconds
[2024-06-18T14:06:05.332+0545] {processor.py:161} INFO - Started process (PID=20966) to work on /home/prabal/afenv/lib/python3.10/site-packages/airflow/example_dags/tutorial_dag.py
[2024-06-18T14:06:05.346+0545] {processor.py:830} INFO - Processing file /home/prabal/afenv/lib/python3.10/site-packages/airflow/example_dags/tutorial_dag.py for tasks to queue
[2024-06-18T14:06:05.350+0545] {logging_mixin.py:188} INFO - [2024-06-18T14:06:05.349+0545] {dagbag.py:545} INFO - Filling up the DagBag from /home/prabal/afenv/lib/python3.10/site-packages/airflow/example_dags/tutorial_dag.py
[2024-06-18T14:06:05.365+0545] {processor.py:840} INFO - DAG(s) 'tutorial_dag' retrieved from /home/prabal/afenv/lib/python3.10/site-packages/airflow/example_dags/tutorial_dag.py
[2024-06-18T14:06:05.381+0545] {logging_mixin.py:188} INFO - [2024-06-18T14:06:05.381+0545] {dag.py:3096} INFO - Sync 1 DAGs
[2024-06-18T14:06:05.392+0545] {logging_mixin.py:188} INFO - [2024-06-18T14:06:05.392+0545] {dag.py:3954} INFO - Setting next_dagrun for tutorial_dag to None, run_after=None
[2024-06-18T14:06:05.413+0545] {processor.py:183} INFO - Processing /home/prabal/afenv/lib/python3.10/site-packages/airflow/example_dags/tutorial_dag.py took 0.095 seconds
[2024-06-18T14:07:02.911+0545] {processor.py:161} INFO - Started process (PID=21243) to work on /home/prabal/afenv/lib/python3.10/site-packages/airflow/example_dags/tutorial_dag.py
[2024-06-18T14:07:02.924+0545] {processor.py:830} INFO - Processing file /home/prabal/afenv/lib/python3.10/site-packages/airflow/example_dags/tutorial_dag.py for tasks to queue
[2024-06-18T14:07:02.928+0545] {logging_mixin.py:188} INFO - [2024-06-18T14:07:02.927+0545] {dagbag.py:545} INFO - Filling up the DagBag from /home/prabal/afenv/lib/python3.10/site-packages/airflow/example_dags/tutorial_dag.py
[2024-06-18T14:07:02.940+0545] {processor.py:840} INFO - DAG(s) 'tutorial_dag' retrieved from /home/prabal/afenv/lib/python3.10/site-packages/airflow/example_dags/tutorial_dag.py
[2024-06-18T14:07:02.968+0545] {logging_mixin.py:188} INFO - [2024-06-18T14:07:02.968+0545] {dag.py:3096} INFO - Sync 1 DAGs
[2024-06-18T14:07:02.987+0545] {logging_mixin.py:188} INFO - [2024-06-18T14:07:02.987+0545] {dag.py:3954} INFO - Setting next_dagrun for tutorial_dag to None, run_after=None
[2024-06-18T14:07:03.107+0545] {processor.py:183} INFO - Processing /home/prabal/afenv/lib/python3.10/site-packages/airflow/example_dags/tutorial_dag.py took 0.209 seconds
[2024-06-18T14:08:00.019+0545] {processor.py:161} INFO - Started process (PID=21527) to work on /home/prabal/afenv/lib/python3.10/site-packages/airflow/example_dags/tutorial_dag.py
[2024-06-18T14:08:00.021+0545] {processor.py:830} INFO - Processing file /home/prabal/afenv/lib/python3.10/site-packages/airflow/example_dags/tutorial_dag.py for tasks to queue
[2024-06-18T14:08:00.025+0545] {logging_mixin.py:188} INFO - [2024-06-18T14:08:00.024+0545] {dagbag.py:545} INFO - Filling up the DagBag from /home/prabal/afenv/lib/python3.10/site-packages/airflow/example_dags/tutorial_dag.py
[2024-06-18T14:08:00.039+0545] {processor.py:840} INFO - DAG(s) 'tutorial_dag' retrieved from /home/prabal/afenv/lib/python3.10/site-packages/airflow/example_dags/tutorial_dag.py
[2024-06-18T14:08:00.061+0545] {logging_mixin.py:188} INFO - [2024-06-18T14:08:00.061+0545] {dag.py:3096} INFO - Sync 1 DAGs
[2024-06-18T14:08:00.071+0545] {logging_mixin.py:188} INFO - [2024-06-18T14:08:00.071+0545] {dag.py:3954} INFO - Setting next_dagrun for tutorial_dag to None, run_after=None
[2024-06-18T14:08:00.095+0545] {processor.py:183} INFO - Processing /home/prabal/afenv/lib/python3.10/site-packages/airflow/example_dags/tutorial_dag.py took 0.094 seconds
[2024-06-18T14:08:54.079+0545] {processor.py:161} INFO - Started process (PID=21786) to work on /home/prabal/afenv/lib/python3.10/site-packages/airflow/example_dags/tutorial_dag.py
[2024-06-18T14:08:54.092+0545] {processor.py:830} INFO - Processing file /home/prabal/afenv/lib/python3.10/site-packages/airflow/example_dags/tutorial_dag.py for tasks to queue
[2024-06-18T14:08:54.097+0545] {logging_mixin.py:188} INFO - [2024-06-18T14:08:54.097+0545] {dagbag.py:545} INFO - Filling up the DagBag from /home/prabal/afenv/lib/python3.10/site-packages/airflow/example_dags/tutorial_dag.py
[2024-06-18T14:08:54.108+0545] {processor.py:840} INFO - DAG(s) 'tutorial_dag' retrieved from /home/prabal/afenv/lib/python3.10/site-packages/airflow/example_dags/tutorial_dag.py
[2024-06-18T14:08:54.137+0545] {logging_mixin.py:188} INFO - [2024-06-18T14:08:54.136+0545] {dag.py:3096} INFO - Sync 1 DAGs
[2024-06-18T14:08:54.163+0545] {logging_mixin.py:188} INFO - [2024-06-18T14:08:54.163+0545] {dag.py:3954} INFO - Setting next_dagrun for tutorial_dag to None, run_after=None
[2024-06-18T14:08:54.187+0545] {processor.py:183} INFO - Processing /home/prabal/afenv/lib/python3.10/site-packages/airflow/example_dags/tutorial_dag.py took 0.121 seconds
[2024-06-18T14:09:49.077+0545] {processor.py:161} INFO - Started process (PID=22050) to work on /home/prabal/afenv/lib/python3.10/site-packages/airflow/example_dags/tutorial_dag.py
[2024-06-18T14:09:49.090+0545] {processor.py:830} INFO - Processing file /home/prabal/afenv/lib/python3.10/site-packages/airflow/example_dags/tutorial_dag.py for tasks to queue
[2024-06-18T14:09:49.094+0545] {logging_mixin.py:188} INFO - [2024-06-18T14:09:49.093+0545] {dagbag.py:545} INFO - Filling up the DagBag from /home/prabal/afenv/lib/python3.10/site-packages/airflow/example_dags/tutorial_dag.py
[2024-06-18T14:09:49.106+0545] {processor.py:840} INFO - DAG(s) 'tutorial_dag' retrieved from /home/prabal/afenv/lib/python3.10/site-packages/airflow/example_dags/tutorial_dag.py
[2024-06-18T14:09:49.138+0545] {logging_mixin.py:188} INFO - [2024-06-18T14:09:49.137+0545] {dag.py:3096} INFO - Sync 1 DAGs
[2024-06-18T14:09:49.157+0545] {logging_mixin.py:188} INFO - [2024-06-18T14:09:49.157+0545] {dag.py:3954} INFO - Setting next_dagrun for tutorial_dag to None, run_after=None
[2024-06-18T14:09:49.177+0545] {processor.py:183} INFO - Processing /home/prabal/afenv/lib/python3.10/site-packages/airflow/example_dags/tutorial_dag.py took 0.115 seconds
[2024-06-18T14:10:43.485+0545] {processor.py:161} INFO - Started process (PID=22310) to work on /home/prabal/afenv/lib/python3.10/site-packages/airflow/example_dags/tutorial_dag.py
[2024-06-18T14:10:43.498+0545] {processor.py:830} INFO - Processing file /home/prabal/afenv/lib/python3.10/site-packages/airflow/example_dags/tutorial_dag.py for tasks to queue
[2024-06-18T14:10:43.502+0545] {logging_mixin.py:188} INFO - [2024-06-18T14:10:43.501+0545] {dagbag.py:545} INFO - Filling up the DagBag from /home/prabal/afenv/lib/python3.10/site-packages/airflow/example_dags/tutorial_dag.py
[2024-06-18T14:10:43.516+0545] {processor.py:840} INFO - DAG(s) 'tutorial_dag' retrieved from /home/prabal/afenv/lib/python3.10/site-packages/airflow/example_dags/tutorial_dag.py
[2024-06-18T14:10:43.546+0545] {logging_mixin.py:188} INFO - [2024-06-18T14:10:43.545+0545] {dag.py:3096} INFO - Sync 1 DAGs
[2024-06-18T14:10:43.568+0545] {logging_mixin.py:188} INFO - [2024-06-18T14:10:43.568+0545] {dag.py:3954} INFO - Setting next_dagrun for tutorial_dag to None, run_after=None
[2024-06-18T14:10:43.593+0545] {processor.py:183} INFO - Processing /home/prabal/afenv/lib/python3.10/site-packages/airflow/example_dags/tutorial_dag.py took 0.123 seconds
[2024-06-18T14:11:34.369+0545] {processor.py:161} INFO - Started process (PID=22558) to work on /home/prabal/afenv/lib/python3.10/site-packages/airflow/example_dags/tutorial_dag.py
[2024-06-18T14:11:34.382+0545] {processor.py:830} INFO - Processing file /home/prabal/afenv/lib/python3.10/site-packages/airflow/example_dags/tutorial_dag.py for tasks to queue
[2024-06-18T14:11:34.385+0545] {logging_mixin.py:188} INFO - [2024-06-18T14:11:34.385+0545] {dagbag.py:545} INFO - Filling up the DagBag from /home/prabal/afenv/lib/python3.10/site-packages/airflow/example_dags/tutorial_dag.py
[2024-06-18T14:11:34.398+0545] {processor.py:840} INFO - DAG(s) 'tutorial_dag' retrieved from /home/prabal/afenv/lib/python3.10/site-packages/airflow/example_dags/tutorial_dag.py
[2024-06-18T14:11:34.429+0545] {logging_mixin.py:188} INFO - [2024-06-18T14:11:34.429+0545] {dag.py:3096} INFO - Sync 1 DAGs
[2024-06-18T14:11:34.443+0545] {logging_mixin.py:188} INFO - [2024-06-18T14:11:34.443+0545] {dag.py:3954} INFO - Setting next_dagrun for tutorial_dag to None, run_after=None
[2024-06-18T14:11:34.462+0545] {processor.py:183} INFO - Processing /home/prabal/afenv/lib/python3.10/site-packages/airflow/example_dags/tutorial_dag.py took 0.106 seconds
[2024-06-18T14:12:26.082+0545] {processor.py:161} INFO - Started process (PID=22806) to work on /home/prabal/afenv/lib/python3.10/site-packages/airflow/example_dags/tutorial_dag.py
[2024-06-18T14:12:26.085+0545] {processor.py:830} INFO - Processing file /home/prabal/afenv/lib/python3.10/site-packages/airflow/example_dags/tutorial_dag.py for tasks to queue
[2024-06-18T14:12:26.088+0545] {logging_mixin.py:188} INFO - [2024-06-18T14:12:26.087+0545] {dagbag.py:545} INFO - Filling up the DagBag from /home/prabal/afenv/lib/python3.10/site-packages/airflow/example_dags/tutorial_dag.py
[2024-06-18T14:12:26.102+0545] {processor.py:840} INFO - DAG(s) 'tutorial_dag' retrieved from /home/prabal/afenv/lib/python3.10/site-packages/airflow/example_dags/tutorial_dag.py
[2024-06-18T14:12:26.135+0545] {logging_mixin.py:188} INFO - [2024-06-18T14:12:26.134+0545] {dag.py:3096} INFO - Sync 1 DAGs
[2024-06-18T14:12:26.159+0545] {logging_mixin.py:188} INFO - [2024-06-18T14:12:26.158+0545] {dag.py:3954} INFO - Setting next_dagrun for tutorial_dag to None, run_after=None
[2024-06-18T14:12:26.198+0545] {processor.py:183} INFO - Processing /home/prabal/afenv/lib/python3.10/site-packages/airflow/example_dags/tutorial_dag.py took 0.131 seconds
[2024-06-18T14:13:16.028+0545] {processor.py:161} INFO - Started process (PID=23047) to work on /home/prabal/afenv/lib/python3.10/site-packages/airflow/example_dags/tutorial_dag.py
[2024-06-18T14:13:16.042+0545] {processor.py:830} INFO - Processing file /home/prabal/afenv/lib/python3.10/site-packages/airflow/example_dags/tutorial_dag.py for tasks to queue
[2024-06-18T14:13:16.045+0545] {logging_mixin.py:188} INFO - [2024-06-18T14:13:16.044+0545] {dagbag.py:545} INFO - Filling up the DagBag from /home/prabal/afenv/lib/python3.10/site-packages/airflow/example_dags/tutorial_dag.py
[2024-06-18T14:13:16.058+0545] {processor.py:840} INFO - DAG(s) 'tutorial_dag' retrieved from /home/prabal/afenv/lib/python3.10/site-packages/airflow/example_dags/tutorial_dag.py
[2024-06-18T14:13:16.091+0545] {logging_mixin.py:188} INFO - [2024-06-18T14:13:16.090+0545] {dag.py:3096} INFO - Sync 1 DAGs
[2024-06-18T14:13:16.102+0545] {logging_mixin.py:188} INFO - [2024-06-18T14:13:16.102+0545] {dag.py:3954} INFO - Setting next_dagrun for tutorial_dag to None, run_after=None
[2024-06-18T14:13:16.141+0545] {processor.py:183} INFO - Processing /home/prabal/afenv/lib/python3.10/site-packages/airflow/example_dags/tutorial_dag.py took 0.129 seconds
[2024-06-18T14:14:09.249+0545] {processor.py:161} INFO - Started process (PID=23304) to work on /home/prabal/afenv/lib/python3.10/site-packages/airflow/example_dags/tutorial_dag.py
[2024-06-18T14:14:09.262+0545] {processor.py:830} INFO - Processing file /home/prabal/afenv/lib/python3.10/site-packages/airflow/example_dags/tutorial_dag.py for tasks to queue
[2024-06-18T14:14:09.265+0545] {logging_mixin.py:188} INFO - [2024-06-18T14:14:09.264+0545] {dagbag.py:545} INFO - Filling up the DagBag from /home/prabal/afenv/lib/python3.10/site-packages/airflow/example_dags/tutorial_dag.py
[2024-06-18T14:14:09.277+0545] {processor.py:840} INFO - DAG(s) 'tutorial_dag' retrieved from /home/prabal/afenv/lib/python3.10/site-packages/airflow/example_dags/tutorial_dag.py
[2024-06-18T14:14:09.311+0545] {logging_mixin.py:188} INFO - [2024-06-18T14:14:09.310+0545] {dag.py:3096} INFO - Sync 1 DAGs
[2024-06-18T14:14:09.338+0545] {logging_mixin.py:188} INFO - [2024-06-18T14:14:09.337+0545] {dag.py:3954} INFO - Setting next_dagrun for tutorial_dag to None, run_after=None
[2024-06-18T14:14:09.372+0545] {processor.py:183} INFO - Processing /home/prabal/afenv/lib/python3.10/site-packages/airflow/example_dags/tutorial_dag.py took 0.138 seconds
[2024-06-18T14:14:59.693+0545] {processor.py:161} INFO - Started process (PID=23548) to work on /home/prabal/afenv/lib/python3.10/site-packages/airflow/example_dags/tutorial_dag.py
[2024-06-18T14:14:59.707+0545] {processor.py:830} INFO - Processing file /home/prabal/afenv/lib/python3.10/site-packages/airflow/example_dags/tutorial_dag.py for tasks to queue
[2024-06-18T14:14:59.710+0545] {logging_mixin.py:188} INFO - [2024-06-18T14:14:59.709+0545] {dagbag.py:545} INFO - Filling up the DagBag from /home/prabal/afenv/lib/python3.10/site-packages/airflow/example_dags/tutorial_dag.py
[2024-06-18T14:14:59.722+0545] {processor.py:840} INFO - DAG(s) 'tutorial_dag' retrieved from /home/prabal/afenv/lib/python3.10/site-packages/airflow/example_dags/tutorial_dag.py
[2024-06-18T14:14:59.749+0545] {logging_mixin.py:188} INFO - [2024-06-18T14:14:59.748+0545] {dag.py:3096} INFO - Sync 1 DAGs
[2024-06-18T14:14:59.758+0545] {logging_mixin.py:188} INFO - [2024-06-18T14:14:59.758+0545] {dag.py:3954} INFO - Setting next_dagrun for tutorial_dag to None, run_after=None
[2024-06-18T14:14:59.796+0545] {processor.py:183} INFO - Processing /home/prabal/afenv/lib/python3.10/site-packages/airflow/example_dags/tutorial_dag.py took 0.117 seconds
[2024-06-18T14:16:09.811+0545] {processor.py:161} INFO - Started process (PID=23909) to work on /home/prabal/afenv/lib/python3.10/site-packages/airflow/example_dags/tutorial_dag.py
[2024-06-18T14:16:09.824+0545] {processor.py:830} INFO - Processing file /home/prabal/afenv/lib/python3.10/site-packages/airflow/example_dags/tutorial_dag.py for tasks to queue
[2024-06-18T14:16:09.827+0545] {logging_mixin.py:188} INFO - [2024-06-18T14:16:09.827+0545] {dagbag.py:545} INFO - Filling up the DagBag from /home/prabal/afenv/lib/python3.10/site-packages/airflow/example_dags/tutorial_dag.py
[2024-06-18T14:16:09.840+0545] {processor.py:840} INFO - DAG(s) 'tutorial_dag' retrieved from /home/prabal/afenv/lib/python3.10/site-packages/airflow/example_dags/tutorial_dag.py
[2024-06-18T14:16:09.873+0545] {logging_mixin.py:188} INFO - [2024-06-18T14:16:09.872+0545] {dag.py:3096} INFO - Sync 1 DAGs
[2024-06-18T14:16:09.888+0545] {logging_mixin.py:188} INFO - [2024-06-18T14:16:09.888+0545] {dag.py:3954} INFO - Setting next_dagrun for tutorial_dag to None, run_after=None
[2024-06-18T14:16:09.907+0545] {processor.py:183} INFO - Processing /home/prabal/afenv/lib/python3.10/site-packages/airflow/example_dags/tutorial_dag.py took 0.110 seconds
[2024-06-18T14:17:04.068+0545] {processor.py:161} INFO - Started process (PID=24172) to work on /home/prabal/afenv/lib/python3.10/site-packages/airflow/example_dags/tutorial_dag.py
[2024-06-18T14:17:04.082+0545] {processor.py:830} INFO - Processing file /home/prabal/afenv/lib/python3.10/site-packages/airflow/example_dags/tutorial_dag.py for tasks to queue
[2024-06-18T14:17:04.086+0545] {logging_mixin.py:188} INFO - [2024-06-18T14:17:04.084+0545] {dagbag.py:545} INFO - Filling up the DagBag from /home/prabal/afenv/lib/python3.10/site-packages/airflow/example_dags/tutorial_dag.py
[2024-06-18T14:17:04.098+0545] {processor.py:840} INFO - DAG(s) 'tutorial_dag' retrieved from /home/prabal/afenv/lib/python3.10/site-packages/airflow/example_dags/tutorial_dag.py
[2024-06-18T14:17:04.120+0545] {logging_mixin.py:188} INFO - [2024-06-18T14:17:04.120+0545] {dag.py:3096} INFO - Sync 1 DAGs
[2024-06-18T14:17:04.130+0545] {logging_mixin.py:188} INFO - [2024-06-18T14:17:04.130+0545] {dag.py:3954} INFO - Setting next_dagrun for tutorial_dag to None, run_after=None
[2024-06-18T14:17:04.153+0545] {processor.py:183} INFO - Processing /home/prabal/afenv/lib/python3.10/site-packages/airflow/example_dags/tutorial_dag.py took 0.099 seconds
[2024-06-18T14:17:59.426+0545] {processor.py:161} INFO - Started process (PID=24435) to work on /home/prabal/afenv/lib/python3.10/site-packages/airflow/example_dags/tutorial_dag.py
[2024-06-18T14:17:59.439+0545] {processor.py:830} INFO - Processing file /home/prabal/afenv/lib/python3.10/site-packages/airflow/example_dags/tutorial_dag.py for tasks to queue
[2024-06-18T14:17:59.443+0545] {logging_mixin.py:188} INFO - [2024-06-18T14:17:59.442+0545] {dagbag.py:545} INFO - Filling up the DagBag from /home/prabal/afenv/lib/python3.10/site-packages/airflow/example_dags/tutorial_dag.py
[2024-06-18T14:17:59.457+0545] {processor.py:840} INFO - DAG(s) 'tutorial_dag' retrieved from /home/prabal/afenv/lib/python3.10/site-packages/airflow/example_dags/tutorial_dag.py
[2024-06-18T14:17:59.489+0545] {logging_mixin.py:188} INFO - [2024-06-18T14:17:59.489+0545] {dag.py:3096} INFO - Sync 1 DAGs
[2024-06-18T14:17:59.502+0545] {logging_mixin.py:188} INFO - [2024-06-18T14:17:59.502+0545] {dag.py:3954} INFO - Setting next_dagrun for tutorial_dag to None, run_after=None
[2024-06-18T14:17:59.522+0545] {processor.py:183} INFO - Processing /home/prabal/afenv/lib/python3.10/site-packages/airflow/example_dags/tutorial_dag.py took 0.110 seconds
[2024-06-18T14:18:54.241+0545] {processor.py:161} INFO - Started process (PID=24700) to work on /home/prabal/afenv/lib/python3.10/site-packages/airflow/example_dags/tutorial_dag.py
[2024-06-18T14:18:54.254+0545] {processor.py:830} INFO - Processing file /home/prabal/afenv/lib/python3.10/site-packages/airflow/example_dags/tutorial_dag.py for tasks to queue
[2024-06-18T14:18:54.258+0545] {logging_mixin.py:188} INFO - [2024-06-18T14:18:54.257+0545] {dagbag.py:545} INFO - Filling up the DagBag from /home/prabal/afenv/lib/python3.10/site-packages/airflow/example_dags/tutorial_dag.py
[2024-06-18T14:18:54.270+0545] {processor.py:840} INFO - DAG(s) 'tutorial_dag' retrieved from /home/prabal/afenv/lib/python3.10/site-packages/airflow/example_dags/tutorial_dag.py
[2024-06-18T14:18:54.288+0545] {logging_mixin.py:188} INFO - [2024-06-18T14:18:54.287+0545] {dag.py:3096} INFO - Sync 1 DAGs
[2024-06-18T14:18:54.313+0545] {logging_mixin.py:188} INFO - [2024-06-18T14:18:54.312+0545] {dag.py:3954} INFO - Setting next_dagrun for tutorial_dag to None, run_after=None
[2024-06-18T14:18:54.344+0545] {processor.py:183} INFO - Processing /home/prabal/afenv/lib/python3.10/site-packages/airflow/example_dags/tutorial_dag.py took 0.117 seconds
[2024-06-18T14:19:50.647+0545] {processor.py:161} INFO - Started process (PID=24968) to work on /home/prabal/afenv/lib/python3.10/site-packages/airflow/example_dags/tutorial_dag.py
[2024-06-18T14:19:50.661+0545] {processor.py:830} INFO - Processing file /home/prabal/afenv/lib/python3.10/site-packages/airflow/example_dags/tutorial_dag.py for tasks to queue
[2024-06-18T14:19:50.664+0545] {logging_mixin.py:188} INFO - [2024-06-18T14:19:50.663+0545] {dagbag.py:545} INFO - Filling up the DagBag from /home/prabal/afenv/lib/python3.10/site-packages/airflow/example_dags/tutorial_dag.py
[2024-06-18T14:19:50.678+0545] {processor.py:840} INFO - DAG(s) 'tutorial_dag' retrieved from /home/prabal/afenv/lib/python3.10/site-packages/airflow/example_dags/tutorial_dag.py
[2024-06-18T14:19:50.711+0545] {logging_mixin.py:188} INFO - [2024-06-18T14:19:50.710+0545] {dag.py:3096} INFO - Sync 1 DAGs
[2024-06-18T14:19:50.731+0545] {logging_mixin.py:188} INFO - [2024-06-18T14:19:50.731+0545] {dag.py:3954} INFO - Setting next_dagrun for tutorial_dag to None, run_after=None
[2024-06-18T14:19:50.759+0545] {processor.py:183} INFO - Processing /home/prabal/afenv/lib/python3.10/site-packages/airflow/example_dags/tutorial_dag.py took 0.125 seconds
[2024-06-18T14:20:40.825+0545] {processor.py:161} INFO - Started process (PID=25211) to work on /home/prabal/afenv/lib/python3.10/site-packages/airflow/example_dags/tutorial_dag.py
[2024-06-18T14:20:40.838+0545] {processor.py:830} INFO - Processing file /home/prabal/afenv/lib/python3.10/site-packages/airflow/example_dags/tutorial_dag.py for tasks to queue
[2024-06-18T14:20:40.842+0545] {logging_mixin.py:188} INFO - [2024-06-18T14:20:40.841+0545] {dagbag.py:545} INFO - Filling up the DagBag from /home/prabal/afenv/lib/python3.10/site-packages/airflow/example_dags/tutorial_dag.py
[2024-06-18T14:20:40.854+0545] {processor.py:840} INFO - DAG(s) 'tutorial_dag' retrieved from /home/prabal/afenv/lib/python3.10/site-packages/airflow/example_dags/tutorial_dag.py
[2024-06-18T14:20:40.872+0545] {logging_mixin.py:188} INFO - [2024-06-18T14:20:40.872+0545] {dag.py:3096} INFO - Sync 1 DAGs
[2024-06-18T14:20:40.883+0545] {logging_mixin.py:188} INFO - [2024-06-18T14:20:40.883+0545] {dag.py:3954} INFO - Setting next_dagrun for tutorial_dag to None, run_after=None
[2024-06-18T14:20:40.901+0545] {processor.py:183} INFO - Processing /home/prabal/afenv/lib/python3.10/site-packages/airflow/example_dags/tutorial_dag.py took 0.093 seconds
[2024-06-18T14:21:33.896+0545] {processor.py:161} INFO - Started process (PID=25465) to work on /home/prabal/afenv/lib/python3.10/site-packages/airflow/example_dags/tutorial_dag.py
[2024-06-18T14:21:33.910+0545] {processor.py:830} INFO - Processing file /home/prabal/afenv/lib/python3.10/site-packages/airflow/example_dags/tutorial_dag.py for tasks to queue
[2024-06-18T14:21:33.913+0545] {logging_mixin.py:188} INFO - [2024-06-18T14:21:33.912+0545] {dagbag.py:545} INFO - Filling up the DagBag from /home/prabal/afenv/lib/python3.10/site-packages/airflow/example_dags/tutorial_dag.py
[2024-06-18T14:21:33.926+0545] {processor.py:840} INFO - DAG(s) 'tutorial_dag' retrieved from /home/prabal/afenv/lib/python3.10/site-packages/airflow/example_dags/tutorial_dag.py
[2024-06-18T14:21:33.955+0545] {logging_mixin.py:188} INFO - [2024-06-18T14:21:33.954+0545] {dag.py:3096} INFO - Sync 1 DAGs
[2024-06-18T14:21:33.978+0545] {logging_mixin.py:188} INFO - [2024-06-18T14:21:33.978+0545] {dag.py:3954} INFO - Setting next_dagrun for tutorial_dag to None, run_after=None
[2024-06-18T14:21:34.008+0545] {processor.py:183} INFO - Processing /home/prabal/afenv/lib/python3.10/site-packages/airflow/example_dags/tutorial_dag.py took 0.125 seconds
[2024-06-18T14:22:30.187+0545] {processor.py:161} INFO - Started process (PID=25736) to work on /home/prabal/afenv/lib/python3.10/site-packages/airflow/example_dags/tutorial_dag.py
[2024-06-18T14:22:30.201+0545] {processor.py:830} INFO - Processing file /home/prabal/afenv/lib/python3.10/site-packages/airflow/example_dags/tutorial_dag.py for tasks to queue
[2024-06-18T14:22:30.205+0545] {logging_mixin.py:188} INFO - [2024-06-18T14:22:30.204+0545] {dagbag.py:545} INFO - Filling up the DagBag from /home/prabal/afenv/lib/python3.10/site-packages/airflow/example_dags/tutorial_dag.py
[2024-06-18T14:22:30.219+0545] {processor.py:840} INFO - DAG(s) 'tutorial_dag' retrieved from /home/prabal/afenv/lib/python3.10/site-packages/airflow/example_dags/tutorial_dag.py
[2024-06-18T14:22:30.254+0545] {logging_mixin.py:188} INFO - [2024-06-18T14:22:30.254+0545] {dag.py:3096} INFO - Sync 1 DAGs
[2024-06-18T14:22:30.275+0545] {logging_mixin.py:188} INFO - [2024-06-18T14:22:30.275+0545] {dag.py:3954} INFO - Setting next_dagrun for tutorial_dag to None, run_after=None
[2024-06-18T14:22:30.298+0545] {processor.py:183} INFO - Processing /home/prabal/afenv/lib/python3.10/site-packages/airflow/example_dags/tutorial_dag.py took 0.125 seconds
[2024-06-18T14:23:22.612+0545] {processor.py:161} INFO - Started process (PID=25992) to work on /home/prabal/afenv/lib/python3.10/site-packages/airflow/example_dags/tutorial_dag.py
[2024-06-18T14:23:22.625+0545] {processor.py:830} INFO - Processing file /home/prabal/afenv/lib/python3.10/site-packages/airflow/example_dags/tutorial_dag.py for tasks to queue
[2024-06-18T14:23:22.628+0545] {logging_mixin.py:188} INFO - [2024-06-18T14:23:22.627+0545] {dagbag.py:545} INFO - Filling up the DagBag from /home/prabal/afenv/lib/python3.10/site-packages/airflow/example_dags/tutorial_dag.py
[2024-06-18T14:23:22.641+0545] {processor.py:840} INFO - DAG(s) 'tutorial_dag' retrieved from /home/prabal/afenv/lib/python3.10/site-packages/airflow/example_dags/tutorial_dag.py
[2024-06-18T14:23:22.659+0545] {logging_mixin.py:188} INFO - [2024-06-18T14:23:22.659+0545] {dag.py:3096} INFO - Sync 1 DAGs
[2024-06-18T14:23:22.669+0545] {logging_mixin.py:188} INFO - [2024-06-18T14:23:22.669+0545] {dag.py:3954} INFO - Setting next_dagrun for tutorial_dag to None, run_after=None
[2024-06-18T14:23:22.687+0545] {processor.py:183} INFO - Processing /home/prabal/afenv/lib/python3.10/site-packages/airflow/example_dags/tutorial_dag.py took 0.089 seconds
[2024-06-18T14:24:15.695+0545] {processor.py:161} INFO - Started process (PID=26256) to work on /home/prabal/afenv/lib/python3.10/site-packages/airflow/example_dags/tutorial_dag.py
[2024-06-18T14:24:15.709+0545] {processor.py:830} INFO - Processing file /home/prabal/afenv/lib/python3.10/site-packages/airflow/example_dags/tutorial_dag.py for tasks to queue
[2024-06-18T14:24:15.713+0545] {logging_mixin.py:188} INFO - [2024-06-18T14:24:15.712+0545] {dagbag.py:545} INFO - Filling up the DagBag from /home/prabal/afenv/lib/python3.10/site-packages/airflow/example_dags/tutorial_dag.py
[2024-06-18T14:24:15.724+0545] {processor.py:840} INFO - DAG(s) 'tutorial_dag' retrieved from /home/prabal/afenv/lib/python3.10/site-packages/airflow/example_dags/tutorial_dag.py
[2024-06-18T14:24:15.753+0545] {logging_mixin.py:188} INFO - [2024-06-18T14:24:15.753+0545] {dag.py:3096} INFO - Sync 1 DAGs
[2024-06-18T14:24:15.776+0545] {logging_mixin.py:188} INFO - [2024-06-18T14:24:15.775+0545] {dag.py:3954} INFO - Setting next_dagrun for tutorial_dag to None, run_after=None
[2024-06-18T14:24:15.818+0545] {processor.py:183} INFO - Processing /home/prabal/afenv/lib/python3.10/site-packages/airflow/example_dags/tutorial_dag.py took 0.136 seconds
[2024-06-18T17:15:39.233+0545] {processor.py:161} INFO - Started process (PID=4018) to work on /home/prabal/afenv/lib/python3.10/site-packages/airflow/example_dags/tutorial_dag.py
[2024-06-18T17:15:39.236+0545] {processor.py:830} INFO - Processing file /home/prabal/afenv/lib/python3.10/site-packages/airflow/example_dags/tutorial_dag.py for tasks to queue
[2024-06-18T17:15:39.239+0545] {logging_mixin.py:188} INFO - [2024-06-18T17:15:39.238+0545] {dagbag.py:545} INFO - Filling up the DagBag from /home/prabal/afenv/lib/python3.10/site-packages/airflow/example_dags/tutorial_dag.py
[2024-06-18T17:15:39.259+0545] {processor.py:840} INFO - DAG(s) 'tutorial_dag' retrieved from /home/prabal/afenv/lib/python3.10/site-packages/airflow/example_dags/tutorial_dag.py
[2024-06-18T17:15:39.269+0545] {logging_mixin.py:188} INFO - [2024-06-18T17:15:39.269+0545] {dag.py:3096} INFO - Sync 1 DAGs
[2024-06-18T17:15:39.281+0545] {logging_mixin.py:188} INFO - [2024-06-18T17:15:39.281+0545] {dag.py:3954} INFO - Setting next_dagrun for tutorial_dag to None, run_after=None
[2024-06-18T17:15:39.307+0545] {processor.py:183} INFO - Processing /home/prabal/afenv/lib/python3.10/site-packages/airflow/example_dags/tutorial_dag.py took 0.087 seconds
[2024-06-18T17:17:20.871+0545] {processor.py:161} INFO - Started process (PID=4582) to work on /home/prabal/afenv/lib/python3.10/site-packages/airflow/example_dags/tutorial_dag.py
[2024-06-18T17:17:20.874+0545] {processor.py:830} INFO - Processing file /home/prabal/afenv/lib/python3.10/site-packages/airflow/example_dags/tutorial_dag.py for tasks to queue
[2024-06-18T17:17:20.878+0545] {logging_mixin.py:188} INFO - [2024-06-18T17:17:20.876+0545] {dagbag.py:545} INFO - Filling up the DagBag from /home/prabal/afenv/lib/python3.10/site-packages/airflow/example_dags/tutorial_dag.py
[2024-06-18T17:17:20.893+0545] {processor.py:840} INFO - DAG(s) 'tutorial_dag' retrieved from /home/prabal/afenv/lib/python3.10/site-packages/airflow/example_dags/tutorial_dag.py
[2024-06-18T17:17:21.143+0545] {logging_mixin.py:188} INFO - [2024-06-18T17:17:21.142+0545] {dag.py:3096} INFO - Sync 1 DAGs
[2024-06-18T17:17:21.316+0545] {logging_mixin.py:188} INFO - [2024-06-18T17:17:21.316+0545] {dag.py:3954} INFO - Setting next_dagrun for tutorial_dag to None, run_after=None
[2024-06-18T17:17:21.362+0545] {processor.py:183} INFO - Processing /home/prabal/afenv/lib/python3.10/site-packages/airflow/example_dags/tutorial_dag.py took 0.510 seconds
[2024-06-18T17:18:22.943+0545] {processor.py:161} INFO - Started process (PID=4934) to work on /home/prabal/afenv/lib/python3.10/site-packages/airflow/example_dags/tutorial_dag.py
[2024-06-18T17:18:22.956+0545] {processor.py:830} INFO - Processing file /home/prabal/afenv/lib/python3.10/site-packages/airflow/example_dags/tutorial_dag.py for tasks to queue
[2024-06-18T17:18:22.959+0545] {logging_mixin.py:188} INFO - [2024-06-18T17:18:22.958+0545] {dagbag.py:545} INFO - Filling up the DagBag from /home/prabal/afenv/lib/python3.10/site-packages/airflow/example_dags/tutorial_dag.py
[2024-06-18T17:18:22.970+0545] {processor.py:840} INFO - DAG(s) 'tutorial_dag' retrieved from /home/prabal/afenv/lib/python3.10/site-packages/airflow/example_dags/tutorial_dag.py
[2024-06-18T17:18:23.001+0545] {logging_mixin.py:188} INFO - [2024-06-18T17:18:23.000+0545] {dag.py:3096} INFO - Sync 1 DAGs
[2024-06-18T17:18:23.026+0545] {logging_mixin.py:188} INFO - [2024-06-18T17:18:23.025+0545] {dag.py:3954} INFO - Setting next_dagrun for tutorial_dag to None, run_after=None
[2024-06-18T17:18:23.124+0545] {processor.py:183} INFO - Processing /home/prabal/afenv/lib/python3.10/site-packages/airflow/example_dags/tutorial_dag.py took 0.193 seconds
[2024-06-18T17:19:22.679+0545] {processor.py:161} INFO - Started process (PID=5584) to work on /home/prabal/afenv/lib/python3.10/site-packages/airflow/example_dags/tutorial_dag.py
[2024-06-18T17:19:22.692+0545] {processor.py:830} INFO - Processing file /home/prabal/afenv/lib/python3.10/site-packages/airflow/example_dags/tutorial_dag.py for tasks to queue
[2024-06-18T17:19:22.694+0545] {logging_mixin.py:188} INFO - [2024-06-18T17:19:22.693+0545] {dagbag.py:545} INFO - Filling up the DagBag from /home/prabal/afenv/lib/python3.10/site-packages/airflow/example_dags/tutorial_dag.py
[2024-06-18T17:19:22.705+0545] {processor.py:840} INFO - DAG(s) 'tutorial_dag' retrieved from /home/prabal/afenv/lib/python3.10/site-packages/airflow/example_dags/tutorial_dag.py
[2024-06-18T17:19:22.731+0545] {logging_mixin.py:188} INFO - [2024-06-18T17:19:22.731+0545] {dag.py:3096} INFO - Sync 1 DAGs
[2024-06-18T17:19:22.747+0545] {logging_mixin.py:188} INFO - [2024-06-18T17:19:22.746+0545] {dag.py:3954} INFO - Setting next_dagrun for tutorial_dag to None, run_after=None
[2024-06-18T17:19:22.786+0545] {processor.py:183} INFO - Processing /home/prabal/afenv/lib/python3.10/site-packages/airflow/example_dags/tutorial_dag.py took 0.119 seconds
[2024-06-18T17:20:16.396+0545] {processor.py:161} INFO - Started process (PID=6286) to work on /home/prabal/afenv/lib/python3.10/site-packages/airflow/example_dags/tutorial_dag.py
[2024-06-18T17:20:16.399+0545] {processor.py:830} INFO - Processing file /home/prabal/afenv/lib/python3.10/site-packages/airflow/example_dags/tutorial_dag.py for tasks to queue
[2024-06-18T17:20:16.400+0545] {logging_mixin.py:188} INFO - [2024-06-18T17:20:16.400+0545] {dagbag.py:545} INFO - Filling up the DagBag from /home/prabal/afenv/lib/python3.10/site-packages/airflow/example_dags/tutorial_dag.py
[2024-06-18T17:20:16.413+0545] {processor.py:840} INFO - DAG(s) 'tutorial_dag' retrieved from /home/prabal/afenv/lib/python3.10/site-packages/airflow/example_dags/tutorial_dag.py
[2024-06-18T17:20:16.441+0545] {logging_mixin.py:188} INFO - [2024-06-18T17:20:16.440+0545] {dag.py:3096} INFO - Sync 1 DAGs
[2024-06-18T17:20:16.452+0545] {logging_mixin.py:188} INFO - [2024-06-18T17:20:16.451+0545] {dag.py:3954} INFO - Setting next_dagrun for tutorial_dag to None, run_after=None
[2024-06-18T17:20:16.470+0545] {processor.py:183} INFO - Processing /home/prabal/afenv/lib/python3.10/site-packages/airflow/example_dags/tutorial_dag.py took 0.086 seconds
[2024-06-18T17:21:50.665+0545] {processor.py:161} INFO - Started process (PID=6948) to work on /home/prabal/afenv/lib/python3.10/site-packages/airflow/example_dags/tutorial_dag.py
[2024-06-18T17:21:50.667+0545] {processor.py:830} INFO - Processing file /home/prabal/afenv/lib/python3.10/site-packages/airflow/example_dags/tutorial_dag.py for tasks to queue
[2024-06-18T17:21:50.670+0545] {logging_mixin.py:188} INFO - [2024-06-18T17:21:50.669+0545] {dagbag.py:545} INFO - Filling up the DagBag from /home/prabal/afenv/lib/python3.10/site-packages/airflow/example_dags/tutorial_dag.py
[2024-06-18T17:21:50.690+0545] {processor.py:840} INFO - DAG(s) 'tutorial_dag' retrieved from /home/prabal/afenv/lib/python3.10/site-packages/airflow/example_dags/tutorial_dag.py
[2024-06-18T17:21:50.702+0545] {logging_mixin.py:188} INFO - [2024-06-18T17:21:50.702+0545] {dag.py:3096} INFO - Sync 1 DAGs
[2024-06-18T17:21:50.717+0545] {logging_mixin.py:188} INFO - [2024-06-18T17:21:50.717+0545] {dag.py:3954} INFO - Setting next_dagrun for tutorial_dag to None, run_after=None
[2024-06-18T17:21:50.737+0545] {processor.py:183} INFO - Processing /home/prabal/afenv/lib/python3.10/site-packages/airflow/example_dags/tutorial_dag.py took 0.083 seconds
[2024-06-18T17:22:56.869+0545] {processor.py:161} INFO - Started process (PID=7302) to work on /home/prabal/afenv/lib/python3.10/site-packages/airflow/example_dags/tutorial_dag.py
[2024-06-18T17:22:56.882+0545] {processor.py:830} INFO - Processing file /home/prabal/afenv/lib/python3.10/site-packages/airflow/example_dags/tutorial_dag.py for tasks to queue
[2024-06-18T17:22:56.886+0545] {logging_mixin.py:188} INFO - [2024-06-18T17:22:56.886+0545] {dagbag.py:545} INFO - Filling up the DagBag from /home/prabal/afenv/lib/python3.10/site-packages/airflow/example_dags/tutorial_dag.py
[2024-06-18T17:22:56.901+0545] {processor.py:840} INFO - DAG(s) 'tutorial_dag' retrieved from /home/prabal/afenv/lib/python3.10/site-packages/airflow/example_dags/tutorial_dag.py
[2024-06-18T17:22:57.067+0545] {logging_mixin.py:188} INFO - [2024-06-18T17:22:57.066+0545] {dag.py:3096} INFO - Sync 1 DAGs
[2024-06-18T17:22:57.239+0545] {logging_mixin.py:188} INFO - [2024-06-18T17:22:57.239+0545] {dag.py:3954} INFO - Setting next_dagrun for tutorial_dag to None, run_after=None
[2024-06-18T17:22:57.291+0545] {processor.py:183} INFO - Processing /home/prabal/afenv/lib/python3.10/site-packages/airflow/example_dags/tutorial_dag.py took 0.439 seconds
[2024-06-18T17:23:39.954+0545] {processor.py:161} INFO - Started process (PID=7508) to work on /home/prabal/afenv/lib/python3.10/site-packages/airflow/example_dags/tutorial_dag.py
[2024-06-18T17:23:39.968+0545] {processor.py:830} INFO - Processing file /home/prabal/afenv/lib/python3.10/site-packages/airflow/example_dags/tutorial_dag.py for tasks to queue
[2024-06-18T17:23:39.972+0545] {logging_mixin.py:188} INFO - [2024-06-18T17:23:39.971+0545] {dagbag.py:545} INFO - Filling up the DagBag from /home/prabal/afenv/lib/python3.10/site-packages/airflow/example_dags/tutorial_dag.py
[2024-06-18T17:23:39.985+0545] {processor.py:840} INFO - DAG(s) 'tutorial_dag' retrieved from /home/prabal/afenv/lib/python3.10/site-packages/airflow/example_dags/tutorial_dag.py
[2024-06-18T17:23:40.014+0545] {logging_mixin.py:188} INFO - [2024-06-18T17:23:40.014+0545] {dag.py:3096} INFO - Sync 1 DAGs
[2024-06-18T17:23:40.025+0545] {logging_mixin.py:188} INFO - [2024-06-18T17:23:40.025+0545] {dag.py:3954} INFO - Setting next_dagrun for tutorial_dag to None, run_after=None
[2024-06-18T17:23:40.048+0545] {processor.py:183} INFO - Processing /home/prabal/afenv/lib/python3.10/site-packages/airflow/example_dags/tutorial_dag.py took 0.110 seconds
