[2024-06-18T13:48:51.657+0545] {local_task_job_runner.py:120} INFO - ::group::Pre task execution logs
[2024-06-18T13:48:51.675+0545] {taskinstance.py:2076} INFO - Dependencies all met for dep_context=non-requeueable deps ti=<TaskInstance: Backup_Database.parse_task scheduled__2024-06-18T07:50:00+00:00 [queued]>
[2024-06-18T13:48:51.683+0545] {taskinstance.py:2076} INFO - Dependencies all met for dep_context=requeueable deps ti=<TaskInstance: Backup_Database.parse_task scheduled__2024-06-18T07:50:00+00:00 [queued]>
[2024-06-18T13:48:51.683+0545] {taskinstance.py:2306} INFO - Starting attempt 1 of 2
[2024-06-18T13:48:51.700+0545] {taskinstance.py:2330} INFO - Executing <Task(PythonOperator): parse_task> on 2024-06-18 07:50:00+00:00
[2024-06-18T13:48:51.703+0545] {standard_task_runner.py:63} INFO - Started process 16086 to run task
[2024-06-18T13:48:51.709+0545] {standard_task_runner.py:90} INFO - Running: ['airflow', 'tasks', 'run', 'Backup_Database', 'parse_task', 'scheduled__2024-06-18T07:50:00+00:00', '--job-id', '3', '--raw', '--subdir', 'DAGS_FOLDER/backup.py', '--cfg-path', '/tmp/tmp1coxlezu']
[2024-06-18T13:48:51.710+0545] {standard_task_runner.py:91} INFO - Job 3: Subtask parse_task
[2024-06-18T13:48:51.768+0545] {task_command.py:426} INFO - Running <TaskInstance: Backup_Database.parse_task scheduled__2024-06-18T07:50:00+00:00 [running]> on host PRABAL-10.
[2024-06-18T13:48:51.827+0545] {taskinstance.py:2648} INFO - Exporting env vars: AIRFLOW_CTX_DAG_OWNER='prabal' AIRFLOW_CTX_DAG_ID='Backup_Database' AIRFLOW_CTX_TASK_ID='parse_task' AIRFLOW_CTX_EXECUTION_DATE='2024-06-18T07:50:00+00:00' AIRFLOW_CTX_TRY_NUMBER='1' AIRFLOW_CTX_DAG_RUN_ID='scheduled__2024-06-18T07:50:00+00:00'
[2024-06-18T13:48:51.828+0545] {taskinstance.py:430} INFO - ::endgroup::
[2024-06-18T13:48:51.840+0545] {python.py:237} INFO - Done. Returned value was: None
[2024-06-18T13:48:51.840+0545] {taskinstance.py:441} INFO - ::group::Post task execution logs
[2024-06-18T13:48:51.846+0545] {taskinstance.py:1206} INFO - Marking task as SUCCESS. dag_id=Backup_Database, task_id=parse_task, run_id=scheduled__2024-06-18T07:50:00+00:00, execution_date=20240618T075000, start_date=20240618T080351, end_date=20240618T080351
[2024-06-18T13:48:51.882+0545] {local_task_job_runner.py:240} INFO - Task exited with return code 0
[2024-06-18T13:48:51.904+0545] {taskinstance.py:3503} INFO - 1 downstream tasks scheduled from follow-on schedule check
[2024-06-18T13:48:51.908+0545] {local_task_job_runner.py:222} INFO - ::endgroup::
[2024-06-18T13:51:36.276+0545] {local_task_job_runner.py:120} INFO - ::group::Pre task execution logs
[2024-06-18T13:51:36.313+0545] {taskinstance.py:2076} INFO - Dependencies all met for dep_context=non-requeueable deps ti=<TaskInstance: Backup_Database.parse_task scheduled__2024-06-18T07:50:00+00:00 [queued]>
[2024-06-18T13:51:36.322+0545] {taskinstance.py:2076} INFO - Dependencies all met for dep_context=requeueable deps ti=<TaskInstance: Backup_Database.parse_task scheduled__2024-06-18T07:50:00+00:00 [queued]>
[2024-06-18T13:51:36.322+0545] {taskinstance.py:2306} INFO - Starting attempt 1 of 2
[2024-06-18T13:51:36.335+0545] {taskinstance.py:2330} INFO - Executing <Task(PythonOperator): parse_task> on 2024-06-18 07:50:00+00:00
[2024-06-18T13:51:36.337+0545] {standard_task_runner.py:63} INFO - Started process 16891 to run task
[2024-06-18T13:51:36.341+0545] {standard_task_runner.py:90} INFO - Running: ['airflow', 'tasks', 'run', 'Backup_Database', 'parse_task', 'scheduled__2024-06-18T07:50:00+00:00', '--job-id', '3', '--raw', '--subdir', 'DAGS_FOLDER/backup.py', '--cfg-path', '/tmp/tmpy3664ma9']
[2024-06-18T13:51:36.341+0545] {standard_task_runner.py:91} INFO - Job 3: Subtask parse_task
[2024-06-18T13:51:36.381+0545] {task_command.py:426} INFO - Running <TaskInstance: Backup_Database.parse_task scheduled__2024-06-18T07:50:00+00:00 [running]> on host PRABAL-10.
[2024-06-18T13:51:36.484+0545] {taskinstance.py:2648} INFO - Exporting env vars: AIRFLOW_CTX_DAG_OWNER='prabal' AIRFLOW_CTX_DAG_ID='Backup_Database' AIRFLOW_CTX_TASK_ID='parse_task' AIRFLOW_CTX_EXECUTION_DATE='2024-06-18T07:50:00+00:00' AIRFLOW_CTX_TRY_NUMBER='1' AIRFLOW_CTX_DAG_RUN_ID='scheduled__2024-06-18T07:50:00+00:00'
[2024-06-18T13:51:36.486+0545] {taskinstance.py:430} INFO - ::endgroup::
[2024-06-18T13:51:36.503+0545] {python.py:237} INFO - Done. Returned value was: None
[2024-06-18T13:51:36.503+0545] {taskinstance.py:441} INFO - ::group::Post task execution logs
[2024-06-18T13:51:36.506+0545] {taskinstance.py:1206} INFO - Marking task as SUCCESS. dag_id=Backup_Database, task_id=parse_task, run_id=scheduled__2024-06-18T07:50:00+00:00, execution_date=20240618T075000, start_date=20240618T080636, end_date=20240618T080636
[2024-06-18T13:51:36.554+0545] {local_task_job_runner.py:240} INFO - Task exited with return code 0
[2024-06-18T13:51:36.583+0545] {taskinstance.py:3503} INFO - 1 downstream tasks scheduled from follow-on schedule check
[2024-06-18T13:51:36.591+0545] {local_task_job_runner.py:222} INFO - ::endgroup::
[2024-06-18T13:52:54.817+0545] {local_task_job_runner.py:120} INFO - ::group::Pre task execution logs
[2024-06-18T13:52:54.847+0545] {taskinstance.py:2076} INFO - Dependencies all met for dep_context=non-requeueable deps ti=<TaskInstance: Backup_Database.parse_task scheduled__2024-06-18T07:50:00+00:00 [queued]>
[2024-06-18T13:52:54.857+0545] {taskinstance.py:2076} INFO - Dependencies all met for dep_context=requeueable deps ti=<TaskInstance: Backup_Database.parse_task scheduled__2024-06-18T07:50:00+00:00 [queued]>
[2024-06-18T13:52:54.858+0545] {taskinstance.py:2306} INFO - Starting attempt 1 of 2
[2024-06-18T13:52:54.887+0545] {taskinstance.py:2330} INFO - Executing <Task(PythonOperator): parse_task> on 2024-06-18 07:50:00+00:00
[2024-06-18T13:52:54.891+0545] {standard_task_runner.py:63} INFO - Started process 17317 to run task
[2024-06-18T13:52:54.896+0545] {standard_task_runner.py:90} INFO - Running: ['airflow', 'tasks', 'run', 'Backup_Database', 'parse_task', 'scheduled__2024-06-18T07:50:00+00:00', '--job-id', '3', '--raw', '--subdir', 'DAGS_FOLDER/backup.py', '--cfg-path', '/tmp/tmp8zg_3d1h']
[2024-06-18T13:52:54.897+0545] {standard_task_runner.py:91} INFO - Job 3: Subtask parse_task
[2024-06-18T13:52:54.934+0545] {task_command.py:426} INFO - Running <TaskInstance: Backup_Database.parse_task scheduled__2024-06-18T07:50:00+00:00 [running]> on host PRABAL-10.
[2024-06-18T13:52:54.988+0545] {taskinstance.py:2648} INFO - Exporting env vars: AIRFLOW_CTX_DAG_OWNER='prabal' AIRFLOW_CTX_DAG_ID='Backup_Database' AIRFLOW_CTX_TASK_ID='parse_task' AIRFLOW_CTX_EXECUTION_DATE='2024-06-18T07:50:00+00:00' AIRFLOW_CTX_TRY_NUMBER='1' AIRFLOW_CTX_DAG_RUN_ID='scheduled__2024-06-18T07:50:00+00:00'
[2024-06-18T13:52:54.989+0545] {taskinstance.py:430} INFO - ::endgroup::
[2024-06-18T13:52:55.001+0545] {python.py:237} INFO - Done. Returned value was: None
[2024-06-18T13:52:55.002+0545] {taskinstance.py:441} INFO - ::group::Post task execution logs
[2024-06-18T13:52:55.006+0545] {taskinstance.py:1206} INFO - Marking task as SUCCESS. dag_id=Backup_Database, task_id=parse_task, run_id=scheduled__2024-06-18T07:50:00+00:00, execution_date=20240618T075000, start_date=20240618T080754, end_date=20240618T080755
[2024-06-18T13:52:55.029+0545] {local_task_job_runner.py:240} INFO - Task exited with return code 0
[2024-06-18T13:52:55.055+0545] {taskinstance.py:3503} INFO - 1 downstream tasks scheduled from follow-on schedule check
[2024-06-18T13:52:55.061+0545] {local_task_job_runner.py:222} INFO - ::endgroup::
